[2025-02-24T03:54:25.521+0000] {processor.py:161} INFO - Started process (PID=90) to work on /home/airflow/.local/lib/python3.12/site-packages/airflow/example_dags/example_sensor_decorator.py
[2025-02-24T03:54:25.523+0000] {processor.py:830} INFO - Processing file /home/airflow/.local/lib/python3.12/site-packages/airflow/example_dags/example_sensor_decorator.py for tasks to queue
[2025-02-24T03:54:25.526+0000] {logging_mixin.py:188} INFO - [2025-02-24T03:54:25.526+0000] {dagbag.py:540} INFO - Filling up the DagBag from /home/airflow/.local/lib/python3.12/site-packages/airflow/example_dags/example_sensor_decorator.py
[2025-02-24T03:54:25.541+0000] {processor.py:840} INFO - DAG(s) 'example_sensor_decorator' retrieved from /home/airflow/.local/lib/python3.12/site-packages/airflow/example_dags/example_sensor_decorator.py
[2025-02-24T03:54:25.842+0000] {logging_mixin.py:188} INFO - [2025-02-24T03:54:25.840+0000] {override.py:1829} INFO - Created Permission View: can read on DAG:example_sensor_decorator
[2025-02-24T03:54:25.918+0000] {logging_mixin.py:188} INFO - [2025-02-24T03:54:25.916+0000] {override.py:1829} INFO - Created Permission View: can delete on DAG:example_sensor_decorator
[2025-02-24T03:54:25.953+0000] {logging_mixin.py:188} INFO - [2025-02-24T03:54:25.952+0000] {override.py:1829} INFO - Created Permission View: can edit on DAG:example_sensor_decorator
[2025-02-24T03:54:25.956+0000] {logging_mixin.py:188} INFO - [2025-02-24T03:54:25.955+0000] {dag.py:3096} INFO - Sync 1 DAGs
[2025-02-24T03:54:26.135+0000] {logging_mixin.py:188} INFO - [2025-02-24T03:54:26.134+0000] {dag.py:3118} INFO - Creating ORM DAG for example_sensor_decorator
[2025-02-24T03:54:26.138+0000] {logging_mixin.py:188} INFO - [2025-02-24T03:54:26.137+0000] {dag.py:3954} INFO - Setting next_dagrun for example_sensor_decorator to None, run_after=None
[2025-02-24T03:54:26.186+0000] {processor.py:183} INFO - Processing /home/airflow/.local/lib/python3.12/site-packages/airflow/example_dags/example_sensor_decorator.py took 0.673 seconds
[2025-02-24T03:54:57.871+0000] {processor.py:161} INFO - Started process (PID=149) to work on /home/airflow/.local/lib/python3.12/site-packages/airflow/example_dags/example_sensor_decorator.py
[2025-02-24T03:54:57.873+0000] {processor.py:830} INFO - Processing file /home/airflow/.local/lib/python3.12/site-packages/airflow/example_dags/example_sensor_decorator.py for tasks to queue
[2025-02-24T03:54:57.876+0000] {logging_mixin.py:188} INFO - [2025-02-24T03:54:57.875+0000] {dagbag.py:540} INFO - Filling up the DagBag from /home/airflow/.local/lib/python3.12/site-packages/airflow/example_dags/example_sensor_decorator.py
[2025-02-24T03:54:57.889+0000] {processor.py:840} INFO - DAG(s) 'example_sensor_decorator' retrieved from /home/airflow/.local/lib/python3.12/site-packages/airflow/example_dags/example_sensor_decorator.py
[2025-02-24T03:54:57.935+0000] {logging_mixin.py:188} INFO - [2025-02-24T03:54:57.934+0000] {dag.py:3096} INFO - Sync 1 DAGs
[2025-02-24T03:54:57.966+0000] {logging_mixin.py:188} INFO - [2025-02-24T03:54:57.966+0000] {dag.py:3954} INFO - Setting next_dagrun for example_sensor_decorator to None, run_after=None
[2025-02-24T03:54:58.014+0000] {processor.py:183} INFO - Processing /home/airflow/.local/lib/python3.12/site-packages/airflow/example_dags/example_sensor_decorator.py took 0.154 seconds
[2025-02-24T03:55:35.926+0000] {processor.py:161} INFO - Started process (PID=210) to work on /home/airflow/.local/lib/python3.12/site-packages/airflow/example_dags/example_sensor_decorator.py
[2025-02-24T03:55:35.928+0000] {processor.py:830} INFO - Processing file /home/airflow/.local/lib/python3.12/site-packages/airflow/example_dags/example_sensor_decorator.py for tasks to queue
[2025-02-24T03:55:35.930+0000] {logging_mixin.py:188} INFO - [2025-02-24T03:55:35.930+0000] {dagbag.py:540} INFO - Filling up the DagBag from /home/airflow/.local/lib/python3.12/site-packages/airflow/example_dags/example_sensor_decorator.py
[2025-02-24T03:55:35.959+0000] {processor.py:840} INFO - DAG(s) 'example_sensor_decorator' retrieved from /home/airflow/.local/lib/python3.12/site-packages/airflow/example_dags/example_sensor_decorator.py
[2025-02-24T03:55:36.034+0000] {logging_mixin.py:188} INFO - [2025-02-24T03:55:36.033+0000] {dag.py:3096} INFO - Sync 1 DAGs
[2025-02-24T03:55:36.054+0000] {logging_mixin.py:188} INFO - [2025-02-24T03:55:36.054+0000] {dag.py:3954} INFO - Setting next_dagrun for example_sensor_decorator to None, run_after=None
[2025-02-24T03:55:36.086+0000] {processor.py:183} INFO - Processing /home/airflow/.local/lib/python3.12/site-packages/airflow/example_dags/example_sensor_decorator.py took 0.182 seconds
[2025-02-24T03:56:13.723+0000] {processor.py:161} INFO - Started process (PID=270) to work on /home/airflow/.local/lib/python3.12/site-packages/airflow/example_dags/example_sensor_decorator.py
[2025-02-24T03:56:13.724+0000] {processor.py:830} INFO - Processing file /home/airflow/.local/lib/python3.12/site-packages/airflow/example_dags/example_sensor_decorator.py for tasks to queue
[2025-02-24T03:56:13.728+0000] {logging_mixin.py:188} INFO - [2025-02-24T03:56:13.727+0000] {dagbag.py:540} INFO - Filling up the DagBag from /home/airflow/.local/lib/python3.12/site-packages/airflow/example_dags/example_sensor_decorator.py
[2025-02-24T03:56:13.737+0000] {processor.py:840} INFO - DAG(s) 'example_sensor_decorator' retrieved from /home/airflow/.local/lib/python3.12/site-packages/airflow/example_dags/example_sensor_decorator.py
[2025-02-24T03:56:13.754+0000] {logging_mixin.py:188} INFO - [2025-02-24T03:56:13.754+0000] {dag.py:3096} INFO - Sync 1 DAGs
[2025-02-24T03:56:13.780+0000] {logging_mixin.py:188} INFO - [2025-02-24T03:56:13.780+0000] {dag.py:3954} INFO - Setting next_dagrun for example_sensor_decorator to None, run_after=None
[2025-02-24T03:56:13.810+0000] {processor.py:183} INFO - Processing /home/airflow/.local/lib/python3.12/site-packages/airflow/example_dags/example_sensor_decorator.py took 0.098 seconds
[2025-02-24T03:56:44.961+0000] {processor.py:161} INFO - Started process (PID=335) to work on /home/airflow/.local/lib/python3.12/site-packages/airflow/example_dags/example_sensor_decorator.py
[2025-02-24T03:56:44.962+0000] {processor.py:830} INFO - Processing file /home/airflow/.local/lib/python3.12/site-packages/airflow/example_dags/example_sensor_decorator.py for tasks to queue
[2025-02-24T03:56:44.965+0000] {logging_mixin.py:188} INFO - [2025-02-24T03:56:44.964+0000] {dagbag.py:540} INFO - Filling up the DagBag from /home/airflow/.local/lib/python3.12/site-packages/airflow/example_dags/example_sensor_decorator.py
[2025-02-24T03:56:44.973+0000] {processor.py:840} INFO - DAG(s) 'example_sensor_decorator' retrieved from /home/airflow/.local/lib/python3.12/site-packages/airflow/example_dags/example_sensor_decorator.py
[2025-02-24T03:56:45.132+0000] {logging_mixin.py:188} INFO - [2025-02-24T03:56:45.132+0000] {dag.py:3096} INFO - Sync 1 DAGs
[2025-02-24T03:56:45.148+0000] {logging_mixin.py:188} INFO - [2025-02-24T03:56:45.147+0000] {dag.py:3954} INFO - Setting next_dagrun for example_sensor_decorator to None, run_after=None
[2025-02-24T03:56:45.177+0000] {processor.py:183} INFO - Processing /home/airflow/.local/lib/python3.12/site-packages/airflow/example_dags/example_sensor_decorator.py took 0.225 seconds
[2025-02-24T03:57:16.214+0000] {processor.py:161} INFO - Started process (PID=395) to work on /home/airflow/.local/lib/python3.12/site-packages/airflow/example_dags/example_sensor_decorator.py
[2025-02-24T03:57:16.217+0000] {processor.py:830} INFO - Processing file /home/airflow/.local/lib/python3.12/site-packages/airflow/example_dags/example_sensor_decorator.py for tasks to queue
[2025-02-24T03:57:16.223+0000] {logging_mixin.py:188} INFO - [2025-02-24T03:57:16.222+0000] {dagbag.py:540} INFO - Filling up the DagBag from /home/airflow/.local/lib/python3.12/site-packages/airflow/example_dags/example_sensor_decorator.py
[2025-02-24T03:57:16.241+0000] {processor.py:840} INFO - DAG(s) 'example_sensor_decorator' retrieved from /home/airflow/.local/lib/python3.12/site-packages/airflow/example_dags/example_sensor_decorator.py
[2025-02-24T03:57:16.290+0000] {logging_mixin.py:188} INFO - [2025-02-24T03:57:16.289+0000] {dag.py:3096} INFO - Sync 1 DAGs
[2025-02-24T03:57:16.323+0000] {logging_mixin.py:188} INFO - [2025-02-24T03:57:16.323+0000] {dag.py:3954} INFO - Setting next_dagrun for example_sensor_decorator to None, run_after=None
[2025-02-24T03:57:16.363+0000] {processor.py:183} INFO - Processing /home/airflow/.local/lib/python3.12/site-packages/airflow/example_dags/example_sensor_decorator.py took 0.167 seconds
[2025-02-24T03:57:46.525+0000] {processor.py:161} INFO - Started process (PID=453) to work on /home/airflow/.local/lib/python3.12/site-packages/airflow/example_dags/example_sensor_decorator.py
[2025-02-24T03:57:46.526+0000] {processor.py:830} INFO - Processing file /home/airflow/.local/lib/python3.12/site-packages/airflow/example_dags/example_sensor_decorator.py for tasks to queue
[2025-02-24T03:57:46.532+0000] {logging_mixin.py:188} INFO - [2025-02-24T03:57:46.531+0000] {dagbag.py:540} INFO - Filling up the DagBag from /home/airflow/.local/lib/python3.12/site-packages/airflow/example_dags/example_sensor_decorator.py
[2025-02-24T03:57:46.543+0000] {processor.py:840} INFO - DAG(s) 'example_sensor_decorator' retrieved from /home/airflow/.local/lib/python3.12/site-packages/airflow/example_dags/example_sensor_decorator.py
[2025-02-24T03:57:46.574+0000] {logging_mixin.py:188} INFO - [2025-02-24T03:57:46.574+0000] {dag.py:3096} INFO - Sync 1 DAGs
[2025-02-24T03:57:46.596+0000] {logging_mixin.py:188} INFO - [2025-02-24T03:57:46.595+0000] {dag.py:3954} INFO - Setting next_dagrun for example_sensor_decorator to None, run_after=None
[2025-02-24T03:57:46.625+0000] {processor.py:183} INFO - Processing /home/airflow/.local/lib/python3.12/site-packages/airflow/example_dags/example_sensor_decorator.py took 0.108 seconds
[2025-02-24T03:58:17.484+0000] {processor.py:161} INFO - Started process (PID=513) to work on /home/airflow/.local/lib/python3.12/site-packages/airflow/example_dags/example_sensor_decorator.py
[2025-02-24T03:58:17.487+0000] {processor.py:830} INFO - Processing file /home/airflow/.local/lib/python3.12/site-packages/airflow/example_dags/example_sensor_decorator.py for tasks to queue
[2025-02-24T03:58:17.490+0000] {logging_mixin.py:188} INFO - [2025-02-24T03:58:17.489+0000] {dagbag.py:540} INFO - Filling up the DagBag from /home/airflow/.local/lib/python3.12/site-packages/airflow/example_dags/example_sensor_decorator.py
[2025-02-24T03:58:17.500+0000] {processor.py:840} INFO - DAG(s) 'example_sensor_decorator' retrieved from /home/airflow/.local/lib/python3.12/site-packages/airflow/example_dags/example_sensor_decorator.py
[2025-02-24T03:58:17.535+0000] {logging_mixin.py:188} INFO - [2025-02-24T03:58:17.534+0000] {dag.py:3096} INFO - Sync 1 DAGs
[2025-02-24T03:58:17.559+0000] {logging_mixin.py:188} INFO - [2025-02-24T03:58:17.558+0000] {dag.py:3954} INFO - Setting next_dagrun for example_sensor_decorator to None, run_after=None
[2025-02-24T03:58:17.593+0000] {processor.py:183} INFO - Processing /home/airflow/.local/lib/python3.12/site-packages/airflow/example_dags/example_sensor_decorator.py took 0.119 seconds
[2025-02-24T03:58:47.667+0000] {processor.py:161} INFO - Started process (PID=572) to work on /home/airflow/.local/lib/python3.12/site-packages/airflow/example_dags/example_sensor_decorator.py
[2025-02-24T03:58:47.679+0000] {processor.py:830} INFO - Processing file /home/airflow/.local/lib/python3.12/site-packages/airflow/example_dags/example_sensor_decorator.py for tasks to queue
[2025-02-24T03:58:47.681+0000] {logging_mixin.py:188} INFO - [2025-02-24T03:58:47.681+0000] {dagbag.py:540} INFO - Filling up the DagBag from /home/airflow/.local/lib/python3.12/site-packages/airflow/example_dags/example_sensor_decorator.py
[2025-02-24T03:58:47.690+0000] {processor.py:840} INFO - DAG(s) 'example_sensor_decorator' retrieved from /home/airflow/.local/lib/python3.12/site-packages/airflow/example_dags/example_sensor_decorator.py
[2025-02-24T03:58:47.713+0000] {logging_mixin.py:188} INFO - [2025-02-24T03:58:47.713+0000] {dag.py:3096} INFO - Sync 1 DAGs
[2025-02-24T03:58:47.728+0000] {logging_mixin.py:188} INFO - [2025-02-24T03:58:47.728+0000] {dag.py:3954} INFO - Setting next_dagrun for example_sensor_decorator to None, run_after=None
[2025-02-24T03:58:47.816+0000] {processor.py:183} INFO - Processing /home/airflow/.local/lib/python3.12/site-packages/airflow/example_dags/example_sensor_decorator.py took 0.159 seconds
[2025-02-24T03:59:18.772+0000] {processor.py:161} INFO - Started process (PID=633) to work on /home/airflow/.local/lib/python3.12/site-packages/airflow/example_dags/example_sensor_decorator.py
[2025-02-24T03:59:18.774+0000] {processor.py:830} INFO - Processing file /home/airflow/.local/lib/python3.12/site-packages/airflow/example_dags/example_sensor_decorator.py for tasks to queue
[2025-02-24T03:59:18.777+0000] {logging_mixin.py:188} INFO - [2025-02-24T03:59:18.776+0000] {dagbag.py:540} INFO - Filling up the DagBag from /home/airflow/.local/lib/python3.12/site-packages/airflow/example_dags/example_sensor_decorator.py
[2025-02-24T03:59:18.784+0000] {processor.py:840} INFO - DAG(s) 'example_sensor_decorator' retrieved from /home/airflow/.local/lib/python3.12/site-packages/airflow/example_dags/example_sensor_decorator.py
[2025-02-24T03:59:18.808+0000] {logging_mixin.py:188} INFO - [2025-02-24T03:59:18.808+0000] {dag.py:3096} INFO - Sync 1 DAGs
[2025-02-24T03:59:18.832+0000] {logging_mixin.py:188} INFO - [2025-02-24T03:59:18.831+0000] {dag.py:3954} INFO - Setting next_dagrun for example_sensor_decorator to None, run_after=None
[2025-02-24T03:59:18.857+0000] {processor.py:183} INFO - Processing /home/airflow/.local/lib/python3.12/site-packages/airflow/example_dags/example_sensor_decorator.py took 0.091 seconds
[2025-02-24T03:59:49.297+0000] {processor.py:161} INFO - Started process (PID=693) to work on /home/airflow/.local/lib/python3.12/site-packages/airflow/example_dags/example_sensor_decorator.py
[2025-02-24T03:59:49.298+0000] {processor.py:830} INFO - Processing file /home/airflow/.local/lib/python3.12/site-packages/airflow/example_dags/example_sensor_decorator.py for tasks to queue
[2025-02-24T03:59:49.301+0000] {logging_mixin.py:188} INFO - [2025-02-24T03:59:49.300+0000] {dagbag.py:540} INFO - Filling up the DagBag from /home/airflow/.local/lib/python3.12/site-packages/airflow/example_dags/example_sensor_decorator.py
[2025-02-24T03:59:49.309+0000] {processor.py:840} INFO - DAG(s) 'example_sensor_decorator' retrieved from /home/airflow/.local/lib/python3.12/site-packages/airflow/example_dags/example_sensor_decorator.py
[2025-02-24T03:59:49.334+0000] {logging_mixin.py:188} INFO - [2025-02-24T03:59:49.333+0000] {dag.py:3096} INFO - Sync 1 DAGs
[2025-02-24T03:59:49.350+0000] {logging_mixin.py:188} INFO - [2025-02-24T03:59:49.350+0000] {dag.py:3954} INFO - Setting next_dagrun for example_sensor_decorator to None, run_after=None
[2025-02-24T03:59:49.374+0000] {processor.py:183} INFO - Processing /home/airflow/.local/lib/python3.12/site-packages/airflow/example_dags/example_sensor_decorator.py took 0.085 seconds
[2025-02-24T04:00:20.098+0000] {processor.py:161} INFO - Started process (PID=753) to work on /home/airflow/.local/lib/python3.12/site-packages/airflow/example_dags/example_sensor_decorator.py
[2025-02-24T04:00:20.100+0000] {processor.py:830} INFO - Processing file /home/airflow/.local/lib/python3.12/site-packages/airflow/example_dags/example_sensor_decorator.py for tasks to queue
[2025-02-24T04:00:20.103+0000] {logging_mixin.py:188} INFO - [2025-02-24T04:00:20.102+0000] {dagbag.py:540} INFO - Filling up the DagBag from /home/airflow/.local/lib/python3.12/site-packages/airflow/example_dags/example_sensor_decorator.py
[2025-02-24T04:00:20.113+0000] {processor.py:840} INFO - DAG(s) 'example_sensor_decorator' retrieved from /home/airflow/.local/lib/python3.12/site-packages/airflow/example_dags/example_sensor_decorator.py
[2025-02-24T04:00:20.135+0000] {logging_mixin.py:188} INFO - [2025-02-24T04:00:20.135+0000] {dag.py:3096} INFO - Sync 1 DAGs
[2025-02-24T04:00:20.150+0000] {logging_mixin.py:188} INFO - [2025-02-24T04:00:20.150+0000] {dag.py:3954} INFO - Setting next_dagrun for example_sensor_decorator to None, run_after=None
[2025-02-24T04:00:20.171+0000] {processor.py:183} INFO - Processing /home/airflow/.local/lib/python3.12/site-packages/airflow/example_dags/example_sensor_decorator.py took 0.080 seconds
[2025-02-24T04:00:51.556+0000] {processor.py:161} INFO - Started process (PID=813) to work on /home/airflow/.local/lib/python3.12/site-packages/airflow/example_dags/example_sensor_decorator.py
[2025-02-24T04:00:51.558+0000] {processor.py:830} INFO - Processing file /home/airflow/.local/lib/python3.12/site-packages/airflow/example_dags/example_sensor_decorator.py for tasks to queue
[2025-02-24T04:00:51.562+0000] {logging_mixin.py:188} INFO - [2025-02-24T04:00:51.562+0000] {dagbag.py:540} INFO - Filling up the DagBag from /home/airflow/.local/lib/python3.12/site-packages/airflow/example_dags/example_sensor_decorator.py
[2025-02-24T04:00:51.571+0000] {processor.py:840} INFO - DAG(s) 'example_sensor_decorator' retrieved from /home/airflow/.local/lib/python3.12/site-packages/airflow/example_dags/example_sensor_decorator.py
[2025-02-24T04:00:51.607+0000] {logging_mixin.py:188} INFO - [2025-02-24T04:00:51.607+0000] {dag.py:3096} INFO - Sync 1 DAGs
[2025-02-24T04:00:51.637+0000] {logging_mixin.py:188} INFO - [2025-02-24T04:00:51.637+0000] {dag.py:3954} INFO - Setting next_dagrun for example_sensor_decorator to None, run_after=None
[2025-02-24T04:00:51.670+0000] {processor.py:183} INFO - Processing /home/airflow/.local/lib/python3.12/site-packages/airflow/example_dags/example_sensor_decorator.py took 0.126 seconds
[2025-02-24T04:01:21.757+0000] {processor.py:161} INFO - Started process (PID=875) to work on /home/airflow/.local/lib/python3.12/site-packages/airflow/example_dags/example_sensor_decorator.py
[2025-02-24T04:01:21.758+0000] {processor.py:830} INFO - Processing file /home/airflow/.local/lib/python3.12/site-packages/airflow/example_dags/example_sensor_decorator.py for tasks to queue
[2025-02-24T04:01:21.762+0000] {logging_mixin.py:188} INFO - [2025-02-24T04:01:21.761+0000] {dagbag.py:540} INFO - Filling up the DagBag from /home/airflow/.local/lib/python3.12/site-packages/airflow/example_dags/example_sensor_decorator.py
[2025-02-24T04:01:21.770+0000] {processor.py:840} INFO - DAG(s) 'example_sensor_decorator' retrieved from /home/airflow/.local/lib/python3.12/site-packages/airflow/example_dags/example_sensor_decorator.py
[2025-02-24T04:01:21.796+0000] {logging_mixin.py:188} INFO - [2025-02-24T04:01:21.796+0000] {dag.py:3096} INFO - Sync 1 DAGs
[2025-02-24T04:01:21.814+0000] {logging_mixin.py:188} INFO - [2025-02-24T04:01:21.813+0000] {dag.py:3954} INFO - Setting next_dagrun for example_sensor_decorator to None, run_after=None
[2025-02-24T04:01:21.838+0000] {processor.py:183} INFO - Processing /home/airflow/.local/lib/python3.12/site-packages/airflow/example_dags/example_sensor_decorator.py took 0.089 seconds
[2025-02-24T04:01:52.087+0000] {processor.py:161} INFO - Started process (PID=941) to work on /home/airflow/.local/lib/python3.12/site-packages/airflow/example_dags/example_sensor_decorator.py
[2025-02-24T04:01:52.088+0000] {processor.py:830} INFO - Processing file /home/airflow/.local/lib/python3.12/site-packages/airflow/example_dags/example_sensor_decorator.py for tasks to queue
[2025-02-24T04:01:52.091+0000] {logging_mixin.py:188} INFO - [2025-02-24T04:01:52.090+0000] {dagbag.py:540} INFO - Filling up the DagBag from /home/airflow/.local/lib/python3.12/site-packages/airflow/example_dags/example_sensor_decorator.py
[2025-02-24T04:01:52.099+0000] {processor.py:840} INFO - DAG(s) 'example_sensor_decorator' retrieved from /home/airflow/.local/lib/python3.12/site-packages/airflow/example_dags/example_sensor_decorator.py
[2025-02-24T04:01:52.122+0000] {logging_mixin.py:188} INFO - [2025-02-24T04:01:52.122+0000] {dag.py:3096} INFO - Sync 1 DAGs
[2025-02-24T04:01:52.137+0000] {logging_mixin.py:188} INFO - [2025-02-24T04:01:52.137+0000] {dag.py:3954} INFO - Setting next_dagrun for example_sensor_decorator to None, run_after=None
[2025-02-24T04:01:52.158+0000] {processor.py:183} INFO - Processing /home/airflow/.local/lib/python3.12/site-packages/airflow/example_dags/example_sensor_decorator.py took 0.077 seconds
[2025-02-24T04:02:22.352+0000] {processor.py:161} INFO - Started process (PID=995) to work on /home/airflow/.local/lib/python3.12/site-packages/airflow/example_dags/example_sensor_decorator.py
[2025-02-24T04:02:22.353+0000] {processor.py:830} INFO - Processing file /home/airflow/.local/lib/python3.12/site-packages/airflow/example_dags/example_sensor_decorator.py for tasks to queue
[2025-02-24T04:02:22.356+0000] {logging_mixin.py:188} INFO - [2025-02-24T04:02:22.355+0000] {dagbag.py:540} INFO - Filling up the DagBag from /home/airflow/.local/lib/python3.12/site-packages/airflow/example_dags/example_sensor_decorator.py
[2025-02-24T04:02:22.365+0000] {processor.py:840} INFO - DAG(s) 'example_sensor_decorator' retrieved from /home/airflow/.local/lib/python3.12/site-packages/airflow/example_dags/example_sensor_decorator.py
[2025-02-24T04:02:22.391+0000] {logging_mixin.py:188} INFO - [2025-02-24T04:02:22.390+0000] {dag.py:3096} INFO - Sync 1 DAGs
[2025-02-24T04:02:22.406+0000] {logging_mixin.py:188} INFO - [2025-02-24T04:02:22.405+0000] {dag.py:3954} INFO - Setting next_dagrun for example_sensor_decorator to None, run_after=None
[2025-02-24T04:02:22.431+0000] {processor.py:183} INFO - Processing /home/airflow/.local/lib/python3.12/site-packages/airflow/example_dags/example_sensor_decorator.py took 0.087 seconds
[2025-02-24T04:02:52.665+0000] {processor.py:161} INFO - Started process (PID=1055) to work on /home/airflow/.local/lib/python3.12/site-packages/airflow/example_dags/example_sensor_decorator.py
[2025-02-24T04:02:52.666+0000] {processor.py:830} INFO - Processing file /home/airflow/.local/lib/python3.12/site-packages/airflow/example_dags/example_sensor_decorator.py for tasks to queue
[2025-02-24T04:02:52.669+0000] {logging_mixin.py:188} INFO - [2025-02-24T04:02:52.669+0000] {dagbag.py:540} INFO - Filling up the DagBag from /home/airflow/.local/lib/python3.12/site-packages/airflow/example_dags/example_sensor_decorator.py
[2025-02-24T04:02:52.677+0000] {processor.py:840} INFO - DAG(s) 'example_sensor_decorator' retrieved from /home/airflow/.local/lib/python3.12/site-packages/airflow/example_dags/example_sensor_decorator.py
[2025-02-24T04:02:52.701+0000] {logging_mixin.py:188} INFO - [2025-02-24T04:02:52.701+0000] {dag.py:3096} INFO - Sync 1 DAGs
[2025-02-24T04:02:52.716+0000] {logging_mixin.py:188} INFO - [2025-02-24T04:02:52.716+0000] {dag.py:3954} INFO - Setting next_dagrun for example_sensor_decorator to None, run_after=None
[2025-02-24T04:02:52.740+0000] {processor.py:183} INFO - Processing /home/airflow/.local/lib/python3.12/site-packages/airflow/example_dags/example_sensor_decorator.py took 0.081 seconds
[2025-02-24T04:03:23.914+0000] {processor.py:161} INFO - Started process (PID=1112) to work on /home/airflow/.local/lib/python3.12/site-packages/airflow/example_dags/example_sensor_decorator.py
[2025-02-24T04:03:23.915+0000] {processor.py:830} INFO - Processing file /home/airflow/.local/lib/python3.12/site-packages/airflow/example_dags/example_sensor_decorator.py for tasks to queue
[2025-02-24T04:03:23.918+0000] {logging_mixin.py:188} INFO - [2025-02-24T04:03:23.917+0000] {dagbag.py:540} INFO - Filling up the DagBag from /home/airflow/.local/lib/python3.12/site-packages/airflow/example_dags/example_sensor_decorator.py
[2025-02-24T04:03:23.925+0000] {processor.py:840} INFO - DAG(s) 'example_sensor_decorator' retrieved from /home/airflow/.local/lib/python3.12/site-packages/airflow/example_dags/example_sensor_decorator.py
[2025-02-24T04:03:23.949+0000] {logging_mixin.py:188} INFO - [2025-02-24T04:03:23.949+0000] {dag.py:3096} INFO - Sync 1 DAGs
[2025-02-24T04:03:23.964+0000] {logging_mixin.py:188} INFO - [2025-02-24T04:03:23.964+0000] {dag.py:3954} INFO - Setting next_dagrun for example_sensor_decorator to None, run_after=None
[2025-02-24T04:03:23.990+0000] {processor.py:183} INFO - Processing /home/airflow/.local/lib/python3.12/site-packages/airflow/example_dags/example_sensor_decorator.py took 0.083 seconds
[2025-02-24T04:03:54.703+0000] {processor.py:161} INFO - Started process (PID=1169) to work on /home/airflow/.local/lib/python3.12/site-packages/airflow/example_dags/example_sensor_decorator.py
[2025-02-24T04:03:54.704+0000] {processor.py:830} INFO - Processing file /home/airflow/.local/lib/python3.12/site-packages/airflow/example_dags/example_sensor_decorator.py for tasks to queue
[2025-02-24T04:03:54.707+0000] {logging_mixin.py:188} INFO - [2025-02-24T04:03:54.706+0000] {dagbag.py:540} INFO - Filling up the DagBag from /home/airflow/.local/lib/python3.12/site-packages/airflow/example_dags/example_sensor_decorator.py
[2025-02-24T04:03:54.714+0000] {processor.py:840} INFO - DAG(s) 'example_sensor_decorator' retrieved from /home/airflow/.local/lib/python3.12/site-packages/airflow/example_dags/example_sensor_decorator.py
[2025-02-24T04:03:54.737+0000] {logging_mixin.py:188} INFO - [2025-02-24T04:03:54.736+0000] {dag.py:3096} INFO - Sync 1 DAGs
[2025-02-24T04:03:54.752+0000] {logging_mixin.py:188} INFO - [2025-02-24T04:03:54.751+0000] {dag.py:3954} INFO - Setting next_dagrun for example_sensor_decorator to None, run_after=None
[2025-02-24T04:03:54.774+0000] {processor.py:183} INFO - Processing /home/airflow/.local/lib/python3.12/site-packages/airflow/example_dags/example_sensor_decorator.py took 0.078 seconds
[2025-02-24T04:04:25.752+0000] {processor.py:161} INFO - Started process (PID=1230) to work on /home/airflow/.local/lib/python3.12/site-packages/airflow/example_dags/example_sensor_decorator.py
[2025-02-24T04:04:25.754+0000] {processor.py:830} INFO - Processing file /home/airflow/.local/lib/python3.12/site-packages/airflow/example_dags/example_sensor_decorator.py for tasks to queue
[2025-02-24T04:04:25.756+0000] {logging_mixin.py:188} INFO - [2025-02-24T04:04:25.756+0000] {dagbag.py:540} INFO - Filling up the DagBag from /home/airflow/.local/lib/python3.12/site-packages/airflow/example_dags/example_sensor_decorator.py
[2025-02-24T04:04:25.765+0000] {processor.py:840} INFO - DAG(s) 'example_sensor_decorator' retrieved from /home/airflow/.local/lib/python3.12/site-packages/airflow/example_dags/example_sensor_decorator.py
[2025-02-24T04:04:25.793+0000] {logging_mixin.py:188} INFO - [2025-02-24T04:04:25.793+0000] {dag.py:3096} INFO - Sync 1 DAGs
[2025-02-24T04:04:26.044+0000] {logging_mixin.py:188} INFO - [2025-02-24T04:04:26.043+0000] {dag.py:3954} INFO - Setting next_dagrun for example_sensor_decorator to None, run_after=None
[2025-02-24T04:04:26.066+0000] {processor.py:183} INFO - Processing /home/airflow/.local/lib/python3.12/site-packages/airflow/example_dags/example_sensor_decorator.py took 0.321 seconds
[2025-02-24T04:04:56.731+0000] {processor.py:161} INFO - Started process (PID=1290) to work on /home/airflow/.local/lib/python3.12/site-packages/airflow/example_dags/example_sensor_decorator.py
[2025-02-24T04:04:56.733+0000] {processor.py:830} INFO - Processing file /home/airflow/.local/lib/python3.12/site-packages/airflow/example_dags/example_sensor_decorator.py for tasks to queue
[2025-02-24T04:04:56.735+0000] {logging_mixin.py:188} INFO - [2025-02-24T04:04:56.735+0000] {dagbag.py:540} INFO - Filling up the DagBag from /home/airflow/.local/lib/python3.12/site-packages/airflow/example_dags/example_sensor_decorator.py
[2025-02-24T04:04:56.745+0000] {processor.py:840} INFO - DAG(s) 'example_sensor_decorator' retrieved from /home/airflow/.local/lib/python3.12/site-packages/airflow/example_dags/example_sensor_decorator.py
[2025-02-24T04:04:56.775+0000] {logging_mixin.py:188} INFO - [2025-02-24T04:04:56.774+0000] {dag.py:3096} INFO - Sync 1 DAGs
[2025-02-24T04:04:56.796+0000] {logging_mixin.py:188} INFO - [2025-02-24T04:04:56.796+0000] {dag.py:3954} INFO - Setting next_dagrun for example_sensor_decorator to None, run_after=None
[2025-02-24T04:04:56.824+0000] {processor.py:183} INFO - Processing /home/airflow/.local/lib/python3.12/site-packages/airflow/example_dags/example_sensor_decorator.py took 0.102 seconds
[2025-02-24T04:05:27.293+0000] {processor.py:161} INFO - Started process (PID=1349) to work on /home/airflow/.local/lib/python3.12/site-packages/airflow/example_dags/example_sensor_decorator.py
[2025-02-24T04:05:27.294+0000] {processor.py:830} INFO - Processing file /home/airflow/.local/lib/python3.12/site-packages/airflow/example_dags/example_sensor_decorator.py for tasks to queue
[2025-02-24T04:05:27.297+0000] {logging_mixin.py:188} INFO - [2025-02-24T04:05:27.297+0000] {dagbag.py:540} INFO - Filling up the DagBag from /home/airflow/.local/lib/python3.12/site-packages/airflow/example_dags/example_sensor_decorator.py
[2025-02-24T04:05:27.305+0000] {processor.py:840} INFO - DAG(s) 'example_sensor_decorator' retrieved from /home/airflow/.local/lib/python3.12/site-packages/airflow/example_dags/example_sensor_decorator.py
[2025-02-24T04:05:27.342+0000] {logging_mixin.py:188} INFO - [2025-02-24T04:05:27.342+0000] {dag.py:3096} INFO - Sync 1 DAGs
[2025-02-24T04:05:27.360+0000] {logging_mixin.py:188} INFO - [2025-02-24T04:05:27.360+0000] {dag.py:3954} INFO - Setting next_dagrun for example_sensor_decorator to None, run_after=None
[2025-02-24T04:05:27.384+0000] {processor.py:183} INFO - Processing /home/airflow/.local/lib/python3.12/site-packages/airflow/example_dags/example_sensor_decorator.py took 0.101 seconds
[2025-02-24T04:05:57.448+0000] {processor.py:161} INFO - Started process (PID=1408) to work on /home/airflow/.local/lib/python3.12/site-packages/airflow/example_dags/example_sensor_decorator.py
[2025-02-24T04:05:57.451+0000] {processor.py:830} INFO - Processing file /home/airflow/.local/lib/python3.12/site-packages/airflow/example_dags/example_sensor_decorator.py for tasks to queue
[2025-02-24T04:05:57.455+0000] {logging_mixin.py:188} INFO - [2025-02-24T04:05:57.455+0000] {dagbag.py:540} INFO - Filling up the DagBag from /home/airflow/.local/lib/python3.12/site-packages/airflow/example_dags/example_sensor_decorator.py
[2025-02-24T04:05:57.463+0000] {processor.py:840} INFO - DAG(s) 'example_sensor_decorator' retrieved from /home/airflow/.local/lib/python3.12/site-packages/airflow/example_dags/example_sensor_decorator.py
[2025-02-24T04:05:57.492+0000] {logging_mixin.py:188} INFO - [2025-02-24T04:05:57.491+0000] {dag.py:3096} INFO - Sync 1 DAGs
[2025-02-24T04:05:57.509+0000] {logging_mixin.py:188} INFO - [2025-02-24T04:05:57.508+0000] {dag.py:3954} INFO - Setting next_dagrun for example_sensor_decorator to None, run_after=None
[2025-02-24T04:05:57.548+0000] {processor.py:183} INFO - Processing /home/airflow/.local/lib/python3.12/site-packages/airflow/example_dags/example_sensor_decorator.py took 0.109 seconds
[2025-02-24T04:06:28.186+0000] {processor.py:161} INFO - Started process (PID=1468) to work on /home/airflow/.local/lib/python3.12/site-packages/airflow/example_dags/example_sensor_decorator.py
[2025-02-24T04:06:28.187+0000] {processor.py:830} INFO - Processing file /home/airflow/.local/lib/python3.12/site-packages/airflow/example_dags/example_sensor_decorator.py for tasks to queue
[2025-02-24T04:06:28.189+0000] {logging_mixin.py:188} INFO - [2025-02-24T04:06:28.189+0000] {dagbag.py:540} INFO - Filling up the DagBag from /home/airflow/.local/lib/python3.12/site-packages/airflow/example_dags/example_sensor_decorator.py
[2025-02-24T04:06:28.196+0000] {processor.py:840} INFO - DAG(s) 'example_sensor_decorator' retrieved from /home/airflow/.local/lib/python3.12/site-packages/airflow/example_dags/example_sensor_decorator.py
[2025-02-24T04:06:28.221+0000] {logging_mixin.py:188} INFO - [2025-02-24T04:06:28.220+0000] {dag.py:3096} INFO - Sync 1 DAGs
[2025-02-24T04:06:28.235+0000] {logging_mixin.py:188} INFO - [2025-02-24T04:06:28.235+0000] {dag.py:3954} INFO - Setting next_dagrun for example_sensor_decorator to None, run_after=None
[2025-02-24T04:06:28.258+0000] {processor.py:183} INFO - Processing /home/airflow/.local/lib/python3.12/site-packages/airflow/example_dags/example_sensor_decorator.py took 0.079 seconds
[2025-02-24T04:06:58.468+0000] {processor.py:161} INFO - Started process (PID=1534) to work on /home/airflow/.local/lib/python3.12/site-packages/airflow/example_dags/example_sensor_decorator.py
[2025-02-24T04:06:58.469+0000] {processor.py:830} INFO - Processing file /home/airflow/.local/lib/python3.12/site-packages/airflow/example_dags/example_sensor_decorator.py for tasks to queue
[2025-02-24T04:06:58.472+0000] {logging_mixin.py:188} INFO - [2025-02-24T04:06:58.472+0000] {dagbag.py:540} INFO - Filling up the DagBag from /home/airflow/.local/lib/python3.12/site-packages/airflow/example_dags/example_sensor_decorator.py
[2025-02-24T04:06:58.481+0000] {processor.py:840} INFO - DAG(s) 'example_sensor_decorator' retrieved from /home/airflow/.local/lib/python3.12/site-packages/airflow/example_dags/example_sensor_decorator.py
[2025-02-24T04:06:58.514+0000] {logging_mixin.py:188} INFO - [2025-02-24T04:06:58.513+0000] {dag.py:3096} INFO - Sync 1 DAGs
[2025-02-24T04:06:58.542+0000] {logging_mixin.py:188} INFO - [2025-02-24T04:06:58.542+0000] {dag.py:3954} INFO - Setting next_dagrun for example_sensor_decorator to None, run_after=None
[2025-02-24T04:06:58.582+0000] {processor.py:183} INFO - Processing /home/airflow/.local/lib/python3.12/site-packages/airflow/example_dags/example_sensor_decorator.py took 0.123 seconds
[2025-02-24T04:07:32.646+0000] {processor.py:161} INFO - Started process (PID=1594) to work on /home/airflow/.local/lib/python3.12/site-packages/airflow/example_dags/example_sensor_decorator.py
[2025-02-24T04:07:32.647+0000] {processor.py:830} INFO - Processing file /home/airflow/.local/lib/python3.12/site-packages/airflow/example_dags/example_sensor_decorator.py for tasks to queue
[2025-02-24T04:07:32.650+0000] {logging_mixin.py:188} INFO - [2025-02-24T04:07:32.650+0000] {dagbag.py:540} INFO - Filling up the DagBag from /home/airflow/.local/lib/python3.12/site-packages/airflow/example_dags/example_sensor_decorator.py
[2025-02-24T04:07:32.659+0000] {processor.py:840} INFO - DAG(s) 'example_sensor_decorator' retrieved from /home/airflow/.local/lib/python3.12/site-packages/airflow/example_dags/example_sensor_decorator.py
[2025-02-24T04:07:32.685+0000] {logging_mixin.py:188} INFO - [2025-02-24T04:07:32.684+0000] {dag.py:3096} INFO - Sync 1 DAGs
[2025-02-24T04:07:32.708+0000] {logging_mixin.py:188} INFO - [2025-02-24T04:07:32.707+0000] {dag.py:3954} INFO - Setting next_dagrun for example_sensor_decorator to None, run_after=None
[2025-02-24T04:07:32.757+0000] {processor.py:183} INFO - Processing /home/airflow/.local/lib/python3.12/site-packages/airflow/example_dags/example_sensor_decorator.py took 0.120 seconds
[2025-02-24T04:08:02.991+0000] {processor.py:161} INFO - Started process (PID=1653) to work on /home/airflow/.local/lib/python3.12/site-packages/airflow/example_dags/example_sensor_decorator.py
[2025-02-24T04:08:02.992+0000] {processor.py:830} INFO - Processing file /home/airflow/.local/lib/python3.12/site-packages/airflow/example_dags/example_sensor_decorator.py for tasks to queue
[2025-02-24T04:08:02.994+0000] {logging_mixin.py:188} INFO - [2025-02-24T04:08:02.994+0000] {dagbag.py:540} INFO - Filling up the DagBag from /home/airflow/.local/lib/python3.12/site-packages/airflow/example_dags/example_sensor_decorator.py
[2025-02-24T04:08:03.001+0000] {processor.py:840} INFO - DAG(s) 'example_sensor_decorator' retrieved from /home/airflow/.local/lib/python3.12/site-packages/airflow/example_dags/example_sensor_decorator.py
[2025-02-24T04:08:03.025+0000] {logging_mixin.py:188} INFO - [2025-02-24T04:08:03.025+0000] {dag.py:3096} INFO - Sync 1 DAGs
[2025-02-24T04:08:03.040+0000] {logging_mixin.py:188} INFO - [2025-02-24T04:08:03.039+0000] {dag.py:3954} INFO - Setting next_dagrun for example_sensor_decorator to None, run_after=None
[2025-02-24T04:08:03.062+0000] {processor.py:183} INFO - Processing /home/airflow/.local/lib/python3.12/site-packages/airflow/example_dags/example_sensor_decorator.py took 0.077 seconds
[2025-02-24T04:08:33.451+0000] {processor.py:161} INFO - Started process (PID=1713) to work on /home/airflow/.local/lib/python3.12/site-packages/airflow/example_dags/example_sensor_decorator.py
[2025-02-24T04:08:33.452+0000] {processor.py:830} INFO - Processing file /home/airflow/.local/lib/python3.12/site-packages/airflow/example_dags/example_sensor_decorator.py for tasks to queue
[2025-02-24T04:08:33.454+0000] {logging_mixin.py:188} INFO - [2025-02-24T04:08:33.454+0000] {dagbag.py:540} INFO - Filling up the DagBag from /home/airflow/.local/lib/python3.12/site-packages/airflow/example_dags/example_sensor_decorator.py
[2025-02-24T04:08:33.461+0000] {processor.py:840} INFO - DAG(s) 'example_sensor_decorator' retrieved from /home/airflow/.local/lib/python3.12/site-packages/airflow/example_dags/example_sensor_decorator.py
[2025-02-24T04:08:33.487+0000] {logging_mixin.py:188} INFO - [2025-02-24T04:08:33.487+0000] {dag.py:3096} INFO - Sync 1 DAGs
[2025-02-24T04:08:33.502+0000] {logging_mixin.py:188} INFO - [2025-02-24T04:08:33.502+0000] {dag.py:3954} INFO - Setting next_dagrun for example_sensor_decorator to None, run_after=None
[2025-02-24T04:08:33.524+0000] {processor.py:183} INFO - Processing /home/airflow/.local/lib/python3.12/site-packages/airflow/example_dags/example_sensor_decorator.py took 0.080 seconds
[2025-02-24T04:09:04.398+0000] {processor.py:161} INFO - Started process (PID=1773) to work on /home/airflow/.local/lib/python3.12/site-packages/airflow/example_dags/example_sensor_decorator.py
[2025-02-24T04:09:04.399+0000] {processor.py:830} INFO - Processing file /home/airflow/.local/lib/python3.12/site-packages/airflow/example_dags/example_sensor_decorator.py for tasks to queue
[2025-02-24T04:09:04.402+0000] {logging_mixin.py:188} INFO - [2025-02-24T04:09:04.401+0000] {dagbag.py:540} INFO - Filling up the DagBag from /home/airflow/.local/lib/python3.12/site-packages/airflow/example_dags/example_sensor_decorator.py
[2025-02-24T04:09:04.409+0000] {processor.py:840} INFO - DAG(s) 'example_sensor_decorator' retrieved from /home/airflow/.local/lib/python3.12/site-packages/airflow/example_dags/example_sensor_decorator.py
[2025-02-24T04:09:04.435+0000] {logging_mixin.py:188} INFO - [2025-02-24T04:09:04.435+0000] {dag.py:3096} INFO - Sync 1 DAGs
[2025-02-24T04:09:04.452+0000] {logging_mixin.py:188} INFO - [2025-02-24T04:09:04.452+0000] {dag.py:3954} INFO - Setting next_dagrun for example_sensor_decorator to None, run_after=None
[2025-02-24T04:09:04.479+0000] {processor.py:183} INFO - Processing /home/airflow/.local/lib/python3.12/site-packages/airflow/example_dags/example_sensor_decorator.py took 0.088 seconds
[2025-02-24T04:09:35.004+0000] {processor.py:161} INFO - Started process (PID=1834) to work on /home/airflow/.local/lib/python3.12/site-packages/airflow/example_dags/example_sensor_decorator.py
[2025-02-24T04:09:35.005+0000] {processor.py:830} INFO - Processing file /home/airflow/.local/lib/python3.12/site-packages/airflow/example_dags/example_sensor_decorator.py for tasks to queue
[2025-02-24T04:09:35.008+0000] {logging_mixin.py:188} INFO - [2025-02-24T04:09:35.008+0000] {dagbag.py:540} INFO - Filling up the DagBag from /home/airflow/.local/lib/python3.12/site-packages/airflow/example_dags/example_sensor_decorator.py
[2025-02-24T04:09:35.015+0000] {processor.py:840} INFO - DAG(s) 'example_sensor_decorator' retrieved from /home/airflow/.local/lib/python3.12/site-packages/airflow/example_dags/example_sensor_decorator.py
[2025-02-24T04:09:35.040+0000] {logging_mixin.py:188} INFO - [2025-02-24T04:09:35.039+0000] {dag.py:3096} INFO - Sync 1 DAGs
[2025-02-24T04:09:35.054+0000] {logging_mixin.py:188} INFO - [2025-02-24T04:09:35.054+0000] {dag.py:3954} INFO - Setting next_dagrun for example_sensor_decorator to None, run_after=None
[2025-02-24T04:09:35.077+0000] {processor.py:183} INFO - Processing /home/airflow/.local/lib/python3.12/site-packages/airflow/example_dags/example_sensor_decorator.py took 0.080 seconds
[2025-02-24T04:10:05.481+0000] {processor.py:161} INFO - Started process (PID=1894) to work on /home/airflow/.local/lib/python3.12/site-packages/airflow/example_dags/example_sensor_decorator.py
[2025-02-24T04:10:05.482+0000] {processor.py:830} INFO - Processing file /home/airflow/.local/lib/python3.12/site-packages/airflow/example_dags/example_sensor_decorator.py for tasks to queue
[2025-02-24T04:10:05.484+0000] {logging_mixin.py:188} INFO - [2025-02-24T04:10:05.484+0000] {dagbag.py:540} INFO - Filling up the DagBag from /home/airflow/.local/lib/python3.12/site-packages/airflow/example_dags/example_sensor_decorator.py
[2025-02-24T04:10:05.493+0000] {processor.py:840} INFO - DAG(s) 'example_sensor_decorator' retrieved from /home/airflow/.local/lib/python3.12/site-packages/airflow/example_dags/example_sensor_decorator.py
[2025-02-24T04:10:05.518+0000] {logging_mixin.py:188} INFO - [2025-02-24T04:10:05.518+0000] {dag.py:3096} INFO - Sync 1 DAGs
[2025-02-24T04:10:05.533+0000] {logging_mixin.py:188} INFO - [2025-02-24T04:10:05.533+0000] {dag.py:3954} INFO - Setting next_dagrun for example_sensor_decorator to None, run_after=None
[2025-02-24T04:10:05.556+0000] {processor.py:183} INFO - Processing /home/airflow/.local/lib/python3.12/site-packages/airflow/example_dags/example_sensor_decorator.py took 0.082 seconds
[2025-02-24T04:10:35.710+0000] {processor.py:161} INFO - Started process (PID=1960) to work on /home/airflow/.local/lib/python3.12/site-packages/airflow/example_dags/example_sensor_decorator.py
[2025-02-24T04:10:35.712+0000] {processor.py:830} INFO - Processing file /home/airflow/.local/lib/python3.12/site-packages/airflow/example_dags/example_sensor_decorator.py for tasks to queue
[2025-02-24T04:10:35.715+0000] {logging_mixin.py:188} INFO - [2025-02-24T04:10:35.714+0000] {dagbag.py:540} INFO - Filling up the DagBag from /home/airflow/.local/lib/python3.12/site-packages/airflow/example_dags/example_sensor_decorator.py
[2025-02-24T04:10:35.722+0000] {processor.py:840} INFO - DAG(s) 'example_sensor_decorator' retrieved from /home/airflow/.local/lib/python3.12/site-packages/airflow/example_dags/example_sensor_decorator.py
[2025-02-24T04:10:35.748+0000] {logging_mixin.py:188} INFO - [2025-02-24T04:10:35.748+0000] {dag.py:3096} INFO - Sync 1 DAGs
[2025-02-24T04:10:35.764+0000] {logging_mixin.py:188} INFO - [2025-02-24T04:10:35.764+0000] {dag.py:3954} INFO - Setting next_dagrun for example_sensor_decorator to None, run_after=None
[2025-02-24T04:10:35.788+0000] {processor.py:183} INFO - Processing /home/airflow/.local/lib/python3.12/site-packages/airflow/example_dags/example_sensor_decorator.py took 0.095 seconds
[2025-02-24T04:11:05.942+0000] {processor.py:161} INFO - Started process (PID=2025) to work on /home/airflow/.local/lib/python3.12/site-packages/airflow/example_dags/example_sensor_decorator.py
[2025-02-24T04:11:05.944+0000] {processor.py:830} INFO - Processing file /home/airflow/.local/lib/python3.12/site-packages/airflow/example_dags/example_sensor_decorator.py for tasks to queue
[2025-02-24T04:11:05.948+0000] {logging_mixin.py:188} INFO - [2025-02-24T04:11:05.947+0000] {dagbag.py:540} INFO - Filling up the DagBag from /home/airflow/.local/lib/python3.12/site-packages/airflow/example_dags/example_sensor_decorator.py
[2025-02-24T04:11:05.960+0000] {processor.py:840} INFO - DAG(s) 'example_sensor_decorator' retrieved from /home/airflow/.local/lib/python3.12/site-packages/airflow/example_dags/example_sensor_decorator.py
[2025-02-24T04:11:06.001+0000] {logging_mixin.py:188} INFO - [2025-02-24T04:11:06.001+0000] {dag.py:3096} INFO - Sync 1 DAGs
[2025-02-24T04:11:06.021+0000] {logging_mixin.py:188} INFO - [2025-02-24T04:11:06.021+0000] {dag.py:3954} INFO - Setting next_dagrun for example_sensor_decorator to None, run_after=None
[2025-02-24T04:11:06.049+0000] {processor.py:183} INFO - Processing /home/airflow/.local/lib/python3.12/site-packages/airflow/example_dags/example_sensor_decorator.py took 0.114 seconds
[2025-02-24T04:11:36.860+0000] {processor.py:161} INFO - Started process (PID=2086) to work on /home/airflow/.local/lib/python3.12/site-packages/airflow/example_dags/example_sensor_decorator.py
[2025-02-24T04:11:36.862+0000] {processor.py:830} INFO - Processing file /home/airflow/.local/lib/python3.12/site-packages/airflow/example_dags/example_sensor_decorator.py for tasks to queue
[2025-02-24T04:11:36.865+0000] {logging_mixin.py:188} INFO - [2025-02-24T04:11:36.864+0000] {dagbag.py:540} INFO - Filling up the DagBag from /home/airflow/.local/lib/python3.12/site-packages/airflow/example_dags/example_sensor_decorator.py
[2025-02-24T04:11:36.874+0000] {processor.py:840} INFO - DAG(s) 'example_sensor_decorator' retrieved from /home/airflow/.local/lib/python3.12/site-packages/airflow/example_dags/example_sensor_decorator.py
[2025-02-24T04:11:36.921+0000] {logging_mixin.py:188} INFO - [2025-02-24T04:11:36.921+0000] {dag.py:3096} INFO - Sync 1 DAGs
[2025-02-24T04:11:36.944+0000] {logging_mixin.py:188} INFO - [2025-02-24T04:11:36.944+0000] {dag.py:3954} INFO - Setting next_dagrun for example_sensor_decorator to None, run_after=None
[2025-02-24T04:11:36.977+0000] {processor.py:183} INFO - Processing /home/airflow/.local/lib/python3.12/site-packages/airflow/example_dags/example_sensor_decorator.py took 0.124 seconds
[2025-02-24T04:12:07.292+0000] {processor.py:161} INFO - Started process (PID=2159) to work on /home/airflow/.local/lib/python3.12/site-packages/airflow/example_dags/example_sensor_decorator.py
[2025-02-24T04:12:07.293+0000] {processor.py:830} INFO - Processing file /home/airflow/.local/lib/python3.12/site-packages/airflow/example_dags/example_sensor_decorator.py for tasks to queue
[2025-02-24T04:12:07.296+0000] {logging_mixin.py:188} INFO - [2025-02-24T04:12:07.295+0000] {dagbag.py:540} INFO - Filling up the DagBag from /home/airflow/.local/lib/python3.12/site-packages/airflow/example_dags/example_sensor_decorator.py
[2025-02-24T04:12:07.302+0000] {processor.py:840} INFO - DAG(s) 'example_sensor_decorator' retrieved from /home/airflow/.local/lib/python3.12/site-packages/airflow/example_dags/example_sensor_decorator.py
[2025-02-24T04:12:07.327+0000] {logging_mixin.py:188} INFO - [2025-02-24T04:12:07.327+0000] {dag.py:3096} INFO - Sync 1 DAGs
[2025-02-24T04:12:07.341+0000] {logging_mixin.py:188} INFO - [2025-02-24T04:12:07.341+0000] {dag.py:3954} INFO - Setting next_dagrun for example_sensor_decorator to None, run_after=None
[2025-02-24T04:12:07.365+0000] {processor.py:183} INFO - Processing /home/airflow/.local/lib/python3.12/site-packages/airflow/example_dags/example_sensor_decorator.py took 0.080 seconds
[2025-02-24T04:12:38.016+0000] {processor.py:161} INFO - Started process (PID=2228) to work on /home/airflow/.local/lib/python3.12/site-packages/airflow/example_dags/example_sensor_decorator.py
[2025-02-24T04:12:38.017+0000] {processor.py:830} INFO - Processing file /home/airflow/.local/lib/python3.12/site-packages/airflow/example_dags/example_sensor_decorator.py for tasks to queue
[2025-02-24T04:12:38.020+0000] {logging_mixin.py:188} INFO - [2025-02-24T04:12:38.019+0000] {dagbag.py:540} INFO - Filling up the DagBag from /home/airflow/.local/lib/python3.12/site-packages/airflow/example_dags/example_sensor_decorator.py
[2025-02-24T04:12:38.027+0000] {processor.py:840} INFO - DAG(s) 'example_sensor_decorator' retrieved from /home/airflow/.local/lib/python3.12/site-packages/airflow/example_dags/example_sensor_decorator.py
[2025-02-24T04:12:38.052+0000] {logging_mixin.py:188} INFO - [2025-02-24T04:12:38.051+0000] {dag.py:3096} INFO - Sync 1 DAGs
[2025-02-24T04:12:38.066+0000] {logging_mixin.py:188} INFO - [2025-02-24T04:12:38.066+0000] {dag.py:3954} INFO - Setting next_dagrun for example_sensor_decorator to None, run_after=None
[2025-02-24T04:12:38.088+0000] {processor.py:183} INFO - Processing /home/airflow/.local/lib/python3.12/site-packages/airflow/example_dags/example_sensor_decorator.py took 0.079 seconds
[2025-02-24T04:13:08.467+0000] {processor.py:161} INFO - Started process (PID=2289) to work on /home/airflow/.local/lib/python3.12/site-packages/airflow/example_dags/example_sensor_decorator.py
[2025-02-24T04:13:08.469+0000] {processor.py:830} INFO - Processing file /home/airflow/.local/lib/python3.12/site-packages/airflow/example_dags/example_sensor_decorator.py for tasks to queue
[2025-02-24T04:13:08.471+0000] {logging_mixin.py:188} INFO - [2025-02-24T04:13:08.471+0000] {dagbag.py:540} INFO - Filling up the DagBag from /home/airflow/.local/lib/python3.12/site-packages/airflow/example_dags/example_sensor_decorator.py
[2025-02-24T04:13:08.478+0000] {processor.py:840} INFO - DAG(s) 'example_sensor_decorator' retrieved from /home/airflow/.local/lib/python3.12/site-packages/airflow/example_dags/example_sensor_decorator.py
[2025-02-24T04:13:08.504+0000] {logging_mixin.py:188} INFO - [2025-02-24T04:13:08.504+0000] {dag.py:3096} INFO - Sync 1 DAGs
[2025-02-24T04:13:08.520+0000] {logging_mixin.py:188} INFO - [2025-02-24T04:13:08.519+0000] {dag.py:3954} INFO - Setting next_dagrun for example_sensor_decorator to None, run_after=None
[2025-02-24T04:13:08.543+0000] {processor.py:183} INFO - Processing /home/airflow/.local/lib/python3.12/site-packages/airflow/example_dags/example_sensor_decorator.py took 0.082 seconds
[2025-02-24T04:13:39.049+0000] {processor.py:161} INFO - Started process (PID=2349) to work on /home/airflow/.local/lib/python3.12/site-packages/airflow/example_dags/example_sensor_decorator.py
[2025-02-24T04:13:39.050+0000] {processor.py:830} INFO - Processing file /home/airflow/.local/lib/python3.12/site-packages/airflow/example_dags/example_sensor_decorator.py for tasks to queue
[2025-02-24T04:13:39.053+0000] {logging_mixin.py:188} INFO - [2025-02-24T04:13:39.052+0000] {dagbag.py:540} INFO - Filling up the DagBag from /home/airflow/.local/lib/python3.12/site-packages/airflow/example_dags/example_sensor_decorator.py
[2025-02-24T04:13:39.061+0000] {processor.py:840} INFO - DAG(s) 'example_sensor_decorator' retrieved from /home/airflow/.local/lib/python3.12/site-packages/airflow/example_dags/example_sensor_decorator.py
[2025-02-24T04:13:39.086+0000] {logging_mixin.py:188} INFO - [2025-02-24T04:13:39.086+0000] {dag.py:3096} INFO - Sync 1 DAGs
[2025-02-24T04:13:39.101+0000] {logging_mixin.py:188} INFO - [2025-02-24T04:13:39.101+0000] {dag.py:3954} INFO - Setting next_dagrun for example_sensor_decorator to None, run_after=None
[2025-02-24T04:13:39.125+0000] {processor.py:183} INFO - Processing /home/airflow/.local/lib/python3.12/site-packages/airflow/example_dags/example_sensor_decorator.py took 0.082 seconds
[2025-02-24T04:14:09.261+0000] {processor.py:161} INFO - Started process (PID=2408) to work on /home/airflow/.local/lib/python3.12/site-packages/airflow/example_dags/example_sensor_decorator.py
[2025-02-24T04:14:09.262+0000] {processor.py:830} INFO - Processing file /home/airflow/.local/lib/python3.12/site-packages/airflow/example_dags/example_sensor_decorator.py for tasks to queue
[2025-02-24T04:14:09.265+0000] {logging_mixin.py:188} INFO - [2025-02-24T04:14:09.264+0000] {dagbag.py:540} INFO - Filling up the DagBag from /home/airflow/.local/lib/python3.12/site-packages/airflow/example_dags/example_sensor_decorator.py
[2025-02-24T04:14:09.272+0000] {processor.py:840} INFO - DAG(s) 'example_sensor_decorator' retrieved from /home/airflow/.local/lib/python3.12/site-packages/airflow/example_dags/example_sensor_decorator.py
[2025-02-24T04:14:09.298+0000] {logging_mixin.py:188} INFO - [2025-02-24T04:14:09.298+0000] {dag.py:3096} INFO - Sync 1 DAGs
[2025-02-24T04:14:09.318+0000] {logging_mixin.py:188} INFO - [2025-02-24T04:14:09.317+0000] {dag.py:3954} INFO - Setting next_dagrun for example_sensor_decorator to None, run_after=None
[2025-02-24T04:14:09.340+0000] {processor.py:183} INFO - Processing /home/airflow/.local/lib/python3.12/site-packages/airflow/example_dags/example_sensor_decorator.py took 0.086 seconds
[2025-02-24T04:14:39.854+0000] {processor.py:161} INFO - Started process (PID=2469) to work on /home/airflow/.local/lib/python3.12/site-packages/airflow/example_dags/example_sensor_decorator.py
[2025-02-24T04:14:39.856+0000] {processor.py:830} INFO - Processing file /home/airflow/.local/lib/python3.12/site-packages/airflow/example_dags/example_sensor_decorator.py for tasks to queue
[2025-02-24T04:14:39.861+0000] {logging_mixin.py:188} INFO - [2025-02-24T04:14:39.860+0000] {dagbag.py:540} INFO - Filling up the DagBag from /home/airflow/.local/lib/python3.12/site-packages/airflow/example_dags/example_sensor_decorator.py
[2025-02-24T04:14:39.873+0000] {processor.py:840} INFO - DAG(s) 'example_sensor_decorator' retrieved from /home/airflow/.local/lib/python3.12/site-packages/airflow/example_dags/example_sensor_decorator.py
[2025-02-24T04:14:39.910+0000] {logging_mixin.py:188} INFO - [2025-02-24T04:14:39.910+0000] {dag.py:3096} INFO - Sync 1 DAGs
[2025-02-24T04:14:39.933+0000] {logging_mixin.py:188} INFO - [2025-02-24T04:14:39.933+0000] {dag.py:3954} INFO - Setting next_dagrun for example_sensor_decorator to None, run_after=None
[2025-02-24T04:14:39.969+0000] {processor.py:183} INFO - Processing /home/airflow/.local/lib/python3.12/site-packages/airflow/example_dags/example_sensor_decorator.py took 0.127 seconds
[2025-02-24T04:15:10.309+0000] {processor.py:161} INFO - Started process (PID=2529) to work on /home/airflow/.local/lib/python3.12/site-packages/airflow/example_dags/example_sensor_decorator.py
[2025-02-24T04:15:10.310+0000] {processor.py:830} INFO - Processing file /home/airflow/.local/lib/python3.12/site-packages/airflow/example_dags/example_sensor_decorator.py for tasks to queue
[2025-02-24T04:15:10.313+0000] {logging_mixin.py:188} INFO - [2025-02-24T04:15:10.312+0000] {dagbag.py:540} INFO - Filling up the DagBag from /home/airflow/.local/lib/python3.12/site-packages/airflow/example_dags/example_sensor_decorator.py
[2025-02-24T04:15:10.320+0000] {processor.py:840} INFO - DAG(s) 'example_sensor_decorator' retrieved from /home/airflow/.local/lib/python3.12/site-packages/airflow/example_dags/example_sensor_decorator.py
[2025-02-24T04:15:10.344+0000] {logging_mixin.py:188} INFO - [2025-02-24T04:15:10.344+0000] {dag.py:3096} INFO - Sync 1 DAGs
[2025-02-24T04:15:10.359+0000] {logging_mixin.py:188} INFO - [2025-02-24T04:15:10.359+0000] {dag.py:3954} INFO - Setting next_dagrun for example_sensor_decorator to None, run_after=None
[2025-02-24T04:15:10.383+0000] {processor.py:183} INFO - Processing /home/airflow/.local/lib/python3.12/site-packages/airflow/example_dags/example_sensor_decorator.py took 0.081 seconds
[2025-02-24T04:15:40.636+0000] {processor.py:161} INFO - Started process (PID=2589) to work on /home/airflow/.local/lib/python3.12/site-packages/airflow/example_dags/example_sensor_decorator.py
[2025-02-24T04:15:40.637+0000] {processor.py:830} INFO - Processing file /home/airflow/.local/lib/python3.12/site-packages/airflow/example_dags/example_sensor_decorator.py for tasks to queue
[2025-02-24T04:15:40.640+0000] {logging_mixin.py:188} INFO - [2025-02-24T04:15:40.639+0000] {dagbag.py:540} INFO - Filling up the DagBag from /home/airflow/.local/lib/python3.12/site-packages/airflow/example_dags/example_sensor_decorator.py
[2025-02-24T04:15:40.647+0000] {processor.py:840} INFO - DAG(s) 'example_sensor_decorator' retrieved from /home/airflow/.local/lib/python3.12/site-packages/airflow/example_dags/example_sensor_decorator.py
[2025-02-24T04:15:40.672+0000] {logging_mixin.py:188} INFO - [2025-02-24T04:15:40.671+0000] {dag.py:3096} INFO - Sync 1 DAGs
[2025-02-24T04:15:40.686+0000] {logging_mixin.py:188} INFO - [2025-02-24T04:15:40.686+0000] {dag.py:3954} INFO - Setting next_dagrun for example_sensor_decorator to None, run_after=None
[2025-02-24T04:15:40.710+0000] {processor.py:183} INFO - Processing /home/airflow/.local/lib/python3.12/site-packages/airflow/example_dags/example_sensor_decorator.py took 0.080 seconds
[2025-02-24T04:16:10.984+0000] {processor.py:161} INFO - Started process (PID=2650) to work on /home/airflow/.local/lib/python3.12/site-packages/airflow/example_dags/example_sensor_decorator.py
[2025-02-24T04:16:10.985+0000] {processor.py:830} INFO - Processing file /home/airflow/.local/lib/python3.12/site-packages/airflow/example_dags/example_sensor_decorator.py for tasks to queue
[2025-02-24T04:16:10.989+0000] {logging_mixin.py:188} INFO - [2025-02-24T04:16:10.988+0000] {dagbag.py:540} INFO - Filling up the DagBag from /home/airflow/.local/lib/python3.12/site-packages/airflow/example_dags/example_sensor_decorator.py
[2025-02-24T04:16:11.001+0000] {processor.py:840} INFO - DAG(s) 'example_sensor_decorator' retrieved from /home/airflow/.local/lib/python3.12/site-packages/airflow/example_dags/example_sensor_decorator.py
[2025-02-24T04:16:11.029+0000] {logging_mixin.py:188} INFO - [2025-02-24T04:16:11.029+0000] {dag.py:3096} INFO - Sync 1 DAGs
[2025-02-24T04:16:11.045+0000] {logging_mixin.py:188} INFO - [2025-02-24T04:16:11.045+0000] {dag.py:3954} INFO - Setting next_dagrun for example_sensor_decorator to None, run_after=None
[2025-02-24T04:16:11.069+0000] {processor.py:183} INFO - Processing /home/airflow/.local/lib/python3.12/site-packages/airflow/example_dags/example_sensor_decorator.py took 0.093 seconds
[2025-02-24T04:16:41.546+0000] {processor.py:161} INFO - Started process (PID=2710) to work on /home/airflow/.local/lib/python3.12/site-packages/airflow/example_dags/example_sensor_decorator.py
[2025-02-24T04:16:41.547+0000] {processor.py:830} INFO - Processing file /home/airflow/.local/lib/python3.12/site-packages/airflow/example_dags/example_sensor_decorator.py for tasks to queue
[2025-02-24T04:16:41.549+0000] {logging_mixin.py:188} INFO - [2025-02-24T04:16:41.549+0000] {dagbag.py:540} INFO - Filling up the DagBag from /home/airflow/.local/lib/python3.12/site-packages/airflow/example_dags/example_sensor_decorator.py
[2025-02-24T04:16:41.557+0000] {processor.py:840} INFO - DAG(s) 'example_sensor_decorator' retrieved from /home/airflow/.local/lib/python3.12/site-packages/airflow/example_dags/example_sensor_decorator.py
[2025-02-24T04:16:41.582+0000] {logging_mixin.py:188} INFO - [2025-02-24T04:16:41.581+0000] {dag.py:3096} INFO - Sync 1 DAGs
[2025-02-24T04:16:41.596+0000] {logging_mixin.py:188} INFO - [2025-02-24T04:16:41.596+0000] {dag.py:3954} INFO - Setting next_dagrun for example_sensor_decorator to None, run_after=None
[2025-02-24T04:16:41.620+0000] {processor.py:183} INFO - Processing /home/airflow/.local/lib/python3.12/site-packages/airflow/example_dags/example_sensor_decorator.py took 0.083 seconds
[2025-02-24T04:17:11.840+0000] {processor.py:161} INFO - Started process (PID=2776) to work on /home/airflow/.local/lib/python3.12/site-packages/airflow/example_dags/example_sensor_decorator.py
[2025-02-24T04:17:11.841+0000] {processor.py:830} INFO - Processing file /home/airflow/.local/lib/python3.12/site-packages/airflow/example_dags/example_sensor_decorator.py for tasks to queue
[2025-02-24T04:17:11.844+0000] {logging_mixin.py:188} INFO - [2025-02-24T04:17:11.843+0000] {dagbag.py:540} INFO - Filling up the DagBag from /home/airflow/.local/lib/python3.12/site-packages/airflow/example_dags/example_sensor_decorator.py
[2025-02-24T04:17:11.853+0000] {processor.py:840} INFO - DAG(s) 'example_sensor_decorator' retrieved from /home/airflow/.local/lib/python3.12/site-packages/airflow/example_dags/example_sensor_decorator.py
[2025-02-24T04:17:11.887+0000] {logging_mixin.py:188} INFO - [2025-02-24T04:17:11.887+0000] {dag.py:3096} INFO - Sync 1 DAGs
[2025-02-24T04:17:11.903+0000] {logging_mixin.py:188} INFO - [2025-02-24T04:17:11.903+0000] {dag.py:3954} INFO - Setting next_dagrun for example_sensor_decorator to None, run_after=None
[2025-02-24T04:17:11.929+0000] {processor.py:183} INFO - Processing /home/airflow/.local/lib/python3.12/site-packages/airflow/example_dags/example_sensor_decorator.py took 0.096 seconds
[2025-02-24T04:17:42.587+0000] {processor.py:161} INFO - Started process (PID=2836) to work on /home/airflow/.local/lib/python3.12/site-packages/airflow/example_dags/example_sensor_decorator.py
[2025-02-24T04:17:42.588+0000] {processor.py:830} INFO - Processing file /home/airflow/.local/lib/python3.12/site-packages/airflow/example_dags/example_sensor_decorator.py for tasks to queue
[2025-02-24T04:17:42.591+0000] {logging_mixin.py:188} INFO - [2025-02-24T04:17:42.590+0000] {dagbag.py:540} INFO - Filling up the DagBag from /home/airflow/.local/lib/python3.12/site-packages/airflow/example_dags/example_sensor_decorator.py
[2025-02-24T04:17:42.598+0000] {processor.py:840} INFO - DAG(s) 'example_sensor_decorator' retrieved from /home/airflow/.local/lib/python3.12/site-packages/airflow/example_dags/example_sensor_decorator.py
[2025-02-24T04:17:42.624+0000] {logging_mixin.py:188} INFO - [2025-02-24T04:17:42.623+0000] {dag.py:3096} INFO - Sync 1 DAGs
[2025-02-24T04:17:42.639+0000] {logging_mixin.py:188} INFO - [2025-02-24T04:17:42.639+0000] {dag.py:3954} INFO - Setting next_dagrun for example_sensor_decorator to None, run_after=None
[2025-02-24T04:17:42.662+0000] {processor.py:183} INFO - Processing /home/airflow/.local/lib/python3.12/site-packages/airflow/example_dags/example_sensor_decorator.py took 0.081 seconds
[2025-02-24T04:19:30.476+0000] {processor.py:161} INFO - Started process (PID=2874) to work on /home/airflow/.local/lib/python3.12/site-packages/airflow/example_dags/example_sensor_decorator.py
[2025-02-24T04:19:30.477+0000] {processor.py:830} INFO - Processing file /home/airflow/.local/lib/python3.12/site-packages/airflow/example_dags/example_sensor_decorator.py for tasks to queue
[2025-02-24T04:19:30.479+0000] {logging_mixin.py:188} INFO - [2025-02-24T04:19:30.478+0000] {dagbag.py:540} INFO - Filling up the DagBag from /home/airflow/.local/lib/python3.12/site-packages/airflow/example_dags/example_sensor_decorator.py
[2025-02-24T04:19:30.489+0000] {processor.py:840} INFO - DAG(s) 'example_sensor_decorator' retrieved from /home/airflow/.local/lib/python3.12/site-packages/airflow/example_dags/example_sensor_decorator.py
[2025-02-24T04:19:30.529+0000] {logging_mixin.py:188} INFO - [2025-02-24T04:19:30.528+0000] {dag.py:3096} INFO - Sync 1 DAGs
[2025-02-24T04:19:30.556+0000] {logging_mixin.py:188} INFO - [2025-02-24T04:19:30.556+0000] {dag.py:3954} INFO - Setting next_dagrun for example_sensor_decorator to None, run_after=None
[2025-02-24T04:19:30.603+0000] {processor.py:183} INFO - Processing /home/airflow/.local/lib/python3.12/site-packages/airflow/example_dags/example_sensor_decorator.py took 0.138 seconds
[2025-02-24T04:20:03.406+0000] {processor.py:161} INFO - Started process (PID=2934) to work on /home/airflow/.local/lib/python3.12/site-packages/airflow/example_dags/example_sensor_decorator.py
[2025-02-24T04:20:03.408+0000] {processor.py:830} INFO - Processing file /home/airflow/.local/lib/python3.12/site-packages/airflow/example_dags/example_sensor_decorator.py for tasks to queue
[2025-02-24T04:20:03.411+0000] {logging_mixin.py:188} INFO - [2025-02-24T04:20:03.410+0000] {dagbag.py:540} INFO - Filling up the DagBag from /home/airflow/.local/lib/python3.12/site-packages/airflow/example_dags/example_sensor_decorator.py
[2025-02-24T04:20:03.449+0000] {processor.py:840} INFO - DAG(s) 'example_sensor_decorator' retrieved from /home/airflow/.local/lib/python3.12/site-packages/airflow/example_dags/example_sensor_decorator.py
[2025-02-24T04:20:03.629+0000] {logging_mixin.py:188} INFO - [2025-02-24T04:20:03.629+0000] {dag.py:3096} INFO - Sync 1 DAGs
[2025-02-24T04:20:03.658+0000] {logging_mixin.py:188} INFO - [2025-02-24T04:20:03.658+0000] {dag.py:3954} INFO - Setting next_dagrun for example_sensor_decorator to None, run_after=None
[2025-02-24T04:20:03.790+0000] {processor.py:183} INFO - Processing /home/airflow/.local/lib/python3.12/site-packages/airflow/example_dags/example_sensor_decorator.py took 0.409 seconds
[2025-02-24T04:21:27.999+0000] {processor.py:161} INFO - Started process (PID=2970) to work on /home/airflow/.local/lib/python3.12/site-packages/airflow/example_dags/example_sensor_decorator.py
[2025-02-24T04:21:28.002+0000] {processor.py:830} INFO - Processing file /home/airflow/.local/lib/python3.12/site-packages/airflow/example_dags/example_sensor_decorator.py for tasks to queue
[2025-02-24T04:21:28.005+0000] {logging_mixin.py:188} INFO - [2025-02-24T04:21:28.004+0000] {dagbag.py:540} INFO - Filling up the DagBag from /home/airflow/.local/lib/python3.12/site-packages/airflow/example_dags/example_sensor_decorator.py
[2025-02-24T04:21:28.024+0000] {processor.py:840} INFO - DAG(s) 'example_sensor_decorator' retrieved from /home/airflow/.local/lib/python3.12/site-packages/airflow/example_dags/example_sensor_decorator.py
[2025-02-24T04:21:28.087+0000] {logging_mixin.py:188} INFO - [2025-02-24T04:21:28.086+0000] {dag.py:3096} INFO - Sync 1 DAGs
[2025-02-24T04:21:28.161+0000] {logging_mixin.py:188} INFO - [2025-02-24T04:21:28.160+0000] {dag.py:3954} INFO - Setting next_dagrun for example_sensor_decorator to None, run_after=None
[2025-02-24T04:21:28.242+0000] {processor.py:183} INFO - Processing /home/airflow/.local/lib/python3.12/site-packages/airflow/example_dags/example_sensor_decorator.py took 0.261 seconds
[2025-02-24T04:23:10.194+0000] {processor.py:161} INFO - Started process (PID=3032) to work on /home/airflow/.local/lib/python3.12/site-packages/airflow/example_dags/example_sensor_decorator.py
[2025-02-24T04:23:10.196+0000] {processor.py:830} INFO - Processing file /home/airflow/.local/lib/python3.12/site-packages/airflow/example_dags/example_sensor_decorator.py for tasks to queue
[2025-02-24T04:23:10.199+0000] {logging_mixin.py:188} INFO - [2025-02-24T04:23:10.198+0000] {dagbag.py:540} INFO - Filling up the DagBag from /home/airflow/.local/lib/python3.12/site-packages/airflow/example_dags/example_sensor_decorator.py
[2025-02-24T04:23:10.219+0000] {processor.py:840} INFO - DAG(s) 'example_sensor_decorator' retrieved from /home/airflow/.local/lib/python3.12/site-packages/airflow/example_dags/example_sensor_decorator.py
[2025-02-24T04:23:10.306+0000] {logging_mixin.py:188} INFO - [2025-02-24T04:23:10.305+0000] {dag.py:3096} INFO - Sync 1 DAGs
[2025-02-24T04:23:10.380+0000] {logging_mixin.py:188} INFO - [2025-02-24T04:23:10.378+0000] {dag.py:3954} INFO - Setting next_dagrun for example_sensor_decorator to None, run_after=None
[2025-02-24T04:23:10.485+0000] {processor.py:183} INFO - Processing /home/airflow/.local/lib/python3.12/site-packages/airflow/example_dags/example_sensor_decorator.py took 0.310 seconds
[2025-02-24T04:24:10.905+0000] {processor.py:161} INFO - Started process (PID=3090) to work on /home/airflow/.local/lib/python3.12/site-packages/airflow/example_dags/example_sensor_decorator.py
[2025-02-24T04:24:10.907+0000] {processor.py:830} INFO - Processing file /home/airflow/.local/lib/python3.12/site-packages/airflow/example_dags/example_sensor_decorator.py for tasks to queue
[2025-02-24T04:24:10.910+0000] {logging_mixin.py:188} INFO - [2025-02-24T04:24:10.909+0000] {dagbag.py:540} INFO - Filling up the DagBag from /home/airflow/.local/lib/python3.12/site-packages/airflow/example_dags/example_sensor_decorator.py
[2025-02-24T04:24:10.924+0000] {processor.py:840} INFO - DAG(s) 'example_sensor_decorator' retrieved from /home/airflow/.local/lib/python3.12/site-packages/airflow/example_dags/example_sensor_decorator.py
[2025-02-24T04:24:10.988+0000] {logging_mixin.py:188} INFO - [2025-02-24T04:24:10.984+0000] {dag.py:3096} INFO - Sync 1 DAGs
[2025-02-24T04:24:11.027+0000] {logging_mixin.py:188} INFO - [2025-02-24T04:24:11.027+0000] {dag.py:3954} INFO - Setting next_dagrun for example_sensor_decorator to None, run_after=None
[2025-02-24T04:24:11.087+0000] {processor.py:183} INFO - Processing /home/airflow/.local/lib/python3.12/site-packages/airflow/example_dags/example_sensor_decorator.py took 0.195 seconds
[2025-02-24T04:24:42.316+0000] {processor.py:161} INFO - Started process (PID=3150) to work on /home/airflow/.local/lib/python3.12/site-packages/airflow/example_dags/example_sensor_decorator.py
[2025-02-24T04:24:42.317+0000] {processor.py:830} INFO - Processing file /home/airflow/.local/lib/python3.12/site-packages/airflow/example_dags/example_sensor_decorator.py for tasks to queue
[2025-02-24T04:24:42.319+0000] {logging_mixin.py:188} INFO - [2025-02-24T04:24:42.318+0000] {dagbag.py:540} INFO - Filling up the DagBag from /home/airflow/.local/lib/python3.12/site-packages/airflow/example_dags/example_sensor_decorator.py
[2025-02-24T04:24:42.330+0000] {processor.py:840} INFO - DAG(s) 'example_sensor_decorator' retrieved from /home/airflow/.local/lib/python3.12/site-packages/airflow/example_dags/example_sensor_decorator.py
[2025-02-24T04:24:42.368+0000] {logging_mixin.py:188} INFO - [2025-02-24T04:24:42.367+0000] {dag.py:3096} INFO - Sync 1 DAGs
[2025-02-24T04:24:42.394+0000] {logging_mixin.py:188} INFO - [2025-02-24T04:24:42.393+0000] {dag.py:3954} INFO - Setting next_dagrun for example_sensor_decorator to None, run_after=None
[2025-02-24T04:24:42.428+0000] {processor.py:183} INFO - Processing /home/airflow/.local/lib/python3.12/site-packages/airflow/example_dags/example_sensor_decorator.py took 0.124 seconds
[2025-02-24T04:25:23.925+0000] {processor.py:161} INFO - Started process (PID=3184) to work on /home/airflow/.local/lib/python3.12/site-packages/airflow/example_dags/example_sensor_decorator.py
[2025-02-24T04:25:23.926+0000] {processor.py:830} INFO - Processing file /home/airflow/.local/lib/python3.12/site-packages/airflow/example_dags/example_sensor_decorator.py for tasks to queue
[2025-02-24T04:25:23.928+0000] {logging_mixin.py:188} INFO - [2025-02-24T04:25:23.927+0000] {dagbag.py:540} INFO - Filling up the DagBag from /home/airflow/.local/lib/python3.12/site-packages/airflow/example_dags/example_sensor_decorator.py
[2025-02-24T04:25:23.943+0000] {processor.py:840} INFO - DAG(s) 'example_sensor_decorator' retrieved from /home/airflow/.local/lib/python3.12/site-packages/airflow/example_dags/example_sensor_decorator.py
[2025-02-24T04:25:23.992+0000] {logging_mixin.py:188} INFO - [2025-02-24T04:25:23.992+0000] {dag.py:3096} INFO - Sync 1 DAGs
[2025-02-24T04:25:24.023+0000] {logging_mixin.py:188} INFO - [2025-02-24T04:25:24.022+0000] {dag.py:3954} INFO - Setting next_dagrun for example_sensor_decorator to None, run_after=None
[2025-02-24T04:25:24.068+0000] {processor.py:183} INFO - Processing /home/airflow/.local/lib/python3.12/site-packages/airflow/example_dags/example_sensor_decorator.py took 0.155 seconds
[2025-02-24T04:25:54.932+0000] {processor.py:161} INFO - Started process (PID=3242) to work on /home/airflow/.local/lib/python3.12/site-packages/airflow/example_dags/example_sensor_decorator.py
[2025-02-24T04:25:54.934+0000] {processor.py:830} INFO - Processing file /home/airflow/.local/lib/python3.12/site-packages/airflow/example_dags/example_sensor_decorator.py for tasks to queue
[2025-02-24T04:25:54.937+0000] {logging_mixin.py:188} INFO - [2025-02-24T04:25:54.936+0000] {dagbag.py:540} INFO - Filling up the DagBag from /home/airflow/.local/lib/python3.12/site-packages/airflow/example_dags/example_sensor_decorator.py
[2025-02-24T04:25:54.952+0000] {processor.py:840} INFO - DAG(s) 'example_sensor_decorator' retrieved from /home/airflow/.local/lib/python3.12/site-packages/airflow/example_dags/example_sensor_decorator.py
[2025-02-24T04:25:55.003+0000] {logging_mixin.py:188} INFO - [2025-02-24T04:25:55.003+0000] {dag.py:3096} INFO - Sync 1 DAGs
[2025-02-24T04:25:55.034+0000] {logging_mixin.py:188} INFO - [2025-02-24T04:25:55.034+0000] {dag.py:3954} INFO - Setting next_dagrun for example_sensor_decorator to None, run_after=None
[2025-02-24T04:25:55.085+0000] {processor.py:183} INFO - Processing /home/airflow/.local/lib/python3.12/site-packages/airflow/example_dags/example_sensor_decorator.py took 0.170 seconds
[2025-02-24T04:27:36.844+0000] {processor.py:161} INFO - Started process (PID=3285) to work on /home/airflow/.local/lib/python3.12/site-packages/airflow/example_dags/example_sensor_decorator.py
[2025-02-24T04:27:36.848+0000] {processor.py:830} INFO - Processing file /home/airflow/.local/lib/python3.12/site-packages/airflow/example_dags/example_sensor_decorator.py for tasks to queue
[2025-02-24T04:27:36.852+0000] {logging_mixin.py:188} INFO - [2025-02-24T04:27:36.850+0000] {dagbag.py:540} INFO - Filling up the DagBag from /home/airflow/.local/lib/python3.12/site-packages/airflow/example_dags/example_sensor_decorator.py
[2025-02-24T04:27:36.904+0000] {processor.py:840} INFO - DAG(s) 'example_sensor_decorator' retrieved from /home/airflow/.local/lib/python3.12/site-packages/airflow/example_dags/example_sensor_decorator.py
[2025-02-24T04:27:37.012+0000] {logging_mixin.py:188} INFO - [2025-02-24T04:27:37.011+0000] {dag.py:3096} INFO - Sync 1 DAGs
[2025-02-24T04:27:37.079+0000] {logging_mixin.py:188} INFO - [2025-02-24T04:27:37.078+0000] {dag.py:3954} INFO - Setting next_dagrun for example_sensor_decorator to None, run_after=None
[2025-02-24T04:27:37.225+0000] {processor.py:183} INFO - Processing /home/airflow/.local/lib/python3.12/site-packages/airflow/example_dags/example_sensor_decorator.py took 0.424 seconds
[2025-02-24T04:28:59.521+0000] {processor.py:161} INFO - Started process (PID=3326) to work on /home/airflow/.local/lib/python3.12/site-packages/airflow/example_dags/example_sensor_decorator.py
[2025-02-24T04:28:59.523+0000] {processor.py:830} INFO - Processing file /home/airflow/.local/lib/python3.12/site-packages/airflow/example_dags/example_sensor_decorator.py for tasks to queue
[2025-02-24T04:28:59.525+0000] {logging_mixin.py:188} INFO - [2025-02-24T04:28:59.524+0000] {dagbag.py:540} INFO - Filling up the DagBag from /home/airflow/.local/lib/python3.12/site-packages/airflow/example_dags/example_sensor_decorator.py
[2025-02-24T04:28:59.537+0000] {processor.py:840} INFO - DAG(s) 'example_sensor_decorator' retrieved from /home/airflow/.local/lib/python3.12/site-packages/airflow/example_dags/example_sensor_decorator.py
[2025-02-24T04:28:59.576+0000] {logging_mixin.py:188} INFO - [2025-02-24T04:28:59.575+0000] {dag.py:3096} INFO - Sync 1 DAGs
[2025-02-24T04:28:59.603+0000] {logging_mixin.py:188} INFO - [2025-02-24T04:28:59.602+0000] {dag.py:3954} INFO - Setting next_dagrun for example_sensor_decorator to None, run_after=None
[2025-02-24T04:28:59.641+0000] {processor.py:183} INFO - Processing /home/airflow/.local/lib/python3.12/site-packages/airflow/example_dags/example_sensor_decorator.py took 0.130 seconds
