[2025-02-24T03:54:31.529+0000] {processor.py:161} INFO - Started process (PID=95) to work on /home/airflow/.local/lib/python3.12/site-packages/airflow/example_dags/example_setup_teardown.py
[2025-02-24T03:54:31.532+0000] {processor.py:830} INFO - Processing file /home/airflow/.local/lib/python3.12/site-packages/airflow/example_dags/example_setup_teardown.py for tasks to queue
[2025-02-24T03:54:31.538+0000] {logging_mixin.py:188} INFO - [2025-02-24T03:54:31.537+0000] {dagbag.py:540} INFO - Filling up the DagBag from /home/airflow/.local/lib/python3.12/site-packages/airflow/example_dags/example_setup_teardown.py
[2025-02-24T03:54:31.667+0000] {processor.py:840} INFO - DAG(s) 'example_setup_teardown' retrieved from /home/airflow/.local/lib/python3.12/site-packages/airflow/example_dags/example_setup_teardown.py
[2025-02-24T03:54:37.786+0000] {logging_mixin.py:188} INFO - [2025-02-24T03:54:37.783+0000] {override.py:1829} INFO - Created Permission View: can read on DAG:example_setup_teardown
[2025-02-24T03:54:37.842+0000] {logging_mixin.py:188} INFO - [2025-02-24T03:54:37.841+0000] {override.py:1829} INFO - Created Permission View: can delete on DAG:example_setup_teardown
[2025-02-24T03:54:37.858+0000] {logging_mixin.py:188} INFO - [2025-02-24T03:54:37.858+0000] {override.py:1829} INFO - Created Permission View: can edit on DAG:example_setup_teardown
[2025-02-24T03:54:37.859+0000] {logging_mixin.py:188} INFO - [2025-02-24T03:54:37.859+0000] {dag.py:3096} INFO - Sync 1 DAGs
[2025-02-24T03:54:37.897+0000] {logging_mixin.py:188} INFO - [2025-02-24T03:54:37.897+0000] {dag.py:3118} INFO - Creating ORM DAG for example_setup_teardown
[2025-02-24T03:54:37.941+0000] {logging_mixin.py:188} INFO - [2025-02-24T03:54:37.941+0000] {dag.py:3954} INFO - Setting next_dagrun for example_setup_teardown to 2025-02-23 00:00:00+00:00, run_after=2025-02-24 00:00:00+00:00
[2025-02-24T03:54:37.984+0000] {processor.py:183} INFO - Processing /home/airflow/.local/lib/python3.12/site-packages/airflow/example_dags/example_setup_teardown.py took 6.465 seconds
[2025-02-24T03:55:08.639+0000] {processor.py:161} INFO - Started process (PID=155) to work on /home/airflow/.local/lib/python3.12/site-packages/airflow/example_dags/example_setup_teardown.py
[2025-02-24T03:55:08.641+0000] {processor.py:830} INFO - Processing file /home/airflow/.local/lib/python3.12/site-packages/airflow/example_dags/example_setup_teardown.py for tasks to queue
[2025-02-24T03:55:08.644+0000] {logging_mixin.py:188} INFO - [2025-02-24T03:55:08.643+0000] {dagbag.py:540} INFO - Filling up the DagBag from /home/airflow/.local/lib/python3.12/site-packages/airflow/example_dags/example_setup_teardown.py
[2025-02-24T03:55:08.657+0000] {processor.py:840} INFO - DAG(s) 'example_setup_teardown' retrieved from /home/airflow/.local/lib/python3.12/site-packages/airflow/example_dags/example_setup_teardown.py
[2025-02-24T03:55:08.689+0000] {logging_mixin.py:188} INFO - [2025-02-24T03:55:08.689+0000] {dag.py:3096} INFO - Sync 1 DAGs
[2025-02-24T03:55:08.729+0000] {logging_mixin.py:188} INFO - [2025-02-24T03:55:08.729+0000] {dag.py:3954} INFO - Setting next_dagrun for example_setup_teardown to 2025-02-23 00:00:00+00:00, run_after=2025-02-24 00:00:00+00:00
[2025-02-24T03:55:08.754+0000] {processor.py:183} INFO - Processing /home/airflow/.local/lib/python3.12/site-packages/airflow/example_dags/example_setup_teardown.py took 0.138 seconds
[2025-02-24T03:55:39.302+0000] {processor.py:161} INFO - Started process (PID=215) to work on /home/airflow/.local/lib/python3.12/site-packages/airflow/example_dags/example_setup_teardown.py
[2025-02-24T03:55:39.304+0000] {processor.py:830} INFO - Processing file /home/airflow/.local/lib/python3.12/site-packages/airflow/example_dags/example_setup_teardown.py for tasks to queue
[2025-02-24T03:55:39.307+0000] {logging_mixin.py:188} INFO - [2025-02-24T03:55:39.307+0000] {dagbag.py:540} INFO - Filling up the DagBag from /home/airflow/.local/lib/python3.12/site-packages/airflow/example_dags/example_setup_teardown.py
[2025-02-24T03:55:39.316+0000] {processor.py:840} INFO - DAG(s) 'example_setup_teardown' retrieved from /home/airflow/.local/lib/python3.12/site-packages/airflow/example_dags/example_setup_teardown.py
[2025-02-24T03:55:39.344+0000] {logging_mixin.py:188} INFO - [2025-02-24T03:55:39.344+0000] {dag.py:3096} INFO - Sync 1 DAGs
[2025-02-24T03:55:39.389+0000] {logging_mixin.py:188} INFO - [2025-02-24T03:55:39.388+0000] {dag.py:3954} INFO - Setting next_dagrun for example_setup_teardown to 2025-02-23 00:00:00+00:00, run_after=2025-02-24 00:00:00+00:00
[2025-02-24T03:55:39.447+0000] {processor.py:183} INFO - Processing /home/airflow/.local/lib/python3.12/site-packages/airflow/example_dags/example_setup_teardown.py took 0.157 seconds
[2025-02-24T03:56:14.034+0000] {processor.py:161} INFO - Started process (PID=275) to work on /home/airflow/.local/lib/python3.12/site-packages/airflow/example_dags/example_setup_teardown.py
[2025-02-24T03:56:14.036+0000] {processor.py:830} INFO - Processing file /home/airflow/.local/lib/python3.12/site-packages/airflow/example_dags/example_setup_teardown.py for tasks to queue
[2025-02-24T03:56:14.039+0000] {logging_mixin.py:188} INFO - [2025-02-24T03:56:14.039+0000] {dagbag.py:540} INFO - Filling up the DagBag from /home/airflow/.local/lib/python3.12/site-packages/airflow/example_dags/example_setup_teardown.py
[2025-02-24T03:56:14.051+0000] {processor.py:840} INFO - DAG(s) 'example_setup_teardown' retrieved from /home/airflow/.local/lib/python3.12/site-packages/airflow/example_dags/example_setup_teardown.py
[2025-02-24T03:56:14.071+0000] {logging_mixin.py:188} INFO - [2025-02-24T03:56:14.070+0000] {dag.py:3096} INFO - Sync 1 DAGs
[2025-02-24T03:56:14.118+0000] {logging_mixin.py:188} INFO - [2025-02-24T03:56:14.117+0000] {dag.py:3954} INFO - Setting next_dagrun for example_setup_teardown to 2025-02-23 00:00:00+00:00, run_after=2025-02-24 00:00:00+00:00
[2025-02-24T03:56:14.150+0000] {processor.py:183} INFO - Processing /home/airflow/.local/lib/python3.12/site-packages/airflow/example_dags/example_setup_teardown.py took 0.126 seconds
[2025-02-24T03:56:45.712+0000] {processor.py:161} INFO - Started process (PID=340) to work on /home/airflow/.local/lib/python3.12/site-packages/airflow/example_dags/example_setup_teardown.py
[2025-02-24T03:56:45.713+0000] {processor.py:830} INFO - Processing file /home/airflow/.local/lib/python3.12/site-packages/airflow/example_dags/example_setup_teardown.py for tasks to queue
[2025-02-24T03:56:45.717+0000] {logging_mixin.py:188} INFO - [2025-02-24T03:56:45.716+0000] {dagbag.py:540} INFO - Filling up the DagBag from /home/airflow/.local/lib/python3.12/site-packages/airflow/example_dags/example_setup_teardown.py
[2025-02-24T03:56:45.731+0000] {processor.py:840} INFO - DAG(s) 'example_setup_teardown' retrieved from /home/airflow/.local/lib/python3.12/site-packages/airflow/example_dags/example_setup_teardown.py
[2025-02-24T03:56:45.863+0000] {logging_mixin.py:188} INFO - [2025-02-24T03:56:45.863+0000] {dag.py:3096} INFO - Sync 1 DAGs
[2025-02-24T03:56:45.889+0000] {logging_mixin.py:188} INFO - [2025-02-24T03:56:45.889+0000] {dag.py:3954} INFO - Setting next_dagrun for example_setup_teardown to 2025-02-23 00:00:00+00:00, run_after=2025-02-24 00:00:00+00:00
[2025-02-24T03:56:45.915+0000] {processor.py:183} INFO - Processing /home/airflow/.local/lib/python3.12/site-packages/airflow/example_dags/example_setup_teardown.py took 0.211 seconds
[2025-02-24T03:57:16.855+0000] {processor.py:161} INFO - Started process (PID=400) to work on /home/airflow/.local/lib/python3.12/site-packages/airflow/example_dags/example_setup_teardown.py
[2025-02-24T03:57:16.856+0000] {processor.py:830} INFO - Processing file /home/airflow/.local/lib/python3.12/site-packages/airflow/example_dags/example_setup_teardown.py for tasks to queue
[2025-02-24T03:57:16.860+0000] {logging_mixin.py:188} INFO - [2025-02-24T03:57:16.860+0000] {dagbag.py:540} INFO - Filling up the DagBag from /home/airflow/.local/lib/python3.12/site-packages/airflow/example_dags/example_setup_teardown.py
[2025-02-24T03:57:16.871+0000] {processor.py:840} INFO - DAG(s) 'example_setup_teardown' retrieved from /home/airflow/.local/lib/python3.12/site-packages/airflow/example_dags/example_setup_teardown.py
[2025-02-24T03:57:16.904+0000] {logging_mixin.py:188} INFO - [2025-02-24T03:57:16.903+0000] {dag.py:3096} INFO - Sync 1 DAGs
[2025-02-24T03:57:16.931+0000] {logging_mixin.py:188} INFO - [2025-02-24T03:57:16.930+0000] {dag.py:3954} INFO - Setting next_dagrun for example_setup_teardown to 2025-02-23 00:00:00+00:00, run_after=2025-02-24 00:00:00+00:00
[2025-02-24T03:57:16.954+0000] {processor.py:183} INFO - Processing /home/airflow/.local/lib/python3.12/site-packages/airflow/example_dags/example_setup_teardown.py took 0.107 seconds
[2025-02-24T03:57:47.391+0000] {processor.py:161} INFO - Started process (PID=460) to work on /home/airflow/.local/lib/python3.12/site-packages/airflow/example_dags/example_setup_teardown.py
[2025-02-24T03:57:47.393+0000] {processor.py:830} INFO - Processing file /home/airflow/.local/lib/python3.12/site-packages/airflow/example_dags/example_setup_teardown.py for tasks to queue
[2025-02-24T03:57:47.399+0000] {logging_mixin.py:188} INFO - [2025-02-24T03:57:47.399+0000] {dagbag.py:540} INFO - Filling up the DagBag from /home/airflow/.local/lib/python3.12/site-packages/airflow/example_dags/example_setup_teardown.py
[2025-02-24T03:57:47.408+0000] {processor.py:840} INFO - DAG(s) 'example_setup_teardown' retrieved from /home/airflow/.local/lib/python3.12/site-packages/airflow/example_dags/example_setup_teardown.py
[2025-02-24T03:57:47.506+0000] {logging_mixin.py:188} INFO - [2025-02-24T03:57:47.506+0000] {dag.py:3096} INFO - Sync 1 DAGs
[2025-02-24T03:57:47.633+0000] {logging_mixin.py:188} INFO - [2025-02-24T03:57:47.631+0000] {dag.py:3954} INFO - Setting next_dagrun for example_setup_teardown to 2025-02-23 00:00:00+00:00, run_after=2025-02-24 00:00:00+00:00
[2025-02-24T03:57:47.675+0000] {processor.py:183} INFO - Processing /home/airflow/.local/lib/python3.12/site-packages/airflow/example_dags/example_setup_teardown.py took 0.294 seconds
[2025-02-24T03:58:18.928+0000] {processor.py:161} INFO - Started process (PID=519) to work on /home/airflow/.local/lib/python3.12/site-packages/airflow/example_dags/example_setup_teardown.py
[2025-02-24T03:58:18.930+0000] {processor.py:830} INFO - Processing file /home/airflow/.local/lib/python3.12/site-packages/airflow/example_dags/example_setup_teardown.py for tasks to queue
[2025-02-24T03:58:18.934+0000] {logging_mixin.py:188} INFO - [2025-02-24T03:58:18.933+0000] {dagbag.py:540} INFO - Filling up the DagBag from /home/airflow/.local/lib/python3.12/site-packages/airflow/example_dags/example_setup_teardown.py
[2025-02-24T03:58:18.945+0000] {processor.py:840} INFO - DAG(s) 'example_setup_teardown' retrieved from /home/airflow/.local/lib/python3.12/site-packages/airflow/example_dags/example_setup_teardown.py
[2025-02-24T03:58:18.983+0000] {logging_mixin.py:188} INFO - [2025-02-24T03:58:18.983+0000] {dag.py:3096} INFO - Sync 1 DAGs
[2025-02-24T03:58:19.016+0000] {logging_mixin.py:188} INFO - [2025-02-24T03:58:19.016+0000] {dag.py:3954} INFO - Setting next_dagrun for example_setup_teardown to 2025-02-23 00:00:00+00:00, run_after=2025-02-24 00:00:00+00:00
[2025-02-24T03:58:19.046+0000] {processor.py:183} INFO - Processing /home/airflow/.local/lib/python3.12/site-packages/airflow/example_dags/example_setup_teardown.py took 0.127 seconds
[2025-02-24T03:58:49.375+0000] {processor.py:161} INFO - Started process (PID=578) to work on /home/airflow/.local/lib/python3.12/site-packages/airflow/example_dags/example_setup_teardown.py
[2025-02-24T03:58:49.405+0000] {processor.py:830} INFO - Processing file /home/airflow/.local/lib/python3.12/site-packages/airflow/example_dags/example_setup_teardown.py for tasks to queue
[2025-02-24T03:58:49.407+0000] {logging_mixin.py:188} INFO - [2025-02-24T03:58:49.407+0000] {dagbag.py:540} INFO - Filling up the DagBag from /home/airflow/.local/lib/python3.12/site-packages/airflow/example_dags/example_setup_teardown.py
[2025-02-24T03:58:49.417+0000] {processor.py:840} INFO - DAG(s) 'example_setup_teardown' retrieved from /home/airflow/.local/lib/python3.12/site-packages/airflow/example_dags/example_setup_teardown.py
[2025-02-24T03:58:49.444+0000] {logging_mixin.py:188} INFO - [2025-02-24T03:58:49.443+0000] {dag.py:3096} INFO - Sync 1 DAGs
[2025-02-24T03:58:49.477+0000] {logging_mixin.py:188} INFO - [2025-02-24T03:58:49.477+0000] {dag.py:3954} INFO - Setting next_dagrun for example_setup_teardown to 2025-02-23 00:00:00+00:00, run_after=2025-02-24 00:00:00+00:00
[2025-02-24T03:58:49.570+0000] {processor.py:183} INFO - Processing /home/airflow/.local/lib/python3.12/site-packages/airflow/example_dags/example_setup_teardown.py took 0.204 seconds
[2025-02-24T03:59:19.998+0000] {processor.py:161} INFO - Started process (PID=637) to work on /home/airflow/.local/lib/python3.12/site-packages/airflow/example_dags/example_setup_teardown.py
[2025-02-24T03:59:19.999+0000] {processor.py:830} INFO - Processing file /home/airflow/.local/lib/python3.12/site-packages/airflow/example_dags/example_setup_teardown.py for tasks to queue
[2025-02-24T03:59:20.004+0000] {logging_mixin.py:188} INFO - [2025-02-24T03:59:20.003+0000] {dagbag.py:540} INFO - Filling up the DagBag from /home/airflow/.local/lib/python3.12/site-packages/airflow/example_dags/example_setup_teardown.py
[2025-02-24T03:59:20.015+0000] {processor.py:840} INFO - DAG(s) 'example_setup_teardown' retrieved from /home/airflow/.local/lib/python3.12/site-packages/airflow/example_dags/example_setup_teardown.py
[2025-02-24T03:59:20.046+0000] {logging_mixin.py:188} INFO - [2025-02-24T03:59:20.045+0000] {dag.py:3096} INFO - Sync 1 DAGs
[2025-02-24T03:59:20.081+0000] {logging_mixin.py:188} INFO - [2025-02-24T03:59:20.080+0000] {dag.py:3954} INFO - Setting next_dagrun for example_setup_teardown to 2025-02-23 00:00:00+00:00, run_after=2025-02-24 00:00:00+00:00
[2025-02-24T03:59:20.118+0000] {processor.py:183} INFO - Processing /home/airflow/.local/lib/python3.12/site-packages/airflow/example_dags/example_setup_teardown.py took 0.131 seconds
[2025-02-24T03:59:50.646+0000] {processor.py:161} INFO - Started process (PID=698) to work on /home/airflow/.local/lib/python3.12/site-packages/airflow/example_dags/example_setup_teardown.py
[2025-02-24T03:59:50.648+0000] {processor.py:830} INFO - Processing file /home/airflow/.local/lib/python3.12/site-packages/airflow/example_dags/example_setup_teardown.py for tasks to queue
[2025-02-24T03:59:50.650+0000] {logging_mixin.py:188} INFO - [2025-02-24T03:59:50.649+0000] {dagbag.py:540} INFO - Filling up the DagBag from /home/airflow/.local/lib/python3.12/site-packages/airflow/example_dags/example_setup_teardown.py
[2025-02-24T03:59:50.658+0000] {processor.py:840} INFO - DAG(s) 'example_setup_teardown' retrieved from /home/airflow/.local/lib/python3.12/site-packages/airflow/example_dags/example_setup_teardown.py
[2025-02-24T03:59:50.683+0000] {logging_mixin.py:188} INFO - [2025-02-24T03:59:50.683+0000] {dag.py:3096} INFO - Sync 1 DAGs
[2025-02-24T03:59:50.709+0000] {logging_mixin.py:188} INFO - [2025-02-24T03:59:50.709+0000] {dag.py:3954} INFO - Setting next_dagrun for example_setup_teardown to 2025-02-23 00:00:00+00:00, run_after=2025-02-24 00:00:00+00:00
[2025-02-24T03:59:50.733+0000] {processor.py:183} INFO - Processing /home/airflow/.local/lib/python3.12/site-packages/airflow/example_dags/example_setup_teardown.py took 0.094 seconds
[2025-02-24T04:00:21.533+0000] {processor.py:161} INFO - Started process (PID=758) to work on /home/airflow/.local/lib/python3.12/site-packages/airflow/example_dags/example_setup_teardown.py
[2025-02-24T04:00:21.535+0000] {processor.py:830} INFO - Processing file /home/airflow/.local/lib/python3.12/site-packages/airflow/example_dags/example_setup_teardown.py for tasks to queue
[2025-02-24T04:00:21.538+0000] {logging_mixin.py:188} INFO - [2025-02-24T04:00:21.537+0000] {dagbag.py:540} INFO - Filling up the DagBag from /home/airflow/.local/lib/python3.12/site-packages/airflow/example_dags/example_setup_teardown.py
[2025-02-24T04:00:21.553+0000] {processor.py:840} INFO - DAG(s) 'example_setup_teardown' retrieved from /home/airflow/.local/lib/python3.12/site-packages/airflow/example_dags/example_setup_teardown.py
[2025-02-24T04:00:21.590+0000] {logging_mixin.py:188} INFO - [2025-02-24T04:00:21.590+0000] {dag.py:3096} INFO - Sync 1 DAGs
[2025-02-24T04:00:21.628+0000] {logging_mixin.py:188} INFO - [2025-02-24T04:00:21.628+0000] {dag.py:3954} INFO - Setting next_dagrun for example_setup_teardown to 2025-02-23 00:00:00+00:00, run_after=2025-02-24 00:00:00+00:00
[2025-02-24T04:00:21.670+0000] {processor.py:183} INFO - Processing /home/airflow/.local/lib/python3.12/site-packages/airflow/example_dags/example_setup_teardown.py took 0.147 seconds
[2025-02-24T04:00:52.104+0000] {processor.py:161} INFO - Started process (PID=820) to work on /home/airflow/.local/lib/python3.12/site-packages/airflow/example_dags/example_setup_teardown.py
[2025-02-24T04:00:52.106+0000] {processor.py:830} INFO - Processing file /home/airflow/.local/lib/python3.12/site-packages/airflow/example_dags/example_setup_teardown.py for tasks to queue
[2025-02-24T04:00:52.120+0000] {logging_mixin.py:188} INFO - [2025-02-24T04:00:52.119+0000] {dagbag.py:540} INFO - Filling up the DagBag from /home/airflow/.local/lib/python3.12/site-packages/airflow/example_dags/example_setup_teardown.py
[2025-02-24T04:00:52.143+0000] {processor.py:840} INFO - DAG(s) 'example_setup_teardown' retrieved from /home/airflow/.local/lib/python3.12/site-packages/airflow/example_dags/example_setup_teardown.py
[2025-02-24T04:00:52.227+0000] {logging_mixin.py:188} INFO - [2025-02-24T04:00:52.227+0000] {dag.py:3096} INFO - Sync 1 DAGs
[2025-02-24T04:00:52.336+0000] {logging_mixin.py:188} INFO - [2025-02-24T04:00:52.335+0000] {dag.py:3954} INFO - Setting next_dagrun for example_setup_teardown to 2025-02-23 00:00:00+00:00, run_after=2025-02-24 00:00:00+00:00
[2025-02-24T04:00:52.555+0000] {processor.py:183} INFO - Processing /home/airflow/.local/lib/python3.12/site-packages/airflow/example_dags/example_setup_teardown.py took 0.467 seconds
[2025-02-24T04:01:23.292+0000] {processor.py:161} INFO - Started process (PID=880) to work on /home/airflow/.local/lib/python3.12/site-packages/airflow/example_dags/example_setup_teardown.py
[2025-02-24T04:01:23.294+0000] {processor.py:830} INFO - Processing file /home/airflow/.local/lib/python3.12/site-packages/airflow/example_dags/example_setup_teardown.py for tasks to queue
[2025-02-24T04:01:23.297+0000] {logging_mixin.py:188} INFO - [2025-02-24T04:01:23.296+0000] {dagbag.py:540} INFO - Filling up the DagBag from /home/airflow/.local/lib/python3.12/site-packages/airflow/example_dags/example_setup_teardown.py
[2025-02-24T04:01:23.306+0000] {processor.py:840} INFO - DAG(s) 'example_setup_teardown' retrieved from /home/airflow/.local/lib/python3.12/site-packages/airflow/example_dags/example_setup_teardown.py
[2025-02-24T04:01:23.341+0000] {logging_mixin.py:188} INFO - [2025-02-24T04:01:23.340+0000] {dag.py:3096} INFO - Sync 1 DAGs
[2025-02-24T04:01:23.378+0000] {logging_mixin.py:188} INFO - [2025-02-24T04:01:23.378+0000] {dag.py:3954} INFO - Setting next_dagrun for example_setup_teardown to 2025-02-23 00:00:00+00:00, run_after=2025-02-24 00:00:00+00:00
[2025-02-24T04:01:23.410+0000] {processor.py:183} INFO - Processing /home/airflow/.local/lib/python3.12/site-packages/airflow/example_dags/example_setup_teardown.py took 0.127 seconds
[2025-02-24T04:01:53.487+0000] {processor.py:161} INFO - Started process (PID=946) to work on /home/airflow/.local/lib/python3.12/site-packages/airflow/example_dags/example_setup_teardown.py
[2025-02-24T04:01:53.488+0000] {processor.py:830} INFO - Processing file /home/airflow/.local/lib/python3.12/site-packages/airflow/example_dags/example_setup_teardown.py for tasks to queue
[2025-02-24T04:01:53.491+0000] {logging_mixin.py:188} INFO - [2025-02-24T04:01:53.491+0000] {dagbag.py:540} INFO - Filling up the DagBag from /home/airflow/.local/lib/python3.12/site-packages/airflow/example_dags/example_setup_teardown.py
[2025-02-24T04:01:53.500+0000] {processor.py:840} INFO - DAG(s) 'example_setup_teardown' retrieved from /home/airflow/.local/lib/python3.12/site-packages/airflow/example_dags/example_setup_teardown.py
[2025-02-24T04:01:53.525+0000] {logging_mixin.py:188} INFO - [2025-02-24T04:01:53.525+0000] {dag.py:3096} INFO - Sync 1 DAGs
[2025-02-24T04:01:53.550+0000] {logging_mixin.py:188} INFO - [2025-02-24T04:01:53.550+0000] {dag.py:3954} INFO - Setting next_dagrun for example_setup_teardown to 2025-02-23 00:00:00+00:00, run_after=2025-02-24 00:00:00+00:00
[2025-02-24T04:01:53.573+0000] {processor.py:183} INFO - Processing /home/airflow/.local/lib/python3.12/site-packages/airflow/example_dags/example_setup_teardown.py took 0.093 seconds
[2025-02-24T04:02:23.861+0000] {processor.py:161} INFO - Started process (PID=1006) to work on /home/airflow/.local/lib/python3.12/site-packages/airflow/example_dags/example_setup_teardown.py
[2025-02-24T04:02:23.862+0000] {processor.py:830} INFO - Processing file /home/airflow/.local/lib/python3.12/site-packages/airflow/example_dags/example_setup_teardown.py for tasks to queue
[2025-02-24T04:02:23.865+0000] {logging_mixin.py:188} INFO - [2025-02-24T04:02:23.865+0000] {dagbag.py:540} INFO - Filling up the DagBag from /home/airflow/.local/lib/python3.12/site-packages/airflow/example_dags/example_setup_teardown.py
[2025-02-24T04:02:23.874+0000] {processor.py:840} INFO - DAG(s) 'example_setup_teardown' retrieved from /home/airflow/.local/lib/python3.12/site-packages/airflow/example_dags/example_setup_teardown.py
[2025-02-24T04:02:23.911+0000] {logging_mixin.py:188} INFO - [2025-02-24T04:02:23.911+0000] {dag.py:3096} INFO - Sync 1 DAGs
[2025-02-24T04:02:23.948+0000] {logging_mixin.py:188} INFO - [2025-02-24T04:02:23.948+0000] {dag.py:3954} INFO - Setting next_dagrun for example_setup_teardown to 2025-02-23 00:00:00+00:00, run_after=2025-02-24 00:00:00+00:00
[2025-02-24T04:02:23.974+0000] {processor.py:183} INFO - Processing /home/airflow/.local/lib/python3.12/site-packages/airflow/example_dags/example_setup_teardown.py took 0.121 seconds
[2025-02-24T04:02:54.290+0000] {processor.py:161} INFO - Started process (PID=1064) to work on /home/airflow/.local/lib/python3.12/site-packages/airflow/example_dags/example_setup_teardown.py
[2025-02-24T04:02:54.292+0000] {processor.py:830} INFO - Processing file /home/airflow/.local/lib/python3.12/site-packages/airflow/example_dags/example_setup_teardown.py for tasks to queue
[2025-02-24T04:02:54.295+0000] {logging_mixin.py:188} INFO - [2025-02-24T04:02:54.294+0000] {dagbag.py:540} INFO - Filling up the DagBag from /home/airflow/.local/lib/python3.12/site-packages/airflow/example_dags/example_setup_teardown.py
[2025-02-24T04:02:54.303+0000] {processor.py:840} INFO - DAG(s) 'example_setup_teardown' retrieved from /home/airflow/.local/lib/python3.12/site-packages/airflow/example_dags/example_setup_teardown.py
[2025-02-24T04:02:54.329+0000] {logging_mixin.py:188} INFO - [2025-02-24T04:02:54.328+0000] {dag.py:3096} INFO - Sync 1 DAGs
[2025-02-24T04:02:54.356+0000] {logging_mixin.py:188} INFO - [2025-02-24T04:02:54.356+0000] {dag.py:3954} INFO - Setting next_dagrun for example_setup_teardown to 2025-02-23 00:00:00+00:00, run_after=2025-02-24 00:00:00+00:00
[2025-02-24T04:02:54.381+0000] {processor.py:183} INFO - Processing /home/airflow/.local/lib/python3.12/site-packages/airflow/example_dags/example_setup_teardown.py took 0.097 seconds
[2025-02-24T04:03:24.960+0000] {processor.py:161} INFO - Started process (PID=1124) to work on /home/airflow/.local/lib/python3.12/site-packages/airflow/example_dags/example_setup_teardown.py
[2025-02-24T04:03:24.962+0000] {processor.py:830} INFO - Processing file /home/airflow/.local/lib/python3.12/site-packages/airflow/example_dags/example_setup_teardown.py for tasks to queue
[2025-02-24T04:03:24.965+0000] {logging_mixin.py:188} INFO - [2025-02-24T04:03:24.964+0000] {dagbag.py:540} INFO - Filling up the DagBag from /home/airflow/.local/lib/python3.12/site-packages/airflow/example_dags/example_setup_teardown.py
[2025-02-24T04:03:24.977+0000] {processor.py:840} INFO - DAG(s) 'example_setup_teardown' retrieved from /home/airflow/.local/lib/python3.12/site-packages/airflow/example_dags/example_setup_teardown.py
[2025-02-24T04:03:25.011+0000] {logging_mixin.py:188} INFO - [2025-02-24T04:03:25.011+0000] {dag.py:3096} INFO - Sync 1 DAGs
[2025-02-24T04:03:25.048+0000] {logging_mixin.py:188} INFO - [2025-02-24T04:03:25.047+0000] {dag.py:3954} INFO - Setting next_dagrun for example_setup_teardown to 2025-02-23 00:00:00+00:00, run_after=2025-02-24 00:00:00+00:00
[2025-02-24T04:03:25.086+0000] {processor.py:183} INFO - Processing /home/airflow/.local/lib/python3.12/site-packages/airflow/example_dags/example_setup_teardown.py took 0.134 seconds
[2025-02-24T04:03:55.373+0000] {processor.py:161} INFO - Started process (PID=1181) to work on /home/airflow/.local/lib/python3.12/site-packages/airflow/example_dags/example_setup_teardown.py
[2025-02-24T04:03:55.375+0000] {processor.py:830} INFO - Processing file /home/airflow/.local/lib/python3.12/site-packages/airflow/example_dags/example_setup_teardown.py for tasks to queue
[2025-02-24T04:03:55.378+0000] {logging_mixin.py:188} INFO - [2025-02-24T04:03:55.377+0000] {dagbag.py:540} INFO - Filling up the DagBag from /home/airflow/.local/lib/python3.12/site-packages/airflow/example_dags/example_setup_teardown.py
[2025-02-24T04:03:55.387+0000] {processor.py:840} INFO - DAG(s) 'example_setup_teardown' retrieved from /home/airflow/.local/lib/python3.12/site-packages/airflow/example_dags/example_setup_teardown.py
[2025-02-24T04:03:55.416+0000] {logging_mixin.py:188} INFO - [2025-02-24T04:03:55.416+0000] {dag.py:3096} INFO - Sync 1 DAGs
[2025-02-24T04:03:55.452+0000] {logging_mixin.py:188} INFO - [2025-02-24T04:03:55.451+0000] {dag.py:3954} INFO - Setting next_dagrun for example_setup_teardown to 2025-02-23 00:00:00+00:00, run_after=2025-02-24 00:00:00+00:00
[2025-02-24T04:03:55.482+0000] {processor.py:183} INFO - Processing /home/airflow/.local/lib/python3.12/site-packages/airflow/example_dags/example_setup_teardown.py took 0.115 seconds
[2025-02-24T04:04:26.525+0000] {processor.py:161} INFO - Started process (PID=1234) to work on /home/airflow/.local/lib/python3.12/site-packages/airflow/example_dags/example_setup_teardown.py
[2025-02-24T04:04:26.527+0000] {processor.py:830} INFO - Processing file /home/airflow/.local/lib/python3.12/site-packages/airflow/example_dags/example_setup_teardown.py for tasks to queue
[2025-02-24T04:04:26.530+0000] {logging_mixin.py:188} INFO - [2025-02-24T04:04:26.529+0000] {dagbag.py:540} INFO - Filling up the DagBag from /home/airflow/.local/lib/python3.12/site-packages/airflow/example_dags/example_setup_teardown.py
[2025-02-24T04:04:26.541+0000] {processor.py:840} INFO - DAG(s) 'example_setup_teardown' retrieved from /home/airflow/.local/lib/python3.12/site-packages/airflow/example_dags/example_setup_teardown.py
[2025-02-24T04:04:26.582+0000] {logging_mixin.py:188} INFO - [2025-02-24T04:04:26.582+0000] {dag.py:3096} INFO - Sync 1 DAGs
[2025-02-24T04:04:26.847+0000] {logging_mixin.py:188} INFO - [2025-02-24T04:04:26.847+0000] {dag.py:3954} INFO - Setting next_dagrun for example_setup_teardown to 2025-02-23 00:00:00+00:00, run_after=2025-02-24 00:00:00+00:00
[2025-02-24T04:04:26.874+0000] {processor.py:183} INFO - Processing /home/airflow/.local/lib/python3.12/site-packages/airflow/example_dags/example_setup_teardown.py took 0.356 seconds
[2025-02-24T04:04:57.277+0000] {processor.py:161} INFO - Started process (PID=1294) to work on /home/airflow/.local/lib/python3.12/site-packages/airflow/example_dags/example_setup_teardown.py
[2025-02-24T04:04:57.279+0000] {processor.py:830} INFO - Processing file /home/airflow/.local/lib/python3.12/site-packages/airflow/example_dags/example_setup_teardown.py for tasks to queue
[2025-02-24T04:04:57.282+0000] {logging_mixin.py:188} INFO - [2025-02-24T04:04:57.281+0000] {dagbag.py:540} INFO - Filling up the DagBag from /home/airflow/.local/lib/python3.12/site-packages/airflow/example_dags/example_setup_teardown.py
[2025-02-24T04:04:57.297+0000] {processor.py:840} INFO - DAG(s) 'example_setup_teardown' retrieved from /home/airflow/.local/lib/python3.12/site-packages/airflow/example_dags/example_setup_teardown.py
[2025-02-24T04:04:57.331+0000] {logging_mixin.py:188} INFO - [2025-02-24T04:04:57.331+0000] {dag.py:3096} INFO - Sync 1 DAGs
[2025-02-24T04:04:57.363+0000] {logging_mixin.py:188} INFO - [2025-02-24T04:04:57.363+0000] {dag.py:3954} INFO - Setting next_dagrun for example_setup_teardown to 2025-02-23 00:00:00+00:00, run_after=2025-02-24 00:00:00+00:00
[2025-02-24T04:04:57.590+0000] {processor.py:183} INFO - Processing /home/airflow/.local/lib/python3.12/site-packages/airflow/example_dags/example_setup_teardown.py took 0.326 seconds
[2025-02-24T04:05:27.666+0000] {processor.py:161} INFO - Started process (PID=1354) to work on /home/airflow/.local/lib/python3.12/site-packages/airflow/example_dags/example_setup_teardown.py
[2025-02-24T04:05:27.667+0000] {processor.py:830} INFO - Processing file /home/airflow/.local/lib/python3.12/site-packages/airflow/example_dags/example_setup_teardown.py for tasks to queue
[2025-02-24T04:05:27.669+0000] {logging_mixin.py:188} INFO - [2025-02-24T04:05:27.669+0000] {dagbag.py:540} INFO - Filling up the DagBag from /home/airflow/.local/lib/python3.12/site-packages/airflow/example_dags/example_setup_teardown.py
[2025-02-24T04:05:27.678+0000] {processor.py:840} INFO - DAG(s) 'example_setup_teardown' retrieved from /home/airflow/.local/lib/python3.12/site-packages/airflow/example_dags/example_setup_teardown.py
[2025-02-24T04:05:27.703+0000] {logging_mixin.py:188} INFO - [2025-02-24T04:05:27.702+0000] {dag.py:3096} INFO - Sync 1 DAGs
[2025-02-24T04:05:27.729+0000] {logging_mixin.py:188} INFO - [2025-02-24T04:05:27.728+0000] {dag.py:3954} INFO - Setting next_dagrun for example_setup_teardown to 2025-02-23 00:00:00+00:00, run_after=2025-02-24 00:00:00+00:00
[2025-02-24T04:05:27.750+0000] {processor.py:183} INFO - Processing /home/airflow/.local/lib/python3.12/site-packages/airflow/example_dags/example_setup_teardown.py took 0.091 seconds
[2025-02-24T04:05:58.009+0000] {processor.py:161} INFO - Started process (PID=1414) to work on /home/airflow/.local/lib/python3.12/site-packages/airflow/example_dags/example_setup_teardown.py
[2025-02-24T04:05:58.011+0000] {processor.py:830} INFO - Processing file /home/airflow/.local/lib/python3.12/site-packages/airflow/example_dags/example_setup_teardown.py for tasks to queue
[2025-02-24T04:05:58.014+0000] {logging_mixin.py:188} INFO - [2025-02-24T04:05:58.013+0000] {dagbag.py:540} INFO - Filling up the DagBag from /home/airflow/.local/lib/python3.12/site-packages/airflow/example_dags/example_setup_teardown.py
[2025-02-24T04:05:58.025+0000] {processor.py:840} INFO - DAG(s) 'example_setup_teardown' retrieved from /home/airflow/.local/lib/python3.12/site-packages/airflow/example_dags/example_setup_teardown.py
[2025-02-24T04:05:58.054+0000] {logging_mixin.py:188} INFO - [2025-02-24T04:05:58.053+0000] {dag.py:3096} INFO - Sync 1 DAGs
[2025-02-24T04:05:58.082+0000] {logging_mixin.py:188} INFO - [2025-02-24T04:05:58.082+0000] {dag.py:3954} INFO - Setting next_dagrun for example_setup_teardown to 2025-02-23 00:00:00+00:00, run_after=2025-02-24 00:00:00+00:00
[2025-02-24T04:05:58.106+0000] {processor.py:183} INFO - Processing /home/airflow/.local/lib/python3.12/site-packages/airflow/example_dags/example_setup_teardown.py took 0.108 seconds
[2025-02-24T04:06:28.497+0000] {processor.py:161} INFO - Started process (PID=1472) to work on /home/airflow/.local/lib/python3.12/site-packages/airflow/example_dags/example_setup_teardown.py
[2025-02-24T04:06:28.499+0000] {processor.py:830} INFO - Processing file /home/airflow/.local/lib/python3.12/site-packages/airflow/example_dags/example_setup_teardown.py for tasks to queue
[2025-02-24T04:06:28.501+0000] {logging_mixin.py:188} INFO - [2025-02-24T04:06:28.500+0000] {dagbag.py:540} INFO - Filling up the DagBag from /home/airflow/.local/lib/python3.12/site-packages/airflow/example_dags/example_setup_teardown.py
[2025-02-24T04:06:28.510+0000] {processor.py:840} INFO - DAG(s) 'example_setup_teardown' retrieved from /home/airflow/.local/lib/python3.12/site-packages/airflow/example_dags/example_setup_teardown.py
[2025-02-24T04:06:28.537+0000] {logging_mixin.py:188} INFO - [2025-02-24T04:06:28.537+0000] {dag.py:3096} INFO - Sync 1 DAGs
[2025-02-24T04:06:28.563+0000] {logging_mixin.py:188} INFO - [2025-02-24T04:06:28.563+0000] {dag.py:3954} INFO - Setting next_dagrun for example_setup_teardown to 2025-02-23 00:00:00+00:00, run_after=2025-02-24 00:00:00+00:00
[2025-02-24T04:06:28.585+0000] {processor.py:183} INFO - Processing /home/airflow/.local/lib/python3.12/site-packages/airflow/example_dags/example_setup_teardown.py took 0.095 seconds
[2025-02-24T04:06:58.998+0000] {processor.py:161} INFO - Started process (PID=1538) to work on /home/airflow/.local/lib/python3.12/site-packages/airflow/example_dags/example_setup_teardown.py
[2025-02-24T04:06:59.000+0000] {processor.py:830} INFO - Processing file /home/airflow/.local/lib/python3.12/site-packages/airflow/example_dags/example_setup_teardown.py for tasks to queue
[2025-02-24T04:06:59.004+0000] {logging_mixin.py:188} INFO - [2025-02-24T04:06:59.004+0000] {dagbag.py:540} INFO - Filling up the DagBag from /home/airflow/.local/lib/python3.12/site-packages/airflow/example_dags/example_setup_teardown.py
[2025-02-24T04:06:59.014+0000] {processor.py:840} INFO - DAG(s) 'example_setup_teardown' retrieved from /home/airflow/.local/lib/python3.12/site-packages/airflow/example_dags/example_setup_teardown.py
[2025-02-24T04:06:59.047+0000] {logging_mixin.py:188} INFO - [2025-02-24T04:06:59.047+0000] {dag.py:3096} INFO - Sync 1 DAGs
[2025-02-24T04:06:59.085+0000] {logging_mixin.py:188} INFO - [2025-02-24T04:06:59.085+0000] {dag.py:3954} INFO - Setting next_dagrun for example_setup_teardown to 2025-02-23 00:00:00+00:00, run_after=2025-02-24 00:00:00+00:00
[2025-02-24T04:06:59.125+0000] {processor.py:183} INFO - Processing /home/airflow/.local/lib/python3.12/site-packages/airflow/example_dags/example_setup_teardown.py took 0.135 seconds
[2025-02-24T04:07:33.128+0000] {processor.py:161} INFO - Started process (PID=1598) to work on /home/airflow/.local/lib/python3.12/site-packages/airflow/example_dags/example_setup_teardown.py
[2025-02-24T04:07:33.129+0000] {processor.py:830} INFO - Processing file /home/airflow/.local/lib/python3.12/site-packages/airflow/example_dags/example_setup_teardown.py for tasks to queue
[2025-02-24T04:07:33.132+0000] {logging_mixin.py:188} INFO - [2025-02-24T04:07:33.132+0000] {dagbag.py:540} INFO - Filling up the DagBag from /home/airflow/.local/lib/python3.12/site-packages/airflow/example_dags/example_setup_teardown.py
[2025-02-24T04:07:33.140+0000] {processor.py:840} INFO - DAG(s) 'example_setup_teardown' retrieved from /home/airflow/.local/lib/python3.12/site-packages/airflow/example_dags/example_setup_teardown.py
[2025-02-24T04:07:33.168+0000] {logging_mixin.py:188} INFO - [2025-02-24T04:07:33.167+0000] {dag.py:3096} INFO - Sync 1 DAGs
[2025-02-24T04:07:33.194+0000] {logging_mixin.py:188} INFO - [2025-02-24T04:07:33.194+0000] {dag.py:3954} INFO - Setting next_dagrun for example_setup_teardown to 2025-02-23 00:00:00+00:00, run_after=2025-02-24 00:00:00+00:00
[2025-02-24T04:07:33.237+0000] {processor.py:183} INFO - Processing /home/airflow/.local/lib/python3.12/site-packages/airflow/example_dags/example_setup_teardown.py took 0.117 seconds
[2025-02-24T04:08:03.355+0000] {processor.py:161} INFO - Started process (PID=1658) to work on /home/airflow/.local/lib/python3.12/site-packages/airflow/example_dags/example_setup_teardown.py
[2025-02-24T04:08:03.356+0000] {processor.py:830} INFO - Processing file /home/airflow/.local/lib/python3.12/site-packages/airflow/example_dags/example_setup_teardown.py for tasks to queue
[2025-02-24T04:08:03.359+0000] {logging_mixin.py:188} INFO - [2025-02-24T04:08:03.358+0000] {dagbag.py:540} INFO - Filling up the DagBag from /home/airflow/.local/lib/python3.12/site-packages/airflow/example_dags/example_setup_teardown.py
[2025-02-24T04:08:03.367+0000] {processor.py:840} INFO - DAG(s) 'example_setup_teardown' retrieved from /home/airflow/.local/lib/python3.12/site-packages/airflow/example_dags/example_setup_teardown.py
[2025-02-24T04:08:03.399+0000] {logging_mixin.py:188} INFO - [2025-02-24T04:08:03.398+0000] {dag.py:3096} INFO - Sync 1 DAGs
[2025-02-24T04:08:03.432+0000] {logging_mixin.py:188} INFO - [2025-02-24T04:08:03.432+0000] {dag.py:3954} INFO - Setting next_dagrun for example_setup_teardown to 2025-02-23 00:00:00+00:00, run_after=2025-02-24 00:00:00+00:00
[2025-02-24T04:08:03.460+0000] {processor.py:183} INFO - Processing /home/airflow/.local/lib/python3.12/site-packages/airflow/example_dags/example_setup_teardown.py took 0.113 seconds
[2025-02-24T04:08:33.797+0000] {processor.py:161} INFO - Started process (PID=1718) to work on /home/airflow/.local/lib/python3.12/site-packages/airflow/example_dags/example_setup_teardown.py
[2025-02-24T04:08:33.798+0000] {processor.py:830} INFO - Processing file /home/airflow/.local/lib/python3.12/site-packages/airflow/example_dags/example_setup_teardown.py for tasks to queue
[2025-02-24T04:08:33.801+0000] {logging_mixin.py:188} INFO - [2025-02-24T04:08:33.800+0000] {dagbag.py:540} INFO - Filling up the DagBag from /home/airflow/.local/lib/python3.12/site-packages/airflow/example_dags/example_setup_teardown.py
[2025-02-24T04:08:33.810+0000] {processor.py:840} INFO - DAG(s) 'example_setup_teardown' retrieved from /home/airflow/.local/lib/python3.12/site-packages/airflow/example_dags/example_setup_teardown.py
[2025-02-24T04:08:33.836+0000] {logging_mixin.py:188} INFO - [2025-02-24T04:08:33.835+0000] {dag.py:3096} INFO - Sync 1 DAGs
[2025-02-24T04:08:33.863+0000] {logging_mixin.py:188} INFO - [2025-02-24T04:08:33.863+0000] {dag.py:3954} INFO - Setting next_dagrun for example_setup_teardown to 2025-02-23 00:00:00+00:00, run_after=2025-02-24 00:00:00+00:00
[2025-02-24T04:08:33.885+0000] {processor.py:183} INFO - Processing /home/airflow/.local/lib/python3.12/site-packages/airflow/example_dags/example_setup_teardown.py took 0.095 seconds
[2025-02-24T04:09:04.784+0000] {processor.py:161} INFO - Started process (PID=1777) to work on /home/airflow/.local/lib/python3.12/site-packages/airflow/example_dags/example_setup_teardown.py
[2025-02-24T04:09:04.785+0000] {processor.py:830} INFO - Processing file /home/airflow/.local/lib/python3.12/site-packages/airflow/example_dags/example_setup_teardown.py for tasks to queue
[2025-02-24T04:09:04.787+0000] {logging_mixin.py:188} INFO - [2025-02-24T04:09:04.787+0000] {dagbag.py:540} INFO - Filling up the DagBag from /home/airflow/.local/lib/python3.12/site-packages/airflow/example_dags/example_setup_teardown.py
[2025-02-24T04:09:04.797+0000] {processor.py:840} INFO - DAG(s) 'example_setup_teardown' retrieved from /home/airflow/.local/lib/python3.12/site-packages/airflow/example_dags/example_setup_teardown.py
[2025-02-24T04:09:04.821+0000] {logging_mixin.py:188} INFO - [2025-02-24T04:09:04.821+0000] {dag.py:3096} INFO - Sync 1 DAGs
[2025-02-24T04:09:04.849+0000] {logging_mixin.py:188} INFO - [2025-02-24T04:09:04.849+0000] {dag.py:3954} INFO - Setting next_dagrun for example_setup_teardown to 2025-02-23 00:00:00+00:00, run_after=2025-02-24 00:00:00+00:00
[2025-02-24T04:09:04.871+0000] {processor.py:183} INFO - Processing /home/airflow/.local/lib/python3.12/site-packages/airflow/example_dags/example_setup_teardown.py took 0.094 seconds
[2025-02-24T04:09:35.314+0000] {processor.py:161} INFO - Started process (PID=1838) to work on /home/airflow/.local/lib/python3.12/site-packages/airflow/example_dags/example_setup_teardown.py
[2025-02-24T04:09:35.315+0000] {processor.py:830} INFO - Processing file /home/airflow/.local/lib/python3.12/site-packages/airflow/example_dags/example_setup_teardown.py for tasks to queue
[2025-02-24T04:09:35.318+0000] {logging_mixin.py:188} INFO - [2025-02-24T04:09:35.317+0000] {dagbag.py:540} INFO - Filling up the DagBag from /home/airflow/.local/lib/python3.12/site-packages/airflow/example_dags/example_setup_teardown.py
[2025-02-24T04:09:35.326+0000] {processor.py:840} INFO - DAG(s) 'example_setup_teardown' retrieved from /home/airflow/.local/lib/python3.12/site-packages/airflow/example_dags/example_setup_teardown.py
[2025-02-24T04:09:35.354+0000] {logging_mixin.py:188} INFO - [2025-02-24T04:09:35.354+0000] {dag.py:3096} INFO - Sync 1 DAGs
[2025-02-24T04:09:35.382+0000] {logging_mixin.py:188} INFO - [2025-02-24T04:09:35.381+0000] {dag.py:3954} INFO - Setting next_dagrun for example_setup_teardown to 2025-02-23 00:00:00+00:00, run_after=2025-02-24 00:00:00+00:00
[2025-02-24T04:09:35.405+0000] {processor.py:183} INFO - Processing /home/airflow/.local/lib/python3.12/site-packages/airflow/example_dags/example_setup_teardown.py took 0.099 seconds
[2025-02-24T04:10:05.811+0000] {processor.py:161} INFO - Started process (PID=1898) to work on /home/airflow/.local/lib/python3.12/site-packages/airflow/example_dags/example_setup_teardown.py
[2025-02-24T04:10:05.812+0000] {processor.py:830} INFO - Processing file /home/airflow/.local/lib/python3.12/site-packages/airflow/example_dags/example_setup_teardown.py for tasks to queue
[2025-02-24T04:10:05.814+0000] {logging_mixin.py:188} INFO - [2025-02-24T04:10:05.814+0000] {dagbag.py:540} INFO - Filling up the DagBag from /home/airflow/.local/lib/python3.12/site-packages/airflow/example_dags/example_setup_teardown.py
[2025-02-24T04:10:05.823+0000] {processor.py:840} INFO - DAG(s) 'example_setup_teardown' retrieved from /home/airflow/.local/lib/python3.12/site-packages/airflow/example_dags/example_setup_teardown.py
[2025-02-24T04:10:05.846+0000] {logging_mixin.py:188} INFO - [2025-02-24T04:10:05.846+0000] {dag.py:3096} INFO - Sync 1 DAGs
[2025-02-24T04:10:05.870+0000] {logging_mixin.py:188} INFO - [2025-02-24T04:10:05.870+0000] {dag.py:3954} INFO - Setting next_dagrun for example_setup_teardown to 2025-02-23 00:00:00+00:00, run_after=2025-02-24 00:00:00+00:00
[2025-02-24T04:10:05.893+0000] {processor.py:183} INFO - Processing /home/airflow/.local/lib/python3.12/site-packages/airflow/example_dags/example_setup_teardown.py took 0.088 seconds
[2025-02-24T04:10:36.083+0000] {processor.py:161} INFO - Started process (PID=1964) to work on /home/airflow/.local/lib/python3.12/site-packages/airflow/example_dags/example_setup_teardown.py
[2025-02-24T04:10:36.085+0000] {processor.py:830} INFO - Processing file /home/airflow/.local/lib/python3.12/site-packages/airflow/example_dags/example_setup_teardown.py for tasks to queue
[2025-02-24T04:10:36.088+0000] {logging_mixin.py:188} INFO - [2025-02-24T04:10:36.088+0000] {dagbag.py:540} INFO - Filling up the DagBag from /home/airflow/.local/lib/python3.12/site-packages/airflow/example_dags/example_setup_teardown.py
[2025-02-24T04:10:36.101+0000] {processor.py:840} INFO - DAG(s) 'example_setup_teardown' retrieved from /home/airflow/.local/lib/python3.12/site-packages/airflow/example_dags/example_setup_teardown.py
[2025-02-24T04:10:36.126+0000] {logging_mixin.py:188} INFO - [2025-02-24T04:10:36.126+0000] {dag.py:3096} INFO - Sync 1 DAGs
[2025-02-24T04:10:36.156+0000] {logging_mixin.py:188} INFO - [2025-02-24T04:10:36.156+0000] {dag.py:3954} INFO - Setting next_dagrun for example_setup_teardown to 2025-02-23 00:00:00+00:00, run_after=2025-02-24 00:00:00+00:00
[2025-02-24T04:10:36.183+0000] {processor.py:183} INFO - Processing /home/airflow/.local/lib/python3.12/site-packages/airflow/example_dags/example_setup_teardown.py took 0.108 seconds
[2025-02-24T04:11:06.357+0000] {processor.py:161} INFO - Started process (PID=2030) to work on /home/airflow/.local/lib/python3.12/site-packages/airflow/example_dags/example_setup_teardown.py
[2025-02-24T04:11:06.358+0000] {processor.py:830} INFO - Processing file /home/airflow/.local/lib/python3.12/site-packages/airflow/example_dags/example_setup_teardown.py for tasks to queue
[2025-02-24T04:11:06.361+0000] {logging_mixin.py:188} INFO - [2025-02-24T04:11:06.360+0000] {dagbag.py:540} INFO - Filling up the DagBag from /home/airflow/.local/lib/python3.12/site-packages/airflow/example_dags/example_setup_teardown.py
[2025-02-24T04:11:06.368+0000] {processor.py:840} INFO - DAG(s) 'example_setup_teardown' retrieved from /home/airflow/.local/lib/python3.12/site-packages/airflow/example_dags/example_setup_teardown.py
[2025-02-24T04:11:06.392+0000] {logging_mixin.py:188} INFO - [2025-02-24T04:11:06.392+0000] {dag.py:3096} INFO - Sync 1 DAGs
[2025-02-24T04:11:06.422+0000] {logging_mixin.py:188} INFO - [2025-02-24T04:11:06.422+0000] {dag.py:3954} INFO - Setting next_dagrun for example_setup_teardown to 2025-02-23 00:00:00+00:00, run_after=2025-02-24 00:00:00+00:00
[2025-02-24T04:11:06.450+0000] {processor.py:183} INFO - Processing /home/airflow/.local/lib/python3.12/site-packages/airflow/example_dags/example_setup_teardown.py took 0.100 seconds
[2025-02-24T04:11:37.260+0000] {processor.py:161} INFO - Started process (PID=2096) to work on /home/airflow/.local/lib/python3.12/site-packages/airflow/example_dags/example_setup_teardown.py
[2025-02-24T04:11:37.262+0000] {processor.py:830} INFO - Processing file /home/airflow/.local/lib/python3.12/site-packages/airflow/example_dags/example_setup_teardown.py for tasks to queue
[2025-02-24T04:11:37.265+0000] {logging_mixin.py:188} INFO - [2025-02-24T04:11:37.264+0000] {dagbag.py:540} INFO - Filling up the DagBag from /home/airflow/.local/lib/python3.12/site-packages/airflow/example_dags/example_setup_teardown.py
[2025-02-24T04:11:37.275+0000] {processor.py:840} INFO - DAG(s) 'example_setup_teardown' retrieved from /home/airflow/.local/lib/python3.12/site-packages/airflow/example_dags/example_setup_teardown.py
[2025-02-24T04:11:37.303+0000] {logging_mixin.py:188} INFO - [2025-02-24T04:11:37.302+0000] {dag.py:3096} INFO - Sync 1 DAGs
[2025-02-24T04:11:37.333+0000] {logging_mixin.py:188} INFO - [2025-02-24T04:11:37.333+0000] {dag.py:3954} INFO - Setting next_dagrun for example_setup_teardown to 2025-02-23 00:00:00+00:00, run_after=2025-02-24 00:00:00+00:00
[2025-02-24T04:11:37.363+0000] {processor.py:183} INFO - Processing /home/airflow/.local/lib/python3.12/site-packages/airflow/example_dags/example_setup_teardown.py took 0.112 seconds
[2025-02-24T04:12:07.602+0000] {processor.py:161} INFO - Started process (PID=2163) to work on /home/airflow/.local/lib/python3.12/site-packages/airflow/example_dags/example_setup_teardown.py
[2025-02-24T04:12:07.603+0000] {processor.py:830} INFO - Processing file /home/airflow/.local/lib/python3.12/site-packages/airflow/example_dags/example_setup_teardown.py for tasks to queue
[2025-02-24T04:12:07.606+0000] {logging_mixin.py:188} INFO - [2025-02-24T04:12:07.605+0000] {dagbag.py:540} INFO - Filling up the DagBag from /home/airflow/.local/lib/python3.12/site-packages/airflow/example_dags/example_setup_teardown.py
[2025-02-24T04:12:07.614+0000] {processor.py:840} INFO - DAG(s) 'example_setup_teardown' retrieved from /home/airflow/.local/lib/python3.12/site-packages/airflow/example_dags/example_setup_teardown.py
[2025-02-24T04:12:07.638+0000] {logging_mixin.py:188} INFO - [2025-02-24T04:12:07.638+0000] {dag.py:3096} INFO - Sync 1 DAGs
[2025-02-24T04:12:07.663+0000] {logging_mixin.py:188} INFO - [2025-02-24T04:12:07.662+0000] {dag.py:3954} INFO - Setting next_dagrun for example_setup_teardown to 2025-02-23 00:00:00+00:00, run_after=2025-02-24 00:00:00+00:00
[2025-02-24T04:12:07.683+0000] {processor.py:183} INFO - Processing /home/airflow/.local/lib/python3.12/site-packages/airflow/example_dags/example_setup_teardown.py took 0.088 seconds
[2025-02-24T04:12:38.342+0000] {processor.py:161} INFO - Started process (PID=2232) to work on /home/airflow/.local/lib/python3.12/site-packages/airflow/example_dags/example_setup_teardown.py
[2025-02-24T04:12:38.343+0000] {processor.py:830} INFO - Processing file /home/airflow/.local/lib/python3.12/site-packages/airflow/example_dags/example_setup_teardown.py for tasks to queue
[2025-02-24T04:12:38.347+0000] {logging_mixin.py:188} INFO - [2025-02-24T04:12:38.347+0000] {dagbag.py:540} INFO - Filling up the DagBag from /home/airflow/.local/lib/python3.12/site-packages/airflow/example_dags/example_setup_teardown.py
[2025-02-24T04:12:38.360+0000] {processor.py:840} INFO - DAG(s) 'example_setup_teardown' retrieved from /home/airflow/.local/lib/python3.12/site-packages/airflow/example_dags/example_setup_teardown.py
[2025-02-24T04:12:38.386+0000] {logging_mixin.py:188} INFO - [2025-02-24T04:12:38.386+0000] {dag.py:3096} INFO - Sync 1 DAGs
[2025-02-24T04:12:38.413+0000] {logging_mixin.py:188} INFO - [2025-02-24T04:12:38.412+0000] {dag.py:3954} INFO - Setting next_dagrun for example_setup_teardown to 2025-02-23 00:00:00+00:00, run_after=2025-02-24 00:00:00+00:00
[2025-02-24T04:12:38.432+0000] {processor.py:183} INFO - Processing /home/airflow/.local/lib/python3.12/site-packages/airflow/example_dags/example_setup_teardown.py took 0.099 seconds
[2025-02-24T04:13:08.791+0000] {processor.py:161} INFO - Started process (PID=2293) to work on /home/airflow/.local/lib/python3.12/site-packages/airflow/example_dags/example_setup_teardown.py
[2025-02-24T04:13:08.792+0000] {processor.py:830} INFO - Processing file /home/airflow/.local/lib/python3.12/site-packages/airflow/example_dags/example_setup_teardown.py for tasks to queue
[2025-02-24T04:13:08.795+0000] {logging_mixin.py:188} INFO - [2025-02-24T04:13:08.794+0000] {dagbag.py:540} INFO - Filling up the DagBag from /home/airflow/.local/lib/python3.12/site-packages/airflow/example_dags/example_setup_teardown.py
[2025-02-24T04:13:08.803+0000] {processor.py:840} INFO - DAG(s) 'example_setup_teardown' retrieved from /home/airflow/.local/lib/python3.12/site-packages/airflow/example_dags/example_setup_teardown.py
[2025-02-24T04:13:08.828+0000] {logging_mixin.py:188} INFO - [2025-02-24T04:13:08.828+0000] {dag.py:3096} INFO - Sync 1 DAGs
[2025-02-24T04:13:08.854+0000] {logging_mixin.py:188} INFO - [2025-02-24T04:13:08.853+0000] {dag.py:3954} INFO - Setting next_dagrun for example_setup_teardown to 2025-02-23 00:00:00+00:00, run_after=2025-02-24 00:00:00+00:00
[2025-02-24T04:13:08.877+0000] {processor.py:183} INFO - Processing /home/airflow/.local/lib/python3.12/site-packages/airflow/example_dags/example_setup_teardown.py took 0.093 seconds
[2025-02-24T04:13:39.388+0000] {processor.py:161} INFO - Started process (PID=2353) to work on /home/airflow/.local/lib/python3.12/site-packages/airflow/example_dags/example_setup_teardown.py
[2025-02-24T04:13:39.389+0000] {processor.py:830} INFO - Processing file /home/airflow/.local/lib/python3.12/site-packages/airflow/example_dags/example_setup_teardown.py for tasks to queue
[2025-02-24T04:13:39.392+0000] {logging_mixin.py:188} INFO - [2025-02-24T04:13:39.391+0000] {dagbag.py:540} INFO - Filling up the DagBag from /home/airflow/.local/lib/python3.12/site-packages/airflow/example_dags/example_setup_teardown.py
[2025-02-24T04:13:39.400+0000] {processor.py:840} INFO - DAG(s) 'example_setup_teardown' retrieved from /home/airflow/.local/lib/python3.12/site-packages/airflow/example_dags/example_setup_teardown.py
[2025-02-24T04:13:39.425+0000] {logging_mixin.py:188} INFO - [2025-02-24T04:13:39.425+0000] {dag.py:3096} INFO - Sync 1 DAGs
[2025-02-24T04:13:39.451+0000] {logging_mixin.py:188} INFO - [2025-02-24T04:13:39.451+0000] {dag.py:3954} INFO - Setting next_dagrun for example_setup_teardown to 2025-02-23 00:00:00+00:00, run_after=2025-02-24 00:00:00+00:00
[2025-02-24T04:13:39.473+0000] {processor.py:183} INFO - Processing /home/airflow/.local/lib/python3.12/site-packages/airflow/example_dags/example_setup_teardown.py took 0.094 seconds
[2025-02-24T04:14:09.607+0000] {processor.py:161} INFO - Started process (PID=2413) to work on /home/airflow/.local/lib/python3.12/site-packages/airflow/example_dags/example_setup_teardown.py
[2025-02-24T04:14:09.608+0000] {processor.py:830} INFO - Processing file /home/airflow/.local/lib/python3.12/site-packages/airflow/example_dags/example_setup_teardown.py for tasks to queue
[2025-02-24T04:14:09.611+0000] {logging_mixin.py:188} INFO - [2025-02-24T04:14:09.610+0000] {dagbag.py:540} INFO - Filling up the DagBag from /home/airflow/.local/lib/python3.12/site-packages/airflow/example_dags/example_setup_teardown.py
[2025-02-24T04:14:09.618+0000] {processor.py:840} INFO - DAG(s) 'example_setup_teardown' retrieved from /home/airflow/.local/lib/python3.12/site-packages/airflow/example_dags/example_setup_teardown.py
[2025-02-24T04:14:09.642+0000] {logging_mixin.py:188} INFO - [2025-02-24T04:14:09.641+0000] {dag.py:3096} INFO - Sync 1 DAGs
[2025-02-24T04:14:09.666+0000] {logging_mixin.py:188} INFO - [2025-02-24T04:14:09.666+0000] {dag.py:3954} INFO - Setting next_dagrun for example_setup_teardown to 2025-02-23 00:00:00+00:00, run_after=2025-02-24 00:00:00+00:00
[2025-02-24T04:14:09.690+0000] {processor.py:183} INFO - Processing /home/airflow/.local/lib/python3.12/site-packages/airflow/example_dags/example_setup_teardown.py took 0.089 seconds
[2025-02-24T04:14:40.241+0000] {processor.py:161} INFO - Started process (PID=2473) to work on /home/airflow/.local/lib/python3.12/site-packages/airflow/example_dags/example_setup_teardown.py
[2025-02-24T04:14:40.242+0000] {processor.py:830} INFO - Processing file /home/airflow/.local/lib/python3.12/site-packages/airflow/example_dags/example_setup_teardown.py for tasks to queue
[2025-02-24T04:14:40.245+0000] {logging_mixin.py:188} INFO - [2025-02-24T04:14:40.244+0000] {dagbag.py:540} INFO - Filling up the DagBag from /home/airflow/.local/lib/python3.12/site-packages/airflow/example_dags/example_setup_teardown.py
[2025-02-24T04:14:40.255+0000] {processor.py:840} INFO - DAG(s) 'example_setup_teardown' retrieved from /home/airflow/.local/lib/python3.12/site-packages/airflow/example_dags/example_setup_teardown.py
[2025-02-24T04:14:40.282+0000] {logging_mixin.py:188} INFO - [2025-02-24T04:14:40.281+0000] {dag.py:3096} INFO - Sync 1 DAGs
[2025-02-24T04:14:40.311+0000] {logging_mixin.py:188} INFO - [2025-02-24T04:14:40.311+0000] {dag.py:3954} INFO - Setting next_dagrun for example_setup_teardown to 2025-02-23 00:00:00+00:00, run_after=2025-02-24 00:00:00+00:00
[2025-02-24T04:14:40.335+0000] {processor.py:183} INFO - Processing /home/airflow/.local/lib/python3.12/site-packages/airflow/example_dags/example_setup_teardown.py took 0.101 seconds
[2025-02-24T04:15:10.637+0000] {processor.py:161} INFO - Started process (PID=2533) to work on /home/airflow/.local/lib/python3.12/site-packages/airflow/example_dags/example_setup_teardown.py
[2025-02-24T04:15:10.639+0000] {processor.py:830} INFO - Processing file /home/airflow/.local/lib/python3.12/site-packages/airflow/example_dags/example_setup_teardown.py for tasks to queue
[2025-02-24T04:15:10.642+0000] {logging_mixin.py:188} INFO - [2025-02-24T04:15:10.642+0000] {dagbag.py:540} INFO - Filling up the DagBag from /home/airflow/.local/lib/python3.12/site-packages/airflow/example_dags/example_setup_teardown.py
[2025-02-24T04:15:10.651+0000] {processor.py:840} INFO - DAG(s) 'example_setup_teardown' retrieved from /home/airflow/.local/lib/python3.12/site-packages/airflow/example_dags/example_setup_teardown.py
[2025-02-24T04:15:10.676+0000] {logging_mixin.py:188} INFO - [2025-02-24T04:15:10.676+0000] {dag.py:3096} INFO - Sync 1 DAGs
[2025-02-24T04:15:10.704+0000] {logging_mixin.py:188} INFO - [2025-02-24T04:15:10.704+0000] {dag.py:3954} INFO - Setting next_dagrun for example_setup_teardown to 2025-02-23 00:00:00+00:00, run_after=2025-02-24 00:00:00+00:00
[2025-02-24T04:15:10.725+0000] {processor.py:183} INFO - Processing /home/airflow/.local/lib/python3.12/site-packages/airflow/example_dags/example_setup_teardown.py took 0.097 seconds
[2025-02-24T04:15:40.951+0000] {processor.py:161} INFO - Started process (PID=2593) to work on /home/airflow/.local/lib/python3.12/site-packages/airflow/example_dags/example_setup_teardown.py
[2025-02-24T04:15:40.952+0000] {processor.py:830} INFO - Processing file /home/airflow/.local/lib/python3.12/site-packages/airflow/example_dags/example_setup_teardown.py for tasks to queue
[2025-02-24T04:15:40.955+0000] {logging_mixin.py:188} INFO - [2025-02-24T04:15:40.955+0000] {dagbag.py:540} INFO - Filling up the DagBag from /home/airflow/.local/lib/python3.12/site-packages/airflow/example_dags/example_setup_teardown.py
[2025-02-24T04:15:40.963+0000] {processor.py:840} INFO - DAG(s) 'example_setup_teardown' retrieved from /home/airflow/.local/lib/python3.12/site-packages/airflow/example_dags/example_setup_teardown.py
[2025-02-24T04:15:40.987+0000] {logging_mixin.py:188} INFO - [2025-02-24T04:15:40.987+0000] {dag.py:3096} INFO - Sync 1 DAGs
[2025-02-24T04:15:41.011+0000] {logging_mixin.py:188} INFO - [2025-02-24T04:15:41.011+0000] {dag.py:3954} INFO - Setting next_dagrun for example_setup_teardown to 2025-02-23 00:00:00+00:00, run_after=2025-02-24 00:00:00+00:00
[2025-02-24T04:15:41.033+0000] {processor.py:183} INFO - Processing /home/airflow/.local/lib/python3.12/site-packages/airflow/example_dags/example_setup_teardown.py took 0.090 seconds
[2025-02-24T04:16:11.367+0000] {processor.py:161} INFO - Started process (PID=2654) to work on /home/airflow/.local/lib/python3.12/site-packages/airflow/example_dags/example_setup_teardown.py
[2025-02-24T04:16:11.368+0000] {processor.py:830} INFO - Processing file /home/airflow/.local/lib/python3.12/site-packages/airflow/example_dags/example_setup_teardown.py for tasks to queue
[2025-02-24T04:16:11.371+0000] {logging_mixin.py:188} INFO - [2025-02-24T04:16:11.370+0000] {dagbag.py:540} INFO - Filling up the DagBag from /home/airflow/.local/lib/python3.12/site-packages/airflow/example_dags/example_setup_teardown.py
[2025-02-24T04:16:11.379+0000] {processor.py:840} INFO - DAG(s) 'example_setup_teardown' retrieved from /home/airflow/.local/lib/python3.12/site-packages/airflow/example_dags/example_setup_teardown.py
[2025-02-24T04:16:11.403+0000] {logging_mixin.py:188} INFO - [2025-02-24T04:16:11.403+0000] {dag.py:3096} INFO - Sync 1 DAGs
[2025-02-24T04:16:11.428+0000] {logging_mixin.py:188} INFO - [2025-02-24T04:16:11.428+0000] {dag.py:3954} INFO - Setting next_dagrun for example_setup_teardown to 2025-02-23 00:00:00+00:00, run_after=2025-02-24 00:00:00+00:00
[2025-02-24T04:16:11.450+0000] {processor.py:183} INFO - Processing /home/airflow/.local/lib/python3.12/site-packages/airflow/example_dags/example_setup_teardown.py took 0.090 seconds
[2025-02-24T04:16:41.893+0000] {processor.py:161} INFO - Started process (PID=2714) to work on /home/airflow/.local/lib/python3.12/site-packages/airflow/example_dags/example_setup_teardown.py
[2025-02-24T04:16:41.894+0000] {processor.py:830} INFO - Processing file /home/airflow/.local/lib/python3.12/site-packages/airflow/example_dags/example_setup_teardown.py for tasks to queue
[2025-02-24T04:16:41.897+0000] {logging_mixin.py:188} INFO - [2025-02-24T04:16:41.896+0000] {dagbag.py:540} INFO - Filling up the DagBag from /home/airflow/.local/lib/python3.12/site-packages/airflow/example_dags/example_setup_teardown.py
[2025-02-24T04:16:41.905+0000] {processor.py:840} INFO - DAG(s) 'example_setup_teardown' retrieved from /home/airflow/.local/lib/python3.12/site-packages/airflow/example_dags/example_setup_teardown.py
[2025-02-24T04:16:41.928+0000] {logging_mixin.py:188} INFO - [2025-02-24T04:16:41.928+0000] {dag.py:3096} INFO - Sync 1 DAGs
[2025-02-24T04:16:41.954+0000] {logging_mixin.py:188} INFO - [2025-02-24T04:16:41.954+0000] {dag.py:3954} INFO - Setting next_dagrun for example_setup_teardown to 2025-02-23 00:00:00+00:00, run_after=2025-02-24 00:00:00+00:00
[2025-02-24T04:16:41.978+0000] {processor.py:183} INFO - Processing /home/airflow/.local/lib/python3.12/site-packages/airflow/example_dags/example_setup_teardown.py took 0.093 seconds
[2025-02-24T04:17:12.199+0000] {processor.py:161} INFO - Started process (PID=2780) to work on /home/airflow/.local/lib/python3.12/site-packages/airflow/example_dags/example_setup_teardown.py
[2025-02-24T04:17:12.200+0000] {processor.py:830} INFO - Processing file /home/airflow/.local/lib/python3.12/site-packages/airflow/example_dags/example_setup_teardown.py for tasks to queue
[2025-02-24T04:17:12.203+0000] {logging_mixin.py:188} INFO - [2025-02-24T04:17:12.203+0000] {dagbag.py:540} INFO - Filling up the DagBag from /home/airflow/.local/lib/python3.12/site-packages/airflow/example_dags/example_setup_teardown.py
[2025-02-24T04:17:12.212+0000] {processor.py:840} INFO - DAG(s) 'example_setup_teardown' retrieved from /home/airflow/.local/lib/python3.12/site-packages/airflow/example_dags/example_setup_teardown.py
[2025-02-24T04:17:12.239+0000] {logging_mixin.py:188} INFO - [2025-02-24T04:17:12.238+0000] {dag.py:3096} INFO - Sync 1 DAGs
[2025-02-24T04:17:12.268+0000] {logging_mixin.py:188} INFO - [2025-02-24T04:17:12.268+0000] {dag.py:3954} INFO - Setting next_dagrun for example_setup_teardown to 2025-02-23 00:00:00+00:00, run_after=2025-02-24 00:00:00+00:00
[2025-02-24T04:17:12.293+0000] {processor.py:183} INFO - Processing /home/airflow/.local/lib/python3.12/site-packages/airflow/example_dags/example_setup_teardown.py took 0.102 seconds
[2025-02-24T04:17:42.921+0000] {processor.py:161} INFO - Started process (PID=2840) to work on /home/airflow/.local/lib/python3.12/site-packages/airflow/example_dags/example_setup_teardown.py
[2025-02-24T04:17:42.923+0000] {processor.py:830} INFO - Processing file /home/airflow/.local/lib/python3.12/site-packages/airflow/example_dags/example_setup_teardown.py for tasks to queue
[2025-02-24T04:17:42.925+0000] {logging_mixin.py:188} INFO - [2025-02-24T04:17:42.925+0000] {dagbag.py:540} INFO - Filling up the DagBag from /home/airflow/.local/lib/python3.12/site-packages/airflow/example_dags/example_setup_teardown.py
[2025-02-24T04:17:42.933+0000] {processor.py:840} INFO - DAG(s) 'example_setup_teardown' retrieved from /home/airflow/.local/lib/python3.12/site-packages/airflow/example_dags/example_setup_teardown.py
[2025-02-24T04:17:42.958+0000] {logging_mixin.py:188} INFO - [2025-02-24T04:17:42.958+0000] {dag.py:3096} INFO - Sync 1 DAGs
[2025-02-24T04:17:42.983+0000] {logging_mixin.py:188} INFO - [2025-02-24T04:17:42.983+0000] {dag.py:3954} INFO - Setting next_dagrun for example_setup_teardown to 2025-02-23 00:00:00+00:00, run_after=2025-02-24 00:00:00+00:00
[2025-02-24T04:17:43.006+0000] {processor.py:183} INFO - Processing /home/airflow/.local/lib/python3.12/site-packages/airflow/example_dags/example_setup_teardown.py took 0.091 seconds
[2025-02-24T04:19:30.978+0000] {processor.py:161} INFO - Started process (PID=2879) to work on /home/airflow/.local/lib/python3.12/site-packages/airflow/example_dags/example_setup_teardown.py
[2025-02-24T04:19:30.979+0000] {processor.py:830} INFO - Processing file /home/airflow/.local/lib/python3.12/site-packages/airflow/example_dags/example_setup_teardown.py for tasks to queue
[2025-02-24T04:19:30.981+0000] {logging_mixin.py:188} INFO - [2025-02-24T04:19:30.980+0000] {dagbag.py:540} INFO - Filling up the DagBag from /home/airflow/.local/lib/python3.12/site-packages/airflow/example_dags/example_setup_teardown.py
[2025-02-24T04:19:30.998+0000] {processor.py:840} INFO - DAG(s) 'example_setup_teardown' retrieved from /home/airflow/.local/lib/python3.12/site-packages/airflow/example_dags/example_setup_teardown.py
[2025-02-24T04:19:31.048+0000] {logging_mixin.py:188} INFO - [2025-02-24T04:19:31.048+0000] {dag.py:3096} INFO - Sync 1 DAGs
[2025-02-24T04:19:31.109+0000] {logging_mixin.py:188} INFO - [2025-02-24T04:19:31.108+0000] {dag.py:3954} INFO - Setting next_dagrun for example_setup_teardown to 2025-02-23 00:00:00+00:00, run_after=2025-02-24 00:00:00+00:00
[2025-02-24T04:19:31.156+0000] {processor.py:183} INFO - Processing /home/airflow/.local/lib/python3.12/site-packages/airflow/example_dags/example_setup_teardown.py took 0.191 seconds
[2025-02-24T04:20:04.943+0000] {processor.py:161} INFO - Started process (PID=2939) to work on /home/airflow/.local/lib/python3.12/site-packages/airflow/example_dags/example_setup_teardown.py
[2025-02-24T04:20:04.945+0000] {processor.py:830} INFO - Processing file /home/airflow/.local/lib/python3.12/site-packages/airflow/example_dags/example_setup_teardown.py for tasks to queue
[2025-02-24T04:20:04.947+0000] {logging_mixin.py:188} INFO - [2025-02-24T04:20:04.947+0000] {dagbag.py:540} INFO - Filling up the DagBag from /home/airflow/.local/lib/python3.12/site-packages/airflow/example_dags/example_setup_teardown.py
[2025-02-24T04:20:04.966+0000] {processor.py:840} INFO - DAG(s) 'example_setup_teardown' retrieved from /home/airflow/.local/lib/python3.12/site-packages/airflow/example_dags/example_setup_teardown.py
[2025-02-24T04:20:05.016+0000] {logging_mixin.py:188} INFO - [2025-02-24T04:20:05.016+0000] {dag.py:3096} INFO - Sync 1 DAGs
[2025-02-24T04:20:05.077+0000] {logging_mixin.py:188} INFO - [2025-02-24T04:20:05.077+0000] {dag.py:3954} INFO - Setting next_dagrun for example_setup_teardown to 2025-02-23 00:00:00+00:00, run_after=2025-02-24 00:00:00+00:00
[2025-02-24T04:20:05.132+0000] {processor.py:183} INFO - Processing /home/airflow/.local/lib/python3.12/site-packages/airflow/example_dags/example_setup_teardown.py took 0.201 seconds
[2025-02-24T04:21:28.805+0000] {processor.py:161} INFO - Started process (PID=2975) to work on /home/airflow/.local/lib/python3.12/site-packages/airflow/example_dags/example_setup_teardown.py
[2025-02-24T04:21:28.809+0000] {processor.py:830} INFO - Processing file /home/airflow/.local/lib/python3.12/site-packages/airflow/example_dags/example_setup_teardown.py for tasks to queue
[2025-02-24T04:21:28.812+0000] {logging_mixin.py:188} INFO - [2025-02-24T04:21:28.811+0000] {dagbag.py:540} INFO - Filling up the DagBag from /home/airflow/.local/lib/python3.12/site-packages/airflow/example_dags/example_setup_teardown.py
[2025-02-24T04:21:28.849+0000] {processor.py:840} INFO - DAG(s) 'example_setup_teardown' retrieved from /home/airflow/.local/lib/python3.12/site-packages/airflow/example_dags/example_setup_teardown.py
[2025-02-24T04:21:28.972+0000] {logging_mixin.py:188} INFO - [2025-02-24T04:21:28.971+0000] {dag.py:3096} INFO - Sync 1 DAGs
[2025-02-24T04:21:29.083+0000] {logging_mixin.py:188} INFO - [2025-02-24T04:21:29.083+0000] {dag.py:3954} INFO - Setting next_dagrun for example_setup_teardown to 2025-02-23 00:00:00+00:00, run_after=2025-02-24 00:00:00+00:00
[2025-02-24T04:21:29.144+0000] {processor.py:183} INFO - Processing /home/airflow/.local/lib/python3.12/site-packages/airflow/example_dags/example_setup_teardown.py took 0.355 seconds
[2025-02-24T04:23:11.852+0000] {processor.py:161} INFO - Started process (PID=3037) to work on /home/airflow/.local/lib/python3.12/site-packages/airflow/example_dags/example_setup_teardown.py
[2025-02-24T04:23:11.862+0000] {processor.py:830} INFO - Processing file /home/airflow/.local/lib/python3.12/site-packages/airflow/example_dags/example_setup_teardown.py for tasks to queue
[2025-02-24T04:23:11.878+0000] {logging_mixin.py:188} INFO - [2025-02-24T04:23:11.873+0000] {dagbag.py:540} INFO - Filling up the DagBag from /home/airflow/.local/lib/python3.12/site-packages/airflow/example_dags/example_setup_teardown.py
[2025-02-24T04:23:11.918+0000] {processor.py:840} INFO - DAG(s) 'example_setup_teardown' retrieved from /home/airflow/.local/lib/python3.12/site-packages/airflow/example_dags/example_setup_teardown.py
[2025-02-24T04:23:12.048+0000] {logging_mixin.py:188} INFO - [2025-02-24T04:23:12.047+0000] {dag.py:3096} INFO - Sync 1 DAGs
[2025-02-24T04:23:12.200+0000] {logging_mixin.py:188} INFO - [2025-02-24T04:23:12.199+0000] {dag.py:3954} INFO - Setting next_dagrun for example_setup_teardown to 2025-02-23 00:00:00+00:00, run_after=2025-02-24 00:00:00+00:00
[2025-02-24T04:23:12.297+0000] {processor.py:183} INFO - Processing /home/airflow/.local/lib/python3.12/site-packages/airflow/example_dags/example_setup_teardown.py took 0.489 seconds
[2025-02-24T04:24:11.727+0000] {processor.py:161} INFO - Started process (PID=3095) to work on /home/airflow/.local/lib/python3.12/site-packages/airflow/example_dags/example_setup_teardown.py
[2025-02-24T04:24:11.729+0000] {processor.py:830} INFO - Processing file /home/airflow/.local/lib/python3.12/site-packages/airflow/example_dags/example_setup_teardown.py for tasks to queue
[2025-02-24T04:24:11.731+0000] {logging_mixin.py:188} INFO - [2025-02-24T04:24:11.730+0000] {dagbag.py:540} INFO - Filling up the DagBag from /home/airflow/.local/lib/python3.12/site-packages/airflow/example_dags/example_setup_teardown.py
[2025-02-24T04:24:11.744+0000] {processor.py:840} INFO - DAG(s) 'example_setup_teardown' retrieved from /home/airflow/.local/lib/python3.12/site-packages/airflow/example_dags/example_setup_teardown.py
[2025-02-24T04:24:11.777+0000] {logging_mixin.py:188} INFO - [2025-02-24T04:24:11.776+0000] {dag.py:3096} INFO - Sync 1 DAGs
[2025-02-24T04:24:11.823+0000] {logging_mixin.py:188} INFO - [2025-02-24T04:24:11.823+0000] {dag.py:3954} INFO - Setting next_dagrun for example_setup_teardown to 2025-02-23 00:00:00+00:00, run_after=2025-02-24 00:00:00+00:00
[2025-02-24T04:24:11.862+0000] {processor.py:183} INFO - Processing /home/airflow/.local/lib/python3.12/site-packages/airflow/example_dags/example_setup_teardown.py took 0.146 seconds
[2025-02-24T04:24:42.728+0000] {processor.py:161} INFO - Started process (PID=3155) to work on /home/airflow/.local/lib/python3.12/site-packages/airflow/example_dags/example_setup_teardown.py
[2025-02-24T04:24:42.729+0000] {processor.py:830} INFO - Processing file /home/airflow/.local/lib/python3.12/site-packages/airflow/example_dags/example_setup_teardown.py for tasks to queue
[2025-02-24T04:24:42.731+0000] {logging_mixin.py:188} INFO - [2025-02-24T04:24:42.730+0000] {dagbag.py:540} INFO - Filling up the DagBag from /home/airflow/.local/lib/python3.12/site-packages/airflow/example_dags/example_setup_teardown.py
[2025-02-24T04:24:42.746+0000] {processor.py:840} INFO - DAG(s) 'example_setup_teardown' retrieved from /home/airflow/.local/lib/python3.12/site-packages/airflow/example_dags/example_setup_teardown.py
[2025-02-24T04:24:42.784+0000] {logging_mixin.py:188} INFO - [2025-02-24T04:24:42.783+0000] {dag.py:3096} INFO - Sync 1 DAGs
[2025-02-24T04:24:42.824+0000] {logging_mixin.py:188} INFO - [2025-02-24T04:24:42.824+0000] {dag.py:3954} INFO - Setting next_dagrun for example_setup_teardown to 2025-02-23 00:00:00+00:00, run_after=2025-02-24 00:00:00+00:00
[2025-02-24T04:24:42.851+0000] {processor.py:183} INFO - Processing /home/airflow/.local/lib/python3.12/site-packages/airflow/example_dags/example_setup_teardown.py took 0.133 seconds
[2025-02-24T04:25:24.975+0000] {processor.py:161} INFO - Started process (PID=3189) to work on /home/airflow/.local/lib/python3.12/site-packages/airflow/example_dags/example_setup_teardown.py
[2025-02-24T04:25:24.990+0000] {processor.py:830} INFO - Processing file /home/airflow/.local/lib/python3.12/site-packages/airflow/example_dags/example_setup_teardown.py for tasks to queue
[2025-02-24T04:25:24.993+0000] {logging_mixin.py:188} INFO - [2025-02-24T04:25:24.992+0000] {dagbag.py:540} INFO - Filling up the DagBag from /home/airflow/.local/lib/python3.12/site-packages/airflow/example_dags/example_setup_teardown.py
[2025-02-24T04:25:25.038+0000] {processor.py:840} INFO - DAG(s) 'example_setup_teardown' retrieved from /home/airflow/.local/lib/python3.12/site-packages/airflow/example_dags/example_setup_teardown.py
[2025-02-24T04:25:25.118+0000] {logging_mixin.py:188} INFO - [2025-02-24T04:25:25.118+0000] {dag.py:3096} INFO - Sync 1 DAGs
[2025-02-24T04:25:25.223+0000] {logging_mixin.py:188} INFO - [2025-02-24T04:25:25.222+0000] {dag.py:3954} INFO - Setting next_dagrun for example_setup_teardown to 2025-02-23 00:00:00+00:00, run_after=2025-02-24 00:00:00+00:00
[2025-02-24T04:25:25.299+0000] {processor.py:183} INFO - Processing /home/airflow/.local/lib/python3.12/site-packages/airflow/example_dags/example_setup_teardown.py took 0.344 seconds
[2025-02-24T04:27:27.828+0000] {processor.py:161} INFO - Started process (PID=3248) to work on /home/airflow/.local/lib/python3.12/site-packages/airflow/example_dags/example_setup_teardown.py
[2025-02-24T04:27:27.830+0000] {processor.py:830} INFO - Processing file /home/airflow/.local/lib/python3.12/site-packages/airflow/example_dags/example_setup_teardown.py for tasks to queue
[2025-02-24T04:27:27.832+0000] {logging_mixin.py:188} INFO - [2025-02-24T04:27:27.831+0000] {dagbag.py:540} INFO - Filling up the DagBag from /home/airflow/.local/lib/python3.12/site-packages/airflow/example_dags/example_setup_teardown.py
[2025-02-24T04:27:27.931+0000] {processor.py:840} INFO - DAG(s) 'example_setup_teardown' retrieved from /home/airflow/.local/lib/python3.12/site-packages/airflow/example_dags/example_setup_teardown.py
[2025-02-24T04:27:29.296+0000] {logging_mixin.py:188} INFO - [2025-02-24T04:27:29.266+0000] {dag.py:3096} INFO - Sync 1 DAGs
[2025-02-24T04:27:29.578+0000] {logging_mixin.py:188} INFO - [2025-02-24T04:27:29.569+0000] {dag.py:3954} INFO - Setting next_dagrun for example_setup_teardown to 2025-02-23 00:00:00+00:00, run_after=2025-02-24 00:00:00+00:00
[2025-02-24T04:27:29.697+0000] {processor.py:183} INFO - Processing /home/airflow/.local/lib/python3.12/site-packages/airflow/example_dags/example_setup_teardown.py took 1.996 seconds
[2025-02-24T04:29:00.589+0000] {processor.py:161} INFO - Started process (PID=3331) to work on /home/airflow/.local/lib/python3.12/site-packages/airflow/example_dags/example_setup_teardown.py
[2025-02-24T04:29:00.591+0000] {processor.py:830} INFO - Processing file /home/airflow/.local/lib/python3.12/site-packages/airflow/example_dags/example_setup_teardown.py for tasks to queue
[2025-02-24T04:29:00.593+0000] {logging_mixin.py:188} INFO - [2025-02-24T04:29:00.593+0000] {dagbag.py:540} INFO - Filling up the DagBag from /home/airflow/.local/lib/python3.12/site-packages/airflow/example_dags/example_setup_teardown.py
[2025-02-24T04:29:00.612+0000] {processor.py:840} INFO - DAG(s) 'example_setup_teardown' retrieved from /home/airflow/.local/lib/python3.12/site-packages/airflow/example_dags/example_setup_teardown.py
[2025-02-24T04:29:00.654+0000] {logging_mixin.py:188} INFO - [2025-02-24T04:29:00.654+0000] {dag.py:3096} INFO - Sync 1 DAGs
[2025-02-24T04:29:00.695+0000] {logging_mixin.py:188} INFO - [2025-02-24T04:29:00.695+0000] {dag.py:3954} INFO - Setting next_dagrun for example_setup_teardown to 2025-02-23 00:00:00+00:00, run_after=2025-02-24 00:00:00+00:00
[2025-02-24T04:29:00.731+0000] {processor.py:183} INFO - Processing /home/airflow/.local/lib/python3.12/site-packages/airflow/example_dags/example_setup_teardown.py took 0.154 seconds
