[2025-02-24T03:54:26.244+0000] {processor.py:161} INFO - Started process (PID=91) to work on /home/airflow/.local/lib/python3.12/site-packages/airflow/example_dags/example_latest_only.py
[2025-02-24T03:54:26.246+0000] {processor.py:830} INFO - Processing file /home/airflow/.local/lib/python3.12/site-packages/airflow/example_dags/example_latest_only.py for tasks to queue
[2025-02-24T03:54:26.250+0000] {logging_mixin.py:188} INFO - [2025-02-24T03:54:26.249+0000] {dagbag.py:540} INFO - Filling up the DagBag from /home/airflow/.local/lib/python3.12/site-packages/airflow/example_dags/example_latest_only.py
[2025-02-24T03:54:26.264+0000] {processor.py:840} INFO - DAG(s) 'latest_only' retrieved from /home/airflow/.local/lib/python3.12/site-packages/airflow/example_dags/example_latest_only.py
[2025-02-24T03:54:27.061+0000] {logging_mixin.py:188} INFO - [2025-02-24T03:54:27.059+0000] {override.py:1829} INFO - Created Permission View: can read on DAG:latest_only
[2025-02-24T03:54:27.078+0000] {logging_mixin.py:188} INFO - [2025-02-24T03:54:27.078+0000] {override.py:1829} INFO - Created Permission View: can delete on DAG:latest_only
[2025-02-24T03:54:27.090+0000] {logging_mixin.py:188} INFO - [2025-02-24T03:54:27.089+0000] {override.py:1829} INFO - Created Permission View: can edit on DAG:latest_only
[2025-02-24T03:54:27.091+0000] {logging_mixin.py:188} INFO - [2025-02-24T03:54:27.090+0000] {dag.py:3096} INFO - Sync 1 DAGs
[2025-02-24T03:54:27.109+0000] {logging_mixin.py:188} INFO - [2025-02-24T03:54:27.109+0000] {dag.py:3118} INFO - Creating ORM DAG for latest_only
[2025-02-24T03:54:27.128+0000] {logging_mixin.py:188} INFO - [2025-02-24T03:54:27.128+0000] {dag.py:3954} INFO - Setting next_dagrun for latest_only to 2025-02-23 20:00:00+00:00, run_after=2025-02-24 00:00:00+00:00
[2025-02-24T03:54:27.189+0000] {processor.py:183} INFO - Processing /home/airflow/.local/lib/python3.12/site-packages/airflow/example_dags/example_latest_only.py took 0.954 seconds
[2025-02-24T03:54:58.146+0000] {processor.py:161} INFO - Started process (PID=151) to work on /home/airflow/.local/lib/python3.12/site-packages/airflow/example_dags/example_latest_only.py
[2025-02-24T03:54:58.148+0000] {processor.py:830} INFO - Processing file /home/airflow/.local/lib/python3.12/site-packages/airflow/example_dags/example_latest_only.py for tasks to queue
[2025-02-24T03:54:58.151+0000] {logging_mixin.py:188} INFO - [2025-02-24T03:54:58.151+0000] {dagbag.py:540} INFO - Filling up the DagBag from /home/airflow/.local/lib/python3.12/site-packages/airflow/example_dags/example_latest_only.py
[2025-02-24T03:54:58.157+0000] {processor.py:840} INFO - DAG(s) 'latest_only' retrieved from /home/airflow/.local/lib/python3.12/site-packages/airflow/example_dags/example_latest_only.py
[2025-02-24T03:54:58.185+0000] {logging_mixin.py:188} INFO - [2025-02-24T03:54:58.184+0000] {dag.py:3096} INFO - Sync 1 DAGs
[2025-02-24T03:54:58.217+0000] {logging_mixin.py:188} INFO - [2025-02-24T03:54:58.217+0000] {dag.py:3954} INFO - Setting next_dagrun for latest_only to 2025-02-23 20:00:00+00:00, run_after=2025-02-24 00:00:00+00:00
[2025-02-24T03:54:58.243+0000] {processor.py:183} INFO - Processing /home/airflow/.local/lib/python3.12/site-packages/airflow/example_dags/example_latest_only.py took 0.104 seconds
[2025-02-24T03:55:36.134+0000] {processor.py:161} INFO - Started process (PID=211) to work on /home/airflow/.local/lib/python3.12/site-packages/airflow/example_dags/example_latest_only.py
[2025-02-24T03:55:36.135+0000] {processor.py:830} INFO - Processing file /home/airflow/.local/lib/python3.12/site-packages/airflow/example_dags/example_latest_only.py for tasks to queue
[2025-02-24T03:55:36.141+0000] {logging_mixin.py:188} INFO - [2025-02-24T03:55:36.139+0000] {dagbag.py:540} INFO - Filling up the DagBag from /home/airflow/.local/lib/python3.12/site-packages/airflow/example_dags/example_latest_only.py
[2025-02-24T03:55:36.151+0000] {processor.py:840} INFO - DAG(s) 'latest_only' retrieved from /home/airflow/.local/lib/python3.12/site-packages/airflow/example_dags/example_latest_only.py
[2025-02-24T03:55:36.217+0000] {logging_mixin.py:188} INFO - [2025-02-24T03:55:36.216+0000] {dag.py:3096} INFO - Sync 1 DAGs
[2025-02-24T03:55:36.404+0000] {logging_mixin.py:188} INFO - [2025-02-24T03:55:36.403+0000] {dag.py:3954} INFO - Setting next_dagrun for latest_only to 2025-02-23 20:00:00+00:00, run_after=2025-02-24 00:00:00+00:00
[2025-02-24T03:55:36.453+0000] {processor.py:183} INFO - Processing /home/airflow/.local/lib/python3.12/site-packages/airflow/example_dags/example_latest_only.py took 0.330 seconds
[2025-02-24T03:56:13.761+0000] {processor.py:161} INFO - Started process (PID=271) to work on /home/airflow/.local/lib/python3.12/site-packages/airflow/example_dags/example_latest_only.py
[2025-02-24T03:56:13.762+0000] {processor.py:830} INFO - Processing file /home/airflow/.local/lib/python3.12/site-packages/airflow/example_dags/example_latest_only.py for tasks to queue
[2025-02-24T03:56:13.765+0000] {logging_mixin.py:188} INFO - [2025-02-24T03:56:13.765+0000] {dagbag.py:540} INFO - Filling up the DagBag from /home/airflow/.local/lib/python3.12/site-packages/airflow/example_dags/example_latest_only.py
[2025-02-24T03:56:13.772+0000] {processor.py:840} INFO - DAG(s) 'latest_only' retrieved from /home/airflow/.local/lib/python3.12/site-packages/airflow/example_dags/example_latest_only.py
[2025-02-24T03:56:13.790+0000] {logging_mixin.py:188} INFO - [2025-02-24T03:56:13.789+0000] {dag.py:3096} INFO - Sync 1 DAGs
[2025-02-24T03:56:13.826+0000] {logging_mixin.py:188} INFO - [2025-02-24T03:56:13.825+0000] {dag.py:3954} INFO - Setting next_dagrun for latest_only to 2025-02-23 20:00:00+00:00, run_after=2025-02-24 00:00:00+00:00
[2025-02-24T03:56:13.854+0000] {processor.py:183} INFO - Processing /home/airflow/.local/lib/python3.12/site-packages/airflow/example_dags/example_latest_only.py took 0.103 seconds
[2025-02-24T03:56:45.218+0000] {processor.py:161} INFO - Started process (PID=336) to work on /home/airflow/.local/lib/python3.12/site-packages/airflow/example_dags/example_latest_only.py
[2025-02-24T03:56:45.220+0000] {processor.py:830} INFO - Processing file /home/airflow/.local/lib/python3.12/site-packages/airflow/example_dags/example_latest_only.py for tasks to queue
[2025-02-24T03:56:45.222+0000] {logging_mixin.py:188} INFO - [2025-02-24T03:56:45.222+0000] {dagbag.py:540} INFO - Filling up the DagBag from /home/airflow/.local/lib/python3.12/site-packages/airflow/example_dags/example_latest_only.py
[2025-02-24T03:56:45.229+0000] {processor.py:840} INFO - DAG(s) 'latest_only' retrieved from /home/airflow/.local/lib/python3.12/site-packages/airflow/example_dags/example_latest_only.py
[2025-02-24T03:56:45.394+0000] {logging_mixin.py:188} INFO - [2025-02-24T03:56:45.394+0000] {dag.py:3096} INFO - Sync 1 DAGs
[2025-02-24T03:56:45.417+0000] {logging_mixin.py:188} INFO - [2025-02-24T03:56:45.417+0000] {dag.py:3954} INFO - Setting next_dagrun for latest_only to 2025-02-23 20:00:00+00:00, run_after=2025-02-24 00:00:00+00:00
[2025-02-24T03:56:45.455+0000] {processor.py:183} INFO - Processing /home/airflow/.local/lib/python3.12/site-packages/airflow/example_dags/example_latest_only.py took 0.245 seconds
[2025-02-24T03:57:16.406+0000] {processor.py:161} INFO - Started process (PID=396) to work on /home/airflow/.local/lib/python3.12/site-packages/airflow/example_dags/example_latest_only.py
[2025-02-24T03:57:16.407+0000] {processor.py:830} INFO - Processing file /home/airflow/.local/lib/python3.12/site-packages/airflow/example_dags/example_latest_only.py for tasks to queue
[2025-02-24T03:57:16.410+0000] {logging_mixin.py:188} INFO - [2025-02-24T03:57:16.409+0000] {dagbag.py:540} INFO - Filling up the DagBag from /home/airflow/.local/lib/python3.12/site-packages/airflow/example_dags/example_latest_only.py
[2025-02-24T03:57:16.416+0000] {processor.py:840} INFO - DAG(s) 'latest_only' retrieved from /home/airflow/.local/lib/python3.12/site-packages/airflow/example_dags/example_latest_only.py
[2025-02-24T03:57:16.448+0000] {logging_mixin.py:188} INFO - [2025-02-24T03:57:16.448+0000] {dag.py:3096} INFO - Sync 1 DAGs
[2025-02-24T03:57:16.485+0000] {logging_mixin.py:188} INFO - [2025-02-24T03:57:16.485+0000] {dag.py:3954} INFO - Setting next_dagrun for latest_only to 2025-02-23 20:00:00+00:00, run_after=2025-02-24 00:00:00+00:00
[2025-02-24T03:57:16.521+0000] {processor.py:183} INFO - Processing /home/airflow/.local/lib/python3.12/site-packages/airflow/example_dags/example_latest_only.py took 0.122 seconds
[2025-02-24T03:57:46.677+0000] {processor.py:161} INFO - Started process (PID=454) to work on /home/airflow/.local/lib/python3.12/site-packages/airflow/example_dags/example_latest_only.py
[2025-02-24T03:57:46.678+0000] {processor.py:830} INFO - Processing file /home/airflow/.local/lib/python3.12/site-packages/airflow/example_dags/example_latest_only.py for tasks to queue
[2025-02-24T03:57:46.681+0000] {logging_mixin.py:188} INFO - [2025-02-24T03:57:46.680+0000] {dagbag.py:540} INFO - Filling up the DagBag from /home/airflow/.local/lib/python3.12/site-packages/airflow/example_dags/example_latest_only.py
[2025-02-24T03:57:46.687+0000] {processor.py:840} INFO - DAG(s) 'latest_only' retrieved from /home/airflow/.local/lib/python3.12/site-packages/airflow/example_dags/example_latest_only.py
[2025-02-24T03:57:46.718+0000] {logging_mixin.py:188} INFO - [2025-02-24T03:57:46.718+0000] {dag.py:3096} INFO - Sync 1 DAGs
[2025-02-24T03:57:46.755+0000] {logging_mixin.py:188} INFO - [2025-02-24T03:57:46.754+0000] {dag.py:3954} INFO - Setting next_dagrun for latest_only to 2025-02-23 20:00:00+00:00, run_after=2025-02-24 00:00:00+00:00
[2025-02-24T03:57:46.782+0000] {processor.py:183} INFO - Processing /home/airflow/.local/lib/python3.12/site-packages/airflow/example_dags/example_latest_only.py took 0.114 seconds
[2025-02-24T03:58:17.632+0000] {processor.py:161} INFO - Started process (PID=514) to work on /home/airflow/.local/lib/python3.12/site-packages/airflow/example_dags/example_latest_only.py
[2025-02-24T03:58:17.634+0000] {processor.py:830} INFO - Processing file /home/airflow/.local/lib/python3.12/site-packages/airflow/example_dags/example_latest_only.py for tasks to queue
[2025-02-24T03:58:17.636+0000] {logging_mixin.py:188} INFO - [2025-02-24T03:58:17.636+0000] {dagbag.py:540} INFO - Filling up the DagBag from /home/airflow/.local/lib/python3.12/site-packages/airflow/example_dags/example_latest_only.py
[2025-02-24T03:58:17.643+0000] {processor.py:840} INFO - DAG(s) 'latest_only' retrieved from /home/airflow/.local/lib/python3.12/site-packages/airflow/example_dags/example_latest_only.py
[2025-02-24T03:58:17.672+0000] {logging_mixin.py:188} INFO - [2025-02-24T03:58:17.672+0000] {dag.py:3096} INFO - Sync 1 DAGs
[2025-02-24T03:58:17.740+0000] {logging_mixin.py:188} INFO - [2025-02-24T03:58:17.740+0000] {dag.py:3954} INFO - Setting next_dagrun for latest_only to 2025-02-23 20:00:00+00:00, run_after=2025-02-24 00:00:00+00:00
[2025-02-24T03:58:18.610+0000] {processor.py:183} INFO - Processing /home/airflow/.local/lib/python3.12/site-packages/airflow/example_dags/example_latest_only.py took 0.985 seconds
[2025-02-24T03:58:48.907+0000] {processor.py:161} INFO - Started process (PID=574) to work on /home/airflow/.local/lib/python3.12/site-packages/airflow/example_dags/example_latest_only.py
[2025-02-24T03:58:48.914+0000] {processor.py:830} INFO - Processing file /home/airflow/.local/lib/python3.12/site-packages/airflow/example_dags/example_latest_only.py for tasks to queue
[2025-02-24T03:58:48.919+0000] {logging_mixin.py:188} INFO - [2025-02-24T03:58:48.918+0000] {dagbag.py:540} INFO - Filling up the DagBag from /home/airflow/.local/lib/python3.12/site-packages/airflow/example_dags/example_latest_only.py
[2025-02-24T03:58:48.936+0000] {processor.py:840} INFO - DAG(s) 'latest_only' retrieved from /home/airflow/.local/lib/python3.12/site-packages/airflow/example_dags/example_latest_only.py
[2025-02-24T03:58:48.984+0000] {logging_mixin.py:188} INFO - [2025-02-24T03:58:48.984+0000] {dag.py:3096} INFO - Sync 1 DAGs
[2025-02-24T03:58:49.045+0000] {logging_mixin.py:188} INFO - [2025-02-24T03:58:49.044+0000] {dag.py:3954} INFO - Setting next_dagrun for latest_only to 2025-02-23 20:00:00+00:00, run_after=2025-02-24 00:00:00+00:00
[2025-02-24T03:58:49.087+0000] {processor.py:183} INFO - Processing /home/airflow/.local/lib/python3.12/site-packages/airflow/example_dags/example_latest_only.py took 0.193 seconds
[2025-02-24T03:59:19.791+0000] {processor.py:161} INFO - Started process (PID=634) to work on /home/airflow/.local/lib/python3.12/site-packages/airflow/example_dags/example_latest_only.py
[2025-02-24T03:59:19.793+0000] {processor.py:830} INFO - Processing file /home/airflow/.local/lib/python3.12/site-packages/airflow/example_dags/example_latest_only.py for tasks to queue
[2025-02-24T03:59:19.796+0000] {logging_mixin.py:188} INFO - [2025-02-24T03:59:19.796+0000] {dagbag.py:540} INFO - Filling up the DagBag from /home/airflow/.local/lib/python3.12/site-packages/airflow/example_dags/example_latest_only.py
[2025-02-24T03:59:19.804+0000] {processor.py:840} INFO - DAG(s) 'latest_only' retrieved from /home/airflow/.local/lib/python3.12/site-packages/airflow/example_dags/example_latest_only.py
[2025-02-24T03:59:19.831+0000] {logging_mixin.py:188} INFO - [2025-02-24T03:59:19.831+0000] {dag.py:3096} INFO - Sync 1 DAGs
[2025-02-24T03:59:19.884+0000] {logging_mixin.py:188} INFO - [2025-02-24T03:59:19.884+0000] {dag.py:3954} INFO - Setting next_dagrun for latest_only to 2025-02-23 20:00:00+00:00, run_after=2025-02-24 00:00:00+00:00
[2025-02-24T03:59:19.932+0000] {processor.py:183} INFO - Processing /home/airflow/.local/lib/python3.12/site-packages/airflow/example_dags/example_latest_only.py took 0.149 seconds
[2025-02-24T03:59:50.318+0000] {processor.py:161} INFO - Started process (PID=694) to work on /home/airflow/.local/lib/python3.12/site-packages/airflow/example_dags/example_latest_only.py
[2025-02-24T03:59:50.319+0000] {processor.py:830} INFO - Processing file /home/airflow/.local/lib/python3.12/site-packages/airflow/example_dags/example_latest_only.py for tasks to queue
[2025-02-24T03:59:50.322+0000] {logging_mixin.py:188} INFO - [2025-02-24T03:59:50.322+0000] {dagbag.py:540} INFO - Filling up the DagBag from /home/airflow/.local/lib/python3.12/site-packages/airflow/example_dags/example_latest_only.py
[2025-02-24T03:59:50.329+0000] {processor.py:840} INFO - DAG(s) 'latest_only' retrieved from /home/airflow/.local/lib/python3.12/site-packages/airflow/example_dags/example_latest_only.py
[2025-02-24T03:59:50.360+0000] {logging_mixin.py:188} INFO - [2025-02-24T03:59:50.360+0000] {dag.py:3096} INFO - Sync 1 DAGs
[2025-02-24T03:59:50.400+0000] {logging_mixin.py:188} INFO - [2025-02-24T03:59:50.400+0000] {dag.py:3954} INFO - Setting next_dagrun for latest_only to 2025-02-23 20:00:00+00:00, run_after=2025-02-24 00:00:00+00:00
[2025-02-24T03:59:50.436+0000] {processor.py:183} INFO - Processing /home/airflow/.local/lib/python3.12/site-packages/airflow/example_dags/example_latest_only.py took 0.127 seconds
[2025-02-24T04:00:21.161+0000] {processor.py:161} INFO - Started process (PID=754) to work on /home/airflow/.local/lib/python3.12/site-packages/airflow/example_dags/example_latest_only.py
[2025-02-24T04:00:21.162+0000] {processor.py:830} INFO - Processing file /home/airflow/.local/lib/python3.12/site-packages/airflow/example_dags/example_latest_only.py for tasks to queue
[2025-02-24T04:00:21.166+0000] {logging_mixin.py:188} INFO - [2025-02-24T04:00:21.166+0000] {dagbag.py:540} INFO - Filling up the DagBag from /home/airflow/.local/lib/python3.12/site-packages/airflow/example_dags/example_latest_only.py
[2025-02-24T04:00:21.175+0000] {processor.py:840} INFO - DAG(s) 'latest_only' retrieved from /home/airflow/.local/lib/python3.12/site-packages/airflow/example_dags/example_latest_only.py
[2025-02-24T04:00:21.211+0000] {logging_mixin.py:188} INFO - [2025-02-24T04:00:21.211+0000] {dag.py:3096} INFO - Sync 1 DAGs
[2025-02-24T04:00:21.251+0000] {logging_mixin.py:188} INFO - [2025-02-24T04:00:21.251+0000] {dag.py:3954} INFO - Setting next_dagrun for latest_only to 2025-02-24 00:00:00+00:00, run_after=2025-02-24 04:00:00+00:00
[2025-02-24T04:00:21.290+0000] {processor.py:183} INFO - Processing /home/airflow/.local/lib/python3.12/site-packages/airflow/example_dags/example_latest_only.py took 0.140 seconds
[2025-02-24T04:00:51.710+0000] {processor.py:161} INFO - Started process (PID=814) to work on /home/airflow/.local/lib/python3.12/site-packages/airflow/example_dags/example_latest_only.py
[2025-02-24T04:00:51.711+0000] {processor.py:830} INFO - Processing file /home/airflow/.local/lib/python3.12/site-packages/airflow/example_dags/example_latest_only.py for tasks to queue
[2025-02-24T04:00:51.714+0000] {logging_mixin.py:188} INFO - [2025-02-24T04:00:51.714+0000] {dagbag.py:540} INFO - Filling up the DagBag from /home/airflow/.local/lib/python3.12/site-packages/airflow/example_dags/example_latest_only.py
[2025-02-24T04:00:51.724+0000] {processor.py:840} INFO - DAG(s) 'latest_only' retrieved from /home/airflow/.local/lib/python3.12/site-packages/airflow/example_dags/example_latest_only.py
[2025-02-24T04:00:51.752+0000] {logging_mixin.py:188} INFO - [2025-02-24T04:00:51.752+0000] {dag.py:3096} INFO - Sync 1 DAGs
[2025-02-24T04:00:51.788+0000] {logging_mixin.py:188} INFO - [2025-02-24T04:00:51.787+0000] {dag.py:3954} INFO - Setting next_dagrun for latest_only to 2025-02-24 00:00:00+00:00, run_after=2025-02-24 04:00:00+00:00
[2025-02-24T04:00:51.817+0000] {processor.py:183} INFO - Processing /home/airflow/.local/lib/python3.12/site-packages/airflow/example_dags/example_latest_only.py took 0.117 seconds
[2025-02-24T04:01:21.884+0000] {processor.py:161} INFO - Started process (PID=876) to work on /home/airflow/.local/lib/python3.12/site-packages/airflow/example_dags/example_latest_only.py
[2025-02-24T04:01:21.885+0000] {processor.py:830} INFO - Processing file /home/airflow/.local/lib/python3.12/site-packages/airflow/example_dags/example_latest_only.py for tasks to queue
[2025-02-24T04:01:21.888+0000] {logging_mixin.py:188} INFO - [2025-02-24T04:01:21.888+0000] {dagbag.py:540} INFO - Filling up the DagBag from /home/airflow/.local/lib/python3.12/site-packages/airflow/example_dags/example_latest_only.py
[2025-02-24T04:01:21.894+0000] {processor.py:840} INFO - DAG(s) 'latest_only' retrieved from /home/airflow/.local/lib/python3.12/site-packages/airflow/example_dags/example_latest_only.py
[2025-02-24T04:01:21.919+0000] {logging_mixin.py:188} INFO - [2025-02-24T04:01:21.919+0000] {dag.py:3096} INFO - Sync 1 DAGs
[2025-02-24T04:01:21.946+0000] {logging_mixin.py:188} INFO - [2025-02-24T04:01:21.946+0000] {dag.py:3954} INFO - Setting next_dagrun for latest_only to 2025-02-24 00:00:00+00:00, run_after=2025-02-24 04:00:00+00:00
[2025-02-24T04:01:21.971+0000] {processor.py:183} INFO - Processing /home/airflow/.local/lib/python3.12/site-packages/airflow/example_dags/example_latest_only.py took 0.094 seconds
[2025-02-24T04:01:52.205+0000] {processor.py:161} INFO - Started process (PID=942) to work on /home/airflow/.local/lib/python3.12/site-packages/airflow/example_dags/example_latest_only.py
[2025-02-24T04:01:52.206+0000] {processor.py:830} INFO - Processing file /home/airflow/.local/lib/python3.12/site-packages/airflow/example_dags/example_latest_only.py for tasks to queue
[2025-02-24T04:01:52.209+0000] {logging_mixin.py:188} INFO - [2025-02-24T04:01:52.208+0000] {dagbag.py:540} INFO - Filling up the DagBag from /home/airflow/.local/lib/python3.12/site-packages/airflow/example_dags/example_latest_only.py
[2025-02-24T04:01:52.214+0000] {processor.py:840} INFO - DAG(s) 'latest_only' retrieved from /home/airflow/.local/lib/python3.12/site-packages/airflow/example_dags/example_latest_only.py
[2025-02-24T04:01:52.237+0000] {logging_mixin.py:188} INFO - [2025-02-24T04:01:52.237+0000] {dag.py:3096} INFO - Sync 1 DAGs
[2025-02-24T04:01:52.262+0000] {logging_mixin.py:188} INFO - [2025-02-24T04:01:52.262+0000] {dag.py:3954} INFO - Setting next_dagrun for latest_only to 2025-02-24 00:00:00+00:00, run_after=2025-02-24 04:00:00+00:00
[2025-02-24T04:01:52.284+0000] {processor.py:183} INFO - Processing /home/airflow/.local/lib/python3.12/site-packages/airflow/example_dags/example_latest_only.py took 0.085 seconds
[2025-02-24T04:02:22.352+0000] {processor.py:161} INFO - Started process (PID=996) to work on /home/airflow/.local/lib/python3.12/site-packages/airflow/example_dags/example_latest_only.py
[2025-02-24T04:02:22.353+0000] {processor.py:830} INFO - Processing file /home/airflow/.local/lib/python3.12/site-packages/airflow/example_dags/example_latest_only.py for tasks to queue
[2025-02-24T04:02:22.356+0000] {logging_mixin.py:188} INFO - [2025-02-24T04:02:22.355+0000] {dagbag.py:540} INFO - Filling up the DagBag from /home/airflow/.local/lib/python3.12/site-packages/airflow/example_dags/example_latest_only.py
[2025-02-24T04:02:22.363+0000] {processor.py:840} INFO - DAG(s) 'latest_only' retrieved from /home/airflow/.local/lib/python3.12/site-packages/airflow/example_dags/example_latest_only.py
[2025-02-24T04:02:22.391+0000] {logging_mixin.py:188} INFO - [2025-02-24T04:02:22.390+0000] {dag.py:3096} INFO - Sync 1 DAGs
[2025-02-24T04:02:22.417+0000] {logging_mixin.py:188} INFO - [2025-02-24T04:02:22.417+0000] {dag.py:3954} INFO - Setting next_dagrun for latest_only to 2025-02-24 00:00:00+00:00, run_after=2025-02-24 04:00:00+00:00
[2025-02-24T04:02:22.607+0000] {processor.py:183} INFO - Processing /home/airflow/.local/lib/python3.12/site-packages/airflow/example_dags/example_latest_only.py took 0.263 seconds
[2025-02-24T04:02:52.667+0000] {processor.py:161} INFO - Started process (PID=1056) to work on /home/airflow/.local/lib/python3.12/site-packages/airflow/example_dags/example_latest_only.py
[2025-02-24T04:02:52.669+0000] {processor.py:830} INFO - Processing file /home/airflow/.local/lib/python3.12/site-packages/airflow/example_dags/example_latest_only.py for tasks to queue
[2025-02-24T04:02:52.672+0000] {logging_mixin.py:188} INFO - [2025-02-24T04:02:52.671+0000] {dagbag.py:540} INFO - Filling up the DagBag from /home/airflow/.local/lib/python3.12/site-packages/airflow/example_dags/example_latest_only.py
[2025-02-24T04:02:52.679+0000] {processor.py:840} INFO - DAG(s) 'latest_only' retrieved from /home/airflow/.local/lib/python3.12/site-packages/airflow/example_dags/example_latest_only.py
[2025-02-24T04:02:52.704+0000] {logging_mixin.py:188} INFO - [2025-02-24T04:02:52.704+0000] {dag.py:3096} INFO - Sync 1 DAGs
[2025-02-24T04:02:52.728+0000] {logging_mixin.py:188} INFO - [2025-02-24T04:02:52.728+0000] {dag.py:3954} INFO - Setting next_dagrun for latest_only to 2025-02-24 00:00:00+00:00, run_after=2025-02-24 04:00:00+00:00
[2025-02-24T04:02:52.754+0000] {processor.py:183} INFO - Processing /home/airflow/.local/lib/python3.12/site-packages/airflow/example_dags/example_latest_only.py took 0.095 seconds
[2025-02-24T04:03:24.038+0000] {processor.py:161} INFO - Started process (PID=1113) to work on /home/airflow/.local/lib/python3.12/site-packages/airflow/example_dags/example_latest_only.py
[2025-02-24T04:03:24.040+0000] {processor.py:830} INFO - Processing file /home/airflow/.local/lib/python3.12/site-packages/airflow/example_dags/example_latest_only.py for tasks to queue
[2025-02-24T04:03:24.042+0000] {logging_mixin.py:188} INFO - [2025-02-24T04:03:24.042+0000] {dagbag.py:540} INFO - Filling up the DagBag from /home/airflow/.local/lib/python3.12/site-packages/airflow/example_dags/example_latest_only.py
[2025-02-24T04:03:24.048+0000] {processor.py:840} INFO - DAG(s) 'latest_only' retrieved from /home/airflow/.local/lib/python3.12/site-packages/airflow/example_dags/example_latest_only.py
[2025-02-24T04:03:24.073+0000] {logging_mixin.py:188} INFO - [2025-02-24T04:03:24.073+0000] {dag.py:3096} INFO - Sync 1 DAGs
[2025-02-24T04:03:24.099+0000] {logging_mixin.py:188} INFO - [2025-02-24T04:03:24.099+0000] {dag.py:3954} INFO - Setting next_dagrun for latest_only to 2025-02-24 00:00:00+00:00, run_after=2025-02-24 04:00:00+00:00
[2025-02-24T04:03:24.130+0000] {processor.py:183} INFO - Processing /home/airflow/.local/lib/python3.12/site-packages/airflow/example_dags/example_latest_only.py took 0.099 seconds
[2025-02-24T04:03:54.703+0000] {processor.py:161} INFO - Started process (PID=1170) to work on /home/airflow/.local/lib/python3.12/site-packages/airflow/example_dags/example_latest_only.py
[2025-02-24T04:03:54.704+0000] {processor.py:830} INFO - Processing file /home/airflow/.local/lib/python3.12/site-packages/airflow/example_dags/example_latest_only.py for tasks to queue
[2025-02-24T04:03:54.707+0000] {logging_mixin.py:188} INFO - [2025-02-24T04:03:54.706+0000] {dagbag.py:540} INFO - Filling up the DagBag from /home/airflow/.local/lib/python3.12/site-packages/airflow/example_dags/example_latest_only.py
[2025-02-24T04:03:54.713+0000] {processor.py:840} INFO - DAG(s) 'latest_only' retrieved from /home/airflow/.local/lib/python3.12/site-packages/airflow/example_dags/example_latest_only.py
[2025-02-24T04:03:54.737+0000] {logging_mixin.py:188} INFO - [2025-02-24T04:03:54.736+0000] {dag.py:3096} INFO - Sync 1 DAGs
[2025-02-24T04:03:54.762+0000] {logging_mixin.py:188} INFO - [2025-02-24T04:03:54.762+0000] {dag.py:3954} INFO - Setting next_dagrun for latest_only to 2025-02-24 00:00:00+00:00, run_after=2025-02-24 04:00:00+00:00
[2025-02-24T04:03:54.787+0000] {processor.py:183} INFO - Processing /home/airflow/.local/lib/python3.12/site-packages/airflow/example_dags/example_latest_only.py took 0.091 seconds
[2025-02-24T04:04:26.110+0000] {processor.py:161} INFO - Started process (PID=1231) to work on /home/airflow/.local/lib/python3.12/site-packages/airflow/example_dags/example_latest_only.py
[2025-02-24T04:04:26.111+0000] {processor.py:830} INFO - Processing file /home/airflow/.local/lib/python3.12/site-packages/airflow/example_dags/example_latest_only.py for tasks to queue
[2025-02-24T04:04:26.113+0000] {logging_mixin.py:188} INFO - [2025-02-24T04:04:26.113+0000] {dagbag.py:540} INFO - Filling up the DagBag from /home/airflow/.local/lib/python3.12/site-packages/airflow/example_dags/example_latest_only.py
[2025-02-24T04:04:26.119+0000] {processor.py:840} INFO - DAG(s) 'latest_only' retrieved from /home/airflow/.local/lib/python3.12/site-packages/airflow/example_dags/example_latest_only.py
[2025-02-24T04:04:26.145+0000] {logging_mixin.py:188} INFO - [2025-02-24T04:04:26.145+0000] {dag.py:3096} INFO - Sync 1 DAGs
[2025-02-24T04:04:26.372+0000] {logging_mixin.py:188} INFO - [2025-02-24T04:04:26.371+0000] {dag.py:3954} INFO - Setting next_dagrun for latest_only to 2025-02-24 00:00:00+00:00, run_after=2025-02-24 04:00:00+00:00
[2025-02-24T04:04:26.399+0000] {processor.py:183} INFO - Processing /home/airflow/.local/lib/python3.12/site-packages/airflow/example_dags/example_latest_only.py took 0.297 seconds
[2025-02-24T04:04:56.830+0000] {processor.py:161} INFO - Started process (PID=1291) to work on /home/airflow/.local/lib/python3.12/site-packages/airflow/example_dags/example_latest_only.py
[2025-02-24T04:04:56.832+0000] {processor.py:830} INFO - Processing file /home/airflow/.local/lib/python3.12/site-packages/airflow/example_dags/example_latest_only.py for tasks to queue
[2025-02-24T04:04:56.835+0000] {logging_mixin.py:188} INFO - [2025-02-24T04:04:56.834+0000] {dagbag.py:540} INFO - Filling up the DagBag from /home/airflow/.local/lib/python3.12/site-packages/airflow/example_dags/example_latest_only.py
[2025-02-24T04:04:56.845+0000] {processor.py:840} INFO - DAG(s) 'latest_only' retrieved from /home/airflow/.local/lib/python3.12/site-packages/airflow/example_dags/example_latest_only.py
[2025-02-24T04:04:56.878+0000] {logging_mixin.py:188} INFO - [2025-02-24T04:04:56.877+0000] {dag.py:3096} INFO - Sync 1 DAGs
[2025-02-24T04:04:56.920+0000] {logging_mixin.py:188} INFO - [2025-02-24T04:04:56.919+0000] {dag.py:3954} INFO - Setting next_dagrun for latest_only to 2025-02-24 00:00:00+00:00, run_after=2025-02-24 04:00:00+00:00
[2025-02-24T04:04:57.182+0000] {processor.py:183} INFO - Processing /home/airflow/.local/lib/python3.12/site-packages/airflow/example_dags/example_latest_only.py took 0.366 seconds
[2025-02-24T04:05:27.421+0000] {processor.py:161} INFO - Started process (PID=1350) to work on /home/airflow/.local/lib/python3.12/site-packages/airflow/example_dags/example_latest_only.py
[2025-02-24T04:05:27.422+0000] {processor.py:830} INFO - Processing file /home/airflow/.local/lib/python3.12/site-packages/airflow/example_dags/example_latest_only.py for tasks to queue
[2025-02-24T04:05:27.425+0000] {logging_mixin.py:188} INFO - [2025-02-24T04:05:27.424+0000] {dagbag.py:540} INFO - Filling up the DagBag from /home/airflow/.local/lib/python3.12/site-packages/airflow/example_dags/example_latest_only.py
[2025-02-24T04:05:27.431+0000] {processor.py:840} INFO - DAG(s) 'latest_only' retrieved from /home/airflow/.local/lib/python3.12/site-packages/airflow/example_dags/example_latest_only.py
[2025-02-24T04:05:27.455+0000] {logging_mixin.py:188} INFO - [2025-02-24T04:05:27.455+0000] {dag.py:3096} INFO - Sync 1 DAGs
[2025-02-24T04:05:27.480+0000] {logging_mixin.py:188} INFO - [2025-02-24T04:05:27.480+0000] {dag.py:3954} INFO - Setting next_dagrun for latest_only to 2025-02-24 00:00:00+00:00, run_after=2025-02-24 04:00:00+00:00
[2025-02-24T04:05:27.506+0000] {processor.py:183} INFO - Processing /home/airflow/.local/lib/python3.12/site-packages/airflow/example_dags/example_latest_only.py took 0.093 seconds
[2025-02-24T04:05:57.613+0000] {processor.py:161} INFO - Started process (PID=1410) to work on /home/airflow/.local/lib/python3.12/site-packages/airflow/example_dags/example_latest_only.py
[2025-02-24T04:05:57.615+0000] {processor.py:830} INFO - Processing file /home/airflow/.local/lib/python3.12/site-packages/airflow/example_dags/example_latest_only.py for tasks to queue
[2025-02-24T04:05:57.619+0000] {logging_mixin.py:188} INFO - [2025-02-24T04:05:57.618+0000] {dagbag.py:540} INFO - Filling up the DagBag from /home/airflow/.local/lib/python3.12/site-packages/airflow/example_dags/example_latest_only.py
[2025-02-24T04:05:57.627+0000] {processor.py:840} INFO - DAG(s) 'latest_only' retrieved from /home/airflow/.local/lib/python3.12/site-packages/airflow/example_dags/example_latest_only.py
[2025-02-24T04:05:57.657+0000] {logging_mixin.py:188} INFO - [2025-02-24T04:05:57.657+0000] {dag.py:3096} INFO - Sync 1 DAGs
[2025-02-24T04:05:57.685+0000] {logging_mixin.py:188} INFO - [2025-02-24T04:05:57.684+0000] {dag.py:3954} INFO - Setting next_dagrun for latest_only to 2025-02-24 00:00:00+00:00, run_after=2025-02-24 04:00:00+00:00
[2025-02-24T04:05:57.717+0000] {processor.py:183} INFO - Processing /home/airflow/.local/lib/python3.12/site-packages/airflow/example_dags/example_latest_only.py took 0.111 seconds
[2025-02-24T04:06:28.293+0000] {processor.py:161} INFO - Started process (PID=1469) to work on /home/airflow/.local/lib/python3.12/site-packages/airflow/example_dags/example_latest_only.py
[2025-02-24T04:06:28.294+0000] {processor.py:830} INFO - Processing file /home/airflow/.local/lib/python3.12/site-packages/airflow/example_dags/example_latest_only.py for tasks to queue
[2025-02-24T04:06:28.296+0000] {logging_mixin.py:188} INFO - [2025-02-24T04:06:28.296+0000] {dagbag.py:540} INFO - Filling up the DagBag from /home/airflow/.local/lib/python3.12/site-packages/airflow/example_dags/example_latest_only.py
[2025-02-24T04:06:28.303+0000] {processor.py:840} INFO - DAG(s) 'latest_only' retrieved from /home/airflow/.local/lib/python3.12/site-packages/airflow/example_dags/example_latest_only.py
[2025-02-24T04:06:28.326+0000] {logging_mixin.py:188} INFO - [2025-02-24T04:06:28.326+0000] {dag.py:3096} INFO - Sync 1 DAGs
[2025-02-24T04:06:28.352+0000] {logging_mixin.py:188} INFO - [2025-02-24T04:06:28.352+0000] {dag.py:3954} INFO - Setting next_dagrun for latest_only to 2025-02-24 00:00:00+00:00, run_after=2025-02-24 04:00:00+00:00
[2025-02-24T04:06:28.377+0000] {processor.py:183} INFO - Processing /home/airflow/.local/lib/python3.12/site-packages/airflow/example_dags/example_latest_only.py took 0.091 seconds
[2025-02-24T04:06:58.627+0000] {processor.py:161} INFO - Started process (PID=1535) to work on /home/airflow/.local/lib/python3.12/site-packages/airflow/example_dags/example_latest_only.py
[2025-02-24T04:06:58.629+0000] {processor.py:830} INFO - Processing file /home/airflow/.local/lib/python3.12/site-packages/airflow/example_dags/example_latest_only.py for tasks to queue
[2025-02-24T04:06:58.631+0000] {logging_mixin.py:188} INFO - [2025-02-24T04:06:58.631+0000] {dagbag.py:540} INFO - Filling up the DagBag from /home/airflow/.local/lib/python3.12/site-packages/airflow/example_dags/example_latest_only.py
[2025-02-24T04:06:58.639+0000] {processor.py:840} INFO - DAG(s) 'latest_only' retrieved from /home/airflow/.local/lib/python3.12/site-packages/airflow/example_dags/example_latest_only.py
[2025-02-24T04:06:58.678+0000] {logging_mixin.py:188} INFO - [2025-02-24T04:06:58.677+0000] {dag.py:3096} INFO - Sync 1 DAGs
[2025-02-24T04:06:58.716+0000] {logging_mixin.py:188} INFO - [2025-02-24T04:06:58.716+0000] {dag.py:3954} INFO - Setting next_dagrun for latest_only to 2025-02-24 00:00:00+00:00, run_after=2025-02-24 04:00:00+00:00
[2025-02-24T04:06:58.750+0000] {processor.py:183} INFO - Processing /home/airflow/.local/lib/python3.12/site-packages/airflow/example_dags/example_latest_only.py took 0.133 seconds
[2025-02-24T04:07:32.806+0000] {processor.py:161} INFO - Started process (PID=1595) to work on /home/airflow/.local/lib/python3.12/site-packages/airflow/example_dags/example_latest_only.py
[2025-02-24T04:07:32.807+0000] {processor.py:830} INFO - Processing file /home/airflow/.local/lib/python3.12/site-packages/airflow/example_dags/example_latest_only.py for tasks to queue
[2025-02-24T04:07:32.810+0000] {logging_mixin.py:188} INFO - [2025-02-24T04:07:32.810+0000] {dagbag.py:540} INFO - Filling up the DagBag from /home/airflow/.local/lib/python3.12/site-packages/airflow/example_dags/example_latest_only.py
[2025-02-24T04:07:32.816+0000] {processor.py:840} INFO - DAG(s) 'latest_only' retrieved from /home/airflow/.local/lib/python3.12/site-packages/airflow/example_dags/example_latest_only.py
[2025-02-24T04:07:32.845+0000] {logging_mixin.py:188} INFO - [2025-02-24T04:07:32.845+0000] {dag.py:3096} INFO - Sync 1 DAGs
[2025-02-24T04:07:32.875+0000] {logging_mixin.py:188} INFO - [2025-02-24T04:07:32.875+0000] {dag.py:3954} INFO - Setting next_dagrun for latest_only to 2025-02-24 00:00:00+00:00, run_after=2025-02-24 04:00:00+00:00
[2025-02-24T04:07:32.910+0000] {processor.py:183} INFO - Processing /home/airflow/.local/lib/python3.12/site-packages/airflow/example_dags/example_latest_only.py took 0.111 seconds
[2025-02-24T04:08:03.096+0000] {processor.py:161} INFO - Started process (PID=1654) to work on /home/airflow/.local/lib/python3.12/site-packages/airflow/example_dags/example_latest_only.py
[2025-02-24T04:08:03.097+0000] {processor.py:830} INFO - Processing file /home/airflow/.local/lib/python3.12/site-packages/airflow/example_dags/example_latest_only.py for tasks to queue
[2025-02-24T04:08:03.100+0000] {logging_mixin.py:188} INFO - [2025-02-24T04:08:03.100+0000] {dagbag.py:540} INFO - Filling up the DagBag from /home/airflow/.local/lib/python3.12/site-packages/airflow/example_dags/example_latest_only.py
[2025-02-24T04:08:03.106+0000] {processor.py:840} INFO - DAG(s) 'latest_only' retrieved from /home/airflow/.local/lib/python3.12/site-packages/airflow/example_dags/example_latest_only.py
[2025-02-24T04:08:03.130+0000] {logging_mixin.py:188} INFO - [2025-02-24T04:08:03.130+0000] {dag.py:3096} INFO - Sync 1 DAGs
[2025-02-24T04:08:03.158+0000] {logging_mixin.py:188} INFO - [2025-02-24T04:08:03.158+0000] {dag.py:3954} INFO - Setting next_dagrun for latest_only to 2025-02-24 00:00:00+00:00, run_after=2025-02-24 04:00:00+00:00
[2025-02-24T04:08:03.192+0000] {processor.py:183} INFO - Processing /home/airflow/.local/lib/python3.12/site-packages/airflow/example_dags/example_latest_only.py took 0.103 seconds
[2025-02-24T04:08:33.558+0000] {processor.py:161} INFO - Started process (PID=1714) to work on /home/airflow/.local/lib/python3.12/site-packages/airflow/example_dags/example_latest_only.py
[2025-02-24T04:08:33.559+0000] {processor.py:830} INFO - Processing file /home/airflow/.local/lib/python3.12/site-packages/airflow/example_dags/example_latest_only.py for tasks to queue
[2025-02-24T04:08:33.561+0000] {logging_mixin.py:188} INFO - [2025-02-24T04:08:33.561+0000] {dagbag.py:540} INFO - Filling up the DagBag from /home/airflow/.local/lib/python3.12/site-packages/airflow/example_dags/example_latest_only.py
[2025-02-24T04:08:33.568+0000] {processor.py:840} INFO - DAG(s) 'latest_only' retrieved from /home/airflow/.local/lib/python3.12/site-packages/airflow/example_dags/example_latest_only.py
[2025-02-24T04:08:33.593+0000] {logging_mixin.py:188} INFO - [2025-02-24T04:08:33.592+0000] {dag.py:3096} INFO - Sync 1 DAGs
[2025-02-24T04:08:33.618+0000] {logging_mixin.py:188} INFO - [2025-02-24T04:08:33.618+0000] {dag.py:3954} INFO - Setting next_dagrun for latest_only to 2025-02-24 00:00:00+00:00, run_after=2025-02-24 04:00:00+00:00
[2025-02-24T04:08:33.643+0000] {processor.py:183} INFO - Processing /home/airflow/.local/lib/python3.12/site-packages/airflow/example_dags/example_latest_only.py took 0.093 seconds
[2025-02-24T04:09:04.521+0000] {processor.py:161} INFO - Started process (PID=1774) to work on /home/airflow/.local/lib/python3.12/site-packages/airflow/example_dags/example_latest_only.py
[2025-02-24T04:09:04.523+0000] {processor.py:830} INFO - Processing file /home/airflow/.local/lib/python3.12/site-packages/airflow/example_dags/example_latest_only.py for tasks to queue
[2025-02-24T04:09:04.526+0000] {logging_mixin.py:188} INFO - [2025-02-24T04:09:04.526+0000] {dagbag.py:540} INFO - Filling up the DagBag from /home/airflow/.local/lib/python3.12/site-packages/airflow/example_dags/example_latest_only.py
[2025-02-24T04:09:04.534+0000] {processor.py:840} INFO - DAG(s) 'latest_only' retrieved from /home/airflow/.local/lib/python3.12/site-packages/airflow/example_dags/example_latest_only.py
[2025-02-24T04:09:04.559+0000] {logging_mixin.py:188} INFO - [2025-02-24T04:09:04.559+0000] {dag.py:3096} INFO - Sync 1 DAGs
[2025-02-24T04:09:04.586+0000] {logging_mixin.py:188} INFO - [2025-02-24T04:09:04.586+0000] {dag.py:3954} INFO - Setting next_dagrun for latest_only to 2025-02-24 00:00:00+00:00, run_after=2025-02-24 04:00:00+00:00
[2025-02-24T04:09:04.614+0000] {processor.py:183} INFO - Processing /home/airflow/.local/lib/python3.12/site-packages/airflow/example_dags/example_latest_only.py took 0.104 seconds
[2025-02-24T04:09:35.114+0000] {processor.py:161} INFO - Started process (PID=1835) to work on /home/airflow/.local/lib/python3.12/site-packages/airflow/example_dags/example_latest_only.py
[2025-02-24T04:09:35.115+0000] {processor.py:830} INFO - Processing file /home/airflow/.local/lib/python3.12/site-packages/airflow/example_dags/example_latest_only.py for tasks to queue
[2025-02-24T04:09:35.117+0000] {logging_mixin.py:188} INFO - [2025-02-24T04:09:35.117+0000] {dagbag.py:540} INFO - Filling up the DagBag from /home/airflow/.local/lib/python3.12/site-packages/airflow/example_dags/example_latest_only.py
[2025-02-24T04:09:35.123+0000] {processor.py:840} INFO - DAG(s) 'latest_only' retrieved from /home/airflow/.local/lib/python3.12/site-packages/airflow/example_dags/example_latest_only.py
[2025-02-24T04:09:35.148+0000] {logging_mixin.py:188} INFO - [2025-02-24T04:09:35.148+0000] {dag.py:3096} INFO - Sync 1 DAGs
[2025-02-24T04:09:35.174+0000] {logging_mixin.py:188} INFO - [2025-02-24T04:09:35.174+0000] {dag.py:3954} INFO - Setting next_dagrun for latest_only to 2025-02-24 00:00:00+00:00, run_after=2025-02-24 04:00:00+00:00
[2025-02-24T04:09:35.200+0000] {processor.py:183} INFO - Processing /home/airflow/.local/lib/python3.12/site-packages/airflow/example_dags/example_latest_only.py took 0.094 seconds
[2025-02-24T04:10:05.586+0000] {processor.py:161} INFO - Started process (PID=1895) to work on /home/airflow/.local/lib/python3.12/site-packages/airflow/example_dags/example_latest_only.py
[2025-02-24T04:10:05.587+0000] {processor.py:830} INFO - Processing file /home/airflow/.local/lib/python3.12/site-packages/airflow/example_dags/example_latest_only.py for tasks to queue
[2025-02-24T04:10:05.589+0000] {logging_mixin.py:188} INFO - [2025-02-24T04:10:05.589+0000] {dagbag.py:540} INFO - Filling up the DagBag from /home/airflow/.local/lib/python3.12/site-packages/airflow/example_dags/example_latest_only.py
[2025-02-24T04:10:05.595+0000] {processor.py:840} INFO - DAG(s) 'latest_only' retrieved from /home/airflow/.local/lib/python3.12/site-packages/airflow/example_dags/example_latest_only.py
[2025-02-24T04:10:05.618+0000] {logging_mixin.py:188} INFO - [2025-02-24T04:10:05.618+0000] {dag.py:3096} INFO - Sync 1 DAGs
[2025-02-24T04:10:05.643+0000] {logging_mixin.py:188} INFO - [2025-02-24T04:10:05.643+0000] {dag.py:3954} INFO - Setting next_dagrun for latest_only to 2025-02-24 00:00:00+00:00, run_after=2025-02-24 04:00:00+00:00
[2025-02-24T04:10:05.664+0000] {processor.py:183} INFO - Processing /home/airflow/.local/lib/python3.12/site-packages/airflow/example_dags/example_latest_only.py took 0.084 seconds
[2025-02-24T04:10:35.828+0000] {processor.py:161} INFO - Started process (PID=1961) to work on /home/airflow/.local/lib/python3.12/site-packages/airflow/example_dags/example_latest_only.py
[2025-02-24T04:10:35.829+0000] {processor.py:830} INFO - Processing file /home/airflow/.local/lib/python3.12/site-packages/airflow/example_dags/example_latest_only.py for tasks to queue
[2025-02-24T04:10:35.832+0000] {logging_mixin.py:188} INFO - [2025-02-24T04:10:35.831+0000] {dagbag.py:540} INFO - Filling up the DagBag from /home/airflow/.local/lib/python3.12/site-packages/airflow/example_dags/example_latest_only.py
[2025-02-24T04:10:35.838+0000] {processor.py:840} INFO - DAG(s) 'latest_only' retrieved from /home/airflow/.local/lib/python3.12/site-packages/airflow/example_dags/example_latest_only.py
[2025-02-24T04:10:35.879+0000] {logging_mixin.py:188} INFO - [2025-02-24T04:10:35.878+0000] {dag.py:3096} INFO - Sync 1 DAGs
[2025-02-24T04:10:35.912+0000] {logging_mixin.py:188} INFO - [2025-02-24T04:10:35.911+0000] {dag.py:3954} INFO - Setting next_dagrun for latest_only to 2025-02-24 00:00:00+00:00, run_after=2025-02-24 04:00:00+00:00
[2025-02-24T04:10:35.936+0000] {processor.py:183} INFO - Processing /home/airflow/.local/lib/python3.12/site-packages/airflow/example_dags/example_latest_only.py took 0.115 seconds
[2025-02-24T04:11:06.097+0000] {processor.py:161} INFO - Started process (PID=2027) to work on /home/airflow/.local/lib/python3.12/site-packages/airflow/example_dags/example_latest_only.py
[2025-02-24T04:11:06.099+0000] {processor.py:830} INFO - Processing file /home/airflow/.local/lib/python3.12/site-packages/airflow/example_dags/example_latest_only.py for tasks to queue
[2025-02-24T04:11:06.101+0000] {logging_mixin.py:188} INFO - [2025-02-24T04:11:06.101+0000] {dagbag.py:540} INFO - Filling up the DagBag from /home/airflow/.local/lib/python3.12/site-packages/airflow/example_dags/example_latest_only.py
[2025-02-24T04:11:06.107+0000] {processor.py:840} INFO - DAG(s) 'latest_only' retrieved from /home/airflow/.local/lib/python3.12/site-packages/airflow/example_dags/example_latest_only.py
[2025-02-24T04:11:06.135+0000] {logging_mixin.py:188} INFO - [2025-02-24T04:11:06.135+0000] {dag.py:3096} INFO - Sync 1 DAGs
[2025-02-24T04:11:06.165+0000] {logging_mixin.py:188} INFO - [2025-02-24T04:11:06.165+0000] {dag.py:3954} INFO - Setting next_dagrun for latest_only to 2025-02-24 00:00:00+00:00, run_after=2025-02-24 04:00:00+00:00
[2025-02-24T04:11:06.192+0000] {processor.py:183} INFO - Processing /home/airflow/.local/lib/python3.12/site-packages/airflow/example_dags/example_latest_only.py took 0.104 seconds
[2025-02-24T04:11:37.015+0000] {processor.py:161} INFO - Started process (PID=2093) to work on /home/airflow/.local/lib/python3.12/site-packages/airflow/example_dags/example_latest_only.py
[2025-02-24T04:11:37.017+0000] {processor.py:830} INFO - Processing file /home/airflow/.local/lib/python3.12/site-packages/airflow/example_dags/example_latest_only.py for tasks to queue
[2025-02-24T04:11:37.020+0000] {logging_mixin.py:188} INFO - [2025-02-24T04:11:37.019+0000] {dagbag.py:540} INFO - Filling up the DagBag from /home/airflow/.local/lib/python3.12/site-packages/airflow/example_dags/example_latest_only.py
[2025-02-24T04:11:37.026+0000] {processor.py:840} INFO - DAG(s) 'latest_only' retrieved from /home/airflow/.local/lib/python3.12/site-packages/airflow/example_dags/example_latest_only.py
[2025-02-24T04:11:37.054+0000] {logging_mixin.py:188} INFO - [2025-02-24T04:11:37.053+0000] {dag.py:3096} INFO - Sync 1 DAGs
[2025-02-24T04:11:37.085+0000] {logging_mixin.py:188} INFO - [2025-02-24T04:11:37.085+0000] {dag.py:3954} INFO - Setting next_dagrun for latest_only to 2025-02-24 00:00:00+00:00, run_after=2025-02-24 04:00:00+00:00
[2025-02-24T04:11:37.114+0000] {processor.py:183} INFO - Processing /home/airflow/.local/lib/python3.12/site-packages/airflow/example_dags/example_latest_only.py took 0.106 seconds
[2025-02-24T04:12:07.401+0000] {processor.py:161} INFO - Started process (PID=2160) to work on /home/airflow/.local/lib/python3.12/site-packages/airflow/example_dags/example_latest_only.py
[2025-02-24T04:12:07.402+0000] {processor.py:830} INFO - Processing file /home/airflow/.local/lib/python3.12/site-packages/airflow/example_dags/example_latest_only.py for tasks to queue
[2025-02-24T04:12:07.405+0000] {logging_mixin.py:188} INFO - [2025-02-24T04:12:07.404+0000] {dagbag.py:540} INFO - Filling up the DagBag from /home/airflow/.local/lib/python3.12/site-packages/airflow/example_dags/example_latest_only.py
[2025-02-24T04:12:07.411+0000] {processor.py:840} INFO - DAG(s) 'latest_only' retrieved from /home/airflow/.local/lib/python3.12/site-packages/airflow/example_dags/example_latest_only.py
[2025-02-24T04:12:07.434+0000] {logging_mixin.py:188} INFO - [2025-02-24T04:12:07.434+0000] {dag.py:3096} INFO - Sync 1 DAGs
[2025-02-24T04:12:07.460+0000] {logging_mixin.py:188} INFO - [2025-02-24T04:12:07.460+0000] {dag.py:3954} INFO - Setting next_dagrun for latest_only to 2025-02-24 00:00:00+00:00, run_after=2025-02-24 04:00:00+00:00
[2025-02-24T04:12:07.482+0000] {processor.py:183} INFO - Processing /home/airflow/.local/lib/python3.12/site-packages/airflow/example_dags/example_latest_only.py took 0.088 seconds
[2025-02-24T04:12:38.124+0000] {processor.py:161} INFO - Started process (PID=2229) to work on /home/airflow/.local/lib/python3.12/site-packages/airflow/example_dags/example_latest_only.py
[2025-02-24T04:12:38.125+0000] {processor.py:830} INFO - Processing file /home/airflow/.local/lib/python3.12/site-packages/airflow/example_dags/example_latest_only.py for tasks to queue
[2025-02-24T04:12:38.128+0000] {logging_mixin.py:188} INFO - [2025-02-24T04:12:38.128+0000] {dagbag.py:540} INFO - Filling up the DagBag from /home/airflow/.local/lib/python3.12/site-packages/airflow/example_dags/example_latest_only.py
[2025-02-24T04:12:38.134+0000] {processor.py:840} INFO - DAG(s) 'latest_only' retrieved from /home/airflow/.local/lib/python3.12/site-packages/airflow/example_dags/example_latest_only.py
[2025-02-24T04:12:38.158+0000] {logging_mixin.py:188} INFO - [2025-02-24T04:12:38.158+0000] {dag.py:3096} INFO - Sync 1 DAGs
[2025-02-24T04:12:38.184+0000] {logging_mixin.py:188} INFO - [2025-02-24T04:12:38.184+0000] {dag.py:3954} INFO - Setting next_dagrun for latest_only to 2025-02-24 00:00:00+00:00, run_after=2025-02-24 04:00:00+00:00
[2025-02-24T04:12:38.209+0000] {processor.py:183} INFO - Processing /home/airflow/.local/lib/python3.12/site-packages/airflow/example_dags/example_latest_only.py took 0.092 seconds
[2025-02-24T04:13:08.581+0000] {processor.py:161} INFO - Started process (PID=2290) to work on /home/airflow/.local/lib/python3.12/site-packages/airflow/example_dags/example_latest_only.py
[2025-02-24T04:13:08.582+0000] {processor.py:830} INFO - Processing file /home/airflow/.local/lib/python3.12/site-packages/airflow/example_dags/example_latest_only.py for tasks to queue
[2025-02-24T04:13:08.585+0000] {logging_mixin.py:188} INFO - [2025-02-24T04:13:08.584+0000] {dagbag.py:540} INFO - Filling up the DagBag from /home/airflow/.local/lib/python3.12/site-packages/airflow/example_dags/example_latest_only.py
[2025-02-24T04:13:08.591+0000] {processor.py:840} INFO - DAG(s) 'latest_only' retrieved from /home/airflow/.local/lib/python3.12/site-packages/airflow/example_dags/example_latest_only.py
[2025-02-24T04:13:08.616+0000] {logging_mixin.py:188} INFO - [2025-02-24T04:13:08.616+0000] {dag.py:3096} INFO - Sync 1 DAGs
[2025-02-24T04:13:08.643+0000] {logging_mixin.py:188} INFO - [2025-02-24T04:13:08.643+0000] {dag.py:3954} INFO - Setting next_dagrun for latest_only to 2025-02-24 00:00:00+00:00, run_after=2025-02-24 04:00:00+00:00
[2025-02-24T04:13:08.667+0000] {processor.py:183} INFO - Processing /home/airflow/.local/lib/python3.12/site-packages/airflow/example_dags/example_latest_only.py took 0.094 seconds
[2025-02-24T04:13:39.164+0000] {processor.py:161} INFO - Started process (PID=2350) to work on /home/airflow/.local/lib/python3.12/site-packages/airflow/example_dags/example_latest_only.py
[2025-02-24T04:13:39.166+0000] {processor.py:830} INFO - Processing file /home/airflow/.local/lib/python3.12/site-packages/airflow/example_dags/example_latest_only.py for tasks to queue
[2025-02-24T04:13:39.169+0000] {logging_mixin.py:188} INFO - [2025-02-24T04:13:39.168+0000] {dagbag.py:540} INFO - Filling up the DagBag from /home/airflow/.local/lib/python3.12/site-packages/airflow/example_dags/example_latest_only.py
[2025-02-24T04:13:39.175+0000] {processor.py:840} INFO - DAG(s) 'latest_only' retrieved from /home/airflow/.local/lib/python3.12/site-packages/airflow/example_dags/example_latest_only.py
[2025-02-24T04:13:39.201+0000] {logging_mixin.py:188} INFO - [2025-02-24T04:13:39.200+0000] {dag.py:3096} INFO - Sync 1 DAGs
[2025-02-24T04:13:39.229+0000] {logging_mixin.py:188} INFO - [2025-02-24T04:13:39.229+0000] {dag.py:3954} INFO - Setting next_dagrun for latest_only to 2025-02-24 00:00:00+00:00, run_after=2025-02-24 04:00:00+00:00
[2025-02-24T04:13:39.254+0000] {processor.py:183} INFO - Processing /home/airflow/.local/lib/python3.12/site-packages/airflow/example_dags/example_latest_only.py took 0.097 seconds
[2025-02-24T04:14:09.383+0000] {processor.py:161} INFO - Started process (PID=2410) to work on /home/airflow/.local/lib/python3.12/site-packages/airflow/example_dags/example_latest_only.py
[2025-02-24T04:14:09.384+0000] {processor.py:830} INFO - Processing file /home/airflow/.local/lib/python3.12/site-packages/airflow/example_dags/example_latest_only.py for tasks to queue
[2025-02-24T04:14:09.386+0000] {logging_mixin.py:188} INFO - [2025-02-24T04:14:09.386+0000] {dagbag.py:540} INFO - Filling up the DagBag from /home/airflow/.local/lib/python3.12/site-packages/airflow/example_dags/example_latest_only.py
[2025-02-24T04:14:09.392+0000] {processor.py:840} INFO - DAG(s) 'latest_only' retrieved from /home/airflow/.local/lib/python3.12/site-packages/airflow/example_dags/example_latest_only.py
[2025-02-24T04:14:09.416+0000] {logging_mixin.py:188} INFO - [2025-02-24T04:14:09.416+0000] {dag.py:3096} INFO - Sync 1 DAGs
[2025-02-24T04:14:09.441+0000] {logging_mixin.py:188} INFO - [2025-02-24T04:14:09.441+0000] {dag.py:3954} INFO - Setting next_dagrun for latest_only to 2025-02-24 00:00:00+00:00, run_after=2025-02-24 04:00:00+00:00
[2025-02-24T04:14:09.464+0000] {processor.py:183} INFO - Processing /home/airflow/.local/lib/python3.12/site-packages/airflow/example_dags/example_latest_only.py took 0.088 seconds
[2025-02-24T04:14:40.012+0000] {processor.py:161} INFO - Started process (PID=2470) to work on /home/airflow/.local/lib/python3.12/site-packages/airflow/example_dags/example_latest_only.py
[2025-02-24T04:14:40.014+0000] {processor.py:830} INFO - Processing file /home/airflow/.local/lib/python3.12/site-packages/airflow/example_dags/example_latest_only.py for tasks to queue
[2025-02-24T04:14:40.018+0000] {logging_mixin.py:188} INFO - [2025-02-24T04:14:40.017+0000] {dagbag.py:540} INFO - Filling up the DagBag from /home/airflow/.local/lib/python3.12/site-packages/airflow/example_dags/example_latest_only.py
[2025-02-24T04:14:40.024+0000] {processor.py:840} INFO - DAG(s) 'latest_only' retrieved from /home/airflow/.local/lib/python3.12/site-packages/airflow/example_dags/example_latest_only.py
[2025-02-24T04:14:40.054+0000] {logging_mixin.py:188} INFO - [2025-02-24T04:14:40.054+0000] {dag.py:3096} INFO - Sync 1 DAGs
[2025-02-24T04:14:40.084+0000] {logging_mixin.py:188} INFO - [2025-02-24T04:14:40.083+0000] {dag.py:3954} INFO - Setting next_dagrun for latest_only to 2025-02-24 00:00:00+00:00, run_after=2025-02-24 04:00:00+00:00
[2025-02-24T04:14:40.109+0000] {processor.py:183} INFO - Processing /home/airflow/.local/lib/python3.12/site-packages/airflow/example_dags/example_latest_only.py took 0.105 seconds
[2025-02-24T04:15:10.419+0000] {processor.py:161} INFO - Started process (PID=2530) to work on /home/airflow/.local/lib/python3.12/site-packages/airflow/example_dags/example_latest_only.py
[2025-02-24T04:15:10.421+0000] {processor.py:830} INFO - Processing file /home/airflow/.local/lib/python3.12/site-packages/airflow/example_dags/example_latest_only.py for tasks to queue
[2025-02-24T04:15:10.423+0000] {logging_mixin.py:188} INFO - [2025-02-24T04:15:10.423+0000] {dagbag.py:540} INFO - Filling up the DagBag from /home/airflow/.local/lib/python3.12/site-packages/airflow/example_dags/example_latest_only.py
[2025-02-24T04:15:10.429+0000] {processor.py:840} INFO - DAG(s) 'latest_only' retrieved from /home/airflow/.local/lib/python3.12/site-packages/airflow/example_dags/example_latest_only.py
[2025-02-24T04:15:10.453+0000] {logging_mixin.py:188} INFO - [2025-02-24T04:15:10.453+0000] {dag.py:3096} INFO - Sync 1 DAGs
[2025-02-24T04:15:10.480+0000] {logging_mixin.py:188} INFO - [2025-02-24T04:15:10.480+0000] {dag.py:3954} INFO - Setting next_dagrun for latest_only to 2025-02-24 00:00:00+00:00, run_after=2025-02-24 04:00:00+00:00
[2025-02-24T04:15:10.504+0000] {processor.py:183} INFO - Processing /home/airflow/.local/lib/python3.12/site-packages/airflow/example_dags/example_latest_only.py took 0.092 seconds
[2025-02-24T04:15:40.745+0000] {processor.py:161} INFO - Started process (PID=2590) to work on /home/airflow/.local/lib/python3.12/site-packages/airflow/example_dags/example_latest_only.py
[2025-02-24T04:15:40.747+0000] {processor.py:830} INFO - Processing file /home/airflow/.local/lib/python3.12/site-packages/airflow/example_dags/example_latest_only.py for tasks to queue
[2025-02-24T04:15:40.749+0000] {logging_mixin.py:188} INFO - [2025-02-24T04:15:40.748+0000] {dagbag.py:540} INFO - Filling up the DagBag from /home/airflow/.local/lib/python3.12/site-packages/airflow/example_dags/example_latest_only.py
[2025-02-24T04:15:40.754+0000] {processor.py:840} INFO - DAG(s) 'latest_only' retrieved from /home/airflow/.local/lib/python3.12/site-packages/airflow/example_dags/example_latest_only.py
[2025-02-24T04:15:40.778+0000] {logging_mixin.py:188} INFO - [2025-02-24T04:15:40.777+0000] {dag.py:3096} INFO - Sync 1 DAGs
[2025-02-24T04:15:40.803+0000] {logging_mixin.py:188} INFO - [2025-02-24T04:15:40.803+0000] {dag.py:3954} INFO - Setting next_dagrun for latest_only to 2025-02-24 00:00:00+00:00, run_after=2025-02-24 04:00:00+00:00
[2025-02-24T04:15:40.827+0000] {processor.py:183} INFO - Processing /home/airflow/.local/lib/python3.12/site-packages/airflow/example_dags/example_latest_only.py took 0.089 seconds
[2025-02-24T04:16:11.109+0000] {processor.py:161} INFO - Started process (PID=2651) to work on /home/airflow/.local/lib/python3.12/site-packages/airflow/example_dags/example_latest_only.py
[2025-02-24T04:16:11.110+0000] {processor.py:830} INFO - Processing file /home/airflow/.local/lib/python3.12/site-packages/airflow/example_dags/example_latest_only.py for tasks to queue
[2025-02-24T04:16:11.113+0000] {logging_mixin.py:188} INFO - [2025-02-24T04:16:11.112+0000] {dagbag.py:540} INFO - Filling up the DagBag from /home/airflow/.local/lib/python3.12/site-packages/airflow/example_dags/example_latest_only.py
[2025-02-24T04:16:11.119+0000] {processor.py:840} INFO - DAG(s) 'latest_only' retrieved from /home/airflow/.local/lib/python3.12/site-packages/airflow/example_dags/example_latest_only.py
[2025-02-24T04:16:11.145+0000] {logging_mixin.py:188} INFO - [2025-02-24T04:16:11.145+0000] {dag.py:3096} INFO - Sync 1 DAGs
[2025-02-24T04:16:11.172+0000] {logging_mixin.py:188} INFO - [2025-02-24T04:16:11.172+0000] {dag.py:3954} INFO - Setting next_dagrun for latest_only to 2025-02-24 00:00:00+00:00, run_after=2025-02-24 04:00:00+00:00
[2025-02-24T04:16:11.195+0000] {processor.py:183} INFO - Processing /home/airflow/.local/lib/python3.12/site-packages/airflow/example_dags/example_latest_only.py took 0.095 seconds
[2025-02-24T04:16:41.664+0000] {processor.py:161} INFO - Started process (PID=2711) to work on /home/airflow/.local/lib/python3.12/site-packages/airflow/example_dags/example_latest_only.py
[2025-02-24T04:16:41.665+0000] {processor.py:830} INFO - Processing file /home/airflow/.local/lib/python3.12/site-packages/airflow/example_dags/example_latest_only.py for tasks to queue
[2025-02-24T04:16:41.667+0000] {logging_mixin.py:188} INFO - [2025-02-24T04:16:41.667+0000] {dagbag.py:540} INFO - Filling up the DagBag from /home/airflow/.local/lib/python3.12/site-packages/airflow/example_dags/example_latest_only.py
[2025-02-24T04:16:41.676+0000] {processor.py:840} INFO - DAG(s) 'latest_only' retrieved from /home/airflow/.local/lib/python3.12/site-packages/airflow/example_dags/example_latest_only.py
[2025-02-24T04:16:41.702+0000] {logging_mixin.py:188} INFO - [2025-02-24T04:16:41.702+0000] {dag.py:3096} INFO - Sync 1 DAGs
[2025-02-24T04:16:41.731+0000] {logging_mixin.py:188} INFO - [2025-02-24T04:16:41.731+0000] {dag.py:3954} INFO - Setting next_dagrun for latest_only to 2025-02-24 00:00:00+00:00, run_after=2025-02-24 04:00:00+00:00
[2025-02-24T04:16:41.761+0000] {processor.py:183} INFO - Processing /home/airflow/.local/lib/python3.12/site-packages/airflow/example_dags/example_latest_only.py took 0.105 seconds
[2025-02-24T04:17:11.968+0000] {processor.py:161} INFO - Started process (PID=2777) to work on /home/airflow/.local/lib/python3.12/site-packages/airflow/example_dags/example_latest_only.py
[2025-02-24T04:17:11.969+0000] {processor.py:830} INFO - Processing file /home/airflow/.local/lib/python3.12/site-packages/airflow/example_dags/example_latest_only.py for tasks to queue
[2025-02-24T04:17:11.973+0000] {logging_mixin.py:188} INFO - [2025-02-24T04:17:11.973+0000] {dagbag.py:540} INFO - Filling up the DagBag from /home/airflow/.local/lib/python3.12/site-packages/airflow/example_dags/example_latest_only.py
[2025-02-24T04:17:11.981+0000] {processor.py:840} INFO - DAG(s) 'latest_only' retrieved from /home/airflow/.local/lib/python3.12/site-packages/airflow/example_dags/example_latest_only.py
[2025-02-24T04:17:12.009+0000] {logging_mixin.py:188} INFO - [2025-02-24T04:17:12.009+0000] {dag.py:3096} INFO - Sync 1 DAGs
[2025-02-24T04:17:12.037+0000] {logging_mixin.py:188} INFO - [2025-02-24T04:17:12.037+0000] {dag.py:3954} INFO - Setting next_dagrun for latest_only to 2025-02-24 00:00:00+00:00, run_after=2025-02-24 04:00:00+00:00
[2025-02-24T04:17:12.064+0000] {processor.py:183} INFO - Processing /home/airflow/.local/lib/python3.12/site-packages/airflow/example_dags/example_latest_only.py took 0.102 seconds
[2025-02-24T04:17:42.698+0000] {processor.py:161} INFO - Started process (PID=2837) to work on /home/airflow/.local/lib/python3.12/site-packages/airflow/example_dags/example_latest_only.py
[2025-02-24T04:17:42.700+0000] {processor.py:830} INFO - Processing file /home/airflow/.local/lib/python3.12/site-packages/airflow/example_dags/example_latest_only.py for tasks to queue
[2025-02-24T04:17:42.702+0000] {logging_mixin.py:188} INFO - [2025-02-24T04:17:42.702+0000] {dagbag.py:540} INFO - Filling up the DagBag from /home/airflow/.local/lib/python3.12/site-packages/airflow/example_dags/example_latest_only.py
[2025-02-24T04:17:42.708+0000] {processor.py:840} INFO - DAG(s) 'latest_only' retrieved from /home/airflow/.local/lib/python3.12/site-packages/airflow/example_dags/example_latest_only.py
[2025-02-24T04:17:42.734+0000] {logging_mixin.py:188} INFO - [2025-02-24T04:17:42.734+0000] {dag.py:3096} INFO - Sync 1 DAGs
[2025-02-24T04:17:42.762+0000] {logging_mixin.py:188} INFO - [2025-02-24T04:17:42.762+0000] {dag.py:3954} INFO - Setting next_dagrun for latest_only to 2025-02-24 00:00:00+00:00, run_after=2025-02-24 04:00:00+00:00
[2025-02-24T04:17:42.787+0000] {processor.py:183} INFO - Processing /home/airflow/.local/lib/python3.12/site-packages/airflow/example_dags/example_latest_only.py took 0.096 seconds
[2025-02-24T04:19:30.587+0000] {processor.py:161} INFO - Started process (PID=2875) to work on /home/airflow/.local/lib/python3.12/site-packages/airflow/example_dags/example_latest_only.py
[2025-02-24T04:19:30.589+0000] {processor.py:830} INFO - Processing file /home/airflow/.local/lib/python3.12/site-packages/airflow/example_dags/example_latest_only.py for tasks to queue
[2025-02-24T04:19:30.591+0000] {logging_mixin.py:188} INFO - [2025-02-24T04:19:30.590+0000] {dagbag.py:540} INFO - Filling up the DagBag from /home/airflow/.local/lib/python3.12/site-packages/airflow/example_dags/example_latest_only.py
[2025-02-24T04:19:30.605+0000] {processor.py:840} INFO - DAG(s) 'latest_only' retrieved from /home/airflow/.local/lib/python3.12/site-packages/airflow/example_dags/example_latest_only.py
[2025-02-24T04:19:30.645+0000] {logging_mixin.py:188} INFO - [2025-02-24T04:19:30.645+0000] {dag.py:3096} INFO - Sync 1 DAGs
[2025-02-24T04:19:30.694+0000] {logging_mixin.py:188} INFO - [2025-02-24T04:19:30.694+0000] {dag.py:3954} INFO - Setting next_dagrun for latest_only to 2025-02-24 00:00:00+00:00, run_after=2025-02-24 04:00:00+00:00
[2025-02-24T04:19:30.731+0000] {processor.py:183} INFO - Processing /home/airflow/.local/lib/python3.12/site-packages/airflow/example_dags/example_latest_only.py took 0.154 seconds
[2025-02-24T04:20:03.949+0000] {processor.py:161} INFO - Started process (PID=2935) to work on /home/airflow/.local/lib/python3.12/site-packages/airflow/example_dags/example_latest_only.py
[2025-02-24T04:20:03.952+0000] {processor.py:830} INFO - Processing file /home/airflow/.local/lib/python3.12/site-packages/airflow/example_dags/example_latest_only.py for tasks to queue
[2025-02-24T04:20:03.957+0000] {logging_mixin.py:188} INFO - [2025-02-24T04:20:03.955+0000] {dagbag.py:540} INFO - Filling up the DagBag from /home/airflow/.local/lib/python3.12/site-packages/airflow/example_dags/example_latest_only.py
[2025-02-24T04:20:03.981+0000] {processor.py:840} INFO - DAG(s) 'latest_only' retrieved from /home/airflow/.local/lib/python3.12/site-packages/airflow/example_dags/example_latest_only.py
[2025-02-24T04:20:04.121+0000] {logging_mixin.py:188} INFO - [2025-02-24T04:20:04.121+0000] {dag.py:3096} INFO - Sync 1 DAGs
[2025-02-24T04:20:04.232+0000] {logging_mixin.py:188} INFO - [2025-02-24T04:20:04.231+0000] {dag.py:3954} INFO - Setting next_dagrun for latest_only to 2025-02-24 00:00:00+00:00, run_after=2025-02-24 04:00:00+00:00
[2025-02-24T04:20:04.312+0000] {processor.py:183} INFO - Processing /home/airflow/.local/lib/python3.12/site-packages/airflow/example_dags/example_latest_only.py took 0.390 seconds
[2025-02-24T04:21:28.196+0000] {processor.py:161} INFO - Started process (PID=2971) to work on /home/airflow/.local/lib/python3.12/site-packages/airflow/example_dags/example_latest_only.py
[2025-02-24T04:21:28.202+0000] {processor.py:830} INFO - Processing file /home/airflow/.local/lib/python3.12/site-packages/airflow/example_dags/example_latest_only.py for tasks to queue
[2025-02-24T04:21:28.205+0000] {logging_mixin.py:188} INFO - [2025-02-24T04:21:28.204+0000] {dagbag.py:540} INFO - Filling up the DagBag from /home/airflow/.local/lib/python3.12/site-packages/airflow/example_dags/example_latest_only.py
[2025-02-24T04:21:28.232+0000] {processor.py:840} INFO - DAG(s) 'latest_only' retrieved from /home/airflow/.local/lib/python3.12/site-packages/airflow/example_dags/example_latest_only.py
[2025-02-24T04:21:28.307+0000] {logging_mixin.py:188} INFO - [2025-02-24T04:21:28.306+0000] {dag.py:3096} INFO - Sync 1 DAGs
[2025-02-24T04:21:28.399+0000] {logging_mixin.py:188} INFO - [2025-02-24T04:21:28.398+0000] {dag.py:3954} INFO - Setting next_dagrun for latest_only to 2025-02-24 00:00:00+00:00, run_after=2025-02-24 04:00:00+00:00
[2025-02-24T04:21:28.469+0000] {processor.py:183} INFO - Processing /home/airflow/.local/lib/python3.12/site-packages/airflow/example_dags/example_latest_only.py took 0.307 seconds
[2025-02-24T04:23:10.605+0000] {processor.py:161} INFO - Started process (PID=3033) to work on /home/airflow/.local/lib/python3.12/site-packages/airflow/example_dags/example_latest_only.py
[2025-02-24T04:23:10.608+0000] {processor.py:830} INFO - Processing file /home/airflow/.local/lib/python3.12/site-packages/airflow/example_dags/example_latest_only.py for tasks to queue
[2025-02-24T04:23:10.610+0000] {logging_mixin.py:188} INFO - [2025-02-24T04:23:10.609+0000] {dagbag.py:540} INFO - Filling up the DagBag from /home/airflow/.local/lib/python3.12/site-packages/airflow/example_dags/example_latest_only.py
[2025-02-24T04:23:10.634+0000] {processor.py:840} INFO - DAG(s) 'latest_only' retrieved from /home/airflow/.local/lib/python3.12/site-packages/airflow/example_dags/example_latest_only.py
[2025-02-24T04:23:10.710+0000] {logging_mixin.py:188} INFO - [2025-02-24T04:23:10.709+0000] {dag.py:3096} INFO - Sync 1 DAGs
[2025-02-24T04:23:10.796+0000] {logging_mixin.py:188} INFO - [2025-02-24T04:23:10.795+0000] {dag.py:3954} INFO - Setting next_dagrun for latest_only to 2025-02-24 00:00:00+00:00, run_after=2025-02-24 04:00:00+00:00
[2025-02-24T04:23:10.891+0000] {processor.py:183} INFO - Processing /home/airflow/.local/lib/python3.12/site-packages/airflow/example_dags/example_latest_only.py took 0.308 seconds
[2025-02-24T04:24:11.173+0000] {processor.py:161} INFO - Started process (PID=3091) to work on /home/airflow/.local/lib/python3.12/site-packages/airflow/example_dags/example_latest_only.py
[2025-02-24T04:24:11.175+0000] {processor.py:830} INFO - Processing file /home/airflow/.local/lib/python3.12/site-packages/airflow/example_dags/example_latest_only.py for tasks to queue
[2025-02-24T04:24:11.178+0000] {logging_mixin.py:188} INFO - [2025-02-24T04:24:11.177+0000] {dagbag.py:540} INFO - Filling up the DagBag from /home/airflow/.local/lib/python3.12/site-packages/airflow/example_dags/example_latest_only.py
[2025-02-24T04:24:11.196+0000] {processor.py:840} INFO - DAG(s) 'latest_only' retrieved from /home/airflow/.local/lib/python3.12/site-packages/airflow/example_dags/example_latest_only.py
[2025-02-24T04:24:11.246+0000] {logging_mixin.py:188} INFO - [2025-02-24T04:24:11.245+0000] {dag.py:3096} INFO - Sync 1 DAGs
[2025-02-24T04:24:11.315+0000] {logging_mixin.py:188} INFO - [2025-02-24T04:24:11.314+0000] {dag.py:3954} INFO - Setting next_dagrun for latest_only to 2025-02-24 00:00:00+00:00, run_after=2025-02-24 04:00:00+00:00
[2025-02-24T04:24:11.374+0000] {processor.py:183} INFO - Processing /home/airflow/.local/lib/python3.12/site-packages/airflow/example_dags/example_latest_only.py took 0.217 seconds
[2025-02-24T04:24:42.382+0000] {processor.py:161} INFO - Started process (PID=3151) to work on /home/airflow/.local/lib/python3.12/site-packages/airflow/example_dags/example_latest_only.py
[2025-02-24T04:24:42.384+0000] {processor.py:830} INFO - Processing file /home/airflow/.local/lib/python3.12/site-packages/airflow/example_dags/example_latest_only.py for tasks to queue
[2025-02-24T04:24:42.385+0000] {logging_mixin.py:188} INFO - [2025-02-24T04:24:42.385+0000] {dagbag.py:540} INFO - Filling up the DagBag from /home/airflow/.local/lib/python3.12/site-packages/airflow/example_dags/example_latest_only.py
[2025-02-24T04:24:42.398+0000] {processor.py:840} INFO - DAG(s) 'latest_only' retrieved from /home/airflow/.local/lib/python3.12/site-packages/airflow/example_dags/example_latest_only.py
[2025-02-24T04:24:42.432+0000] {logging_mixin.py:188} INFO - [2025-02-24T04:24:42.432+0000] {dag.py:3096} INFO - Sync 1 DAGs
[2025-02-24T04:24:42.476+0000] {logging_mixin.py:188} INFO - [2025-02-24T04:24:42.476+0000] {dag.py:3954} INFO - Setting next_dagrun for latest_only to 2025-02-24 00:00:00+00:00, run_after=2025-02-24 04:00:00+00:00
[2025-02-24T04:24:42.508+0000] {processor.py:183} INFO - Processing /home/airflow/.local/lib/python3.12/site-packages/airflow/example_dags/example_latest_only.py took 0.140 seconds
[2025-02-24T04:25:24.128+0000] {processor.py:161} INFO - Started process (PID=3185) to work on /home/airflow/.local/lib/python3.12/site-packages/airflow/example_dags/example_latest_only.py
[2025-02-24T04:25:24.130+0000] {processor.py:830} INFO - Processing file /home/airflow/.local/lib/python3.12/site-packages/airflow/example_dags/example_latest_only.py for tasks to queue
[2025-02-24T04:25:24.132+0000] {logging_mixin.py:188} INFO - [2025-02-24T04:25:24.132+0000] {dagbag.py:540} INFO - Filling up the DagBag from /home/airflow/.local/lib/python3.12/site-packages/airflow/example_dags/example_latest_only.py
[2025-02-24T04:25:24.147+0000] {processor.py:840} INFO - DAG(s) 'latest_only' retrieved from /home/airflow/.local/lib/python3.12/site-packages/airflow/example_dags/example_latest_only.py
[2025-02-24T04:25:24.197+0000] {logging_mixin.py:188} INFO - [2025-02-24T04:25:24.197+0000] {dag.py:3096} INFO - Sync 1 DAGs
[2025-02-24T04:25:24.294+0000] {logging_mixin.py:188} INFO - [2025-02-24T04:25:24.293+0000] {dag.py:3954} INFO - Setting next_dagrun for latest_only to 2025-02-24 00:00:00+00:00, run_after=2025-02-24 04:00:00+00:00
[2025-02-24T04:25:24.371+0000] {processor.py:183} INFO - Processing /home/airflow/.local/lib/python3.12/site-packages/airflow/example_dags/example_latest_only.py took 0.256 seconds
[2025-02-24T04:25:55.673+0000] {processor.py:161} INFO - Started process (PID=3244) to work on /home/airflow/.local/lib/python3.12/site-packages/airflow/example_dags/example_latest_only.py
[2025-02-24T04:25:55.675+0000] {processor.py:830} INFO - Processing file /home/airflow/.local/lib/python3.12/site-packages/airflow/example_dags/example_latest_only.py for tasks to queue
[2025-02-24T04:25:55.678+0000] {logging_mixin.py:188} INFO - [2025-02-24T04:25:55.676+0000] {dagbag.py:540} INFO - Filling up the DagBag from /home/airflow/.local/lib/python3.12/site-packages/airflow/example_dags/example_latest_only.py
[2025-02-24T04:25:55.695+0000] {processor.py:840} INFO - DAG(s) 'latest_only' retrieved from /home/airflow/.local/lib/python3.12/site-packages/airflow/example_dags/example_latest_only.py
[2025-02-24T04:25:56.216+0000] {logging_mixin.py:188} INFO - [2025-02-24T04:25:56.193+0000] {dag.py:3096} INFO - Sync 1 DAGs
[2025-02-24T04:25:56.267+0000] {logging_mixin.py:188} INFO - [2025-02-24T04:25:56.266+0000] {dag.py:3954} INFO - Setting next_dagrun for latest_only to 2025-02-24 00:00:00+00:00, run_after=2025-02-24 04:00:00+00:00
[2025-02-24T04:25:56.342+0000] {processor.py:183} INFO - Processing /home/airflow/.local/lib/python3.12/site-packages/airflow/example_dags/example_latest_only.py took 0.689 seconds
[2025-02-24T04:27:37.388+0000] {processor.py:161} INFO - Started process (PID=3286) to work on /home/airflow/.local/lib/python3.12/site-packages/airflow/example_dags/example_latest_only.py
[2025-02-24T04:27:37.396+0000] {processor.py:830} INFO - Processing file /home/airflow/.local/lib/python3.12/site-packages/airflow/example_dags/example_latest_only.py for tasks to queue
[2025-02-24T04:27:37.405+0000] {logging_mixin.py:188} INFO - [2025-02-24T04:27:37.403+0000] {dagbag.py:540} INFO - Filling up the DagBag from /home/airflow/.local/lib/python3.12/site-packages/airflow/example_dags/example_latest_only.py
[2025-02-24T04:27:37.470+0000] {processor.py:840} INFO - DAG(s) 'latest_only' retrieved from /home/airflow/.local/lib/python3.12/site-packages/airflow/example_dags/example_latest_only.py
[2025-02-24T04:27:37.589+0000] {logging_mixin.py:188} INFO - [2025-02-24T04:27:37.588+0000] {dag.py:3096} INFO - Sync 1 DAGs
[2025-02-24T04:27:37.718+0000] {logging_mixin.py:188} INFO - [2025-02-24T04:27:37.717+0000] {dag.py:3954} INFO - Setting next_dagrun for latest_only to 2025-02-24 00:00:00+00:00, run_after=2025-02-24 04:00:00+00:00
[2025-02-24T04:27:37.909+0000] {processor.py:183} INFO - Processing /home/airflow/.local/lib/python3.12/site-packages/airflow/example_dags/example_latest_only.py took 0.557 seconds
[2025-02-24T04:28:59.693+0000] {processor.py:161} INFO - Started process (PID=3327) to work on /home/airflow/.local/lib/python3.12/site-packages/airflow/example_dags/example_latest_only.py
[2025-02-24T04:28:59.694+0000] {processor.py:830} INFO - Processing file /home/airflow/.local/lib/python3.12/site-packages/airflow/example_dags/example_latest_only.py for tasks to queue
[2025-02-24T04:28:59.696+0000] {logging_mixin.py:188} INFO - [2025-02-24T04:28:59.695+0000] {dagbag.py:540} INFO - Filling up the DagBag from /home/airflow/.local/lib/python3.12/site-packages/airflow/example_dags/example_latest_only.py
[2025-02-24T04:28:59.707+0000] {processor.py:840} INFO - DAG(s) 'latest_only' retrieved from /home/airflow/.local/lib/python3.12/site-packages/airflow/example_dags/example_latest_only.py
[2025-02-24T04:28:59.743+0000] {logging_mixin.py:188} INFO - [2025-02-24T04:28:59.743+0000] {dag.py:3096} INFO - Sync 1 DAGs
[2025-02-24T04:28:59.784+0000] {logging_mixin.py:188} INFO - [2025-02-24T04:28:59.784+0000] {dag.py:3954} INFO - Setting next_dagrun for latest_only to 2025-02-24 00:00:00+00:00, run_after=2025-02-24 04:00:00+00:00
[2025-02-24T04:28:59.838+0000] {processor.py:183} INFO - Processing /home/airflow/.local/lib/python3.12/site-packages/airflow/example_dags/example_latest_only.py took 0.154 seconds
