[2025-02-24T03:54:50.819+0000] {processor.py:161} INFO - Started process (PID=114) to work on /home/airflow/.local/lib/python3.12/site-packages/airflow/example_dags/example_python_operator.py
[2025-02-24T03:54:50.820+0000] {processor.py:830} INFO - Processing file /home/airflow/.local/lib/python3.12/site-packages/airflow/example_dags/example_python_operator.py for tasks to queue
[2025-02-24T03:54:50.823+0000] {logging_mixin.py:188} INFO - [2025-02-24T03:54:50.823+0000] {dagbag.py:540} INFO - Filling up the DagBag from /home/airflow/.local/lib/python3.12/site-packages/airflow/example_dags/example_python_operator.py
[2025-02-24T03:54:50.841+0000] {processor.py:840} INFO - DAG(s) 'example_python_operator' retrieved from /home/airflow/.local/lib/python3.12/site-packages/airflow/example_dags/example_python_operator.py
[2025-02-24T03:54:50.998+0000] {logging_mixin.py:188} INFO - [2025-02-24T03:54:50.997+0000] {override.py:1829} INFO - Created Permission View: can read on DAG:example_python_operator
[2025-02-24T03:54:51.010+0000] {logging_mixin.py:188} INFO - [2025-02-24T03:54:51.010+0000] {override.py:1829} INFO - Created Permission View: can delete on DAG:example_python_operator
[2025-02-24T03:54:51.019+0000] {logging_mixin.py:188} INFO - [2025-02-24T03:54:51.019+0000] {override.py:1829} INFO - Created Permission View: can edit on DAG:example_python_operator
[2025-02-24T03:54:51.020+0000] {logging_mixin.py:188} INFO - [2025-02-24T03:54:51.020+0000] {dag.py:3096} INFO - Sync 1 DAGs
[2025-02-24T03:54:51.033+0000] {logging_mixin.py:188} INFO - [2025-02-24T03:54:51.033+0000] {dag.py:3118} INFO - Creating ORM DAG for example_python_operator
[2025-02-24T03:54:51.034+0000] {logging_mixin.py:188} INFO - [2025-02-24T03:54:51.034+0000] {dag.py:3954} INFO - Setting next_dagrun for example_python_operator to None, run_after=None
[2025-02-24T03:54:51.055+0000] {processor.py:183} INFO - Processing /home/airflow/.local/lib/python3.12/site-packages/airflow/example_dags/example_python_operator.py took 0.243 seconds
[2025-02-24T03:55:21.242+0000] {processor.py:161} INFO - Started process (PID=174) to work on /home/airflow/.local/lib/python3.12/site-packages/airflow/example_dags/example_python_operator.py
[2025-02-24T03:55:21.244+0000] {processor.py:830} INFO - Processing file /home/airflow/.local/lib/python3.12/site-packages/airflow/example_dags/example_python_operator.py for tasks to queue
[2025-02-24T03:55:21.247+0000] {logging_mixin.py:188} INFO - [2025-02-24T03:55:21.246+0000] {dagbag.py:540} INFO - Filling up the DagBag from /home/airflow/.local/lib/python3.12/site-packages/airflow/example_dags/example_python_operator.py
[2025-02-24T03:55:21.258+0000] {processor.py:840} INFO - DAG(s) 'example_python_operator' retrieved from /home/airflow/.local/lib/python3.12/site-packages/airflow/example_dags/example_python_operator.py
[2025-02-24T03:55:21.286+0000] {logging_mixin.py:188} INFO - [2025-02-24T03:55:21.285+0000] {dag.py:3096} INFO - Sync 1 DAGs
[2025-02-24T03:55:21.302+0000] {logging_mixin.py:188} INFO - [2025-02-24T03:55:21.302+0000] {dag.py:3954} INFO - Setting next_dagrun for example_python_operator to None, run_after=None
[2025-02-24T03:55:21.326+0000] {processor.py:183} INFO - Processing /home/airflow/.local/lib/python3.12/site-packages/airflow/example_dags/example_python_operator.py took 0.091 seconds
[2025-02-24T03:55:56.226+0000] {processor.py:161} INFO - Started process (PID=236) to work on /home/airflow/.local/lib/python3.12/site-packages/airflow/example_dags/example_python_operator.py
[2025-02-24T03:55:56.227+0000] {processor.py:830} INFO - Processing file /home/airflow/.local/lib/python3.12/site-packages/airflow/example_dags/example_python_operator.py for tasks to queue
[2025-02-24T03:55:56.230+0000] {logging_mixin.py:188} INFO - [2025-02-24T03:55:56.229+0000] {dagbag.py:540} INFO - Filling up the DagBag from /home/airflow/.local/lib/python3.12/site-packages/airflow/example_dags/example_python_operator.py
[2025-02-24T03:55:56.248+0000] {processor.py:840} INFO - DAG(s) 'example_python_operator' retrieved from /home/airflow/.local/lib/python3.12/site-packages/airflow/example_dags/example_python_operator.py
[2025-02-24T03:55:56.279+0000] {logging_mixin.py:188} INFO - [2025-02-24T03:55:56.279+0000] {dag.py:3096} INFO - Sync 1 DAGs
[2025-02-24T03:55:56.303+0000] {logging_mixin.py:188} INFO - [2025-02-24T03:55:56.302+0000] {dag.py:3954} INFO - Setting next_dagrun for example_python_operator to None, run_after=None
[2025-02-24T03:55:56.334+0000] {processor.py:183} INFO - Processing /home/airflow/.local/lib/python3.12/site-packages/airflow/example_dags/example_python_operator.py took 0.116 seconds
[2025-02-24T03:56:26.892+0000] {processor.py:161} INFO - Started process (PID=297) to work on /home/airflow/.local/lib/python3.12/site-packages/airflow/example_dags/example_python_operator.py
[2025-02-24T03:56:26.893+0000] {processor.py:830} INFO - Processing file /home/airflow/.local/lib/python3.12/site-packages/airflow/example_dags/example_python_operator.py for tasks to queue
[2025-02-24T03:56:26.896+0000] {logging_mixin.py:188} INFO - [2025-02-24T03:56:26.895+0000] {dagbag.py:540} INFO - Filling up the DagBag from /home/airflow/.local/lib/python3.12/site-packages/airflow/example_dags/example_python_operator.py
[2025-02-24T03:56:26.909+0000] {processor.py:840} INFO - DAG(s) 'example_python_operator' retrieved from /home/airflow/.local/lib/python3.12/site-packages/airflow/example_dags/example_python_operator.py
[2025-02-24T03:56:26.923+0000] {logging_mixin.py:188} INFO - [2025-02-24T03:56:26.923+0000] {dag.py:3096} INFO - Sync 1 DAGs
[2025-02-24T03:56:26.941+0000] {logging_mixin.py:188} INFO - [2025-02-24T03:56:26.941+0000] {dag.py:3954} INFO - Setting next_dagrun for example_python_operator to None, run_after=None
[2025-02-24T03:56:26.968+0000] {processor.py:183} INFO - Processing /home/airflow/.local/lib/python3.12/site-packages/airflow/example_dags/example_python_operator.py took 0.083 seconds
[2025-02-24T03:56:57.773+0000] {processor.py:161} INFO - Started process (PID=357) to work on /home/airflow/.local/lib/python3.12/site-packages/airflow/example_dags/example_python_operator.py
[2025-02-24T03:56:57.775+0000] {processor.py:830} INFO - Processing file /home/airflow/.local/lib/python3.12/site-packages/airflow/example_dags/example_python_operator.py for tasks to queue
[2025-02-24T03:56:57.777+0000] {logging_mixin.py:188} INFO - [2025-02-24T03:56:57.777+0000] {dagbag.py:540} INFO - Filling up the DagBag from /home/airflow/.local/lib/python3.12/site-packages/airflow/example_dags/example_python_operator.py
[2025-02-24T03:56:57.789+0000] {processor.py:840} INFO - DAG(s) 'example_python_operator' retrieved from /home/airflow/.local/lib/python3.12/site-packages/airflow/example_dags/example_python_operator.py
[2025-02-24T03:56:57.910+0000] {logging_mixin.py:188} INFO - [2025-02-24T03:56:57.910+0000] {dag.py:3096} INFO - Sync 1 DAGs
[2025-02-24T03:56:57.923+0000] {logging_mixin.py:188} INFO - [2025-02-24T03:56:57.922+0000] {dag.py:3954} INFO - Setting next_dagrun for example_python_operator to None, run_after=None
[2025-02-24T03:56:57.945+0000] {processor.py:183} INFO - Processing /home/airflow/.local/lib/python3.12/site-packages/airflow/example_dags/example_python_operator.py took 0.179 seconds
[2025-02-24T03:57:28.369+0000] {processor.py:161} INFO - Started process (PID=417) to work on /home/airflow/.local/lib/python3.12/site-packages/airflow/example_dags/example_python_operator.py
[2025-02-24T03:57:28.371+0000] {processor.py:830} INFO - Processing file /home/airflow/.local/lib/python3.12/site-packages/airflow/example_dags/example_python_operator.py for tasks to queue
[2025-02-24T03:57:28.375+0000] {logging_mixin.py:188} INFO - [2025-02-24T03:57:28.374+0000] {dagbag.py:540} INFO - Filling up the DagBag from /home/airflow/.local/lib/python3.12/site-packages/airflow/example_dags/example_python_operator.py
[2025-02-24T03:57:28.395+0000] {processor.py:840} INFO - DAG(s) 'example_python_operator' retrieved from /home/airflow/.local/lib/python3.12/site-packages/airflow/example_dags/example_python_operator.py
[2025-02-24T03:57:28.435+0000] {logging_mixin.py:188} INFO - [2025-02-24T03:57:28.435+0000] {dag.py:3096} INFO - Sync 1 DAGs
[2025-02-24T03:57:28.468+0000] {logging_mixin.py:188} INFO - [2025-02-24T03:57:28.467+0000] {dag.py:3954} INFO - Setting next_dagrun for example_python_operator to None, run_after=None
[2025-02-24T03:57:28.501+0000] {processor.py:183} INFO - Processing /home/airflow/.local/lib/python3.12/site-packages/airflow/example_dags/example_python_operator.py took 0.142 seconds
[2025-02-24T03:57:59.248+0000] {processor.py:161} INFO - Started process (PID=477) to work on /home/airflow/.local/lib/python3.12/site-packages/airflow/example_dags/example_python_operator.py
[2025-02-24T03:57:59.249+0000] {processor.py:830} INFO - Processing file /home/airflow/.local/lib/python3.12/site-packages/airflow/example_dags/example_python_operator.py for tasks to queue
[2025-02-24T03:57:59.251+0000] {logging_mixin.py:188} INFO - [2025-02-24T03:57:59.251+0000] {dagbag.py:540} INFO - Filling up the DagBag from /home/airflow/.local/lib/python3.12/site-packages/airflow/example_dags/example_python_operator.py
[2025-02-24T03:57:59.268+0000] {processor.py:840} INFO - DAG(s) 'example_python_operator' retrieved from /home/airflow/.local/lib/python3.12/site-packages/airflow/example_dags/example_python_operator.py
[2025-02-24T03:57:59.305+0000] {logging_mixin.py:188} INFO - [2025-02-24T03:57:59.305+0000] {dag.py:3096} INFO - Sync 1 DAGs
[2025-02-24T03:57:59.324+0000] {logging_mixin.py:188} INFO - [2025-02-24T03:57:59.324+0000] {dag.py:3954} INFO - Setting next_dagrun for example_python_operator to None, run_after=None
[2025-02-24T03:57:59.349+0000] {processor.py:183} INFO - Processing /home/airflow/.local/lib/python3.12/site-packages/airflow/example_dags/example_python_operator.py took 0.108 seconds
[2025-02-24T03:58:42.413+0000] {processor.py:161} INFO - Started process (PID=548) to work on /home/airflow/.local/lib/python3.12/site-packages/airflow/example_dags/example_python_operator.py
[2025-02-24T03:58:42.449+0000] {processor.py:830} INFO - Processing file /home/airflow/.local/lib/python3.12/site-packages/airflow/example_dags/example_python_operator.py for tasks to queue
[2025-02-24T03:58:42.452+0000] {logging_mixin.py:188} INFO - [2025-02-24T03:58:42.452+0000] {dagbag.py:540} INFO - Filling up the DagBag from /home/airflow/.local/lib/python3.12/site-packages/airflow/example_dags/example_python_operator.py
[2025-02-24T03:58:42.469+0000] {processor.py:840} INFO - DAG(s) 'example_python_operator' retrieved from /home/airflow/.local/lib/python3.12/site-packages/airflow/example_dags/example_python_operator.py
[2025-02-24T03:58:42.499+0000] {logging_mixin.py:188} INFO - [2025-02-24T03:58:42.499+0000] {dag.py:3096} INFO - Sync 1 DAGs
[2025-02-24T03:58:42.514+0000] {logging_mixin.py:188} INFO - [2025-02-24T03:58:42.514+0000] {dag.py:3954} INFO - Setting next_dagrun for example_python_operator to None, run_after=None
[2025-02-24T03:58:42.638+0000] {processor.py:183} INFO - Processing /home/airflow/.local/lib/python3.12/site-packages/airflow/example_dags/example_python_operator.py took 0.233 seconds
[2025-02-24T03:59:12.785+0000] {processor.py:161} INFO - Started process (PID=608) to work on /home/airflow/.local/lib/python3.12/site-packages/airflow/example_dags/example_python_operator.py
[2025-02-24T03:59:12.787+0000] {processor.py:830} INFO - Processing file /home/airflow/.local/lib/python3.12/site-packages/airflow/example_dags/example_python_operator.py for tasks to queue
[2025-02-24T03:59:12.789+0000] {logging_mixin.py:188} INFO - [2025-02-24T03:59:12.789+0000] {dagbag.py:540} INFO - Filling up the DagBag from /home/airflow/.local/lib/python3.12/site-packages/airflow/example_dags/example_python_operator.py
[2025-02-24T03:59:12.802+0000] {processor.py:840} INFO - DAG(s) 'example_python_operator' retrieved from /home/airflow/.local/lib/python3.12/site-packages/airflow/example_dags/example_python_operator.py
[2025-02-24T03:59:12.829+0000] {logging_mixin.py:188} INFO - [2025-02-24T03:59:12.829+0000] {dag.py:3096} INFO - Sync 1 DAGs
[2025-02-24T03:59:12.847+0000] {logging_mixin.py:188} INFO - [2025-02-24T03:59:12.847+0000] {dag.py:3954} INFO - Setting next_dagrun for example_python_operator to None, run_after=None
[2025-02-24T03:59:12.872+0000] {processor.py:183} INFO - Processing /home/airflow/.local/lib/python3.12/site-packages/airflow/example_dags/example_python_operator.py took 0.095 seconds
[2025-02-24T03:59:44.066+0000] {processor.py:161} INFO - Started process (PID=667) to work on /home/airflow/.local/lib/python3.12/site-packages/airflow/example_dags/example_python_operator.py
[2025-02-24T03:59:44.067+0000] {processor.py:830} INFO - Processing file /home/airflow/.local/lib/python3.12/site-packages/airflow/example_dags/example_python_operator.py for tasks to queue
[2025-02-24T03:59:44.070+0000] {logging_mixin.py:188} INFO - [2025-02-24T03:59:44.070+0000] {dagbag.py:540} INFO - Filling up the DagBag from /home/airflow/.local/lib/python3.12/site-packages/airflow/example_dags/example_python_operator.py
[2025-02-24T03:59:44.084+0000] {processor.py:840} INFO - DAG(s) 'example_python_operator' retrieved from /home/airflow/.local/lib/python3.12/site-packages/airflow/example_dags/example_python_operator.py
[2025-02-24T03:59:44.115+0000] {logging_mixin.py:188} INFO - [2025-02-24T03:59:44.115+0000] {dag.py:3096} INFO - Sync 1 DAGs
[2025-02-24T03:59:44.131+0000] {logging_mixin.py:188} INFO - [2025-02-24T03:59:44.131+0000] {dag.py:3954} INFO - Setting next_dagrun for example_python_operator to None, run_after=None
[2025-02-24T03:59:44.460+0000] {processor.py:183} INFO - Processing /home/airflow/.local/lib/python3.12/site-packages/airflow/example_dags/example_python_operator.py took 0.402 seconds
[2025-02-24T04:00:15.233+0000] {processor.py:161} INFO - Started process (PID=726) to work on /home/airflow/.local/lib/python3.12/site-packages/airflow/example_dags/example_python_operator.py
[2025-02-24T04:00:15.234+0000] {processor.py:830} INFO - Processing file /home/airflow/.local/lib/python3.12/site-packages/airflow/example_dags/example_python_operator.py for tasks to queue
[2025-02-24T04:00:15.237+0000] {logging_mixin.py:188} INFO - [2025-02-24T04:00:15.236+0000] {dagbag.py:540} INFO - Filling up the DagBag from /home/airflow/.local/lib/python3.12/site-packages/airflow/example_dags/example_python_operator.py
[2025-02-24T04:00:15.249+0000] {processor.py:840} INFO - DAG(s) 'example_python_operator' retrieved from /home/airflow/.local/lib/python3.12/site-packages/airflow/example_dags/example_python_operator.py
[2025-02-24T04:00:15.277+0000] {logging_mixin.py:188} INFO - [2025-02-24T04:00:15.276+0000] {dag.py:3096} INFO - Sync 1 DAGs
[2025-02-24T04:00:15.292+0000] {logging_mixin.py:188} INFO - [2025-02-24T04:00:15.292+0000] {dag.py:3954} INFO - Setting next_dagrun for example_python_operator to None, run_after=None
[2025-02-24T04:00:15.317+0000] {processor.py:183} INFO - Processing /home/airflow/.local/lib/python3.12/site-packages/airflow/example_dags/example_python_operator.py took 0.091 seconds
[2025-02-24T04:00:46.211+0000] {processor.py:161} INFO - Started process (PID=786) to work on /home/airflow/.local/lib/python3.12/site-packages/airflow/example_dags/example_python_operator.py
[2025-02-24T04:00:46.212+0000] {processor.py:830} INFO - Processing file /home/airflow/.local/lib/python3.12/site-packages/airflow/example_dags/example_python_operator.py for tasks to queue
[2025-02-24T04:00:46.215+0000] {logging_mixin.py:188} INFO - [2025-02-24T04:00:46.215+0000] {dagbag.py:540} INFO - Filling up the DagBag from /home/airflow/.local/lib/python3.12/site-packages/airflow/example_dags/example_python_operator.py
[2025-02-24T04:00:46.228+0000] {processor.py:840} INFO - DAG(s) 'example_python_operator' retrieved from /home/airflow/.local/lib/python3.12/site-packages/airflow/example_dags/example_python_operator.py
[2025-02-24T04:00:46.254+0000] {logging_mixin.py:188} INFO - [2025-02-24T04:00:46.253+0000] {dag.py:3096} INFO - Sync 1 DAGs
[2025-02-24T04:00:46.269+0000] {logging_mixin.py:188} INFO - [2025-02-24T04:00:46.268+0000] {dag.py:3954} INFO - Setting next_dagrun for example_python_operator to None, run_after=None
[2025-02-24T04:00:46.290+0000] {processor.py:183} INFO - Processing /home/airflow/.local/lib/python3.12/site-packages/airflow/example_dags/example_python_operator.py took 0.086 seconds
[2025-02-24T04:01:16.587+0000] {processor.py:161} INFO - Started process (PID=846) to work on /home/airflow/.local/lib/python3.12/site-packages/airflow/example_dags/example_python_operator.py
[2025-02-24T04:01:16.589+0000] {processor.py:830} INFO - Processing file /home/airflow/.local/lib/python3.12/site-packages/airflow/example_dags/example_python_operator.py for tasks to queue
[2025-02-24T04:01:16.593+0000] {logging_mixin.py:188} INFO - [2025-02-24T04:01:16.593+0000] {dagbag.py:540} INFO - Filling up the DagBag from /home/airflow/.local/lib/python3.12/site-packages/airflow/example_dags/example_python_operator.py
[2025-02-24T04:01:16.605+0000] {processor.py:840} INFO - DAG(s) 'example_python_operator' retrieved from /home/airflow/.local/lib/python3.12/site-packages/airflow/example_dags/example_python_operator.py
[2025-02-24T04:01:16.637+0000] {logging_mixin.py:188} INFO - [2025-02-24T04:01:16.636+0000] {dag.py:3096} INFO - Sync 1 DAGs
[2025-02-24T04:01:16.654+0000] {logging_mixin.py:188} INFO - [2025-02-24T04:01:16.653+0000] {dag.py:3954} INFO - Setting next_dagrun for example_python_operator to None, run_after=None
[2025-02-24T04:01:16.678+0000] {processor.py:183} INFO - Processing /home/airflow/.local/lib/python3.12/site-packages/airflow/example_dags/example_python_operator.py took 0.097 seconds
[2025-02-24T04:01:46.898+0000] {processor.py:161} INFO - Started process (PID=906) to work on /home/airflow/.local/lib/python3.12/site-packages/airflow/example_dags/example_python_operator.py
[2025-02-24T04:01:46.900+0000] {processor.py:830} INFO - Processing file /home/airflow/.local/lib/python3.12/site-packages/airflow/example_dags/example_python_operator.py for tasks to queue
[2025-02-24T04:01:46.902+0000] {logging_mixin.py:188} INFO - [2025-02-24T04:01:46.902+0000] {dagbag.py:540} INFO - Filling up the DagBag from /home/airflow/.local/lib/python3.12/site-packages/airflow/example_dags/example_python_operator.py
[2025-02-24T04:01:46.917+0000] {processor.py:840} INFO - DAG(s) 'example_python_operator' retrieved from /home/airflow/.local/lib/python3.12/site-packages/airflow/example_dags/example_python_operator.py
[2025-02-24T04:01:46.950+0000] {logging_mixin.py:188} INFO - [2025-02-24T04:01:46.950+0000] {dag.py:3096} INFO - Sync 1 DAGs
[2025-02-24T04:01:46.968+0000] {logging_mixin.py:188} INFO - [2025-02-24T04:01:46.968+0000] {dag.py:3954} INFO - Setting next_dagrun for example_python_operator to None, run_after=None
[2025-02-24T04:01:46.996+0000] {processor.py:183} INFO - Processing /home/airflow/.local/lib/python3.12/site-packages/airflow/example_dags/example_python_operator.py took 0.104 seconds
[2025-02-24T04:02:17.079+0000] {processor.py:161} INFO - Started process (PID=966) to work on /home/airflow/.local/lib/python3.12/site-packages/airflow/example_dags/example_python_operator.py
[2025-02-24T04:02:17.080+0000] {processor.py:830} INFO - Processing file /home/airflow/.local/lib/python3.12/site-packages/airflow/example_dags/example_python_operator.py for tasks to queue
[2025-02-24T04:02:17.083+0000] {logging_mixin.py:188} INFO - [2025-02-24T04:02:17.082+0000] {dagbag.py:540} INFO - Filling up the DagBag from /home/airflow/.local/lib/python3.12/site-packages/airflow/example_dags/example_python_operator.py
[2025-02-24T04:02:17.096+0000] {processor.py:840} INFO - DAG(s) 'example_python_operator' retrieved from /home/airflow/.local/lib/python3.12/site-packages/airflow/example_dags/example_python_operator.py
[2025-02-24T04:02:17.126+0000] {logging_mixin.py:188} INFO - [2025-02-24T04:02:17.125+0000] {dag.py:3096} INFO - Sync 1 DAGs
[2025-02-24T04:02:17.142+0000] {logging_mixin.py:188} INFO - [2025-02-24T04:02:17.142+0000] {dag.py:3954} INFO - Setting next_dagrun for example_python_operator to None, run_after=None
[2025-02-24T04:02:17.178+0000] {processor.py:183} INFO - Processing /home/airflow/.local/lib/python3.12/site-packages/airflow/example_dags/example_python_operator.py took 0.106 seconds
[2025-02-24T04:02:47.454+0000] {processor.py:161} INFO - Started process (PID=1025) to work on /home/airflow/.local/lib/python3.12/site-packages/airflow/example_dags/example_python_operator.py
[2025-02-24T04:02:47.455+0000] {processor.py:830} INFO - Processing file /home/airflow/.local/lib/python3.12/site-packages/airflow/example_dags/example_python_operator.py for tasks to queue
[2025-02-24T04:02:47.457+0000] {logging_mixin.py:188} INFO - [2025-02-24T04:02:47.457+0000] {dagbag.py:540} INFO - Filling up the DagBag from /home/airflow/.local/lib/python3.12/site-packages/airflow/example_dags/example_python_operator.py
[2025-02-24T04:02:47.472+0000] {processor.py:840} INFO - DAG(s) 'example_python_operator' retrieved from /home/airflow/.local/lib/python3.12/site-packages/airflow/example_dags/example_python_operator.py
[2025-02-24T04:02:47.500+0000] {logging_mixin.py:188} INFO - [2025-02-24T04:02:47.500+0000] {dag.py:3096} INFO - Sync 1 DAGs
[2025-02-24T04:02:47.524+0000] {logging_mixin.py:188} INFO - [2025-02-24T04:02:47.523+0000] {dag.py:3954} INFO - Setting next_dagrun for example_python_operator to None, run_after=None
[2025-02-24T04:02:47.548+0000] {processor.py:183} INFO - Processing /home/airflow/.local/lib/python3.12/site-packages/airflow/example_dags/example_python_operator.py took 0.103 seconds
[2025-02-24T04:03:17.671+0000] {processor.py:161} INFO - Started process (PID=1091) to work on /home/airflow/.local/lib/python3.12/site-packages/airflow/example_dags/example_python_operator.py
[2025-02-24T04:03:17.673+0000] {processor.py:830} INFO - Processing file /home/airflow/.local/lib/python3.12/site-packages/airflow/example_dags/example_python_operator.py for tasks to queue
[2025-02-24T04:03:17.677+0000] {logging_mixin.py:188} INFO - [2025-02-24T04:03:17.676+0000] {dagbag.py:540} INFO - Filling up the DagBag from /home/airflow/.local/lib/python3.12/site-packages/airflow/example_dags/example_python_operator.py
[2025-02-24T04:03:17.693+0000] {processor.py:840} INFO - DAG(s) 'example_python_operator' retrieved from /home/airflow/.local/lib/python3.12/site-packages/airflow/example_dags/example_python_operator.py
[2025-02-24T04:03:17.727+0000] {logging_mixin.py:188} INFO - [2025-02-24T04:03:17.726+0000] {dag.py:3096} INFO - Sync 1 DAGs
[2025-02-24T04:03:17.747+0000] {logging_mixin.py:188} INFO - [2025-02-24T04:03:17.746+0000] {dag.py:3954} INFO - Setting next_dagrun for example_python_operator to None, run_after=None
[2025-02-24T04:03:17.774+0000] {processor.py:183} INFO - Processing /home/airflow/.local/lib/python3.12/site-packages/airflow/example_dags/example_python_operator.py took 0.110 seconds
[2025-02-24T04:03:48.254+0000] {processor.py:161} INFO - Started process (PID=1151) to work on /home/airflow/.local/lib/python3.12/site-packages/airflow/example_dags/example_python_operator.py
[2025-02-24T04:03:48.255+0000] {processor.py:830} INFO - Processing file /home/airflow/.local/lib/python3.12/site-packages/airflow/example_dags/example_python_operator.py for tasks to queue
[2025-02-24T04:03:48.258+0000] {logging_mixin.py:188} INFO - [2025-02-24T04:03:48.257+0000] {dagbag.py:540} INFO - Filling up the DagBag from /home/airflow/.local/lib/python3.12/site-packages/airflow/example_dags/example_python_operator.py
[2025-02-24T04:03:48.270+0000] {processor.py:840} INFO - DAG(s) 'example_python_operator' retrieved from /home/airflow/.local/lib/python3.12/site-packages/airflow/example_dags/example_python_operator.py
[2025-02-24T04:03:48.298+0000] {logging_mixin.py:188} INFO - [2025-02-24T04:03:48.298+0000] {dag.py:3096} INFO - Sync 1 DAGs
[2025-02-24T04:03:48.486+0000] {logging_mixin.py:188} INFO - [2025-02-24T04:03:48.485+0000] {dag.py:3954} INFO - Setting next_dagrun for example_python_operator to None, run_after=None
[2025-02-24T04:03:48.507+0000] {processor.py:183} INFO - Processing /home/airflow/.local/lib/python3.12/site-packages/airflow/example_dags/example_python_operator.py took 0.260 seconds
[2025-02-24T04:04:19.054+0000] {processor.py:161} INFO - Started process (PID=1211) to work on /home/airflow/.local/lib/python3.12/site-packages/airflow/example_dags/example_python_operator.py
[2025-02-24T04:04:19.055+0000] {processor.py:830} INFO - Processing file /home/airflow/.local/lib/python3.12/site-packages/airflow/example_dags/example_python_operator.py for tasks to queue
[2025-02-24T04:04:19.058+0000] {logging_mixin.py:188} INFO - [2025-02-24T04:04:19.057+0000] {dagbag.py:540} INFO - Filling up the DagBag from /home/airflow/.local/lib/python3.12/site-packages/airflow/example_dags/example_python_operator.py
[2025-02-24T04:04:19.072+0000] {processor.py:840} INFO - DAG(s) 'example_python_operator' retrieved from /home/airflow/.local/lib/python3.12/site-packages/airflow/example_dags/example_python_operator.py
[2025-02-24T04:04:19.101+0000] {logging_mixin.py:188} INFO - [2025-02-24T04:04:19.100+0000] {dag.py:3096} INFO - Sync 1 DAGs
[2025-02-24T04:04:19.119+0000] {logging_mixin.py:188} INFO - [2025-02-24T04:04:19.118+0000] {dag.py:3954} INFO - Setting next_dagrun for example_python_operator to None, run_after=None
[2025-02-24T04:04:19.310+0000] {processor.py:183} INFO - Processing /home/airflow/.local/lib/python3.12/site-packages/airflow/example_dags/example_python_operator.py took 0.264 seconds
[2025-02-24T04:04:49.884+0000] {processor.py:161} INFO - Started process (PID=1277) to work on /home/airflow/.local/lib/python3.12/site-packages/airflow/example_dags/example_python_operator.py
[2025-02-24T04:04:49.886+0000] {processor.py:830} INFO - Processing file /home/airflow/.local/lib/python3.12/site-packages/airflow/example_dags/example_python_operator.py for tasks to queue
[2025-02-24T04:04:49.888+0000] {logging_mixin.py:188} INFO - [2025-02-24T04:04:49.888+0000] {dagbag.py:540} INFO - Filling up the DagBag from /home/airflow/.local/lib/python3.12/site-packages/airflow/example_dags/example_python_operator.py
[2025-02-24T04:04:49.901+0000] {processor.py:840} INFO - DAG(s) 'example_python_operator' retrieved from /home/airflow/.local/lib/python3.12/site-packages/airflow/example_dags/example_python_operator.py
[2025-02-24T04:04:49.931+0000] {logging_mixin.py:188} INFO - [2025-02-24T04:04:49.931+0000] {dag.py:3096} INFO - Sync 1 DAGs
[2025-02-24T04:04:49.947+0000] {logging_mixin.py:188} INFO - [2025-02-24T04:04:49.947+0000] {dag.py:3954} INFO - Setting next_dagrun for example_python_operator to None, run_after=None
[2025-02-24T04:04:49.971+0000] {processor.py:183} INFO - Processing /home/airflow/.local/lib/python3.12/site-packages/airflow/example_dags/example_python_operator.py took 0.094 seconds
[2025-02-24T04:05:21.100+0000] {processor.py:161} INFO - Started process (PID=1337) to work on /home/airflow/.local/lib/python3.12/site-packages/airflow/example_dags/example_python_operator.py
[2025-02-24T04:05:21.102+0000] {processor.py:830} INFO - Processing file /home/airflow/.local/lib/python3.12/site-packages/airflow/example_dags/example_python_operator.py for tasks to queue
[2025-02-24T04:05:21.105+0000] {logging_mixin.py:188} INFO - [2025-02-24T04:05:21.104+0000] {dagbag.py:540} INFO - Filling up the DagBag from /home/airflow/.local/lib/python3.12/site-packages/airflow/example_dags/example_python_operator.py
[2025-02-24T04:05:21.119+0000] {processor.py:840} INFO - DAG(s) 'example_python_operator' retrieved from /home/airflow/.local/lib/python3.12/site-packages/airflow/example_dags/example_python_operator.py
[2025-02-24T04:05:21.151+0000] {logging_mixin.py:188} INFO - [2025-02-24T04:05:21.151+0000] {dag.py:3096} INFO - Sync 1 DAGs
[2025-02-24T04:05:21.169+0000] {logging_mixin.py:188} INFO - [2025-02-24T04:05:21.169+0000] {dag.py:3954} INFO - Setting next_dagrun for example_python_operator to None, run_after=None
[2025-02-24T04:05:21.196+0000] {processor.py:183} INFO - Processing /home/airflow/.local/lib/python3.12/site-packages/airflow/example_dags/example_python_operator.py took 0.102 seconds
[2025-02-24T04:05:52.732+0000] {processor.py:161} INFO - Started process (PID=1397) to work on /home/airflow/.local/lib/python3.12/site-packages/airflow/example_dags/example_python_operator.py
[2025-02-24T04:05:52.733+0000] {processor.py:830} INFO - Processing file /home/airflow/.local/lib/python3.12/site-packages/airflow/example_dags/example_python_operator.py for tasks to queue
[2025-02-24T04:05:52.736+0000] {logging_mixin.py:188} INFO - [2025-02-24T04:05:52.736+0000] {dagbag.py:540} INFO - Filling up the DagBag from /home/airflow/.local/lib/python3.12/site-packages/airflow/example_dags/example_python_operator.py
[2025-02-24T04:05:52.751+0000] {processor.py:840} INFO - DAG(s) 'example_python_operator' retrieved from /home/airflow/.local/lib/python3.12/site-packages/airflow/example_dags/example_python_operator.py
[2025-02-24T04:05:52.781+0000] {logging_mixin.py:188} INFO - [2025-02-24T04:05:52.781+0000] {dag.py:3096} INFO - Sync 1 DAGs
[2025-02-24T04:05:52.797+0000] {logging_mixin.py:188} INFO - [2025-02-24T04:05:52.797+0000] {dag.py:3954} INFO - Setting next_dagrun for example_python_operator to None, run_after=None
[2025-02-24T04:05:52.820+0000] {processor.py:183} INFO - Processing /home/airflow/.local/lib/python3.12/site-packages/airflow/example_dags/example_python_operator.py took 0.097 seconds
[2025-02-24T04:06:23.261+0000] {processor.py:161} INFO - Started process (PID=1457) to work on /home/airflow/.local/lib/python3.12/site-packages/airflow/example_dags/example_python_operator.py
[2025-02-24T04:06:23.263+0000] {processor.py:830} INFO - Processing file /home/airflow/.local/lib/python3.12/site-packages/airflow/example_dags/example_python_operator.py for tasks to queue
[2025-02-24T04:06:23.265+0000] {logging_mixin.py:188} INFO - [2025-02-24T04:06:23.265+0000] {dagbag.py:540} INFO - Filling up the DagBag from /home/airflow/.local/lib/python3.12/site-packages/airflow/example_dags/example_python_operator.py
[2025-02-24T04:06:23.277+0000] {processor.py:840} INFO - DAG(s) 'example_python_operator' retrieved from /home/airflow/.local/lib/python3.12/site-packages/airflow/example_dags/example_python_operator.py
[2025-02-24T04:06:23.305+0000] {logging_mixin.py:188} INFO - [2025-02-24T04:06:23.305+0000] {dag.py:3096} INFO - Sync 1 DAGs
[2025-02-24T04:06:23.320+0000] {logging_mixin.py:188} INFO - [2025-02-24T04:06:23.319+0000] {dag.py:3954} INFO - Setting next_dagrun for example_python_operator to None, run_after=None
[2025-02-24T04:06:23.341+0000] {processor.py:183} INFO - Processing /home/airflow/.local/lib/python3.12/site-packages/airflow/example_dags/example_python_operator.py took 0.087 seconds
[2025-02-24T04:06:54.159+0000] {processor.py:161} INFO - Started process (PID=1517) to work on /home/airflow/.local/lib/python3.12/site-packages/airflow/example_dags/example_python_operator.py
[2025-02-24T04:06:54.161+0000] {processor.py:830} INFO - Processing file /home/airflow/.local/lib/python3.12/site-packages/airflow/example_dags/example_python_operator.py for tasks to queue
[2025-02-24T04:06:54.163+0000] {logging_mixin.py:188} INFO - [2025-02-24T04:06:54.163+0000] {dagbag.py:540} INFO - Filling up the DagBag from /home/airflow/.local/lib/python3.12/site-packages/airflow/example_dags/example_python_operator.py
[2025-02-24T04:06:54.178+0000] {processor.py:840} INFO - DAG(s) 'example_python_operator' retrieved from /home/airflow/.local/lib/python3.12/site-packages/airflow/example_dags/example_python_operator.py
[2025-02-24T04:06:54.208+0000] {logging_mixin.py:188} INFO - [2025-02-24T04:06:54.207+0000] {dag.py:3096} INFO - Sync 1 DAGs
[2025-02-24T04:06:54.227+0000] {logging_mixin.py:188} INFO - [2025-02-24T04:06:54.227+0000] {dag.py:3954} INFO - Setting next_dagrun for example_python_operator to None, run_after=None
[2025-02-24T04:06:54.264+0000] {processor.py:183} INFO - Processing /home/airflow/.local/lib/python3.12/site-packages/airflow/example_dags/example_python_operator.py took 0.112 seconds
[2025-02-24T04:07:25.216+0000] {processor.py:161} INFO - Started process (PID=1577) to work on /home/airflow/.local/lib/python3.12/site-packages/airflow/example_dags/example_python_operator.py
[2025-02-24T04:07:25.217+0000] {processor.py:830} INFO - Processing file /home/airflow/.local/lib/python3.12/site-packages/airflow/example_dags/example_python_operator.py for tasks to queue
[2025-02-24T04:07:25.221+0000] {logging_mixin.py:188} INFO - [2025-02-24T04:07:25.220+0000] {dagbag.py:540} INFO - Filling up the DagBag from /home/airflow/.local/lib/python3.12/site-packages/airflow/example_dags/example_python_operator.py
[2025-02-24T04:07:25.236+0000] {processor.py:840} INFO - DAG(s) 'example_python_operator' retrieved from /home/airflow/.local/lib/python3.12/site-packages/airflow/example_dags/example_python_operator.py
[2025-02-24T04:07:25.279+0000] {logging_mixin.py:188} INFO - [2025-02-24T04:07:25.278+0000] {dag.py:3096} INFO - Sync 1 DAGs
[2025-02-24T04:07:25.301+0000] {logging_mixin.py:188} INFO - [2025-02-24T04:07:25.300+0000] {dag.py:3954} INFO - Setting next_dagrun for example_python_operator to None, run_after=None
[2025-02-24T04:07:25.335+0000] {processor.py:183} INFO - Processing /home/airflow/.local/lib/python3.12/site-packages/airflow/example_dags/example_python_operator.py took 0.128 seconds
[2025-02-24T04:07:55.945+0000] {processor.py:161} INFO - Started process (PID=1643) to work on /home/airflow/.local/lib/python3.12/site-packages/airflow/example_dags/example_python_operator.py
[2025-02-24T04:07:55.946+0000] {processor.py:830} INFO - Processing file /home/airflow/.local/lib/python3.12/site-packages/airflow/example_dags/example_python_operator.py for tasks to queue
[2025-02-24T04:07:55.951+0000] {logging_mixin.py:188} INFO - [2025-02-24T04:07:55.950+0000] {dagbag.py:540} INFO - Filling up the DagBag from /home/airflow/.local/lib/python3.12/site-packages/airflow/example_dags/example_python_operator.py
[2025-02-24T04:07:55.965+0000] {processor.py:840} INFO - DAG(s) 'example_python_operator' retrieved from /home/airflow/.local/lib/python3.12/site-packages/airflow/example_dags/example_python_operator.py
[2025-02-24T04:07:55.998+0000] {logging_mixin.py:188} INFO - [2025-02-24T04:07:55.997+0000] {dag.py:3096} INFO - Sync 1 DAGs
[2025-02-24T04:07:56.015+0000] {logging_mixin.py:188} INFO - [2025-02-24T04:07:56.014+0000] {dag.py:3954} INFO - Setting next_dagrun for example_python_operator to None, run_after=None
[2025-02-24T04:07:56.049+0000] {processor.py:183} INFO - Processing /home/airflow/.local/lib/python3.12/site-packages/airflow/example_dags/example_python_operator.py took 0.112 seconds
[2025-02-24T04:08:26.605+0000] {processor.py:161} INFO - Started process (PID=1702) to work on /home/airflow/.local/lib/python3.12/site-packages/airflow/example_dags/example_python_operator.py
[2025-02-24T04:08:26.606+0000] {processor.py:830} INFO - Processing file /home/airflow/.local/lib/python3.12/site-packages/airflow/example_dags/example_python_operator.py for tasks to queue
[2025-02-24T04:08:26.609+0000] {logging_mixin.py:188} INFO - [2025-02-24T04:08:26.608+0000] {dagbag.py:540} INFO - Filling up the DagBag from /home/airflow/.local/lib/python3.12/site-packages/airflow/example_dags/example_python_operator.py
[2025-02-24T04:08:26.621+0000] {processor.py:840} INFO - DAG(s) 'example_python_operator' retrieved from /home/airflow/.local/lib/python3.12/site-packages/airflow/example_dags/example_python_operator.py
[2025-02-24T04:08:26.649+0000] {logging_mixin.py:188} INFO - [2025-02-24T04:08:26.649+0000] {dag.py:3096} INFO - Sync 1 DAGs
[2025-02-24T04:08:26.664+0000] {logging_mixin.py:188} INFO - [2025-02-24T04:08:26.664+0000] {dag.py:3954} INFO - Setting next_dagrun for example_python_operator to None, run_after=None
[2025-02-24T04:08:26.689+0000] {processor.py:183} INFO - Processing /home/airflow/.local/lib/python3.12/site-packages/airflow/example_dags/example_python_operator.py took 0.090 seconds
[2025-02-24T04:08:57.237+0000] {processor.py:161} INFO - Started process (PID=1763) to work on /home/airflow/.local/lib/python3.12/site-packages/airflow/example_dags/example_python_operator.py
[2025-02-24T04:08:57.238+0000] {processor.py:830} INFO - Processing file /home/airflow/.local/lib/python3.12/site-packages/airflow/example_dags/example_python_operator.py for tasks to queue
[2025-02-24T04:08:57.241+0000] {logging_mixin.py:188} INFO - [2025-02-24T04:08:57.240+0000] {dagbag.py:540} INFO - Filling up the DagBag from /home/airflow/.local/lib/python3.12/site-packages/airflow/example_dags/example_python_operator.py
[2025-02-24T04:08:57.253+0000] {processor.py:840} INFO - DAG(s) 'example_python_operator' retrieved from /home/airflow/.local/lib/python3.12/site-packages/airflow/example_dags/example_python_operator.py
[2025-02-24T04:08:57.280+0000] {logging_mixin.py:188} INFO - [2025-02-24T04:08:57.280+0000] {dag.py:3096} INFO - Sync 1 DAGs
[2025-02-24T04:08:57.295+0000] {logging_mixin.py:188} INFO - [2025-02-24T04:08:57.295+0000] {dag.py:3954} INFO - Setting next_dagrun for example_python_operator to None, run_after=None
[2025-02-24T04:08:57.322+0000] {processor.py:183} INFO - Processing /home/airflow/.local/lib/python3.12/site-packages/airflow/example_dags/example_python_operator.py took 0.092 seconds
[2025-02-24T04:09:27.446+0000] {processor.py:161} INFO - Started process (PID=1824) to work on /home/airflow/.local/lib/python3.12/site-packages/airflow/example_dags/example_python_operator.py
[2025-02-24T04:09:27.447+0000] {processor.py:830} INFO - Processing file /home/airflow/.local/lib/python3.12/site-packages/airflow/example_dags/example_python_operator.py for tasks to queue
[2025-02-24T04:09:27.451+0000] {logging_mixin.py:188} INFO - [2025-02-24T04:09:27.450+0000] {dagbag.py:540} INFO - Filling up the DagBag from /home/airflow/.local/lib/python3.12/site-packages/airflow/example_dags/example_python_operator.py
[2025-02-24T04:09:27.469+0000] {processor.py:840} INFO - DAG(s) 'example_python_operator' retrieved from /home/airflow/.local/lib/python3.12/site-packages/airflow/example_dags/example_python_operator.py
[2025-02-24T04:09:27.497+0000] {logging_mixin.py:188} INFO - [2025-02-24T04:09:27.497+0000] {dag.py:3096} INFO - Sync 1 DAGs
[2025-02-24T04:09:27.514+0000] {logging_mixin.py:188} INFO - [2025-02-24T04:09:27.514+0000] {dag.py:3954} INFO - Setting next_dagrun for example_python_operator to None, run_after=None
[2025-02-24T04:09:27.669+0000] {processor.py:183} INFO - Processing /home/airflow/.local/lib/python3.12/site-packages/airflow/example_dags/example_python_operator.py took 0.233 seconds
[2025-02-24T04:09:58.609+0000] {processor.py:161} INFO - Started process (PID=1884) to work on /home/airflow/.local/lib/python3.12/site-packages/airflow/example_dags/example_python_operator.py
[2025-02-24T04:09:58.611+0000] {processor.py:830} INFO - Processing file /home/airflow/.local/lib/python3.12/site-packages/airflow/example_dags/example_python_operator.py for tasks to queue
[2025-02-24T04:09:58.613+0000] {logging_mixin.py:188} INFO - [2025-02-24T04:09:58.613+0000] {dagbag.py:540} INFO - Filling up the DagBag from /home/airflow/.local/lib/python3.12/site-packages/airflow/example_dags/example_python_operator.py
[2025-02-24T04:09:58.625+0000] {processor.py:840} INFO - DAG(s) 'example_python_operator' retrieved from /home/airflow/.local/lib/python3.12/site-packages/airflow/example_dags/example_python_operator.py
[2025-02-24T04:09:58.652+0000] {logging_mixin.py:188} INFO - [2025-02-24T04:09:58.651+0000] {dag.py:3096} INFO - Sync 1 DAGs
[2025-02-24T04:09:58.667+0000] {logging_mixin.py:188} INFO - [2025-02-24T04:09:58.666+0000] {dag.py:3954} INFO - Setting next_dagrun for example_python_operator to None, run_after=None
[2025-02-24T04:09:58.689+0000] {processor.py:183} INFO - Processing /home/airflow/.local/lib/python3.12/site-packages/airflow/example_dags/example_python_operator.py took 0.086 seconds
[2025-02-24T04:10:28.861+0000] {processor.py:161} INFO - Started process (PID=1944) to work on /home/airflow/.local/lib/python3.12/site-packages/airflow/example_dags/example_python_operator.py
[2025-02-24T04:10:28.862+0000] {processor.py:830} INFO - Processing file /home/airflow/.local/lib/python3.12/site-packages/airflow/example_dags/example_python_operator.py for tasks to queue
[2025-02-24T04:10:28.865+0000] {logging_mixin.py:188} INFO - [2025-02-24T04:10:28.865+0000] {dagbag.py:540} INFO - Filling up the DagBag from /home/airflow/.local/lib/python3.12/site-packages/airflow/example_dags/example_python_operator.py
[2025-02-24T04:10:28.882+0000] {processor.py:840} INFO - DAG(s) 'example_python_operator' retrieved from /home/airflow/.local/lib/python3.12/site-packages/airflow/example_dags/example_python_operator.py
[2025-02-24T04:10:28.915+0000] {logging_mixin.py:188} INFO - [2025-02-24T04:10:28.915+0000] {dag.py:3096} INFO - Sync 1 DAGs
[2025-02-24T04:10:28.933+0000] {logging_mixin.py:188} INFO - [2025-02-24T04:10:28.933+0000] {dag.py:3954} INFO - Setting next_dagrun for example_python_operator to None, run_after=None
[2025-02-24T04:10:28.965+0000] {processor.py:183} INFO - Processing /home/airflow/.local/lib/python3.12/site-packages/airflow/example_dags/example_python_operator.py took 0.110 seconds
[2025-02-24T04:10:59.430+0000] {processor.py:161} INFO - Started process (PID=2016) to work on /home/airflow/.local/lib/python3.12/site-packages/airflow/example_dags/example_python_operator.py
[2025-02-24T04:10:59.431+0000] {processor.py:830} INFO - Processing file /home/airflow/.local/lib/python3.12/site-packages/airflow/example_dags/example_python_operator.py for tasks to queue
[2025-02-24T04:10:59.434+0000] {logging_mixin.py:188} INFO - [2025-02-24T04:10:59.433+0000] {dagbag.py:540} INFO - Filling up the DagBag from /home/airflow/.local/lib/python3.12/site-packages/airflow/example_dags/example_python_operator.py
[2025-02-24T04:10:59.449+0000] {processor.py:840} INFO - DAG(s) 'example_python_operator' retrieved from /home/airflow/.local/lib/python3.12/site-packages/airflow/example_dags/example_python_operator.py
[2025-02-24T04:10:59.483+0000] {logging_mixin.py:188} INFO - [2025-02-24T04:10:59.483+0000] {dag.py:3096} INFO - Sync 1 DAGs
[2025-02-24T04:10:59.543+0000] {logging_mixin.py:188} INFO - [2025-02-24T04:10:59.543+0000] {dag.py:3954} INFO - Setting next_dagrun for example_python_operator to None, run_after=None
[2025-02-24T04:10:59.607+0000] {processor.py:183} INFO - Processing /home/airflow/.local/lib/python3.12/site-packages/airflow/example_dags/example_python_operator.py took 0.185 seconds
[2025-02-24T04:11:29.901+0000] {processor.py:161} INFO - Started process (PID=2076) to work on /home/airflow/.local/lib/python3.12/site-packages/airflow/example_dags/example_python_operator.py
[2025-02-24T04:11:29.902+0000] {processor.py:830} INFO - Processing file /home/airflow/.local/lib/python3.12/site-packages/airflow/example_dags/example_python_operator.py for tasks to queue
[2025-02-24T04:11:29.904+0000] {logging_mixin.py:188} INFO - [2025-02-24T04:11:29.904+0000] {dagbag.py:540} INFO - Filling up the DagBag from /home/airflow/.local/lib/python3.12/site-packages/airflow/example_dags/example_python_operator.py
[2025-02-24T04:11:29.920+0000] {processor.py:840} INFO - DAG(s) 'example_python_operator' retrieved from /home/airflow/.local/lib/python3.12/site-packages/airflow/example_dags/example_python_operator.py
[2025-02-24T04:11:29.958+0000] {logging_mixin.py:188} INFO - [2025-02-24T04:11:29.957+0000] {dag.py:3096} INFO - Sync 1 DAGs
[2025-02-24T04:11:29.979+0000] {logging_mixin.py:188} INFO - [2025-02-24T04:11:29.979+0000] {dag.py:3954} INFO - Setting next_dagrun for example_python_operator to None, run_after=None
[2025-02-24T04:11:30.008+0000] {processor.py:183} INFO - Processing /home/airflow/.local/lib/python3.12/site-packages/airflow/example_dags/example_python_operator.py took 0.116 seconds
[2025-02-24T04:12:00.644+0000] {processor.py:161} INFO - Started process (PID=2143) to work on /home/airflow/.local/lib/python3.12/site-packages/airflow/example_dags/example_python_operator.py
[2025-02-24T04:12:00.646+0000] {processor.py:830} INFO - Processing file /home/airflow/.local/lib/python3.12/site-packages/airflow/example_dags/example_python_operator.py for tasks to queue
[2025-02-24T04:12:00.648+0000] {logging_mixin.py:188} INFO - [2025-02-24T04:12:00.648+0000] {dagbag.py:540} INFO - Filling up the DagBag from /home/airflow/.local/lib/python3.12/site-packages/airflow/example_dags/example_python_operator.py
[2025-02-24T04:12:00.660+0000] {processor.py:840} INFO - DAG(s) 'example_python_operator' retrieved from /home/airflow/.local/lib/python3.12/site-packages/airflow/example_dags/example_python_operator.py
[2025-02-24T04:12:00.687+0000] {logging_mixin.py:188} INFO - [2025-02-24T04:12:00.687+0000] {dag.py:3096} INFO - Sync 1 DAGs
[2025-02-24T04:12:00.702+0000] {logging_mixin.py:188} INFO - [2025-02-24T04:12:00.702+0000] {dag.py:3954} INFO - Setting next_dagrun for example_python_operator to None, run_after=None
[2025-02-24T04:12:00.724+0000] {processor.py:183} INFO - Processing /home/airflow/.local/lib/python3.12/site-packages/airflow/example_dags/example_python_operator.py took 0.087 seconds
[2025-02-24T04:12:30.989+0000] {processor.py:161} INFO - Started process (PID=2212) to work on /home/airflow/.local/lib/python3.12/site-packages/airflow/example_dags/example_python_operator.py
[2025-02-24T04:12:30.990+0000] {processor.py:830} INFO - Processing file /home/airflow/.local/lib/python3.12/site-packages/airflow/example_dags/example_python_operator.py for tasks to queue
[2025-02-24T04:12:30.993+0000] {logging_mixin.py:188} INFO - [2025-02-24T04:12:30.992+0000] {dagbag.py:540} INFO - Filling up the DagBag from /home/airflow/.local/lib/python3.12/site-packages/airflow/example_dags/example_python_operator.py
[2025-02-24T04:12:31.010+0000] {processor.py:840} INFO - DAG(s) 'example_python_operator' retrieved from /home/airflow/.local/lib/python3.12/site-packages/airflow/example_dags/example_python_operator.py
[2025-02-24T04:12:31.040+0000] {logging_mixin.py:188} INFO - [2025-02-24T04:12:31.039+0000] {dag.py:3096} INFO - Sync 1 DAGs
[2025-02-24T04:12:31.055+0000] {logging_mixin.py:188} INFO - [2025-02-24T04:12:31.055+0000] {dag.py:3954} INFO - Setting next_dagrun for example_python_operator to None, run_after=None
[2025-02-24T04:12:31.080+0000] {processor.py:183} INFO - Processing /home/airflow/.local/lib/python3.12/site-packages/airflow/example_dags/example_python_operator.py took 0.101 seconds
[2025-02-24T04:13:01.636+0000] {processor.py:161} INFO - Started process (PID=2279) to work on /home/airflow/.local/lib/python3.12/site-packages/airflow/example_dags/example_python_operator.py
[2025-02-24T04:13:01.637+0000] {processor.py:830} INFO - Processing file /home/airflow/.local/lib/python3.12/site-packages/airflow/example_dags/example_python_operator.py for tasks to queue
[2025-02-24T04:13:01.640+0000] {logging_mixin.py:188} INFO - [2025-02-24T04:13:01.640+0000] {dagbag.py:540} INFO - Filling up the DagBag from /home/airflow/.local/lib/python3.12/site-packages/airflow/example_dags/example_python_operator.py
[2025-02-24T04:13:01.656+0000] {processor.py:840} INFO - DAG(s) 'example_python_operator' retrieved from /home/airflow/.local/lib/python3.12/site-packages/airflow/example_dags/example_python_operator.py
[2025-02-24T04:13:01.691+0000] {logging_mixin.py:188} INFO - [2025-02-24T04:13:01.691+0000] {dag.py:3096} INFO - Sync 1 DAGs
[2025-02-24T04:13:01.711+0000] {logging_mixin.py:188} INFO - [2025-02-24T04:13:01.710+0000] {dag.py:3954} INFO - Setting next_dagrun for example_python_operator to None, run_after=None
[2025-02-24T04:13:01.751+0000] {processor.py:183} INFO - Processing /home/airflow/.local/lib/python3.12/site-packages/airflow/example_dags/example_python_operator.py took 0.124 seconds
[2025-02-24T04:13:31.865+0000] {processor.py:161} INFO - Started process (PID=2337) to work on /home/airflow/.local/lib/python3.12/site-packages/airflow/example_dags/example_python_operator.py
[2025-02-24T04:13:31.866+0000] {processor.py:830} INFO - Processing file /home/airflow/.local/lib/python3.12/site-packages/airflow/example_dags/example_python_operator.py for tasks to queue
[2025-02-24T04:13:31.869+0000] {logging_mixin.py:188} INFO - [2025-02-24T04:13:31.868+0000] {dagbag.py:540} INFO - Filling up the DagBag from /home/airflow/.local/lib/python3.12/site-packages/airflow/example_dags/example_python_operator.py
[2025-02-24T04:13:31.882+0000] {processor.py:840} INFO - DAG(s) 'example_python_operator' retrieved from /home/airflow/.local/lib/python3.12/site-packages/airflow/example_dags/example_python_operator.py
[2025-02-24T04:13:31.910+0000] {logging_mixin.py:188} INFO - [2025-02-24T04:13:31.910+0000] {dag.py:3096} INFO - Sync 1 DAGs
[2025-02-24T04:13:31.924+0000] {logging_mixin.py:188} INFO - [2025-02-24T04:13:31.924+0000] {dag.py:3954} INFO - Setting next_dagrun for example_python_operator to None, run_after=None
[2025-02-24T04:13:31.948+0000] {processor.py:183} INFO - Processing /home/airflow/.local/lib/python3.12/site-packages/airflow/example_dags/example_python_operator.py took 0.092 seconds
[2025-02-24T04:14:02.019+0000] {processor.py:161} INFO - Started process (PID=2397) to work on /home/airflow/.local/lib/python3.12/site-packages/airflow/example_dags/example_python_operator.py
[2025-02-24T04:14:02.020+0000] {processor.py:830} INFO - Processing file /home/airflow/.local/lib/python3.12/site-packages/airflow/example_dags/example_python_operator.py for tasks to queue
[2025-02-24T04:14:02.023+0000] {logging_mixin.py:188} INFO - [2025-02-24T04:14:02.022+0000] {dagbag.py:540} INFO - Filling up the DagBag from /home/airflow/.local/lib/python3.12/site-packages/airflow/example_dags/example_python_operator.py
[2025-02-24T04:14:02.036+0000] {processor.py:840} INFO - DAG(s) 'example_python_operator' retrieved from /home/airflow/.local/lib/python3.12/site-packages/airflow/example_dags/example_python_operator.py
[2025-02-24T04:14:02.064+0000] {logging_mixin.py:188} INFO - [2025-02-24T04:14:02.064+0000] {dag.py:3096} INFO - Sync 1 DAGs
[2025-02-24T04:14:02.079+0000] {logging_mixin.py:188} INFO - [2025-02-24T04:14:02.078+0000] {dag.py:3954} INFO - Setting next_dagrun for example_python_operator to None, run_after=None
[2025-02-24T04:14:02.101+0000] {processor.py:183} INFO - Processing /home/airflow/.local/lib/python3.12/site-packages/airflow/example_dags/example_python_operator.py took 0.089 seconds
[2025-02-24T04:14:32.778+0000] {processor.py:161} INFO - Started process (PID=2457) to work on /home/airflow/.local/lib/python3.12/site-packages/airflow/example_dags/example_python_operator.py
[2025-02-24T04:14:32.779+0000] {processor.py:830} INFO - Processing file /home/airflow/.local/lib/python3.12/site-packages/airflow/example_dags/example_python_operator.py for tasks to queue
[2025-02-24T04:14:32.782+0000] {logging_mixin.py:188} INFO - [2025-02-24T04:14:32.782+0000] {dagbag.py:540} INFO - Filling up the DagBag from /home/airflow/.local/lib/python3.12/site-packages/airflow/example_dags/example_python_operator.py
[2025-02-24T04:14:32.795+0000] {processor.py:840} INFO - DAG(s) 'example_python_operator' retrieved from /home/airflow/.local/lib/python3.12/site-packages/airflow/example_dags/example_python_operator.py
[2025-02-24T04:14:32.826+0000] {logging_mixin.py:188} INFO - [2025-02-24T04:14:32.825+0000] {dag.py:3096} INFO - Sync 1 DAGs
[2025-02-24T04:14:32.843+0000] {logging_mixin.py:188} INFO - [2025-02-24T04:14:32.843+0000] {dag.py:3954} INFO - Setting next_dagrun for example_python_operator to None, run_after=None
[2025-02-24T04:14:32.868+0000] {processor.py:183} INFO - Processing /home/airflow/.local/lib/python3.12/site-packages/airflow/example_dags/example_python_operator.py took 0.096 seconds
[2025-02-24T04:15:03.064+0000] {processor.py:161} INFO - Started process (PID=2517) to work on /home/airflow/.local/lib/python3.12/site-packages/airflow/example_dags/example_python_operator.py
[2025-02-24T04:15:03.066+0000] {processor.py:830} INFO - Processing file /home/airflow/.local/lib/python3.12/site-packages/airflow/example_dags/example_python_operator.py for tasks to queue
[2025-02-24T04:15:03.068+0000] {logging_mixin.py:188} INFO - [2025-02-24T04:15:03.068+0000] {dagbag.py:540} INFO - Filling up the DagBag from /home/airflow/.local/lib/python3.12/site-packages/airflow/example_dags/example_python_operator.py
[2025-02-24T04:15:03.082+0000] {processor.py:840} INFO - DAG(s) 'example_python_operator' retrieved from /home/airflow/.local/lib/python3.12/site-packages/airflow/example_dags/example_python_operator.py
[2025-02-24T04:15:03.109+0000] {logging_mixin.py:188} INFO - [2025-02-24T04:15:03.109+0000] {dag.py:3096} INFO - Sync 1 DAGs
[2025-02-24T04:15:03.124+0000] {logging_mixin.py:188} INFO - [2025-02-24T04:15:03.124+0000] {dag.py:3954} INFO - Setting next_dagrun for example_python_operator to None, run_after=None
[2025-02-24T04:15:03.148+0000] {processor.py:183} INFO - Processing /home/airflow/.local/lib/python3.12/site-packages/airflow/example_dags/example_python_operator.py took 0.090 seconds
[2025-02-24T04:15:33.345+0000] {processor.py:161} INFO - Started process (PID=2577) to work on /home/airflow/.local/lib/python3.12/site-packages/airflow/example_dags/example_python_operator.py
[2025-02-24T04:15:33.346+0000] {processor.py:830} INFO - Processing file /home/airflow/.local/lib/python3.12/site-packages/airflow/example_dags/example_python_operator.py for tasks to queue
[2025-02-24T04:15:33.349+0000] {logging_mixin.py:188} INFO - [2025-02-24T04:15:33.349+0000] {dagbag.py:540} INFO - Filling up the DagBag from /home/airflow/.local/lib/python3.12/site-packages/airflow/example_dags/example_python_operator.py
[2025-02-24T04:15:33.363+0000] {processor.py:840} INFO - DAG(s) 'example_python_operator' retrieved from /home/airflow/.local/lib/python3.12/site-packages/airflow/example_dags/example_python_operator.py
[2025-02-24T04:15:33.398+0000] {logging_mixin.py:188} INFO - [2025-02-24T04:15:33.398+0000] {dag.py:3096} INFO - Sync 1 DAGs
[2025-02-24T04:15:33.414+0000] {logging_mixin.py:188} INFO - [2025-02-24T04:15:33.414+0000] {dag.py:3954} INFO - Setting next_dagrun for example_python_operator to None, run_after=None
[2025-02-24T04:15:33.441+0000] {processor.py:183} INFO - Processing /home/airflow/.local/lib/python3.12/site-packages/airflow/example_dags/example_python_operator.py took 0.104 seconds
[2025-02-24T04:16:03.763+0000] {processor.py:161} INFO - Started process (PID=2638) to work on /home/airflow/.local/lib/python3.12/site-packages/airflow/example_dags/example_python_operator.py
[2025-02-24T04:16:03.765+0000] {processor.py:830} INFO - Processing file /home/airflow/.local/lib/python3.12/site-packages/airflow/example_dags/example_python_operator.py for tasks to queue
[2025-02-24T04:16:03.767+0000] {logging_mixin.py:188} INFO - [2025-02-24T04:16:03.767+0000] {dagbag.py:540} INFO - Filling up the DagBag from /home/airflow/.local/lib/python3.12/site-packages/airflow/example_dags/example_python_operator.py
[2025-02-24T04:16:03.779+0000] {processor.py:840} INFO - DAG(s) 'example_python_operator' retrieved from /home/airflow/.local/lib/python3.12/site-packages/airflow/example_dags/example_python_operator.py
[2025-02-24T04:16:03.807+0000] {logging_mixin.py:188} INFO - [2025-02-24T04:16:03.807+0000] {dag.py:3096} INFO - Sync 1 DAGs
[2025-02-24T04:16:03.822+0000] {logging_mixin.py:188} INFO - [2025-02-24T04:16:03.822+0000] {dag.py:3954} INFO - Setting next_dagrun for example_python_operator to None, run_after=None
[2025-02-24T04:16:03.848+0000] {processor.py:183} INFO - Processing /home/airflow/.local/lib/python3.12/site-packages/airflow/example_dags/example_python_operator.py took 0.092 seconds
[2025-02-24T04:16:34.135+0000] {processor.py:161} INFO - Started process (PID=2698) to work on /home/airflow/.local/lib/python3.12/site-packages/airflow/example_dags/example_python_operator.py
[2025-02-24T04:16:34.137+0000] {processor.py:830} INFO - Processing file /home/airflow/.local/lib/python3.12/site-packages/airflow/example_dags/example_python_operator.py for tasks to queue
[2025-02-24T04:16:34.140+0000] {logging_mixin.py:188} INFO - [2025-02-24T04:16:34.140+0000] {dagbag.py:540} INFO - Filling up the DagBag from /home/airflow/.local/lib/python3.12/site-packages/airflow/example_dags/example_python_operator.py
[2025-02-24T04:16:34.156+0000] {processor.py:840} INFO - DAG(s) 'example_python_operator' retrieved from /home/airflow/.local/lib/python3.12/site-packages/airflow/example_dags/example_python_operator.py
[2025-02-24T04:16:34.189+0000] {logging_mixin.py:188} INFO - [2025-02-24T04:16:34.189+0000] {dag.py:3096} INFO - Sync 1 DAGs
[2025-02-24T04:16:34.206+0000] {logging_mixin.py:188} INFO - [2025-02-24T04:16:34.205+0000] {dag.py:3954} INFO - Setting next_dagrun for example_python_operator to None, run_after=None
[2025-02-24T04:16:34.231+0000] {processor.py:183} INFO - Processing /home/airflow/.local/lib/python3.12/site-packages/airflow/example_dags/example_python_operator.py took 0.103 seconds
[2025-02-24T04:17:05.060+0000] {processor.py:161} INFO - Started process (PID=2758) to work on /home/airflow/.local/lib/python3.12/site-packages/airflow/example_dags/example_python_operator.py
[2025-02-24T04:17:05.062+0000] {processor.py:830} INFO - Processing file /home/airflow/.local/lib/python3.12/site-packages/airflow/example_dags/example_python_operator.py for tasks to queue
[2025-02-24T04:17:05.066+0000] {logging_mixin.py:188} INFO - [2025-02-24T04:17:05.065+0000] {dagbag.py:540} INFO - Filling up the DagBag from /home/airflow/.local/lib/python3.12/site-packages/airflow/example_dags/example_python_operator.py
[2025-02-24T04:17:05.088+0000] {processor.py:840} INFO - DAG(s) 'example_python_operator' retrieved from /home/airflow/.local/lib/python3.12/site-packages/airflow/example_dags/example_python_operator.py
[2025-02-24T04:17:05.139+0000] {logging_mixin.py:188} INFO - [2025-02-24T04:17:05.138+0000] {dag.py:3096} INFO - Sync 1 DAGs
[2025-02-24T04:17:05.168+0000] {logging_mixin.py:188} INFO - [2025-02-24T04:17:05.167+0000] {dag.py:3954} INFO - Setting next_dagrun for example_python_operator to None, run_after=None
[2025-02-24T04:17:05.207+0000] {processor.py:183} INFO - Processing /home/airflow/.local/lib/python3.12/site-packages/airflow/example_dags/example_python_operator.py took 0.157 seconds
[2025-02-24T04:17:35.277+0000] {processor.py:161} INFO - Started process (PID=2816) to work on /home/airflow/.local/lib/python3.12/site-packages/airflow/example_dags/example_python_operator.py
[2025-02-24T04:17:35.279+0000] {processor.py:830} INFO - Processing file /home/airflow/.local/lib/python3.12/site-packages/airflow/example_dags/example_python_operator.py for tasks to queue
[2025-02-24T04:17:35.282+0000] {logging_mixin.py:188} INFO - [2025-02-24T04:17:35.281+0000] {dagbag.py:540} INFO - Filling up the DagBag from /home/airflow/.local/lib/python3.12/site-packages/airflow/example_dags/example_python_operator.py
[2025-02-24T04:17:35.295+0000] {processor.py:840} INFO - DAG(s) 'example_python_operator' retrieved from /home/airflow/.local/lib/python3.12/site-packages/airflow/example_dags/example_python_operator.py
[2025-02-24T04:17:35.323+0000] {logging_mixin.py:188} INFO - [2025-02-24T04:17:35.323+0000] {dag.py:3096} INFO - Sync 1 DAGs
[2025-02-24T04:17:35.340+0000] {logging_mixin.py:188} INFO - [2025-02-24T04:17:35.339+0000] {dag.py:3954} INFO - Setting next_dagrun for example_python_operator to None, run_after=None
[2025-02-24T04:17:35.364+0000] {processor.py:183} INFO - Processing /home/airflow/.local/lib/python3.12/site-packages/airflow/example_dags/example_python_operator.py took 0.095 seconds
[2025-02-24T04:19:43.577+0000] {processor.py:161} INFO - Started process (PID=2892) to work on /home/airflow/.local/lib/python3.12/site-packages/airflow/example_dags/example_python_operator.py
[2025-02-24T04:19:43.578+0000] {processor.py:830} INFO - Processing file /home/airflow/.local/lib/python3.12/site-packages/airflow/example_dags/example_python_operator.py for tasks to queue
[2025-02-24T04:19:43.580+0000] {logging_mixin.py:188} INFO - [2025-02-24T04:19:43.579+0000] {dagbag.py:540} INFO - Filling up the DagBag from /home/airflow/.local/lib/python3.12/site-packages/airflow/example_dags/example_python_operator.py
[2025-02-24T04:19:43.594+0000] {processor.py:840} INFO - DAG(s) 'example_python_operator' retrieved from /home/airflow/.local/lib/python3.12/site-packages/airflow/example_dags/example_python_operator.py
[2025-02-24T04:19:45.462+0000] {logging_mixin.py:188} INFO - [2025-02-24T04:19:45.461+0000] {dag.py:3096} INFO - Sync 1 DAGs
[2025-02-24T04:19:45.480+0000] {logging_mixin.py:188} INFO - [2025-02-24T04:19:45.480+0000] {dag.py:3954} INFO - Setting next_dagrun for example_python_operator to None, run_after=None
[2025-02-24T04:19:47.608+0000] {processor.py:183} INFO - Processing /home/airflow/.local/lib/python3.12/site-packages/airflow/example_dags/example_python_operator.py took 4.039 seconds
[2025-02-24T04:22:02.371+0000] {processor.py:161} INFO - Started process (PID=2991) to work on /home/airflow/.local/lib/python3.12/site-packages/airflow/example_dags/example_python_operator.py
[2025-02-24T04:22:02.389+0000] {processor.py:830} INFO - Processing file /home/airflow/.local/lib/python3.12/site-packages/airflow/example_dags/example_python_operator.py for tasks to queue
[2025-02-24T04:22:02.396+0000] {logging_mixin.py:188} INFO - [2025-02-24T04:22:02.395+0000] {dagbag.py:540} INFO - Filling up the DagBag from /home/airflow/.local/lib/python3.12/site-packages/airflow/example_dags/example_python_operator.py
[2025-02-24T04:22:02.472+0000] {processor.py:840} INFO - DAG(s) 'example_python_operator' retrieved from /home/airflow/.local/lib/python3.12/site-packages/airflow/example_dags/example_python_operator.py
[2025-02-24T04:22:02.737+0000] {logging_mixin.py:188} INFO - [2025-02-24T04:22:02.736+0000] {dag.py:3096} INFO - Sync 1 DAGs
[2025-02-24T04:22:02.791+0000] {logging_mixin.py:188} INFO - [2025-02-24T04:22:02.790+0000] {dag.py:3954} INFO - Setting next_dagrun for example_python_operator to None, run_after=None
[2025-02-24T04:22:02.919+0000] {processor.py:183} INFO - Processing /home/airflow/.local/lib/python3.12/site-packages/airflow/example_dags/example_python_operator.py took 0.588 seconds
[2025-02-24T04:24:08.602+0000] {processor.py:161} INFO - Started process (PID=3056) to work on /home/airflow/.local/lib/python3.12/site-packages/airflow/example_dags/example_python_operator.py
[2025-02-24T04:24:08.604+0000] {processor.py:830} INFO - Processing file /home/airflow/.local/lib/python3.12/site-packages/airflow/example_dags/example_python_operator.py for tasks to queue
[2025-02-24T04:24:08.606+0000] {logging_mixin.py:188} INFO - [2025-02-24T04:24:08.605+0000] {dagbag.py:540} INFO - Filling up the DagBag from /home/airflow/.local/lib/python3.12/site-packages/airflow/example_dags/example_python_operator.py
[2025-02-24T04:24:08.647+0000] {processor.py:840} INFO - DAG(s) 'example_python_operator' retrieved from /home/airflow/.local/lib/python3.12/site-packages/airflow/example_dags/example_python_operator.py
[2025-02-24T04:24:08.683+0000] {logging_mixin.py:188} INFO - [2025-02-24T04:24:08.683+0000] {dag.py:3096} INFO - Sync 1 DAGs
[2025-02-24T04:24:08.699+0000] {logging_mixin.py:188} INFO - [2025-02-24T04:24:08.699+0000] {dag.py:3954} INFO - Setting next_dagrun for example_python_operator to None, run_after=None
[2025-02-24T04:24:08.730+0000] {processor.py:183} INFO - Processing /home/airflow/.local/lib/python3.12/site-packages/airflow/example_dags/example_python_operator.py took 0.145 seconds
[2025-02-24T04:24:39.058+0000] {processor.py:161} INFO - Started process (PID=3123) to work on /home/airflow/.local/lib/python3.12/site-packages/airflow/example_dags/example_python_operator.py
[2025-02-24T04:24:39.059+0000] {processor.py:830} INFO - Processing file /home/airflow/.local/lib/python3.12/site-packages/airflow/example_dags/example_python_operator.py for tasks to queue
[2025-02-24T04:24:39.060+0000] {logging_mixin.py:188} INFO - [2025-02-24T04:24:39.059+0000] {dagbag.py:540} INFO - Filling up the DagBag from /home/airflow/.local/lib/python3.12/site-packages/airflow/example_dags/example_python_operator.py
[2025-02-24T04:24:39.072+0000] {processor.py:840} INFO - DAG(s) 'example_python_operator' retrieved from /home/airflow/.local/lib/python3.12/site-packages/airflow/example_dags/example_python_operator.py
[2025-02-24T04:24:39.102+0000] {logging_mixin.py:188} INFO - [2025-02-24T04:24:39.102+0000] {dag.py:3096} INFO - Sync 1 DAGs
[2025-02-24T04:24:39.118+0000] {logging_mixin.py:188} INFO - [2025-02-24T04:24:39.118+0000] {dag.py:3954} INFO - Setting next_dagrun for example_python_operator to None, run_after=None
[2025-02-24T04:24:39.144+0000] {processor.py:183} INFO - Processing /home/airflow/.local/lib/python3.12/site-packages/airflow/example_dags/example_python_operator.py took 0.094 seconds
[2025-02-24T04:25:30.177+0000] {processor.py:161} INFO - Started process (PID=3202) to work on /home/airflow/.local/lib/python3.12/site-packages/airflow/example_dags/example_python_operator.py
[2025-02-24T04:25:30.183+0000] {processor.py:830} INFO - Processing file /home/airflow/.local/lib/python3.12/site-packages/airflow/example_dags/example_python_operator.py for tasks to queue
[2025-02-24T04:25:30.185+0000] {logging_mixin.py:188} INFO - [2025-02-24T04:25:30.184+0000] {dagbag.py:540} INFO - Filling up the DagBag from /home/airflow/.local/lib/python3.12/site-packages/airflow/example_dags/example_python_operator.py
[2025-02-24T04:25:30.250+0000] {processor.py:840} INFO - DAG(s) 'example_python_operator' retrieved from /home/airflow/.local/lib/python3.12/site-packages/airflow/example_dags/example_python_operator.py
[2025-02-24T04:25:30.345+0000] {logging_mixin.py:188} INFO - [2025-02-24T04:25:30.344+0000] {dag.py:3096} INFO - Sync 1 DAGs
[2025-02-24T04:25:30.365+0000] {logging_mixin.py:188} INFO - [2025-02-24T04:25:30.365+0000] {dag.py:3954} INFO - Setting next_dagrun for example_python_operator to None, run_after=None
[2025-02-24T04:25:30.456+0000] {processor.py:183} INFO - Processing /home/airflow/.local/lib/python3.12/site-packages/airflow/example_dags/example_python_operator.py took 0.302 seconds
[2025-02-24T04:27:33.588+0000] {processor.py:161} INFO - Started process (PID=3271) to work on /home/airflow/.local/lib/python3.12/site-packages/airflow/example_dags/example_python_operator.py
[2025-02-24T04:27:33.592+0000] {processor.py:830} INFO - Processing file /home/airflow/.local/lib/python3.12/site-packages/airflow/example_dags/example_python_operator.py for tasks to queue
[2025-02-24T04:27:33.595+0000] {logging_mixin.py:188} INFO - [2025-02-24T04:27:33.594+0000] {dagbag.py:540} INFO - Filling up the DagBag from /home/airflow/.local/lib/python3.12/site-packages/airflow/example_dags/example_python_operator.py
[2025-02-24T04:27:33.629+0000] {processor.py:840} INFO - DAG(s) 'example_python_operator' retrieved from /home/airflow/.local/lib/python3.12/site-packages/airflow/example_dags/example_python_operator.py
[2025-02-24T04:27:33.693+0000] {logging_mixin.py:188} INFO - [2025-02-24T04:27:33.692+0000] {dag.py:3096} INFO - Sync 1 DAGs
[2025-02-24T04:27:33.744+0000] {logging_mixin.py:188} INFO - [2025-02-24T04:27:33.743+0000] {dag.py:3954} INFO - Setting next_dagrun for example_python_operator to None, run_after=None
[2025-02-24T04:27:33.813+0000] {processor.py:183} INFO - Processing /home/airflow/.local/lib/python3.12/site-packages/airflow/example_dags/example_python_operator.py took 0.249 seconds
[2025-02-24T04:29:03.056+0000] {processor.py:161} INFO - Started process (PID=3349) to work on /home/airflow/.local/lib/python3.12/site-packages/airflow/example_dags/example_python_operator.py
[2025-02-24T04:29:03.058+0000] {processor.py:830} INFO - Processing file /home/airflow/.local/lib/python3.12/site-packages/airflow/example_dags/example_python_operator.py for tasks to queue
[2025-02-24T04:29:03.060+0000] {logging_mixin.py:188} INFO - [2025-02-24T04:29:03.059+0000] {dagbag.py:540} INFO - Filling up the DagBag from /home/airflow/.local/lib/python3.12/site-packages/airflow/example_dags/example_python_operator.py
[2025-02-24T04:29:03.090+0000] {processor.py:840} INFO - DAG(s) 'example_python_operator' retrieved from /home/airflow/.local/lib/python3.12/site-packages/airflow/example_dags/example_python_operator.py
[2025-02-24T04:29:03.167+0000] {logging_mixin.py:188} INFO - [2025-02-24T04:29:03.166+0000] {dag.py:3096} INFO - Sync 1 DAGs
[2025-02-24T04:29:03.224+0000] {logging_mixin.py:188} INFO - [2025-02-24T04:29:03.223+0000] {dag.py:3954} INFO - Setting next_dagrun for example_python_operator to None, run_after=None
[2025-02-24T04:29:03.336+0000] {processor.py:183} INFO - Processing /home/airflow/.local/lib/python3.12/site-packages/airflow/example_dags/example_python_operator.py took 0.295 seconds
