[2025-02-24T03:54:52.214+0000] {processor.py:161} INFO - Started process (PID=123) to work on /home/airflow/.local/lib/python3.12/site-packages/airflow/example_dags/example_display_name.py
[2025-02-24T03:54:52.215+0000] {processor.py:830} INFO - Processing file /home/airflow/.local/lib/python3.12/site-packages/airflow/example_dags/example_display_name.py for tasks to queue
[2025-02-24T03:54:52.218+0000] {logging_mixin.py:188} INFO - [2025-02-24T03:54:52.217+0000] {dagbag.py:540} INFO - Filling up the DagBag from /home/airflow/.local/lib/python3.12/site-packages/airflow/example_dags/example_display_name.py
[2025-02-24T03:54:52.226+0000] {processor.py:840} INFO - DAG(s) 'example_display_name' retrieved from /home/airflow/.local/lib/python3.12/site-packages/airflow/example_dags/example_display_name.py
[2025-02-24T03:54:52.441+0000] {logging_mixin.py:188} INFO - [2025-02-24T03:54:52.440+0000] {override.py:1829} INFO - Created Permission View: can read on DAG:example_display_name
[2025-02-24T03:54:52.469+0000] {logging_mixin.py:188} INFO - [2025-02-24T03:54:52.467+0000] {override.py:1829} INFO - Created Permission View: can delete on DAG:example_display_name
[2025-02-24T03:54:52.495+0000] {logging_mixin.py:188} INFO - [2025-02-24T03:54:52.493+0000] {override.py:1829} INFO - Created Permission View: can edit on DAG:example_display_name
[2025-02-24T03:54:52.500+0000] {logging_mixin.py:188} INFO - [2025-02-24T03:54:52.498+0000] {dag.py:3096} INFO - Sync 1 DAGs
[2025-02-24T03:54:52.529+0000] {logging_mixin.py:188} INFO - [2025-02-24T03:54:52.529+0000] {dag.py:3118} INFO - Creating ORM DAG for example_display_name
[2025-02-24T03:54:52.531+0000] {logging_mixin.py:188} INFO - [2025-02-24T03:54:52.530+0000] {dag.py:3954} INFO - Setting next_dagrun for example_display_name to None, run_after=None
[2025-02-24T03:54:52.568+0000] {processor.py:183} INFO - Processing /home/airflow/.local/lib/python3.12/site-packages/airflow/example_dags/example_display_name.py took 0.362 seconds
[2025-02-24T03:55:22.812+0000] {processor.py:161} INFO - Started process (PID=183) to work on /home/airflow/.local/lib/python3.12/site-packages/airflow/example_dags/example_display_name.py
[2025-02-24T03:55:22.813+0000] {processor.py:830} INFO - Processing file /home/airflow/.local/lib/python3.12/site-packages/airflow/example_dags/example_display_name.py for tasks to queue
[2025-02-24T03:55:22.816+0000] {logging_mixin.py:188} INFO - [2025-02-24T03:55:22.815+0000] {dagbag.py:540} INFO - Filling up the DagBag from /home/airflow/.local/lib/python3.12/site-packages/airflow/example_dags/example_display_name.py
[2025-02-24T03:55:22.823+0000] {processor.py:840} INFO - DAG(s) 'example_display_name' retrieved from /home/airflow/.local/lib/python3.12/site-packages/airflow/example_dags/example_display_name.py
[2025-02-24T03:55:22.847+0000] {logging_mixin.py:188} INFO - [2025-02-24T03:55:22.846+0000] {dag.py:3096} INFO - Sync 1 DAGs
[2025-02-24T03:55:22.861+0000] {logging_mixin.py:188} INFO - [2025-02-24T03:55:22.861+0000] {dag.py:3954} INFO - Setting next_dagrun for example_display_name to None, run_after=None
[2025-02-24T03:55:22.884+0000] {processor.py:183} INFO - Processing /home/airflow/.local/lib/python3.12/site-packages/airflow/example_dags/example_display_name.py took 0.079 seconds
[2025-02-24T03:55:57.065+0000] {processor.py:161} INFO - Started process (PID=245) to work on /home/airflow/.local/lib/python3.12/site-packages/airflow/example_dags/example_display_name.py
[2025-02-24T03:55:57.067+0000] {processor.py:830} INFO - Processing file /home/airflow/.local/lib/python3.12/site-packages/airflow/example_dags/example_display_name.py for tasks to queue
[2025-02-24T03:55:57.070+0000] {logging_mixin.py:188} INFO - [2025-02-24T03:55:57.069+0000] {dagbag.py:540} INFO - Filling up the DagBag from /home/airflow/.local/lib/python3.12/site-packages/airflow/example_dags/example_display_name.py
[2025-02-24T03:55:57.081+0000] {processor.py:840} INFO - DAG(s) 'example_display_name' retrieved from /home/airflow/.local/lib/python3.12/site-packages/airflow/example_dags/example_display_name.py
[2025-02-24T03:55:57.112+0000] {logging_mixin.py:188} INFO - [2025-02-24T03:55:57.111+0000] {dag.py:3096} INFO - Sync 1 DAGs
[2025-02-24T03:55:57.127+0000] {logging_mixin.py:188} INFO - [2025-02-24T03:55:57.127+0000] {dag.py:3954} INFO - Setting next_dagrun for example_display_name to None, run_after=None
[2025-02-24T03:55:57.315+0000] {processor.py:183} INFO - Processing /home/airflow/.local/lib/python3.12/site-packages/airflow/example_dags/example_display_name.py took 0.260 seconds
[2025-02-24T03:56:27.620+0000] {processor.py:161} INFO - Started process (PID=306) to work on /home/airflow/.local/lib/python3.12/site-packages/airflow/example_dags/example_display_name.py
[2025-02-24T03:56:27.622+0000] {processor.py:830} INFO - Processing file /home/airflow/.local/lib/python3.12/site-packages/airflow/example_dags/example_display_name.py for tasks to queue
[2025-02-24T03:56:27.624+0000] {logging_mixin.py:188} INFO - [2025-02-24T03:56:27.624+0000] {dagbag.py:540} INFO - Filling up the DagBag from /home/airflow/.local/lib/python3.12/site-packages/airflow/example_dags/example_display_name.py
[2025-02-24T03:56:27.631+0000] {processor.py:840} INFO - DAG(s) 'example_display_name' retrieved from /home/airflow/.local/lib/python3.12/site-packages/airflow/example_dags/example_display_name.py
[2025-02-24T03:56:27.645+0000] {logging_mixin.py:188} INFO - [2025-02-24T03:56:27.645+0000] {dag.py:3096} INFO - Sync 1 DAGs
[2025-02-24T03:56:27.661+0000] {logging_mixin.py:188} INFO - [2025-02-24T03:56:27.661+0000] {dag.py:3954} INFO - Setting next_dagrun for example_display_name to None, run_after=None
[2025-02-24T03:56:27.683+0000] {processor.py:183} INFO - Processing /home/airflow/.local/lib/python3.12/site-packages/airflow/example_dags/example_display_name.py took 0.070 seconds
[2025-02-24T03:56:59.123+0000] {processor.py:161} INFO - Started process (PID=369) to work on /home/airflow/.local/lib/python3.12/site-packages/airflow/example_dags/example_display_name.py
[2025-02-24T03:56:59.124+0000] {processor.py:830} INFO - Processing file /home/airflow/.local/lib/python3.12/site-packages/airflow/example_dags/example_display_name.py for tasks to queue
[2025-02-24T03:56:59.127+0000] {logging_mixin.py:188} INFO - [2025-02-24T03:56:59.127+0000] {dagbag.py:540} INFO - Filling up the DagBag from /home/airflow/.local/lib/python3.12/site-packages/airflow/example_dags/example_display_name.py
[2025-02-24T03:56:59.134+0000] {processor.py:840} INFO - DAG(s) 'example_display_name' retrieved from /home/airflow/.local/lib/python3.12/site-packages/airflow/example_dags/example_display_name.py
[2025-02-24T03:56:59.251+0000] {logging_mixin.py:188} INFO - [2025-02-24T03:56:59.250+0000] {dag.py:3096} INFO - Sync 1 DAGs
[2025-02-24T03:56:59.264+0000] {logging_mixin.py:188} INFO - [2025-02-24T03:56:59.263+0000] {dag.py:3954} INFO - Setting next_dagrun for example_display_name to None, run_after=None
[2025-02-24T03:56:59.286+0000] {processor.py:183} INFO - Processing /home/airflow/.local/lib/python3.12/site-packages/airflow/example_dags/example_display_name.py took 0.170 seconds
[2025-02-24T03:57:29.711+0000] {processor.py:161} INFO - Started process (PID=429) to work on /home/airflow/.local/lib/python3.12/site-packages/airflow/example_dags/example_display_name.py
[2025-02-24T03:57:29.713+0000] {processor.py:830} INFO - Processing file /home/airflow/.local/lib/python3.12/site-packages/airflow/example_dags/example_display_name.py for tasks to queue
[2025-02-24T03:57:29.718+0000] {logging_mixin.py:188} INFO - [2025-02-24T03:57:29.718+0000] {dagbag.py:540} INFO - Filling up the DagBag from /home/airflow/.local/lib/python3.12/site-packages/airflow/example_dags/example_display_name.py
[2025-02-24T03:57:29.728+0000] {processor.py:840} INFO - DAG(s) 'example_display_name' retrieved from /home/airflow/.local/lib/python3.12/site-packages/airflow/example_dags/example_display_name.py
[2025-02-24T03:57:29.766+0000] {logging_mixin.py:188} INFO - [2025-02-24T03:57:29.765+0000] {dag.py:3096} INFO - Sync 1 DAGs
[2025-02-24T03:57:29.795+0000] {logging_mixin.py:188} INFO - [2025-02-24T03:57:29.794+0000] {dag.py:3954} INFO - Setting next_dagrun for example_display_name to None, run_after=None
[2025-02-24T03:57:29.830+0000] {processor.py:183} INFO - Processing /home/airflow/.local/lib/python3.12/site-packages/airflow/example_dags/example_display_name.py took 0.127 seconds
[2025-02-24T03:58:00.143+0000] {processor.py:161} INFO - Started process (PID=489) to work on /home/airflow/.local/lib/python3.12/site-packages/airflow/example_dags/example_display_name.py
[2025-02-24T03:58:00.144+0000] {processor.py:830} INFO - Processing file /home/airflow/.local/lib/python3.12/site-packages/airflow/example_dags/example_display_name.py for tasks to queue
[2025-02-24T03:58:00.147+0000] {logging_mixin.py:188} INFO - [2025-02-24T03:58:00.146+0000] {dagbag.py:540} INFO - Filling up the DagBag from /home/airflow/.local/lib/python3.12/site-packages/airflow/example_dags/example_display_name.py
[2025-02-24T03:58:00.154+0000] {processor.py:840} INFO - DAG(s) 'example_display_name' retrieved from /home/airflow/.local/lib/python3.12/site-packages/airflow/example_dags/example_display_name.py
[2025-02-24T03:58:00.183+0000] {logging_mixin.py:188} INFO - [2025-02-24T03:58:00.182+0000] {dag.py:3096} INFO - Sync 1 DAGs
[2025-02-24T03:58:00.200+0000] {logging_mixin.py:188} INFO - [2025-02-24T03:58:00.199+0000] {dag.py:3954} INFO - Setting next_dagrun for example_display_name to None, run_after=None
[2025-02-24T03:58:00.224+0000] {processor.py:183} INFO - Processing /home/airflow/.local/lib/python3.12/site-packages/airflow/example_dags/example_display_name.py took 0.089 seconds
[2025-02-24T03:58:44.843+0000] {processor.py:161} INFO - Started process (PID=557) to work on /home/airflow/.local/lib/python3.12/site-packages/airflow/example_dags/example_display_name.py
[2025-02-24T03:58:44.858+0000] {processor.py:830} INFO - Processing file /home/airflow/.local/lib/python3.12/site-packages/airflow/example_dags/example_display_name.py for tasks to queue
[2025-02-24T03:58:44.863+0000] {logging_mixin.py:188} INFO - [2025-02-24T03:58:44.862+0000] {dagbag.py:540} INFO - Filling up the DagBag from /home/airflow/.local/lib/python3.12/site-packages/airflow/example_dags/example_display_name.py
[2025-02-24T03:58:44.886+0000] {processor.py:840} INFO - DAG(s) 'example_display_name' retrieved from /home/airflow/.local/lib/python3.12/site-packages/airflow/example_dags/example_display_name.py
[2025-02-24T03:58:44.931+0000] {logging_mixin.py:188} INFO - [2025-02-24T03:58:44.930+0000] {dag.py:3096} INFO - Sync 1 DAGs
[2025-02-24T03:58:44.952+0000] {logging_mixin.py:188} INFO - [2025-02-24T03:58:44.952+0000] {dag.py:3954} INFO - Setting next_dagrun for example_display_name to None, run_after=None
[2025-02-24T03:58:45.001+0000] {processor.py:183} INFO - Processing /home/airflow/.local/lib/python3.12/site-packages/airflow/example_dags/example_display_name.py took 0.174 seconds
[2025-02-24T03:59:15.494+0000] {processor.py:161} INFO - Started process (PID=617) to work on /home/airflow/.local/lib/python3.12/site-packages/airflow/example_dags/example_display_name.py
[2025-02-24T03:59:15.495+0000] {processor.py:830} INFO - Processing file /home/airflow/.local/lib/python3.12/site-packages/airflow/example_dags/example_display_name.py for tasks to queue
[2025-02-24T03:59:15.499+0000] {logging_mixin.py:188} INFO - [2025-02-24T03:59:15.498+0000] {dagbag.py:540} INFO - Filling up the DagBag from /home/airflow/.local/lib/python3.12/site-packages/airflow/example_dags/example_display_name.py
[2025-02-24T03:59:15.508+0000] {processor.py:840} INFO - DAG(s) 'example_display_name' retrieved from /home/airflow/.local/lib/python3.12/site-packages/airflow/example_dags/example_display_name.py
[2025-02-24T03:59:15.539+0000] {logging_mixin.py:188} INFO - [2025-02-24T03:59:15.539+0000] {dag.py:3096} INFO - Sync 1 DAGs
[2025-02-24T03:59:15.568+0000] {logging_mixin.py:188} INFO - [2025-02-24T03:59:15.567+0000] {dag.py:3954} INFO - Setting next_dagrun for example_display_name to None, run_after=None
[2025-02-24T03:59:15.594+0000] {processor.py:183} INFO - Processing /home/airflow/.local/lib/python3.12/site-packages/airflow/example_dags/example_display_name.py took 0.111 seconds
[2025-02-24T03:59:46.522+0000] {processor.py:161} INFO - Started process (PID=677) to work on /home/airflow/.local/lib/python3.12/site-packages/airflow/example_dags/example_display_name.py
[2025-02-24T03:59:46.524+0000] {processor.py:830} INFO - Processing file /home/airflow/.local/lib/python3.12/site-packages/airflow/example_dags/example_display_name.py for tasks to queue
[2025-02-24T03:59:46.526+0000] {logging_mixin.py:188} INFO - [2025-02-24T03:59:46.526+0000] {dagbag.py:540} INFO - Filling up the DagBag from /home/airflow/.local/lib/python3.12/site-packages/airflow/example_dags/example_display_name.py
[2025-02-24T03:59:46.534+0000] {processor.py:840} INFO - DAG(s) 'example_display_name' retrieved from /home/airflow/.local/lib/python3.12/site-packages/airflow/example_dags/example_display_name.py
[2025-02-24T03:59:46.559+0000] {logging_mixin.py:188} INFO - [2025-02-24T03:59:46.558+0000] {dag.py:3096} INFO - Sync 1 DAGs
[2025-02-24T03:59:46.575+0000] {logging_mixin.py:188} INFO - [2025-02-24T03:59:46.575+0000] {dag.py:3954} INFO - Setting next_dagrun for example_display_name to None, run_after=None
[2025-02-24T03:59:46.613+0000] {processor.py:183} INFO - Processing /home/airflow/.local/lib/python3.12/site-packages/airflow/example_dags/example_display_name.py took 0.097 seconds
[2025-02-24T04:00:16.848+0000] {processor.py:161} INFO - Started process (PID=735) to work on /home/airflow/.local/lib/python3.12/site-packages/airflow/example_dags/example_display_name.py
[2025-02-24T04:00:16.849+0000] {processor.py:830} INFO - Processing file /home/airflow/.local/lib/python3.12/site-packages/airflow/example_dags/example_display_name.py for tasks to queue
[2025-02-24T04:00:16.851+0000] {logging_mixin.py:188} INFO - [2025-02-24T04:00:16.851+0000] {dagbag.py:540} INFO - Filling up the DagBag from /home/airflow/.local/lib/python3.12/site-packages/airflow/example_dags/example_display_name.py
[2025-02-24T04:00:16.858+0000] {processor.py:840} INFO - DAG(s) 'example_display_name' retrieved from /home/airflow/.local/lib/python3.12/site-packages/airflow/example_dags/example_display_name.py
[2025-02-24T04:00:16.881+0000] {logging_mixin.py:188} INFO - [2025-02-24T04:00:16.880+0000] {dag.py:3096} INFO - Sync 1 DAGs
[2025-02-24T04:00:16.895+0000] {logging_mixin.py:188} INFO - [2025-02-24T04:00:16.895+0000] {dag.py:3954} INFO - Setting next_dagrun for example_display_name to None, run_after=None
[2025-02-24T04:00:16.918+0000] {processor.py:183} INFO - Processing /home/airflow/.local/lib/python3.12/site-packages/airflow/example_dags/example_display_name.py took 0.076 seconds
[2025-02-24T04:00:47.758+0000] {processor.py:161} INFO - Started process (PID=795) to work on /home/airflow/.local/lib/python3.12/site-packages/airflow/example_dags/example_display_name.py
[2025-02-24T04:00:47.760+0000] {processor.py:830} INFO - Processing file /home/airflow/.local/lib/python3.12/site-packages/airflow/example_dags/example_display_name.py for tasks to queue
[2025-02-24T04:00:47.762+0000] {logging_mixin.py:188} INFO - [2025-02-24T04:00:47.762+0000] {dagbag.py:540} INFO - Filling up the DagBag from /home/airflow/.local/lib/python3.12/site-packages/airflow/example_dags/example_display_name.py
[2025-02-24T04:00:47.770+0000] {processor.py:840} INFO - DAG(s) 'example_display_name' retrieved from /home/airflow/.local/lib/python3.12/site-packages/airflow/example_dags/example_display_name.py
[2025-02-24T04:00:47.792+0000] {logging_mixin.py:188} INFO - [2025-02-24T04:00:47.792+0000] {dag.py:3096} INFO - Sync 1 DAGs
[2025-02-24T04:00:47.807+0000] {logging_mixin.py:188} INFO - [2025-02-24T04:00:47.807+0000] {dag.py:3954} INFO - Setting next_dagrun for example_display_name to None, run_after=None
[2025-02-24T04:00:47.827+0000] {processor.py:183} INFO - Processing /home/airflow/.local/lib/python3.12/site-packages/airflow/example_dags/example_display_name.py took 0.076 seconds
[2025-02-24T04:01:18.212+0000] {processor.py:161} INFO - Started process (PID=855) to work on /home/airflow/.local/lib/python3.12/site-packages/airflow/example_dags/example_display_name.py
[2025-02-24T04:01:18.214+0000] {processor.py:830} INFO - Processing file /home/airflow/.local/lib/python3.12/site-packages/airflow/example_dags/example_display_name.py for tasks to queue
[2025-02-24T04:01:18.218+0000] {logging_mixin.py:188} INFO - [2025-02-24T04:01:18.217+0000] {dagbag.py:540} INFO - Filling up the DagBag from /home/airflow/.local/lib/python3.12/site-packages/airflow/example_dags/example_display_name.py
[2025-02-24T04:01:18.227+0000] {processor.py:840} INFO - DAG(s) 'example_display_name' retrieved from /home/airflow/.local/lib/python3.12/site-packages/airflow/example_dags/example_display_name.py
[2025-02-24T04:01:18.254+0000] {logging_mixin.py:188} INFO - [2025-02-24T04:01:18.254+0000] {dag.py:3096} INFO - Sync 1 DAGs
[2025-02-24T04:01:18.271+0000] {logging_mixin.py:188} INFO - [2025-02-24T04:01:18.271+0000] {dag.py:3954} INFO - Setting next_dagrun for example_display_name to None, run_after=None
[2025-02-24T04:01:18.292+0000] {processor.py:183} INFO - Processing /home/airflow/.local/lib/python3.12/site-packages/airflow/example_dags/example_display_name.py took 0.088 seconds
[2025-02-24T04:01:48.734+0000] {processor.py:161} INFO - Started process (PID=915) to work on /home/airflow/.local/lib/python3.12/site-packages/airflow/example_dags/example_display_name.py
[2025-02-24T04:01:48.737+0000] {processor.py:830} INFO - Processing file /home/airflow/.local/lib/python3.12/site-packages/airflow/example_dags/example_display_name.py for tasks to queue
[2025-02-24T04:01:48.741+0000] {logging_mixin.py:188} INFO - [2025-02-24T04:01:48.740+0000] {dagbag.py:540} INFO - Filling up the DagBag from /home/airflow/.local/lib/python3.12/site-packages/airflow/example_dags/example_display_name.py
[2025-02-24T04:01:48.755+0000] {processor.py:840} INFO - DAG(s) 'example_display_name' retrieved from /home/airflow/.local/lib/python3.12/site-packages/airflow/example_dags/example_display_name.py
[2025-02-24T04:01:48.793+0000] {logging_mixin.py:188} INFO - [2025-02-24T04:01:48.793+0000] {dag.py:3096} INFO - Sync 1 DAGs
[2025-02-24T04:01:48.823+0000] {logging_mixin.py:188} INFO - [2025-02-24T04:01:48.823+0000] {dag.py:3954} INFO - Setting next_dagrun for example_display_name to None, run_after=None
[2025-02-24T04:01:48.857+0000] {processor.py:183} INFO - Processing /home/airflow/.local/lib/python3.12/site-packages/airflow/example_dags/example_display_name.py took 0.135 seconds
[2025-02-24T04:02:19.177+0000] {processor.py:161} INFO - Started process (PID=975) to work on /home/airflow/.local/lib/python3.12/site-packages/airflow/example_dags/example_display_name.py
[2025-02-24T04:02:19.179+0000] {processor.py:830} INFO - Processing file /home/airflow/.local/lib/python3.12/site-packages/airflow/example_dags/example_display_name.py for tasks to queue
[2025-02-24T04:02:19.182+0000] {logging_mixin.py:188} INFO - [2025-02-24T04:02:19.181+0000] {dagbag.py:540} INFO - Filling up the DagBag from /home/airflow/.local/lib/python3.12/site-packages/airflow/example_dags/example_display_name.py
[2025-02-24T04:02:19.194+0000] {processor.py:840} INFO - DAG(s) 'example_display_name' retrieved from /home/airflow/.local/lib/python3.12/site-packages/airflow/example_dags/example_display_name.py
[2025-02-24T04:02:19.226+0000] {logging_mixin.py:188} INFO - [2025-02-24T04:02:19.226+0000] {dag.py:3096} INFO - Sync 1 DAGs
[2025-02-24T04:02:19.248+0000] {logging_mixin.py:188} INFO - [2025-02-24T04:02:19.247+0000] {dag.py:3954} INFO - Setting next_dagrun for example_display_name to None, run_after=None
[2025-02-24T04:02:19.283+0000] {processor.py:183} INFO - Processing /home/airflow/.local/lib/python3.12/site-packages/airflow/example_dags/example_display_name.py took 0.116 seconds
[2025-02-24T04:02:50.516+0000] {processor.py:161} INFO - Started process (PID=1046) to work on /home/airflow/.local/lib/python3.12/site-packages/airflow/example_dags/example_display_name.py
[2025-02-24T04:02:50.519+0000] {processor.py:830} INFO - Processing file /home/airflow/.local/lib/python3.12/site-packages/airflow/example_dags/example_display_name.py for tasks to queue
[2025-02-24T04:02:50.524+0000] {logging_mixin.py:188} INFO - [2025-02-24T04:02:50.523+0000] {dagbag.py:540} INFO - Filling up the DagBag from /home/airflow/.local/lib/python3.12/site-packages/airflow/example_dags/example_display_name.py
[2025-02-24T04:02:50.535+0000] {processor.py:840} INFO - DAG(s) 'example_display_name' retrieved from /home/airflow/.local/lib/python3.12/site-packages/airflow/example_dags/example_display_name.py
[2025-02-24T04:02:50.576+0000] {logging_mixin.py:188} INFO - [2025-02-24T04:02:50.575+0000] {dag.py:3096} INFO - Sync 1 DAGs
[2025-02-24T04:02:50.604+0000] {logging_mixin.py:188} INFO - [2025-02-24T04:02:50.603+0000] {dag.py:3954} INFO - Setting next_dagrun for example_display_name to None, run_after=None
[2025-02-24T04:02:50.639+0000] {processor.py:183} INFO - Processing /home/airflow/.local/lib/python3.12/site-packages/airflow/example_dags/example_display_name.py took 0.132 seconds
[2025-02-24T04:03:21.031+0000] {processor.py:161} INFO - Started process (PID=1106) to work on /home/airflow/.local/lib/python3.12/site-packages/airflow/example_dags/example_display_name.py
[2025-02-24T04:03:21.032+0000] {processor.py:830} INFO - Processing file /home/airflow/.local/lib/python3.12/site-packages/airflow/example_dags/example_display_name.py for tasks to queue
[2025-02-24T04:03:21.035+0000] {logging_mixin.py:188} INFO - [2025-02-24T04:03:21.034+0000] {dagbag.py:540} INFO - Filling up the DagBag from /home/airflow/.local/lib/python3.12/site-packages/airflow/example_dags/example_display_name.py
[2025-02-24T04:03:21.043+0000] {processor.py:840} INFO - DAG(s) 'example_display_name' retrieved from /home/airflow/.local/lib/python3.12/site-packages/airflow/example_dags/example_display_name.py
[2025-02-24T04:03:21.073+0000] {logging_mixin.py:188} INFO - [2025-02-24T04:03:21.072+0000] {dag.py:3096} INFO - Sync 1 DAGs
[2025-02-24T04:03:21.089+0000] {logging_mixin.py:188} INFO - [2025-02-24T04:03:21.088+0000] {dag.py:3954} INFO - Setting next_dagrun for example_display_name to None, run_after=None
[2025-02-24T04:03:21.136+0000] {processor.py:183} INFO - Processing /home/airflow/.local/lib/python3.12/site-packages/airflow/example_dags/example_display_name.py took 0.111 seconds
[2025-02-24T04:03:51.319+0000] {processor.py:161} INFO - Started process (PID=1166) to work on /home/airflow/.local/lib/python3.12/site-packages/airflow/example_dags/example_display_name.py
[2025-02-24T04:03:51.320+0000] {processor.py:830} INFO - Processing file /home/airflow/.local/lib/python3.12/site-packages/airflow/example_dags/example_display_name.py for tasks to queue
[2025-02-24T04:03:51.323+0000] {logging_mixin.py:188} INFO - [2025-02-24T04:03:51.322+0000] {dagbag.py:540} INFO - Filling up the DagBag from /home/airflow/.local/lib/python3.12/site-packages/airflow/example_dags/example_display_name.py
[2025-02-24T04:03:51.330+0000] {processor.py:840} INFO - DAG(s) 'example_display_name' retrieved from /home/airflow/.local/lib/python3.12/site-packages/airflow/example_dags/example_display_name.py
[2025-02-24T04:03:51.354+0000] {logging_mixin.py:188} INFO - [2025-02-24T04:03:51.354+0000] {dag.py:3096} INFO - Sync 1 DAGs
[2025-02-24T04:03:51.369+0000] {logging_mixin.py:188} INFO - [2025-02-24T04:03:51.369+0000] {dag.py:3954} INFO - Setting next_dagrun for example_display_name to None, run_after=None
[2025-02-24T04:03:51.392+0000] {processor.py:183} INFO - Processing /home/airflow/.local/lib/python3.12/site-packages/airflow/example_dags/example_display_name.py took 0.080 seconds
[2025-02-24T04:04:22.284+0000] {processor.py:161} INFO - Started process (PID=1226) to work on /home/airflow/.local/lib/python3.12/site-packages/airflow/example_dags/example_display_name.py
[2025-02-24T04:04:22.286+0000] {processor.py:830} INFO - Processing file /home/airflow/.local/lib/python3.12/site-packages/airflow/example_dags/example_display_name.py for tasks to queue
[2025-02-24T04:04:22.288+0000] {logging_mixin.py:188} INFO - [2025-02-24T04:04:22.288+0000] {dagbag.py:540} INFO - Filling up the DagBag from /home/airflow/.local/lib/python3.12/site-packages/airflow/example_dags/example_display_name.py
[2025-02-24T04:04:22.296+0000] {processor.py:840} INFO - DAG(s) 'example_display_name' retrieved from /home/airflow/.local/lib/python3.12/site-packages/airflow/example_dags/example_display_name.py
[2025-02-24T04:04:22.320+0000] {logging_mixin.py:188} INFO - [2025-02-24T04:04:22.320+0000] {dag.py:3096} INFO - Sync 1 DAGs
[2025-02-24T04:04:22.502+0000] {logging_mixin.py:188} INFO - [2025-02-24T04:04:22.502+0000] {dag.py:3954} INFO - Setting next_dagrun for example_display_name to None, run_after=None
[2025-02-24T04:04:22.524+0000] {processor.py:183} INFO - Processing /home/airflow/.local/lib/python3.12/site-packages/airflow/example_dags/example_display_name.py took 0.247 seconds
[2025-02-24T04:04:55.868+0000] {processor.py:161} INFO - Started process (PID=1286) to work on /home/airflow/.local/lib/python3.12/site-packages/airflow/example_dags/example_display_name.py
[2025-02-24T04:04:55.873+0000] {processor.py:830} INFO - Processing file /home/airflow/.local/lib/python3.12/site-packages/airflow/example_dags/example_display_name.py for tasks to queue
[2025-02-24T04:04:55.876+0000] {logging_mixin.py:188} INFO - [2025-02-24T04:04:55.875+0000] {dagbag.py:540} INFO - Filling up the DagBag from /home/airflow/.local/lib/python3.12/site-packages/airflow/example_dags/example_display_name.py
[2025-02-24T04:04:55.887+0000] {processor.py:840} INFO - DAG(s) 'example_display_name' retrieved from /home/airflow/.local/lib/python3.12/site-packages/airflow/example_dags/example_display_name.py
[2025-02-24T04:04:55.931+0000] {logging_mixin.py:188} INFO - [2025-02-24T04:04:55.930+0000] {dag.py:3096} INFO - Sync 1 DAGs
[2025-02-24T04:04:55.959+0000] {logging_mixin.py:188} INFO - [2025-02-24T04:04:55.958+0000] {dag.py:3954} INFO - Setting next_dagrun for example_display_name to None, run_after=None
[2025-02-24T04:04:56.101+0000] {processor.py:183} INFO - Processing /home/airflow/.local/lib/python3.12/site-packages/airflow/example_dags/example_display_name.py took 0.247 seconds
[2025-02-24T04:05:26.145+0000] {processor.py:161} INFO - Started process (PID=1346) to work on /home/airflow/.local/lib/python3.12/site-packages/airflow/example_dags/example_display_name.py
[2025-02-24T04:05:26.146+0000] {processor.py:830} INFO - Processing file /home/airflow/.local/lib/python3.12/site-packages/airflow/example_dags/example_display_name.py for tasks to queue
[2025-02-24T04:05:26.149+0000] {logging_mixin.py:188} INFO - [2025-02-24T04:05:26.148+0000] {dagbag.py:540} INFO - Filling up the DagBag from /home/airflow/.local/lib/python3.12/site-packages/airflow/example_dags/example_display_name.py
[2025-02-24T04:05:26.155+0000] {processor.py:840} INFO - DAG(s) 'example_display_name' retrieved from /home/airflow/.local/lib/python3.12/site-packages/airflow/example_dags/example_display_name.py
[2025-02-24T04:05:26.183+0000] {logging_mixin.py:188} INFO - [2025-02-24T04:05:26.183+0000] {dag.py:3096} INFO - Sync 1 DAGs
[2025-02-24T04:05:26.199+0000] {logging_mixin.py:188} INFO - [2025-02-24T04:05:26.198+0000] {dag.py:3954} INFO - Setting next_dagrun for example_display_name to None, run_after=None
[2025-02-24T04:05:26.221+0000] {processor.py:183} INFO - Processing /home/airflow/.local/lib/python3.12/site-packages/airflow/example_dags/example_display_name.py took 0.084 seconds
[2025-02-24T04:05:56.560+0000] {processor.py:161} INFO - Started process (PID=1406) to work on /home/airflow/.local/lib/python3.12/site-packages/airflow/example_dags/example_display_name.py
[2025-02-24T04:05:56.562+0000] {processor.py:830} INFO - Processing file /home/airflow/.local/lib/python3.12/site-packages/airflow/example_dags/example_display_name.py for tasks to queue
[2025-02-24T04:05:56.565+0000] {logging_mixin.py:188} INFO - [2025-02-24T04:05:56.565+0000] {dagbag.py:540} INFO - Filling up the DagBag from /home/airflow/.local/lib/python3.12/site-packages/airflow/example_dags/example_display_name.py
[2025-02-24T04:05:56.575+0000] {processor.py:840} INFO - DAG(s) 'example_display_name' retrieved from /home/airflow/.local/lib/python3.12/site-packages/airflow/example_dags/example_display_name.py
[2025-02-24T04:05:56.600+0000] {logging_mixin.py:188} INFO - [2025-02-24T04:05:56.599+0000] {dag.py:3096} INFO - Sync 1 DAGs
[2025-02-24T04:05:56.618+0000] {logging_mixin.py:188} INFO - [2025-02-24T04:05:56.618+0000] {dag.py:3954} INFO - Setting next_dagrun for example_display_name to None, run_after=None
[2025-02-24T04:05:56.813+0000] {processor.py:183} INFO - Processing /home/airflow/.local/lib/python3.12/site-packages/airflow/example_dags/example_display_name.py took 0.264 seconds
[2025-02-24T04:06:27.071+0000] {processor.py:161} INFO - Started process (PID=1466) to work on /home/airflow/.local/lib/python3.12/site-packages/airflow/example_dags/example_display_name.py
[2025-02-24T04:06:27.072+0000] {processor.py:830} INFO - Processing file /home/airflow/.local/lib/python3.12/site-packages/airflow/example_dags/example_display_name.py for tasks to queue
[2025-02-24T04:06:27.075+0000] {logging_mixin.py:188} INFO - [2025-02-24T04:06:27.074+0000] {dagbag.py:540} INFO - Filling up the DagBag from /home/airflow/.local/lib/python3.12/site-packages/airflow/example_dags/example_display_name.py
[2025-02-24T04:06:27.082+0000] {processor.py:840} INFO - DAG(s) 'example_display_name' retrieved from /home/airflow/.local/lib/python3.12/site-packages/airflow/example_dags/example_display_name.py
[2025-02-24T04:06:27.106+0000] {logging_mixin.py:188} INFO - [2025-02-24T04:06:27.105+0000] {dag.py:3096} INFO - Sync 1 DAGs
[2025-02-24T04:06:27.121+0000] {logging_mixin.py:188} INFO - [2025-02-24T04:06:27.121+0000] {dag.py:3954} INFO - Setting next_dagrun for example_display_name to None, run_after=None
[2025-02-24T04:06:27.144+0000] {processor.py:183} INFO - Processing /home/airflow/.local/lib/python3.12/site-packages/airflow/example_dags/example_display_name.py took 0.080 seconds
[2025-02-24T04:06:57.343+0000] {processor.py:161} INFO - Started process (PID=1526) to work on /home/airflow/.local/lib/python3.12/site-packages/airflow/example_dags/example_display_name.py
[2025-02-24T04:06:57.344+0000] {processor.py:830} INFO - Processing file /home/airflow/.local/lib/python3.12/site-packages/airflow/example_dags/example_display_name.py for tasks to queue
[2025-02-24T04:06:57.347+0000] {logging_mixin.py:188} INFO - [2025-02-24T04:06:57.347+0000] {dagbag.py:540} INFO - Filling up the DagBag from /home/airflow/.local/lib/python3.12/site-packages/airflow/example_dags/example_display_name.py
[2025-02-24T04:06:57.357+0000] {processor.py:840} INFO - DAG(s) 'example_display_name' retrieved from /home/airflow/.local/lib/python3.12/site-packages/airflow/example_dags/example_display_name.py
[2025-02-24T04:06:57.386+0000] {logging_mixin.py:188} INFO - [2025-02-24T04:06:57.386+0000] {dag.py:3096} INFO - Sync 1 DAGs
[2025-02-24T04:06:57.404+0000] {logging_mixin.py:188} INFO - [2025-02-24T04:06:57.404+0000] {dag.py:3954} INFO - Setting next_dagrun for example_display_name to None, run_after=None
[2025-02-24T04:06:57.431+0000] {processor.py:183} INFO - Processing /home/airflow/.local/lib/python3.12/site-packages/airflow/example_dags/example_display_name.py took 0.098 seconds
[2025-02-24T04:07:31.065+0000] {processor.py:161} INFO - Started process (PID=1592) to work on /home/airflow/.local/lib/python3.12/site-packages/airflow/example_dags/example_display_name.py
[2025-02-24T04:07:31.068+0000] {processor.py:830} INFO - Processing file /home/airflow/.local/lib/python3.12/site-packages/airflow/example_dags/example_display_name.py for tasks to queue
[2025-02-24T04:07:31.072+0000] {logging_mixin.py:188} INFO - [2025-02-24T04:07:31.070+0000] {dagbag.py:540} INFO - Filling up the DagBag from /home/airflow/.local/lib/python3.12/site-packages/airflow/example_dags/example_display_name.py
[2025-02-24T04:07:31.079+0000] {processor.py:840} INFO - DAG(s) 'example_display_name' retrieved from /home/airflow/.local/lib/python3.12/site-packages/airflow/example_dags/example_display_name.py
[2025-02-24T04:07:31.106+0000] {logging_mixin.py:188} INFO - [2025-02-24T04:07:31.105+0000] {dag.py:3096} INFO - Sync 1 DAGs
[2025-02-24T04:07:31.122+0000] {logging_mixin.py:188} INFO - [2025-02-24T04:07:31.121+0000] {dag.py:3954} INFO - Setting next_dagrun for example_display_name to None, run_after=None
[2025-02-24T04:07:32.559+0000] {processor.py:183} INFO - Processing /home/airflow/.local/lib/python3.12/site-packages/airflow/example_dags/example_display_name.py took 1.500 seconds
[2025-02-24T04:08:03.240+0000] {processor.py:161} INFO - Started process (PID=1656) to work on /home/airflow/.local/lib/python3.12/site-packages/airflow/example_dags/example_display_name.py
[2025-02-24T04:08:03.242+0000] {processor.py:830} INFO - Processing file /home/airflow/.local/lib/python3.12/site-packages/airflow/example_dags/example_display_name.py for tasks to queue
[2025-02-24T04:08:03.246+0000] {logging_mixin.py:188} INFO - [2025-02-24T04:08:03.246+0000] {dagbag.py:540} INFO - Filling up the DagBag from /home/airflow/.local/lib/python3.12/site-packages/airflow/example_dags/example_display_name.py
[2025-02-24T04:08:03.253+0000] {processor.py:840} INFO - DAG(s) 'example_display_name' retrieved from /home/airflow/.local/lib/python3.12/site-packages/airflow/example_dags/example_display_name.py
[2025-02-24T04:08:03.278+0000] {logging_mixin.py:188} INFO - [2025-02-24T04:08:03.277+0000] {dag.py:3096} INFO - Sync 1 DAGs
[2025-02-24T04:08:03.293+0000] {logging_mixin.py:188} INFO - [2025-02-24T04:08:03.293+0000] {dag.py:3954} INFO - Setting next_dagrun for example_display_name to None, run_after=None
[2025-02-24T04:08:03.319+0000] {processor.py:183} INFO - Processing /home/airflow/.local/lib/python3.12/site-packages/airflow/example_dags/example_display_name.py took 0.086 seconds
[2025-02-24T04:08:33.682+0000] {processor.py:161} INFO - Started process (PID=1716) to work on /home/airflow/.local/lib/python3.12/site-packages/airflow/example_dags/example_display_name.py
[2025-02-24T04:08:33.683+0000] {processor.py:830} INFO - Processing file /home/airflow/.local/lib/python3.12/site-packages/airflow/example_dags/example_display_name.py for tasks to queue
[2025-02-24T04:08:33.686+0000] {logging_mixin.py:188} INFO - [2025-02-24T04:08:33.685+0000] {dagbag.py:540} INFO - Filling up the DagBag from /home/airflow/.local/lib/python3.12/site-packages/airflow/example_dags/example_display_name.py
[2025-02-24T04:08:33.693+0000] {processor.py:840} INFO - DAG(s) 'example_display_name' retrieved from /home/airflow/.local/lib/python3.12/site-packages/airflow/example_dags/example_display_name.py
[2025-02-24T04:08:33.716+0000] {logging_mixin.py:188} INFO - [2025-02-24T04:08:33.715+0000] {dag.py:3096} INFO - Sync 1 DAGs
[2025-02-24T04:08:33.734+0000] {logging_mixin.py:188} INFO - [2025-02-24T04:08:33.733+0000] {dag.py:3954} INFO - Setting next_dagrun for example_display_name to None, run_after=None
[2025-02-24T04:08:33.758+0000] {processor.py:183} INFO - Processing /home/airflow/.local/lib/python3.12/site-packages/airflow/example_dags/example_display_name.py took 0.083 seconds
[2025-02-24T04:09:04.796+0000] {processor.py:161} INFO - Started process (PID=1778) to work on /home/airflow/.local/lib/python3.12/site-packages/airflow/example_dags/example_display_name.py
[2025-02-24T04:09:04.797+0000] {processor.py:830} INFO - Processing file /home/airflow/.local/lib/python3.12/site-packages/airflow/example_dags/example_display_name.py for tasks to queue
[2025-02-24T04:09:04.800+0000] {logging_mixin.py:188} INFO - [2025-02-24T04:09:04.799+0000] {dagbag.py:540} INFO - Filling up the DagBag from /home/airflow/.local/lib/python3.12/site-packages/airflow/example_dags/example_display_name.py
[2025-02-24T04:09:04.807+0000] {processor.py:840} INFO - DAG(s) 'example_display_name' retrieved from /home/airflow/.local/lib/python3.12/site-packages/airflow/example_dags/example_display_name.py
[2025-02-24T04:09:04.834+0000] {logging_mixin.py:188} INFO - [2025-02-24T04:09:04.833+0000] {dag.py:3096} INFO - Sync 1 DAGs
[2025-02-24T04:09:04.851+0000] {logging_mixin.py:188} INFO - [2025-02-24T04:09:04.851+0000] {dag.py:3954} INFO - Setting next_dagrun for example_display_name to None, run_after=None
[2025-02-24T04:09:04.873+0000] {processor.py:183} INFO - Processing /home/airflow/.local/lib/python3.12/site-packages/airflow/example_dags/example_display_name.py took 0.086 seconds
[2025-02-24T04:09:35.352+0000] {processor.py:161} INFO - Started process (PID=1839) to work on /home/airflow/.local/lib/python3.12/site-packages/airflow/example_dags/example_display_name.py
[2025-02-24T04:09:35.354+0000] {processor.py:830} INFO - Processing file /home/airflow/.local/lib/python3.12/site-packages/airflow/example_dags/example_display_name.py for tasks to queue
[2025-02-24T04:09:35.356+0000] {logging_mixin.py:188} INFO - [2025-02-24T04:09:35.356+0000] {dagbag.py:540} INFO - Filling up the DagBag from /home/airflow/.local/lib/python3.12/site-packages/airflow/example_dags/example_display_name.py
[2025-02-24T04:09:35.363+0000] {processor.py:840} INFO - DAG(s) 'example_display_name' retrieved from /home/airflow/.local/lib/python3.12/site-packages/airflow/example_dags/example_display_name.py
[2025-02-24T04:09:35.388+0000] {logging_mixin.py:188} INFO - [2025-02-24T04:09:35.387+0000] {dag.py:3096} INFO - Sync 1 DAGs
[2025-02-24T04:09:35.404+0000] {logging_mixin.py:188} INFO - [2025-02-24T04:09:35.403+0000] {dag.py:3954} INFO - Setting next_dagrun for example_display_name to None, run_after=None
[2025-02-24T04:09:35.432+0000] {processor.py:183} INFO - Processing /home/airflow/.local/lib/python3.12/site-packages/airflow/example_dags/example_display_name.py took 0.086 seconds
[2025-02-24T04:10:05.934+0000] {processor.py:161} INFO - Started process (PID=1899) to work on /home/airflow/.local/lib/python3.12/site-packages/airflow/example_dags/example_display_name.py
[2025-02-24T04:10:05.936+0000] {processor.py:830} INFO - Processing file /home/airflow/.local/lib/python3.12/site-packages/airflow/example_dags/example_display_name.py for tasks to queue
[2025-02-24T04:10:05.938+0000] {logging_mixin.py:188} INFO - [2025-02-24T04:10:05.938+0000] {dagbag.py:540} INFO - Filling up the DagBag from /home/airflow/.local/lib/python3.12/site-packages/airflow/example_dags/example_display_name.py
[2025-02-24T04:10:05.945+0000] {processor.py:840} INFO - DAG(s) 'example_display_name' retrieved from /home/airflow/.local/lib/python3.12/site-packages/airflow/example_dags/example_display_name.py
[2025-02-24T04:10:05.968+0000] {logging_mixin.py:188} INFO - [2025-02-24T04:10:05.968+0000] {dag.py:3096} INFO - Sync 1 DAGs
[2025-02-24T04:10:05.982+0000] {logging_mixin.py:188} INFO - [2025-02-24T04:10:05.982+0000] {dag.py:3954} INFO - Setting next_dagrun for example_display_name to None, run_after=None
[2025-02-24T04:10:06.007+0000] {processor.py:183} INFO - Processing /home/airflow/.local/lib/python3.12/site-packages/airflow/example_dags/example_display_name.py took 0.079 seconds
[2025-02-24T04:10:36.113+0000] {processor.py:161} INFO - Started process (PID=1965) to work on /home/airflow/.local/lib/python3.12/site-packages/airflow/example_dags/example_display_name.py
[2025-02-24T04:10:36.114+0000] {processor.py:830} INFO - Processing file /home/airflow/.local/lib/python3.12/site-packages/airflow/example_dags/example_display_name.py for tasks to queue
[2025-02-24T04:10:36.117+0000] {logging_mixin.py:188} INFO - [2025-02-24T04:10:36.116+0000] {dagbag.py:540} INFO - Filling up the DagBag from /home/airflow/.local/lib/python3.12/site-packages/airflow/example_dags/example_display_name.py
[2025-02-24T04:10:36.126+0000] {processor.py:840} INFO - DAG(s) 'example_display_name' retrieved from /home/airflow/.local/lib/python3.12/site-packages/airflow/example_dags/example_display_name.py
[2025-02-24T04:10:36.150+0000] {logging_mixin.py:188} INFO - [2025-02-24T04:10:36.150+0000] {dag.py:3096} INFO - Sync 1 DAGs
[2025-02-24T04:10:36.167+0000] {logging_mixin.py:188} INFO - [2025-02-24T04:10:36.167+0000] {dag.py:3954} INFO - Setting next_dagrun for example_display_name to None, run_after=None
[2025-02-24T04:10:36.198+0000] {processor.py:183} INFO - Processing /home/airflow/.local/lib/python3.12/site-packages/airflow/example_dags/example_display_name.py took 0.092 seconds
[2025-02-24T04:11:06.483+0000] {processor.py:161} INFO - Started process (PID=2031) to work on /home/airflow/.local/lib/python3.12/site-packages/airflow/example_dags/example_display_name.py
[2025-02-24T04:11:06.485+0000] {processor.py:830} INFO - Processing file /home/airflow/.local/lib/python3.12/site-packages/airflow/example_dags/example_display_name.py for tasks to queue
[2025-02-24T04:11:06.488+0000] {logging_mixin.py:188} INFO - [2025-02-24T04:11:06.487+0000] {dagbag.py:540} INFO - Filling up the DagBag from /home/airflow/.local/lib/python3.12/site-packages/airflow/example_dags/example_display_name.py
[2025-02-24T04:11:06.497+0000] {processor.py:840} INFO - DAG(s) 'example_display_name' retrieved from /home/airflow/.local/lib/python3.12/site-packages/airflow/example_dags/example_display_name.py
[2025-02-24T04:11:06.520+0000] {logging_mixin.py:188} INFO - [2025-02-24T04:11:06.520+0000] {dag.py:3096} INFO - Sync 1 DAGs
[2025-02-24T04:11:06.537+0000] {logging_mixin.py:188} INFO - [2025-02-24T04:11:06.537+0000] {dag.py:3954} INFO - Setting next_dagrun for example_display_name to None, run_after=None
[2025-02-24T04:11:06.560+0000] {processor.py:183} INFO - Processing /home/airflow/.local/lib/python3.12/site-packages/airflow/example_dags/example_display_name.py took 0.086 seconds
[2025-02-24T04:11:37.285+0000] {processor.py:161} INFO - Started process (PID=2097) to work on /home/airflow/.local/lib/python3.12/site-packages/airflow/example_dags/example_display_name.py
[2025-02-24T04:11:37.286+0000] {processor.py:830} INFO - Processing file /home/airflow/.local/lib/python3.12/site-packages/airflow/example_dags/example_display_name.py for tasks to queue
[2025-02-24T04:11:37.289+0000] {logging_mixin.py:188} INFO - [2025-02-24T04:11:37.288+0000] {dagbag.py:540} INFO - Filling up the DagBag from /home/airflow/.local/lib/python3.12/site-packages/airflow/example_dags/example_display_name.py
[2025-02-24T04:11:37.300+0000] {processor.py:840} INFO - DAG(s) 'example_display_name' retrieved from /home/airflow/.local/lib/python3.12/site-packages/airflow/example_dags/example_display_name.py
[2025-02-24T04:11:37.327+0000] {logging_mixin.py:188} INFO - [2025-02-24T04:11:37.326+0000] {dag.py:3096} INFO - Sync 1 DAGs
[2025-02-24T04:11:37.348+0000] {logging_mixin.py:188} INFO - [2025-02-24T04:11:37.348+0000] {dag.py:3954} INFO - Setting next_dagrun for example_display_name to None, run_after=None
[2025-02-24T04:11:37.378+0000] {processor.py:183} INFO - Processing /home/airflow/.local/lib/python3.12/site-packages/airflow/example_dags/example_display_name.py took 0.101 seconds
[2025-02-24T04:12:07.637+0000] {processor.py:161} INFO - Started process (PID=2164) to work on /home/airflow/.local/lib/python3.12/site-packages/airflow/example_dags/example_display_name.py
[2025-02-24T04:12:07.638+0000] {processor.py:830} INFO - Processing file /home/airflow/.local/lib/python3.12/site-packages/airflow/example_dags/example_display_name.py for tasks to queue
[2025-02-24T04:12:07.641+0000] {logging_mixin.py:188} INFO - [2025-02-24T04:12:07.640+0000] {dagbag.py:540} INFO - Filling up the DagBag from /home/airflow/.local/lib/python3.12/site-packages/airflow/example_dags/example_display_name.py
[2025-02-24T04:12:07.648+0000] {processor.py:840} INFO - DAG(s) 'example_display_name' retrieved from /home/airflow/.local/lib/python3.12/site-packages/airflow/example_dags/example_display_name.py
[2025-02-24T04:12:07.671+0000] {logging_mixin.py:188} INFO - [2025-02-24T04:12:07.671+0000] {dag.py:3096} INFO - Sync 1 DAGs
[2025-02-24T04:12:07.687+0000] {logging_mixin.py:188} INFO - [2025-02-24T04:12:07.687+0000] {dag.py:3954} INFO - Setting next_dagrun for example_display_name to None, run_after=None
[2025-02-24T04:12:07.712+0000] {processor.py:183} INFO - Processing /home/airflow/.local/lib/python3.12/site-packages/airflow/example_dags/example_display_name.py took 0.082 seconds
[2025-02-24T04:12:38.374+0000] {processor.py:161} INFO - Started process (PID=2233) to work on /home/airflow/.local/lib/python3.12/site-packages/airflow/example_dags/example_display_name.py
[2025-02-24T04:12:38.375+0000] {processor.py:830} INFO - Processing file /home/airflow/.local/lib/python3.12/site-packages/airflow/example_dags/example_display_name.py for tasks to queue
[2025-02-24T04:12:38.378+0000] {logging_mixin.py:188} INFO - [2025-02-24T04:12:38.378+0000] {dagbag.py:540} INFO - Filling up the DagBag from /home/airflow/.local/lib/python3.12/site-packages/airflow/example_dags/example_display_name.py
[2025-02-24T04:12:38.385+0000] {processor.py:840} INFO - DAG(s) 'example_display_name' retrieved from /home/airflow/.local/lib/python3.12/site-packages/airflow/example_dags/example_display_name.py
[2025-02-24T04:12:38.410+0000] {logging_mixin.py:188} INFO - [2025-02-24T04:12:38.409+0000] {dag.py:3096} INFO - Sync 1 DAGs
[2025-02-24T04:12:38.425+0000] {logging_mixin.py:188} INFO - [2025-02-24T04:12:38.424+0000] {dag.py:3954} INFO - Setting next_dagrun for example_display_name to None, run_after=None
[2025-02-24T04:12:38.447+0000] {processor.py:183} INFO - Processing /home/airflow/.local/lib/python3.12/site-packages/airflow/example_dags/example_display_name.py took 0.081 seconds
[2025-02-24T04:13:08.822+0000] {processor.py:161} INFO - Started process (PID=2294) to work on /home/airflow/.local/lib/python3.12/site-packages/airflow/example_dags/example_display_name.py
[2025-02-24T04:13:08.823+0000] {processor.py:830} INFO - Processing file /home/airflow/.local/lib/python3.12/site-packages/airflow/example_dags/example_display_name.py for tasks to queue
[2025-02-24T04:13:08.826+0000] {logging_mixin.py:188} INFO - [2025-02-24T04:13:08.825+0000] {dagbag.py:540} INFO - Filling up the DagBag from /home/airflow/.local/lib/python3.12/site-packages/airflow/example_dags/example_display_name.py
[2025-02-24T04:13:08.833+0000] {processor.py:840} INFO - DAG(s) 'example_display_name' retrieved from /home/airflow/.local/lib/python3.12/site-packages/airflow/example_dags/example_display_name.py
[2025-02-24T04:13:08.858+0000] {logging_mixin.py:188} INFO - [2025-02-24T04:13:08.857+0000] {dag.py:3096} INFO - Sync 1 DAGs
[2025-02-24T04:13:08.872+0000] {logging_mixin.py:188} INFO - [2025-02-24T04:13:08.872+0000] {dag.py:3954} INFO - Setting next_dagrun for example_display_name to None, run_after=None
[2025-02-24T04:13:08.896+0000] {processor.py:183} INFO - Processing /home/airflow/.local/lib/python3.12/site-packages/airflow/example_dags/example_display_name.py took 0.082 seconds
[2025-02-24T04:13:39.411+0000] {processor.py:161} INFO - Started process (PID=2354) to work on /home/airflow/.local/lib/python3.12/site-packages/airflow/example_dags/example_display_name.py
[2025-02-24T04:13:39.412+0000] {processor.py:830} INFO - Processing file /home/airflow/.local/lib/python3.12/site-packages/airflow/example_dags/example_display_name.py for tasks to queue
[2025-02-24T04:13:39.414+0000] {logging_mixin.py:188} INFO - [2025-02-24T04:13:39.414+0000] {dagbag.py:540} INFO - Filling up the DagBag from /home/airflow/.local/lib/python3.12/site-packages/airflow/example_dags/example_display_name.py
[2025-02-24T04:13:39.422+0000] {processor.py:840} INFO - DAG(s) 'example_display_name' retrieved from /home/airflow/.local/lib/python3.12/site-packages/airflow/example_dags/example_display_name.py
[2025-02-24T04:13:39.446+0000] {logging_mixin.py:188} INFO - [2025-02-24T04:13:39.446+0000] {dag.py:3096} INFO - Sync 1 DAGs
[2025-02-24T04:13:39.462+0000] {logging_mixin.py:188} INFO - [2025-02-24T04:13:39.461+0000] {dag.py:3954} INFO - Setting next_dagrun for example_display_name to None, run_after=None
[2025-02-24T04:13:39.486+0000] {processor.py:183} INFO - Processing /home/airflow/.local/lib/python3.12/site-packages/airflow/example_dags/example_display_name.py took 0.082 seconds
[2025-02-24T04:14:09.612+0000] {processor.py:161} INFO - Started process (PID=2414) to work on /home/airflow/.local/lib/python3.12/site-packages/airflow/example_dags/example_display_name.py
[2025-02-24T04:14:09.613+0000] {processor.py:830} INFO - Processing file /home/airflow/.local/lib/python3.12/site-packages/airflow/example_dags/example_display_name.py for tasks to queue
[2025-02-24T04:14:09.615+0000] {logging_mixin.py:188} INFO - [2025-02-24T04:14:09.615+0000] {dagbag.py:540} INFO - Filling up the DagBag from /home/airflow/.local/lib/python3.12/site-packages/airflow/example_dags/example_display_name.py
[2025-02-24T04:14:09.622+0000] {processor.py:840} INFO - DAG(s) 'example_display_name' retrieved from /home/airflow/.local/lib/python3.12/site-packages/airflow/example_dags/example_display_name.py
[2025-02-24T04:14:09.646+0000] {logging_mixin.py:188} INFO - [2025-02-24T04:14:09.645+0000] {dag.py:3096} INFO - Sync 1 DAGs
[2025-02-24T04:14:09.660+0000] {logging_mixin.py:188} INFO - [2025-02-24T04:14:09.659+0000] {dag.py:3954} INFO - Setting next_dagrun for example_display_name to None, run_after=None
[2025-02-24T04:14:09.681+0000] {processor.py:183} INFO - Processing /home/airflow/.local/lib/python3.12/site-packages/airflow/example_dags/example_display_name.py took 0.076 seconds
[2025-02-24T04:14:40.267+0000] {processor.py:161} INFO - Started process (PID=2474) to work on /home/airflow/.local/lib/python3.12/site-packages/airflow/example_dags/example_display_name.py
[2025-02-24T04:14:40.268+0000] {processor.py:830} INFO - Processing file /home/airflow/.local/lib/python3.12/site-packages/airflow/example_dags/example_display_name.py for tasks to queue
[2025-02-24T04:14:40.271+0000] {logging_mixin.py:188} INFO - [2025-02-24T04:14:40.270+0000] {dagbag.py:540} INFO - Filling up the DagBag from /home/airflow/.local/lib/python3.12/site-packages/airflow/example_dags/example_display_name.py
[2025-02-24T04:14:40.278+0000] {processor.py:840} INFO - DAG(s) 'example_display_name' retrieved from /home/airflow/.local/lib/python3.12/site-packages/airflow/example_dags/example_display_name.py
[2025-02-24T04:14:40.304+0000] {logging_mixin.py:188} INFO - [2025-02-24T04:14:40.304+0000] {dag.py:3096} INFO - Sync 1 DAGs
[2025-02-24T04:14:40.321+0000] {logging_mixin.py:188} INFO - [2025-02-24T04:14:40.321+0000] {dag.py:3954} INFO - Setting next_dagrun for example_display_name to None, run_after=None
[2025-02-24T04:14:40.345+0000] {processor.py:183} INFO - Processing /home/airflow/.local/lib/python3.12/site-packages/airflow/example_dags/example_display_name.py took 0.087 seconds
[2025-02-24T04:15:10.658+0000] {processor.py:161} INFO - Started process (PID=2534) to work on /home/airflow/.local/lib/python3.12/site-packages/airflow/example_dags/example_display_name.py
[2025-02-24T04:15:10.659+0000] {processor.py:830} INFO - Processing file /home/airflow/.local/lib/python3.12/site-packages/airflow/example_dags/example_display_name.py for tasks to queue
[2025-02-24T04:15:10.662+0000] {logging_mixin.py:188} INFO - [2025-02-24T04:15:10.662+0000] {dagbag.py:540} INFO - Filling up the DagBag from /home/airflow/.local/lib/python3.12/site-packages/airflow/example_dags/example_display_name.py
[2025-02-24T04:15:10.669+0000] {processor.py:840} INFO - DAG(s) 'example_display_name' retrieved from /home/airflow/.local/lib/python3.12/site-packages/airflow/example_dags/example_display_name.py
[2025-02-24T04:15:10.694+0000] {logging_mixin.py:188} INFO - [2025-02-24T04:15:10.694+0000] {dag.py:3096} INFO - Sync 1 DAGs
[2025-02-24T04:15:10.709+0000] {logging_mixin.py:188} INFO - [2025-02-24T04:15:10.709+0000] {dag.py:3954} INFO - Setting next_dagrun for example_display_name to None, run_after=None
[2025-02-24T04:15:10.733+0000] {processor.py:183} INFO - Processing /home/airflow/.local/lib/python3.12/site-packages/airflow/example_dags/example_display_name.py took 0.082 seconds
[2025-02-24T04:15:40.972+0000] {processor.py:161} INFO - Started process (PID=2594) to work on /home/airflow/.local/lib/python3.12/site-packages/airflow/example_dags/example_display_name.py
[2025-02-24T04:15:40.973+0000] {processor.py:830} INFO - Processing file /home/airflow/.local/lib/python3.12/site-packages/airflow/example_dags/example_display_name.py for tasks to queue
[2025-02-24T04:15:40.975+0000] {logging_mixin.py:188} INFO - [2025-02-24T04:15:40.975+0000] {dagbag.py:540} INFO - Filling up the DagBag from /home/airflow/.local/lib/python3.12/site-packages/airflow/example_dags/example_display_name.py
[2025-02-24T04:15:40.982+0000] {processor.py:840} INFO - DAG(s) 'example_display_name' retrieved from /home/airflow/.local/lib/python3.12/site-packages/airflow/example_dags/example_display_name.py
[2025-02-24T04:15:41.005+0000] {logging_mixin.py:188} INFO - [2025-02-24T04:15:41.005+0000] {dag.py:3096} INFO - Sync 1 DAGs
[2025-02-24T04:15:41.021+0000] {logging_mixin.py:188} INFO - [2025-02-24T04:15:41.020+0000] {dag.py:3954} INFO - Setting next_dagrun for example_display_name to None, run_after=None
[2025-02-24T04:15:41.043+0000] {processor.py:183} INFO - Processing /home/airflow/.local/lib/python3.12/site-packages/airflow/example_dags/example_display_name.py took 0.078 seconds
[2025-02-24T04:16:11.498+0000] {processor.py:161} INFO - Started process (PID=2655) to work on /home/airflow/.local/lib/python3.12/site-packages/airflow/example_dags/example_display_name.py
[2025-02-24T04:16:11.500+0000] {processor.py:830} INFO - Processing file /home/airflow/.local/lib/python3.12/site-packages/airflow/example_dags/example_display_name.py for tasks to queue
[2025-02-24T04:16:11.502+0000] {logging_mixin.py:188} INFO - [2025-02-24T04:16:11.502+0000] {dagbag.py:540} INFO - Filling up the DagBag from /home/airflow/.local/lib/python3.12/site-packages/airflow/example_dags/example_display_name.py
[2025-02-24T04:16:11.510+0000] {processor.py:840} INFO - DAG(s) 'example_display_name' retrieved from /home/airflow/.local/lib/python3.12/site-packages/airflow/example_dags/example_display_name.py
[2025-02-24T04:16:11.534+0000] {logging_mixin.py:188} INFO - [2025-02-24T04:16:11.534+0000] {dag.py:3096} INFO - Sync 1 DAGs
[2025-02-24T04:16:11.551+0000] {logging_mixin.py:188} INFO - [2025-02-24T04:16:11.550+0000] {dag.py:3954} INFO - Setting next_dagrun for example_display_name to None, run_after=None
[2025-02-24T04:16:11.584+0000] {processor.py:183} INFO - Processing /home/airflow/.local/lib/python3.12/site-packages/airflow/example_dags/example_display_name.py took 0.093 seconds
[2025-02-24T04:16:41.919+0000] {processor.py:161} INFO - Started process (PID=2715) to work on /home/airflow/.local/lib/python3.12/site-packages/airflow/example_dags/example_display_name.py
[2025-02-24T04:16:41.920+0000] {processor.py:830} INFO - Processing file /home/airflow/.local/lib/python3.12/site-packages/airflow/example_dags/example_display_name.py for tasks to queue
[2025-02-24T04:16:41.923+0000] {logging_mixin.py:188} INFO - [2025-02-24T04:16:41.922+0000] {dagbag.py:540} INFO - Filling up the DagBag from /home/airflow/.local/lib/python3.12/site-packages/airflow/example_dags/example_display_name.py
[2025-02-24T04:16:41.930+0000] {processor.py:840} INFO - DAG(s) 'example_display_name' retrieved from /home/airflow/.local/lib/python3.12/site-packages/airflow/example_dags/example_display_name.py
[2025-02-24T04:16:41.954+0000] {logging_mixin.py:188} INFO - [2025-02-24T04:16:41.953+0000] {dag.py:3096} INFO - Sync 1 DAGs
[2025-02-24T04:16:41.968+0000] {logging_mixin.py:188} INFO - [2025-02-24T04:16:41.968+0000] {dag.py:3954} INFO - Setting next_dagrun for example_display_name to None, run_after=None
[2025-02-24T04:16:41.995+0000] {processor.py:183} INFO - Processing /home/airflow/.local/lib/python3.12/site-packages/airflow/example_dags/example_display_name.py took 0.083 seconds
[2025-02-24T04:17:12.228+0000] {processor.py:161} INFO - Started process (PID=2781) to work on /home/airflow/.local/lib/python3.12/site-packages/airflow/example_dags/example_display_name.py
[2025-02-24T04:17:12.229+0000] {processor.py:830} INFO - Processing file /home/airflow/.local/lib/python3.12/site-packages/airflow/example_dags/example_display_name.py for tasks to queue
[2025-02-24T04:17:12.231+0000] {logging_mixin.py:188} INFO - [2025-02-24T04:17:12.231+0000] {dagbag.py:540} INFO - Filling up the DagBag from /home/airflow/.local/lib/python3.12/site-packages/airflow/example_dags/example_display_name.py
[2025-02-24T04:17:12.240+0000] {processor.py:840} INFO - DAG(s) 'example_display_name' retrieved from /home/airflow/.local/lib/python3.12/site-packages/airflow/example_dags/example_display_name.py
[2025-02-24T04:17:12.267+0000] {logging_mixin.py:188} INFO - [2025-02-24T04:17:12.266+0000] {dag.py:3096} INFO - Sync 1 DAGs
[2025-02-24T04:17:12.283+0000] {logging_mixin.py:188} INFO - [2025-02-24T04:17:12.283+0000] {dag.py:3954} INFO - Setting next_dagrun for example_display_name to None, run_after=None
[2025-02-24T04:17:12.310+0000] {processor.py:183} INFO - Processing /home/airflow/.local/lib/python3.12/site-packages/airflow/example_dags/example_display_name.py took 0.090 seconds
[2025-02-24T04:17:42.941+0000] {processor.py:161} INFO - Started process (PID=2841) to work on /home/airflow/.local/lib/python3.12/site-packages/airflow/example_dags/example_display_name.py
[2025-02-24T04:17:42.942+0000] {processor.py:830} INFO - Processing file /home/airflow/.local/lib/python3.12/site-packages/airflow/example_dags/example_display_name.py for tasks to queue
[2025-02-24T04:17:42.945+0000] {logging_mixin.py:188} INFO - [2025-02-24T04:17:42.944+0000] {dagbag.py:540} INFO - Filling up the DagBag from /home/airflow/.local/lib/python3.12/site-packages/airflow/example_dags/example_display_name.py
[2025-02-24T04:17:42.952+0000] {processor.py:840} INFO - DAG(s) 'example_display_name' retrieved from /home/airflow/.local/lib/python3.12/site-packages/airflow/example_dags/example_display_name.py
[2025-02-24T04:17:42.976+0000] {logging_mixin.py:188} INFO - [2025-02-24T04:17:42.975+0000] {dag.py:3096} INFO - Sync 1 DAGs
[2025-02-24T04:17:42.991+0000] {logging_mixin.py:188} INFO - [2025-02-24T04:17:42.991+0000] {dag.py:3954} INFO - Setting next_dagrun for example_display_name to None, run_after=None
[2025-02-24T04:17:43.015+0000] {processor.py:183} INFO - Processing /home/airflow/.local/lib/python3.12/site-packages/airflow/example_dags/example_display_name.py took 0.081 seconds
[2025-02-24T04:19:48.812+0000] {processor.py:161} INFO - Started process (PID=2901) to work on /home/airflow/.local/lib/python3.12/site-packages/airflow/example_dags/example_display_name.py
[2025-02-24T04:19:48.813+0000] {processor.py:830} INFO - Processing file /home/airflow/.local/lib/python3.12/site-packages/airflow/example_dags/example_display_name.py for tasks to queue
[2025-02-24T04:19:48.816+0000] {logging_mixin.py:188} INFO - [2025-02-24T04:19:48.815+0000] {dagbag.py:540} INFO - Filling up the DagBag from /home/airflow/.local/lib/python3.12/site-packages/airflow/example_dags/example_display_name.py
[2025-02-24T04:19:48.831+0000] {processor.py:840} INFO - DAG(s) 'example_display_name' retrieved from /home/airflow/.local/lib/python3.12/site-packages/airflow/example_dags/example_display_name.py
[2025-02-24T04:19:48.876+0000] {logging_mixin.py:188} INFO - [2025-02-24T04:19:48.875+0000] {dag.py:3096} INFO - Sync 1 DAGs
[2025-02-24T04:19:48.908+0000] {logging_mixin.py:188} INFO - [2025-02-24T04:19:48.908+0000] {dag.py:3954} INFO - Setting next_dagrun for example_display_name to None, run_after=None
[2025-02-24T04:19:48.945+0000] {processor.py:183} INFO - Processing /home/airflow/.local/lib/python3.12/site-packages/airflow/example_dags/example_display_name.py took 0.150 seconds
[2025-02-24T04:22:05.357+0000] {processor.py:161} INFO - Started process (PID=3000) to work on /home/airflow/.local/lib/python3.12/site-packages/airflow/example_dags/example_display_name.py
[2025-02-24T04:22:05.371+0000] {processor.py:830} INFO - Processing file /home/airflow/.local/lib/python3.12/site-packages/airflow/example_dags/example_display_name.py for tasks to queue
[2025-02-24T04:22:05.373+0000] {logging_mixin.py:188} INFO - [2025-02-24T04:22:05.372+0000] {dagbag.py:540} INFO - Filling up the DagBag from /home/airflow/.local/lib/python3.12/site-packages/airflow/example_dags/example_display_name.py
[2025-02-24T04:22:05.397+0000] {processor.py:840} INFO - DAG(s) 'example_display_name' retrieved from /home/airflow/.local/lib/python3.12/site-packages/airflow/example_dags/example_display_name.py
[2025-02-24T04:22:05.426+0000] {logging_mixin.py:188} INFO - [2025-02-24T04:22:05.425+0000] {dag.py:3096} INFO - Sync 1 DAGs
[2025-02-24T04:22:05.443+0000] {logging_mixin.py:188} INFO - [2025-02-24T04:22:05.443+0000] {dag.py:3954} INFO - Setting next_dagrun for example_display_name to None, run_after=None
[2025-02-24T04:22:05.520+0000] {processor.py:183} INFO - Processing /home/airflow/.local/lib/python3.12/site-packages/airflow/example_dags/example_display_name.py took 0.172 seconds
[2025-02-24T04:24:09.927+0000] {processor.py:161} INFO - Started process (PID=3065) to work on /home/airflow/.local/lib/python3.12/site-packages/airflow/example_dags/example_display_name.py
[2025-02-24T04:24:09.928+0000] {processor.py:830} INFO - Processing file /home/airflow/.local/lib/python3.12/site-packages/airflow/example_dags/example_display_name.py for tasks to queue
[2025-02-24T04:24:09.930+0000] {logging_mixin.py:188} INFO - [2025-02-24T04:24:09.929+0000] {dagbag.py:540} INFO - Filling up the DagBag from /home/airflow/.local/lib/python3.12/site-packages/airflow/example_dags/example_display_name.py
[2025-02-24T04:24:09.942+0000] {processor.py:840} INFO - DAG(s) 'example_display_name' retrieved from /home/airflow/.local/lib/python3.12/site-packages/airflow/example_dags/example_display_name.py
[2025-02-24T04:24:09.981+0000] {logging_mixin.py:188} INFO - [2025-02-24T04:24:09.980+0000] {dag.py:3096} INFO - Sync 1 DAGs
[2025-02-24T04:24:10.009+0000] {logging_mixin.py:188} INFO - [2025-02-24T04:24:10.008+0000] {dag.py:3954} INFO - Setting next_dagrun for example_display_name to None, run_after=None
[2025-02-24T04:24:10.046+0000] {processor.py:183} INFO - Processing /home/airflow/.local/lib/python3.12/site-packages/airflow/example_dags/example_display_name.py took 0.130 seconds
[2025-02-24T04:24:40.320+0000] {processor.py:161} INFO - Started process (PID=3138) to work on /home/airflow/.local/lib/python3.12/site-packages/airflow/example_dags/example_display_name.py
[2025-02-24T04:24:40.322+0000] {processor.py:830} INFO - Processing file /home/airflow/.local/lib/python3.12/site-packages/airflow/example_dags/example_display_name.py for tasks to queue
[2025-02-24T04:24:40.324+0000] {logging_mixin.py:188} INFO - [2025-02-24T04:24:40.323+0000] {dagbag.py:540} INFO - Filling up the DagBag from /home/airflow/.local/lib/python3.12/site-packages/airflow/example_dags/example_display_name.py
[2025-02-24T04:24:40.332+0000] {processor.py:840} INFO - DAG(s) 'example_display_name' retrieved from /home/airflow/.local/lib/python3.12/site-packages/airflow/example_dags/example_display_name.py
[2025-02-24T04:24:40.362+0000] {logging_mixin.py:188} INFO - [2025-02-24T04:24:40.362+0000] {dag.py:3096} INFO - Sync 1 DAGs
[2025-02-24T04:24:40.383+0000] {logging_mixin.py:188} INFO - [2025-02-24T04:24:40.382+0000] {dag.py:3954} INFO - Setting next_dagrun for example_display_name to None, run_after=None
[2025-02-24T04:24:40.410+0000] {processor.py:183} INFO - Processing /home/airflow/.local/lib/python3.12/site-packages/airflow/example_dags/example_display_name.py took 0.098 seconds
[2025-02-24T04:25:32.615+0000] {processor.py:161} INFO - Started process (PID=3211) to work on /home/airflow/.local/lib/python3.12/site-packages/airflow/example_dags/example_display_name.py
[2025-02-24T04:25:32.631+0000] {processor.py:830} INFO - Processing file /home/airflow/.local/lib/python3.12/site-packages/airflow/example_dags/example_display_name.py for tasks to queue
[2025-02-24T04:25:32.633+0000] {logging_mixin.py:188} INFO - [2025-02-24T04:25:32.633+0000] {dagbag.py:540} INFO - Filling up the DagBag from /home/airflow/.local/lib/python3.12/site-packages/airflow/example_dags/example_display_name.py
[2025-02-24T04:25:32.665+0000] {processor.py:840} INFO - DAG(s) 'example_display_name' retrieved from /home/airflow/.local/lib/python3.12/site-packages/airflow/example_dags/example_display_name.py
[2025-02-24T04:25:32.691+0000] {logging_mixin.py:188} INFO - [2025-02-24T04:25:32.691+0000] {dag.py:3096} INFO - Sync 1 DAGs
[2025-02-24T04:25:32.705+0000] {logging_mixin.py:188} INFO - [2025-02-24T04:25:32.705+0000] {dag.py:3954} INFO - Setting next_dagrun for example_display_name to None, run_after=None
[2025-02-24T04:25:32.853+0000] {processor.py:183} INFO - Processing /home/airflow/.local/lib/python3.12/site-packages/airflow/example_dags/example_display_name.py took 0.251 seconds
[2025-02-24T04:27:39.347+0000] {processor.py:161} INFO - Started process (PID=3293) to work on /home/airflow/.local/lib/python3.12/site-packages/airflow/example_dags/example_display_name.py
[2025-02-24T04:27:39.349+0000] {processor.py:830} INFO - Processing file /home/airflow/.local/lib/python3.12/site-packages/airflow/example_dags/example_display_name.py for tasks to queue
[2025-02-24T04:27:39.350+0000] {logging_mixin.py:188} INFO - [2025-02-24T04:27:39.350+0000] {dagbag.py:540} INFO - Filling up the DagBag from /home/airflow/.local/lib/python3.12/site-packages/airflow/example_dags/example_display_name.py
[2025-02-24T04:27:39.366+0000] {processor.py:840} INFO - DAG(s) 'example_display_name' retrieved from /home/airflow/.local/lib/python3.12/site-packages/airflow/example_dags/example_display_name.py
[2025-02-24T04:27:39.422+0000] {logging_mixin.py:188} INFO - [2025-02-24T04:27:39.421+0000] {dag.py:3096} INFO - Sync 1 DAGs
[2025-02-24T04:27:39.461+0000] {logging_mixin.py:188} INFO - [2025-02-24T04:27:39.461+0000] {dag.py:3954} INFO - Setting next_dagrun for example_display_name to None, run_after=None
[2025-02-24T04:27:39.519+0000] {processor.py:183} INFO - Processing /home/airflow/.local/lib/python3.12/site-packages/airflow/example_dags/example_display_name.py took 0.189 seconds
[2025-02-24T04:29:06.427+0000] {processor.py:161} INFO - Started process (PID=3358) to work on /home/airflow/.local/lib/python3.12/site-packages/airflow/example_dags/example_display_name.py
[2025-02-24T04:29:06.429+0000] {processor.py:830} INFO - Processing file /home/airflow/.local/lib/python3.12/site-packages/airflow/example_dags/example_display_name.py for tasks to queue
[2025-02-24T04:29:06.430+0000] {logging_mixin.py:188} INFO - [2025-02-24T04:29:06.430+0000] {dagbag.py:540} INFO - Filling up the DagBag from /home/airflow/.local/lib/python3.12/site-packages/airflow/example_dags/example_display_name.py
[2025-02-24T04:29:06.440+0000] {processor.py:840} INFO - DAG(s) 'example_display_name' retrieved from /home/airflow/.local/lib/python3.12/site-packages/airflow/example_dags/example_display_name.py
[2025-02-24T04:29:06.471+0000] {logging_mixin.py:188} INFO - [2025-02-24T04:29:06.471+0000] {dag.py:3096} INFO - Sync 1 DAGs
[2025-02-24T04:29:06.490+0000] {logging_mixin.py:188} INFO - [2025-02-24T04:29:06.490+0000] {dag.py:3954} INFO - Setting next_dagrun for example_display_name to None, run_after=None
[2025-02-24T04:29:06.674+0000] {processor.py:183} INFO - Processing /home/airflow/.local/lib/python3.12/site-packages/airflow/example_dags/example_display_name.py took 0.260 seconds
