[2025-02-24T03:54:49.244+0000] {processor.py:161} INFO - Started process (PID=107) to work on /home/airflow/.local/lib/python3.12/site-packages/airflow/example_dags/example_branch_operator.py
[2025-02-24T03:54:49.245+0000] {processor.py:830} INFO - Processing file /home/airflow/.local/lib/python3.12/site-packages/airflow/example_dags/example_branch_operator.py for tasks to queue
[2025-02-24T03:54:49.248+0000] {logging_mixin.py:188} INFO - [2025-02-24T03:54:49.248+0000] {dagbag.py:540} INFO - Filling up the DagBag from /home/airflow/.local/lib/python3.12/site-packages/airflow/example_dags/example_branch_operator.py
[2025-02-24T03:54:49.277+0000] {processor.py:840} INFO - DAG(s) 'example_branch_operator' retrieved from /home/airflow/.local/lib/python3.12/site-packages/airflow/example_dags/example_branch_operator.py
[2025-02-24T03:54:49.477+0000] {logging_mixin.py:188} INFO - [2025-02-24T03:54:49.476+0000] {override.py:1829} INFO - Created Permission View: can read on DAG:example_branch_operator
[2025-02-24T03:54:49.518+0000] {logging_mixin.py:188} INFO - [2025-02-24T03:54:49.518+0000] {override.py:1829} INFO - Created Permission View: can delete on DAG:example_branch_operator
[2025-02-24T03:54:49.533+0000] {logging_mixin.py:188} INFO - [2025-02-24T03:54:49.533+0000] {override.py:1829} INFO - Created Permission View: can edit on DAG:example_branch_operator
[2025-02-24T03:54:49.534+0000] {logging_mixin.py:188} INFO - [2025-02-24T03:54:49.534+0000] {dag.py:3096} INFO - Sync 1 DAGs
[2025-02-24T03:54:49.552+0000] {logging_mixin.py:188} INFO - [2025-02-24T03:54:49.552+0000] {dag.py:3118} INFO - Creating ORM DAG for example_branch_operator
[2025-02-24T03:54:49.573+0000] {logging_mixin.py:188} INFO - [2025-02-24T03:54:49.572+0000] {dag.py:3954} INFO - Setting next_dagrun for example_branch_operator to 2025-02-23 00:00:00+00:00, run_after=2025-02-24 00:00:00+00:00
[2025-02-24T03:54:49.611+0000] {processor.py:183} INFO - Processing /home/airflow/.local/lib/python3.12/site-packages/airflow/example_dags/example_branch_operator.py took 0.376 seconds
[2025-02-24T03:55:20.244+0000] {processor.py:161} INFO - Started process (PID=167) to work on /home/airflow/.local/lib/python3.12/site-packages/airflow/example_dags/example_branch_operator.py
[2025-02-24T03:55:20.246+0000] {processor.py:830} INFO - Processing file /home/airflow/.local/lib/python3.12/site-packages/airflow/example_dags/example_branch_operator.py for tasks to queue
[2025-02-24T03:55:20.248+0000] {logging_mixin.py:188} INFO - [2025-02-24T03:55:20.248+0000] {dagbag.py:540} INFO - Filling up the DagBag from /home/airflow/.local/lib/python3.12/site-packages/airflow/example_dags/example_branch_operator.py
[2025-02-24T03:55:20.268+0000] {processor.py:840} INFO - DAG(s) 'example_branch_operator' retrieved from /home/airflow/.local/lib/python3.12/site-packages/airflow/example_dags/example_branch_operator.py
[2025-02-24T03:55:20.311+0000] {logging_mixin.py:188} INFO - [2025-02-24T03:55:20.311+0000] {dag.py:3096} INFO - Sync 1 DAGs
[2025-02-24T03:55:20.339+0000] {logging_mixin.py:188} INFO - [2025-02-24T03:55:20.339+0000] {dag.py:3954} INFO - Setting next_dagrun for example_branch_operator to 2025-02-23 00:00:00+00:00, run_after=2025-02-24 00:00:00+00:00
[2025-02-24T03:55:20.364+0000] {processor.py:183} INFO - Processing /home/airflow/.local/lib/python3.12/site-packages/airflow/example_dags/example_branch_operator.py took 0.127 seconds
[2025-02-24T03:55:53.370+0000] {processor.py:161} INFO - Started process (PID=227) to work on /home/airflow/.local/lib/python3.12/site-packages/airflow/example_dags/example_branch_operator.py
[2025-02-24T03:55:53.371+0000] {processor.py:830} INFO - Processing file /home/airflow/.local/lib/python3.12/site-packages/airflow/example_dags/example_branch_operator.py for tasks to queue
[2025-02-24T03:55:53.373+0000] {logging_mixin.py:188} INFO - [2025-02-24T03:55:53.373+0000] {dagbag.py:540} INFO - Filling up the DagBag from /home/airflow/.local/lib/python3.12/site-packages/airflow/example_dags/example_branch_operator.py
[2025-02-24T03:55:53.484+0000] {processor.py:840} INFO - DAG(s) 'example_branch_operator' retrieved from /home/airflow/.local/lib/python3.12/site-packages/airflow/example_dags/example_branch_operator.py
[2025-02-24T03:55:53.517+0000] {logging_mixin.py:188} INFO - [2025-02-24T03:55:53.517+0000] {dag.py:3096} INFO - Sync 1 DAGs
[2025-02-24T03:55:53.544+0000] {logging_mixin.py:188} INFO - [2025-02-24T03:55:53.544+0000] {dag.py:3954} INFO - Setting next_dagrun for example_branch_operator to 2025-02-23 00:00:00+00:00, run_after=2025-02-24 00:00:00+00:00
[2025-02-24T03:55:53.678+0000] {processor.py:183} INFO - Processing /home/airflow/.local/lib/python3.12/site-packages/airflow/example_dags/example_branch_operator.py took 0.315 seconds
[2025-02-24T03:56:24.089+0000] {processor.py:161} INFO - Started process (PID=287) to work on /home/airflow/.local/lib/python3.12/site-packages/airflow/example_dags/example_branch_operator.py
[2025-02-24T03:56:24.091+0000] {processor.py:830} INFO - Processing file /home/airflow/.local/lib/python3.12/site-packages/airflow/example_dags/example_branch_operator.py for tasks to queue
[2025-02-24T03:56:24.094+0000] {logging_mixin.py:188} INFO - [2025-02-24T03:56:24.093+0000] {dagbag.py:540} INFO - Filling up the DagBag from /home/airflow/.local/lib/python3.12/site-packages/airflow/example_dags/example_branch_operator.py
[2025-02-24T03:56:24.117+0000] {processor.py:840} INFO - DAG(s) 'example_branch_operator' retrieved from /home/airflow/.local/lib/python3.12/site-packages/airflow/example_dags/example_branch_operator.py
[2025-02-24T03:56:24.133+0000] {logging_mixin.py:188} INFO - [2025-02-24T03:56:24.133+0000] {dag.py:3096} INFO - Sync 1 DAGs
[2025-02-24T03:56:24.166+0000] {logging_mixin.py:188} INFO - [2025-02-24T03:56:24.166+0000] {dag.py:3954} INFO - Setting next_dagrun for example_branch_operator to 2025-02-23 00:00:00+00:00, run_after=2025-02-24 00:00:00+00:00
[2025-02-24T03:56:24.192+0000] {processor.py:183} INFO - Processing /home/airflow/.local/lib/python3.12/site-packages/airflow/example_dags/example_branch_operator.py took 0.113 seconds
[2025-02-24T03:56:54.546+0000] {processor.py:161} INFO - Started process (PID=348) to work on /home/airflow/.local/lib/python3.12/site-packages/airflow/example_dags/example_branch_operator.py
[2025-02-24T03:56:54.548+0000] {processor.py:830} INFO - Processing file /home/airflow/.local/lib/python3.12/site-packages/airflow/example_dags/example_branch_operator.py for tasks to queue
[2025-02-24T03:56:54.550+0000] {logging_mixin.py:188} INFO - [2025-02-24T03:56:54.550+0000] {dagbag.py:540} INFO - Filling up the DagBag from /home/airflow/.local/lib/python3.12/site-packages/airflow/example_dags/example_branch_operator.py
[2025-02-24T03:56:54.572+0000] {processor.py:840} INFO - DAG(s) 'example_branch_operator' retrieved from /home/airflow/.local/lib/python3.12/site-packages/airflow/example_dags/example_branch_operator.py
[2025-02-24T03:56:54.739+0000] {logging_mixin.py:188} INFO - [2025-02-24T03:56:54.738+0000] {dag.py:3096} INFO - Sync 1 DAGs
[2025-02-24T03:56:54.770+0000] {logging_mixin.py:188} INFO - [2025-02-24T03:56:54.770+0000] {dag.py:3954} INFO - Setting next_dagrun for example_branch_operator to 2025-02-23 00:00:00+00:00, run_after=2025-02-24 00:00:00+00:00
[2025-02-24T03:56:54.797+0000] {processor.py:183} INFO - Processing /home/airflow/.local/lib/python3.12/site-packages/airflow/example_dags/example_branch_operator.py took 0.260 seconds
[2025-02-24T03:57:24.866+0000] {processor.py:161} INFO - Started process (PID=408) to work on /home/airflow/.local/lib/python3.12/site-packages/airflow/example_dags/example_branch_operator.py
[2025-02-24T03:57:24.867+0000] {processor.py:830} INFO - Processing file /home/airflow/.local/lib/python3.12/site-packages/airflow/example_dags/example_branch_operator.py for tasks to queue
[2025-02-24T03:57:24.869+0000] {logging_mixin.py:188} INFO - [2025-02-24T03:57:24.869+0000] {dagbag.py:540} INFO - Filling up the DagBag from /home/airflow/.local/lib/python3.12/site-packages/airflow/example_dags/example_branch_operator.py
[2025-02-24T03:57:24.888+0000] {processor.py:840} INFO - DAG(s) 'example_branch_operator' retrieved from /home/airflow/.local/lib/python3.12/site-packages/airflow/example_dags/example_branch_operator.py
[2025-02-24T03:57:24.924+0000] {logging_mixin.py:188} INFO - [2025-02-24T03:57:24.924+0000] {dag.py:3096} INFO - Sync 1 DAGs
[2025-02-24T03:57:24.951+0000] {logging_mixin.py:188} INFO - [2025-02-24T03:57:24.951+0000] {dag.py:3954} INFO - Setting next_dagrun for example_branch_operator to 2025-02-23 00:00:00+00:00, run_after=2025-02-24 00:00:00+00:00
[2025-02-24T03:57:24.978+0000] {processor.py:183} INFO - Processing /home/airflow/.local/lib/python3.12/site-packages/airflow/example_dags/example_branch_operator.py took 0.119 seconds
[2025-02-24T03:57:55.371+0000] {processor.py:161} INFO - Started process (PID=468) to work on /home/airflow/.local/lib/python3.12/site-packages/airflow/example_dags/example_branch_operator.py
[2025-02-24T03:57:55.372+0000] {processor.py:830} INFO - Processing file /home/airflow/.local/lib/python3.12/site-packages/airflow/example_dags/example_branch_operator.py for tasks to queue
[2025-02-24T03:57:55.375+0000] {logging_mixin.py:188} INFO - [2025-02-24T03:57:55.374+0000] {dagbag.py:540} INFO - Filling up the DagBag from /home/airflow/.local/lib/python3.12/site-packages/airflow/example_dags/example_branch_operator.py
[2025-02-24T03:57:55.397+0000] {processor.py:840} INFO - DAG(s) 'example_branch_operator' retrieved from /home/airflow/.local/lib/python3.12/site-packages/airflow/example_dags/example_branch_operator.py
[2025-02-24T03:57:55.437+0000] {logging_mixin.py:188} INFO - [2025-02-24T03:57:55.437+0000] {dag.py:3096} INFO - Sync 1 DAGs
[2025-02-24T03:57:55.466+0000] {logging_mixin.py:188} INFO - [2025-02-24T03:57:55.466+0000] {dag.py:3954} INFO - Setting next_dagrun for example_branch_operator to 2025-02-23 00:00:00+00:00, run_after=2025-02-24 00:00:00+00:00
[2025-02-24T03:57:55.497+0000] {processor.py:183} INFO - Processing /home/airflow/.local/lib/python3.12/site-packages/airflow/example_dags/example_branch_operator.py took 0.133 seconds
[2025-02-24T03:58:40.944+0000] {processor.py:161} INFO - Started process (PID=541) to work on /home/airflow/.local/lib/python3.12/site-packages/airflow/example_dags/example_branch_operator.py
[2025-02-24T03:58:40.946+0000] {processor.py:830} INFO - Processing file /home/airflow/.local/lib/python3.12/site-packages/airflow/example_dags/example_branch_operator.py for tasks to queue
[2025-02-24T03:58:40.949+0000] {logging_mixin.py:188} INFO - [2025-02-24T03:58:40.948+0000] {dagbag.py:540} INFO - Filling up the DagBag from /home/airflow/.local/lib/python3.12/site-packages/airflow/example_dags/example_branch_operator.py
[2025-02-24T03:58:40.981+0000] {processor.py:840} INFO - DAG(s) 'example_branch_operator' retrieved from /home/airflow/.local/lib/python3.12/site-packages/airflow/example_dags/example_branch_operator.py
[2025-02-24T03:58:41.113+0000] {logging_mixin.py:188} INFO - [2025-02-24T03:58:41.112+0000] {dag.py:3096} INFO - Sync 1 DAGs
[2025-02-24T03:58:41.180+0000] {logging_mixin.py:188} INFO - [2025-02-24T03:58:41.180+0000] {dag.py:3954} INFO - Setting next_dagrun for example_branch_operator to 2025-02-23 00:00:00+00:00, run_after=2025-02-24 00:00:00+00:00
[2025-02-24T03:58:41.244+0000] {processor.py:183} INFO - Processing /home/airflow/.local/lib/python3.12/site-packages/airflow/example_dags/example_branch_operator.py took 0.310 seconds
[2025-02-24T03:59:12.105+0000] {processor.py:161} INFO - Started process (PID=601) to work on /home/airflow/.local/lib/python3.12/site-packages/airflow/example_dags/example_branch_operator.py
[2025-02-24T03:59:12.106+0000] {processor.py:830} INFO - Processing file /home/airflow/.local/lib/python3.12/site-packages/airflow/example_dags/example_branch_operator.py for tasks to queue
[2025-02-24T03:59:12.120+0000] {logging_mixin.py:188} INFO - [2025-02-24T03:59:12.119+0000] {dagbag.py:540} INFO - Filling up the DagBag from /home/airflow/.local/lib/python3.12/site-packages/airflow/example_dags/example_branch_operator.py
[2025-02-24T03:59:12.159+0000] {processor.py:840} INFO - DAG(s) 'example_branch_operator' retrieved from /home/airflow/.local/lib/python3.12/site-packages/airflow/example_dags/example_branch_operator.py
[2025-02-24T03:59:12.228+0000] {logging_mixin.py:188} INFO - [2025-02-24T03:59:12.228+0000] {dag.py:3096} INFO - Sync 1 DAGs
[2025-02-24T03:59:12.261+0000] {logging_mixin.py:188} INFO - [2025-02-24T03:59:12.261+0000] {dag.py:3954} INFO - Setting next_dagrun for example_branch_operator to 2025-02-23 00:00:00+00:00, run_after=2025-02-24 00:00:00+00:00
[2025-02-24T03:59:12.293+0000] {processor.py:183} INFO - Processing /home/airflow/.local/lib/python3.12/site-packages/airflow/example_dags/example_branch_operator.py took 0.201 seconds
[2025-02-24T03:59:42.872+0000] {processor.py:161} INFO - Started process (PID=659) to work on /home/airflow/.local/lib/python3.12/site-packages/airflow/example_dags/example_branch_operator.py
[2025-02-24T03:59:42.873+0000] {processor.py:830} INFO - Processing file /home/airflow/.local/lib/python3.12/site-packages/airflow/example_dags/example_branch_operator.py for tasks to queue
[2025-02-24T03:59:42.876+0000] {logging_mixin.py:188} INFO - [2025-02-24T03:59:42.875+0000] {dagbag.py:540} INFO - Filling up the DagBag from /home/airflow/.local/lib/python3.12/site-packages/airflow/example_dags/example_branch_operator.py
[2025-02-24T03:59:42.897+0000] {processor.py:840} INFO - DAG(s) 'example_branch_operator' retrieved from /home/airflow/.local/lib/python3.12/site-packages/airflow/example_dags/example_branch_operator.py
[2025-02-24T03:59:42.933+0000] {logging_mixin.py:188} INFO - [2025-02-24T03:59:42.933+0000] {dag.py:3096} INFO - Sync 1 DAGs
[2025-02-24T03:59:42.963+0000] {logging_mixin.py:188} INFO - [2025-02-24T03:59:42.963+0000] {dag.py:3954} INFO - Setting next_dagrun for example_branch_operator to 2025-02-23 00:00:00+00:00, run_after=2025-02-24 00:00:00+00:00
[2025-02-24T03:59:43.015+0000] {processor.py:183} INFO - Processing /home/airflow/.local/lib/python3.12/site-packages/airflow/example_dags/example_branch_operator.py took 0.150 seconds
[2025-02-24T04:00:13.330+0000] {processor.py:161} INFO - Started process (PID=718) to work on /home/airflow/.local/lib/python3.12/site-packages/airflow/example_dags/example_branch_operator.py
[2025-02-24T04:00:13.332+0000] {processor.py:830} INFO - Processing file /home/airflow/.local/lib/python3.12/site-packages/airflow/example_dags/example_branch_operator.py for tasks to queue
[2025-02-24T04:00:13.334+0000] {logging_mixin.py:188} INFO - [2025-02-24T04:00:13.334+0000] {dagbag.py:540} INFO - Filling up the DagBag from /home/airflow/.local/lib/python3.12/site-packages/airflow/example_dags/example_branch_operator.py
[2025-02-24T04:00:13.356+0000] {processor.py:840} INFO - DAG(s) 'example_branch_operator' retrieved from /home/airflow/.local/lib/python3.12/site-packages/airflow/example_dags/example_branch_operator.py
[2025-02-24T04:00:13.395+0000] {logging_mixin.py:188} INFO - [2025-02-24T04:00:13.395+0000] {dag.py:3096} INFO - Sync 1 DAGs
[2025-02-24T04:00:13.424+0000] {logging_mixin.py:188} INFO - [2025-02-24T04:00:13.424+0000] {dag.py:3954} INFO - Setting next_dagrun for example_branch_operator to 2025-02-23 00:00:00+00:00, run_after=2025-02-24 00:00:00+00:00
[2025-02-24T04:00:13.451+0000] {processor.py:183} INFO - Processing /home/airflow/.local/lib/python3.12/site-packages/airflow/example_dags/example_branch_operator.py took 0.128 seconds
[2025-02-24T04:00:43.592+0000] {processor.py:161} INFO - Started process (PID=779) to work on /home/airflow/.local/lib/python3.12/site-packages/airflow/example_dags/example_branch_operator.py
[2025-02-24T04:00:43.593+0000] {processor.py:830} INFO - Processing file /home/airflow/.local/lib/python3.12/site-packages/airflow/example_dags/example_branch_operator.py for tasks to queue
[2025-02-24T04:00:43.596+0000] {logging_mixin.py:188} INFO - [2025-02-24T04:00:43.595+0000] {dagbag.py:540} INFO - Filling up the DagBag from /home/airflow/.local/lib/python3.12/site-packages/airflow/example_dags/example_branch_operator.py
[2025-02-24T04:00:43.615+0000] {processor.py:840} INFO - DAG(s) 'example_branch_operator' retrieved from /home/airflow/.local/lib/python3.12/site-packages/airflow/example_dags/example_branch_operator.py
[2025-02-24T04:00:43.649+0000] {logging_mixin.py:188} INFO - [2025-02-24T04:00:43.649+0000] {dag.py:3096} INFO - Sync 1 DAGs
[2025-02-24T04:00:43.674+0000] {logging_mixin.py:188} INFO - [2025-02-24T04:00:43.674+0000] {dag.py:3954} INFO - Setting next_dagrun for example_branch_operator to 2025-02-23 00:00:00+00:00, run_after=2025-02-24 00:00:00+00:00
[2025-02-24T04:00:43.696+0000] {processor.py:183} INFO - Processing /home/airflow/.local/lib/python3.12/site-packages/airflow/example_dags/example_branch_operator.py took 0.111 seconds
[2025-02-24T04:01:13.798+0000] {processor.py:161} INFO - Started process (PID=839) to work on /home/airflow/.local/lib/python3.12/site-packages/airflow/example_dags/example_branch_operator.py
[2025-02-24T04:01:13.799+0000] {processor.py:830} INFO - Processing file /home/airflow/.local/lib/python3.12/site-packages/airflow/example_dags/example_branch_operator.py for tasks to queue
[2025-02-24T04:01:13.802+0000] {logging_mixin.py:188} INFO - [2025-02-24T04:01:13.802+0000] {dagbag.py:540} INFO - Filling up the DagBag from /home/airflow/.local/lib/python3.12/site-packages/airflow/example_dags/example_branch_operator.py
[2025-02-24T04:01:13.821+0000] {processor.py:840} INFO - DAG(s) 'example_branch_operator' retrieved from /home/airflow/.local/lib/python3.12/site-packages/airflow/example_dags/example_branch_operator.py
[2025-02-24T04:01:13.855+0000] {logging_mixin.py:188} INFO - [2025-02-24T04:01:13.855+0000] {dag.py:3096} INFO - Sync 1 DAGs
[2025-02-24T04:01:13.881+0000] {logging_mixin.py:188} INFO - [2025-02-24T04:01:13.881+0000] {dag.py:3954} INFO - Setting next_dagrun for example_branch_operator to 2025-02-23 00:00:00+00:00, run_after=2025-02-24 00:00:00+00:00
[2025-02-24T04:01:13.904+0000] {processor.py:183} INFO - Processing /home/airflow/.local/lib/python3.12/site-packages/airflow/example_dags/example_branch_operator.py took 0.112 seconds
[2025-02-24T04:01:44.387+0000] {processor.py:161} INFO - Started process (PID=899) to work on /home/airflow/.local/lib/python3.12/site-packages/airflow/example_dags/example_branch_operator.py
[2025-02-24T04:01:44.389+0000] {processor.py:830} INFO - Processing file /home/airflow/.local/lib/python3.12/site-packages/airflow/example_dags/example_branch_operator.py for tasks to queue
[2025-02-24T04:01:44.391+0000] {logging_mixin.py:188} INFO - [2025-02-24T04:01:44.391+0000] {dagbag.py:540} INFO - Filling up the DagBag from /home/airflow/.local/lib/python3.12/site-packages/airflow/example_dags/example_branch_operator.py
[2025-02-24T04:01:44.412+0000] {processor.py:840} INFO - DAG(s) 'example_branch_operator' retrieved from /home/airflow/.local/lib/python3.12/site-packages/airflow/example_dags/example_branch_operator.py
[2025-02-24T04:01:44.448+0000] {logging_mixin.py:188} INFO - [2025-02-24T04:01:44.448+0000] {dag.py:3096} INFO - Sync 1 DAGs
[2025-02-24T04:01:44.477+0000] {logging_mixin.py:188} INFO - [2025-02-24T04:01:44.477+0000] {dag.py:3954} INFO - Setting next_dagrun for example_branch_operator to 2025-02-23 00:00:00+00:00, run_after=2025-02-24 00:00:00+00:00
[2025-02-24T04:01:44.503+0000] {processor.py:183} INFO - Processing /home/airflow/.local/lib/python3.12/site-packages/airflow/example_dags/example_branch_operator.py took 0.124 seconds
[2025-02-24T04:02:14.660+0000] {processor.py:161} INFO - Started process (PID=959) to work on /home/airflow/.local/lib/python3.12/site-packages/airflow/example_dags/example_branch_operator.py
[2025-02-24T04:02:14.662+0000] {processor.py:830} INFO - Processing file /home/airflow/.local/lib/python3.12/site-packages/airflow/example_dags/example_branch_operator.py for tasks to queue
[2025-02-24T04:02:14.664+0000] {logging_mixin.py:188} INFO - [2025-02-24T04:02:14.664+0000] {dagbag.py:540} INFO - Filling up the DagBag from /home/airflow/.local/lib/python3.12/site-packages/airflow/example_dags/example_branch_operator.py
[2025-02-24T04:02:14.685+0000] {processor.py:840} INFO - DAG(s) 'example_branch_operator' retrieved from /home/airflow/.local/lib/python3.12/site-packages/airflow/example_dags/example_branch_operator.py
[2025-02-24T04:02:14.728+0000] {logging_mixin.py:188} INFO - [2025-02-24T04:02:14.728+0000] {dag.py:3096} INFO - Sync 1 DAGs
[2025-02-24T04:02:14.758+0000] {logging_mixin.py:188} INFO - [2025-02-24T04:02:14.758+0000] {dag.py:3954} INFO - Setting next_dagrun for example_branch_operator to 2025-02-23 00:00:00+00:00, run_after=2025-02-24 00:00:00+00:00
[2025-02-24T04:02:14.782+0000] {processor.py:183} INFO - Processing /home/airflow/.local/lib/python3.12/site-packages/airflow/example_dags/example_branch_operator.py took 0.129 seconds
[2025-02-24T04:02:45.129+0000] {processor.py:161} INFO - Started process (PID=1019) to work on /home/airflow/.local/lib/python3.12/site-packages/airflow/example_dags/example_branch_operator.py
[2025-02-24T04:02:45.131+0000] {processor.py:830} INFO - Processing file /home/airflow/.local/lib/python3.12/site-packages/airflow/example_dags/example_branch_operator.py for tasks to queue
[2025-02-24T04:02:45.133+0000] {logging_mixin.py:188} INFO - [2025-02-24T04:02:45.132+0000] {dagbag.py:540} INFO - Filling up the DagBag from /home/airflow/.local/lib/python3.12/site-packages/airflow/example_dags/example_branch_operator.py
[2025-02-24T04:02:45.153+0000] {processor.py:840} INFO - DAG(s) 'example_branch_operator' retrieved from /home/airflow/.local/lib/python3.12/site-packages/airflow/example_dags/example_branch_operator.py
[2025-02-24T04:02:45.189+0000] {logging_mixin.py:188} INFO - [2025-02-24T04:02:45.188+0000] {dag.py:3096} INFO - Sync 1 DAGs
[2025-02-24T04:02:45.216+0000] {logging_mixin.py:188} INFO - [2025-02-24T04:02:45.216+0000] {dag.py:3954} INFO - Setting next_dagrun for example_branch_operator to 2025-02-23 00:00:00+00:00, run_after=2025-02-24 00:00:00+00:00
[2025-02-24T04:02:45.237+0000] {processor.py:183} INFO - Processing /home/airflow/.local/lib/python3.12/site-packages/airflow/example_dags/example_branch_operator.py took 0.115 seconds
[2025-02-24T04:03:16.121+0000] {processor.py:161} INFO - Started process (PID=1078) to work on /home/airflow/.local/lib/python3.12/site-packages/airflow/example_dags/example_branch_operator.py
[2025-02-24T04:03:16.122+0000] {processor.py:830} INFO - Processing file /home/airflow/.local/lib/python3.12/site-packages/airflow/example_dags/example_branch_operator.py for tasks to queue
[2025-02-24T04:03:16.125+0000] {logging_mixin.py:188} INFO - [2025-02-24T04:03:16.125+0000] {dagbag.py:540} INFO - Filling up the DagBag from /home/airflow/.local/lib/python3.12/site-packages/airflow/example_dags/example_branch_operator.py
[2025-02-24T04:03:16.145+0000] {processor.py:840} INFO - DAG(s) 'example_branch_operator' retrieved from /home/airflow/.local/lib/python3.12/site-packages/airflow/example_dags/example_branch_operator.py
[2025-02-24T04:03:16.181+0000] {logging_mixin.py:188} INFO - [2025-02-24T04:03:16.180+0000] {dag.py:3096} INFO - Sync 1 DAGs
[2025-02-24T04:03:16.207+0000] {logging_mixin.py:188} INFO - [2025-02-24T04:03:16.207+0000] {dag.py:3954} INFO - Setting next_dagrun for example_branch_operator to 2025-02-23 00:00:00+00:00, run_after=2025-02-24 00:00:00+00:00
[2025-02-24T04:03:16.233+0000] {processor.py:183} INFO - Processing /home/airflow/.local/lib/python3.12/site-packages/airflow/example_dags/example_branch_operator.py took 0.118 seconds
[2025-02-24T04:03:47.262+0000] {processor.py:161} INFO - Started process (PID=1144) to work on /home/airflow/.local/lib/python3.12/site-packages/airflow/example_dags/example_branch_operator.py
[2025-02-24T04:03:47.263+0000] {processor.py:830} INFO - Processing file /home/airflow/.local/lib/python3.12/site-packages/airflow/example_dags/example_branch_operator.py for tasks to queue
[2025-02-24T04:03:47.265+0000] {logging_mixin.py:188} INFO - [2025-02-24T04:03:47.265+0000] {dagbag.py:540} INFO - Filling up the DagBag from /home/airflow/.local/lib/python3.12/site-packages/airflow/example_dags/example_branch_operator.py
[2025-02-24T04:03:47.286+0000] {processor.py:840} INFO - DAG(s) 'example_branch_operator' retrieved from /home/airflow/.local/lib/python3.12/site-packages/airflow/example_dags/example_branch_operator.py
[2025-02-24T04:03:47.320+0000] {logging_mixin.py:188} INFO - [2025-02-24T04:03:47.320+0000] {dag.py:3096} INFO - Sync 1 DAGs
[2025-02-24T04:03:47.505+0000] {logging_mixin.py:188} INFO - [2025-02-24T04:03:47.504+0000] {dag.py:3954} INFO - Setting next_dagrun for example_branch_operator to 2025-02-23 00:00:00+00:00, run_after=2025-02-24 00:00:00+00:00
[2025-02-24T04:03:47.525+0000] {processor.py:183} INFO - Processing /home/airflow/.local/lib/python3.12/site-packages/airflow/example_dags/example_branch_operator.py took 0.272 seconds
[2025-02-24T04:04:17.726+0000] {processor.py:161} INFO - Started process (PID=1204) to work on /home/airflow/.local/lib/python3.12/site-packages/airflow/example_dags/example_branch_operator.py
[2025-02-24T04:04:17.727+0000] {processor.py:830} INFO - Processing file /home/airflow/.local/lib/python3.12/site-packages/airflow/example_dags/example_branch_operator.py for tasks to queue
[2025-02-24T04:04:17.731+0000] {logging_mixin.py:188} INFO - [2025-02-24T04:04:17.730+0000] {dagbag.py:540} INFO - Filling up the DagBag from /home/airflow/.local/lib/python3.12/site-packages/airflow/example_dags/example_branch_operator.py
[2025-02-24T04:04:17.751+0000] {processor.py:840} INFO - DAG(s) 'example_branch_operator' retrieved from /home/airflow/.local/lib/python3.12/site-packages/airflow/example_dags/example_branch_operator.py
[2025-02-24T04:04:17.788+0000] {logging_mixin.py:188} INFO - [2025-02-24T04:04:17.788+0000] {dag.py:3096} INFO - Sync 1 DAGs
[2025-02-24T04:04:17.819+0000] {logging_mixin.py:188} INFO - [2025-02-24T04:04:17.818+0000] {dag.py:3954} INFO - Setting next_dagrun for example_branch_operator to 2025-02-23 00:00:00+00:00, run_after=2025-02-24 00:00:00+00:00
[2025-02-24T04:04:18.055+0000] {processor.py:183} INFO - Processing /home/airflow/.local/lib/python3.12/site-packages/airflow/example_dags/example_branch_operator.py took 0.336 seconds
[2025-02-24T04:04:49.494+0000] {processor.py:161} INFO - Started process (PID=1268) to work on /home/airflow/.local/lib/python3.12/site-packages/airflow/example_dags/example_branch_operator.py
[2025-02-24T04:04:49.495+0000] {processor.py:830} INFO - Processing file /home/airflow/.local/lib/python3.12/site-packages/airflow/example_dags/example_branch_operator.py for tasks to queue
[2025-02-24T04:04:49.497+0000] {logging_mixin.py:188} INFO - [2025-02-24T04:04:49.497+0000] {dagbag.py:540} INFO - Filling up the DagBag from /home/airflow/.local/lib/python3.12/site-packages/airflow/example_dags/example_branch_operator.py
[2025-02-24T04:04:49.515+0000] {processor.py:840} INFO - DAG(s) 'example_branch_operator' retrieved from /home/airflow/.local/lib/python3.12/site-packages/airflow/example_dags/example_branch_operator.py
[2025-02-24T04:04:49.548+0000] {logging_mixin.py:188} INFO - [2025-02-24T04:04:49.548+0000] {dag.py:3096} INFO - Sync 1 DAGs
[2025-02-24T04:04:49.581+0000] {logging_mixin.py:188} INFO - [2025-02-24T04:04:49.581+0000] {dag.py:3954} INFO - Setting next_dagrun for example_branch_operator to 2025-02-23 00:00:00+00:00, run_after=2025-02-24 00:00:00+00:00
[2025-02-24T04:04:49.754+0000] {processor.py:183} INFO - Processing /home/airflow/.local/lib/python3.12/site-packages/airflow/example_dags/example_branch_operator.py took 0.267 seconds
[2025-02-24T04:05:18.825+0000] {processor.py:161} INFO - Started process (PID=1330) to work on /home/airflow/.local/lib/python3.12/site-packages/airflow/example_dags/example_branch_operator.py
[2025-02-24T04:05:18.827+0000] {processor.py:830} INFO - Processing file /home/airflow/.local/lib/python3.12/site-packages/airflow/example_dags/example_branch_operator.py for tasks to queue
[2025-02-24T04:05:18.830+0000] {logging_mixin.py:188} INFO - [2025-02-24T04:05:18.829+0000] {dagbag.py:540} INFO - Filling up the DagBag from /home/airflow/.local/lib/python3.12/site-packages/airflow/example_dags/example_branch_operator.py
[2025-02-24T04:05:19.161+0000] {processor.py:840} INFO - DAG(s) 'example_branch_operator' retrieved from /home/airflow/.local/lib/python3.12/site-packages/airflow/example_dags/example_branch_operator.py
[2025-02-24T04:05:19.192+0000] {logging_mixin.py:188} INFO - [2025-02-24T04:05:19.191+0000] {dag.py:3096} INFO - Sync 1 DAGs
[2025-02-24T04:05:19.213+0000] {logging_mixin.py:188} INFO - [2025-02-24T04:05:19.213+0000] {dag.py:3954} INFO - Setting next_dagrun for example_branch_operator to 2025-02-23 00:00:00+00:00, run_after=2025-02-24 00:00:00+00:00
[2025-02-24T04:05:19.232+0000] {processor.py:183} INFO - Processing /home/airflow/.local/lib/python3.12/site-packages/airflow/example_dags/example_branch_operator.py took 0.414 seconds
[2025-02-24T04:05:49.858+0000] {processor.py:161} INFO - Started process (PID=1389) to work on /home/airflow/.local/lib/python3.12/site-packages/airflow/example_dags/example_branch_operator.py
[2025-02-24T04:05:49.879+0000] {processor.py:830} INFO - Processing file /home/airflow/.local/lib/python3.12/site-packages/airflow/example_dags/example_branch_operator.py for tasks to queue
[2025-02-24T04:05:49.883+0000] {logging_mixin.py:188} INFO - [2025-02-24T04:05:49.882+0000] {dagbag.py:540} INFO - Filling up the DagBag from /home/airflow/.local/lib/python3.12/site-packages/airflow/example_dags/example_branch_operator.py
[2025-02-24T04:05:49.902+0000] {processor.py:840} INFO - DAG(s) 'example_branch_operator' retrieved from /home/airflow/.local/lib/python3.12/site-packages/airflow/example_dags/example_branch_operator.py
[2025-02-24T04:05:49.938+0000] {logging_mixin.py:188} INFO - [2025-02-24T04:05:49.938+0000] {dag.py:3096} INFO - Sync 1 DAGs
[2025-02-24T04:05:50.001+0000] {logging_mixin.py:188} INFO - [2025-02-24T04:05:50.001+0000] {dag.py:3954} INFO - Setting next_dagrun for example_branch_operator to 2025-02-23 00:00:00+00:00, run_after=2025-02-24 00:00:00+00:00
[2025-02-24T04:05:50.062+0000] {processor.py:183} INFO - Processing /home/airflow/.local/lib/python3.12/site-packages/airflow/example_dags/example_branch_operator.py took 0.212 seconds
[2025-02-24T04:06:20.392+0000] {processor.py:161} INFO - Started process (PID=1449) to work on /home/airflow/.local/lib/python3.12/site-packages/airflow/example_dags/example_branch_operator.py
[2025-02-24T04:06:20.394+0000] {processor.py:830} INFO - Processing file /home/airflow/.local/lib/python3.12/site-packages/airflow/example_dags/example_branch_operator.py for tasks to queue
[2025-02-24T04:06:20.396+0000] {logging_mixin.py:188} INFO - [2025-02-24T04:06:20.396+0000] {dagbag.py:540} INFO - Filling up the DagBag from /home/airflow/.local/lib/python3.12/site-packages/airflow/example_dags/example_branch_operator.py
[2025-02-24T04:06:20.417+0000] {processor.py:840} INFO - DAG(s) 'example_branch_operator' retrieved from /home/airflow/.local/lib/python3.12/site-packages/airflow/example_dags/example_branch_operator.py
[2025-02-24T04:06:20.452+0000] {logging_mixin.py:188} INFO - [2025-02-24T04:06:20.452+0000] {dag.py:3096} INFO - Sync 1 DAGs
[2025-02-24T04:06:20.480+0000] {logging_mixin.py:188} INFO - [2025-02-24T04:06:20.480+0000] {dag.py:3954} INFO - Setting next_dagrun for example_branch_operator to 2025-02-23 00:00:00+00:00, run_after=2025-02-24 00:00:00+00:00
[2025-02-24T04:06:20.505+0000] {processor.py:183} INFO - Processing /home/airflow/.local/lib/python3.12/site-packages/airflow/example_dags/example_branch_operator.py took 0.120 seconds
[2025-02-24T04:06:51.320+0000] {processor.py:161} INFO - Started process (PID=1509) to work on /home/airflow/.local/lib/python3.12/site-packages/airflow/example_dags/example_branch_operator.py
[2025-02-24T04:06:51.321+0000] {processor.py:830} INFO - Processing file /home/airflow/.local/lib/python3.12/site-packages/airflow/example_dags/example_branch_operator.py for tasks to queue
[2025-02-24T04:06:51.324+0000] {logging_mixin.py:188} INFO - [2025-02-24T04:06:51.324+0000] {dagbag.py:540} INFO - Filling up the DagBag from /home/airflow/.local/lib/python3.12/site-packages/airflow/example_dags/example_branch_operator.py
[2025-02-24T04:06:51.345+0000] {processor.py:840} INFO - DAG(s) 'example_branch_operator' retrieved from /home/airflow/.local/lib/python3.12/site-packages/airflow/example_dags/example_branch_operator.py
[2025-02-24T04:06:51.382+0000] {logging_mixin.py:188} INFO - [2025-02-24T04:06:51.382+0000] {dag.py:3096} INFO - Sync 1 DAGs
[2025-02-24T04:06:51.411+0000] {logging_mixin.py:188} INFO - [2025-02-24T04:06:51.411+0000] {dag.py:3954} INFO - Setting next_dagrun for example_branch_operator to 2025-02-23 00:00:00+00:00, run_after=2025-02-24 00:00:00+00:00
[2025-02-24T04:06:51.435+0000] {processor.py:183} INFO - Processing /home/airflow/.local/lib/python3.12/site-packages/airflow/example_dags/example_branch_operator.py took 0.123 seconds
[2025-02-24T04:07:22.307+0000] {processor.py:161} INFO - Started process (PID=1569) to work on /home/airflow/.local/lib/python3.12/site-packages/airflow/example_dags/example_branch_operator.py
[2025-02-24T04:07:22.308+0000] {processor.py:830} INFO - Processing file /home/airflow/.local/lib/python3.12/site-packages/airflow/example_dags/example_branch_operator.py for tasks to queue
[2025-02-24T04:07:22.312+0000] {logging_mixin.py:188} INFO - [2025-02-24T04:07:22.311+0000] {dagbag.py:540} INFO - Filling up the DagBag from /home/airflow/.local/lib/python3.12/site-packages/airflow/example_dags/example_branch_operator.py
[2025-02-24T04:07:22.373+0000] {processor.py:840} INFO - DAG(s) 'example_branch_operator' retrieved from /home/airflow/.local/lib/python3.12/site-packages/airflow/example_dags/example_branch_operator.py
[2025-02-24T04:07:22.467+0000] {logging_mixin.py:188} INFO - [2025-02-24T04:07:22.467+0000] {dag.py:3096} INFO - Sync 1 DAGs
[2025-02-24T04:07:22.506+0000] {logging_mixin.py:188} INFO - [2025-02-24T04:07:22.505+0000] {dag.py:3954} INFO - Setting next_dagrun for example_branch_operator to 2025-02-23 00:00:00+00:00, run_after=2025-02-24 00:00:00+00:00
[2025-02-24T04:07:22.534+0000] {processor.py:183} INFO - Processing /home/airflow/.local/lib/python3.12/site-packages/airflow/example_dags/example_branch_operator.py took 0.237 seconds
[2025-02-24T04:07:52.712+0000] {processor.py:161} INFO - Started process (PID=1627) to work on /home/airflow/.local/lib/python3.12/site-packages/airflow/example_dags/example_branch_operator.py
[2025-02-24T04:07:52.713+0000] {processor.py:830} INFO - Processing file /home/airflow/.local/lib/python3.12/site-packages/airflow/example_dags/example_branch_operator.py for tasks to queue
[2025-02-24T04:07:52.715+0000] {logging_mixin.py:188} INFO - [2025-02-24T04:07:52.715+0000] {dagbag.py:540} INFO - Filling up the DagBag from /home/airflow/.local/lib/python3.12/site-packages/airflow/example_dags/example_branch_operator.py
[2025-02-24T04:07:52.744+0000] {processor.py:840} INFO - DAG(s) 'example_branch_operator' retrieved from /home/airflow/.local/lib/python3.12/site-packages/airflow/example_dags/example_branch_operator.py
[2025-02-24T04:07:52.798+0000] {logging_mixin.py:188} INFO - [2025-02-24T04:07:52.797+0000] {dag.py:3096} INFO - Sync 1 DAGs
[2025-02-24T04:07:52.827+0000] {logging_mixin.py:188} INFO - [2025-02-24T04:07:52.827+0000] {dag.py:3954} INFO - Setting next_dagrun for example_branch_operator to 2025-02-23 00:00:00+00:00, run_after=2025-02-24 00:00:00+00:00
[2025-02-24T04:07:52.852+0000] {processor.py:183} INFO - Processing /home/airflow/.local/lib/python3.12/site-packages/airflow/example_dags/example_branch_operator.py took 0.150 seconds
[2025-02-24T04:08:23.327+0000] {processor.py:161} INFO - Started process (PID=1693) to work on /home/airflow/.local/lib/python3.12/site-packages/airflow/example_dags/example_branch_operator.py
[2025-02-24T04:08:23.331+0000] {processor.py:830} INFO - Processing file /home/airflow/.local/lib/python3.12/site-packages/airflow/example_dags/example_branch_operator.py for tasks to queue
[2025-02-24T04:08:23.337+0000] {logging_mixin.py:188} INFO - [2025-02-24T04:08:23.335+0000] {dagbag.py:540} INFO - Filling up the DagBag from /home/airflow/.local/lib/python3.12/site-packages/airflow/example_dags/example_branch_operator.py
[2025-02-24T04:08:23.374+0000] {processor.py:840} INFO - DAG(s) 'example_branch_operator' retrieved from /home/airflow/.local/lib/python3.12/site-packages/airflow/example_dags/example_branch_operator.py
[2025-02-24T04:08:23.425+0000] {logging_mixin.py:188} INFO - [2025-02-24T04:08:23.424+0000] {dag.py:3096} INFO - Sync 1 DAGs
[2025-02-24T04:08:23.457+0000] {logging_mixin.py:188} INFO - [2025-02-24T04:08:23.457+0000] {dag.py:3954} INFO - Setting next_dagrun for example_branch_operator to 2025-02-23 00:00:00+00:00, run_after=2025-02-24 00:00:00+00:00
[2025-02-24T04:08:23.482+0000] {processor.py:183} INFO - Processing /home/airflow/.local/lib/python3.12/site-packages/airflow/example_dags/example_branch_operator.py took 0.163 seconds
[2025-02-24T04:08:54.391+0000] {processor.py:161} INFO - Started process (PID=1755) to work on /home/airflow/.local/lib/python3.12/site-packages/airflow/example_dags/example_branch_operator.py
[2025-02-24T04:08:54.392+0000] {processor.py:830} INFO - Processing file /home/airflow/.local/lib/python3.12/site-packages/airflow/example_dags/example_branch_operator.py for tasks to queue
[2025-02-24T04:08:54.395+0000] {logging_mixin.py:188} INFO - [2025-02-24T04:08:54.394+0000] {dagbag.py:540} INFO - Filling up the DagBag from /home/airflow/.local/lib/python3.12/site-packages/airflow/example_dags/example_branch_operator.py
[2025-02-24T04:08:54.414+0000] {processor.py:840} INFO - DAG(s) 'example_branch_operator' retrieved from /home/airflow/.local/lib/python3.12/site-packages/airflow/example_dags/example_branch_operator.py
[2025-02-24T04:08:54.448+0000] {logging_mixin.py:188} INFO - [2025-02-24T04:08:54.448+0000] {dag.py:3096} INFO - Sync 1 DAGs
[2025-02-24T04:08:54.475+0000] {logging_mixin.py:188} INFO - [2025-02-24T04:08:54.474+0000] {dag.py:3954} INFO - Setting next_dagrun for example_branch_operator to 2025-02-23 00:00:00+00:00, run_after=2025-02-24 00:00:00+00:00
[2025-02-24T04:08:54.497+0000] {processor.py:183} INFO - Processing /home/airflow/.local/lib/python3.12/site-packages/airflow/example_dags/example_branch_operator.py took 0.113 seconds
[2025-02-24T04:09:24.667+0000] {processor.py:161} INFO - Started process (PID=1814) to work on /home/airflow/.local/lib/python3.12/site-packages/airflow/example_dags/example_branch_operator.py
[2025-02-24T04:09:24.669+0000] {processor.py:830} INFO - Processing file /home/airflow/.local/lib/python3.12/site-packages/airflow/example_dags/example_branch_operator.py for tasks to queue
[2025-02-24T04:09:24.672+0000] {logging_mixin.py:188} INFO - [2025-02-24T04:09:24.671+0000] {dagbag.py:540} INFO - Filling up the DagBag from /home/airflow/.local/lib/python3.12/site-packages/airflow/example_dags/example_branch_operator.py
[2025-02-24T04:09:24.692+0000] {processor.py:840} INFO - DAG(s) 'example_branch_operator' retrieved from /home/airflow/.local/lib/python3.12/site-packages/airflow/example_dags/example_branch_operator.py
[2025-02-24T04:09:24.726+0000] {logging_mixin.py:188} INFO - [2025-02-24T04:09:24.726+0000] {dag.py:3096} INFO - Sync 1 DAGs
[2025-02-24T04:09:24.752+0000] {logging_mixin.py:188} INFO - [2025-02-24T04:09:24.752+0000] {dag.py:3954} INFO - Setting next_dagrun for example_branch_operator to 2025-02-23 00:00:00+00:00, run_after=2025-02-24 00:00:00+00:00
[2025-02-24T04:09:24.775+0000] {processor.py:183} INFO - Processing /home/airflow/.local/lib/python3.12/site-packages/airflow/example_dags/example_branch_operator.py took 0.115 seconds
[2025-02-24T04:09:54.832+0000] {processor.py:161} INFO - Started process (PID=1874) to work on /home/airflow/.local/lib/python3.12/site-packages/airflow/example_dags/example_branch_operator.py
[2025-02-24T04:09:54.833+0000] {processor.py:830} INFO - Processing file /home/airflow/.local/lib/python3.12/site-packages/airflow/example_dags/example_branch_operator.py for tasks to queue
[2025-02-24T04:09:54.836+0000] {logging_mixin.py:188} INFO - [2025-02-24T04:09:54.835+0000] {dagbag.py:540} INFO - Filling up the DagBag from /home/airflow/.local/lib/python3.12/site-packages/airflow/example_dags/example_branch_operator.py
[2025-02-24T04:09:54.854+0000] {processor.py:840} INFO - DAG(s) 'example_branch_operator' retrieved from /home/airflow/.local/lib/python3.12/site-packages/airflow/example_dags/example_branch_operator.py
[2025-02-24T04:09:54.887+0000] {logging_mixin.py:188} INFO - [2025-02-24T04:09:54.887+0000] {dag.py:3096} INFO - Sync 1 DAGs
[2025-02-24T04:09:54.912+0000] {logging_mixin.py:188} INFO - [2025-02-24T04:09:54.912+0000] {dag.py:3954} INFO - Setting next_dagrun for example_branch_operator to 2025-02-23 00:00:00+00:00, run_after=2025-02-24 00:00:00+00:00
[2025-02-24T04:09:54.933+0000] {processor.py:183} INFO - Processing /home/airflow/.local/lib/python3.12/site-packages/airflow/example_dags/example_branch_operator.py took 0.108 seconds
[2025-02-24T04:10:25.036+0000] {processor.py:161} INFO - Started process (PID=1934) to work on /home/airflow/.local/lib/python3.12/site-packages/airflow/example_dags/example_branch_operator.py
[2025-02-24T04:10:25.038+0000] {processor.py:830} INFO - Processing file /home/airflow/.local/lib/python3.12/site-packages/airflow/example_dags/example_branch_operator.py for tasks to queue
[2025-02-24T04:10:25.040+0000] {logging_mixin.py:188} INFO - [2025-02-24T04:10:25.040+0000] {dagbag.py:540} INFO - Filling up the DagBag from /home/airflow/.local/lib/python3.12/site-packages/airflow/example_dags/example_branch_operator.py
[2025-02-24T04:10:25.058+0000] {processor.py:840} INFO - DAG(s) 'example_branch_operator' retrieved from /home/airflow/.local/lib/python3.12/site-packages/airflow/example_dags/example_branch_operator.py
[2025-02-24T04:10:25.093+0000] {logging_mixin.py:188} INFO - [2025-02-24T04:10:25.093+0000] {dag.py:3096} INFO - Sync 1 DAGs
[2025-02-24T04:10:25.123+0000] {logging_mixin.py:188} INFO - [2025-02-24T04:10:25.123+0000] {dag.py:3954} INFO - Setting next_dagrun for example_branch_operator to 2025-02-23 00:00:00+00:00, run_after=2025-02-24 00:00:00+00:00
[2025-02-24T04:10:25.147+0000] {processor.py:183} INFO - Processing /home/airflow/.local/lib/python3.12/site-packages/airflow/example_dags/example_branch_operator.py took 0.118 seconds
[2025-02-24T04:10:55.623+0000] {processor.py:161} INFO - Started process (PID=2006) to work on /home/airflow/.local/lib/python3.12/site-packages/airflow/example_dags/example_branch_operator.py
[2025-02-24T04:10:55.624+0000] {processor.py:830} INFO - Processing file /home/airflow/.local/lib/python3.12/site-packages/airflow/example_dags/example_branch_operator.py for tasks to queue
[2025-02-24T04:10:55.627+0000] {logging_mixin.py:188} INFO - [2025-02-24T04:10:55.626+0000] {dagbag.py:540} INFO - Filling up the DagBag from /home/airflow/.local/lib/python3.12/site-packages/airflow/example_dags/example_branch_operator.py
[2025-02-24T04:10:55.646+0000] {processor.py:840} INFO - DAG(s) 'example_branch_operator' retrieved from /home/airflow/.local/lib/python3.12/site-packages/airflow/example_dags/example_branch_operator.py
[2025-02-24T04:10:55.683+0000] {logging_mixin.py:188} INFO - [2025-02-24T04:10:55.683+0000] {dag.py:3096} INFO - Sync 1 DAGs
[2025-02-24T04:10:55.720+0000] {logging_mixin.py:188} INFO - [2025-02-24T04:10:55.719+0000] {dag.py:3954} INFO - Setting next_dagrun for example_branch_operator to 2025-02-23 00:00:00+00:00, run_after=2025-02-24 00:00:00+00:00
[2025-02-24T04:10:55.742+0000] {processor.py:183} INFO - Processing /home/airflow/.local/lib/python3.12/site-packages/airflow/example_dags/example_branch_operator.py took 0.126 seconds
[2025-02-24T04:11:25.900+0000] {processor.py:161} INFO - Started process (PID=2066) to work on /home/airflow/.local/lib/python3.12/site-packages/airflow/example_dags/example_branch_operator.py
[2025-02-24T04:11:25.902+0000] {processor.py:830} INFO - Processing file /home/airflow/.local/lib/python3.12/site-packages/airflow/example_dags/example_branch_operator.py for tasks to queue
[2025-02-24T04:11:25.904+0000] {logging_mixin.py:188} INFO - [2025-02-24T04:11:25.904+0000] {dagbag.py:540} INFO - Filling up the DagBag from /home/airflow/.local/lib/python3.12/site-packages/airflow/example_dags/example_branch_operator.py
[2025-02-24T04:11:25.939+0000] {processor.py:840} INFO - DAG(s) 'example_branch_operator' retrieved from /home/airflow/.local/lib/python3.12/site-packages/airflow/example_dags/example_branch_operator.py
[2025-02-24T04:11:25.990+0000] {logging_mixin.py:188} INFO - [2025-02-24T04:11:25.990+0000] {dag.py:3096} INFO - Sync 1 DAGs
[2025-02-24T04:11:26.026+0000] {logging_mixin.py:188} INFO - [2025-02-24T04:11:26.025+0000] {dag.py:3954} INFO - Setting next_dagrun for example_branch_operator to 2025-02-23 00:00:00+00:00, run_after=2025-02-24 00:00:00+00:00
[2025-02-24T04:11:26.055+0000] {processor.py:183} INFO - Processing /home/airflow/.local/lib/python3.12/site-packages/airflow/example_dags/example_branch_operator.py took 0.165 seconds
[2025-02-24T04:11:56.832+0000] {processor.py:161} INFO - Started process (PID=2133) to work on /home/airflow/.local/lib/python3.12/site-packages/airflow/example_dags/example_branch_operator.py
[2025-02-24T04:11:56.834+0000] {processor.py:830} INFO - Processing file /home/airflow/.local/lib/python3.12/site-packages/airflow/example_dags/example_branch_operator.py for tasks to queue
[2025-02-24T04:11:56.836+0000] {logging_mixin.py:188} INFO - [2025-02-24T04:11:56.836+0000] {dagbag.py:540} INFO - Filling up the DagBag from /home/airflow/.local/lib/python3.12/site-packages/airflow/example_dags/example_branch_operator.py
[2025-02-24T04:11:56.856+0000] {processor.py:840} INFO - DAG(s) 'example_branch_operator' retrieved from /home/airflow/.local/lib/python3.12/site-packages/airflow/example_dags/example_branch_operator.py
[2025-02-24T04:11:56.902+0000] {logging_mixin.py:188} INFO - [2025-02-24T04:11:56.901+0000] {dag.py:3096} INFO - Sync 1 DAGs
[2025-02-24T04:11:56.927+0000] {logging_mixin.py:188} INFO - [2025-02-24T04:11:56.927+0000] {dag.py:3954} INFO - Setting next_dagrun for example_branch_operator to 2025-02-23 00:00:00+00:00, run_after=2025-02-24 00:00:00+00:00
[2025-02-24T04:11:56.951+0000] {processor.py:183} INFO - Processing /home/airflow/.local/lib/python3.12/site-packages/airflow/example_dags/example_branch_operator.py took 0.125 seconds
[2025-02-24T04:12:27.083+0000] {processor.py:161} INFO - Started process (PID=2202) to work on /home/airflow/.local/lib/python3.12/site-packages/airflow/example_dags/example_branch_operator.py
[2025-02-24T04:12:27.084+0000] {processor.py:830} INFO - Processing file /home/airflow/.local/lib/python3.12/site-packages/airflow/example_dags/example_branch_operator.py for tasks to queue
[2025-02-24T04:12:27.086+0000] {logging_mixin.py:188} INFO - [2025-02-24T04:12:27.086+0000] {dagbag.py:540} INFO - Filling up the DagBag from /home/airflow/.local/lib/python3.12/site-packages/airflow/example_dags/example_branch_operator.py
[2025-02-24T04:12:27.110+0000] {processor.py:840} INFO - DAG(s) 'example_branch_operator' retrieved from /home/airflow/.local/lib/python3.12/site-packages/airflow/example_dags/example_branch_operator.py
[2025-02-24T04:12:27.146+0000] {logging_mixin.py:188} INFO - [2025-02-24T04:12:27.146+0000] {dag.py:3096} INFO - Sync 1 DAGs
[2025-02-24T04:12:27.172+0000] {logging_mixin.py:188} INFO - [2025-02-24T04:12:27.172+0000] {dag.py:3954} INFO - Setting next_dagrun for example_branch_operator to 2025-02-23 00:00:00+00:00, run_after=2025-02-24 00:00:00+00:00
[2025-02-24T04:12:27.194+0000] {processor.py:183} INFO - Processing /home/airflow/.local/lib/python3.12/site-packages/airflow/example_dags/example_branch_operator.py took 0.119 seconds
[2025-02-24T04:12:57.855+0000] {processor.py:161} INFO - Started process (PID=2262) to work on /home/airflow/.local/lib/python3.12/site-packages/airflow/example_dags/example_branch_operator.py
[2025-02-24T04:12:57.856+0000] {processor.py:830} INFO - Processing file /home/airflow/.local/lib/python3.12/site-packages/airflow/example_dags/example_branch_operator.py for tasks to queue
[2025-02-24T04:12:57.859+0000] {logging_mixin.py:188} INFO - [2025-02-24T04:12:57.859+0000] {dagbag.py:540} INFO - Filling up the DagBag from /home/airflow/.local/lib/python3.12/site-packages/airflow/example_dags/example_branch_operator.py
[2025-02-24T04:12:57.892+0000] {processor.py:840} INFO - DAG(s) 'example_branch_operator' retrieved from /home/airflow/.local/lib/python3.12/site-packages/airflow/example_dags/example_branch_operator.py
[2025-02-24T04:12:57.942+0000] {logging_mixin.py:188} INFO - [2025-02-24T04:12:57.942+0000] {dag.py:3096} INFO - Sync 1 DAGs
[2025-02-24T04:12:57.971+0000] {logging_mixin.py:188} INFO - [2025-02-24T04:12:57.971+0000] {dag.py:3954} INFO - Setting next_dagrun for example_branch_operator to 2025-02-23 00:00:00+00:00, run_after=2025-02-24 00:00:00+00:00
[2025-02-24T04:12:58.004+0000] {processor.py:183} INFO - Processing /home/airflow/.local/lib/python3.12/site-packages/airflow/example_dags/example_branch_operator.py took 0.161 seconds
[2025-02-24T04:13:28.709+0000] {processor.py:161} INFO - Started process (PID=2329) to work on /home/airflow/.local/lib/python3.12/site-packages/airflow/example_dags/example_branch_operator.py
[2025-02-24T04:13:28.710+0000] {processor.py:830} INFO - Processing file /home/airflow/.local/lib/python3.12/site-packages/airflow/example_dags/example_branch_operator.py for tasks to queue
[2025-02-24T04:13:28.713+0000] {logging_mixin.py:188} INFO - [2025-02-24T04:13:28.713+0000] {dagbag.py:540} INFO - Filling up the DagBag from /home/airflow/.local/lib/python3.12/site-packages/airflow/example_dags/example_branch_operator.py
[2025-02-24T04:13:28.733+0000] {processor.py:840} INFO - DAG(s) 'example_branch_operator' retrieved from /home/airflow/.local/lib/python3.12/site-packages/airflow/example_dags/example_branch_operator.py
[2025-02-24T04:13:28.780+0000] {logging_mixin.py:188} INFO - [2025-02-24T04:13:28.780+0000] {dag.py:3096} INFO - Sync 1 DAGs
[2025-02-24T04:13:28.809+0000] {logging_mixin.py:188} INFO - [2025-02-24T04:13:28.808+0000] {dag.py:3954} INFO - Setting next_dagrun for example_branch_operator to 2025-02-23 00:00:00+00:00, run_after=2025-02-24 00:00:00+00:00
[2025-02-24T04:13:28.907+0000] {processor.py:183} INFO - Processing /home/airflow/.local/lib/python3.12/site-packages/airflow/example_dags/example_branch_operator.py took 0.208 seconds
[2025-02-24T04:13:59.092+0000] {processor.py:161} INFO - Started process (PID=2389) to work on /home/airflow/.local/lib/python3.12/site-packages/airflow/example_dags/example_branch_operator.py
[2025-02-24T04:13:59.094+0000] {processor.py:830} INFO - Processing file /home/airflow/.local/lib/python3.12/site-packages/airflow/example_dags/example_branch_operator.py for tasks to queue
[2025-02-24T04:13:59.096+0000] {logging_mixin.py:188} INFO - [2025-02-24T04:13:59.096+0000] {dagbag.py:540} INFO - Filling up the DagBag from /home/airflow/.local/lib/python3.12/site-packages/airflow/example_dags/example_branch_operator.py
[2025-02-24T04:13:59.116+0000] {processor.py:840} INFO - DAG(s) 'example_branch_operator' retrieved from /home/airflow/.local/lib/python3.12/site-packages/airflow/example_dags/example_branch_operator.py
[2025-02-24T04:13:59.154+0000] {logging_mixin.py:188} INFO - [2025-02-24T04:13:59.154+0000] {dag.py:3096} INFO - Sync 1 DAGs
[2025-02-24T04:13:59.182+0000] {logging_mixin.py:188} INFO - [2025-02-24T04:13:59.181+0000] {dag.py:3954} INFO - Setting next_dagrun for example_branch_operator to 2025-02-23 00:00:00+00:00, run_after=2025-02-24 00:00:00+00:00
[2025-02-24T04:13:59.205+0000] {processor.py:183} INFO - Processing /home/airflow/.local/lib/python3.12/site-packages/airflow/example_dags/example_branch_operator.py took 0.121 seconds
[2025-02-24T04:14:30.114+0000] {processor.py:161} INFO - Started process (PID=2449) to work on /home/airflow/.local/lib/python3.12/site-packages/airflow/example_dags/example_branch_operator.py
[2025-02-24T04:14:30.115+0000] {processor.py:830} INFO - Processing file /home/airflow/.local/lib/python3.12/site-packages/airflow/example_dags/example_branch_operator.py for tasks to queue
[2025-02-24T04:14:30.118+0000] {logging_mixin.py:188} INFO - [2025-02-24T04:14:30.117+0000] {dagbag.py:540} INFO - Filling up the DagBag from /home/airflow/.local/lib/python3.12/site-packages/airflow/example_dags/example_branch_operator.py
[2025-02-24T04:14:30.137+0000] {processor.py:840} INFO - DAG(s) 'example_branch_operator' retrieved from /home/airflow/.local/lib/python3.12/site-packages/airflow/example_dags/example_branch_operator.py
[2025-02-24T04:14:30.180+0000] {logging_mixin.py:188} INFO - [2025-02-24T04:14:30.180+0000] {dag.py:3096} INFO - Sync 1 DAGs
[2025-02-24T04:14:30.210+0000] {logging_mixin.py:188} INFO - [2025-02-24T04:14:30.209+0000] {dag.py:3954} INFO - Setting next_dagrun for example_branch_operator to 2025-02-23 00:00:00+00:00, run_after=2025-02-24 00:00:00+00:00
[2025-02-24T04:14:30.235+0000] {processor.py:183} INFO - Processing /home/airflow/.local/lib/python3.12/site-packages/airflow/example_dags/example_branch_operator.py took 0.129 seconds
[2025-02-24T04:15:00.387+0000] {processor.py:161} INFO - Started process (PID=2509) to work on /home/airflow/.local/lib/python3.12/site-packages/airflow/example_dags/example_branch_operator.py
[2025-02-24T04:15:00.388+0000] {processor.py:830} INFO - Processing file /home/airflow/.local/lib/python3.12/site-packages/airflow/example_dags/example_branch_operator.py for tasks to queue
[2025-02-24T04:15:00.391+0000] {logging_mixin.py:188} INFO - [2025-02-24T04:15:00.390+0000] {dagbag.py:540} INFO - Filling up the DagBag from /home/airflow/.local/lib/python3.12/site-packages/airflow/example_dags/example_branch_operator.py
[2025-02-24T04:15:00.409+0000] {processor.py:840} INFO - DAG(s) 'example_branch_operator' retrieved from /home/airflow/.local/lib/python3.12/site-packages/airflow/example_dags/example_branch_operator.py
[2025-02-24T04:15:00.445+0000] {logging_mixin.py:188} INFO - [2025-02-24T04:15:00.445+0000] {dag.py:3096} INFO - Sync 1 DAGs
[2025-02-24T04:15:00.473+0000] {logging_mixin.py:188} INFO - [2025-02-24T04:15:00.472+0000] {dag.py:3954} INFO - Setting next_dagrun for example_branch_operator to 2025-02-23 00:00:00+00:00, run_after=2025-02-24 00:00:00+00:00
[2025-02-24T04:15:00.499+0000] {processor.py:183} INFO - Processing /home/airflow/.local/lib/python3.12/site-packages/airflow/example_dags/example_branch_operator.py took 0.120 seconds
[2025-02-24T04:15:30.606+0000] {processor.py:161} INFO - Started process (PID=2569) to work on /home/airflow/.local/lib/python3.12/site-packages/airflow/example_dags/example_branch_operator.py
[2025-02-24T04:15:30.608+0000] {processor.py:830} INFO - Processing file /home/airflow/.local/lib/python3.12/site-packages/airflow/example_dags/example_branch_operator.py for tasks to queue
[2025-02-24T04:15:30.610+0000] {logging_mixin.py:188} INFO - [2025-02-24T04:15:30.610+0000] {dagbag.py:540} INFO - Filling up the DagBag from /home/airflow/.local/lib/python3.12/site-packages/airflow/example_dags/example_branch_operator.py
[2025-02-24T04:15:30.633+0000] {processor.py:840} INFO - DAG(s) 'example_branch_operator' retrieved from /home/airflow/.local/lib/python3.12/site-packages/airflow/example_dags/example_branch_operator.py
[2025-02-24T04:15:30.673+0000] {logging_mixin.py:188} INFO - [2025-02-24T04:15:30.672+0000] {dag.py:3096} INFO - Sync 1 DAGs
[2025-02-24T04:15:30.710+0000] {logging_mixin.py:188} INFO - [2025-02-24T04:15:30.709+0000] {dag.py:3954} INFO - Setting next_dagrun for example_branch_operator to 2025-02-23 00:00:00+00:00, run_after=2025-02-24 00:00:00+00:00
[2025-02-24T04:15:30.737+0000] {processor.py:183} INFO - Processing /home/airflow/.local/lib/python3.12/site-packages/airflow/example_dags/example_branch_operator.py took 0.139 seconds
[2025-02-24T04:16:00.886+0000] {processor.py:161} INFO - Started process (PID=2630) to work on /home/airflow/.local/lib/python3.12/site-packages/airflow/example_dags/example_branch_operator.py
[2025-02-24T04:16:00.888+0000] {processor.py:830} INFO - Processing file /home/airflow/.local/lib/python3.12/site-packages/airflow/example_dags/example_branch_operator.py for tasks to queue
[2025-02-24T04:16:00.893+0000] {logging_mixin.py:188} INFO - [2025-02-24T04:16:00.892+0000] {dagbag.py:540} INFO - Filling up the DagBag from /home/airflow/.local/lib/python3.12/site-packages/airflow/example_dags/example_branch_operator.py
[2025-02-24T04:16:00.969+0000] {processor.py:840} INFO - DAG(s) 'example_branch_operator' retrieved from /home/airflow/.local/lib/python3.12/site-packages/airflow/example_dags/example_branch_operator.py
[2025-02-24T04:16:01.135+0000] {logging_mixin.py:188} INFO - [2025-02-24T04:16:01.134+0000] {dag.py:3096} INFO - Sync 1 DAGs
[2025-02-24T04:16:01.222+0000] {logging_mixin.py:188} INFO - [2025-02-24T04:16:01.221+0000] {dag.py:3954} INFO - Setting next_dagrun for example_branch_operator to 2025-02-23 00:00:00+00:00, run_after=2025-02-24 00:00:00+00:00
[2025-02-24T04:16:01.259+0000] {processor.py:183} INFO - Processing /home/airflow/.local/lib/python3.12/site-packages/airflow/example_dags/example_branch_operator.py took 0.384 seconds
[2025-02-24T04:16:31.427+0000] {processor.py:161} INFO - Started process (PID=2690) to work on /home/airflow/.local/lib/python3.12/site-packages/airflow/example_dags/example_branch_operator.py
[2025-02-24T04:16:31.428+0000] {processor.py:830} INFO - Processing file /home/airflow/.local/lib/python3.12/site-packages/airflow/example_dags/example_branch_operator.py for tasks to queue
[2025-02-24T04:16:31.430+0000] {logging_mixin.py:188} INFO - [2025-02-24T04:16:31.430+0000] {dagbag.py:540} INFO - Filling up the DagBag from /home/airflow/.local/lib/python3.12/site-packages/airflow/example_dags/example_branch_operator.py
[2025-02-24T04:16:31.450+0000] {processor.py:840} INFO - DAG(s) 'example_branch_operator' retrieved from /home/airflow/.local/lib/python3.12/site-packages/airflow/example_dags/example_branch_operator.py
[2025-02-24T04:16:31.485+0000] {logging_mixin.py:188} INFO - [2025-02-24T04:16:31.484+0000] {dag.py:3096} INFO - Sync 1 DAGs
[2025-02-24T04:16:31.523+0000] {logging_mixin.py:188} INFO - [2025-02-24T04:16:31.522+0000] {dag.py:3954} INFO - Setting next_dagrun for example_branch_operator to 2025-02-23 00:00:00+00:00, run_after=2025-02-24 00:00:00+00:00
[2025-02-24T04:16:31.553+0000] {processor.py:183} INFO - Processing /home/airflow/.local/lib/python3.12/site-packages/airflow/example_dags/example_branch_operator.py took 0.133 seconds
[2025-02-24T04:17:02.551+0000] {processor.py:161} INFO - Started process (PID=2749) to work on /home/airflow/.local/lib/python3.12/site-packages/airflow/example_dags/example_branch_operator.py
[2025-02-24T04:17:02.553+0000] {processor.py:830} INFO - Processing file /home/airflow/.local/lib/python3.12/site-packages/airflow/example_dags/example_branch_operator.py for tasks to queue
[2025-02-24T04:17:02.556+0000] {logging_mixin.py:188} INFO - [2025-02-24T04:17:02.556+0000] {dagbag.py:540} INFO - Filling up the DagBag from /home/airflow/.local/lib/python3.12/site-packages/airflow/example_dags/example_branch_operator.py
[2025-02-24T04:17:02.608+0000] {processor.py:840} INFO - DAG(s) 'example_branch_operator' retrieved from /home/airflow/.local/lib/python3.12/site-packages/airflow/example_dags/example_branch_operator.py
[2025-02-24T04:17:02.668+0000] {logging_mixin.py:188} INFO - [2025-02-24T04:17:02.668+0000] {dag.py:3096} INFO - Sync 1 DAGs
[2025-02-24T04:17:02.738+0000] {logging_mixin.py:188} INFO - [2025-02-24T04:17:02.738+0000] {dag.py:3954} INFO - Setting next_dagrun for example_branch_operator to 2025-02-23 00:00:00+00:00, run_after=2025-02-24 00:00:00+00:00
[2025-02-24T04:17:02.789+0000] {processor.py:183} INFO - Processing /home/airflow/.local/lib/python3.12/site-packages/airflow/example_dags/example_branch_operator.py took 0.245 seconds
[2025-02-24T04:17:33.743+0000] {processor.py:161} INFO - Started process (PID=2808) to work on /home/airflow/.local/lib/python3.12/site-packages/airflow/example_dags/example_branch_operator.py
[2025-02-24T04:17:33.744+0000] {processor.py:830} INFO - Processing file /home/airflow/.local/lib/python3.12/site-packages/airflow/example_dags/example_branch_operator.py for tasks to queue
[2025-02-24T04:17:33.746+0000] {logging_mixin.py:188} INFO - [2025-02-24T04:17:33.746+0000] {dagbag.py:540} INFO - Filling up the DagBag from /home/airflow/.local/lib/python3.12/site-packages/airflow/example_dags/example_branch_operator.py
[2025-02-24T04:17:33.770+0000] {processor.py:840} INFO - DAG(s) 'example_branch_operator' retrieved from /home/airflow/.local/lib/python3.12/site-packages/airflow/example_dags/example_branch_operator.py
[2025-02-24T04:17:33.802+0000] {logging_mixin.py:188} INFO - [2025-02-24T04:17:33.802+0000] {dag.py:3096} INFO - Sync 1 DAGs
[2025-02-24T04:17:33.829+0000] {logging_mixin.py:188} INFO - [2025-02-24T04:17:33.829+0000] {dag.py:3954} INFO - Setting next_dagrun for example_branch_operator to 2025-02-23 00:00:00+00:00, run_after=2025-02-24 00:00:00+00:00
[2025-02-24T04:17:33.852+0000] {processor.py:183} INFO - Processing /home/airflow/.local/lib/python3.12/site-packages/airflow/example_dags/example_branch_operator.py took 0.116 seconds
[2025-02-24T04:19:31.721+0000] {processor.py:161} INFO - Started process (PID=2885) to work on /home/airflow/.local/lib/python3.12/site-packages/airflow/example_dags/example_branch_operator.py
[2025-02-24T04:19:31.722+0000] {processor.py:830} INFO - Processing file /home/airflow/.local/lib/python3.12/site-packages/airflow/example_dags/example_branch_operator.py for tasks to queue
[2025-02-24T04:19:31.724+0000] {logging_mixin.py:188} INFO - [2025-02-24T04:19:31.723+0000] {dagbag.py:540} INFO - Filling up the DagBag from /home/airflow/.local/lib/python3.12/site-packages/airflow/example_dags/example_branch_operator.py
[2025-02-24T04:19:31.751+0000] {processor.py:840} INFO - DAG(s) 'example_branch_operator' retrieved from /home/airflow/.local/lib/python3.12/site-packages/airflow/example_dags/example_branch_operator.py
[2025-02-24T04:19:31.802+0000] {logging_mixin.py:188} INFO - [2025-02-24T04:19:31.801+0000] {dag.py:3096} INFO - Sync 1 DAGs
[2025-02-24T04:19:31.855+0000] {logging_mixin.py:188} INFO - [2025-02-24T04:19:31.854+0000] {dag.py:3954} INFO - Setting next_dagrun for example_branch_operator to 2025-02-23 00:00:00+00:00, run_after=2025-02-24 00:00:00+00:00
[2025-02-24T04:19:31.918+0000] {processor.py:183} INFO - Processing /home/airflow/.local/lib/python3.12/site-packages/airflow/example_dags/example_branch_operator.py took 0.209 seconds
[2025-02-24T04:20:05.638+0000] {processor.py:161} INFO - Started process (PID=2944) to work on /home/airflow/.local/lib/python3.12/site-packages/airflow/example_dags/example_branch_operator.py
[2025-02-24T04:20:05.640+0000] {processor.py:830} INFO - Processing file /home/airflow/.local/lib/python3.12/site-packages/airflow/example_dags/example_branch_operator.py for tasks to queue
[2025-02-24T04:20:05.642+0000] {logging_mixin.py:188} INFO - [2025-02-24T04:20:05.641+0000] {dagbag.py:540} INFO - Filling up the DagBag from /home/airflow/.local/lib/python3.12/site-packages/airflow/example_dags/example_branch_operator.py
[2025-02-24T04:20:05.681+0000] {processor.py:840} INFO - DAG(s) 'example_branch_operator' retrieved from /home/airflow/.local/lib/python3.12/site-packages/airflow/example_dags/example_branch_operator.py
[2025-02-24T04:20:05.762+0000] {logging_mixin.py:188} INFO - [2025-02-24T04:20:05.762+0000] {dag.py:3096} INFO - Sync 1 DAGs
[2025-02-24T04:20:05.826+0000] {logging_mixin.py:188} INFO - [2025-02-24T04:20:05.825+0000] {dag.py:3954} INFO - Setting next_dagrun for example_branch_operator to 2025-02-23 00:00:00+00:00, run_after=2025-02-24 00:00:00+00:00
[2025-02-24T04:20:05.878+0000] {processor.py:183} INFO - Processing /home/airflow/.local/lib/python3.12/site-packages/airflow/example_dags/example_branch_operator.py took 0.253 seconds
[2025-02-24T04:21:30.801+0000] {processor.py:161} INFO - Started process (PID=2981) to work on /home/airflow/.local/lib/python3.12/site-packages/airflow/example_dags/example_branch_operator.py
[2025-02-24T04:21:30.803+0000] {processor.py:830} INFO - Processing file /home/airflow/.local/lib/python3.12/site-packages/airflow/example_dags/example_branch_operator.py for tasks to queue
[2025-02-24T04:21:30.810+0000] {logging_mixin.py:188} INFO - [2025-02-24T04:21:30.809+0000] {dagbag.py:540} INFO - Filling up the DagBag from /home/airflow/.local/lib/python3.12/site-packages/airflow/example_dags/example_branch_operator.py
[2025-02-24T04:21:30.894+0000] {processor.py:840} INFO - DAG(s) 'example_branch_operator' retrieved from /home/airflow/.local/lib/python3.12/site-packages/airflow/example_dags/example_branch_operator.py
[2025-02-24T04:21:31.011+0000] {logging_mixin.py:188} INFO - [2025-02-24T04:21:31.011+0000] {dag.py:3096} INFO - Sync 1 DAGs
[2025-02-24T04:21:31.127+0000] {logging_mixin.py:188} INFO - [2025-02-24T04:21:31.118+0000] {dag.py:3954} INFO - Setting next_dagrun for example_branch_operator to 2025-02-23 00:00:00+00:00, run_after=2025-02-24 00:00:00+00:00
[2025-02-24T04:21:31.229+0000] {processor.py:183} INFO - Processing /home/airflow/.local/lib/python3.12/site-packages/airflow/example_dags/example_branch_operator.py took 0.453 seconds
[2025-02-24T04:23:13.120+0000] {processor.py:161} INFO - Started process (PID=3042) to work on /home/airflow/.local/lib/python3.12/site-packages/airflow/example_dags/example_branch_operator.py
[2025-02-24T04:23:13.122+0000] {processor.py:830} INFO - Processing file /home/airflow/.local/lib/python3.12/site-packages/airflow/example_dags/example_branch_operator.py for tasks to queue
[2025-02-24T04:23:13.135+0000] {logging_mixin.py:188} INFO - [2025-02-24T04:23:13.134+0000] {dagbag.py:540} INFO - Filling up the DagBag from /home/airflow/.local/lib/python3.12/site-packages/airflow/example_dags/example_branch_operator.py
[2025-02-24T04:23:13.184+0000] {processor.py:840} INFO - DAG(s) 'example_branch_operator' retrieved from /home/airflow/.local/lib/python3.12/site-packages/airflow/example_dags/example_branch_operator.py
[2025-02-24T04:23:13.337+0000] {logging_mixin.py:188} INFO - [2025-02-24T04:23:13.336+0000] {dag.py:3096} INFO - Sync 1 DAGs
[2025-02-24T04:23:13.417+0000] {logging_mixin.py:188} INFO - [2025-02-24T04:23:13.416+0000] {dag.py:3954} INFO - Setting next_dagrun for example_branch_operator to 2025-02-23 00:00:00+00:00, run_after=2025-02-24 00:00:00+00:00
[2025-02-24T04:23:13.547+0000] {processor.py:183} INFO - Processing /home/airflow/.local/lib/python3.12/site-packages/airflow/example_dags/example_branch_operator.py took 0.450 seconds
[2025-02-24T04:24:12.281+0000] {processor.py:161} INFO - Started process (PID=3100) to work on /home/airflow/.local/lib/python3.12/site-packages/airflow/example_dags/example_branch_operator.py
[2025-02-24T04:24:12.282+0000] {processor.py:830} INFO - Processing file /home/airflow/.local/lib/python3.12/site-packages/airflow/example_dags/example_branch_operator.py for tasks to queue
[2025-02-24T04:24:12.284+0000] {logging_mixin.py:188} INFO - [2025-02-24T04:24:12.283+0000] {dagbag.py:540} INFO - Filling up the DagBag from /home/airflow/.local/lib/python3.12/site-packages/airflow/example_dags/example_branch_operator.py
[2025-02-24T04:24:12.313+0000] {processor.py:840} INFO - DAG(s) 'example_branch_operator' retrieved from /home/airflow/.local/lib/python3.12/site-packages/airflow/example_dags/example_branch_operator.py
[2025-02-24T04:24:12.380+0000] {logging_mixin.py:188} INFO - [2025-02-24T04:24:12.380+0000] {dag.py:3096} INFO - Sync 1 DAGs
[2025-02-24T04:24:12.430+0000] {logging_mixin.py:188} INFO - [2025-02-24T04:24:12.429+0000] {dag.py:3954} INFO - Setting next_dagrun for example_branch_operator to 2025-02-23 00:00:00+00:00, run_after=2025-02-24 00:00:00+00:00
[2025-02-24T04:24:12.464+0000] {processor.py:183} INFO - Processing /home/airflow/.local/lib/python3.12/site-packages/airflow/example_dags/example_branch_operator.py took 0.191 seconds
[2025-02-24T04:24:43.141+0000] {processor.py:161} INFO - Started process (PID=3160) to work on /home/airflow/.local/lib/python3.12/site-packages/airflow/example_dags/example_branch_operator.py
[2025-02-24T04:24:43.142+0000] {processor.py:830} INFO - Processing file /home/airflow/.local/lib/python3.12/site-packages/airflow/example_dags/example_branch_operator.py for tasks to queue
[2025-02-24T04:24:43.143+0000] {logging_mixin.py:188} INFO - [2025-02-24T04:24:43.143+0000] {dagbag.py:540} INFO - Filling up the DagBag from /home/airflow/.local/lib/python3.12/site-packages/airflow/example_dags/example_branch_operator.py
[2025-02-24T04:24:43.171+0000] {processor.py:840} INFO - DAG(s) 'example_branch_operator' retrieved from /home/airflow/.local/lib/python3.12/site-packages/airflow/example_dags/example_branch_operator.py
[2025-02-24T04:24:43.213+0000] {logging_mixin.py:188} INFO - [2025-02-24T04:24:43.213+0000] {dag.py:3096} INFO - Sync 1 DAGs
[2025-02-24T04:24:43.245+0000] {logging_mixin.py:188} INFO - [2025-02-24T04:24:43.245+0000] {dag.py:3954} INFO - Setting next_dagrun for example_branch_operator to 2025-02-23 00:00:00+00:00, run_after=2025-02-24 00:00:00+00:00
[2025-02-24T04:24:43.274+0000] {processor.py:183} INFO - Processing /home/airflow/.local/lib/python3.12/site-packages/airflow/example_dags/example_branch_operator.py took 0.142 seconds
[2025-02-24T04:25:27.159+0000] {processor.py:161} INFO - Started process (PID=3195) to work on /home/airflow/.local/lib/python3.12/site-packages/airflow/example_dags/example_branch_operator.py
[2025-02-24T04:25:27.163+0000] {processor.py:830} INFO - Processing file /home/airflow/.local/lib/python3.12/site-packages/airflow/example_dags/example_branch_operator.py for tasks to queue
[2025-02-24T04:25:27.168+0000] {logging_mixin.py:188} INFO - [2025-02-24T04:25:27.167+0000] {dagbag.py:540} INFO - Filling up the DagBag from /home/airflow/.local/lib/python3.12/site-packages/airflow/example_dags/example_branch_operator.py
[2025-02-24T04:25:27.268+0000] {processor.py:840} INFO - DAG(s) 'example_branch_operator' retrieved from /home/airflow/.local/lib/python3.12/site-packages/airflow/example_dags/example_branch_operator.py
[2025-02-24T04:25:27.412+0000] {logging_mixin.py:188} INFO - [2025-02-24T04:25:27.411+0000] {dag.py:3096} INFO - Sync 1 DAGs
[2025-02-24T04:25:27.528+0000] {logging_mixin.py:188} INFO - [2025-02-24T04:25:27.527+0000] {dag.py:3954} INFO - Setting next_dagrun for example_branch_operator to 2025-02-23 00:00:00+00:00, run_after=2025-02-24 00:00:00+00:00
[2025-02-24T04:25:27.668+0000] {processor.py:183} INFO - Processing /home/airflow/.local/lib/python3.12/site-packages/airflow/example_dags/example_branch_operator.py took 0.533 seconds
[2025-02-24T04:27:32.739+0000] {processor.py:161} INFO - Started process (PID=3264) to work on /home/airflow/.local/lib/python3.12/site-packages/airflow/example_dags/example_branch_operator.py
[2025-02-24T04:27:32.741+0000] {processor.py:830} INFO - Processing file /home/airflow/.local/lib/python3.12/site-packages/airflow/example_dags/example_branch_operator.py for tasks to queue
[2025-02-24T04:27:32.744+0000] {logging_mixin.py:188} INFO - [2025-02-24T04:27:32.743+0000] {dagbag.py:540} INFO - Filling up the DagBag from /home/airflow/.local/lib/python3.12/site-packages/airflow/example_dags/example_branch_operator.py
[2025-02-24T04:27:32.775+0000] {processor.py:840} INFO - DAG(s) 'example_branch_operator' retrieved from /home/airflow/.local/lib/python3.12/site-packages/airflow/example_dags/example_branch_operator.py
[2025-02-24T04:27:32.846+0000] {logging_mixin.py:188} INFO - [2025-02-24T04:27:32.845+0000] {dag.py:3096} INFO - Sync 1 DAGs
[2025-02-24T04:27:32.899+0000] {logging_mixin.py:188} INFO - [2025-02-24T04:27:32.899+0000] {dag.py:3954} INFO - Setting next_dagrun for example_branch_operator to 2025-02-23 00:00:00+00:00, run_after=2025-02-24 00:00:00+00:00
[2025-02-24T04:27:32.942+0000] {processor.py:183} INFO - Processing /home/airflow/.local/lib/python3.12/site-packages/airflow/example_dags/example_branch_operator.py took 0.214 seconds
[2025-02-24T04:29:01.394+0000] {processor.py:161} INFO - Started process (PID=3342) to work on /home/airflow/.local/lib/python3.12/site-packages/airflow/example_dags/example_branch_operator.py
[2025-02-24T04:29:01.396+0000] {processor.py:830} INFO - Processing file /home/airflow/.local/lib/python3.12/site-packages/airflow/example_dags/example_branch_operator.py for tasks to queue
[2025-02-24T04:29:01.398+0000] {logging_mixin.py:188} INFO - [2025-02-24T04:29:01.398+0000] {dagbag.py:540} INFO - Filling up the DagBag from /home/airflow/.local/lib/python3.12/site-packages/airflow/example_dags/example_branch_operator.py
[2025-02-24T04:29:01.435+0000] {processor.py:840} INFO - DAG(s) 'example_branch_operator' retrieved from /home/airflow/.local/lib/python3.12/site-packages/airflow/example_dags/example_branch_operator.py
[2025-02-24T04:29:01.507+0000] {logging_mixin.py:188} INFO - [2025-02-24T04:29:01.506+0000] {dag.py:3096} INFO - Sync 1 DAGs
[2025-02-24T04:29:01.578+0000] {logging_mixin.py:188} INFO - [2025-02-24T04:29:01.577+0000] {dag.py:3954} INFO - Setting next_dagrun for example_branch_operator to 2025-02-23 00:00:00+00:00, run_after=2025-02-24 00:00:00+00:00
[2025-02-24T04:29:01.632+0000] {processor.py:183} INFO - Processing /home/airflow/.local/lib/python3.12/site-packages/airflow/example_dags/example_branch_operator.py took 0.251 seconds
