[2025-02-24T03:54:14.079+0000] {processor.py:161} INFO - Started process (PID=82) to work on /home/airflow/.local/lib/python3.12/site-packages/airflow/example_dags/example_latest_only_with_trigger.py
[2025-02-24T03:54:14.081+0000] {processor.py:830} INFO - Processing file /home/airflow/.local/lib/python3.12/site-packages/airflow/example_dags/example_latest_only_with_trigger.py for tasks to queue
[2025-02-24T03:54:14.086+0000] {logging_mixin.py:188} INFO - [2025-02-24T03:54:14.085+0000] {dagbag.py:540} INFO - Filling up the DagBag from /home/airflow/.local/lib/python3.12/site-packages/airflow/example_dags/example_latest_only_with_trigger.py
[2025-02-24T03:54:14.124+0000] {processor.py:840} INFO - DAG(s) 'latest_only_with_trigger' retrieved from /home/airflow/.local/lib/python3.12/site-packages/airflow/example_dags/example_latest_only_with_trigger.py
[2025-02-24T03:54:15.050+0000] {logging_mixin.py:188} INFO - [2025-02-24T03:54:15.048+0000] {override.py:1829} INFO - Created Permission View: can read on DAG:latest_only_with_trigger
[2025-02-24T03:54:15.088+0000] {logging_mixin.py:188} INFO - [2025-02-24T03:54:15.087+0000] {override.py:1829} INFO - Created Permission View: can delete on DAG:latest_only_with_trigger
[2025-02-24T03:54:15.098+0000] {logging_mixin.py:188} INFO - [2025-02-24T03:54:15.098+0000] {override.py:1829} INFO - Created Permission View: can edit on DAG:latest_only_with_trigger
[2025-02-24T03:54:15.100+0000] {logging_mixin.py:188} INFO - [2025-02-24T03:54:15.099+0000] {dag.py:3096} INFO - Sync 1 DAGs
[2025-02-24T03:54:15.141+0000] {logging_mixin.py:188} INFO - [2025-02-24T03:54:15.140+0000] {dag.py:3118} INFO - Creating ORM DAG for latest_only_with_trigger
[2025-02-24T03:54:15.162+0000] {logging_mixin.py:188} INFO - [2025-02-24T03:54:15.162+0000] {dag.py:3954} INFO - Setting next_dagrun for latest_only_with_trigger to 2025-02-23 20:00:00+00:00, run_after=2025-02-24 00:00:00+00:00
[2025-02-24T03:54:15.603+0000] {processor.py:183} INFO - Processing /home/airflow/.local/lib/python3.12/site-packages/airflow/example_dags/example_latest_only_with_trigger.py took 1.532 seconds
[2025-02-24T03:54:53.214+0000] {processor.py:161} INFO - Started process (PID=140) to work on /home/airflow/.local/lib/python3.12/site-packages/airflow/example_dags/example_latest_only_with_trigger.py
[2025-02-24T03:54:53.216+0000] {processor.py:830} INFO - Processing file /home/airflow/.local/lib/python3.12/site-packages/airflow/example_dags/example_latest_only_with_trigger.py for tasks to queue
[2025-02-24T03:54:53.228+0000] {logging_mixin.py:188} INFO - [2025-02-24T03:54:53.223+0000] {dagbag.py:540} INFO - Filling up the DagBag from /home/airflow/.local/lib/python3.12/site-packages/airflow/example_dags/example_latest_only_with_trigger.py
[2025-02-24T03:54:53.246+0000] {processor.py:840} INFO - DAG(s) 'latest_only_with_trigger' retrieved from /home/airflow/.local/lib/python3.12/site-packages/airflow/example_dags/example_latest_only_with_trigger.py
[2025-02-24T03:54:53.621+0000] {logging_mixin.py:188} INFO - [2025-02-24T03:54:53.620+0000] {dag.py:3096} INFO - Sync 1 DAGs
[2025-02-24T03:54:53.751+0000] {logging_mixin.py:188} INFO - [2025-02-24T03:54:53.750+0000] {dag.py:3954} INFO - Setting next_dagrun for latest_only_with_trigger to 2025-02-23 20:00:00+00:00, run_after=2025-02-24 00:00:00+00:00
[2025-02-24T03:54:53.794+0000] {processor.py:183} INFO - Processing /home/airflow/.local/lib/python3.12/site-packages/airflow/example_dags/example_latest_only_with_trigger.py took 0.605 seconds
[2025-02-24T03:55:24.284+0000] {processor.py:161} INFO - Started process (PID=190) to work on /home/airflow/.local/lib/python3.12/site-packages/airflow/example_dags/example_latest_only_with_trigger.py
[2025-02-24T03:55:24.285+0000] {processor.py:830} INFO - Processing file /home/airflow/.local/lib/python3.12/site-packages/airflow/example_dags/example_latest_only_with_trigger.py for tasks to queue
[2025-02-24T03:55:24.287+0000] {logging_mixin.py:188} INFO - [2025-02-24T03:55:24.287+0000] {dagbag.py:540} INFO - Filling up the DagBag from /home/airflow/.local/lib/python3.12/site-packages/airflow/example_dags/example_latest_only_with_trigger.py
[2025-02-24T03:55:24.295+0000] {processor.py:840} INFO - DAG(s) 'latest_only_with_trigger' retrieved from /home/airflow/.local/lib/python3.12/site-packages/airflow/example_dags/example_latest_only_with_trigger.py
[2025-02-24T03:55:24.322+0000] {logging_mixin.py:188} INFO - [2025-02-24T03:55:24.321+0000] {dag.py:3096} INFO - Sync 1 DAGs
[2025-02-24T03:55:24.349+0000] {logging_mixin.py:188} INFO - [2025-02-24T03:55:24.349+0000] {dag.py:3954} INFO - Setting next_dagrun for latest_only_with_trigger to 2025-02-23 20:00:00+00:00, run_after=2025-02-24 00:00:00+00:00
[2025-02-24T03:55:24.372+0000] {processor.py:183} INFO - Processing /home/airflow/.local/lib/python3.12/site-packages/airflow/example_dags/example_latest_only_with_trigger.py took 0.095 seconds
[2025-02-24T03:55:57.694+0000] {processor.py:161} INFO - Started process (PID=251) to work on /home/airflow/.local/lib/python3.12/site-packages/airflow/example_dags/example_latest_only_with_trigger.py
[2025-02-24T03:55:57.696+0000] {processor.py:830} INFO - Processing file /home/airflow/.local/lib/python3.12/site-packages/airflow/example_dags/example_latest_only_with_trigger.py for tasks to queue
[2025-02-24T03:55:57.700+0000] {logging_mixin.py:188} INFO - [2025-02-24T03:55:57.699+0000] {dagbag.py:540} INFO - Filling up the DagBag from /home/airflow/.local/lib/python3.12/site-packages/airflow/example_dags/example_latest_only_with_trigger.py
[2025-02-24T03:55:57.712+0000] {processor.py:840} INFO - DAG(s) 'latest_only_with_trigger' retrieved from /home/airflow/.local/lib/python3.12/site-packages/airflow/example_dags/example_latest_only_with_trigger.py
[2025-02-24T03:55:57.752+0000] {logging_mixin.py:188} INFO - [2025-02-24T03:55:57.752+0000] {dag.py:3096} INFO - Sync 1 DAGs
[2025-02-24T03:55:57.795+0000] {logging_mixin.py:188} INFO - [2025-02-24T03:55:57.795+0000] {dag.py:3954} INFO - Setting next_dagrun for latest_only_with_trigger to 2025-02-23 20:00:00+00:00, run_after=2025-02-24 00:00:00+00:00
[2025-02-24T03:55:57.833+0000] {processor.py:183} INFO - Processing /home/airflow/.local/lib/python3.12/site-packages/airflow/example_dags/example_latest_only_with_trigger.py took 0.150 seconds
[2025-02-24T03:56:27.959+0000] {processor.py:161} INFO - Started process (PID=311) to work on /home/airflow/.local/lib/python3.12/site-packages/airflow/example_dags/example_latest_only_with_trigger.py
[2025-02-24T03:56:27.960+0000] {processor.py:830} INFO - Processing file /home/airflow/.local/lib/python3.12/site-packages/airflow/example_dags/example_latest_only_with_trigger.py for tasks to queue
[2025-02-24T03:56:27.963+0000] {logging_mixin.py:188} INFO - [2025-02-24T03:56:27.963+0000] {dagbag.py:540} INFO - Filling up the DagBag from /home/airflow/.local/lib/python3.12/site-packages/airflow/example_dags/example_latest_only_with_trigger.py
[2025-02-24T03:56:27.973+0000] {processor.py:840} INFO - DAG(s) 'latest_only_with_trigger' retrieved from /home/airflow/.local/lib/python3.12/site-packages/airflow/example_dags/example_latest_only_with_trigger.py
[2025-02-24T03:56:27.993+0000] {logging_mixin.py:188} INFO - [2025-02-24T03:56:27.992+0000] {dag.py:3096} INFO - Sync 1 DAGs
[2025-02-24T03:56:28.039+0000] {logging_mixin.py:188} INFO - [2025-02-24T03:56:28.038+0000] {dag.py:3954} INFO - Setting next_dagrun for latest_only_with_trigger to 2025-02-23 20:00:00+00:00, run_after=2025-02-24 00:00:00+00:00
[2025-02-24T03:56:28.077+0000] {processor.py:183} INFO - Processing /home/airflow/.local/lib/python3.12/site-packages/airflow/example_dags/example_latest_only_with_trigger.py took 0.127 seconds
[2025-02-24T03:56:58.533+0000] {processor.py:161} INFO - Started process (PID=364) to work on /home/airflow/.local/lib/python3.12/site-packages/airflow/example_dags/example_latest_only_with_trigger.py
[2025-02-24T03:56:58.535+0000] {processor.py:830} INFO - Processing file /home/airflow/.local/lib/python3.12/site-packages/airflow/example_dags/example_latest_only_with_trigger.py for tasks to queue
[2025-02-24T03:56:58.537+0000] {logging_mixin.py:188} INFO - [2025-02-24T03:56:58.537+0000] {dagbag.py:540} INFO - Filling up the DagBag from /home/airflow/.local/lib/python3.12/site-packages/airflow/example_dags/example_latest_only_with_trigger.py
[2025-02-24T03:56:58.544+0000] {processor.py:840} INFO - DAG(s) 'latest_only_with_trigger' retrieved from /home/airflow/.local/lib/python3.12/site-packages/airflow/example_dags/example_latest_only_with_trigger.py
[2025-02-24T03:56:58.665+0000] {logging_mixin.py:188} INFO - [2025-02-24T03:56:58.665+0000] {dag.py:3096} INFO - Sync 1 DAGs
[2025-02-24T03:56:58.688+0000] {logging_mixin.py:188} INFO - [2025-02-24T03:56:58.688+0000] {dag.py:3954} INFO - Setting next_dagrun for latest_only_with_trigger to 2025-02-23 20:00:00+00:00, run_after=2025-02-24 00:00:00+00:00
[2025-02-24T03:56:58.710+0000] {processor.py:183} INFO - Processing /home/airflow/.local/lib/python3.12/site-packages/airflow/example_dags/example_latest_only_with_trigger.py took 0.183 seconds
[2025-02-24T03:57:28.766+0000] {processor.py:161} INFO - Started process (PID=421) to work on /home/airflow/.local/lib/python3.12/site-packages/airflow/example_dags/example_latest_only_with_trigger.py
[2025-02-24T03:57:28.767+0000] {processor.py:830} INFO - Processing file /home/airflow/.local/lib/python3.12/site-packages/airflow/example_dags/example_latest_only_with_trigger.py for tasks to queue
[2025-02-24T03:57:28.769+0000] {logging_mixin.py:188} INFO - [2025-02-24T03:57:28.769+0000] {dagbag.py:540} INFO - Filling up the DagBag from /home/airflow/.local/lib/python3.12/site-packages/airflow/example_dags/example_latest_only_with_trigger.py
[2025-02-24T03:57:28.779+0000] {processor.py:840} INFO - DAG(s) 'latest_only_with_trigger' retrieved from /home/airflow/.local/lib/python3.12/site-packages/airflow/example_dags/example_latest_only_with_trigger.py
[2025-02-24T03:57:28.818+0000] {logging_mixin.py:188} INFO - [2025-02-24T03:57:28.818+0000] {dag.py:3096} INFO - Sync 1 DAGs
[2025-02-24T03:57:28.858+0000] {logging_mixin.py:188} INFO - [2025-02-24T03:57:28.857+0000] {dag.py:3954} INFO - Setting next_dagrun for latest_only_with_trigger to 2025-02-23 20:00:00+00:00, run_after=2025-02-24 00:00:00+00:00
[2025-02-24T03:57:28.933+0000] {processor.py:183} INFO - Processing /home/airflow/.local/lib/python3.12/site-packages/airflow/example_dags/example_latest_only_with_trigger.py took 0.177 seconds
[2025-02-24T03:57:59.387+0000] {processor.py:161} INFO - Started process (PID=479) to work on /home/airflow/.local/lib/python3.12/site-packages/airflow/example_dags/example_latest_only_with_trigger.py
[2025-02-24T03:57:59.388+0000] {processor.py:830} INFO - Processing file /home/airflow/.local/lib/python3.12/site-packages/airflow/example_dags/example_latest_only_with_trigger.py for tasks to queue
[2025-02-24T03:57:59.391+0000] {logging_mixin.py:188} INFO - [2025-02-24T03:57:59.390+0000] {dagbag.py:540} INFO - Filling up the DagBag from /home/airflow/.local/lib/python3.12/site-packages/airflow/example_dags/example_latest_only_with_trigger.py
[2025-02-24T03:57:59.397+0000] {processor.py:840} INFO - DAG(s) 'latest_only_with_trigger' retrieved from /home/airflow/.local/lib/python3.12/site-packages/airflow/example_dags/example_latest_only_with_trigger.py
[2025-02-24T03:57:59.425+0000] {logging_mixin.py:188} INFO - [2025-02-24T03:57:59.425+0000] {dag.py:3096} INFO - Sync 1 DAGs
[2025-02-24T03:57:59.455+0000] {logging_mixin.py:188} INFO - [2025-02-24T03:57:59.455+0000] {dag.py:3954} INFO - Setting next_dagrun for latest_only_with_trigger to 2025-02-23 20:00:00+00:00, run_after=2025-02-24 00:00:00+00:00
[2025-02-24T03:57:59.482+0000] {processor.py:183} INFO - Processing /home/airflow/.local/lib/python3.12/site-packages/airflow/example_dags/example_latest_only_with_trigger.py took 0.103 seconds
[2025-02-24T03:58:40.120+0000] {processor.py:161} INFO - Started process (PID=534) to work on /home/airflow/.local/lib/python3.12/site-packages/airflow/example_dags/example_latest_only_with_trigger.py
[2025-02-24T03:58:40.122+0000] {processor.py:830} INFO - Processing file /home/airflow/.local/lib/python3.12/site-packages/airflow/example_dags/example_latest_only_with_trigger.py for tasks to queue
[2025-02-24T03:58:40.126+0000] {logging_mixin.py:188} INFO - [2025-02-24T03:58:40.126+0000] {dagbag.py:540} INFO - Filling up the DagBag from /home/airflow/.local/lib/python3.12/site-packages/airflow/example_dags/example_latest_only_with_trigger.py
[2025-02-24T03:58:40.134+0000] {processor.py:840} INFO - DAG(s) 'latest_only_with_trigger' retrieved from /home/airflow/.local/lib/python3.12/site-packages/airflow/example_dags/example_latest_only_with_trigger.py
[2025-02-24T03:58:40.164+0000] {logging_mixin.py:188} INFO - [2025-02-24T03:58:40.164+0000] {dag.py:3096} INFO - Sync 1 DAGs
[2025-02-24T03:58:40.199+0000] {logging_mixin.py:188} INFO - [2025-02-24T03:58:40.199+0000] {dag.py:3954} INFO - Setting next_dagrun for latest_only_with_trigger to 2025-02-23 20:00:00+00:00, run_after=2025-02-24 00:00:00+00:00
[2025-02-24T03:58:40.229+0000] {processor.py:183} INFO - Processing /home/airflow/.local/lib/python3.12/site-packages/airflow/example_dags/example_latest_only_with_trigger.py took 0.122 seconds
[2025-02-24T03:59:10.951+0000] {processor.py:161} INFO - Started process (PID=592) to work on /home/airflow/.local/lib/python3.12/site-packages/airflow/example_dags/example_latest_only_with_trigger.py
[2025-02-24T03:59:10.953+0000] {processor.py:830} INFO - Processing file /home/airflow/.local/lib/python3.12/site-packages/airflow/example_dags/example_latest_only_with_trigger.py for tasks to queue
[2025-02-24T03:59:10.955+0000] {logging_mixin.py:188} INFO - [2025-02-24T03:59:10.955+0000] {dagbag.py:540} INFO - Filling up the DagBag from /home/airflow/.local/lib/python3.12/site-packages/airflow/example_dags/example_latest_only_with_trigger.py
[2025-02-24T03:59:10.964+0000] {processor.py:840} INFO - DAG(s) 'latest_only_with_trigger' retrieved from /home/airflow/.local/lib/python3.12/site-packages/airflow/example_dags/example_latest_only_with_trigger.py
[2025-02-24T03:59:10.995+0000] {logging_mixin.py:188} INFO - [2025-02-24T03:59:10.995+0000] {dag.py:3096} INFO - Sync 1 DAGs
[2025-02-24T03:59:11.024+0000] {logging_mixin.py:188} INFO - [2025-02-24T03:59:11.024+0000] {dag.py:3954} INFO - Setting next_dagrun for latest_only_with_trigger to 2025-02-23 20:00:00+00:00, run_after=2025-02-24 00:00:00+00:00
[2025-02-24T03:59:11.050+0000] {processor.py:183} INFO - Processing /home/airflow/.local/lib/python3.12/site-packages/airflow/example_dags/example_latest_only_with_trigger.py took 0.106 seconds
[2025-02-24T03:59:41.204+0000] {processor.py:161} INFO - Started process (PID=652) to work on /home/airflow/.local/lib/python3.12/site-packages/airflow/example_dags/example_latest_only_with_trigger.py
[2025-02-24T03:59:41.206+0000] {processor.py:830} INFO - Processing file /home/airflow/.local/lib/python3.12/site-packages/airflow/example_dags/example_latest_only_with_trigger.py for tasks to queue
[2025-02-24T03:59:41.209+0000] {logging_mixin.py:188} INFO - [2025-02-24T03:59:41.209+0000] {dagbag.py:540} INFO - Filling up the DagBag from /home/airflow/.local/lib/python3.12/site-packages/airflow/example_dags/example_latest_only_with_trigger.py
[2025-02-24T03:59:41.217+0000] {processor.py:840} INFO - DAG(s) 'latest_only_with_trigger' retrieved from /home/airflow/.local/lib/python3.12/site-packages/airflow/example_dags/example_latest_only_with_trigger.py
[2025-02-24T03:59:41.246+0000] {logging_mixin.py:188} INFO - [2025-02-24T03:59:41.246+0000] {dag.py:3096} INFO - Sync 1 DAGs
[2025-02-24T03:59:41.274+0000] {logging_mixin.py:188} INFO - [2025-02-24T03:59:41.274+0000] {dag.py:3954} INFO - Setting next_dagrun for latest_only_with_trigger to 2025-02-23 20:00:00+00:00, run_after=2025-02-24 00:00:00+00:00
[2025-02-24T03:59:41.301+0000] {processor.py:183} INFO - Processing /home/airflow/.local/lib/python3.12/site-packages/airflow/example_dags/example_latest_only_with_trigger.py took 0.104 seconds
[2025-02-24T04:00:11.710+0000] {processor.py:161} INFO - Started process (PID=712) to work on /home/airflow/.local/lib/python3.12/site-packages/airflow/example_dags/example_latest_only_with_trigger.py
[2025-02-24T04:00:11.711+0000] {processor.py:830} INFO - Processing file /home/airflow/.local/lib/python3.12/site-packages/airflow/example_dags/example_latest_only_with_trigger.py for tasks to queue
[2025-02-24T04:00:11.715+0000] {logging_mixin.py:188} INFO - [2025-02-24T04:00:11.714+0000] {dagbag.py:540} INFO - Filling up the DagBag from /home/airflow/.local/lib/python3.12/site-packages/airflow/example_dags/example_latest_only_with_trigger.py
[2025-02-24T04:00:11.725+0000] {processor.py:840} INFO - DAG(s) 'latest_only_with_trigger' retrieved from /home/airflow/.local/lib/python3.12/site-packages/airflow/example_dags/example_latest_only_with_trigger.py
[2025-02-24T04:00:11.767+0000] {logging_mixin.py:188} INFO - [2025-02-24T04:00:11.767+0000] {dag.py:3096} INFO - Sync 1 DAGs
[2025-02-24T04:00:11.802+0000] {logging_mixin.py:188} INFO - [2025-02-24T04:00:11.802+0000] {dag.py:3954} INFO - Setting next_dagrun for latest_only_with_trigger to 2025-02-24 00:00:00+00:00, run_after=2025-02-24 04:00:00+00:00
[2025-02-24T04:00:11.826+0000] {processor.py:183} INFO - Processing /home/airflow/.local/lib/python3.12/site-packages/airflow/example_dags/example_latest_only_with_trigger.py took 0.123 seconds
[2025-02-24T04:00:41.880+0000] {processor.py:161} INFO - Started process (PID=772) to work on /home/airflow/.local/lib/python3.12/site-packages/airflow/example_dags/example_latest_only_with_trigger.py
[2025-02-24T04:00:41.881+0000] {processor.py:830} INFO - Processing file /home/airflow/.local/lib/python3.12/site-packages/airflow/example_dags/example_latest_only_with_trigger.py for tasks to queue
[2025-02-24T04:00:41.884+0000] {logging_mixin.py:188} INFO - [2025-02-24T04:00:41.883+0000] {dagbag.py:540} INFO - Filling up the DagBag from /home/airflow/.local/lib/python3.12/site-packages/airflow/example_dags/example_latest_only_with_trigger.py
[2025-02-24T04:00:41.891+0000] {processor.py:840} INFO - DAG(s) 'latest_only_with_trigger' retrieved from /home/airflow/.local/lib/python3.12/site-packages/airflow/example_dags/example_latest_only_with_trigger.py
[2025-02-24T04:00:41.924+0000] {logging_mixin.py:188} INFO - [2025-02-24T04:00:41.924+0000] {dag.py:3096} INFO - Sync 1 DAGs
[2025-02-24T04:00:41.953+0000] {logging_mixin.py:188} INFO - [2025-02-24T04:00:41.953+0000] {dag.py:3954} INFO - Setting next_dagrun for latest_only_with_trigger to 2025-02-24 00:00:00+00:00, run_after=2025-02-24 04:00:00+00:00
[2025-02-24T04:00:41.975+0000] {processor.py:183} INFO - Processing /home/airflow/.local/lib/python3.12/site-packages/airflow/example_dags/example_latest_only_with_trigger.py took 0.102 seconds
[2025-02-24T04:01:12.199+0000] {processor.py:161} INFO - Started process (PID=832) to work on /home/airflow/.local/lib/python3.12/site-packages/airflow/example_dags/example_latest_only_with_trigger.py
[2025-02-24T04:01:12.200+0000] {processor.py:830} INFO - Processing file /home/airflow/.local/lib/python3.12/site-packages/airflow/example_dags/example_latest_only_with_trigger.py for tasks to queue
[2025-02-24T04:01:12.203+0000] {logging_mixin.py:188} INFO - [2025-02-24T04:01:12.202+0000] {dagbag.py:540} INFO - Filling up the DagBag from /home/airflow/.local/lib/python3.12/site-packages/airflow/example_dags/example_latest_only_with_trigger.py
[2025-02-24T04:01:12.211+0000] {processor.py:840} INFO - DAG(s) 'latest_only_with_trigger' retrieved from /home/airflow/.local/lib/python3.12/site-packages/airflow/example_dags/example_latest_only_with_trigger.py
[2025-02-24T04:01:12.239+0000] {logging_mixin.py:188} INFO - [2025-02-24T04:01:12.239+0000] {dag.py:3096} INFO - Sync 1 DAGs
[2025-02-24T04:01:12.272+0000] {logging_mixin.py:188} INFO - [2025-02-24T04:01:12.272+0000] {dag.py:3954} INFO - Setting next_dagrun for latest_only_with_trigger to 2025-02-24 00:00:00+00:00, run_after=2025-02-24 04:00:00+00:00
[2025-02-24T04:01:12.298+0000] {processor.py:183} INFO - Processing /home/airflow/.local/lib/python3.12/site-packages/airflow/example_dags/example_latest_only_with_trigger.py took 0.106 seconds
[2025-02-24T04:01:42.817+0000] {processor.py:161} INFO - Started process (PID=892) to work on /home/airflow/.local/lib/python3.12/site-packages/airflow/example_dags/example_latest_only_with_trigger.py
[2025-02-24T04:01:42.818+0000] {processor.py:830} INFO - Processing file /home/airflow/.local/lib/python3.12/site-packages/airflow/example_dags/example_latest_only_with_trigger.py for tasks to queue
[2025-02-24T04:01:42.821+0000] {logging_mixin.py:188} INFO - [2025-02-24T04:01:42.820+0000] {dagbag.py:540} INFO - Filling up the DagBag from /home/airflow/.local/lib/python3.12/site-packages/airflow/example_dags/example_latest_only_with_trigger.py
[2025-02-24T04:01:42.828+0000] {processor.py:840} INFO - DAG(s) 'latest_only_with_trigger' retrieved from /home/airflow/.local/lib/python3.12/site-packages/airflow/example_dags/example_latest_only_with_trigger.py
[2025-02-24T04:01:42.858+0000] {logging_mixin.py:188} INFO - [2025-02-24T04:01:42.858+0000] {dag.py:3096} INFO - Sync 1 DAGs
[2025-02-24T04:01:42.891+0000] {logging_mixin.py:188} INFO - [2025-02-24T04:01:42.891+0000] {dag.py:3954} INFO - Setting next_dagrun for latest_only_with_trigger to 2025-02-24 00:00:00+00:00, run_after=2025-02-24 04:00:00+00:00
[2025-02-24T04:01:42.916+0000] {processor.py:183} INFO - Processing /home/airflow/.local/lib/python3.12/site-packages/airflow/example_dags/example_latest_only_with_trigger.py took 0.109 seconds
[2025-02-24T04:02:13.076+0000] {processor.py:161} INFO - Started process (PID=952) to work on /home/airflow/.local/lib/python3.12/site-packages/airflow/example_dags/example_latest_only_with_trigger.py
[2025-02-24T04:02:13.079+0000] {processor.py:830} INFO - Processing file /home/airflow/.local/lib/python3.12/site-packages/airflow/example_dags/example_latest_only_with_trigger.py for tasks to queue
[2025-02-24T04:02:13.085+0000] {logging_mixin.py:188} INFO - [2025-02-24T04:02:13.085+0000] {dagbag.py:540} INFO - Filling up the DagBag from /home/airflow/.local/lib/python3.12/site-packages/airflow/example_dags/example_latest_only_with_trigger.py
[2025-02-24T04:02:13.096+0000] {processor.py:840} INFO - DAG(s) 'latest_only_with_trigger' retrieved from /home/airflow/.local/lib/python3.12/site-packages/airflow/example_dags/example_latest_only_with_trigger.py
[2025-02-24T04:02:13.126+0000] {logging_mixin.py:188} INFO - [2025-02-24T04:02:13.125+0000] {dag.py:3096} INFO - Sync 1 DAGs
[2025-02-24T04:02:13.154+0000] {logging_mixin.py:188} INFO - [2025-02-24T04:02:13.154+0000] {dag.py:3954} INFO - Setting next_dagrun for latest_only_with_trigger to 2025-02-24 00:00:00+00:00, run_after=2025-02-24 04:00:00+00:00
[2025-02-24T04:02:13.186+0000] {processor.py:183} INFO - Processing /home/airflow/.local/lib/python3.12/site-packages/airflow/example_dags/example_latest_only_with_trigger.py took 0.131 seconds
[2025-02-24T04:02:43.533+0000] {processor.py:161} INFO - Started process (PID=1012) to work on /home/airflow/.local/lib/python3.12/site-packages/airflow/example_dags/example_latest_only_with_trigger.py
[2025-02-24T04:02:43.535+0000] {processor.py:830} INFO - Processing file /home/airflow/.local/lib/python3.12/site-packages/airflow/example_dags/example_latest_only_with_trigger.py for tasks to queue
[2025-02-24T04:02:43.538+0000] {logging_mixin.py:188} INFO - [2025-02-24T04:02:43.537+0000] {dagbag.py:540} INFO - Filling up the DagBag from /home/airflow/.local/lib/python3.12/site-packages/airflow/example_dags/example_latest_only_with_trigger.py
[2025-02-24T04:02:43.545+0000] {processor.py:840} INFO - DAG(s) 'latest_only_with_trigger' retrieved from /home/airflow/.local/lib/python3.12/site-packages/airflow/example_dags/example_latest_only_with_trigger.py
[2025-02-24T04:02:43.573+0000] {logging_mixin.py:188} INFO - [2025-02-24T04:02:43.572+0000] {dag.py:3096} INFO - Sync 1 DAGs
[2025-02-24T04:02:43.607+0000] {logging_mixin.py:188} INFO - [2025-02-24T04:02:43.607+0000] {dag.py:3954} INFO - Setting next_dagrun for latest_only_with_trigger to 2025-02-24 00:00:00+00:00, run_after=2025-02-24 04:00:00+00:00
[2025-02-24T04:02:43.632+0000] {processor.py:183} INFO - Processing /home/airflow/.local/lib/python3.12/site-packages/airflow/example_dags/example_latest_only_with_trigger.py took 0.107 seconds
[2025-02-24T04:03:14.098+0000] {processor.py:161} INFO - Started process (PID=1072) to work on /home/airflow/.local/lib/python3.12/site-packages/airflow/example_dags/example_latest_only_with_trigger.py
[2025-02-24T04:03:14.100+0000] {processor.py:830} INFO - Processing file /home/airflow/.local/lib/python3.12/site-packages/airflow/example_dags/example_latest_only_with_trigger.py for tasks to queue
[2025-02-24T04:03:14.102+0000] {logging_mixin.py:188} INFO - [2025-02-24T04:03:14.101+0000] {dagbag.py:540} INFO - Filling up the DagBag from /home/airflow/.local/lib/python3.12/site-packages/airflow/example_dags/example_latest_only_with_trigger.py
[2025-02-24T04:03:14.108+0000] {processor.py:840} INFO - DAG(s) 'latest_only_with_trigger' retrieved from /home/airflow/.local/lib/python3.12/site-packages/airflow/example_dags/example_latest_only_with_trigger.py
[2025-02-24T04:03:14.134+0000] {logging_mixin.py:188} INFO - [2025-02-24T04:03:14.134+0000] {dag.py:3096} INFO - Sync 1 DAGs
[2025-02-24T04:03:14.166+0000] {logging_mixin.py:188} INFO - [2025-02-24T04:03:14.166+0000] {dag.py:3954} INFO - Setting next_dagrun for latest_only_with_trigger to 2025-02-24 00:00:00+00:00, run_after=2025-02-24 04:00:00+00:00
[2025-02-24T04:03:14.361+0000] {processor.py:183} INFO - Processing /home/airflow/.local/lib/python3.12/site-packages/airflow/example_dags/example_latest_only_with_trigger.py took 0.270 seconds
[2025-02-24T04:03:44.485+0000] {processor.py:161} INFO - Started process (PID=1132) to work on /home/airflow/.local/lib/python3.12/site-packages/airflow/example_dags/example_latest_only_with_trigger.py
[2025-02-24T04:03:44.486+0000] {processor.py:830} INFO - Processing file /home/airflow/.local/lib/python3.12/site-packages/airflow/example_dags/example_latest_only_with_trigger.py for tasks to queue
[2025-02-24T04:03:44.488+0000] {logging_mixin.py:188} INFO - [2025-02-24T04:03:44.488+0000] {dagbag.py:540} INFO - Filling up the DagBag from /home/airflow/.local/lib/python3.12/site-packages/airflow/example_dags/example_latest_only_with_trigger.py
[2025-02-24T04:03:44.495+0000] {processor.py:840} INFO - DAG(s) 'latest_only_with_trigger' retrieved from /home/airflow/.local/lib/python3.12/site-packages/airflow/example_dags/example_latest_only_with_trigger.py
[2025-02-24T04:03:44.521+0000] {logging_mixin.py:188} INFO - [2025-02-24T04:03:44.521+0000] {dag.py:3096} INFO - Sync 1 DAGs
[2025-02-24T04:03:44.547+0000] {logging_mixin.py:188} INFO - [2025-02-24T04:03:44.547+0000] {dag.py:3954} INFO - Setting next_dagrun for latest_only_with_trigger to 2025-02-24 00:00:00+00:00, run_after=2025-02-24 04:00:00+00:00
[2025-02-24T04:03:44.572+0000] {processor.py:183} INFO - Processing /home/airflow/.local/lib/python3.12/site-packages/airflow/example_dags/example_latest_only_with_trigger.py took 0.094 seconds
[2025-02-24T04:04:15.358+0000] {processor.py:161} INFO - Started process (PID=1198) to work on /home/airflow/.local/lib/python3.12/site-packages/airflow/example_dags/example_latest_only_with_trigger.py
[2025-02-24T04:04:15.360+0000] {processor.py:830} INFO - Processing file /home/airflow/.local/lib/python3.12/site-packages/airflow/example_dags/example_latest_only_with_trigger.py for tasks to queue
[2025-02-24T04:04:15.362+0000] {logging_mixin.py:188} INFO - [2025-02-24T04:04:15.362+0000] {dagbag.py:540} INFO - Filling up the DagBag from /home/airflow/.local/lib/python3.12/site-packages/airflow/example_dags/example_latest_only_with_trigger.py
[2025-02-24T04:04:15.372+0000] {processor.py:840} INFO - DAG(s) 'latest_only_with_trigger' retrieved from /home/airflow/.local/lib/python3.12/site-packages/airflow/example_dags/example_latest_only_with_trigger.py
[2025-02-24T04:04:15.404+0000] {logging_mixin.py:188} INFO - [2025-02-24T04:04:15.403+0000] {dag.py:3096} INFO - Sync 1 DAGs
[2025-02-24T04:04:15.436+0000] {logging_mixin.py:188} INFO - [2025-02-24T04:04:15.435+0000] {dag.py:3954} INFO - Setting next_dagrun for latest_only_with_trigger to 2025-02-24 00:00:00+00:00, run_after=2025-02-24 04:00:00+00:00
[2025-02-24T04:04:15.464+0000] {processor.py:183} INFO - Processing /home/airflow/.local/lib/python3.12/site-packages/airflow/example_dags/example_latest_only_with_trigger.py took 0.117 seconds
[2025-02-24T04:04:45.590+0000] {processor.py:161} INFO - Started process (PID=1257) to work on /home/airflow/.local/lib/python3.12/site-packages/airflow/example_dags/example_latest_only_with_trigger.py
[2025-02-24T04:04:45.591+0000] {processor.py:830} INFO - Processing file /home/airflow/.local/lib/python3.12/site-packages/airflow/example_dags/example_latest_only_with_trigger.py for tasks to queue
[2025-02-24T04:04:45.594+0000] {logging_mixin.py:188} INFO - [2025-02-24T04:04:45.593+0000] {dagbag.py:540} INFO - Filling up the DagBag from /home/airflow/.local/lib/python3.12/site-packages/airflow/example_dags/example_latest_only_with_trigger.py
[2025-02-24T04:04:45.600+0000] {processor.py:840} INFO - DAG(s) 'latest_only_with_trigger' retrieved from /home/airflow/.local/lib/python3.12/site-packages/airflow/example_dags/example_latest_only_with_trigger.py
[2025-02-24T04:04:45.628+0000] {logging_mixin.py:188} INFO - [2025-02-24T04:04:45.628+0000] {dag.py:3096} INFO - Sync 1 DAGs
[2025-02-24T04:04:45.655+0000] {logging_mixin.py:188} INFO - [2025-02-24T04:04:45.655+0000] {dag.py:3954} INFO - Setting next_dagrun for latest_only_with_trigger to 2025-02-24 00:00:00+00:00, run_after=2025-02-24 04:00:00+00:00
[2025-02-24T04:04:45.680+0000] {processor.py:183} INFO - Processing /home/airflow/.local/lib/python3.12/site-packages/airflow/example_dags/example_latest_only_with_trigger.py took 0.097 seconds
[2025-02-24T04:05:16.304+0000] {processor.py:161} INFO - Started process (PID=1317) to work on /home/airflow/.local/lib/python3.12/site-packages/airflow/example_dags/example_latest_only_with_trigger.py
[2025-02-24T04:05:16.306+0000] {processor.py:830} INFO - Processing file /home/airflow/.local/lib/python3.12/site-packages/airflow/example_dags/example_latest_only_with_trigger.py for tasks to queue
[2025-02-24T04:05:16.310+0000] {logging_mixin.py:188} INFO - [2025-02-24T04:05:16.309+0000] {dagbag.py:540} INFO - Filling up the DagBag from /home/airflow/.local/lib/python3.12/site-packages/airflow/example_dags/example_latest_only_with_trigger.py
[2025-02-24T04:05:16.323+0000] {processor.py:840} INFO - DAG(s) 'latest_only_with_trigger' retrieved from /home/airflow/.local/lib/python3.12/site-packages/airflow/example_dags/example_latest_only_with_trigger.py
[2025-02-24T04:05:16.367+0000] {logging_mixin.py:188} INFO - [2025-02-24T04:05:16.367+0000] {dag.py:3096} INFO - Sync 1 DAGs
[2025-02-24T04:05:16.736+0000] {logging_mixin.py:188} INFO - [2025-02-24T04:05:16.736+0000] {dag.py:3954} INFO - Setting next_dagrun for latest_only_with_trigger to 2025-02-24 00:00:00+00:00, run_after=2025-02-24 04:00:00+00:00
[2025-02-24T04:05:16.760+0000] {processor.py:183} INFO - Processing /home/airflow/.local/lib/python3.12/site-packages/airflow/example_dags/example_latest_only_with_trigger.py took 0.465 seconds
[2025-02-24T04:05:47.096+0000] {processor.py:161} INFO - Started process (PID=1377) to work on /home/airflow/.local/lib/python3.12/site-packages/airflow/example_dags/example_latest_only_with_trigger.py
[2025-02-24T04:05:47.103+0000] {processor.py:830} INFO - Processing file /home/airflow/.local/lib/python3.12/site-packages/airflow/example_dags/example_latest_only_with_trigger.py for tasks to queue
[2025-02-24T04:05:47.112+0000] {logging_mixin.py:188} INFO - [2025-02-24T04:05:47.111+0000] {dagbag.py:540} INFO - Filling up the DagBag from /home/airflow/.local/lib/python3.12/site-packages/airflow/example_dags/example_latest_only_with_trigger.py
[2025-02-24T04:05:47.121+0000] {processor.py:840} INFO - DAG(s) 'latest_only_with_trigger' retrieved from /home/airflow/.local/lib/python3.12/site-packages/airflow/example_dags/example_latest_only_with_trigger.py
[2025-02-24T04:05:47.172+0000] {logging_mixin.py:188} INFO - [2025-02-24T04:05:47.172+0000] {dag.py:3096} INFO - Sync 1 DAGs
[2025-02-24T04:05:47.203+0000] {logging_mixin.py:188} INFO - [2025-02-24T04:05:47.202+0000] {dag.py:3954} INFO - Setting next_dagrun for latest_only_with_trigger to 2025-02-24 00:00:00+00:00, run_after=2025-02-24 04:00:00+00:00
[2025-02-24T04:05:47.239+0000] {processor.py:183} INFO - Processing /home/airflow/.local/lib/python3.12/site-packages/airflow/example_dags/example_latest_only_with_trigger.py took 0.162 seconds
[2025-02-24T04:06:17.486+0000] {processor.py:161} INFO - Started process (PID=1437) to work on /home/airflow/.local/lib/python3.12/site-packages/airflow/example_dags/example_latest_only_with_trigger.py
[2025-02-24T04:06:17.488+0000] {processor.py:830} INFO - Processing file /home/airflow/.local/lib/python3.12/site-packages/airflow/example_dags/example_latest_only_with_trigger.py for tasks to queue
[2025-02-24T04:06:17.490+0000] {logging_mixin.py:188} INFO - [2025-02-24T04:06:17.490+0000] {dagbag.py:540} INFO - Filling up the DagBag from /home/airflow/.local/lib/python3.12/site-packages/airflow/example_dags/example_latest_only_with_trigger.py
[2025-02-24T04:06:17.502+0000] {processor.py:840} INFO - DAG(s) 'latest_only_with_trigger' retrieved from /home/airflow/.local/lib/python3.12/site-packages/airflow/example_dags/example_latest_only_with_trigger.py
[2025-02-24T04:06:17.541+0000] {logging_mixin.py:188} INFO - [2025-02-24T04:06:17.541+0000] {dag.py:3096} INFO - Sync 1 DAGs
[2025-02-24T04:06:17.575+0000] {logging_mixin.py:188} INFO - [2025-02-24T04:06:17.575+0000] {dag.py:3954} INFO - Setting next_dagrun for latest_only_with_trigger to 2025-02-24 00:00:00+00:00, run_after=2025-02-24 04:00:00+00:00
[2025-02-24T04:06:17.606+0000] {processor.py:183} INFO - Processing /home/airflow/.local/lib/python3.12/site-packages/airflow/example_dags/example_latest_only_with_trigger.py took 0.132 seconds
[2025-02-24T04:06:47.937+0000] {processor.py:161} INFO - Started process (PID=1497) to work on /home/airflow/.local/lib/python3.12/site-packages/airflow/example_dags/example_latest_only_with_trigger.py
[2025-02-24T04:06:47.938+0000] {processor.py:830} INFO - Processing file /home/airflow/.local/lib/python3.12/site-packages/airflow/example_dags/example_latest_only_with_trigger.py for tasks to queue
[2025-02-24T04:06:47.940+0000] {logging_mixin.py:188} INFO - [2025-02-24T04:06:47.940+0000] {dagbag.py:540} INFO - Filling up the DagBag from /home/airflow/.local/lib/python3.12/site-packages/airflow/example_dags/example_latest_only_with_trigger.py
[2025-02-24T04:06:47.947+0000] {processor.py:840} INFO - DAG(s) 'latest_only_with_trigger' retrieved from /home/airflow/.local/lib/python3.12/site-packages/airflow/example_dags/example_latest_only_with_trigger.py
[2025-02-24T04:06:47.973+0000] {logging_mixin.py:188} INFO - [2025-02-24T04:06:47.973+0000] {dag.py:3096} INFO - Sync 1 DAGs
[2025-02-24T04:06:48.000+0000] {logging_mixin.py:188} INFO - [2025-02-24T04:06:48.000+0000] {dag.py:3954} INFO - Setting next_dagrun for latest_only_with_trigger to 2025-02-24 00:00:00+00:00, run_after=2025-02-24 04:00:00+00:00
[2025-02-24T04:06:48.023+0000] {processor.py:183} INFO - Processing /home/airflow/.local/lib/python3.12/site-packages/airflow/example_dags/example_latest_only_with_trigger.py took 0.094 seconds
[2025-02-24T04:07:18.880+0000] {processor.py:161} INFO - Started process (PID=1560) to work on /home/airflow/.local/lib/python3.12/site-packages/airflow/example_dags/example_latest_only_with_trigger.py
[2025-02-24T04:07:18.881+0000] {processor.py:830} INFO - Processing file /home/airflow/.local/lib/python3.12/site-packages/airflow/example_dags/example_latest_only_with_trigger.py for tasks to queue
[2025-02-24T04:07:18.884+0000] {logging_mixin.py:188} INFO - [2025-02-24T04:07:18.884+0000] {dagbag.py:540} INFO - Filling up the DagBag from /home/airflow/.local/lib/python3.12/site-packages/airflow/example_dags/example_latest_only_with_trigger.py
[2025-02-24T04:07:18.891+0000] {processor.py:840} INFO - DAG(s) 'latest_only_with_trigger' retrieved from /home/airflow/.local/lib/python3.12/site-packages/airflow/example_dags/example_latest_only_with_trigger.py
[2025-02-24T04:07:18.920+0000] {logging_mixin.py:188} INFO - [2025-02-24T04:07:18.920+0000] {dag.py:3096} INFO - Sync 1 DAGs
[2025-02-24T04:07:18.946+0000] {logging_mixin.py:188} INFO - [2025-02-24T04:07:18.946+0000] {dag.py:3954} INFO - Setting next_dagrun for latest_only_with_trigger to 2025-02-24 00:00:00+00:00, run_after=2025-02-24 04:00:00+00:00
[2025-02-24T04:07:18.968+0000] {processor.py:183} INFO - Processing /home/airflow/.local/lib/python3.12/site-packages/airflow/example_dags/example_latest_only_with_trigger.py took 0.094 seconds
[2025-02-24T04:07:49.351+0000] {processor.py:161} INFO - Started process (PID=1622) to work on /home/airflow/.local/lib/python3.12/site-packages/airflow/example_dags/example_latest_only_with_trigger.py
[2025-02-24T04:07:49.352+0000] {processor.py:830} INFO - Processing file /home/airflow/.local/lib/python3.12/site-packages/airflow/example_dags/example_latest_only_with_trigger.py for tasks to queue
[2025-02-24T04:07:49.355+0000] {logging_mixin.py:188} INFO - [2025-02-24T04:07:49.355+0000] {dagbag.py:540} INFO - Filling up the DagBag from /home/airflow/.local/lib/python3.12/site-packages/airflow/example_dags/example_latest_only_with_trigger.py
[2025-02-24T04:07:49.361+0000] {processor.py:840} INFO - DAG(s) 'latest_only_with_trigger' retrieved from /home/airflow/.local/lib/python3.12/site-packages/airflow/example_dags/example_latest_only_with_trigger.py
[2025-02-24T04:07:49.388+0000] {logging_mixin.py:188} INFO - [2025-02-24T04:07:49.388+0000] {dag.py:3096} INFO - Sync 1 DAGs
[2025-02-24T04:07:49.414+0000] {logging_mixin.py:188} INFO - [2025-02-24T04:07:49.414+0000] {dag.py:3954} INFO - Setting next_dagrun for latest_only_with_trigger to 2025-02-24 00:00:00+00:00, run_after=2025-02-24 04:00:00+00:00
[2025-02-24T04:07:49.472+0000] {processor.py:183} INFO - Processing /home/airflow/.local/lib/python3.12/site-packages/airflow/example_dags/example_latest_only_with_trigger.py took 0.129 seconds
[2025-02-24T04:08:20.056+0000] {processor.py:161} INFO - Started process (PID=1682) to work on /home/airflow/.local/lib/python3.12/site-packages/airflow/example_dags/example_latest_only_with_trigger.py
[2025-02-24T04:08:20.058+0000] {processor.py:830} INFO - Processing file /home/airflow/.local/lib/python3.12/site-packages/airflow/example_dags/example_latest_only_with_trigger.py for tasks to queue
[2025-02-24T04:08:20.060+0000] {logging_mixin.py:188} INFO - [2025-02-24T04:08:20.060+0000] {dagbag.py:540} INFO - Filling up the DagBag from /home/airflow/.local/lib/python3.12/site-packages/airflow/example_dags/example_latest_only_with_trigger.py
[2025-02-24T04:08:20.068+0000] {processor.py:840} INFO - DAG(s) 'latest_only_with_trigger' retrieved from /home/airflow/.local/lib/python3.12/site-packages/airflow/example_dags/example_latest_only_with_trigger.py
[2025-02-24T04:08:20.093+0000] {logging_mixin.py:188} INFO - [2025-02-24T04:08:20.093+0000] {dag.py:3096} INFO - Sync 1 DAGs
[2025-02-24T04:08:20.118+0000] {logging_mixin.py:188} INFO - [2025-02-24T04:08:20.117+0000] {dag.py:3954} INFO - Setting next_dagrun for latest_only_with_trigger to 2025-02-24 00:00:00+00:00, run_after=2025-02-24 04:00:00+00:00
[2025-02-24T04:08:20.140+0000] {processor.py:183} INFO - Processing /home/airflow/.local/lib/python3.12/site-packages/airflow/example_dags/example_latest_only_with_trigger.py took 0.091 seconds
[2025-02-24T04:08:50.908+0000] {processor.py:161} INFO - Started process (PID=1748) to work on /home/airflow/.local/lib/python3.12/site-packages/airflow/example_dags/example_latest_only_with_trigger.py
[2025-02-24T04:08:50.909+0000] {processor.py:830} INFO - Processing file /home/airflow/.local/lib/python3.12/site-packages/airflow/example_dags/example_latest_only_with_trigger.py for tasks to queue
[2025-02-24T04:08:50.912+0000] {logging_mixin.py:188} INFO - [2025-02-24T04:08:50.911+0000] {dagbag.py:540} INFO - Filling up the DagBag from /home/airflow/.local/lib/python3.12/site-packages/airflow/example_dags/example_latest_only_with_trigger.py
[2025-02-24T04:08:50.919+0000] {processor.py:840} INFO - DAG(s) 'latest_only_with_trigger' retrieved from /home/airflow/.local/lib/python3.12/site-packages/airflow/example_dags/example_latest_only_with_trigger.py
[2025-02-24T04:08:50.945+0000] {logging_mixin.py:188} INFO - [2025-02-24T04:08:50.944+0000] {dag.py:3096} INFO - Sync 1 DAGs
[2025-02-24T04:08:50.970+0000] {logging_mixin.py:188} INFO - [2025-02-24T04:08:50.970+0000] {dag.py:3954} INFO - Setting next_dagrun for latest_only_with_trigger to 2025-02-24 00:00:00+00:00, run_after=2025-02-24 04:00:00+00:00
[2025-02-24T04:08:50.994+0000] {processor.py:183} INFO - Processing /home/airflow/.local/lib/python3.12/site-packages/airflow/example_dags/example_latest_only_with_trigger.py took 0.093 seconds
[2025-02-24T04:09:21.168+0000] {processor.py:161} INFO - Started process (PID=1809) to work on /home/airflow/.local/lib/python3.12/site-packages/airflow/example_dags/example_latest_only_with_trigger.py
[2025-02-24T04:09:21.169+0000] {processor.py:830} INFO - Processing file /home/airflow/.local/lib/python3.12/site-packages/airflow/example_dags/example_latest_only_with_trigger.py for tasks to queue
[2025-02-24T04:09:21.172+0000] {logging_mixin.py:188} INFO - [2025-02-24T04:09:21.171+0000] {dagbag.py:540} INFO - Filling up the DagBag from /home/airflow/.local/lib/python3.12/site-packages/airflow/example_dags/example_latest_only_with_trigger.py
[2025-02-24T04:09:21.180+0000] {processor.py:840} INFO - DAG(s) 'latest_only_with_trigger' retrieved from /home/airflow/.local/lib/python3.12/site-packages/airflow/example_dags/example_latest_only_with_trigger.py
[2025-02-24T04:09:21.208+0000] {logging_mixin.py:188} INFO - [2025-02-24T04:09:21.207+0000] {dag.py:3096} INFO - Sync 1 DAGs
[2025-02-24T04:09:21.253+0000] {logging_mixin.py:188} INFO - [2025-02-24T04:09:21.253+0000] {dag.py:3954} INFO - Setting next_dagrun for latest_only_with_trigger to 2025-02-24 00:00:00+00:00, run_after=2025-02-24 04:00:00+00:00
[2025-02-24T04:09:21.279+0000] {processor.py:183} INFO - Processing /home/airflow/.local/lib/python3.12/site-packages/airflow/example_dags/example_latest_only_with_trigger.py took 0.118 seconds
[2025-02-24T04:09:51.363+0000] {processor.py:161} INFO - Started process (PID=1869) to work on /home/airflow/.local/lib/python3.12/site-packages/airflow/example_dags/example_latest_only_with_trigger.py
[2025-02-24T04:09:51.365+0000] {processor.py:830} INFO - Processing file /home/airflow/.local/lib/python3.12/site-packages/airflow/example_dags/example_latest_only_with_trigger.py for tasks to queue
[2025-02-24T04:09:51.368+0000] {logging_mixin.py:188} INFO - [2025-02-24T04:09:51.367+0000] {dagbag.py:540} INFO - Filling up the DagBag from /home/airflow/.local/lib/python3.12/site-packages/airflow/example_dags/example_latest_only_with_trigger.py
[2025-02-24T04:09:51.375+0000] {processor.py:840} INFO - DAG(s) 'latest_only_with_trigger' retrieved from /home/airflow/.local/lib/python3.12/site-packages/airflow/example_dags/example_latest_only_with_trigger.py
[2025-02-24T04:09:51.402+0000] {logging_mixin.py:188} INFO - [2025-02-24T04:09:51.401+0000] {dag.py:3096} INFO - Sync 1 DAGs
[2025-02-24T04:09:51.426+0000] {logging_mixin.py:188} INFO - [2025-02-24T04:09:51.426+0000] {dag.py:3954} INFO - Setting next_dagrun for latest_only_with_trigger to 2025-02-24 00:00:00+00:00, run_after=2025-02-24 04:00:00+00:00
[2025-02-24T04:09:51.451+0000] {processor.py:183} INFO - Processing /home/airflow/.local/lib/python3.12/site-packages/airflow/example_dags/example_latest_only_with_trigger.py took 0.097 seconds
[2025-02-24T04:10:21.760+0000] {processor.py:161} INFO - Started process (PID=1929) to work on /home/airflow/.local/lib/python3.12/site-packages/airflow/example_dags/example_latest_only_with_trigger.py
[2025-02-24T04:10:21.761+0000] {processor.py:830} INFO - Processing file /home/airflow/.local/lib/python3.12/site-packages/airflow/example_dags/example_latest_only_with_trigger.py for tasks to queue
[2025-02-24T04:10:21.763+0000] {logging_mixin.py:188} INFO - [2025-02-24T04:10:21.763+0000] {dagbag.py:540} INFO - Filling up the DagBag from /home/airflow/.local/lib/python3.12/site-packages/airflow/example_dags/example_latest_only_with_trigger.py
[2025-02-24T04:10:21.770+0000] {processor.py:840} INFO - DAG(s) 'latest_only_with_trigger' retrieved from /home/airflow/.local/lib/python3.12/site-packages/airflow/example_dags/example_latest_only_with_trigger.py
[2025-02-24T04:10:21.798+0000] {logging_mixin.py:188} INFO - [2025-02-24T04:10:21.798+0000] {dag.py:3096} INFO - Sync 1 DAGs
[2025-02-24T04:10:21.824+0000] {logging_mixin.py:188} INFO - [2025-02-24T04:10:21.824+0000] {dag.py:3954} INFO - Setting next_dagrun for latest_only_with_trigger to 2025-02-24 00:00:00+00:00, run_after=2025-02-24 04:00:00+00:00
[2025-02-24T04:10:21.847+0000] {processor.py:183} INFO - Processing /home/airflow/.local/lib/python3.12/site-packages/airflow/example_dags/example_latest_only_with_trigger.py took 0.095 seconds
[2025-02-24T04:10:52.274+0000] {processor.py:161} INFO - Started process (PID=2001) to work on /home/airflow/.local/lib/python3.12/site-packages/airflow/example_dags/example_latest_only_with_trigger.py
[2025-02-24T04:10:52.276+0000] {processor.py:830} INFO - Processing file /home/airflow/.local/lib/python3.12/site-packages/airflow/example_dags/example_latest_only_with_trigger.py for tasks to queue
[2025-02-24T04:10:52.279+0000] {logging_mixin.py:188} INFO - [2025-02-24T04:10:52.278+0000] {dagbag.py:540} INFO - Filling up the DagBag from /home/airflow/.local/lib/python3.12/site-packages/airflow/example_dags/example_latest_only_with_trigger.py
[2025-02-24T04:10:52.285+0000] {processor.py:840} INFO - DAG(s) 'latest_only_with_trigger' retrieved from /home/airflow/.local/lib/python3.12/site-packages/airflow/example_dags/example_latest_only_with_trigger.py
[2025-02-24T04:10:52.317+0000] {logging_mixin.py:188} INFO - [2025-02-24T04:10:52.316+0000] {dag.py:3096} INFO - Sync 1 DAGs
[2025-02-24T04:10:52.345+0000] {logging_mixin.py:188} INFO - [2025-02-24T04:10:52.345+0000] {dag.py:3954} INFO - Setting next_dagrun for latest_only_with_trigger to 2025-02-24 00:00:00+00:00, run_after=2025-02-24 04:00:00+00:00
[2025-02-24T04:10:52.370+0000] {processor.py:183} INFO - Processing /home/airflow/.local/lib/python3.12/site-packages/airflow/example_dags/example_latest_only_with_trigger.py took 0.103 seconds
[2025-02-24T04:11:22.651+0000] {processor.py:161} INFO - Started process (PID=2061) to work on /home/airflow/.local/lib/python3.12/site-packages/airflow/example_dags/example_latest_only_with_trigger.py
[2025-02-24T04:11:22.652+0000] {processor.py:830} INFO - Processing file /home/airflow/.local/lib/python3.12/site-packages/airflow/example_dags/example_latest_only_with_trigger.py for tasks to queue
[2025-02-24T04:11:22.655+0000] {logging_mixin.py:188} INFO - [2025-02-24T04:11:22.654+0000] {dagbag.py:540} INFO - Filling up the DagBag from /home/airflow/.local/lib/python3.12/site-packages/airflow/example_dags/example_latest_only_with_trigger.py
[2025-02-24T04:11:22.662+0000] {processor.py:840} INFO - DAG(s) 'latest_only_with_trigger' retrieved from /home/airflow/.local/lib/python3.12/site-packages/airflow/example_dags/example_latest_only_with_trigger.py
[2025-02-24T04:11:22.687+0000] {logging_mixin.py:188} INFO - [2025-02-24T04:11:22.687+0000] {dag.py:3096} INFO - Sync 1 DAGs
[2025-02-24T04:11:22.713+0000] {logging_mixin.py:188} INFO - [2025-02-24T04:11:22.713+0000] {dag.py:3954} INFO - Setting next_dagrun for latest_only_with_trigger to 2025-02-24 00:00:00+00:00, run_after=2025-02-24 04:00:00+00:00
[2025-02-24T04:11:22.739+0000] {processor.py:183} INFO - Processing /home/airflow/.local/lib/python3.12/site-packages/airflow/example_dags/example_latest_only_with_trigger.py took 0.094 seconds
[2025-02-24T04:11:53.584+0000] {processor.py:161} INFO - Started process (PID=2121) to work on /home/airflow/.local/lib/python3.12/site-packages/airflow/example_dags/example_latest_only_with_trigger.py
[2025-02-24T04:11:53.585+0000] {processor.py:830} INFO - Processing file /home/airflow/.local/lib/python3.12/site-packages/airflow/example_dags/example_latest_only_with_trigger.py for tasks to queue
[2025-02-24T04:11:53.588+0000] {logging_mixin.py:188} INFO - [2025-02-24T04:11:53.587+0000] {dagbag.py:540} INFO - Filling up the DagBag from /home/airflow/.local/lib/python3.12/site-packages/airflow/example_dags/example_latest_only_with_trigger.py
[2025-02-24T04:11:53.595+0000] {processor.py:840} INFO - DAG(s) 'latest_only_with_trigger' retrieved from /home/airflow/.local/lib/python3.12/site-packages/airflow/example_dags/example_latest_only_with_trigger.py
[2025-02-24T04:11:53.621+0000] {logging_mixin.py:188} INFO - [2025-02-24T04:11:53.621+0000] {dag.py:3096} INFO - Sync 1 DAGs
[2025-02-24T04:11:53.647+0000] {logging_mixin.py:188} INFO - [2025-02-24T04:11:53.647+0000] {dag.py:3954} INFO - Setting next_dagrun for latest_only_with_trigger to 2025-02-24 00:00:00+00:00, run_after=2025-02-24 04:00:00+00:00
[2025-02-24T04:11:53.672+0000] {processor.py:183} INFO - Processing /home/airflow/.local/lib/python3.12/site-packages/airflow/example_dags/example_latest_only_with_trigger.py took 0.094 seconds
[2025-02-24T04:12:23.848+0000] {processor.py:161} INFO - Started process (PID=2197) to work on /home/airflow/.local/lib/python3.12/site-packages/airflow/example_dags/example_latest_only_with_trigger.py
[2025-02-24T04:12:23.850+0000] {processor.py:830} INFO - Processing file /home/airflow/.local/lib/python3.12/site-packages/airflow/example_dags/example_latest_only_with_trigger.py for tasks to queue
[2025-02-24T04:12:23.853+0000] {logging_mixin.py:188} INFO - [2025-02-24T04:12:23.852+0000] {dagbag.py:540} INFO - Filling up the DagBag from /home/airflow/.local/lib/python3.12/site-packages/airflow/example_dags/example_latest_only_with_trigger.py
[2025-02-24T04:12:23.859+0000] {processor.py:840} INFO - DAG(s) 'latest_only_with_trigger' retrieved from /home/airflow/.local/lib/python3.12/site-packages/airflow/example_dags/example_latest_only_with_trigger.py
[2025-02-24T04:12:23.886+0000] {logging_mixin.py:188} INFO - [2025-02-24T04:12:23.886+0000] {dag.py:3096} INFO - Sync 1 DAGs
[2025-02-24T04:12:23.911+0000] {logging_mixin.py:188} INFO - [2025-02-24T04:12:23.911+0000] {dag.py:3954} INFO - Setting next_dagrun for latest_only_with_trigger to 2025-02-24 00:00:00+00:00, run_after=2025-02-24 04:00:00+00:00
[2025-02-24T04:12:23.933+0000] {processor.py:183} INFO - Processing /home/airflow/.local/lib/python3.12/site-packages/airflow/example_dags/example_latest_only_with_trigger.py took 0.092 seconds
[2025-02-24T04:12:54.506+0000] {processor.py:161} INFO - Started process (PID=2257) to work on /home/airflow/.local/lib/python3.12/site-packages/airflow/example_dags/example_latest_only_with_trigger.py
[2025-02-24T04:12:54.507+0000] {processor.py:830} INFO - Processing file /home/airflow/.local/lib/python3.12/site-packages/airflow/example_dags/example_latest_only_with_trigger.py for tasks to queue
[2025-02-24T04:12:54.510+0000] {logging_mixin.py:188} INFO - [2025-02-24T04:12:54.510+0000] {dagbag.py:540} INFO - Filling up the DagBag from /home/airflow/.local/lib/python3.12/site-packages/airflow/example_dags/example_latest_only_with_trigger.py
[2025-02-24T04:12:54.518+0000] {processor.py:840} INFO - DAG(s) 'latest_only_with_trigger' retrieved from /home/airflow/.local/lib/python3.12/site-packages/airflow/example_dags/example_latest_only_with_trigger.py
[2025-02-24T04:12:54.545+0000] {logging_mixin.py:188} INFO - [2025-02-24T04:12:54.545+0000] {dag.py:3096} INFO - Sync 1 DAGs
[2025-02-24T04:12:54.573+0000] {logging_mixin.py:188} INFO - [2025-02-24T04:12:54.572+0000] {dag.py:3954} INFO - Setting next_dagrun for latest_only_with_trigger to 2025-02-24 00:00:00+00:00, run_after=2025-02-24 04:00:00+00:00
[2025-02-24T04:12:54.596+0000] {processor.py:183} INFO - Processing /home/airflow/.local/lib/python3.12/site-packages/airflow/example_dags/example_latest_only_with_trigger.py took 0.097 seconds
[2025-02-24T04:13:25.137+0000] {processor.py:161} INFO - Started process (PID=2318) to work on /home/airflow/.local/lib/python3.12/site-packages/airflow/example_dags/example_latest_only_with_trigger.py
[2025-02-24T04:13:25.139+0000] {processor.py:830} INFO - Processing file /home/airflow/.local/lib/python3.12/site-packages/airflow/example_dags/example_latest_only_with_trigger.py for tasks to queue
[2025-02-24T04:13:25.141+0000] {logging_mixin.py:188} INFO - [2025-02-24T04:13:25.141+0000] {dagbag.py:540} INFO - Filling up the DagBag from /home/airflow/.local/lib/python3.12/site-packages/airflow/example_dags/example_latest_only_with_trigger.py
[2025-02-24T04:13:25.148+0000] {processor.py:840} INFO - DAG(s) 'latest_only_with_trigger' retrieved from /home/airflow/.local/lib/python3.12/site-packages/airflow/example_dags/example_latest_only_with_trigger.py
[2025-02-24T04:13:25.175+0000] {logging_mixin.py:188} INFO - [2025-02-24T04:13:25.175+0000] {dag.py:3096} INFO - Sync 1 DAGs
[2025-02-24T04:13:25.204+0000] {logging_mixin.py:188} INFO - [2025-02-24T04:13:25.204+0000] {dag.py:3954} INFO - Setting next_dagrun for latest_only_with_trigger to 2025-02-24 00:00:00+00:00, run_after=2025-02-24 04:00:00+00:00
[2025-02-24T04:13:25.247+0000] {processor.py:183} INFO - Processing /home/airflow/.local/lib/python3.12/site-packages/airflow/example_dags/example_latest_only_with_trigger.py took 0.117 seconds
[2025-02-24T04:13:55.770+0000] {processor.py:161} INFO - Started process (PID=2380) to work on /home/airflow/.local/lib/python3.12/site-packages/airflow/example_dags/example_latest_only_with_trigger.py
[2025-02-24T04:13:55.773+0000] {processor.py:830} INFO - Processing file /home/airflow/.local/lib/python3.12/site-packages/airflow/example_dags/example_latest_only_with_trigger.py for tasks to queue
[2025-02-24T04:13:55.778+0000] {logging_mixin.py:188} INFO - [2025-02-24T04:13:55.777+0000] {dagbag.py:540} INFO - Filling up the DagBag from /home/airflow/.local/lib/python3.12/site-packages/airflow/example_dags/example_latest_only_with_trigger.py
[2025-02-24T04:13:55.786+0000] {processor.py:840} INFO - DAG(s) 'latest_only_with_trigger' retrieved from /home/airflow/.local/lib/python3.12/site-packages/airflow/example_dags/example_latest_only_with_trigger.py
[2025-02-24T04:13:55.814+0000] {logging_mixin.py:188} INFO - [2025-02-24T04:13:55.814+0000] {dag.py:3096} INFO - Sync 1 DAGs
[2025-02-24T04:13:55.845+0000] {logging_mixin.py:188} INFO - [2025-02-24T04:13:55.845+0000] {dag.py:3954} INFO - Setting next_dagrun for latest_only_with_trigger to 2025-02-24 00:00:00+00:00, run_after=2025-02-24 04:00:00+00:00
[2025-02-24T04:13:55.869+0000] {processor.py:183} INFO - Processing /home/airflow/.local/lib/python3.12/site-packages/airflow/example_dags/example_latest_only_with_trigger.py took 0.111 seconds
[2025-02-24T04:14:26.425+0000] {processor.py:161} INFO - Started process (PID=2440) to work on /home/airflow/.local/lib/python3.12/site-packages/airflow/example_dags/example_latest_only_with_trigger.py
[2025-02-24T04:14:26.426+0000] {processor.py:830} INFO - Processing file /home/airflow/.local/lib/python3.12/site-packages/airflow/example_dags/example_latest_only_with_trigger.py for tasks to queue
[2025-02-24T04:14:26.429+0000] {logging_mixin.py:188} INFO - [2025-02-24T04:14:26.428+0000] {dagbag.py:540} INFO - Filling up the DagBag from /home/airflow/.local/lib/python3.12/site-packages/airflow/example_dags/example_latest_only_with_trigger.py
[2025-02-24T04:14:26.436+0000] {processor.py:840} INFO - DAG(s) 'latest_only_with_trigger' retrieved from /home/airflow/.local/lib/python3.12/site-packages/airflow/example_dags/example_latest_only_with_trigger.py
[2025-02-24T04:14:26.461+0000] {logging_mixin.py:188} INFO - [2025-02-24T04:14:26.461+0000] {dag.py:3096} INFO - Sync 1 DAGs
[2025-02-24T04:14:26.487+0000] {logging_mixin.py:188} INFO - [2025-02-24T04:14:26.487+0000] {dag.py:3954} INFO - Setting next_dagrun for latest_only_with_trigger to 2025-02-24 00:00:00+00:00, run_after=2025-02-24 04:00:00+00:00
[2025-02-24T04:14:26.513+0000] {processor.py:183} INFO - Processing /home/airflow/.local/lib/python3.12/site-packages/airflow/example_dags/example_latest_only_with_trigger.py took 0.096 seconds
[2025-02-24T04:14:57.239+0000] {processor.py:161} INFO - Started process (PID=2500) to work on /home/airflow/.local/lib/python3.12/site-packages/airflow/example_dags/example_latest_only_with_trigger.py
[2025-02-24T04:14:57.240+0000] {processor.py:830} INFO - Processing file /home/airflow/.local/lib/python3.12/site-packages/airflow/example_dags/example_latest_only_with_trigger.py for tasks to queue
[2025-02-24T04:14:57.243+0000] {logging_mixin.py:188} INFO - [2025-02-24T04:14:57.242+0000] {dagbag.py:540} INFO - Filling up the DagBag from /home/airflow/.local/lib/python3.12/site-packages/airflow/example_dags/example_latest_only_with_trigger.py
[2025-02-24T04:14:57.251+0000] {processor.py:840} INFO - DAG(s) 'latest_only_with_trigger' retrieved from /home/airflow/.local/lib/python3.12/site-packages/airflow/example_dags/example_latest_only_with_trigger.py
[2025-02-24T04:14:57.280+0000] {logging_mixin.py:188} INFO - [2025-02-24T04:14:57.280+0000] {dag.py:3096} INFO - Sync 1 DAGs
[2025-02-24T04:14:57.310+0000] {logging_mixin.py:188} INFO - [2025-02-24T04:14:57.310+0000] {dag.py:3954} INFO - Setting next_dagrun for latest_only_with_trigger to 2025-02-24 00:00:00+00:00, run_after=2025-02-24 04:00:00+00:00
[2025-02-24T04:14:57.335+0000] {processor.py:183} INFO - Processing /home/airflow/.local/lib/python3.12/site-packages/airflow/example_dags/example_latest_only_with_trigger.py took 0.104 seconds
[2025-02-24T04:15:27.530+0000] {processor.py:161} INFO - Started process (PID=2560) to work on /home/airflow/.local/lib/python3.12/site-packages/airflow/example_dags/example_latest_only_with_trigger.py
[2025-02-24T04:15:27.532+0000] {processor.py:830} INFO - Processing file /home/airflow/.local/lib/python3.12/site-packages/airflow/example_dags/example_latest_only_with_trigger.py for tasks to queue
[2025-02-24T04:15:27.535+0000] {logging_mixin.py:188} INFO - [2025-02-24T04:15:27.534+0000] {dagbag.py:540} INFO - Filling up the DagBag from /home/airflow/.local/lib/python3.12/site-packages/airflow/example_dags/example_latest_only_with_trigger.py
[2025-02-24T04:15:27.544+0000] {processor.py:840} INFO - DAG(s) 'latest_only_with_trigger' retrieved from /home/airflow/.local/lib/python3.12/site-packages/airflow/example_dags/example_latest_only_with_trigger.py
[2025-02-24T04:15:27.572+0000] {logging_mixin.py:188} INFO - [2025-02-24T04:15:27.572+0000] {dag.py:3096} INFO - Sync 1 DAGs
[2025-02-24T04:15:27.600+0000] {logging_mixin.py:188} INFO - [2025-02-24T04:15:27.599+0000] {dag.py:3954} INFO - Setting next_dagrun for latest_only_with_trigger to 2025-02-24 00:00:00+00:00, run_after=2025-02-24 04:00:00+00:00
[2025-02-24T04:15:27.625+0000] {processor.py:183} INFO - Processing /home/airflow/.local/lib/python3.12/site-packages/airflow/example_dags/example_latest_only_with_trigger.py took 0.104 seconds
[2025-02-24T04:15:57.962+0000] {processor.py:161} INFO - Started process (PID=2621) to work on /home/airflow/.local/lib/python3.12/site-packages/airflow/example_dags/example_latest_only_with_trigger.py
[2025-02-24T04:15:57.964+0000] {processor.py:830} INFO - Processing file /home/airflow/.local/lib/python3.12/site-packages/airflow/example_dags/example_latest_only_with_trigger.py for tasks to queue
[2025-02-24T04:15:57.966+0000] {logging_mixin.py:188} INFO - [2025-02-24T04:15:57.966+0000] {dagbag.py:540} INFO - Filling up the DagBag from /home/airflow/.local/lib/python3.12/site-packages/airflow/example_dags/example_latest_only_with_trigger.py
[2025-02-24T04:15:57.973+0000] {processor.py:840} INFO - DAG(s) 'latest_only_with_trigger' retrieved from /home/airflow/.local/lib/python3.12/site-packages/airflow/example_dags/example_latest_only_with_trigger.py
[2025-02-24T04:15:57.998+0000] {logging_mixin.py:188} INFO - [2025-02-24T04:15:57.998+0000] {dag.py:3096} INFO - Sync 1 DAGs
[2025-02-24T04:15:58.026+0000] {logging_mixin.py:188} INFO - [2025-02-24T04:15:58.026+0000] {dag.py:3954} INFO - Setting next_dagrun for latest_only_with_trigger to 2025-02-24 00:00:00+00:00, run_after=2025-02-24 04:00:00+00:00
[2025-02-24T04:15:58.049+0000] {processor.py:183} INFO - Processing /home/airflow/.local/lib/python3.12/site-packages/airflow/example_dags/example_latest_only_with_trigger.py took 0.095 seconds
[2025-02-24T04:16:28.470+0000] {processor.py:161} INFO - Started process (PID=2681) to work on /home/airflow/.local/lib/python3.12/site-packages/airflow/example_dags/example_latest_only_with_trigger.py
[2025-02-24T04:16:28.472+0000] {processor.py:830} INFO - Processing file /home/airflow/.local/lib/python3.12/site-packages/airflow/example_dags/example_latest_only_with_trigger.py for tasks to queue
[2025-02-24T04:16:28.476+0000] {logging_mixin.py:188} INFO - [2025-02-24T04:16:28.475+0000] {dagbag.py:540} INFO - Filling up the DagBag from /home/airflow/.local/lib/python3.12/site-packages/airflow/example_dags/example_latest_only_with_trigger.py
[2025-02-24T04:16:28.489+0000] {processor.py:840} INFO - DAG(s) 'latest_only_with_trigger' retrieved from /home/airflow/.local/lib/python3.12/site-packages/airflow/example_dags/example_latest_only_with_trigger.py
[2025-02-24T04:16:28.522+0000] {logging_mixin.py:188} INFO - [2025-02-24T04:16:28.520+0000] {dag.py:3096} INFO - Sync 1 DAGs
[2025-02-24T04:16:28.563+0000] {logging_mixin.py:188} INFO - [2025-02-24T04:16:28.563+0000] {dag.py:3954} INFO - Setting next_dagrun for latest_only_with_trigger to 2025-02-24 00:00:00+00:00, run_after=2025-02-24 04:00:00+00:00
[2025-02-24T04:16:28.591+0000] {processor.py:183} INFO - Processing /home/airflow/.local/lib/python3.12/site-packages/airflow/example_dags/example_latest_only_with_trigger.py took 0.134 seconds
[2025-02-24T04:16:58.761+0000] {processor.py:161} INFO - Started process (PID=2741) to work on /home/airflow/.local/lib/python3.12/site-packages/airflow/example_dags/example_latest_only_with_trigger.py
[2025-02-24T04:16:58.762+0000] {processor.py:830} INFO - Processing file /home/airflow/.local/lib/python3.12/site-packages/airflow/example_dags/example_latest_only_with_trigger.py for tasks to queue
[2025-02-24T04:16:58.765+0000] {logging_mixin.py:188} INFO - [2025-02-24T04:16:58.764+0000] {dagbag.py:540} INFO - Filling up the DagBag from /home/airflow/.local/lib/python3.12/site-packages/airflow/example_dags/example_latest_only_with_trigger.py
[2025-02-24T04:16:58.793+0000] {processor.py:840} INFO - DAG(s) 'latest_only_with_trigger' retrieved from /home/airflow/.local/lib/python3.12/site-packages/airflow/example_dags/example_latest_only_with_trigger.py
[2025-02-24T04:16:58.822+0000] {logging_mixin.py:188} INFO - [2025-02-24T04:16:58.822+0000] {dag.py:3096} INFO - Sync 1 DAGs
[2025-02-24T04:16:58.858+0000] {logging_mixin.py:188} INFO - [2025-02-24T04:16:58.858+0000] {dag.py:3954} INFO - Setting next_dagrun for latest_only_with_trigger to 2025-02-24 00:00:00+00:00, run_after=2025-02-24 04:00:00+00:00
[2025-02-24T04:16:58.943+0000] {processor.py:183} INFO - Processing /home/airflow/.local/lib/python3.12/site-packages/airflow/example_dags/example_latest_only_with_trigger.py took 0.190 seconds
[2025-02-24T04:17:29.119+0000] {processor.py:161} INFO - Started process (PID=2801) to work on /home/airflow/.local/lib/python3.12/site-packages/airflow/example_dags/example_latest_only_with_trigger.py
[2025-02-24T04:17:29.121+0000] {processor.py:830} INFO - Processing file /home/airflow/.local/lib/python3.12/site-packages/airflow/example_dags/example_latest_only_with_trigger.py for tasks to queue
[2025-02-24T04:17:29.123+0000] {logging_mixin.py:188} INFO - [2025-02-24T04:17:29.123+0000] {dagbag.py:540} INFO - Filling up the DagBag from /home/airflow/.local/lib/python3.12/site-packages/airflow/example_dags/example_latest_only_with_trigger.py
[2025-02-24T04:17:29.131+0000] {processor.py:840} INFO - DAG(s) 'latest_only_with_trigger' retrieved from /home/airflow/.local/lib/python3.12/site-packages/airflow/example_dags/example_latest_only_with_trigger.py
[2025-02-24T04:17:29.157+0000] {logging_mixin.py:188} INFO - [2025-02-24T04:17:29.156+0000] {dag.py:3096} INFO - Sync 1 DAGs
[2025-02-24T04:17:29.181+0000] {logging_mixin.py:188} INFO - [2025-02-24T04:17:29.181+0000] {dag.py:3954} INFO - Setting next_dagrun for latest_only_with_trigger to 2025-02-24 00:00:00+00:00, run_after=2025-02-24 04:00:00+00:00
[2025-02-24T04:17:29.203+0000] {processor.py:183} INFO - Processing /home/airflow/.local/lib/python3.12/site-packages/airflow/example_dags/example_latest_only_with_trigger.py took 0.091 seconds
[2025-02-24T04:19:28.120+0000] {processor.py:161} INFO - Started process (PID=2867) to work on /home/airflow/.local/lib/python3.12/site-packages/airflow/example_dags/example_latest_only_with_trigger.py
[2025-02-24T04:19:28.121+0000] {processor.py:830} INFO - Processing file /home/airflow/.local/lib/python3.12/site-packages/airflow/example_dags/example_latest_only_with_trigger.py for tasks to queue
[2025-02-24T04:19:28.123+0000] {logging_mixin.py:188} INFO - [2025-02-24T04:19:28.123+0000] {dagbag.py:540} INFO - Filling up the DagBag from /home/airflow/.local/lib/python3.12/site-packages/airflow/example_dags/example_latest_only_with_trigger.py
[2025-02-24T04:19:28.150+0000] {processor.py:840} INFO - DAG(s) 'latest_only_with_trigger' retrieved from /home/airflow/.local/lib/python3.12/site-packages/airflow/example_dags/example_latest_only_with_trigger.py
[2025-02-24T04:19:28.233+0000] {logging_mixin.py:188} INFO - [2025-02-24T04:19:28.232+0000] {dag.py:3096} INFO - Sync 1 DAGs
[2025-02-24T04:19:28.284+0000] {logging_mixin.py:188} INFO - [2025-02-24T04:19:28.283+0000] {dag.py:3954} INFO - Setting next_dagrun for latest_only_with_trigger to 2025-02-24 00:00:00+00:00, run_after=2025-02-24 04:00:00+00:00
[2025-02-24T04:19:28.337+0000] {processor.py:183} INFO - Processing /home/airflow/.local/lib/python3.12/site-packages/airflow/example_dags/example_latest_only_with_trigger.py took 0.250 seconds
[2025-02-24T04:19:59.217+0000] {processor.py:161} INFO - Started process (PID=2925) to work on /home/airflow/.local/lib/python3.12/site-packages/airflow/example_dags/example_latest_only_with_trigger.py
[2025-02-24T04:19:59.228+0000] {processor.py:830} INFO - Processing file /home/airflow/.local/lib/python3.12/site-packages/airflow/example_dags/example_latest_only_with_trigger.py for tasks to queue
[2025-02-24T04:19:59.233+0000] {logging_mixin.py:188} INFO - [2025-02-24T04:19:59.232+0000] {dagbag.py:540} INFO - Filling up the DagBag from /home/airflow/.local/lib/python3.12/site-packages/airflow/example_dags/example_latest_only_with_trigger.py
[2025-02-24T04:19:59.446+0000] {processor.py:840} INFO - DAG(s) 'latest_only_with_trigger' retrieved from /home/airflow/.local/lib/python3.12/site-packages/airflow/example_dags/example_latest_only_with_trigger.py
[2025-02-24T04:19:59.520+0000] {logging_mixin.py:188} INFO - [2025-02-24T04:19:59.520+0000] {dag.py:3096} INFO - Sync 1 DAGs
[2025-02-24T04:19:59.569+0000] {logging_mixin.py:188} INFO - [2025-02-24T04:19:59.569+0000] {dag.py:3954} INFO - Setting next_dagrun for latest_only_with_trigger to 2025-02-24 00:00:00+00:00, run_after=2025-02-24 04:00:00+00:00
[2025-02-24T04:20:01.317+0000] {processor.py:183} INFO - Processing /home/airflow/.local/lib/python3.12/site-packages/airflow/example_dags/example_latest_only_with_trigger.py took 2.134 seconds
[2025-02-24T04:21:24.299+0000] {processor.py:161} INFO - Started process (PID=2962) to work on /home/airflow/.local/lib/python3.12/site-packages/airflow/example_dags/example_latest_only_with_trigger.py
[2025-02-24T04:21:24.301+0000] {processor.py:830} INFO - Processing file /home/airflow/.local/lib/python3.12/site-packages/airflow/example_dags/example_latest_only_with_trigger.py for tasks to queue
[2025-02-24T04:21:24.302+0000] {logging_mixin.py:188} INFO - [2025-02-24T04:21:24.302+0000] {dagbag.py:540} INFO - Filling up the DagBag from /home/airflow/.local/lib/python3.12/site-packages/airflow/example_dags/example_latest_only_with_trigger.py
[2025-02-24T04:21:24.321+0000] {processor.py:840} INFO - DAG(s) 'latest_only_with_trigger' retrieved from /home/airflow/.local/lib/python3.12/site-packages/airflow/example_dags/example_latest_only_with_trigger.py
[2025-02-24T04:21:24.452+0000] {logging_mixin.py:188} INFO - [2025-02-24T04:21:24.451+0000] {dag.py:3096} INFO - Sync 1 DAGs
[2025-02-24T04:21:24.521+0000] {logging_mixin.py:188} INFO - [2025-02-24T04:21:24.520+0000] {dag.py:3954} INFO - Setting next_dagrun for latest_only_with_trigger to 2025-02-24 00:00:00+00:00, run_after=2025-02-24 04:00:00+00:00
[2025-02-24T04:21:24.588+0000] {processor.py:183} INFO - Processing /home/airflow/.local/lib/python3.12/site-packages/airflow/example_dags/example_latest_only_with_trigger.py took 0.303 seconds
[2025-02-24T04:23:07.199+0000] {processor.py:161} INFO - Started process (PID=3024) to work on /home/airflow/.local/lib/python3.12/site-packages/airflow/example_dags/example_latest_only_with_trigger.py
[2025-02-24T04:23:07.202+0000] {processor.py:830} INFO - Processing file /home/airflow/.local/lib/python3.12/site-packages/airflow/example_dags/example_latest_only_with_trigger.py for tasks to queue
[2025-02-24T04:23:07.204+0000] {logging_mixin.py:188} INFO - [2025-02-24T04:23:07.204+0000] {dagbag.py:540} INFO - Filling up the DagBag from /home/airflow/.local/lib/python3.12/site-packages/airflow/example_dags/example_latest_only_with_trigger.py
[2025-02-24T04:23:07.317+0000] {processor.py:840} INFO - DAG(s) 'latest_only_with_trigger' retrieved from /home/airflow/.local/lib/python3.12/site-packages/airflow/example_dags/example_latest_only_with_trigger.py
[2025-02-24T04:23:08.973+0000] {logging_mixin.py:188} INFO - [2025-02-24T04:23:08.972+0000] {dag.py:3096} INFO - Sync 1 DAGs
[2025-02-24T04:23:09.041+0000] {logging_mixin.py:188} INFO - [2025-02-24T04:23:09.040+0000] {dag.py:3954} INFO - Setting next_dagrun for latest_only_with_trigger to 2025-02-24 00:00:00+00:00, run_after=2025-02-24 04:00:00+00:00
[2025-02-24T04:23:09.096+0000] {processor.py:183} INFO - Processing /home/airflow/.local/lib/python3.12/site-packages/airflow/example_dags/example_latest_only_with_trigger.py took 1.996 seconds
[2025-02-24T04:24:08.886+0000] {processor.py:161} INFO - Started process (PID=3082) to work on /home/airflow/.local/lib/python3.12/site-packages/airflow/example_dags/example_latest_only_with_trigger.py
[2025-02-24T04:24:08.888+0000] {processor.py:830} INFO - Processing file /home/airflow/.local/lib/python3.12/site-packages/airflow/example_dags/example_latest_only_with_trigger.py for tasks to queue
[2025-02-24T04:24:08.889+0000] {logging_mixin.py:188} INFO - [2025-02-24T04:24:08.889+0000] {dagbag.py:540} INFO - Filling up the DagBag from /home/airflow/.local/lib/python3.12/site-packages/airflow/example_dags/example_latest_only_with_trigger.py
[2025-02-24T04:24:08.902+0000] {processor.py:840} INFO - DAG(s) 'latest_only_with_trigger' retrieved from /home/airflow/.local/lib/python3.12/site-packages/airflow/example_dags/example_latest_only_with_trigger.py
[2025-02-24T04:24:08.941+0000] {logging_mixin.py:188} INFO - [2025-02-24T04:24:08.941+0000] {dag.py:3096} INFO - Sync 1 DAGs
[2025-02-24T04:24:08.985+0000] {logging_mixin.py:188} INFO - [2025-02-24T04:24:08.985+0000] {dag.py:3954} INFO - Setting next_dagrun for latest_only_with_trigger to 2025-02-24 00:00:00+00:00, run_after=2025-02-24 04:00:00+00:00
[2025-02-24T04:24:09.025+0000] {processor.py:183} INFO - Processing /home/airflow/.local/lib/python3.12/site-packages/airflow/example_dags/example_latest_only_with_trigger.py took 0.150 seconds
[2025-02-24T04:24:39.189+0000] {processor.py:161} INFO - Started process (PID=3124) to work on /home/airflow/.local/lib/python3.12/site-packages/airflow/example_dags/example_latest_only_with_trigger.py
[2025-02-24T04:24:39.190+0000] {processor.py:830} INFO - Processing file /home/airflow/.local/lib/python3.12/site-packages/airflow/example_dags/example_latest_only_with_trigger.py for tasks to queue
[2025-02-24T04:24:39.191+0000] {logging_mixin.py:188} INFO - [2025-02-24T04:24:39.191+0000] {dagbag.py:540} INFO - Filling up the DagBag from /home/airflow/.local/lib/python3.12/site-packages/airflow/example_dags/example_latest_only_with_trigger.py
[2025-02-24T04:24:39.199+0000] {processor.py:840} INFO - DAG(s) 'latest_only_with_trigger' retrieved from /home/airflow/.local/lib/python3.12/site-packages/airflow/example_dags/example_latest_only_with_trigger.py
[2025-02-24T04:24:39.226+0000] {logging_mixin.py:188} INFO - [2025-02-24T04:24:39.226+0000] {dag.py:3096} INFO - Sync 1 DAGs
[2025-02-24T04:24:39.259+0000] {logging_mixin.py:188} INFO - [2025-02-24T04:24:39.259+0000] {dag.py:3954} INFO - Setting next_dagrun for latest_only_with_trigger to 2025-02-24 00:00:00+00:00, run_after=2025-02-24 04:00:00+00:00
[2025-02-24T04:24:39.282+0000] {processor.py:183} INFO - Processing /home/airflow/.local/lib/python3.12/site-packages/airflow/example_dags/example_latest_only_with_trigger.py took 0.100 seconds
[2025-02-24T04:25:21.892+0000] {processor.py:161} INFO - Started process (PID=3176) to work on /home/airflow/.local/lib/python3.12/site-packages/airflow/example_dags/example_latest_only_with_trigger.py
[2025-02-24T04:25:21.898+0000] {processor.py:830} INFO - Processing file /home/airflow/.local/lib/python3.12/site-packages/airflow/example_dags/example_latest_only_with_trigger.py for tasks to queue
[2025-02-24T04:25:21.902+0000] {logging_mixin.py:188} INFO - [2025-02-24T04:25:21.901+0000] {dagbag.py:540} INFO - Filling up the DagBag from /home/airflow/.local/lib/python3.12/site-packages/airflow/example_dags/example_latest_only_with_trigger.py
[2025-02-24T04:25:21.923+0000] {processor.py:840} INFO - DAG(s) 'latest_only_with_trigger' retrieved from /home/airflow/.local/lib/python3.12/site-packages/airflow/example_dags/example_latest_only_with_trigger.py
[2025-02-24T04:25:21.975+0000] {logging_mixin.py:188} INFO - [2025-02-24T04:25:21.974+0000] {dag.py:3096} INFO - Sync 1 DAGs
[2025-02-24T04:25:22.042+0000] {logging_mixin.py:188} INFO - [2025-02-24T04:25:22.041+0000] {dag.py:3954} INFO - Setting next_dagrun for latest_only_with_trigger to 2025-02-24 00:00:00+00:00, run_after=2025-02-24 04:00:00+00:00
[2025-02-24T04:25:22.095+0000] {processor.py:183} INFO - Processing /home/airflow/.local/lib/python3.12/site-packages/airflow/example_dags/example_latest_only_with_trigger.py took 0.222 seconds
[2025-02-24T04:25:52.318+0000] {processor.py:161} INFO - Started process (PID=3233) to work on /home/airflow/.local/lib/python3.12/site-packages/airflow/example_dags/example_latest_only_with_trigger.py
[2025-02-24T04:25:52.320+0000] {processor.py:830} INFO - Processing file /home/airflow/.local/lib/python3.12/site-packages/airflow/example_dags/example_latest_only_with_trigger.py for tasks to queue
[2025-02-24T04:25:52.323+0000] {logging_mixin.py:188} INFO - [2025-02-24T04:25:52.321+0000] {dagbag.py:540} INFO - Filling up the DagBag from /home/airflow/.local/lib/python3.12/site-packages/airflow/example_dags/example_latest_only_with_trigger.py
[2025-02-24T04:25:52.333+0000] {processor.py:840} INFO - DAG(s) 'latest_only_with_trigger' retrieved from /home/airflow/.local/lib/python3.12/site-packages/airflow/example_dags/example_latest_only_with_trigger.py
[2025-02-24T04:25:52.365+0000] {logging_mixin.py:188} INFO - [2025-02-24T04:25:52.365+0000] {dag.py:3096} INFO - Sync 1 DAGs
[2025-02-24T04:25:52.407+0000] {logging_mixin.py:188} INFO - [2025-02-24T04:25:52.407+0000] {dag.py:3954} INFO - Setting next_dagrun for latest_only_with_trigger to 2025-02-24 00:00:00+00:00, run_after=2025-02-24 04:00:00+00:00
[2025-02-24T04:25:52.436+0000] {processor.py:183} INFO - Processing /home/airflow/.local/lib/python3.12/site-packages/airflow/example_dags/example_latest_only_with_trigger.py took 0.131 seconds
[2025-02-24T04:27:35.033+0000] {processor.py:161} INFO - Started process (PID=3277) to work on /home/airflow/.local/lib/python3.12/site-packages/airflow/example_dags/example_latest_only_with_trigger.py
[2025-02-24T04:27:35.034+0000] {processor.py:830} INFO - Processing file /home/airflow/.local/lib/python3.12/site-packages/airflow/example_dags/example_latest_only_with_trigger.py for tasks to queue
[2025-02-24T04:27:35.035+0000] {logging_mixin.py:188} INFO - [2025-02-24T04:27:35.035+0000] {dagbag.py:540} INFO - Filling up the DagBag from /home/airflow/.local/lib/python3.12/site-packages/airflow/example_dags/example_latest_only_with_trigger.py
[2025-02-24T04:27:35.073+0000] {processor.py:840} INFO - DAG(s) 'latest_only_with_trigger' retrieved from /home/airflow/.local/lib/python3.12/site-packages/airflow/example_dags/example_latest_only_with_trigger.py
[2025-02-24T04:27:35.106+0000] {logging_mixin.py:188} INFO - [2025-02-24T04:27:35.106+0000] {dag.py:3096} INFO - Sync 1 DAGs
[2025-02-24T04:27:35.137+0000] {logging_mixin.py:188} INFO - [2025-02-24T04:27:35.136+0000] {dag.py:3954} INFO - Setting next_dagrun for latest_only_with_trigger to 2025-02-24 00:00:00+00:00, run_after=2025-02-24 04:00:00+00:00
[2025-02-24T04:27:35.227+0000] {processor.py:183} INFO - Processing /home/airflow/.local/lib/python3.12/site-packages/airflow/example_dags/example_latest_only_with_trigger.py took 0.201 seconds
[2025-02-24T04:28:57.290+0000] {processor.py:161} INFO - Started process (PID=3311) to work on /home/airflow/.local/lib/python3.12/site-packages/airflow/example_dags/example_latest_only_with_trigger.py
[2025-02-24T04:28:57.291+0000] {processor.py:830} INFO - Processing file /home/airflow/.local/lib/python3.12/site-packages/airflow/example_dags/example_latest_only_with_trigger.py for tasks to queue
[2025-02-24T04:28:57.293+0000] {logging_mixin.py:188} INFO - [2025-02-24T04:28:57.292+0000] {dagbag.py:540} INFO - Filling up the DagBag from /home/airflow/.local/lib/python3.12/site-packages/airflow/example_dags/example_latest_only_with_trigger.py
[2025-02-24T04:28:57.324+0000] {processor.py:840} INFO - DAG(s) 'latest_only_with_trigger' retrieved from /home/airflow/.local/lib/python3.12/site-packages/airflow/example_dags/example_latest_only_with_trigger.py
[2025-02-24T04:28:57.354+0000] {logging_mixin.py:188} INFO - [2025-02-24T04:28:57.353+0000] {dag.py:3096} INFO - Sync 1 DAGs
[2025-02-24T04:28:57.402+0000] {logging_mixin.py:188} INFO - [2025-02-24T04:28:57.401+0000] {dag.py:3954} INFO - Setting next_dagrun for latest_only_with_trigger to 2025-02-24 00:00:00+00:00, run_after=2025-02-24 04:00:00+00:00
[2025-02-24T04:28:57.487+0000] {processor.py:183} INFO - Processing /home/airflow/.local/lib/python3.12/site-packages/airflow/example_dags/example_latest_only_with_trigger.py took 0.204 seconds
