[2025-02-24T03:54:51.741+0000] {processor.py:161} INFO - Started process (PID=120) to work on /home/airflow/.local/lib/python3.12/site-packages/airflow/example_dags/example_short_circuit_decorator.py
[2025-02-24T03:54:51.743+0000] {processor.py:830} INFO - Processing file /home/airflow/.local/lib/python3.12/site-packages/airflow/example_dags/example_short_circuit_decorator.py for tasks to queue
[2025-02-24T03:54:51.746+0000] {logging_mixin.py:188} INFO - [2025-02-24T03:54:51.745+0000] {dagbag.py:540} INFO - Filling up the DagBag from /home/airflow/.local/lib/python3.12/site-packages/airflow/example_dags/example_short_circuit_decorator.py
[2025-02-24T03:54:51.758+0000] {processor.py:840} INFO - DAG(s) 'example_short_circuit_decorator' retrieved from /home/airflow/.local/lib/python3.12/site-packages/airflow/example_dags/example_short_circuit_decorator.py
[2025-02-24T03:54:51.893+0000] {logging_mixin.py:188} INFO - [2025-02-24T03:54:51.892+0000] {override.py:1829} INFO - Created Permission View: can read on DAG:example_short_circuit_decorator
[2025-02-24T03:54:51.905+0000] {logging_mixin.py:188} INFO - [2025-02-24T03:54:51.905+0000] {override.py:1829} INFO - Created Permission View: can delete on DAG:example_short_circuit_decorator
[2025-02-24T03:54:51.915+0000] {logging_mixin.py:188} INFO - [2025-02-24T03:54:51.914+0000] {override.py:1829} INFO - Created Permission View: can edit on DAG:example_short_circuit_decorator
[2025-02-24T03:54:51.916+0000] {logging_mixin.py:188} INFO - [2025-02-24T03:54:51.915+0000] {dag.py:3096} INFO - Sync 1 DAGs
[2025-02-24T03:54:51.932+0000] {logging_mixin.py:188} INFO - [2025-02-24T03:54:51.931+0000] {dag.py:3118} INFO - Creating ORM DAG for example_short_circuit_decorator
[2025-02-24T03:54:51.944+0000] {logging_mixin.py:188} INFO - [2025-02-24T03:54:51.944+0000] {dag.py:3954} INFO - Setting next_dagrun for example_short_circuit_decorator to 2025-02-23 00:00:00+00:00, run_after=2025-02-24 00:00:00+00:00
[2025-02-24T03:54:51.967+0000] {processor.py:183} INFO - Processing /home/airflow/.local/lib/python3.12/site-packages/airflow/example_dags/example_short_circuit_decorator.py took 0.234 seconds
[2025-02-24T03:55:22.570+0000] {processor.py:161} INFO - Started process (PID=180) to work on /home/airflow/.local/lib/python3.12/site-packages/airflow/example_dags/example_short_circuit_decorator.py
[2025-02-24T03:55:22.571+0000] {processor.py:830} INFO - Processing file /home/airflow/.local/lib/python3.12/site-packages/airflow/example_dags/example_short_circuit_decorator.py for tasks to queue
[2025-02-24T03:55:22.573+0000] {logging_mixin.py:188} INFO - [2025-02-24T03:55:22.573+0000] {dagbag.py:540} INFO - Filling up the DagBag from /home/airflow/.local/lib/python3.12/site-packages/airflow/example_dags/example_short_circuit_decorator.py
[2025-02-24T03:55:22.583+0000] {processor.py:840} INFO - DAG(s) 'example_short_circuit_decorator' retrieved from /home/airflow/.local/lib/python3.12/site-packages/airflow/example_dags/example_short_circuit_decorator.py
[2025-02-24T03:55:22.610+0000] {logging_mixin.py:188} INFO - [2025-02-24T03:55:22.609+0000] {dag.py:3096} INFO - Sync 1 DAGs
[2025-02-24T03:55:22.634+0000] {logging_mixin.py:188} INFO - [2025-02-24T03:55:22.634+0000] {dag.py:3954} INFO - Setting next_dagrun for example_short_circuit_decorator to 2025-02-23 00:00:00+00:00, run_after=2025-02-24 00:00:00+00:00
[2025-02-24T03:55:22.655+0000] {processor.py:183} INFO - Processing /home/airflow/.local/lib/python3.12/site-packages/airflow/example_dags/example_short_circuit_decorator.py took 0.093 seconds
[2025-02-24T03:55:56.888+0000] {processor.py:161} INFO - Started process (PID=242) to work on /home/airflow/.local/lib/python3.12/site-packages/airflow/example_dags/example_short_circuit_decorator.py
[2025-02-24T03:55:56.890+0000] {processor.py:830} INFO - Processing file /home/airflow/.local/lib/python3.12/site-packages/airflow/example_dags/example_short_circuit_decorator.py for tasks to queue
[2025-02-24T03:55:56.892+0000] {logging_mixin.py:188} INFO - [2025-02-24T03:55:56.891+0000] {dagbag.py:540} INFO - Filling up the DagBag from /home/airflow/.local/lib/python3.12/site-packages/airflow/example_dags/example_short_circuit_decorator.py
[2025-02-24T03:55:56.904+0000] {processor.py:840} INFO - DAG(s) 'example_short_circuit_decorator' retrieved from /home/airflow/.local/lib/python3.12/site-packages/airflow/example_dags/example_short_circuit_decorator.py
[2025-02-24T03:55:56.940+0000] {logging_mixin.py:188} INFO - [2025-02-24T03:55:56.939+0000] {dag.py:3096} INFO - Sync 1 DAGs
[2025-02-24T03:55:56.981+0000] {logging_mixin.py:188} INFO - [2025-02-24T03:55:56.980+0000] {dag.py:3954} INFO - Setting next_dagrun for example_short_circuit_decorator to 2025-02-23 00:00:00+00:00, run_after=2025-02-24 00:00:00+00:00
[2025-02-24T03:55:57.007+0000] {processor.py:183} INFO - Processing /home/airflow/.local/lib/python3.12/site-packages/airflow/example_dags/example_short_circuit_decorator.py took 0.125 seconds
[2025-02-24T03:56:27.395+0000] {processor.py:161} INFO - Started process (PID=303) to work on /home/airflow/.local/lib/python3.12/site-packages/airflow/example_dags/example_short_circuit_decorator.py
[2025-02-24T03:56:27.396+0000] {processor.py:830} INFO - Processing file /home/airflow/.local/lib/python3.12/site-packages/airflow/example_dags/example_short_circuit_decorator.py for tasks to queue
[2025-02-24T03:56:27.399+0000] {logging_mixin.py:188} INFO - [2025-02-24T03:56:27.398+0000] {dagbag.py:540} INFO - Filling up the DagBag from /home/airflow/.local/lib/python3.12/site-packages/airflow/example_dags/example_short_circuit_decorator.py
[2025-02-24T03:56:27.409+0000] {processor.py:840} INFO - DAG(s) 'example_short_circuit_decorator' retrieved from /home/airflow/.local/lib/python3.12/site-packages/airflow/example_dags/example_short_circuit_decorator.py
[2025-02-24T03:56:27.425+0000] {logging_mixin.py:188} INFO - [2025-02-24T03:56:27.425+0000] {dag.py:3096} INFO - Sync 1 DAGs
[2025-02-24T03:56:27.451+0000] {logging_mixin.py:188} INFO - [2025-02-24T03:56:27.450+0000] {dag.py:3954} INFO - Setting next_dagrun for example_short_circuit_decorator to 2025-02-23 00:00:00+00:00, run_after=2025-02-24 00:00:00+00:00
[2025-02-24T03:56:27.475+0000] {processor.py:183} INFO - Processing /home/airflow/.local/lib/python3.12/site-packages/airflow/example_dags/example_short_circuit_decorator.py took 0.087 seconds
[2025-02-24T03:56:58.453+0000] {processor.py:161} INFO - Started process (PID=363) to work on /home/airflow/.local/lib/python3.12/site-packages/airflow/example_dags/example_short_circuit_decorator.py
[2025-02-24T03:56:58.455+0000] {processor.py:830} INFO - Processing file /home/airflow/.local/lib/python3.12/site-packages/airflow/example_dags/example_short_circuit_decorator.py for tasks to queue
[2025-02-24T03:56:58.457+0000] {logging_mixin.py:188} INFO - [2025-02-24T03:56:58.457+0000] {dagbag.py:540} INFO - Filling up the DagBag from /home/airflow/.local/lib/python3.12/site-packages/airflow/example_dags/example_short_circuit_decorator.py
[2025-02-24T03:56:58.467+0000] {processor.py:840} INFO - DAG(s) 'example_short_circuit_decorator' retrieved from /home/airflow/.local/lib/python3.12/site-packages/airflow/example_dags/example_short_circuit_decorator.py
[2025-02-24T03:56:58.589+0000] {logging_mixin.py:188} INFO - [2025-02-24T03:56:58.589+0000] {dag.py:3096} INFO - Sync 1 DAGs
[2025-02-24T03:56:58.611+0000] {logging_mixin.py:188} INFO - [2025-02-24T03:56:58.611+0000] {dag.py:3954} INFO - Setting next_dagrun for example_short_circuit_decorator to 2025-02-23 00:00:00+00:00, run_after=2025-02-24 00:00:00+00:00
[2025-02-24T03:56:58.634+0000] {processor.py:183} INFO - Processing /home/airflow/.local/lib/python3.12/site-packages/airflow/example_dags/example_short_circuit_decorator.py took 0.187 seconds
[2025-02-24T03:57:29.130+0000] {processor.py:161} INFO - Started process (PID=424) to work on /home/airflow/.local/lib/python3.12/site-packages/airflow/example_dags/example_short_circuit_decorator.py
[2025-02-24T03:57:29.131+0000] {processor.py:830} INFO - Processing file /home/airflow/.local/lib/python3.12/site-packages/airflow/example_dags/example_short_circuit_decorator.py for tasks to queue
[2025-02-24T03:57:29.135+0000] {logging_mixin.py:188} INFO - [2025-02-24T03:57:29.134+0000] {dagbag.py:540} INFO - Filling up the DagBag from /home/airflow/.local/lib/python3.12/site-packages/airflow/example_dags/example_short_circuit_decorator.py
[2025-02-24T03:57:29.151+0000] {processor.py:840} INFO - DAG(s) 'example_short_circuit_decorator' retrieved from /home/airflow/.local/lib/python3.12/site-packages/airflow/example_dags/example_short_circuit_decorator.py
[2025-02-24T03:57:29.187+0000] {logging_mixin.py:188} INFO - [2025-02-24T03:57:29.186+0000] {dag.py:3096} INFO - Sync 1 DAGs
[2025-02-24T03:57:29.230+0000] {logging_mixin.py:188} INFO - [2025-02-24T03:57:29.230+0000] {dag.py:3954} INFO - Setting next_dagrun for example_short_circuit_decorator to 2025-02-23 00:00:00+00:00, run_after=2025-02-24 00:00:00+00:00
[2025-02-24T03:57:29.316+0000] {processor.py:183} INFO - Processing /home/airflow/.local/lib/python3.12/site-packages/airflow/example_dags/example_short_circuit_decorator.py took 0.200 seconds
[2025-02-24T03:57:59.820+0000] {processor.py:161} INFO - Started process (PID=484) to work on /home/airflow/.local/lib/python3.12/site-packages/airflow/example_dags/example_short_circuit_decorator.py
[2025-02-24T03:57:59.822+0000] {processor.py:830} INFO - Processing file /home/airflow/.local/lib/python3.12/site-packages/airflow/example_dags/example_short_circuit_decorator.py for tasks to queue
[2025-02-24T03:57:59.825+0000] {logging_mixin.py:188} INFO - [2025-02-24T03:57:59.824+0000] {dagbag.py:540} INFO - Filling up the DagBag from /home/airflow/.local/lib/python3.12/site-packages/airflow/example_dags/example_short_circuit_decorator.py
[2025-02-24T03:57:59.836+0000] {processor.py:840} INFO - DAG(s) 'example_short_circuit_decorator' retrieved from /home/airflow/.local/lib/python3.12/site-packages/airflow/example_dags/example_short_circuit_decorator.py
[2025-02-24T03:57:59.864+0000] {logging_mixin.py:188} INFO - [2025-02-24T03:57:59.863+0000] {dag.py:3096} INFO - Sync 1 DAGs
[2025-02-24T03:57:59.891+0000] {logging_mixin.py:188} INFO - [2025-02-24T03:57:59.891+0000] {dag.py:3954} INFO - Setting next_dagrun for example_short_circuit_decorator to 2025-02-23 00:00:00+00:00, run_after=2025-02-24 00:00:00+00:00
[2025-02-24T03:57:59.913+0000] {processor.py:183} INFO - Processing /home/airflow/.local/lib/python3.12/site-packages/airflow/example_dags/example_short_circuit_decorator.py took 0.101 seconds
[2025-02-24T03:58:44.089+0000] {processor.py:161} INFO - Started process (PID=554) to work on /home/airflow/.local/lib/python3.12/site-packages/airflow/example_dags/example_short_circuit_decorator.py
[2025-02-24T03:58:44.157+0000] {processor.py:830} INFO - Processing file /home/airflow/.local/lib/python3.12/site-packages/airflow/example_dags/example_short_circuit_decorator.py for tasks to queue
[2025-02-24T03:58:44.162+0000] {logging_mixin.py:188} INFO - [2025-02-24T03:58:44.161+0000] {dagbag.py:540} INFO - Filling up the DagBag from /home/airflow/.local/lib/python3.12/site-packages/airflow/example_dags/example_short_circuit_decorator.py
[2025-02-24T03:58:44.184+0000] {processor.py:840} INFO - DAG(s) 'example_short_circuit_decorator' retrieved from /home/airflow/.local/lib/python3.12/site-packages/airflow/example_dags/example_short_circuit_decorator.py
[2025-02-24T03:58:44.242+0000] {logging_mixin.py:188} INFO - [2025-02-24T03:58:44.241+0000] {dag.py:3096} INFO - Sync 1 DAGs
[2025-02-24T03:58:44.271+0000] {logging_mixin.py:188} INFO - [2025-02-24T03:58:44.271+0000] {dag.py:3954} INFO - Setting next_dagrun for example_short_circuit_decorator to 2025-02-23 00:00:00+00:00, run_after=2025-02-24 00:00:00+00:00
[2025-02-24T03:58:44.494+0000] {processor.py:183} INFO - Processing /home/airflow/.local/lib/python3.12/site-packages/airflow/example_dags/example_short_circuit_decorator.py took 0.411 seconds
[2025-02-24T03:59:15.135+0000] {processor.py:161} INFO - Started process (PID=614) to work on /home/airflow/.local/lib/python3.12/site-packages/airflow/example_dags/example_short_circuit_decorator.py
[2025-02-24T03:59:15.137+0000] {processor.py:830} INFO - Processing file /home/airflow/.local/lib/python3.12/site-packages/airflow/example_dags/example_short_circuit_decorator.py for tasks to queue
[2025-02-24T03:59:15.140+0000] {logging_mixin.py:188} INFO - [2025-02-24T03:59:15.139+0000] {dagbag.py:540} INFO - Filling up the DagBag from /home/airflow/.local/lib/python3.12/site-packages/airflow/example_dags/example_short_circuit_decorator.py
[2025-02-24T03:59:15.157+0000] {processor.py:840} INFO - DAG(s) 'example_short_circuit_decorator' retrieved from /home/airflow/.local/lib/python3.12/site-packages/airflow/example_dags/example_short_circuit_decorator.py
[2025-02-24T03:59:15.204+0000] {logging_mixin.py:188} INFO - [2025-02-24T03:59:15.204+0000] {dag.py:3096} INFO - Sync 1 DAGs
[2025-02-24T03:59:15.244+0000] {logging_mixin.py:188} INFO - [2025-02-24T03:59:15.243+0000] {dag.py:3954} INFO - Setting next_dagrun for example_short_circuit_decorator to 2025-02-23 00:00:00+00:00, run_after=2025-02-24 00:00:00+00:00
[2025-02-24T03:59:15.281+0000] {processor.py:183} INFO - Processing /home/airflow/.local/lib/python3.12/site-packages/airflow/example_dags/example_short_circuit_decorator.py took 0.156 seconds
[2025-02-24T03:59:46.084+0000] {processor.py:161} INFO - Started process (PID=674) to work on /home/airflow/.local/lib/python3.12/site-packages/airflow/example_dags/example_short_circuit_decorator.py
[2025-02-24T03:59:46.086+0000] {processor.py:830} INFO - Processing file /home/airflow/.local/lib/python3.12/site-packages/airflow/example_dags/example_short_circuit_decorator.py for tasks to queue
[2025-02-24T03:59:46.089+0000] {logging_mixin.py:188} INFO - [2025-02-24T03:59:46.088+0000] {dagbag.py:540} INFO - Filling up the DagBag from /home/airflow/.local/lib/python3.12/site-packages/airflow/example_dags/example_short_circuit_decorator.py
[2025-02-24T03:59:46.102+0000] {processor.py:840} INFO - DAG(s) 'example_short_circuit_decorator' retrieved from /home/airflow/.local/lib/python3.12/site-packages/airflow/example_dags/example_short_circuit_decorator.py
[2025-02-24T03:59:46.132+0000] {logging_mixin.py:188} INFO - [2025-02-24T03:59:46.132+0000] {dag.py:3096} INFO - Sync 1 DAGs
[2025-02-24T03:59:46.164+0000] {logging_mixin.py:188} INFO - [2025-02-24T03:59:46.164+0000] {dag.py:3954} INFO - Setting next_dagrun for example_short_circuit_decorator to 2025-02-23 00:00:00+00:00, run_after=2025-02-24 00:00:00+00:00
[2025-02-24T03:59:46.198+0000] {processor.py:183} INFO - Processing /home/airflow/.local/lib/python3.12/site-packages/airflow/example_dags/example_short_circuit_decorator.py took 0.124 seconds
[2025-02-24T04:00:16.610+0000] {processor.py:161} INFO - Started process (PID=732) to work on /home/airflow/.local/lib/python3.12/site-packages/airflow/example_dags/example_short_circuit_decorator.py
[2025-02-24T04:00:16.611+0000] {processor.py:830} INFO - Processing file /home/airflow/.local/lib/python3.12/site-packages/airflow/example_dags/example_short_circuit_decorator.py for tasks to queue
[2025-02-24T04:00:16.614+0000] {logging_mixin.py:188} INFO - [2025-02-24T04:00:16.613+0000] {dagbag.py:540} INFO - Filling up the DagBag from /home/airflow/.local/lib/python3.12/site-packages/airflow/example_dags/example_short_circuit_decorator.py
[2025-02-24T04:00:16.627+0000] {processor.py:840} INFO - DAG(s) 'example_short_circuit_decorator' retrieved from /home/airflow/.local/lib/python3.12/site-packages/airflow/example_dags/example_short_circuit_decorator.py
[2025-02-24T04:00:16.655+0000] {logging_mixin.py:188} INFO - [2025-02-24T04:00:16.654+0000] {dag.py:3096} INFO - Sync 1 DAGs
[2025-02-24T04:00:16.682+0000] {logging_mixin.py:188} INFO - [2025-02-24T04:00:16.682+0000] {dag.py:3954} INFO - Setting next_dagrun for example_short_circuit_decorator to 2025-02-23 00:00:00+00:00, run_after=2025-02-24 00:00:00+00:00
[2025-02-24T04:00:16.708+0000] {processor.py:183} INFO - Processing /home/airflow/.local/lib/python3.12/site-packages/airflow/example_dags/example_short_circuit_decorator.py took 0.106 seconds
[2025-02-24T04:00:47.525+0000] {processor.py:161} INFO - Started process (PID=792) to work on /home/airflow/.local/lib/python3.12/site-packages/airflow/example_dags/example_short_circuit_decorator.py
[2025-02-24T04:00:47.526+0000] {processor.py:830} INFO - Processing file /home/airflow/.local/lib/python3.12/site-packages/airflow/example_dags/example_short_circuit_decorator.py for tasks to queue
[2025-02-24T04:00:47.529+0000] {logging_mixin.py:188} INFO - [2025-02-24T04:00:47.528+0000] {dagbag.py:540} INFO - Filling up the DagBag from /home/airflow/.local/lib/python3.12/site-packages/airflow/example_dags/example_short_circuit_decorator.py
[2025-02-24T04:00:47.540+0000] {processor.py:840} INFO - DAG(s) 'example_short_circuit_decorator' retrieved from /home/airflow/.local/lib/python3.12/site-packages/airflow/example_dags/example_short_circuit_decorator.py
[2025-02-24T04:00:47.568+0000] {logging_mixin.py:188} INFO - [2025-02-24T04:00:47.568+0000] {dag.py:3096} INFO - Sync 1 DAGs
[2025-02-24T04:00:47.599+0000] {logging_mixin.py:188} INFO - [2025-02-24T04:00:47.599+0000] {dag.py:3954} INFO - Setting next_dagrun for example_short_circuit_decorator to 2025-02-23 00:00:00+00:00, run_after=2025-02-24 00:00:00+00:00
[2025-02-24T04:00:47.626+0000] {processor.py:183} INFO - Processing /home/airflow/.local/lib/python3.12/site-packages/airflow/example_dags/example_short_circuit_decorator.py took 0.108 seconds
[2025-02-24T04:01:17.959+0000] {processor.py:161} INFO - Started process (PID=852) to work on /home/airflow/.local/lib/python3.12/site-packages/airflow/example_dags/example_short_circuit_decorator.py
[2025-02-24T04:01:17.962+0000] {processor.py:830} INFO - Processing file /home/airflow/.local/lib/python3.12/site-packages/airflow/example_dags/example_short_circuit_decorator.py for tasks to queue
[2025-02-24T04:01:17.965+0000] {logging_mixin.py:188} INFO - [2025-02-24T04:01:17.965+0000] {dagbag.py:540} INFO - Filling up the DagBag from /home/airflow/.local/lib/python3.12/site-packages/airflow/example_dags/example_short_circuit_decorator.py
[2025-02-24T04:01:17.978+0000] {processor.py:840} INFO - DAG(s) 'example_short_circuit_decorator' retrieved from /home/airflow/.local/lib/python3.12/site-packages/airflow/example_dags/example_short_circuit_decorator.py
[2025-02-24T04:01:18.010+0000] {logging_mixin.py:188} INFO - [2025-02-24T04:01:18.010+0000] {dag.py:3096} INFO - Sync 1 DAGs
[2025-02-24T04:01:18.046+0000] {logging_mixin.py:188} INFO - [2025-02-24T04:01:18.046+0000] {dag.py:3954} INFO - Setting next_dagrun for example_short_circuit_decorator to 2025-02-23 00:00:00+00:00, run_after=2025-02-24 00:00:00+00:00
[2025-02-24T04:01:18.072+0000] {processor.py:183} INFO - Processing /home/airflow/.local/lib/python3.12/site-packages/airflow/example_dags/example_short_circuit_decorator.py took 0.122 seconds
[2025-02-24T04:01:48.398+0000] {processor.py:161} INFO - Started process (PID=912) to work on /home/airflow/.local/lib/python3.12/site-packages/airflow/example_dags/example_short_circuit_decorator.py
[2025-02-24T04:01:48.400+0000] {processor.py:830} INFO - Processing file /home/airflow/.local/lib/python3.12/site-packages/airflow/example_dags/example_short_circuit_decorator.py for tasks to queue
[2025-02-24T04:01:48.403+0000] {logging_mixin.py:188} INFO - [2025-02-24T04:01:48.402+0000] {dagbag.py:540} INFO - Filling up the DagBag from /home/airflow/.local/lib/python3.12/site-packages/airflow/example_dags/example_short_circuit_decorator.py
[2025-02-24T04:01:48.418+0000] {processor.py:840} INFO - DAG(s) 'example_short_circuit_decorator' retrieved from /home/airflow/.local/lib/python3.12/site-packages/airflow/example_dags/example_short_circuit_decorator.py
[2025-02-24T04:01:48.457+0000] {logging_mixin.py:188} INFO - [2025-02-24T04:01:48.457+0000] {dag.py:3096} INFO - Sync 1 DAGs
[2025-02-24T04:01:48.495+0000] {logging_mixin.py:188} INFO - [2025-02-24T04:01:48.494+0000] {dag.py:3954} INFO - Setting next_dagrun for example_short_circuit_decorator to 2025-02-23 00:00:00+00:00, run_after=2025-02-24 00:00:00+00:00
[2025-02-24T04:01:48.529+0000] {processor.py:183} INFO - Processing /home/airflow/.local/lib/python3.12/site-packages/airflow/example_dags/example_short_circuit_decorator.py took 0.137 seconds
[2025-02-24T04:02:18.804+0000] {processor.py:161} INFO - Started process (PID=972) to work on /home/airflow/.local/lib/python3.12/site-packages/airflow/example_dags/example_short_circuit_decorator.py
[2025-02-24T04:02:18.806+0000] {processor.py:830} INFO - Processing file /home/airflow/.local/lib/python3.12/site-packages/airflow/example_dags/example_short_circuit_decorator.py for tasks to queue
[2025-02-24T04:02:18.811+0000] {logging_mixin.py:188} INFO - [2025-02-24T04:02:18.810+0000] {dagbag.py:540} INFO - Filling up the DagBag from /home/airflow/.local/lib/python3.12/site-packages/airflow/example_dags/example_short_circuit_decorator.py
[2025-02-24T04:02:18.840+0000] {processor.py:840} INFO - DAG(s) 'example_short_circuit_decorator' retrieved from /home/airflow/.local/lib/python3.12/site-packages/airflow/example_dags/example_short_circuit_decorator.py
[2025-02-24T04:02:18.894+0000] {logging_mixin.py:188} INFO - [2025-02-24T04:02:18.894+0000] {dag.py:3096} INFO - Sync 1 DAGs
[2025-02-24T04:02:18.943+0000] {logging_mixin.py:188} INFO - [2025-02-24T04:02:18.943+0000] {dag.py:3954} INFO - Setting next_dagrun for example_short_circuit_decorator to 2025-02-23 00:00:00+00:00, run_after=2025-02-24 00:00:00+00:00
[2025-02-24T04:02:19.001+0000] {processor.py:183} INFO - Processing /home/airflow/.local/lib/python3.12/site-packages/airflow/example_dags/example_short_circuit_decorator.py took 0.203 seconds
[2025-02-24T04:02:50.136+0000] {processor.py:161} INFO - Started process (PID=1042) to work on /home/airflow/.local/lib/python3.12/site-packages/airflow/example_dags/example_short_circuit_decorator.py
[2025-02-24T04:02:50.138+0000] {processor.py:830} INFO - Processing file /home/airflow/.local/lib/python3.12/site-packages/airflow/example_dags/example_short_circuit_decorator.py for tasks to queue
[2025-02-24T04:02:50.142+0000] {logging_mixin.py:188} INFO - [2025-02-24T04:02:50.141+0000] {dagbag.py:540} INFO - Filling up the DagBag from /home/airflow/.local/lib/python3.12/site-packages/airflow/example_dags/example_short_circuit_decorator.py
[2025-02-24T04:02:50.154+0000] {processor.py:840} INFO - DAG(s) 'example_short_circuit_decorator' retrieved from /home/airflow/.local/lib/python3.12/site-packages/airflow/example_dags/example_short_circuit_decorator.py
[2025-02-24T04:02:50.197+0000] {logging_mixin.py:188} INFO - [2025-02-24T04:02:50.196+0000] {dag.py:3096} INFO - Sync 1 DAGs
[2025-02-24T04:02:50.239+0000] {logging_mixin.py:188} INFO - [2025-02-24T04:02:50.239+0000] {dag.py:3954} INFO - Setting next_dagrun for example_short_circuit_decorator to 2025-02-23 00:00:00+00:00, run_after=2025-02-24 00:00:00+00:00
[2025-02-24T04:02:50.275+0000] {processor.py:183} INFO - Processing /home/airflow/.local/lib/python3.12/site-packages/airflow/example_dags/example_short_circuit_decorator.py took 0.146 seconds
[2025-02-24T04:03:18.794+0000] {processor.py:161} INFO - Started process (PID=1103) to work on /home/airflow/.local/lib/python3.12/site-packages/airflow/example_dags/example_short_circuit_decorator.py
[2025-02-24T04:03:18.795+0000] {processor.py:830} INFO - Processing file /home/airflow/.local/lib/python3.12/site-packages/airflow/example_dags/example_short_circuit_decorator.py for tasks to queue
[2025-02-24T04:03:18.800+0000] {logging_mixin.py:188} INFO - [2025-02-24T04:03:18.798+0000] {dagbag.py:540} INFO - Filling up the DagBag from /home/airflow/.local/lib/python3.12/site-packages/airflow/example_dags/example_short_circuit_decorator.py
[2025-02-24T04:03:18.814+0000] {processor.py:840} INFO - DAG(s) 'example_short_circuit_decorator' retrieved from /home/airflow/.local/lib/python3.12/site-packages/airflow/example_dags/example_short_circuit_decorator.py
[2025-02-24T04:03:18.849+0000] {logging_mixin.py:188} INFO - [2025-02-24T04:03:18.848+0000] {dag.py:3096} INFO - Sync 1 DAGs
[2025-02-24T04:03:18.882+0000] {logging_mixin.py:188} INFO - [2025-02-24T04:03:18.882+0000] {dag.py:3954} INFO - Setting next_dagrun for example_short_circuit_decorator to 2025-02-23 00:00:00+00:00, run_after=2025-02-24 00:00:00+00:00
[2025-02-24T04:03:18.958+0000] {processor.py:183} INFO - Processing /home/airflow/.local/lib/python3.12/site-packages/airflow/example_dags/example_short_circuit_decorator.py took 0.172 seconds
[2025-02-24T04:03:49.204+0000] {processor.py:161} INFO - Started process (PID=1157) to work on /home/airflow/.local/lib/python3.12/site-packages/airflow/example_dags/example_short_circuit_decorator.py
[2025-02-24T04:03:49.205+0000] {processor.py:830} INFO - Processing file /home/airflow/.local/lib/python3.12/site-packages/airflow/example_dags/example_short_circuit_decorator.py for tasks to queue
[2025-02-24T04:03:49.207+0000] {logging_mixin.py:188} INFO - [2025-02-24T04:03:49.207+0000] {dagbag.py:540} INFO - Filling up the DagBag from /home/airflow/.local/lib/python3.12/site-packages/airflow/example_dags/example_short_circuit_decorator.py
[2025-02-24T04:03:49.220+0000] {processor.py:840} INFO - DAG(s) 'example_short_circuit_decorator' retrieved from /home/airflow/.local/lib/python3.12/site-packages/airflow/example_dags/example_short_circuit_decorator.py
[2025-02-24T04:03:49.428+0000] {logging_mixin.py:188} INFO - [2025-02-24T04:03:49.428+0000] {dag.py:3096} INFO - Sync 1 DAGs
[2025-02-24T04:03:49.459+0000] {logging_mixin.py:188} INFO - [2025-02-24T04:03:49.458+0000] {dag.py:3954} INFO - Setting next_dagrun for example_short_circuit_decorator to 2025-02-23 00:00:00+00:00, run_after=2025-02-24 00:00:00+00:00
[2025-02-24T04:03:49.481+0000] {processor.py:183} INFO - Processing /home/airflow/.local/lib/python3.12/site-packages/airflow/example_dags/example_short_circuit_decorator.py took 0.286 seconds
[2025-02-24T04:04:18.576+0000] {processor.py:161} INFO - Started process (PID=1220) to work on /home/airflow/.local/lib/python3.12/site-packages/airflow/example_dags/example_short_circuit_decorator.py
[2025-02-24T04:04:18.577+0000] {processor.py:830} INFO - Processing file /home/airflow/.local/lib/python3.12/site-packages/airflow/example_dags/example_short_circuit_decorator.py for tasks to queue
[2025-02-24T04:04:18.580+0000] {logging_mixin.py:188} INFO - [2025-02-24T04:04:18.580+0000] {dagbag.py:540} INFO - Filling up the DagBag from /home/airflow/.local/lib/python3.12/site-packages/airflow/example_dags/example_short_circuit_decorator.py
[2025-02-24T04:04:18.593+0000] {processor.py:840} INFO - DAG(s) 'example_short_circuit_decorator' retrieved from /home/airflow/.local/lib/python3.12/site-packages/airflow/example_dags/example_short_circuit_decorator.py
[2025-02-24T04:04:18.626+0000] {logging_mixin.py:188} INFO - [2025-02-24T04:04:18.626+0000] {dag.py:3096} INFO - Sync 1 DAGs
[2025-02-24T04:04:18.880+0000] {logging_mixin.py:188} INFO - [2025-02-24T04:04:18.880+0000] {dag.py:3954} INFO - Setting next_dagrun for example_short_circuit_decorator to 2025-02-23 00:00:00+00:00, run_after=2025-02-24 00:00:00+00:00
[2025-02-24T04:04:18.908+0000] {processor.py:183} INFO - Processing /home/airflow/.local/lib/python3.12/site-packages/airflow/example_dags/example_short_circuit_decorator.py took 0.342 seconds
[2025-02-24T04:04:50.201+0000] {processor.py:161} INFO - Started process (PID=1275) to work on /home/airflow/.local/lib/python3.12/site-packages/airflow/example_dags/example_short_circuit_decorator.py
[2025-02-24T04:04:50.202+0000] {processor.py:830} INFO - Processing file /home/airflow/.local/lib/python3.12/site-packages/airflow/example_dags/example_short_circuit_decorator.py for tasks to queue
[2025-02-24T04:04:50.205+0000] {logging_mixin.py:188} INFO - [2025-02-24T04:04:50.204+0000] {dagbag.py:540} INFO - Filling up the DagBag from /home/airflow/.local/lib/python3.12/site-packages/airflow/example_dags/example_short_circuit_decorator.py
[2025-02-24T04:04:50.220+0000] {processor.py:840} INFO - DAG(s) 'example_short_circuit_decorator' retrieved from /home/airflow/.local/lib/python3.12/site-packages/airflow/example_dags/example_short_circuit_decorator.py
[2025-02-24T04:04:47.764+0000] {logging_mixin.py:188} INFO - [2025-02-24T04:04:47.763+0000] {dag.py:3096} INFO - Sync 1 DAGs
[2025-02-24T04:04:47.789+0000] {logging_mixin.py:188} INFO - [2025-02-24T04:04:47.789+0000] {dag.py:3954} INFO - Setting next_dagrun for example_short_circuit_decorator to 2025-02-23 00:00:00+00:00, run_after=2025-02-24 00:00:00+00:00
[2025-02-24T04:04:47.811+0000] {processor.py:183} INFO - Processing /home/airflow/.local/lib/python3.12/site-packages/airflow/example_dags/example_short_circuit_decorator.py took 0.103 seconds
[2025-02-24T04:05:17.888+0000] {processor.py:161} INFO - Started process (PID=1319) to work on /home/airflow/.local/lib/python3.12/site-packages/airflow/example_dags/example_short_circuit_decorator.py
[2025-02-24T04:05:17.891+0000] {processor.py:830} INFO - Processing file /home/airflow/.local/lib/python3.12/site-packages/airflow/example_dags/example_short_circuit_decorator.py for tasks to queue
[2025-02-24T04:05:17.893+0000] {logging_mixin.py:188} INFO - [2025-02-24T04:05:17.893+0000] {dagbag.py:540} INFO - Filling up the DagBag from /home/airflow/.local/lib/python3.12/site-packages/airflow/example_dags/example_short_circuit_decorator.py
[2025-02-24T04:05:17.904+0000] {processor.py:840} INFO - DAG(s) 'example_short_circuit_decorator' retrieved from /home/airflow/.local/lib/python3.12/site-packages/airflow/example_dags/example_short_circuit_decorator.py
[2025-02-24T04:05:17.931+0000] {logging_mixin.py:188} INFO - [2025-02-24T04:05:17.930+0000] {dag.py:3096} INFO - Sync 1 DAGs
[2025-02-24T04:05:18.120+0000] {logging_mixin.py:188} INFO - [2025-02-24T04:05:18.120+0000] {dag.py:3954} INFO - Setting next_dagrun for example_short_circuit_decorator to 2025-02-23 00:00:00+00:00, run_after=2025-02-24 00:00:00+00:00
[2025-02-24T04:05:18.147+0000] {processor.py:183} INFO - Processing /home/airflow/.local/lib/python3.12/site-packages/airflow/example_dags/example_short_circuit_decorator.py took 0.265 seconds
[2025-02-24T04:05:48.326+0000] {processor.py:161} INFO - Started process (PID=1380) to work on /home/airflow/.local/lib/python3.12/site-packages/airflow/example_dags/example_short_circuit_decorator.py
[2025-02-24T04:05:48.379+0000] {processor.py:830} INFO - Processing file /home/airflow/.local/lib/python3.12/site-packages/airflow/example_dags/example_short_circuit_decorator.py for tasks to queue
[2025-02-24T04:05:48.385+0000] {logging_mixin.py:188} INFO - [2025-02-24T04:05:48.384+0000] {dagbag.py:540} INFO - Filling up the DagBag from /home/airflow/.local/lib/python3.12/site-packages/airflow/example_dags/example_short_circuit_decorator.py
[2025-02-24T04:05:48.418+0000] {processor.py:840} INFO - DAG(s) 'example_short_circuit_decorator' retrieved from /home/airflow/.local/lib/python3.12/site-packages/airflow/example_dags/example_short_circuit_decorator.py
[2025-02-24T04:05:48.509+0000] {logging_mixin.py:188} INFO - [2025-02-24T04:05:48.509+0000] {dag.py:3096} INFO - Sync 1 DAGs
[2025-02-24T04:05:48.576+0000] {logging_mixin.py:188} INFO - [2025-02-24T04:05:48.575+0000] {dag.py:3954} INFO - Setting next_dagrun for example_short_circuit_decorator to 2025-02-23 00:00:00+00:00, run_after=2025-02-24 00:00:00+00:00
[2025-02-24T04:05:48.658+0000] {processor.py:183} INFO - Processing /home/airflow/.local/lib/python3.12/site-packages/airflow/example_dags/example_short_circuit_decorator.py took 0.345 seconds
[2025-02-24T04:06:18.867+0000] {processor.py:161} INFO - Started process (PID=1441) to work on /home/airflow/.local/lib/python3.12/site-packages/airflow/example_dags/example_short_circuit_decorator.py
[2025-02-24T04:06:18.869+0000] {processor.py:830} INFO - Processing file /home/airflow/.local/lib/python3.12/site-packages/airflow/example_dags/example_short_circuit_decorator.py for tasks to queue
[2025-02-24T04:06:18.872+0000] {logging_mixin.py:188} INFO - [2025-02-24T04:06:18.871+0000] {dagbag.py:540} INFO - Filling up the DagBag from /home/airflow/.local/lib/python3.12/site-packages/airflow/example_dags/example_short_circuit_decorator.py
[2025-02-24T04:06:18.883+0000] {processor.py:840} INFO - DAG(s) 'example_short_circuit_decorator' retrieved from /home/airflow/.local/lib/python3.12/site-packages/airflow/example_dags/example_short_circuit_decorator.py
[2025-02-24T04:06:18.912+0000] {logging_mixin.py:188} INFO - [2025-02-24T04:06:18.912+0000] {dag.py:3096} INFO - Sync 1 DAGs
[2025-02-24T04:06:18.938+0000] {logging_mixin.py:188} INFO - [2025-02-24T04:06:18.937+0000] {dag.py:3954} INFO - Setting next_dagrun for example_short_circuit_decorator to 2025-02-23 00:00:00+00:00, run_after=2025-02-24 00:00:00+00:00
[2025-02-24T04:06:18.963+0000] {processor.py:183} INFO - Processing /home/airflow/.local/lib/python3.12/site-packages/airflow/example_dags/example_short_circuit_decorator.py took 0.103 seconds
[2025-02-24T04:06:46.904+0000] {processor.py:161} INFO - Started process (PID=1502) to work on /home/airflow/.local/lib/python3.12/site-packages/airflow/example_dags/example_short_circuit_decorator.py
[2025-02-24T04:06:46.906+0000] {processor.py:830} INFO - Processing file /home/airflow/.local/lib/python3.12/site-packages/airflow/example_dags/example_short_circuit_decorator.py for tasks to queue
[2025-02-24T04:06:46.909+0000] {logging_mixin.py:188} INFO - [2025-02-24T04:06:46.908+0000] {dagbag.py:540} INFO - Filling up the DagBag from /home/airflow/.local/lib/python3.12/site-packages/airflow/example_dags/example_short_circuit_decorator.py
[2025-02-24T04:06:46.922+0000] {processor.py:840} INFO - DAG(s) 'example_short_circuit_decorator' retrieved from /home/airflow/.local/lib/python3.12/site-packages/airflow/example_dags/example_short_circuit_decorator.py
[2025-02-24T04:06:46.951+0000] {logging_mixin.py:188} INFO - [2025-02-24T04:06:46.951+0000] {dag.py:3096} INFO - Sync 1 DAGs
[2025-02-24T04:06:46.977+0000] {logging_mixin.py:188} INFO - [2025-02-24T04:06:46.977+0000] {dag.py:3954} INFO - Setting next_dagrun for example_short_circuit_decorator to 2025-02-23 00:00:00+00:00, run_after=2025-02-24 00:00:00+00:00
[2025-02-24T04:06:47.001+0000] {processor.py:183} INFO - Processing /home/airflow/.local/lib/python3.12/site-packages/airflow/example_dags/example_short_circuit_decorator.py took 0.104 seconds
[2025-02-24T04:07:17.719+0000] {processor.py:161} INFO - Started process (PID=1558) to work on /home/airflow/.local/lib/python3.12/site-packages/airflow/example_dags/example_short_circuit_decorator.py
[2025-02-24T04:07:17.720+0000] {processor.py:830} INFO - Processing file /home/airflow/.local/lib/python3.12/site-packages/airflow/example_dags/example_short_circuit_decorator.py for tasks to queue
[2025-02-24T04:07:17.723+0000] {logging_mixin.py:188} INFO - [2025-02-24T04:07:17.722+0000] {dagbag.py:540} INFO - Filling up the DagBag from /home/airflow/.local/lib/python3.12/site-packages/airflow/example_dags/example_short_circuit_decorator.py
[2025-02-24T04:07:17.736+0000] {processor.py:840} INFO - DAG(s) 'example_short_circuit_decorator' retrieved from /home/airflow/.local/lib/python3.12/site-packages/airflow/example_dags/example_short_circuit_decorator.py
[2025-02-24T04:07:17.763+0000] {logging_mixin.py:188} INFO - [2025-02-24T04:07:17.763+0000] {dag.py:3096} INFO - Sync 1 DAGs
[2025-02-24T04:07:17.788+0000] {logging_mixin.py:188} INFO - [2025-02-24T04:07:17.788+0000] {dag.py:3954} INFO - Setting next_dagrun for example_short_circuit_decorator to 2025-02-23 00:00:00+00:00, run_after=2025-02-24 00:00:00+00:00
[2025-02-24T04:07:17.809+0000] {processor.py:183} INFO - Processing /home/airflow/.local/lib/python3.12/site-packages/airflow/example_dags/example_short_circuit_decorator.py took 0.097 seconds
[2025-02-24T04:07:48.704+0000] {processor.py:161} INFO - Started process (PID=1620) to work on /home/airflow/.local/lib/python3.12/site-packages/airflow/example_dags/example_short_circuit_decorator.py
[2025-02-24T04:07:48.706+0000] {processor.py:830} INFO - Processing file /home/airflow/.local/lib/python3.12/site-packages/airflow/example_dags/example_short_circuit_decorator.py for tasks to queue
[2025-02-24T04:07:48.709+0000] {logging_mixin.py:188} INFO - [2025-02-24T04:07:48.708+0000] {dagbag.py:540} INFO - Filling up the DagBag from /home/airflow/.local/lib/python3.12/site-packages/airflow/example_dags/example_short_circuit_decorator.py
[2025-02-24T04:07:48.724+0000] {processor.py:840} INFO - DAG(s) 'example_short_circuit_decorator' retrieved from /home/airflow/.local/lib/python3.12/site-packages/airflow/example_dags/example_short_circuit_decorator.py
[2025-02-24T04:07:48.756+0000] {logging_mixin.py:188} INFO - [2025-02-24T04:07:48.755+0000] {dag.py:3096} INFO - Sync 1 DAGs
[2025-02-24T04:07:48.783+0000] {logging_mixin.py:188} INFO - [2025-02-24T04:07:48.783+0000] {dag.py:3954} INFO - Setting next_dagrun for example_short_circuit_decorator to 2025-02-23 00:00:00+00:00, run_after=2025-02-24 00:00:00+00:00
[2025-02-24T04:07:46.389+0000] {processor.py:183} INFO - Processing /home/airflow/.local/lib/python3.12/site-packages/airflow/example_dags/example_short_circuit_decorator.py took 0.175 seconds
[2025-02-24T04:08:16.954+0000] {processor.py:161} INFO - Started process (PID=1674) to work on /home/airflow/.local/lib/python3.12/site-packages/airflow/example_dags/example_short_circuit_decorator.py
[2025-02-24T04:08:16.955+0000] {processor.py:830} INFO - Processing file /home/airflow/.local/lib/python3.12/site-packages/airflow/example_dags/example_short_circuit_decorator.py for tasks to queue
[2025-02-24T04:08:16.957+0000] {logging_mixin.py:188} INFO - [2025-02-24T04:08:16.957+0000] {dagbag.py:540} INFO - Filling up the DagBag from /home/airflow/.local/lib/python3.12/site-packages/airflow/example_dags/example_short_circuit_decorator.py
[2025-02-24T04:08:16.973+0000] {processor.py:840} INFO - DAG(s) 'example_short_circuit_decorator' retrieved from /home/airflow/.local/lib/python3.12/site-packages/airflow/example_dags/example_short_circuit_decorator.py
[2025-02-24T04:08:17.001+0000] {logging_mixin.py:188} INFO - [2025-02-24T04:08:17.001+0000] {dag.py:3096} INFO - Sync 1 DAGs
[2025-02-24T04:08:17.027+0000] {logging_mixin.py:188} INFO - [2025-02-24T04:08:17.027+0000] {dag.py:3954} INFO - Setting next_dagrun for example_short_circuit_decorator to 2025-02-23 00:00:00+00:00, run_after=2025-02-24 00:00:00+00:00
[2025-02-24T04:08:17.049+0000] {processor.py:183} INFO - Processing /home/airflow/.local/lib/python3.12/site-packages/airflow/example_dags/example_short_circuit_decorator.py took 0.102 seconds
[2025-02-24T04:08:47.805+0000] {processor.py:161} INFO - Started process (PID=1734) to work on /home/airflow/.local/lib/python3.12/site-packages/airflow/example_dags/example_short_circuit_decorator.py
[2025-02-24T04:08:47.806+0000] {processor.py:830} INFO - Processing file /home/airflow/.local/lib/python3.12/site-packages/airflow/example_dags/example_short_circuit_decorator.py for tasks to queue
[2025-02-24T04:08:47.810+0000] {logging_mixin.py:188} INFO - [2025-02-24T04:08:47.809+0000] {dagbag.py:540} INFO - Filling up the DagBag from /home/airflow/.local/lib/python3.12/site-packages/airflow/example_dags/example_short_circuit_decorator.py
[2025-02-24T04:08:47.823+0000] {processor.py:840} INFO - DAG(s) 'example_short_circuit_decorator' retrieved from /home/airflow/.local/lib/python3.12/site-packages/airflow/example_dags/example_short_circuit_decorator.py
[2025-02-24T04:08:47.858+0000] {logging_mixin.py:188} INFO - [2025-02-24T04:08:47.857+0000] {dag.py:3096} INFO - Sync 1 DAGs
[2025-02-24T04:08:47.889+0000] {logging_mixin.py:188} INFO - [2025-02-24T04:08:47.889+0000] {dag.py:3954} INFO - Setting next_dagrun for example_short_circuit_decorator to 2025-02-23 00:00:00+00:00, run_after=2025-02-24 00:00:00+00:00
[2025-02-24T04:08:47.913+0000] {processor.py:183} INFO - Processing /home/airflow/.local/lib/python3.12/site-packages/airflow/example_dags/example_short_circuit_decorator.py took 0.115 seconds
[2025-02-24T04:09:18.101+0000] {processor.py:161} INFO - Started process (PID=1794) to work on /home/airflow/.local/lib/python3.12/site-packages/airflow/example_dags/example_short_circuit_decorator.py
[2025-02-24T04:09:18.102+0000] {processor.py:830} INFO - Processing file /home/airflow/.local/lib/python3.12/site-packages/airflow/example_dags/example_short_circuit_decorator.py for tasks to queue
[2025-02-24T04:09:18.106+0000] {logging_mixin.py:188} INFO - [2025-02-24T04:09:18.105+0000] {dagbag.py:540} INFO - Filling up the DagBag from /home/airflow/.local/lib/python3.12/site-packages/airflow/example_dags/example_short_circuit_decorator.py
[2025-02-24T04:09:18.120+0000] {processor.py:840} INFO - DAG(s) 'example_short_circuit_decorator' retrieved from /home/airflow/.local/lib/python3.12/site-packages/airflow/example_dags/example_short_circuit_decorator.py
[2025-02-24T04:09:18.153+0000] {logging_mixin.py:188} INFO - [2025-02-24T04:09:18.153+0000] {dag.py:3096} INFO - Sync 1 DAGs
[2025-02-24T04:09:15.699+0000] {logging_mixin.py:188} INFO - [2025-02-24T04:09:15.699+0000] {dag.py:3954} INFO - Setting next_dagrun for example_short_circuit_decorator to 2025-02-23 00:00:00+00:00, run_after=2025-02-24 00:00:00+00:00
[2025-02-24T04:09:15.726+0000] {processor.py:183} INFO - Processing /home/airflow/.local/lib/python3.12/site-packages/airflow/example_dags/example_short_circuit_decorator.py took 0.126 seconds
[2025-02-24T04:09:46.152+0000] {processor.py:161} INFO - Started process (PID=1855) to work on /home/airflow/.local/lib/python3.12/site-packages/airflow/example_dags/example_short_circuit_decorator.py
[2025-02-24T04:09:46.153+0000] {processor.py:830} INFO - Processing file /home/airflow/.local/lib/python3.12/site-packages/airflow/example_dags/example_short_circuit_decorator.py for tasks to queue
[2025-02-24T04:09:46.156+0000] {logging_mixin.py:188} INFO - [2025-02-24T04:09:46.155+0000] {dagbag.py:540} INFO - Filling up the DagBag from /home/airflow/.local/lib/python3.12/site-packages/airflow/example_dags/example_short_circuit_decorator.py
[2025-02-24T04:09:46.166+0000] {processor.py:840} INFO - DAG(s) 'example_short_circuit_decorator' retrieved from /home/airflow/.local/lib/python3.12/site-packages/airflow/example_dags/example_short_circuit_decorator.py
[2025-02-24T04:09:46.193+0000] {logging_mixin.py:188} INFO - [2025-02-24T04:09:46.192+0000] {dag.py:3096} INFO - Sync 1 DAGs
[2025-02-24T04:09:46.217+0000] {logging_mixin.py:188} INFO - [2025-02-24T04:09:46.217+0000] {dag.py:3954} INFO - Setting next_dagrun for example_short_circuit_decorator to 2025-02-23 00:00:00+00:00, run_after=2025-02-24 00:00:00+00:00
[2025-02-24T04:09:46.239+0000] {processor.py:183} INFO - Processing /home/airflow/.local/lib/python3.12/site-packages/airflow/example_dags/example_short_circuit_decorator.py took 0.094 seconds
[2025-02-24T04:10:16.681+0000] {processor.py:161} INFO - Started process (PID=1921) to work on /home/airflow/.local/lib/python3.12/site-packages/airflow/example_dags/example_short_circuit_decorator.py
[2025-02-24T04:10:16.683+0000] {processor.py:830} INFO - Processing file /home/airflow/.local/lib/python3.12/site-packages/airflow/example_dags/example_short_circuit_decorator.py for tasks to queue
[2025-02-24T04:10:16.685+0000] {logging_mixin.py:188} INFO - [2025-02-24T04:10:16.685+0000] {dagbag.py:540} INFO - Filling up the DagBag from /home/airflow/.local/lib/python3.12/site-packages/airflow/example_dags/example_short_circuit_decorator.py
[2025-02-24T04:10:16.696+0000] {processor.py:840} INFO - DAG(s) 'example_short_circuit_decorator' retrieved from /home/airflow/.local/lib/python3.12/site-packages/airflow/example_dags/example_short_circuit_decorator.py
[2025-02-24T04:10:16.724+0000] {logging_mixin.py:188} INFO - [2025-02-24T04:10:16.724+0000] {dag.py:3096} INFO - Sync 1 DAGs
[2025-02-24T04:10:16.749+0000] {logging_mixin.py:188} INFO - [2025-02-24T04:10:16.749+0000] {dag.py:3954} INFO - Setting next_dagrun for example_short_circuit_decorator to 2025-02-23 00:00:00+00:00, run_after=2025-02-24 00:00:00+00:00
[2025-02-24T04:10:16.771+0000] {processor.py:183} INFO - Processing /home/airflow/.local/lib/python3.12/site-packages/airflow/example_dags/example_short_circuit_decorator.py took 0.097 seconds
[2025-02-24T04:10:46.975+0000] {processor.py:161} INFO - Started process (PID=1991) to work on /home/airflow/.local/lib/python3.12/site-packages/airflow/example_dags/example_short_circuit_decorator.py
[2025-02-24T04:10:46.977+0000] {processor.py:830} INFO - Processing file /home/airflow/.local/lib/python3.12/site-packages/airflow/example_dags/example_short_circuit_decorator.py for tasks to queue
[2025-02-24T04:10:46.981+0000] {logging_mixin.py:188} INFO - [2025-02-24T04:10:46.980+0000] {dagbag.py:540} INFO - Filling up the DagBag from /home/airflow/.local/lib/python3.12/site-packages/airflow/example_dags/example_short_circuit_decorator.py
[2025-02-24T04:10:46.992+0000] {processor.py:840} INFO - DAG(s) 'example_short_circuit_decorator' retrieved from /home/airflow/.local/lib/python3.12/site-packages/airflow/example_dags/example_short_circuit_decorator.py
[2025-02-24T04:10:47.022+0000] {logging_mixin.py:188} INFO - [2025-02-24T04:10:47.022+0000] {dag.py:3096} INFO - Sync 1 DAGs
[2025-02-24T04:10:47.049+0000] {logging_mixin.py:188} INFO - [2025-02-24T04:10:47.048+0000] {dag.py:3954} INFO - Setting next_dagrun for example_short_circuit_decorator to 2025-02-23 00:00:00+00:00, run_after=2025-02-24 00:00:00+00:00
[2025-02-24T04:10:47.077+0000] {processor.py:183} INFO - Processing /home/airflow/.local/lib/python3.12/site-packages/airflow/example_dags/example_short_circuit_decorator.py took 0.109 seconds
[2025-02-24T04:11:17.960+0000] {processor.py:161} INFO - Started process (PID=2051) to work on /home/airflow/.local/lib/python3.12/site-packages/airflow/example_dags/example_short_circuit_decorator.py
[2025-02-24T04:11:17.962+0000] {processor.py:830} INFO - Processing file /home/airflow/.local/lib/python3.12/site-packages/airflow/example_dags/example_short_circuit_decorator.py for tasks to queue
[2025-02-24T04:11:17.965+0000] {logging_mixin.py:188} INFO - [2025-02-24T04:11:17.964+0000] {dagbag.py:540} INFO - Filling up the DagBag from /home/airflow/.local/lib/python3.12/site-packages/airflow/example_dags/example_short_circuit_decorator.py
[2025-02-24T04:11:17.982+0000] {processor.py:840} INFO - DAG(s) 'example_short_circuit_decorator' retrieved from /home/airflow/.local/lib/python3.12/site-packages/airflow/example_dags/example_short_circuit_decorator.py
[2025-02-24T04:11:18.021+0000] {logging_mixin.py:188} INFO - [2025-02-24T04:11:18.020+0000] {dag.py:3096} INFO - Sync 1 DAGs
[2025-02-24T04:11:18.053+0000] {logging_mixin.py:188} INFO - [2025-02-24T04:11:18.053+0000] {dag.py:3954} INFO - Setting next_dagrun for example_short_circuit_decorator to 2025-02-23 00:00:00+00:00, run_after=2025-02-24 00:00:00+00:00
[2025-02-24T04:11:18.083+0000] {processor.py:183} INFO - Processing /home/airflow/.local/lib/python3.12/site-packages/airflow/example_dags/example_short_circuit_decorator.py took 0.132 seconds
[2025-02-24T04:11:48.912+0000] {processor.py:161} INFO - Started process (PID=2111) to work on /home/airflow/.local/lib/python3.12/site-packages/airflow/example_dags/example_short_circuit_decorator.py
[2025-02-24T04:11:48.913+0000] {processor.py:830} INFO - Processing file /home/airflow/.local/lib/python3.12/site-packages/airflow/example_dags/example_short_circuit_decorator.py for tasks to queue
[2025-02-24T04:11:48.916+0000] {logging_mixin.py:188} INFO - [2025-02-24T04:11:48.915+0000] {dagbag.py:540} INFO - Filling up the DagBag from /home/airflow/.local/lib/python3.12/site-packages/airflow/example_dags/example_short_circuit_decorator.py
[2025-02-24T04:11:48.926+0000] {processor.py:840} INFO - DAG(s) 'example_short_circuit_decorator' retrieved from /home/airflow/.local/lib/python3.12/site-packages/airflow/example_dags/example_short_circuit_decorator.py
[2025-02-24T04:11:48.958+0000] {logging_mixin.py:188} INFO - [2025-02-24T04:11:48.958+0000] {dag.py:3096} INFO - Sync 1 DAGs
[2025-02-24T04:11:48.988+0000] {logging_mixin.py:188} INFO - [2025-02-24T04:11:48.988+0000] {dag.py:3954} INFO - Setting next_dagrun for example_short_circuit_decorator to 2025-02-23 00:00:00+00:00, run_after=2025-02-24 00:00:00+00:00
[2025-02-24T04:11:49.013+0000] {processor.py:183} INFO - Processing /home/airflow/.local/lib/python3.12/site-packages/airflow/example_dags/example_short_circuit_decorator.py took 0.108 seconds
[2025-02-24T04:12:19.139+0000] {processor.py:161} INFO - Started process (PID=2187) to work on /home/airflow/.local/lib/python3.12/site-packages/airflow/example_dags/example_short_circuit_decorator.py
[2025-02-24T04:12:19.140+0000] {processor.py:830} INFO - Processing file /home/airflow/.local/lib/python3.12/site-packages/airflow/example_dags/example_short_circuit_decorator.py for tasks to queue
[2025-02-24T04:12:19.143+0000] {logging_mixin.py:188} INFO - [2025-02-24T04:12:19.143+0000] {dagbag.py:540} INFO - Filling up the DagBag from /home/airflow/.local/lib/python3.12/site-packages/airflow/example_dags/example_short_circuit_decorator.py
[2025-02-24T04:12:19.153+0000] {processor.py:840} INFO - DAG(s) 'example_short_circuit_decorator' retrieved from /home/airflow/.local/lib/python3.12/site-packages/airflow/example_dags/example_short_circuit_decorator.py
[2025-02-24T04:12:19.182+0000] {logging_mixin.py:188} INFO - [2025-02-24T04:12:19.181+0000] {dag.py:3096} INFO - Sync 1 DAGs
[2025-02-24T04:12:19.209+0000] {logging_mixin.py:188} INFO - [2025-02-24T04:12:19.209+0000] {dag.py:3954} INFO - Setting next_dagrun for example_short_circuit_decorator to 2025-02-23 00:00:00+00:00, run_after=2025-02-24 00:00:00+00:00
[2025-02-24T04:12:19.232+0000] {processor.py:183} INFO - Processing /home/airflow/.local/lib/python3.12/site-packages/airflow/example_dags/example_short_circuit_decorator.py took 0.100 seconds
[2025-02-24T04:12:49.721+0000] {processor.py:161} INFO - Started process (PID=2247) to work on /home/airflow/.local/lib/python3.12/site-packages/airflow/example_dags/example_short_circuit_decorator.py
[2025-02-24T04:12:49.723+0000] {processor.py:830} INFO - Processing file /home/airflow/.local/lib/python3.12/site-packages/airflow/example_dags/example_short_circuit_decorator.py for tasks to queue
[2025-02-24T04:12:49.725+0000] {logging_mixin.py:188} INFO - [2025-02-24T04:12:49.725+0000] {dagbag.py:540} INFO - Filling up the DagBag from /home/airflow/.local/lib/python3.12/site-packages/airflow/example_dags/example_short_circuit_decorator.py
[2025-02-24T04:12:49.736+0000] {processor.py:840} INFO - DAG(s) 'example_short_circuit_decorator' retrieved from /home/airflow/.local/lib/python3.12/site-packages/airflow/example_dags/example_short_circuit_decorator.py
[2025-02-24T04:12:49.766+0000] {logging_mixin.py:188} INFO - [2025-02-24T04:12:49.766+0000] {dag.py:3096} INFO - Sync 1 DAGs
[2025-02-24T04:12:49.793+0000] {logging_mixin.py:188} INFO - [2025-02-24T04:12:49.793+0000] {dag.py:3954} INFO - Setting next_dagrun for example_short_circuit_decorator to 2025-02-23 00:00:00+00:00, run_after=2025-02-24 00:00:00+00:00
[2025-02-24T04:12:49.817+0000] {processor.py:183} INFO - Processing /home/airflow/.local/lib/python3.12/site-packages/airflow/example_dags/example_short_circuit_decorator.py took 0.104 seconds
[2025-02-24T04:13:20.567+0000] {processor.py:161} INFO - Started process (PID=2308) to work on /home/airflow/.local/lib/python3.12/site-packages/airflow/example_dags/example_short_circuit_decorator.py
[2025-02-24T04:13:20.569+0000] {processor.py:830} INFO - Processing file /home/airflow/.local/lib/python3.12/site-packages/airflow/example_dags/example_short_circuit_decorator.py for tasks to queue
[2025-02-24T04:13:20.572+0000] {logging_mixin.py:188} INFO - [2025-02-24T04:13:20.572+0000] {dagbag.py:540} INFO - Filling up the DagBag from /home/airflow/.local/lib/python3.12/site-packages/airflow/example_dags/example_short_circuit_decorator.py
[2025-02-24T04:13:20.584+0000] {processor.py:840} INFO - DAG(s) 'example_short_circuit_decorator' retrieved from /home/airflow/.local/lib/python3.12/site-packages/airflow/example_dags/example_short_circuit_decorator.py
[2025-02-24T04:13:20.613+0000] {logging_mixin.py:188} INFO - [2025-02-24T04:13:20.613+0000] {dag.py:3096} INFO - Sync 1 DAGs
[2025-02-24T04:13:20.643+0000] {logging_mixin.py:188} INFO - [2025-02-24T04:13:20.643+0000] {dag.py:3954} INFO - Setting next_dagrun for example_short_circuit_decorator to 2025-02-23 00:00:00+00:00, run_after=2025-02-24 00:00:00+00:00
[2025-02-24T04:13:20.713+0000] {processor.py:183} INFO - Processing /home/airflow/.local/lib/python3.12/site-packages/airflow/example_dags/example_short_circuit_decorator.py took 0.154 seconds
[2025-02-24T04:13:50.944+0000] {processor.py:161} INFO - Started process (PID=2368) to work on /home/airflow/.local/lib/python3.12/site-packages/airflow/example_dags/example_short_circuit_decorator.py
[2025-02-24T04:13:50.945+0000] {processor.py:830} INFO - Processing file /home/airflow/.local/lib/python3.12/site-packages/airflow/example_dags/example_short_circuit_decorator.py for tasks to queue
[2025-02-24T04:13:50.948+0000] {logging_mixin.py:188} INFO - [2025-02-24T04:13:50.947+0000] {dagbag.py:540} INFO - Filling up the DagBag from /home/airflow/.local/lib/python3.12/site-packages/airflow/example_dags/example_short_circuit_decorator.py
[2025-02-24T04:13:50.961+0000] {processor.py:840} INFO - DAG(s) 'example_short_circuit_decorator' retrieved from /home/airflow/.local/lib/python3.12/site-packages/airflow/example_dags/example_short_circuit_decorator.py
[2025-02-24T04:13:50.995+0000] {logging_mixin.py:188} INFO - [2025-02-24T04:13:50.994+0000] {dag.py:3096} INFO - Sync 1 DAGs
[2025-02-24T04:13:51.025+0000] {logging_mixin.py:188} INFO - [2025-02-24T04:13:51.024+0000] {dag.py:3954} INFO - Setting next_dagrun for example_short_circuit_decorator to 2025-02-23 00:00:00+00:00, run_after=2025-02-24 00:00:00+00:00
[2025-02-24T04:13:51.052+0000] {processor.py:183} INFO - Processing /home/airflow/.local/lib/python3.12/site-packages/airflow/example_dags/example_short_circuit_decorator.py took 0.117 seconds
[2025-02-24T04:14:21.103+0000] {processor.py:161} INFO - Started process (PID=2428) to work on /home/airflow/.local/lib/python3.12/site-packages/airflow/example_dags/example_short_circuit_decorator.py
[2025-02-24T04:14:21.105+0000] {processor.py:830} INFO - Processing file /home/airflow/.local/lib/python3.12/site-packages/airflow/example_dags/example_short_circuit_decorator.py for tasks to queue
[2025-02-24T04:14:21.107+0000] {logging_mixin.py:188} INFO - [2025-02-24T04:14:21.107+0000] {dagbag.py:540} INFO - Filling up the DagBag from /home/airflow/.local/lib/python3.12/site-packages/airflow/example_dags/example_short_circuit_decorator.py
[2025-02-24T04:14:21.118+0000] {processor.py:840} INFO - DAG(s) 'example_short_circuit_decorator' retrieved from /home/airflow/.local/lib/python3.12/site-packages/airflow/example_dags/example_short_circuit_decorator.py
[2025-02-24T04:14:21.146+0000] {logging_mixin.py:188} INFO - [2025-02-24T04:14:21.146+0000] {dag.py:3096} INFO - Sync 1 DAGs
[2025-02-24T04:14:21.170+0000] {logging_mixin.py:188} INFO - [2025-02-24T04:14:21.170+0000] {dag.py:3954} INFO - Setting next_dagrun for example_short_circuit_decorator to 2025-02-23 00:00:00+00:00, run_after=2025-02-24 00:00:00+00:00
[2025-02-24T04:14:21.190+0000] {processor.py:183} INFO - Processing /home/airflow/.local/lib/python3.12/site-packages/airflow/example_dags/example_short_circuit_decorator.py took 0.093 seconds
[2025-02-24T04:14:51.854+0000] {processor.py:161} INFO - Started process (PID=2494) to work on /home/airflow/.local/lib/python3.12/site-packages/airflow/example_dags/example_short_circuit_decorator.py
[2025-02-24T04:14:51.856+0000] {processor.py:830} INFO - Processing file /home/airflow/.local/lib/python3.12/site-packages/airflow/example_dags/example_short_circuit_decorator.py for tasks to queue
[2025-02-24T04:14:51.859+0000] {logging_mixin.py:188} INFO - [2025-02-24T04:14:51.859+0000] {dagbag.py:540} INFO - Filling up the DagBag from /home/airflow/.local/lib/python3.12/site-packages/airflow/example_dags/example_short_circuit_decorator.py
[2025-02-24T04:14:51.871+0000] {processor.py:840} INFO - DAG(s) 'example_short_circuit_decorator' retrieved from /home/airflow/.local/lib/python3.12/site-packages/airflow/example_dags/example_short_circuit_decorator.py
[2025-02-24T04:14:51.901+0000] {logging_mixin.py:188} INFO - [2025-02-24T04:14:51.901+0000] {dag.py:3096} INFO - Sync 1 DAGs
[2025-02-24T04:14:51.939+0000] {logging_mixin.py:188} INFO - [2025-02-24T04:14:51.938+0000] {dag.py:3954} INFO - Setting next_dagrun for example_short_circuit_decorator to 2025-02-23 00:00:00+00:00, run_after=2025-02-24 00:00:00+00:00
[2025-02-24T04:14:51.962+0000] {processor.py:183} INFO - Processing /home/airflow/.local/lib/python3.12/site-packages/airflow/example_dags/example_short_circuit_decorator.py took 0.115 seconds
[2025-02-24T04:15:22.062+0000] {processor.py:161} INFO - Started process (PID=2554) to work on /home/airflow/.local/lib/python3.12/site-packages/airflow/example_dags/example_short_circuit_decorator.py
[2025-02-24T04:15:22.064+0000] {processor.py:830} INFO - Processing file /home/airflow/.local/lib/python3.12/site-packages/airflow/example_dags/example_short_circuit_decorator.py for tasks to queue
[2025-02-24T04:15:22.069+0000] {logging_mixin.py:188} INFO - [2025-02-24T04:15:22.068+0000] {dagbag.py:540} INFO - Filling up the DagBag from /home/airflow/.local/lib/python3.12/site-packages/airflow/example_dags/example_short_circuit_decorator.py
[2025-02-24T04:15:22.090+0000] {processor.py:840} INFO - DAG(s) 'example_short_circuit_decorator' retrieved from /home/airflow/.local/lib/python3.12/site-packages/airflow/example_dags/example_short_circuit_decorator.py
[2025-02-24T04:15:22.163+0000] {logging_mixin.py:188} INFO - [2025-02-24T04:15:22.162+0000] {dag.py:3096} INFO - Sync 1 DAGs
[2025-02-24T04:15:22.216+0000] {logging_mixin.py:188} INFO - [2025-02-24T04:15:22.216+0000] {dag.py:3954} INFO - Setting next_dagrun for example_short_circuit_decorator to 2025-02-23 00:00:00+00:00, run_after=2025-02-24 00:00:00+00:00
[2025-02-24T04:15:22.242+0000] {processor.py:183} INFO - Processing /home/airflow/.local/lib/python3.12/site-packages/airflow/example_dags/example_short_circuit_decorator.py took 0.187 seconds
[2025-02-24T04:15:52.604+0000] {processor.py:161} INFO - Started process (PID=2615) to work on /home/airflow/.local/lib/python3.12/site-packages/airflow/example_dags/example_short_circuit_decorator.py
[2025-02-24T04:15:52.605+0000] {processor.py:830} INFO - Processing file /home/airflow/.local/lib/python3.12/site-packages/airflow/example_dags/example_short_circuit_decorator.py for tasks to queue
[2025-02-24T04:15:52.607+0000] {logging_mixin.py:188} INFO - [2025-02-24T04:15:52.607+0000] {dagbag.py:540} INFO - Filling up the DagBag from /home/airflow/.local/lib/python3.12/site-packages/airflow/example_dags/example_short_circuit_decorator.py
[2025-02-24T04:15:52.619+0000] {processor.py:840} INFO - DAG(s) 'example_short_circuit_decorator' retrieved from /home/airflow/.local/lib/python3.12/site-packages/airflow/example_dags/example_short_circuit_decorator.py
[2025-02-24T04:15:52.644+0000] {logging_mixin.py:188} INFO - [2025-02-24T04:15:52.643+0000] {dag.py:3096} INFO - Sync 1 DAGs
[2025-02-24T04:15:52.667+0000] {logging_mixin.py:188} INFO - [2025-02-24T04:15:52.667+0000] {dag.py:3954} INFO - Setting next_dagrun for example_short_circuit_decorator to 2025-02-23 00:00:00+00:00, run_after=2025-02-24 00:00:00+00:00
[2025-02-24T04:15:52.689+0000] {processor.py:183} INFO - Processing /home/airflow/.local/lib/python3.12/site-packages/airflow/example_dags/example_short_circuit_decorator.py took 0.092 seconds
[2025-02-24T04:16:22.894+0000] {processor.py:161} INFO - Started process (PID=2675) to work on /home/airflow/.local/lib/python3.12/site-packages/airflow/example_dags/example_short_circuit_decorator.py
[2025-02-24T04:16:22.895+0000] {processor.py:830} INFO - Processing file /home/airflow/.local/lib/python3.12/site-packages/airflow/example_dags/example_short_circuit_decorator.py for tasks to queue
[2025-02-24T04:16:22.898+0000] {logging_mixin.py:188} INFO - [2025-02-24T04:16:22.898+0000] {dagbag.py:540} INFO - Filling up the DagBag from /home/airflow/.local/lib/python3.12/site-packages/airflow/example_dags/example_short_circuit_decorator.py
[2025-02-24T04:16:22.908+0000] {processor.py:840} INFO - DAG(s) 'example_short_circuit_decorator' retrieved from /home/airflow/.local/lib/python3.12/site-packages/airflow/example_dags/example_short_circuit_decorator.py
[2025-02-24T04:16:22.937+0000] {logging_mixin.py:188} INFO - [2025-02-24T04:16:22.937+0000] {dag.py:3096} INFO - Sync 1 DAGs
[2025-02-24T04:16:22.971+0000] {logging_mixin.py:188} INFO - [2025-02-24T04:16:22.970+0000] {dag.py:3954} INFO - Setting next_dagrun for example_short_circuit_decorator to 2025-02-23 00:00:00+00:00, run_after=2025-02-24 00:00:00+00:00
[2025-02-24T04:16:23.029+0000] {processor.py:183} INFO - Processing /home/airflow/.local/lib/python3.12/site-packages/airflow/example_dags/example_short_circuit_decorator.py took 0.143 seconds
[2025-02-24T04:16:53.207+0000] {processor.py:161} INFO - Started process (PID=2735) to work on /home/airflow/.local/lib/python3.12/site-packages/airflow/example_dags/example_short_circuit_decorator.py
[2025-02-24T04:16:53.210+0000] {processor.py:830} INFO - Processing file /home/airflow/.local/lib/python3.12/site-packages/airflow/example_dags/example_short_circuit_decorator.py for tasks to queue
[2025-02-24T04:16:53.215+0000] {logging_mixin.py:188} INFO - [2025-02-24T04:16:53.214+0000] {dagbag.py:540} INFO - Filling up the DagBag from /home/airflow/.local/lib/python3.12/site-packages/airflow/example_dags/example_short_circuit_decorator.py
[2025-02-24T04:16:53.240+0000] {processor.py:840} INFO - DAG(s) 'example_short_circuit_decorator' retrieved from /home/airflow/.local/lib/python3.12/site-packages/airflow/example_dags/example_short_circuit_decorator.py
[2025-02-24T04:16:53.318+0000] {logging_mixin.py:188} INFO - [2025-02-24T04:16:53.317+0000] {dag.py:3096} INFO - Sync 1 DAGs
[2025-02-24T04:16:53.376+0000] {logging_mixin.py:188} INFO - [2025-02-24T04:16:53.375+0000] {dag.py:3954} INFO - Setting next_dagrun for example_short_circuit_decorator to 2025-02-23 00:00:00+00:00, run_after=2025-02-24 00:00:00+00:00
[2025-02-24T04:16:53.414+0000] {processor.py:183} INFO - Processing /home/airflow/.local/lib/python3.12/site-packages/airflow/example_dags/example_short_circuit_decorator.py took 0.224 seconds
[2025-02-24T04:17:23.756+0000] {processor.py:161} INFO - Started process (PID=2795) to work on /home/airflow/.local/lib/python3.12/site-packages/airflow/example_dags/example_short_circuit_decorator.py
[2025-02-24T04:17:23.757+0000] {processor.py:830} INFO - Processing file /home/airflow/.local/lib/python3.12/site-packages/airflow/example_dags/example_short_circuit_decorator.py for tasks to queue
[2025-02-24T04:17:23.760+0000] {logging_mixin.py:188} INFO - [2025-02-24T04:17:23.760+0000] {dagbag.py:540} INFO - Filling up the DagBag from /home/airflow/.local/lib/python3.12/site-packages/airflow/example_dags/example_short_circuit_decorator.py
[2025-02-24T04:17:23.773+0000] {processor.py:840} INFO - DAG(s) 'example_short_circuit_decorator' retrieved from /home/airflow/.local/lib/python3.12/site-packages/airflow/example_dags/example_short_circuit_decorator.py
[2025-02-24T04:17:23.804+0000] {logging_mixin.py:188} INFO - [2025-02-24T04:17:23.804+0000] {dag.py:3096} INFO - Sync 1 DAGs
[2025-02-24T04:17:23.832+0000] {logging_mixin.py:188} INFO - [2025-02-24T04:17:23.831+0000] {dag.py:3954} INFO - Setting next_dagrun for example_short_circuit_decorator to 2025-02-23 00:00:00+00:00, run_after=2025-02-24 00:00:00+00:00
[2025-02-24T04:17:23.856+0000] {processor.py:183} INFO - Processing /home/airflow/.local/lib/python3.12/site-packages/airflow/example_dags/example_short_circuit_decorator.py took 0.106 seconds
[2025-02-24T04:17:54.803+0000] {processor.py:161} INFO - Started process (PID=2855) to work on /home/airflow/.local/lib/python3.12/site-packages/airflow/example_dags/example_short_circuit_decorator.py
[2025-02-24T04:17:54.805+0000] {processor.py:830} INFO - Processing file /home/airflow/.local/lib/python3.12/site-packages/airflow/example_dags/example_short_circuit_decorator.py for tasks to queue
[2025-02-24T04:17:54.812+0000] {logging_mixin.py:188} INFO - [2025-02-24T04:17:54.811+0000] {dagbag.py:540} INFO - Filling up the DagBag from /home/airflow/.local/lib/python3.12/site-packages/airflow/example_dags/example_short_circuit_decorator.py
[2025-02-24T04:17:54.836+0000] {processor.py:840} INFO - DAG(s) 'example_short_circuit_decorator' retrieved from /home/airflow/.local/lib/python3.12/site-packages/airflow/example_dags/example_short_circuit_decorator.py
[2025-02-24T04:17:54.987+0000] {logging_mixin.py:188} INFO - [2025-02-24T04:17:54.987+0000] {dag.py:3096} INFO - Sync 1 DAGs
[2025-02-24T04:17:55.053+0000] {logging_mixin.py:188} INFO - [2025-02-24T04:17:55.052+0000] {dag.py:3954} INFO - Setting next_dagrun for example_short_circuit_decorator to 2025-02-23 00:00:00+00:00, run_after=2025-02-24 00:00:00+00:00
[2025-02-24T04:17:55.098+0000] {processor.py:183} INFO - Processing /home/airflow/.local/lib/python3.12/site-packages/airflow/example_dags/example_short_circuit_decorator.py took 0.311 seconds
[2025-02-24T04:19:48.317+0000] {processor.py:161} INFO - Started process (PID=2898) to work on /home/airflow/.local/lib/python3.12/site-packages/airflow/example_dags/example_short_circuit_decorator.py
[2025-02-24T04:19:48.319+0000] {processor.py:830} INFO - Processing file /home/airflow/.local/lib/python3.12/site-packages/airflow/example_dags/example_short_circuit_decorator.py for tasks to queue
[2025-02-24T04:19:48.321+0000] {logging_mixin.py:188} INFO - [2025-02-24T04:19:48.320+0000] {dagbag.py:540} INFO - Filling up the DagBag from /home/airflow/.local/lib/python3.12/site-packages/airflow/example_dags/example_short_circuit_decorator.py
[2025-02-24T04:19:48.350+0000] {processor.py:840} INFO - DAG(s) 'example_short_circuit_decorator' retrieved from /home/airflow/.local/lib/python3.12/site-packages/airflow/example_dags/example_short_circuit_decorator.py
[2025-02-24T04:19:48.406+0000] {logging_mixin.py:188} INFO - [2025-02-24T04:19:48.405+0000] {dag.py:3096} INFO - Sync 1 DAGs
[2025-02-24T04:19:48.463+0000] {logging_mixin.py:188} INFO - [2025-02-24T04:19:48.463+0000] {dag.py:3954} INFO - Setting next_dagrun for example_short_circuit_decorator to 2025-02-23 00:00:00+00:00, run_after=2025-02-24 00:00:00+00:00
[2025-02-24T04:19:48.517+0000] {processor.py:183} INFO - Processing /home/airflow/.local/lib/python3.12/site-packages/airflow/example_dags/example_short_circuit_decorator.py took 0.216 seconds
[2025-02-24T04:22:04.397+0000] {processor.py:161} INFO - Started process (PID=2997) to work on /home/airflow/.local/lib/python3.12/site-packages/airflow/example_dags/example_short_circuit_decorator.py
[2025-02-24T04:22:04.451+0000] {processor.py:830} INFO - Processing file /home/airflow/.local/lib/python3.12/site-packages/airflow/example_dags/example_short_circuit_decorator.py for tasks to queue
[2025-02-24T04:22:04.453+0000] {logging_mixin.py:188} INFO - [2025-02-24T04:22:04.453+0000] {dagbag.py:540} INFO - Filling up the DagBag from /home/airflow/.local/lib/python3.12/site-packages/airflow/example_dags/example_short_circuit_decorator.py
[2025-02-24T04:22:04.614+0000] {processor.py:840} INFO - DAG(s) 'example_short_circuit_decorator' retrieved from /home/airflow/.local/lib/python3.12/site-packages/airflow/example_dags/example_short_circuit_decorator.py
[2025-02-24T04:22:04.669+0000] {logging_mixin.py:188} INFO - [2025-02-24T04:22:04.668+0000] {dag.py:3096} INFO - Sync 1 DAGs
[2025-02-24T04:22:04.771+0000] {logging_mixin.py:188} INFO - [2025-02-24T04:22:04.770+0000] {dag.py:3954} INFO - Setting next_dagrun for example_short_circuit_decorator to 2025-02-23 00:00:00+00:00, run_after=2025-02-24 00:00:00+00:00
[2025-02-24T04:22:04.945+0000] {processor.py:183} INFO - Processing /home/airflow/.local/lib/python3.12/site-packages/airflow/example_dags/example_short_circuit_decorator.py took 0.554 seconds
[2025-02-24T04:24:09.657+0000] {processor.py:161} INFO - Started process (PID=3062) to work on /home/airflow/.local/lib/python3.12/site-packages/airflow/example_dags/example_short_circuit_decorator.py
[2025-02-24T04:24:09.659+0000] {processor.py:830} INFO - Processing file /home/airflow/.local/lib/python3.12/site-packages/airflow/example_dags/example_short_circuit_decorator.py for tasks to queue
[2025-02-24T04:24:09.661+0000] {logging_mixin.py:188} INFO - [2025-02-24T04:24:09.661+0000] {dagbag.py:540} INFO - Filling up the DagBag from /home/airflow/.local/lib/python3.12/site-packages/airflow/example_dags/example_short_circuit_decorator.py
[2025-02-24T04:24:09.688+0000] {processor.py:840} INFO - DAG(s) 'example_short_circuit_decorator' retrieved from /home/airflow/.local/lib/python3.12/site-packages/airflow/example_dags/example_short_circuit_decorator.py
[2025-02-24T04:24:09.741+0000] {logging_mixin.py:188} INFO - [2025-02-24T04:24:09.740+0000] {dag.py:3096} INFO - Sync 1 DAGs
[2025-02-24T04:24:09.791+0000] {logging_mixin.py:188} INFO - [2025-02-24T04:24:09.791+0000] {dag.py:3954} INFO - Setting next_dagrun for example_short_circuit_decorator to 2025-02-23 00:00:00+00:00, run_after=2025-02-24 00:00:00+00:00
[2025-02-24T04:24:09.842+0000] {processor.py:183} INFO - Processing /home/airflow/.local/lib/python3.12/site-packages/airflow/example_dags/example_short_circuit_decorator.py took 0.202 seconds
[2025-02-24T04:24:39.932+0000] {processor.py:161} INFO - Started process (PID=3134) to work on /home/airflow/.local/lib/python3.12/site-packages/airflow/example_dags/example_short_circuit_decorator.py
[2025-02-24T04:24:39.933+0000] {processor.py:830} INFO - Processing file /home/airflow/.local/lib/python3.12/site-packages/airflow/example_dags/example_short_circuit_decorator.py for tasks to queue
[2025-02-24T04:24:39.935+0000] {logging_mixin.py:188} INFO - [2025-02-24T04:24:39.934+0000] {dagbag.py:540} INFO - Filling up the DagBag from /home/airflow/.local/lib/python3.12/site-packages/airflow/example_dags/example_short_circuit_decorator.py
[2025-02-24T04:24:39.947+0000] {processor.py:840} INFO - DAG(s) 'example_short_circuit_decorator' retrieved from /home/airflow/.local/lib/python3.12/site-packages/airflow/example_dags/example_short_circuit_decorator.py
[2025-02-24T04:24:39.974+0000] {logging_mixin.py:188} INFO - [2025-02-24T04:24:39.974+0000] {dag.py:3096} INFO - Sync 1 DAGs
[2025-02-24T04:24:39.998+0000] {logging_mixin.py:188} INFO - [2025-02-24T04:24:39.998+0000] {dag.py:3954} INFO - Setting next_dagrun for example_short_circuit_decorator to 2025-02-23 00:00:00+00:00, run_after=2025-02-24 00:00:00+00:00
[2025-02-24T04:24:40.021+0000] {processor.py:183} INFO - Processing /home/airflow/.local/lib/python3.12/site-packages/airflow/example_dags/example_short_circuit_decorator.py took 0.096 seconds
[2025-02-24T04:25:32.183+0000] {processor.py:161} INFO - Started process (PID=3208) to work on /home/airflow/.local/lib/python3.12/site-packages/airflow/example_dags/example_short_circuit_decorator.py
[2025-02-24T04:25:32.220+0000] {processor.py:830} INFO - Processing file /home/airflow/.local/lib/python3.12/site-packages/airflow/example_dags/example_short_circuit_decorator.py for tasks to queue
[2025-02-24T04:25:32.222+0000] {logging_mixin.py:188} INFO - [2025-02-24T04:25:32.222+0000] {dagbag.py:540} INFO - Filling up the DagBag from /home/airflow/.local/lib/python3.12/site-packages/airflow/example_dags/example_short_circuit_decorator.py
[2025-02-24T04:25:32.299+0000] {processor.py:840} INFO - DAG(s) 'example_short_circuit_decorator' retrieved from /home/airflow/.local/lib/python3.12/site-packages/airflow/example_dags/example_short_circuit_decorator.py
[2025-02-24T04:25:32.327+0000] {logging_mixin.py:188} INFO - [2025-02-24T04:25:32.327+0000] {dag.py:3096} INFO - Sync 1 DAGs
[2025-02-24T04:25:32.354+0000] {logging_mixin.py:188} INFO - [2025-02-24T04:25:32.354+0000] {dag.py:3954} INFO - Setting next_dagrun for example_short_circuit_decorator to 2025-02-23 00:00:00+00:00, run_after=2025-02-24 00:00:00+00:00
[2025-02-24T04:25:32.448+0000] {processor.py:183} INFO - Processing /home/airflow/.local/lib/python3.12/site-packages/airflow/example_dags/example_short_circuit_decorator.py took 0.273 seconds
[2025-02-24T04:27:38.750+0000] {processor.py:161} INFO - Started process (PID=3290) to work on /home/airflow/.local/lib/python3.12/site-packages/airflow/example_dags/example_short_circuit_decorator.py
[2025-02-24T04:27:38.753+0000] {processor.py:830} INFO - Processing file /home/airflow/.local/lib/python3.12/site-packages/airflow/example_dags/example_short_circuit_decorator.py for tasks to queue
[2025-02-24T04:27:38.761+0000] {logging_mixin.py:188} INFO - [2025-02-24T04:27:38.760+0000] {dagbag.py:540} INFO - Filling up the DagBag from /home/airflow/.local/lib/python3.12/site-packages/airflow/example_dags/example_short_circuit_decorator.py
[2025-02-24T04:27:38.799+0000] {processor.py:840} INFO - DAG(s) 'example_short_circuit_decorator' retrieved from /home/airflow/.local/lib/python3.12/site-packages/airflow/example_dags/example_short_circuit_decorator.py
[2025-02-24T04:27:38.909+0000] {logging_mixin.py:188} INFO - [2025-02-24T04:27:38.908+0000] {dag.py:3096} INFO - Sync 1 DAGs
[2025-02-24T04:27:39.017+0000] {logging_mixin.py:188} INFO - [2025-02-24T04:27:39.016+0000] {dag.py:3954} INFO - Setting next_dagrun for example_short_circuit_decorator to 2025-02-23 00:00:00+00:00, run_after=2025-02-24 00:00:00+00:00
[2025-02-24T04:27:39.086+0000] {processor.py:183} INFO - Processing /home/airflow/.local/lib/python3.12/site-packages/airflow/example_dags/example_short_circuit_decorator.py took 0.361 seconds
[2025-02-24T04:29:05.434+0000] {processor.py:161} INFO - Started process (PID=3355) to work on /home/airflow/.local/lib/python3.12/site-packages/airflow/example_dags/example_short_circuit_decorator.py
[2025-02-24T04:29:05.447+0000] {processor.py:830} INFO - Processing file /home/airflow/.local/lib/python3.12/site-packages/airflow/example_dags/example_short_circuit_decorator.py for tasks to queue
[2025-02-24T04:29:05.450+0000] {logging_mixin.py:188} INFO - [2025-02-24T04:29:05.449+0000] {dagbag.py:540} INFO - Filling up the DagBag from /home/airflow/.local/lib/python3.12/site-packages/airflow/example_dags/example_short_circuit_decorator.py
[2025-02-24T04:29:05.525+0000] {processor.py:840} INFO - DAG(s) 'example_short_circuit_decorator' retrieved from /home/airflow/.local/lib/python3.12/site-packages/airflow/example_dags/example_short_circuit_decorator.py
[2025-02-24T04:29:05.639+0000] {logging_mixin.py:188} INFO - [2025-02-24T04:29:05.638+0000] {dag.py:3096} INFO - Sync 1 DAGs
[2025-02-24T04:29:05.741+0000] {logging_mixin.py:188} INFO - [2025-02-24T04:29:05.741+0000] {dag.py:3954} INFO - Setting next_dagrun for example_short_circuit_decorator to 2025-02-23 00:00:00+00:00, run_after=2025-02-24 00:00:00+00:00
[2025-02-24T04:29:05.867+0000] {processor.py:183} INFO - Processing /home/airflow/.local/lib/python3.12/site-packages/airflow/example_dags/example_short_circuit_decorator.py took 0.463 seconds
