[2025-02-24T03:54:24.996+0000] {processor.py:161} INFO - Started process (PID=88) to work on /home/airflow/.local/lib/python3.12/site-packages/airflow/example_dags/example_branch_day_of_week_operator.py
[2025-02-24T03:54:24.997+0000] {processor.py:830} INFO - Processing file /home/airflow/.local/lib/python3.12/site-packages/airflow/example_dags/example_branch_day_of_week_operator.py for tasks to queue
[2025-02-24T03:54:25.001+0000] {logging_mixin.py:188} INFO - [2025-02-24T03:54:25.000+0000] {dagbag.py:540} INFO - Filling up the DagBag from /home/airflow/.local/lib/python3.12/site-packages/airflow/example_dags/example_branch_day_of_week_operator.py
[2025-02-24T03:54:25.015+0000] {processor.py:840} INFO - DAG(s) 'example_weekday_branch_operator' retrieved from /home/airflow/.local/lib/python3.12/site-packages/airflow/example_dags/example_branch_day_of_week_operator.py
[2025-02-24T03:54:25.276+0000] {logging_mixin.py:188} INFO - [2025-02-24T03:54:25.275+0000] {override.py:1829} INFO - Created Permission View: can read on DAG:example_weekday_branch_operator
[2025-02-24T03:54:25.296+0000] {logging_mixin.py:188} INFO - [2025-02-24T03:54:25.295+0000] {override.py:1829} INFO - Created Permission View: can delete on DAG:example_weekday_branch_operator
[2025-02-24T03:54:25.306+0000] {logging_mixin.py:188} INFO - [2025-02-24T03:54:25.305+0000] {override.py:1829} INFO - Created Permission View: can edit on DAG:example_weekday_branch_operator
[2025-02-24T03:54:25.307+0000] {logging_mixin.py:188} INFO - [2025-02-24T03:54:25.306+0000] {dag.py:3096} INFO - Sync 1 DAGs
[2025-02-24T03:54:25.343+0000] {logging_mixin.py:188} INFO - [2025-02-24T03:54:25.343+0000] {dag.py:3118} INFO - Creating ORM DAG for example_weekday_branch_operator
[2025-02-24T03:54:25.410+0000] {logging_mixin.py:188} INFO - [2025-02-24T03:54:25.409+0000] {dag.py:3954} INFO - Setting next_dagrun for example_weekday_branch_operator to 2025-02-23 00:00:00+00:00, run_after=2025-02-24 00:00:00+00:00
[2025-02-24T03:54:25.463+0000] {processor.py:183} INFO - Processing /home/airflow/.local/lib/python3.12/site-packages/airflow/example_dags/example_branch_day_of_week_operator.py took 0.475 seconds
[2025-02-24T03:54:57.542+0000] {processor.py:161} INFO - Started process (PID=148) to work on /home/airflow/.local/lib/python3.12/site-packages/airflow/example_dags/example_branch_day_of_week_operator.py
[2025-02-24T03:54:57.544+0000] {processor.py:830} INFO - Processing file /home/airflow/.local/lib/python3.12/site-packages/airflow/example_dags/example_branch_day_of_week_operator.py for tasks to queue
[2025-02-24T03:54:57.559+0000] {logging_mixin.py:188} INFO - [2025-02-24T03:54:57.557+0000] {dagbag.py:540} INFO - Filling up the DagBag from /home/airflow/.local/lib/python3.12/site-packages/airflow/example_dags/example_branch_day_of_week_operator.py
[2025-02-24T03:54:57.583+0000] {processor.py:840} INFO - DAG(s) 'example_weekday_branch_operator' retrieved from /home/airflow/.local/lib/python3.12/site-packages/airflow/example_dags/example_branch_day_of_week_operator.py
[2025-02-24T03:54:57.655+0000] {logging_mixin.py:188} INFO - [2025-02-24T03:54:57.655+0000] {dag.py:3096} INFO - Sync 1 DAGs
[2025-02-24T03:54:57.752+0000] {logging_mixin.py:188} INFO - [2025-02-24T03:54:57.752+0000] {dag.py:3954} INFO - Setting next_dagrun for example_weekday_branch_operator to 2025-02-23 00:00:00+00:00, run_after=2025-02-24 00:00:00+00:00
[2025-02-24T03:54:57.813+0000] {processor.py:183} INFO - Processing /home/airflow/.local/lib/python3.12/site-packages/airflow/example_dags/example_branch_day_of_week_operator.py took 0.281 seconds
[2025-02-24T03:55:35.363+0000] {processor.py:161} INFO - Started process (PID=207) to work on /home/airflow/.local/lib/python3.12/site-packages/airflow/example_dags/example_branch_day_of_week_operator.py
[2025-02-24T03:55:35.365+0000] {processor.py:830} INFO - Processing file /home/airflow/.local/lib/python3.12/site-packages/airflow/example_dags/example_branch_day_of_week_operator.py for tasks to queue
[2025-02-24T03:55:35.370+0000] {logging_mixin.py:188} INFO - [2025-02-24T03:55:35.369+0000] {dagbag.py:540} INFO - Filling up the DagBag from /home/airflow/.local/lib/python3.12/site-packages/airflow/example_dags/example_branch_day_of_week_operator.py
[2025-02-24T03:55:35.384+0000] {processor.py:840} INFO - DAG(s) 'example_weekday_branch_operator' retrieved from /home/airflow/.local/lib/python3.12/site-packages/airflow/example_dags/example_branch_day_of_week_operator.py
[2025-02-24T03:55:35.413+0000] {logging_mixin.py:188} INFO - [2025-02-24T03:55:35.413+0000] {dag.py:3096} INFO - Sync 1 DAGs
[2025-02-24T03:55:35.442+0000] {logging_mixin.py:188} INFO - [2025-02-24T03:55:35.442+0000] {dag.py:3954} INFO - Setting next_dagrun for example_weekday_branch_operator to 2025-02-23 00:00:00+00:00, run_after=2025-02-24 00:00:00+00:00
[2025-02-24T03:55:35.474+0000] {processor.py:183} INFO - Processing /home/airflow/.local/lib/python3.12/site-packages/airflow/example_dags/example_branch_day_of_week_operator.py took 0.121 seconds
[2025-02-24T03:56:06.360+0000] {processor.py:161} INFO - Started process (PID=264) to work on /home/airflow/.local/lib/python3.12/site-packages/airflow/example_dags/example_branch_day_of_week_operator.py
[2025-02-24T03:56:06.373+0000] {processor.py:830} INFO - Processing file /home/airflow/.local/lib/python3.12/site-packages/airflow/example_dags/example_branch_day_of_week_operator.py for tasks to queue
[2025-02-24T03:56:06.377+0000] {logging_mixin.py:188} INFO - [2025-02-24T03:56:06.376+0000] {dagbag.py:540} INFO - Filling up the DagBag from /home/airflow/.local/lib/python3.12/site-packages/airflow/example_dags/example_branch_day_of_week_operator.py
[2025-02-24T03:56:06.536+0000] {processor.py:840} INFO - DAG(s) 'example_weekday_branch_operator' retrieved from /home/airflow/.local/lib/python3.12/site-packages/airflow/example_dags/example_branch_day_of_week_operator.py
[2025-02-24T03:56:07.987+0000] {logging_mixin.py:188} INFO - [2025-02-24T03:56:07.986+0000] {dag.py:3096} INFO - Sync 1 DAGs
[2025-02-24T03:56:10.659+0000] {logging_mixin.py:188} INFO - [2025-02-24T03:56:10.659+0000] {dag.py:3954} INFO - Setting next_dagrun for example_weekday_branch_operator to 2025-02-23 00:00:00+00:00, run_after=2025-02-24 00:00:00+00:00
[2025-02-24T03:56:10.701+0000] {processor.py:183} INFO - Processing /home/airflow/.local/lib/python3.12/site-packages/airflow/example_dags/example_branch_day_of_week_operator.py took 4.359 seconds
[2025-02-24T03:56:41.185+0000] {processor.py:161} INFO - Started process (PID=325) to work on /home/airflow/.local/lib/python3.12/site-packages/airflow/example_dags/example_branch_day_of_week_operator.py
[2025-02-24T03:56:41.186+0000] {processor.py:830} INFO - Processing file /home/airflow/.local/lib/python3.12/site-packages/airflow/example_dags/example_branch_day_of_week_operator.py for tasks to queue
[2025-02-24T03:56:41.190+0000] {logging_mixin.py:188} INFO - [2025-02-24T03:56:41.189+0000] {dagbag.py:540} INFO - Filling up the DagBag from /home/airflow/.local/lib/python3.12/site-packages/airflow/example_dags/example_branch_day_of_week_operator.py
[2025-02-24T03:56:41.200+0000] {processor.py:840} INFO - DAG(s) 'example_weekday_branch_operator' retrieved from /home/airflow/.local/lib/python3.12/site-packages/airflow/example_dags/example_branch_day_of_week_operator.py
[2025-02-24T03:56:41.324+0000] {logging_mixin.py:188} INFO - [2025-02-24T03:56:41.324+0000] {dag.py:3096} INFO - Sync 1 DAGs
[2025-02-24T03:56:41.348+0000] {logging_mixin.py:188} INFO - [2025-02-24T03:56:41.348+0000] {dag.py:3954} INFO - Setting next_dagrun for example_weekday_branch_operator to 2025-02-23 00:00:00+00:00, run_after=2025-02-24 00:00:00+00:00
[2025-02-24T03:56:41.370+0000] {processor.py:183} INFO - Processing /home/airflow/.local/lib/python3.12/site-packages/airflow/example_dags/example_branch_day_of_week_operator.py took 0.193 seconds
[2025-02-24T03:57:11.600+0000] {processor.py:161} INFO - Started process (PID=391) to work on /home/airflow/.local/lib/python3.12/site-packages/airflow/example_dags/example_branch_day_of_week_operator.py
[2025-02-24T03:57:11.601+0000] {processor.py:830} INFO - Processing file /home/airflow/.local/lib/python3.12/site-packages/airflow/example_dags/example_branch_day_of_week_operator.py for tasks to queue
[2025-02-24T03:57:11.604+0000] {logging_mixin.py:188} INFO - [2025-02-24T03:57:11.604+0000] {dagbag.py:540} INFO - Filling up the DagBag from /home/airflow/.local/lib/python3.12/site-packages/airflow/example_dags/example_branch_day_of_week_operator.py
[2025-02-24T03:57:11.615+0000] {processor.py:840} INFO - DAG(s) 'example_weekday_branch_operator' retrieved from /home/airflow/.local/lib/python3.12/site-packages/airflow/example_dags/example_branch_day_of_week_operator.py
[2025-02-24T03:57:11.653+0000] {logging_mixin.py:188} INFO - [2025-02-24T03:57:11.653+0000] {dag.py:3096} INFO - Sync 1 DAGs
[2025-02-24T03:57:11.705+0000] {logging_mixin.py:188} INFO - [2025-02-24T03:57:11.705+0000] {dag.py:3954} INFO - Setting next_dagrun for example_weekday_branch_operator to 2025-02-23 00:00:00+00:00, run_after=2025-02-24 00:00:00+00:00
[2025-02-24T03:57:11.733+0000] {processor.py:183} INFO - Processing /home/airflow/.local/lib/python3.12/site-packages/airflow/example_dags/example_branch_day_of_week_operator.py took 0.141 seconds
[2025-02-24T03:57:42.033+0000] {processor.py:161} INFO - Started process (PID=451) to work on /home/airflow/.local/lib/python3.12/site-packages/airflow/example_dags/example_branch_day_of_week_operator.py
[2025-02-24T03:57:42.035+0000] {processor.py:830} INFO - Processing file /home/airflow/.local/lib/python3.12/site-packages/airflow/example_dags/example_branch_day_of_week_operator.py for tasks to queue
[2025-02-24T03:57:42.037+0000] {logging_mixin.py:188} INFO - [2025-02-24T03:57:42.037+0000] {dagbag.py:540} INFO - Filling up the DagBag from /home/airflow/.local/lib/python3.12/site-packages/airflow/example_dags/example_branch_day_of_week_operator.py
[2025-02-24T03:57:42.046+0000] {processor.py:840} INFO - DAG(s) 'example_weekday_branch_operator' retrieved from /home/airflow/.local/lib/python3.12/site-packages/airflow/example_dags/example_branch_day_of_week_operator.py
[2025-02-24T03:57:42.073+0000] {logging_mixin.py:188} INFO - [2025-02-24T03:57:42.073+0000] {dag.py:3096} INFO - Sync 1 DAGs
[2025-02-24T03:57:42.103+0000] {logging_mixin.py:188} INFO - [2025-02-24T03:57:42.103+0000] {dag.py:3954} INFO - Setting next_dagrun for example_weekday_branch_operator to 2025-02-23 00:00:00+00:00, run_after=2025-02-24 00:00:00+00:00
[2025-02-24T03:57:42.129+0000] {processor.py:183} INFO - Processing /home/airflow/.local/lib/python3.12/site-packages/airflow/example_dags/example_branch_day_of_week_operator.py took 0.103 seconds
[2025-02-24T03:58:12.298+0000] {processor.py:161} INFO - Started process (PID=511) to work on /home/airflow/.local/lib/python3.12/site-packages/airflow/example_dags/example_branch_day_of_week_operator.py
[2025-02-24T03:58:12.299+0000] {processor.py:830} INFO - Processing file /home/airflow/.local/lib/python3.12/site-packages/airflow/example_dags/example_branch_day_of_week_operator.py for tasks to queue
[2025-02-24T03:58:12.302+0000] {logging_mixin.py:188} INFO - [2025-02-24T03:58:12.301+0000] {dagbag.py:540} INFO - Filling up the DagBag from /home/airflow/.local/lib/python3.12/site-packages/airflow/example_dags/example_branch_day_of_week_operator.py
[2025-02-24T03:58:12.311+0000] {processor.py:840} INFO - DAG(s) 'example_weekday_branch_operator' retrieved from /home/airflow/.local/lib/python3.12/site-packages/airflow/example_dags/example_branch_day_of_week_operator.py
[2025-02-24T03:58:12.337+0000] {logging_mixin.py:188} INFO - [2025-02-24T03:58:12.337+0000] {dag.py:3096} INFO - Sync 1 DAGs
[2025-02-24T03:58:12.365+0000] {logging_mixin.py:188} INFO - [2025-02-24T03:58:12.365+0000] {dag.py:3954} INFO - Setting next_dagrun for example_weekday_branch_operator to 2025-02-23 00:00:00+00:00, run_after=2025-02-24 00:00:00+00:00
[2025-02-24T03:58:12.395+0000] {processor.py:183} INFO - Processing /home/airflow/.local/lib/python3.12/site-packages/airflow/example_dags/example_branch_day_of_week_operator.py took 0.104 seconds
[2025-02-24T03:58:47.319+0000] {processor.py:161} INFO - Started process (PID=571) to work on /home/airflow/.local/lib/python3.12/site-packages/airflow/example_dags/example_branch_day_of_week_operator.py
[2025-02-24T03:58:47.343+0000] {processor.py:830} INFO - Processing file /home/airflow/.local/lib/python3.12/site-packages/airflow/example_dags/example_branch_day_of_week_operator.py for tasks to queue
[2025-02-24T03:58:47.348+0000] {logging_mixin.py:188} INFO - [2025-02-24T03:58:47.347+0000] {dagbag.py:540} INFO - Filling up the DagBag from /home/airflow/.local/lib/python3.12/site-packages/airflow/example_dags/example_branch_day_of_week_operator.py
[2025-02-24T03:58:47.361+0000] {processor.py:840} INFO - DAG(s) 'example_weekday_branch_operator' retrieved from /home/airflow/.local/lib/python3.12/site-packages/airflow/example_dags/example_branch_day_of_week_operator.py
[2025-02-24T03:58:47.397+0000] {logging_mixin.py:188} INFO - [2025-02-24T03:58:47.396+0000] {dag.py:3096} INFO - Sync 1 DAGs
[2025-02-24T03:58:47.426+0000] {logging_mixin.py:188} INFO - [2025-02-24T03:58:47.425+0000] {dag.py:3954} INFO - Setting next_dagrun for example_weekday_branch_operator to 2025-02-23 00:00:00+00:00, run_after=2025-02-24 00:00:00+00:00
[2025-02-24T03:58:47.592+0000] {processor.py:183} INFO - Processing /home/airflow/.local/lib/python3.12/site-packages/airflow/example_dags/example_branch_day_of_week_operator.py took 0.280 seconds
[2025-02-24T03:59:18.431+0000] {processor.py:161} INFO - Started process (PID=631) to work on /home/airflow/.local/lib/python3.12/site-packages/airflow/example_dags/example_branch_day_of_week_operator.py
[2025-02-24T03:59:18.433+0000] {processor.py:830} INFO - Processing file /home/airflow/.local/lib/python3.12/site-packages/airflow/example_dags/example_branch_day_of_week_operator.py for tasks to queue
[2025-02-24T03:59:18.435+0000] {logging_mixin.py:188} INFO - [2025-02-24T03:59:18.435+0000] {dagbag.py:540} INFO - Filling up the DagBag from /home/airflow/.local/lib/python3.12/site-packages/airflow/example_dags/example_branch_day_of_week_operator.py
[2025-02-24T03:59:18.444+0000] {processor.py:840} INFO - DAG(s) 'example_weekday_branch_operator' retrieved from /home/airflow/.local/lib/python3.12/site-packages/airflow/example_dags/example_branch_day_of_week_operator.py
[2025-02-24T03:59:18.471+0000] {logging_mixin.py:188} INFO - [2025-02-24T03:59:18.471+0000] {dag.py:3096} INFO - Sync 1 DAGs
[2025-02-24T03:59:18.498+0000] {logging_mixin.py:188} INFO - [2025-02-24T03:59:18.498+0000] {dag.py:3954} INFO - Setting next_dagrun for example_weekday_branch_operator to 2025-02-23 00:00:00+00:00, run_after=2025-02-24 00:00:00+00:00
[2025-02-24T03:59:18.522+0000] {processor.py:183} INFO - Processing /home/airflow/.local/lib/python3.12/site-packages/airflow/example_dags/example_branch_day_of_week_operator.py took 0.098 seconds
[2025-02-24T03:59:48.930+0000] {processor.py:161} INFO - Started process (PID=691) to work on /home/airflow/.local/lib/python3.12/site-packages/airflow/example_dags/example_branch_day_of_week_operator.py
[2025-02-24T03:59:48.932+0000] {processor.py:830} INFO - Processing file /home/airflow/.local/lib/python3.12/site-packages/airflow/example_dags/example_branch_day_of_week_operator.py for tasks to queue
[2025-02-24T03:59:48.934+0000] {logging_mixin.py:188} INFO - [2025-02-24T03:59:48.934+0000] {dagbag.py:540} INFO - Filling up the DagBag from /home/airflow/.local/lib/python3.12/site-packages/airflow/example_dags/example_branch_day_of_week_operator.py
[2025-02-24T03:59:48.945+0000] {processor.py:840} INFO - DAG(s) 'example_weekday_branch_operator' retrieved from /home/airflow/.local/lib/python3.12/site-packages/airflow/example_dags/example_branch_day_of_week_operator.py
[2025-02-24T03:59:48.974+0000] {logging_mixin.py:188} INFO - [2025-02-24T03:59:48.973+0000] {dag.py:3096} INFO - Sync 1 DAGs
[2025-02-24T03:59:49.004+0000] {logging_mixin.py:188} INFO - [2025-02-24T03:59:49.004+0000] {dag.py:3954} INFO - Setting next_dagrun for example_weekday_branch_operator to 2025-02-23 00:00:00+00:00, run_after=2025-02-24 00:00:00+00:00
[2025-02-24T03:59:49.028+0000] {processor.py:183} INFO - Processing /home/airflow/.local/lib/python3.12/site-packages/airflow/example_dags/example_branch_day_of_week_operator.py took 0.105 seconds
[2025-02-24T04:00:19.762+0000] {processor.py:161} INFO - Started process (PID=751) to work on /home/airflow/.local/lib/python3.12/site-packages/airflow/example_dags/example_branch_day_of_week_operator.py
[2025-02-24T04:00:19.763+0000] {processor.py:830} INFO - Processing file /home/airflow/.local/lib/python3.12/site-packages/airflow/example_dags/example_branch_day_of_week_operator.py for tasks to queue
[2025-02-24T04:00:19.766+0000] {logging_mixin.py:188} INFO - [2025-02-24T04:00:19.766+0000] {dagbag.py:540} INFO - Filling up the DagBag from /home/airflow/.local/lib/python3.12/site-packages/airflow/example_dags/example_branch_day_of_week_operator.py
[2025-02-24T04:00:19.776+0000] {processor.py:840} INFO - DAG(s) 'example_weekday_branch_operator' retrieved from /home/airflow/.local/lib/python3.12/site-packages/airflow/example_dags/example_branch_day_of_week_operator.py
[2025-02-24T04:00:19.803+0000] {logging_mixin.py:188} INFO - [2025-02-24T04:00:19.803+0000] {dag.py:3096} INFO - Sync 1 DAGs
[2025-02-24T04:00:19.831+0000] {logging_mixin.py:188} INFO - [2025-02-24T04:00:19.831+0000] {dag.py:3954} INFO - Setting next_dagrun for example_weekday_branch_operator to 2025-02-23 00:00:00+00:00, run_after=2025-02-24 00:00:00+00:00
[2025-02-24T04:00:19.854+0000] {processor.py:183} INFO - Processing /home/airflow/.local/lib/python3.12/site-packages/airflow/example_dags/example_branch_day_of_week_operator.py took 0.099 seconds
[2025-02-24T04:00:50.319+0000] {processor.py:161} INFO - Started process (PID=802) to work on /home/airflow/.local/lib/python3.12/site-packages/airflow/example_dags/example_branch_day_of_week_operator.py
[2025-02-24T04:00:50.331+0000] {processor.py:830} INFO - Processing file /home/airflow/.local/lib/python3.12/site-packages/airflow/example_dags/example_branch_day_of_week_operator.py for tasks to queue
[2025-02-24T04:00:50.336+0000] {logging_mixin.py:188} INFO - [2025-02-24T04:00:50.335+0000] {dagbag.py:540} INFO - Filling up the DagBag from /home/airflow/.local/lib/python3.12/site-packages/airflow/example_dags/example_branch_day_of_week_operator.py
[2025-02-24T04:00:50.347+0000] {processor.py:840} INFO - DAG(s) 'example_weekday_branch_operator' retrieved from /home/airflow/.local/lib/python3.12/site-packages/airflow/example_dags/example_branch_day_of_week_operator.py
[2025-02-24T04:00:50.379+0000] {logging_mixin.py:188} INFO - [2025-02-24T04:00:50.378+0000] {dag.py:3096} INFO - Sync 1 DAGs
[2025-02-24T04:00:50.414+0000] {logging_mixin.py:188} INFO - [2025-02-24T04:00:50.414+0000] {dag.py:3954} INFO - Setting next_dagrun for example_weekday_branch_operator to 2025-02-23 00:00:00+00:00, run_after=2025-02-24 00:00:00+00:00
[2025-02-24T04:00:50.504+0000] {processor.py:183} INFO - Processing /home/airflow/.local/lib/python3.12/site-packages/airflow/example_dags/example_branch_day_of_week_operator.py took 0.193 seconds
[2025-02-24T04:01:20.561+0000] {processor.py:161} INFO - Started process (PID=860) to work on /home/airflow/.local/lib/python3.12/site-packages/airflow/example_dags/example_branch_day_of_week_operator.py
[2025-02-24T04:01:20.562+0000] {processor.py:830} INFO - Processing file /home/airflow/.local/lib/python3.12/site-packages/airflow/example_dags/example_branch_day_of_week_operator.py for tasks to queue
[2025-02-24T04:01:20.565+0000] {logging_mixin.py:188} INFO - [2025-02-24T04:01:20.564+0000] {dagbag.py:540} INFO - Filling up the DagBag from /home/airflow/.local/lib/python3.12/site-packages/airflow/example_dags/example_branch_day_of_week_operator.py
[2025-02-24T04:01:20.575+0000] {processor.py:840} INFO - DAG(s) 'example_weekday_branch_operator' retrieved from /home/airflow/.local/lib/python3.12/site-packages/airflow/example_dags/example_branch_day_of_week_operator.py
[2025-02-24T04:01:20.603+0000] {logging_mixin.py:188} INFO - [2025-02-24T04:01:20.602+0000] {dag.py:3096} INFO - Sync 1 DAGs
[2025-02-24T04:01:20.632+0000] {logging_mixin.py:188} INFO - [2025-02-24T04:01:20.632+0000] {dag.py:3954} INFO - Setting next_dagrun for example_weekday_branch_operator to 2025-02-23 00:00:00+00:00, run_after=2025-02-24 00:00:00+00:00
[2025-02-24T04:01:20.656+0000] {processor.py:183} INFO - Processing /home/airflow/.local/lib/python3.12/site-packages/airflow/example_dags/example_branch_day_of_week_operator.py took 0.102 seconds
[2025-02-24T04:01:50.700+0000] {processor.py:161} INFO - Started process (PID=925) to work on /home/airflow/.local/lib/python3.12/site-packages/airflow/example_dags/example_branch_day_of_week_operator.py
[2025-02-24T04:01:50.701+0000] {processor.py:830} INFO - Processing file /home/airflow/.local/lib/python3.12/site-packages/airflow/example_dags/example_branch_day_of_week_operator.py for tasks to queue
[2025-02-24T04:01:50.703+0000] {logging_mixin.py:188} INFO - [2025-02-24T04:01:50.703+0000] {dagbag.py:540} INFO - Filling up the DagBag from /home/airflow/.local/lib/python3.12/site-packages/airflow/example_dags/example_branch_day_of_week_operator.py
[2025-02-24T04:01:50.715+0000] {processor.py:840} INFO - DAG(s) 'example_weekday_branch_operator' retrieved from /home/airflow/.local/lib/python3.12/site-packages/airflow/example_dags/example_branch_day_of_week_operator.py
[2025-02-24T04:01:50.746+0000] {logging_mixin.py:188} INFO - [2025-02-24T04:01:50.745+0000] {dag.py:3096} INFO - Sync 1 DAGs
[2025-02-24T04:01:50.783+0000] {logging_mixin.py:188} INFO - [2025-02-24T04:01:50.783+0000] {dag.py:3954} INFO - Setting next_dagrun for example_weekday_branch_operator to 2025-02-23 00:00:00+00:00, run_after=2025-02-24 00:00:00+00:00
[2025-02-24T04:01:50.808+0000] {processor.py:183} INFO - Processing /home/airflow/.local/lib/python3.12/site-packages/airflow/example_dags/example_branch_day_of_week_operator.py took 0.117 seconds
[2025-02-24T04:02:18.951+0000] {processor.py:161} INFO - Started process (PID=986) to work on /home/airflow/.local/lib/python3.12/site-packages/airflow/example_dags/example_branch_day_of_week_operator.py
[2025-02-24T04:02:18.952+0000] {processor.py:830} INFO - Processing file /home/airflow/.local/lib/python3.12/site-packages/airflow/example_dags/example_branch_day_of_week_operator.py for tasks to queue
[2025-02-24T04:02:18.954+0000] {logging_mixin.py:188} INFO - [2025-02-24T04:02:18.954+0000] {dagbag.py:540} INFO - Filling up the DagBag from /home/airflow/.local/lib/python3.12/site-packages/airflow/example_dags/example_branch_day_of_week_operator.py
[2025-02-24T04:02:18.964+0000] {processor.py:840} INFO - DAG(s) 'example_weekday_branch_operator' retrieved from /home/airflow/.local/lib/python3.12/site-packages/airflow/example_dags/example_branch_day_of_week_operator.py
[2025-02-24T04:02:18.990+0000] {logging_mixin.py:188} INFO - [2025-02-24T04:02:18.990+0000] {dag.py:3096} INFO - Sync 1 DAGs
[2025-02-24T04:02:19.017+0000] {logging_mixin.py:188} INFO - [2025-02-24T04:02:19.016+0000] {dag.py:3954} INFO - Setting next_dagrun for example_weekday_branch_operator to 2025-02-23 00:00:00+00:00, run_after=2025-02-24 00:00:00+00:00
[2025-02-24T04:02:19.040+0000] {processor.py:183} INFO - Processing /home/airflow/.local/lib/python3.12/site-packages/airflow/example_dags/example_branch_day_of_week_operator.py took 0.096 seconds
[2025-02-24T04:02:49.348+0000] {processor.py:161} INFO - Started process (PID=1032) to work on /home/airflow/.local/lib/python3.12/site-packages/airflow/example_dags/example_branch_day_of_week_operator.py
[2025-02-24T04:02:49.352+0000] {processor.py:830} INFO - Processing file /home/airflow/.local/lib/python3.12/site-packages/airflow/example_dags/example_branch_day_of_week_operator.py for tasks to queue
[2025-02-24T04:02:49.356+0000] {logging_mixin.py:188} INFO - [2025-02-24T04:02:49.355+0000] {dagbag.py:540} INFO - Filling up the DagBag from /home/airflow/.local/lib/python3.12/site-packages/airflow/example_dags/example_branch_day_of_week_operator.py
[2025-02-24T04:02:49.376+0000] {processor.py:840} INFO - DAG(s) 'example_weekday_branch_operator' retrieved from /home/airflow/.local/lib/python3.12/site-packages/airflow/example_dags/example_branch_day_of_week_operator.py
[2025-02-24T04:02:49.423+0000] {logging_mixin.py:188} INFO - [2025-02-24T04:02:49.422+0000] {dag.py:3096} INFO - Sync 1 DAGs
[2025-02-24T04:02:49.466+0000] {logging_mixin.py:188} INFO - [2025-02-24T04:02:49.466+0000] {dag.py:3954} INFO - Setting next_dagrun for example_weekday_branch_operator to 2025-02-23 00:00:00+00:00, run_after=2025-02-24 00:00:00+00:00
[2025-02-24T04:02:49.498+0000] {processor.py:183} INFO - Processing /home/airflow/.local/lib/python3.12/site-packages/airflow/example_dags/example_branch_day_of_week_operator.py took 0.164 seconds
[2025-02-24T04:03:19.551+0000] {processor.py:161} INFO - Started process (PID=1096) to work on /home/airflow/.local/lib/python3.12/site-packages/airflow/example_dags/example_branch_day_of_week_operator.py
[2025-02-24T04:03:19.552+0000] {processor.py:830} INFO - Processing file /home/airflow/.local/lib/python3.12/site-packages/airflow/example_dags/example_branch_day_of_week_operator.py for tasks to queue
[2025-02-24T04:03:19.554+0000] {logging_mixin.py:188} INFO - [2025-02-24T04:03:19.554+0000] {dagbag.py:540} INFO - Filling up the DagBag from /home/airflow/.local/lib/python3.12/site-packages/airflow/example_dags/example_branch_day_of_week_operator.py
[2025-02-24T04:03:19.563+0000] {processor.py:840} INFO - DAG(s) 'example_weekday_branch_operator' retrieved from /home/airflow/.local/lib/python3.12/site-packages/airflow/example_dags/example_branch_day_of_week_operator.py
[2025-02-24T04:03:19.587+0000] {logging_mixin.py:188} INFO - [2025-02-24T04:03:19.586+0000] {dag.py:3096} INFO - Sync 1 DAGs
[2025-02-24T04:03:19.612+0000] {logging_mixin.py:188} INFO - [2025-02-24T04:03:19.611+0000] {dag.py:3954} INFO - Setting next_dagrun for example_weekday_branch_operator to 2025-02-23 00:00:00+00:00, run_after=2025-02-24 00:00:00+00:00
[2025-02-24T04:03:19.631+0000] {processor.py:183} INFO - Processing /home/airflow/.local/lib/python3.12/site-packages/airflow/example_dags/example_branch_day_of_week_operator.py took 0.087 seconds
[2025-02-24T04:03:49.847+0000] {processor.py:161} INFO - Started process (PID=1161) to work on /home/airflow/.local/lib/python3.12/site-packages/airflow/example_dags/example_branch_day_of_week_operator.py
[2025-02-24T04:03:49.849+0000] {processor.py:830} INFO - Processing file /home/airflow/.local/lib/python3.12/site-packages/airflow/example_dags/example_branch_day_of_week_operator.py for tasks to queue
[2025-02-24T04:03:49.851+0000] {logging_mixin.py:188} INFO - [2025-02-24T04:03:49.851+0000] {dagbag.py:540} INFO - Filling up the DagBag from /home/airflow/.local/lib/python3.12/site-packages/airflow/example_dags/example_branch_day_of_week_operator.py
[2025-02-24T04:03:49.861+0000] {processor.py:840} INFO - DAG(s) 'example_weekday_branch_operator' retrieved from /home/airflow/.local/lib/python3.12/site-packages/airflow/example_dags/example_branch_day_of_week_operator.py
[2025-02-24T04:03:49.887+0000] {logging_mixin.py:188} INFO - [2025-02-24T04:03:49.887+0000] {dag.py:3096} INFO - Sync 1 DAGs
[2025-02-24T04:03:50.079+0000] {logging_mixin.py:188} INFO - [2025-02-24T04:03:50.078+0000] {dag.py:3954} INFO - Setting next_dagrun for example_weekday_branch_operator to 2025-02-23 00:00:00+00:00, run_after=2025-02-24 00:00:00+00:00
[2025-02-24T04:03:50.101+0000] {processor.py:183} INFO - Processing /home/airflow/.local/lib/python3.12/site-packages/airflow/example_dags/example_branch_day_of_week_operator.py took 0.260 seconds
[2025-02-24T04:04:18.223+0000] {processor.py:161} INFO - Started process (PID=1219) to work on /home/airflow/.local/lib/python3.12/site-packages/airflow/example_dags/example_branch_day_of_week_operator.py
[2025-02-24T04:04:18.224+0000] {processor.py:830} INFO - Processing file /home/airflow/.local/lib/python3.12/site-packages/airflow/example_dags/example_branch_day_of_week_operator.py for tasks to queue
[2025-02-24T04:04:18.227+0000] {logging_mixin.py:188} INFO - [2025-02-24T04:04:18.227+0000] {dagbag.py:540} INFO - Filling up the DagBag from /home/airflow/.local/lib/python3.12/site-packages/airflow/example_dags/example_branch_day_of_week_operator.py
[2025-02-24T04:04:18.236+0000] {processor.py:840} INFO - DAG(s) 'example_weekday_branch_operator' retrieved from /home/airflow/.local/lib/python3.12/site-packages/airflow/example_dags/example_branch_day_of_week_operator.py
[2025-02-24T04:04:18.264+0000] {logging_mixin.py:188} INFO - [2025-02-24T04:04:18.264+0000] {dag.py:3096} INFO - Sync 1 DAGs
[2025-02-24T04:04:18.487+0000] {logging_mixin.py:188} INFO - [2025-02-24T04:04:18.487+0000] {dag.py:3954} INFO - Setting next_dagrun for example_weekday_branch_operator to 2025-02-23 00:00:00+00:00, run_after=2025-02-24 00:00:00+00:00
[2025-02-24T04:04:18.514+0000] {processor.py:183} INFO - Processing /home/airflow/.local/lib/python3.12/site-packages/airflow/example_dags/example_branch_day_of_week_operator.py took 0.299 seconds
[2025-02-24T04:04:49.205+0000] {processor.py:161} INFO - Started process (PID=1266) to work on /home/airflow/.local/lib/python3.12/site-packages/airflow/example_dags/example_branch_day_of_week_operator.py
[2025-02-24T04:04:49.206+0000] {processor.py:830} INFO - Processing file /home/airflow/.local/lib/python3.12/site-packages/airflow/example_dags/example_branch_day_of_week_operator.py for tasks to queue
[2025-02-24T04:04:49.208+0000] {logging_mixin.py:188} INFO - [2025-02-24T04:04:49.208+0000] {dagbag.py:540} INFO - Filling up the DagBag from /home/airflow/.local/lib/python3.12/site-packages/airflow/example_dags/example_branch_day_of_week_operator.py
[2025-02-24T04:04:49.217+0000] {processor.py:840} INFO - DAG(s) 'example_weekday_branch_operator' retrieved from /home/airflow/.local/lib/python3.12/site-packages/airflow/example_dags/example_branch_day_of_week_operator.py
[2025-02-24T04:04:49.248+0000] {logging_mixin.py:188} INFO - [2025-02-24T04:04:49.248+0000] {dag.py:3096} INFO - Sync 1 DAGs
[2025-02-24T04:04:49.284+0000] {logging_mixin.py:188} INFO - [2025-02-24T04:04:49.283+0000] {dag.py:3954} INFO - Setting next_dagrun for example_weekday_branch_operator to 2025-02-23 00:00:00+00:00, run_after=2025-02-24 00:00:00+00:00
[2025-02-24T04:04:49.311+0000] {processor.py:183} INFO - Processing /home/airflow/.local/lib/python3.12/site-packages/airflow/example_dags/example_branch_day_of_week_operator.py took 0.117 seconds
[2025-02-24T04:05:17.776+0000] {processor.py:161} INFO - Started process (PID=1328) to work on /home/airflow/.local/lib/python3.12/site-packages/airflow/example_dags/example_branch_day_of_week_operator.py
[2025-02-24T04:05:17.778+0000] {processor.py:830} INFO - Processing file /home/airflow/.local/lib/python3.12/site-packages/airflow/example_dags/example_branch_day_of_week_operator.py for tasks to queue
[2025-02-24T04:05:17.781+0000] {logging_mixin.py:188} INFO - [2025-02-24T04:05:17.780+0000] {dagbag.py:540} INFO - Filling up the DagBag from /home/airflow/.local/lib/python3.12/site-packages/airflow/example_dags/example_branch_day_of_week_operator.py
[2025-02-24T04:05:17.792+0000] {processor.py:840} INFO - DAG(s) 'example_weekday_branch_operator' retrieved from /home/airflow/.local/lib/python3.12/site-packages/airflow/example_dags/example_branch_day_of_week_operator.py
[2025-02-24T04:05:17.960+0000] {logging_mixin.py:188} INFO - [2025-02-24T04:05:17.960+0000] {dag.py:3096} INFO - Sync 1 DAGs
[2025-02-24T04:05:18.212+0000] {logging_mixin.py:188} INFO - [2025-02-24T04:05:18.212+0000] {dag.py:3954} INFO - Setting next_dagrun for example_weekday_branch_operator to 2025-02-23 00:00:00+00:00, run_after=2025-02-24 00:00:00+00:00
[2025-02-24T04:05:18.426+0000] {processor.py:183} INFO - Processing /home/airflow/.local/lib/python3.12/site-packages/airflow/example_dags/example_branch_day_of_week_operator.py took 0.657 seconds
[2025-02-24T04:05:48.056+0000] {processor.py:161} INFO - Started process (PID=1385) to work on /home/airflow/.local/lib/python3.12/site-packages/airflow/example_dags/example_branch_day_of_week_operator.py
[2025-02-24T04:05:48.154+0000] {processor.py:830} INFO - Processing file /home/airflow/.local/lib/python3.12/site-packages/airflow/example_dags/example_branch_day_of_week_operator.py for tasks to queue
[2025-02-24T04:05:48.197+0000] {logging_mixin.py:188} INFO - [2025-02-24T04:05:48.196+0000] {dagbag.py:540} INFO - Filling up the DagBag from /home/airflow/.local/lib/python3.12/site-packages/airflow/example_dags/example_branch_day_of_week_operator.py
[2025-02-24T04:05:48.225+0000] {processor.py:840} INFO - DAG(s) 'example_weekday_branch_operator' retrieved from /home/airflow/.local/lib/python3.12/site-packages/airflow/example_dags/example_branch_day_of_week_operator.py
[2025-02-24T04:05:48.260+0000] {logging_mixin.py:188} INFO - [2025-02-24T04:05:48.260+0000] {dag.py:3096} INFO - Sync 1 DAGs
[2025-02-24T04:05:48.910+0000] {logging_mixin.py:188} INFO - [2025-02-24T04:05:48.909+0000] {dag.py:3954} INFO - Setting next_dagrun for example_weekday_branch_operator to 2025-02-23 00:00:00+00:00, run_after=2025-02-24 00:00:00+00:00
[2025-02-24T04:05:48.971+0000] {processor.py:183} INFO - Processing /home/airflow/.local/lib/python3.12/site-packages/airflow/example_dags/example_branch_day_of_week_operator.py took 0.927 seconds
[2025-02-24T04:06:19.150+0000] {processor.py:161} INFO - Started process (PID=1443) to work on /home/airflow/.local/lib/python3.12/site-packages/airflow/example_dags/example_branch_day_of_week_operator.py
[2025-02-24T04:06:19.151+0000] {processor.py:830} INFO - Processing file /home/airflow/.local/lib/python3.12/site-packages/airflow/example_dags/example_branch_day_of_week_operator.py for tasks to queue
[2025-02-24T04:06:19.154+0000] {logging_mixin.py:188} INFO - [2025-02-24T04:06:19.154+0000] {dagbag.py:540} INFO - Filling up the DagBag from /home/airflow/.local/lib/python3.12/site-packages/airflow/example_dags/example_branch_day_of_week_operator.py
[2025-02-24T04:06:19.164+0000] {processor.py:840} INFO - DAG(s) 'example_weekday_branch_operator' retrieved from /home/airflow/.local/lib/python3.12/site-packages/airflow/example_dags/example_branch_day_of_week_operator.py
[2025-02-24T04:06:19.191+0000] {logging_mixin.py:188} INFO - [2025-02-24T04:06:19.190+0000] {dag.py:3096} INFO - Sync 1 DAGs
[2025-02-24T04:06:19.219+0000] {logging_mixin.py:188} INFO - [2025-02-24T04:06:19.219+0000] {dag.py:3954} INFO - Setting next_dagrun for example_weekday_branch_operator to 2025-02-23 00:00:00+00:00, run_after=2025-02-24 00:00:00+00:00
[2025-02-24T04:06:19.241+0000] {processor.py:183} INFO - Processing /home/airflow/.local/lib/python3.12/site-packages/airflow/example_dags/example_branch_day_of_week_operator.py took 0.097 seconds
[2025-02-24T04:06:50.084+0000] {processor.py:161} INFO - Started process (PID=1505) to work on /home/airflow/.local/lib/python3.12/site-packages/airflow/example_dags/example_branch_day_of_week_operator.py
[2025-02-24T04:06:50.086+0000] {processor.py:830} INFO - Processing file /home/airflow/.local/lib/python3.12/site-packages/airflow/example_dags/example_branch_day_of_week_operator.py for tasks to queue
[2025-02-24T04:06:50.088+0000] {logging_mixin.py:188} INFO - [2025-02-24T04:06:50.087+0000] {dagbag.py:540} INFO - Filling up the DagBag from /home/airflow/.local/lib/python3.12/site-packages/airflow/example_dags/example_branch_day_of_week_operator.py
[2025-02-24T04:06:50.097+0000] {processor.py:840} INFO - DAG(s) 'example_weekday_branch_operator' retrieved from /home/airflow/.local/lib/python3.12/site-packages/airflow/example_dags/example_branch_day_of_week_operator.py
[2025-02-24T04:06:50.122+0000] {logging_mixin.py:188} INFO - [2025-02-24T04:06:50.122+0000] {dag.py:3096} INFO - Sync 1 DAGs
[2025-02-24T04:06:50.152+0000] {logging_mixin.py:188} INFO - [2025-02-24T04:06:50.152+0000] {dag.py:3954} INFO - Setting next_dagrun for example_weekday_branch_operator to 2025-02-23 00:00:00+00:00, run_after=2025-02-24 00:00:00+00:00
[2025-02-24T04:06:50.173+0000] {processor.py:183} INFO - Processing /home/airflow/.local/lib/python3.12/site-packages/airflow/example_dags/example_branch_day_of_week_operator.py took 0.095 seconds
[2025-02-24T04:07:21.003+0000] {processor.py:161} INFO - Started process (PID=1565) to work on /home/airflow/.local/lib/python3.12/site-packages/airflow/example_dags/example_branch_day_of_week_operator.py
[2025-02-24T04:07:21.005+0000] {processor.py:830} INFO - Processing file /home/airflow/.local/lib/python3.12/site-packages/airflow/example_dags/example_branch_day_of_week_operator.py for tasks to queue
[2025-02-24T04:07:21.008+0000] {logging_mixin.py:188} INFO - [2025-02-24T04:07:21.007+0000] {dagbag.py:540} INFO - Filling up the DagBag from /home/airflow/.local/lib/python3.12/site-packages/airflow/example_dags/example_branch_day_of_week_operator.py
[2025-02-24T04:07:21.020+0000] {processor.py:840} INFO - DAG(s) 'example_weekday_branch_operator' retrieved from /home/airflow/.local/lib/python3.12/site-packages/airflow/example_dags/example_branch_day_of_week_operator.py
[2025-02-24T04:07:21.058+0000] {logging_mixin.py:188} INFO - [2025-02-24T04:07:21.058+0000] {dag.py:3096} INFO - Sync 1 DAGs
[2025-02-24T04:07:21.097+0000] {logging_mixin.py:188} INFO - [2025-02-24T04:07:21.096+0000] {dag.py:3954} INFO - Setting next_dagrun for example_weekday_branch_operator to 2025-02-23 00:00:00+00:00, run_after=2025-02-24 00:00:00+00:00
[2025-02-24T04:07:21.122+0000] {processor.py:183} INFO - Processing /home/airflow/.local/lib/python3.12/site-packages/airflow/example_dags/example_branch_day_of_week_operator.py took 0.130 seconds
[2025-02-24T04:07:51.684+0000] {processor.py:161} INFO - Started process (PID=1625) to work on /home/airflow/.local/lib/python3.12/site-packages/airflow/example_dags/example_branch_day_of_week_operator.py
[2025-02-24T04:07:51.686+0000] {processor.py:830} INFO - Processing file /home/airflow/.local/lib/python3.12/site-packages/airflow/example_dags/example_branch_day_of_week_operator.py for tasks to queue
[2025-02-24T04:07:51.689+0000] {logging_mixin.py:188} INFO - [2025-02-24T04:07:51.688+0000] {dagbag.py:540} INFO - Filling up the DagBag from /home/airflow/.local/lib/python3.12/site-packages/airflow/example_dags/example_branch_day_of_week_operator.py
[2025-02-24T04:07:51.699+0000] {processor.py:840} INFO - DAG(s) 'example_weekday_branch_operator' retrieved from /home/airflow/.local/lib/python3.12/site-packages/airflow/example_dags/example_branch_day_of_week_operator.py
[2025-02-24T04:07:51.726+0000] {logging_mixin.py:188} INFO - [2025-02-24T04:07:51.726+0000] {dag.py:3096} INFO - Sync 1 DAGs
[2025-02-24T04:07:51.752+0000] {logging_mixin.py:188} INFO - [2025-02-24T04:07:51.751+0000] {dag.py:3954} INFO - Setting next_dagrun for example_weekday_branch_operator to 2025-02-23 00:00:00+00:00, run_after=2025-02-24 00:00:00+00:00
[2025-02-24T04:07:51.773+0000] {processor.py:183} INFO - Processing /home/airflow/.local/lib/python3.12/site-packages/airflow/example_dags/example_branch_day_of_week_operator.py took 0.096 seconds
[2025-02-24T04:08:22.301+0000] {processor.py:161} INFO - Started process (PID=1691) to work on /home/airflow/.local/lib/python3.12/site-packages/airflow/example_dags/example_branch_day_of_week_operator.py
[2025-02-24T04:08:22.303+0000] {processor.py:830} INFO - Processing file /home/airflow/.local/lib/python3.12/site-packages/airflow/example_dags/example_branch_day_of_week_operator.py for tasks to queue
[2025-02-24T04:08:22.306+0000] {logging_mixin.py:188} INFO - [2025-02-24T04:08:22.306+0000] {dagbag.py:540} INFO - Filling up the DagBag from /home/airflow/.local/lib/python3.12/site-packages/airflow/example_dags/example_branch_day_of_week_operator.py
[2025-02-24T04:08:22.315+0000] {processor.py:840} INFO - DAG(s) 'example_weekday_branch_operator' retrieved from /home/airflow/.local/lib/python3.12/site-packages/airflow/example_dags/example_branch_day_of_week_operator.py
[2025-02-24T04:08:22.342+0000] {logging_mixin.py:188} INFO - [2025-02-24T04:08:22.341+0000] {dag.py:3096} INFO - Sync 1 DAGs
[2025-02-24T04:08:22.367+0000] {logging_mixin.py:188} INFO - [2025-02-24T04:08:22.367+0000] {dag.py:3954} INFO - Setting next_dagrun for example_weekday_branch_operator to 2025-02-23 00:00:00+00:00, run_after=2025-02-24 00:00:00+00:00
[2025-02-24T04:08:22.394+0000] {processor.py:183} INFO - Processing /home/airflow/.local/lib/python3.12/site-packages/airflow/example_dags/example_branch_day_of_week_operator.py took 0.101 seconds
[2025-02-24T04:08:53.201+0000] {processor.py:161} INFO - Started process (PID=1751) to work on /home/airflow/.local/lib/python3.12/site-packages/airflow/example_dags/example_branch_day_of_week_operator.py
[2025-02-24T04:08:53.203+0000] {processor.py:830} INFO - Processing file /home/airflow/.local/lib/python3.12/site-packages/airflow/example_dags/example_branch_day_of_week_operator.py for tasks to queue
[2025-02-24T04:08:53.205+0000] {logging_mixin.py:188} INFO - [2025-02-24T04:08:53.205+0000] {dagbag.py:540} INFO - Filling up the DagBag from /home/airflow/.local/lib/python3.12/site-packages/airflow/example_dags/example_branch_day_of_week_operator.py
[2025-02-24T04:08:53.215+0000] {processor.py:840} INFO - DAG(s) 'example_weekday_branch_operator' retrieved from /home/airflow/.local/lib/python3.12/site-packages/airflow/example_dags/example_branch_day_of_week_operator.py
[2025-02-24T04:08:53.240+0000] {logging_mixin.py:188} INFO - [2025-02-24T04:08:53.239+0000] {dag.py:3096} INFO - Sync 1 DAGs
[2025-02-24T04:08:53.264+0000] {logging_mixin.py:188} INFO - [2025-02-24T04:08:53.264+0000] {dag.py:3954} INFO - Setting next_dagrun for example_weekday_branch_operator to 2025-02-23 00:00:00+00:00, run_after=2025-02-24 00:00:00+00:00
[2025-02-24T04:08:53.285+0000] {processor.py:183} INFO - Processing /home/airflow/.local/lib/python3.12/site-packages/airflow/example_dags/example_branch_day_of_week_operator.py took 0.091 seconds
[2025-02-24T04:09:23.348+0000] {processor.py:161} INFO - Started process (PID=1812) to work on /home/airflow/.local/lib/python3.12/site-packages/airflow/example_dags/example_branch_day_of_week_operator.py
[2025-02-24T04:09:23.352+0000] {processor.py:830} INFO - Processing file /home/airflow/.local/lib/python3.12/site-packages/airflow/example_dags/example_branch_day_of_week_operator.py for tasks to queue
[2025-02-24T04:09:23.354+0000] {logging_mixin.py:188} INFO - [2025-02-24T04:09:23.354+0000] {dagbag.py:540} INFO - Filling up the DagBag from /home/airflow/.local/lib/python3.12/site-packages/airflow/example_dags/example_branch_day_of_week_operator.py
[2025-02-24T04:09:23.364+0000] {processor.py:840} INFO - DAG(s) 'example_weekday_branch_operator' retrieved from /home/airflow/.local/lib/python3.12/site-packages/airflow/example_dags/example_branch_day_of_week_operator.py
[2025-02-24T04:09:23.389+0000] {logging_mixin.py:188} INFO - [2025-02-24T04:09:23.389+0000] {dag.py:3096} INFO - Sync 1 DAGs
[2025-02-24T04:09:23.415+0000] {logging_mixin.py:188} INFO - [2025-02-24T04:09:23.415+0000] {dag.py:3954} INFO - Setting next_dagrun for example_weekday_branch_operator to 2025-02-23 00:00:00+00:00, run_after=2025-02-24 00:00:00+00:00
[2025-02-24T04:09:23.439+0000] {processor.py:183} INFO - Processing /home/airflow/.local/lib/python3.12/site-packages/airflow/example_dags/example_branch_day_of_week_operator.py took 0.099 seconds
[2025-02-24T04:09:53.652+0000] {processor.py:161} INFO - Started process (PID=1872) to work on /home/airflow/.local/lib/python3.12/site-packages/airflow/example_dags/example_branch_day_of_week_operator.py
[2025-02-24T04:09:53.653+0000] {processor.py:830} INFO - Processing file /home/airflow/.local/lib/python3.12/site-packages/airflow/example_dags/example_branch_day_of_week_operator.py for tasks to queue
[2025-02-24T04:09:53.657+0000] {logging_mixin.py:188} INFO - [2025-02-24T04:09:53.656+0000] {dagbag.py:540} INFO - Filling up the DagBag from /home/airflow/.local/lib/python3.12/site-packages/airflow/example_dags/example_branch_day_of_week_operator.py
[2025-02-24T04:09:53.665+0000] {processor.py:840} INFO - DAG(s) 'example_weekday_branch_operator' retrieved from /home/airflow/.local/lib/python3.12/site-packages/airflow/example_dags/example_branch_day_of_week_operator.py
[2025-02-24T04:09:53.691+0000] {logging_mixin.py:188} INFO - [2025-02-24T04:09:53.690+0000] {dag.py:3096} INFO - Sync 1 DAGs
[2025-02-24T04:09:53.716+0000] {logging_mixin.py:188} INFO - [2025-02-24T04:09:53.716+0000] {dag.py:3954} INFO - Setting next_dagrun for example_weekday_branch_operator to 2025-02-23 00:00:00+00:00, run_after=2025-02-24 00:00:00+00:00
[2025-02-24T04:09:53.737+0000] {processor.py:183} INFO - Processing /home/airflow/.local/lib/python3.12/site-packages/airflow/example_dags/example_branch_day_of_week_operator.py took 0.092 seconds
[2025-02-24T04:10:24.017+0000] {processor.py:161} INFO - Started process (PID=1932) to work on /home/airflow/.local/lib/python3.12/site-packages/airflow/example_dags/example_branch_day_of_week_operator.py
[2025-02-24T04:10:24.018+0000] {processor.py:830} INFO - Processing file /home/airflow/.local/lib/python3.12/site-packages/airflow/example_dags/example_branch_day_of_week_operator.py for tasks to queue
[2025-02-24T04:10:24.020+0000] {logging_mixin.py:188} INFO - [2025-02-24T04:10:24.020+0000] {dagbag.py:540} INFO - Filling up the DagBag from /home/airflow/.local/lib/python3.12/site-packages/airflow/example_dags/example_branch_day_of_week_operator.py
[2025-02-24T04:10:24.030+0000] {processor.py:840} INFO - DAG(s) 'example_weekday_branch_operator' retrieved from /home/airflow/.local/lib/python3.12/site-packages/airflow/example_dags/example_branch_day_of_week_operator.py
[2025-02-24T04:10:24.057+0000] {logging_mixin.py:188} INFO - [2025-02-24T04:10:24.057+0000] {dag.py:3096} INFO - Sync 1 DAGs
[2025-02-24T04:10:24.091+0000] {logging_mixin.py:188} INFO - [2025-02-24T04:10:24.090+0000] {dag.py:3954} INFO - Setting next_dagrun for example_weekday_branch_operator to 2025-02-23 00:00:00+00:00, run_after=2025-02-24 00:00:00+00:00
[2025-02-24T04:10:24.116+0000] {processor.py:183} INFO - Processing /home/airflow/.local/lib/python3.12/site-packages/airflow/example_dags/example_branch_day_of_week_operator.py took 0.106 seconds
[2025-02-24T04:10:54.572+0000] {processor.py:161} INFO - Started process (PID=2004) to work on /home/airflow/.local/lib/python3.12/site-packages/airflow/example_dags/example_branch_day_of_week_operator.py
[2025-02-24T04:10:54.573+0000] {processor.py:830} INFO - Processing file /home/airflow/.local/lib/python3.12/site-packages/airflow/example_dags/example_branch_day_of_week_operator.py for tasks to queue
[2025-02-24T04:10:54.575+0000] {logging_mixin.py:188} INFO - [2025-02-24T04:10:54.575+0000] {dagbag.py:540} INFO - Filling up the DagBag from /home/airflow/.local/lib/python3.12/site-packages/airflow/example_dags/example_branch_day_of_week_operator.py
[2025-02-24T04:10:54.585+0000] {processor.py:840} INFO - DAG(s) 'example_weekday_branch_operator' retrieved from /home/airflow/.local/lib/python3.12/site-packages/airflow/example_dags/example_branch_day_of_week_operator.py
[2025-02-24T04:10:54.610+0000] {logging_mixin.py:188} INFO - [2025-02-24T04:10:54.609+0000] {dag.py:3096} INFO - Sync 1 DAGs
[2025-02-24T04:10:54.637+0000] {logging_mixin.py:188} INFO - [2025-02-24T04:10:54.637+0000] {dag.py:3954} INFO - Setting next_dagrun for example_weekday_branch_operator to 2025-02-23 00:00:00+00:00, run_after=2025-02-24 00:00:00+00:00
[2025-02-24T04:10:54.658+0000] {processor.py:183} INFO - Processing /home/airflow/.local/lib/python3.12/site-packages/airflow/example_dags/example_branch_day_of_week_operator.py took 0.093 seconds
[2025-02-24T04:11:24.863+0000] {processor.py:161} INFO - Started process (PID=2064) to work on /home/airflow/.local/lib/python3.12/site-packages/airflow/example_dags/example_branch_day_of_week_operator.py
[2025-02-24T04:11:24.864+0000] {processor.py:830} INFO - Processing file /home/airflow/.local/lib/python3.12/site-packages/airflow/example_dags/example_branch_day_of_week_operator.py for tasks to queue
[2025-02-24T04:11:24.867+0000] {logging_mixin.py:188} INFO - [2025-02-24T04:11:24.866+0000] {dagbag.py:540} INFO - Filling up the DagBag from /home/airflow/.local/lib/python3.12/site-packages/airflow/example_dags/example_branch_day_of_week_operator.py
[2025-02-24T04:11:24.876+0000] {processor.py:840} INFO - DAG(s) 'example_weekday_branch_operator' retrieved from /home/airflow/.local/lib/python3.12/site-packages/airflow/example_dags/example_branch_day_of_week_operator.py
[2025-02-24T04:11:24.907+0000] {logging_mixin.py:188} INFO - [2025-02-24T04:11:24.906+0000] {dag.py:3096} INFO - Sync 1 DAGs
[2025-02-24T04:11:24.937+0000] {logging_mixin.py:188} INFO - [2025-02-24T04:11:24.937+0000] {dag.py:3954} INFO - Setting next_dagrun for example_weekday_branch_operator to 2025-02-23 00:00:00+00:00, run_after=2025-02-24 00:00:00+00:00
[2025-02-24T04:11:24.965+0000] {processor.py:183} INFO - Processing /home/airflow/.local/lib/python3.12/site-packages/airflow/example_dags/example_branch_day_of_week_operator.py took 0.111 seconds
[2025-02-24T04:11:55.798+0000] {processor.py:161} INFO - Started process (PID=2124) to work on /home/airflow/.local/lib/python3.12/site-packages/airflow/example_dags/example_branch_day_of_week_operator.py
[2025-02-24T04:11:55.799+0000] {processor.py:830} INFO - Processing file /home/airflow/.local/lib/python3.12/site-packages/airflow/example_dags/example_branch_day_of_week_operator.py for tasks to queue
[2025-02-24T04:11:55.801+0000] {logging_mixin.py:188} INFO - [2025-02-24T04:11:55.801+0000] {dagbag.py:540} INFO - Filling up the DagBag from /home/airflow/.local/lib/python3.12/site-packages/airflow/example_dags/example_branch_day_of_week_operator.py
[2025-02-24T04:11:55.811+0000] {processor.py:840} INFO - DAG(s) 'example_weekday_branch_operator' retrieved from /home/airflow/.local/lib/python3.12/site-packages/airflow/example_dags/example_branch_day_of_week_operator.py
[2025-02-24T04:11:55.837+0000] {logging_mixin.py:188} INFO - [2025-02-24T04:11:55.837+0000] {dag.py:3096} INFO - Sync 1 DAGs
[2025-02-24T04:11:55.864+0000] {logging_mixin.py:188} INFO - [2025-02-24T04:11:55.863+0000] {dag.py:3954} INFO - Setting next_dagrun for example_weekday_branch_operator to 2025-02-23 00:00:00+00:00, run_after=2025-02-24 00:00:00+00:00
[2025-02-24T04:11:55.886+0000] {processor.py:183} INFO - Processing /home/airflow/.local/lib/python3.12/site-packages/airflow/example_dags/example_branch_day_of_week_operator.py took 0.094 seconds
[2025-02-24T04:12:26.033+0000] {processor.py:161} INFO - Started process (PID=2200) to work on /home/airflow/.local/lib/python3.12/site-packages/airflow/example_dags/example_branch_day_of_week_operator.py
[2025-02-24T04:12:26.035+0000] {processor.py:830} INFO - Processing file /home/airflow/.local/lib/python3.12/site-packages/airflow/example_dags/example_branch_day_of_week_operator.py for tasks to queue
[2025-02-24T04:12:26.037+0000] {logging_mixin.py:188} INFO - [2025-02-24T04:12:26.037+0000] {dagbag.py:540} INFO - Filling up the DagBag from /home/airflow/.local/lib/python3.12/site-packages/airflow/example_dags/example_branch_day_of_week_operator.py
[2025-02-24T04:12:26.048+0000] {processor.py:840} INFO - DAG(s) 'example_weekday_branch_operator' retrieved from /home/airflow/.local/lib/python3.12/site-packages/airflow/example_dags/example_branch_day_of_week_operator.py
[2025-02-24T04:12:26.075+0000] {logging_mixin.py:188} INFO - [2025-02-24T04:12:26.074+0000] {dag.py:3096} INFO - Sync 1 DAGs
[2025-02-24T04:12:26.101+0000] {logging_mixin.py:188} INFO - [2025-02-24T04:12:26.101+0000] {dag.py:3954} INFO - Setting next_dagrun for example_weekday_branch_operator to 2025-02-23 00:00:00+00:00, run_after=2025-02-24 00:00:00+00:00
[2025-02-24T04:12:26.124+0000] {processor.py:183} INFO - Processing /home/airflow/.local/lib/python3.12/site-packages/airflow/example_dags/example_branch_day_of_week_operator.py took 0.098 seconds
[2025-02-24T04:12:56.818+0000] {processor.py:161} INFO - Started process (PID=2260) to work on /home/airflow/.local/lib/python3.12/site-packages/airflow/example_dags/example_branch_day_of_week_operator.py
[2025-02-24T04:12:56.820+0000] {processor.py:830} INFO - Processing file /home/airflow/.local/lib/python3.12/site-packages/airflow/example_dags/example_branch_day_of_week_operator.py for tasks to queue
[2025-02-24T04:12:56.823+0000] {logging_mixin.py:188} INFO - [2025-02-24T04:12:56.822+0000] {dagbag.py:540} INFO - Filling up the DagBag from /home/airflow/.local/lib/python3.12/site-packages/airflow/example_dags/example_branch_day_of_week_operator.py
[2025-02-24T04:12:56.832+0000] {processor.py:840} INFO - DAG(s) 'example_weekday_branch_operator' retrieved from /home/airflow/.local/lib/python3.12/site-packages/airflow/example_dags/example_branch_day_of_week_operator.py
[2025-02-24T04:12:56.861+0000] {logging_mixin.py:188} INFO - [2025-02-24T04:12:56.861+0000] {dag.py:3096} INFO - Sync 1 DAGs
[2025-02-24T04:12:56.889+0000] {logging_mixin.py:188} INFO - [2025-02-24T04:12:56.889+0000] {dag.py:3954} INFO - Setting next_dagrun for example_weekday_branch_operator to 2025-02-23 00:00:00+00:00, run_after=2025-02-24 00:00:00+00:00
[2025-02-24T04:12:56.917+0000] {processor.py:183} INFO - Processing /home/airflow/.local/lib/python3.12/site-packages/airflow/example_dags/example_branch_day_of_week_operator.py took 0.105 seconds
[2025-02-24T04:13:27.549+0000] {processor.py:161} INFO - Started process (PID=2321) to work on /home/airflow/.local/lib/python3.12/site-packages/airflow/example_dags/example_branch_day_of_week_operator.py
[2025-02-24T04:13:27.550+0000] {processor.py:830} INFO - Processing file /home/airflow/.local/lib/python3.12/site-packages/airflow/example_dags/example_branch_day_of_week_operator.py for tasks to queue
[2025-02-24T04:13:27.552+0000] {logging_mixin.py:188} INFO - [2025-02-24T04:13:27.552+0000] {dagbag.py:540} INFO - Filling up the DagBag from /home/airflow/.local/lib/python3.12/site-packages/airflow/example_dags/example_branch_day_of_week_operator.py
[2025-02-24T04:13:27.562+0000] {processor.py:840} INFO - DAG(s) 'example_weekday_branch_operator' retrieved from /home/airflow/.local/lib/python3.12/site-packages/airflow/example_dags/example_branch_day_of_week_operator.py
[2025-02-24T04:13:27.595+0000] {logging_mixin.py:188} INFO - [2025-02-24T04:13:27.594+0000] {dag.py:3096} INFO - Sync 1 DAGs
[2025-02-24T04:13:27.622+0000] {logging_mixin.py:188} INFO - [2025-02-24T04:13:27.622+0000] {dag.py:3954} INFO - Setting next_dagrun for example_weekday_branch_operator to 2025-02-23 00:00:00+00:00, run_after=2025-02-24 00:00:00+00:00
[2025-02-24T04:13:27.704+0000] {processor.py:183} INFO - Processing /home/airflow/.local/lib/python3.12/site-packages/airflow/example_dags/example_branch_day_of_week_operator.py took 0.163 seconds
[2025-02-24T04:13:57.881+0000] {processor.py:161} INFO - Started process (PID=2387) to work on /home/airflow/.local/lib/python3.12/site-packages/airflow/example_dags/example_branch_day_of_week_operator.py
[2025-02-24T04:13:57.884+0000] {processor.py:830} INFO - Processing file /home/airflow/.local/lib/python3.12/site-packages/airflow/example_dags/example_branch_day_of_week_operator.py for tasks to queue
[2025-02-24T04:13:57.888+0000] {logging_mixin.py:188} INFO - [2025-02-24T04:13:57.887+0000] {dagbag.py:540} INFO - Filling up the DagBag from /home/airflow/.local/lib/python3.12/site-packages/airflow/example_dags/example_branch_day_of_week_operator.py
[2025-02-24T04:13:57.898+0000] {processor.py:840} INFO - DAG(s) 'example_weekday_branch_operator' retrieved from /home/airflow/.local/lib/python3.12/site-packages/airflow/example_dags/example_branch_day_of_week_operator.py
[2025-02-24T04:13:57.931+0000] {logging_mixin.py:188} INFO - [2025-02-24T04:13:57.931+0000] {dag.py:3096} INFO - Sync 1 DAGs
[2025-02-24T04:13:57.984+0000] {logging_mixin.py:188} INFO - [2025-02-24T04:13:57.984+0000] {dag.py:3954} INFO - Setting next_dagrun for example_weekday_branch_operator to 2025-02-23 00:00:00+00:00, run_after=2025-02-24 00:00:00+00:00
[2025-02-24T04:13:58.023+0000] {processor.py:183} INFO - Processing /home/airflow/.local/lib/python3.12/site-packages/airflow/example_dags/example_branch_day_of_week_operator.py took 0.149 seconds
[2025-02-24T04:14:28.085+0000] {processor.py:161} INFO - Started process (PID=2447) to work on /home/airflow/.local/lib/python3.12/site-packages/airflow/example_dags/example_branch_day_of_week_operator.py
[2025-02-24T04:14:28.086+0000] {processor.py:830} INFO - Processing file /home/airflow/.local/lib/python3.12/site-packages/airflow/example_dags/example_branch_day_of_week_operator.py for tasks to queue
[2025-02-24T04:14:28.089+0000] {logging_mixin.py:188} INFO - [2025-02-24T04:14:28.088+0000] {dagbag.py:540} INFO - Filling up the DagBag from /home/airflow/.local/lib/python3.12/site-packages/airflow/example_dags/example_branch_day_of_week_operator.py
[2025-02-24T04:14:28.098+0000] {processor.py:840} INFO - DAG(s) 'example_weekday_branch_operator' retrieved from /home/airflow/.local/lib/python3.12/site-packages/airflow/example_dags/example_branch_day_of_week_operator.py
[2025-02-24T04:14:28.124+0000] {logging_mixin.py:188} INFO - [2025-02-24T04:14:28.124+0000] {dag.py:3096} INFO - Sync 1 DAGs
[2025-02-24T04:14:28.151+0000] {logging_mixin.py:188} INFO - [2025-02-24T04:14:28.151+0000] {dag.py:3954} INFO - Setting next_dagrun for example_weekday_branch_operator to 2025-02-23 00:00:00+00:00, run_after=2025-02-24 00:00:00+00:00
[2025-02-24T04:14:28.173+0000] {processor.py:183} INFO - Processing /home/airflow/.local/lib/python3.12/site-packages/airflow/example_dags/example_branch_day_of_week_operator.py took 0.095 seconds
[2025-02-24T04:14:58.229+0000] {processor.py:161} INFO - Started process (PID=2507) to work on /home/airflow/.local/lib/python3.12/site-packages/airflow/example_dags/example_branch_day_of_week_operator.py
[2025-02-24T04:14:58.231+0000] {processor.py:830} INFO - Processing file /home/airflow/.local/lib/python3.12/site-packages/airflow/example_dags/example_branch_day_of_week_operator.py for tasks to queue
[2025-02-24T04:14:58.233+0000] {logging_mixin.py:188} INFO - [2025-02-24T04:14:58.233+0000] {dagbag.py:540} INFO - Filling up the DagBag from /home/airflow/.local/lib/python3.12/site-packages/airflow/example_dags/example_branch_day_of_week_operator.py
[2025-02-24T04:14:58.244+0000] {processor.py:840} INFO - DAG(s) 'example_weekday_branch_operator' retrieved from /home/airflow/.local/lib/python3.12/site-packages/airflow/example_dags/example_branch_day_of_week_operator.py
[2025-02-24T04:14:58.270+0000] {logging_mixin.py:188} INFO - [2025-02-24T04:14:58.269+0000] {dag.py:3096} INFO - Sync 1 DAGs
[2025-02-24T04:14:58.296+0000] {logging_mixin.py:188} INFO - [2025-02-24T04:14:58.296+0000] {dag.py:3954} INFO - Setting next_dagrun for example_weekday_branch_operator to 2025-02-23 00:00:00+00:00, run_after=2025-02-24 00:00:00+00:00
[2025-02-24T04:14:58.318+0000] {processor.py:183} INFO - Processing /home/airflow/.local/lib/python3.12/site-packages/airflow/example_dags/example_branch_day_of_week_operator.py took 0.098 seconds
[2025-02-24T04:15:28.985+0000] {processor.py:161} INFO - Started process (PID=2565) to work on /home/airflow/.local/lib/python3.12/site-packages/airflow/example_dags/example_branch_day_of_week_operator.py
[2025-02-24T04:15:28.986+0000] {processor.py:830} INFO - Processing file /home/airflow/.local/lib/python3.12/site-packages/airflow/example_dags/example_branch_day_of_week_operator.py for tasks to queue
[2025-02-24T04:15:28.989+0000] {logging_mixin.py:188} INFO - [2025-02-24T04:15:28.988+0000] {dagbag.py:540} INFO - Filling up the DagBag from /home/airflow/.local/lib/python3.12/site-packages/airflow/example_dags/example_branch_day_of_week_operator.py
[2025-02-24T04:15:28.999+0000] {processor.py:840} INFO - DAG(s) 'example_weekday_branch_operator' retrieved from /home/airflow/.local/lib/python3.12/site-packages/airflow/example_dags/example_branch_day_of_week_operator.py
[2025-02-24T04:15:29.027+0000] {logging_mixin.py:188} INFO - [2025-02-24T04:15:29.026+0000] {dag.py:3096} INFO - Sync 1 DAGs
[2025-02-24T04:15:29.057+0000] {logging_mixin.py:188} INFO - [2025-02-24T04:15:29.056+0000] {dag.py:3954} INFO - Setting next_dagrun for example_weekday_branch_operator to 2025-02-23 00:00:00+00:00, run_after=2025-02-24 00:00:00+00:00
[2025-02-24T04:15:29.080+0000] {processor.py:183} INFO - Processing /home/airflow/.local/lib/python3.12/site-packages/airflow/example_dags/example_branch_day_of_week_operator.py took 0.102 seconds
[2025-02-24T04:15:59.406+0000] {processor.py:161} INFO - Started process (PID=2626) to work on /home/airflow/.local/lib/python3.12/site-packages/airflow/example_dags/example_branch_day_of_week_operator.py
[2025-02-24T04:15:59.407+0000] {processor.py:830} INFO - Processing file /home/airflow/.local/lib/python3.12/site-packages/airflow/example_dags/example_branch_day_of_week_operator.py for tasks to queue
[2025-02-24T04:15:59.410+0000] {logging_mixin.py:188} INFO - [2025-02-24T04:15:59.409+0000] {dagbag.py:540} INFO - Filling up the DagBag from /home/airflow/.local/lib/python3.12/site-packages/airflow/example_dags/example_branch_day_of_week_operator.py
[2025-02-24T04:15:59.419+0000] {processor.py:840} INFO - DAG(s) 'example_weekday_branch_operator' retrieved from /home/airflow/.local/lib/python3.12/site-packages/airflow/example_dags/example_branch_day_of_week_operator.py
[2025-02-24T04:15:59.442+0000] {logging_mixin.py:188} INFO - [2025-02-24T04:15:59.442+0000] {dag.py:3096} INFO - Sync 1 DAGs
[2025-02-24T04:15:59.467+0000] {logging_mixin.py:188} INFO - [2025-02-24T04:15:59.467+0000] {dag.py:3954} INFO - Setting next_dagrun for example_weekday_branch_operator to 2025-02-23 00:00:00+00:00, run_after=2025-02-24 00:00:00+00:00
[2025-02-24T04:15:59.490+0000] {processor.py:183} INFO - Processing /home/airflow/.local/lib/python3.12/site-packages/airflow/example_dags/example_branch_day_of_week_operator.py took 0.092 seconds
[2025-02-24T04:16:29.996+0000] {processor.py:161} INFO - Started process (PID=2686) to work on /home/airflow/.local/lib/python3.12/site-packages/airflow/example_dags/example_branch_day_of_week_operator.py
[2025-02-24T04:16:29.998+0000] {processor.py:830} INFO - Processing file /home/airflow/.local/lib/python3.12/site-packages/airflow/example_dags/example_branch_day_of_week_operator.py for tasks to queue
[2025-02-24T04:16:30.002+0000] {logging_mixin.py:188} INFO - [2025-02-24T04:16:30.000+0000] {dagbag.py:540} INFO - Filling up the DagBag from /home/airflow/.local/lib/python3.12/site-packages/airflow/example_dags/example_branch_day_of_week_operator.py
[2025-02-24T04:16:30.012+0000] {processor.py:840} INFO - DAG(s) 'example_weekday_branch_operator' retrieved from /home/airflow/.local/lib/python3.12/site-packages/airflow/example_dags/example_branch_day_of_week_operator.py
[2025-02-24T04:16:30.038+0000] {logging_mixin.py:188} INFO - [2025-02-24T04:16:30.037+0000] {dag.py:3096} INFO - Sync 1 DAGs
[2025-02-24T04:16:30.065+0000] {logging_mixin.py:188} INFO - [2025-02-24T04:16:30.064+0000] {dag.py:3954} INFO - Setting next_dagrun for example_weekday_branch_operator to 2025-02-23 00:00:00+00:00, run_after=2025-02-24 00:00:00+00:00
[2025-02-24T04:16:30.087+0000] {processor.py:183} INFO - Processing /home/airflow/.local/lib/python3.12/site-packages/airflow/example_dags/example_branch_day_of_week_operator.py took 0.098 seconds
[2025-02-24T04:17:01.085+0000] {processor.py:161} INFO - Started process (PID=2746) to work on /home/airflow/.local/lib/python3.12/site-packages/airflow/example_dags/example_branch_day_of_week_operator.py
[2025-02-24T04:17:01.087+0000] {processor.py:830} INFO - Processing file /home/airflow/.local/lib/python3.12/site-packages/airflow/example_dags/example_branch_day_of_week_operator.py for tasks to queue
[2025-02-24T04:17:01.090+0000] {logging_mixin.py:188} INFO - [2025-02-24T04:17:01.089+0000] {dagbag.py:540} INFO - Filling up the DagBag from /home/airflow/.local/lib/python3.12/site-packages/airflow/example_dags/example_branch_day_of_week_operator.py
[2025-02-24T04:17:01.164+0000] {processor.py:840} INFO - DAG(s) 'example_weekday_branch_operator' retrieved from /home/airflow/.local/lib/python3.12/site-packages/airflow/example_dags/example_branch_day_of_week_operator.py
[2025-02-24T04:17:01.191+0000] {logging_mixin.py:188} INFO - [2025-02-24T04:17:01.191+0000] {dag.py:3096} INFO - Sync 1 DAGs
[2025-02-24T04:17:01.220+0000] {logging_mixin.py:188} INFO - [2025-02-24T04:17:01.220+0000] {dag.py:3954} INFO - Setting next_dagrun for example_weekday_branch_operator to 2025-02-23 00:00:00+00:00, run_after=2025-02-24 00:00:00+00:00
[2025-02-24T04:17:01.438+0000] {processor.py:183} INFO - Processing /home/airflow/.local/lib/python3.12/site-packages/airflow/example_dags/example_branch_day_of_week_operator.py took 0.361 seconds
[2025-02-24T04:17:31.532+0000] {processor.py:161} INFO - Started process (PID=2806) to work on /home/airflow/.local/lib/python3.12/site-packages/airflow/example_dags/example_branch_day_of_week_operator.py
[2025-02-24T04:17:31.534+0000] {processor.py:830} INFO - Processing file /home/airflow/.local/lib/python3.12/site-packages/airflow/example_dags/example_branch_day_of_week_operator.py for tasks to queue
[2025-02-24T04:17:31.537+0000] {logging_mixin.py:188} INFO - [2025-02-24T04:17:31.536+0000] {dagbag.py:540} INFO - Filling up the DagBag from /home/airflow/.local/lib/python3.12/site-packages/airflow/example_dags/example_branch_day_of_week_operator.py
[2025-02-24T04:17:31.549+0000] {processor.py:840} INFO - DAG(s) 'example_weekday_branch_operator' retrieved from /home/airflow/.local/lib/python3.12/site-packages/airflow/example_dags/example_branch_day_of_week_operator.py
[2025-02-24T04:17:31.573+0000] {logging_mixin.py:188} INFO - [2025-02-24T04:17:31.573+0000] {dag.py:3096} INFO - Sync 1 DAGs
[2025-02-24T04:17:31.601+0000] {logging_mixin.py:188} INFO - [2025-02-24T04:17:31.600+0000] {dag.py:3954} INFO - Setting next_dagrun for example_weekday_branch_operator to 2025-02-23 00:00:00+00:00, run_after=2025-02-24 00:00:00+00:00
[2025-02-24T04:17:31.622+0000] {processor.py:183} INFO - Processing /home/airflow/.local/lib/python3.12/site-packages/airflow/example_dags/example_branch_day_of_week_operator.py took 0.097 seconds
[2025-02-24T04:19:29.983+0000] {processor.py:161} INFO - Started process (PID=2872) to work on /home/airflow/.local/lib/python3.12/site-packages/airflow/example_dags/example_branch_day_of_week_operator.py
[2025-02-24T04:19:29.984+0000] {processor.py:830} INFO - Processing file /home/airflow/.local/lib/python3.12/site-packages/airflow/example_dags/example_branch_day_of_week_operator.py for tasks to queue
[2025-02-24T04:19:29.985+0000] {logging_mixin.py:188} INFO - [2025-02-24T04:19:29.985+0000] {dagbag.py:540} INFO - Filling up the DagBag from /home/airflow/.local/lib/python3.12/site-packages/airflow/example_dags/example_branch_day_of_week_operator.py
[2025-02-24T04:19:29.999+0000] {processor.py:840} INFO - DAG(s) 'example_weekday_branch_operator' retrieved from /home/airflow/.local/lib/python3.12/site-packages/airflow/example_dags/example_branch_day_of_week_operator.py
[2025-02-24T04:19:30.030+0000] {logging_mixin.py:188} INFO - [2025-02-24T04:19:30.030+0000] {dag.py:3096} INFO - Sync 1 DAGs
[2025-02-24T04:19:30.062+0000] {logging_mixin.py:188} INFO - [2025-02-24T04:19:30.062+0000] {dag.py:3954} INFO - Setting next_dagrun for example_weekday_branch_operator to 2025-02-23 00:00:00+00:00, run_after=2025-02-24 00:00:00+00:00
[2025-02-24T04:19:30.089+0000] {processor.py:183} INFO - Processing /home/airflow/.local/lib/python3.12/site-packages/airflow/example_dags/example_branch_day_of_week_operator.py took 0.114 seconds
[2025-02-24T04:20:02.065+0000] {processor.py:161} INFO - Started process (PID=2930) to work on /home/airflow/.local/lib/python3.12/site-packages/airflow/example_dags/example_branch_day_of_week_operator.py
[2025-02-24T04:20:02.067+0000] {processor.py:830} INFO - Processing file /home/airflow/.local/lib/python3.12/site-packages/airflow/example_dags/example_branch_day_of_week_operator.py for tasks to queue
[2025-02-24T04:20:02.069+0000] {logging_mixin.py:188} INFO - [2025-02-24T04:20:02.068+0000] {dagbag.py:540} INFO - Filling up the DagBag from /home/airflow/.local/lib/python3.12/site-packages/airflow/example_dags/example_branch_day_of_week_operator.py
[2025-02-24T04:20:02.109+0000] {processor.py:840} INFO - DAG(s) 'example_weekday_branch_operator' retrieved from /home/airflow/.local/lib/python3.12/site-packages/airflow/example_dags/example_branch_day_of_week_operator.py
[2025-02-24T04:20:02.181+0000] {logging_mixin.py:188} INFO - [2025-02-24T04:20:02.180+0000] {dag.py:3096} INFO - Sync 1 DAGs
[2025-02-24T04:20:02.255+0000] {logging_mixin.py:188} INFO - [2025-02-24T04:20:02.255+0000] {dag.py:3954} INFO - Setting next_dagrun for example_weekday_branch_operator to 2025-02-23 00:00:00+00:00, run_after=2025-02-24 00:00:00+00:00
[2025-02-24T04:20:02.350+0000] {processor.py:183} INFO - Processing /home/airflow/.local/lib/python3.12/site-packages/airflow/example_dags/example_branch_day_of_week_operator.py took 0.296 seconds
[2025-02-24T04:21:26.715+0000] {processor.py:161} INFO - Started process (PID=2968) to work on /home/airflow/.local/lib/python3.12/site-packages/airflow/example_dags/example_branch_day_of_week_operator.py
[2025-02-24T04:21:26.717+0000] {processor.py:830} INFO - Processing file /home/airflow/.local/lib/python3.12/site-packages/airflow/example_dags/example_branch_day_of_week_operator.py for tasks to queue
[2025-02-24T04:21:26.720+0000] {logging_mixin.py:188} INFO - [2025-02-24T04:21:26.719+0000] {dagbag.py:540} INFO - Filling up the DagBag from /home/airflow/.local/lib/python3.12/site-packages/airflow/example_dags/example_branch_day_of_week_operator.py
[2025-02-24T04:21:26.761+0000] {processor.py:840} INFO - DAG(s) 'example_weekday_branch_operator' retrieved from /home/airflow/.local/lib/python3.12/site-packages/airflow/example_dags/example_branch_day_of_week_operator.py
[2025-02-24T04:21:26.817+0000] {logging_mixin.py:188} INFO - [2025-02-24T04:21:26.817+0000] {dag.py:3096} INFO - Sync 1 DAGs
[2025-02-24T04:21:26.863+0000] {logging_mixin.py:188} INFO - [2025-02-24T04:21:26.862+0000] {dag.py:3954} INFO - Setting next_dagrun for example_weekday_branch_operator to 2025-02-23 00:00:00+00:00, run_after=2025-02-24 00:00:00+00:00
[2025-02-24T04:21:26.957+0000] {processor.py:183} INFO - Processing /home/airflow/.local/lib/python3.12/site-packages/airflow/example_dags/example_branch_day_of_week_operator.py took 0.256 seconds
[2025-02-24T04:23:09.839+0000] {processor.py:161} INFO - Started process (PID=3030) to work on /home/airflow/.local/lib/python3.12/site-packages/airflow/example_dags/example_branch_day_of_week_operator.py
[2025-02-24T04:23:09.841+0000] {processor.py:830} INFO - Processing file /home/airflow/.local/lib/python3.12/site-packages/airflow/example_dags/example_branch_day_of_week_operator.py for tasks to queue
[2025-02-24T04:23:09.844+0000] {logging_mixin.py:188} INFO - [2025-02-24T04:23:09.843+0000] {dagbag.py:540} INFO - Filling up the DagBag from /home/airflow/.local/lib/python3.12/site-packages/airflow/example_dags/example_branch_day_of_week_operator.py
[2025-02-24T04:23:09.866+0000] {processor.py:840} INFO - DAG(s) 'example_weekday_branch_operator' retrieved from /home/airflow/.local/lib/python3.12/site-packages/airflow/example_dags/example_branch_day_of_week_operator.py
[2025-02-24T04:23:09.920+0000] {logging_mixin.py:188} INFO - [2025-02-24T04:23:09.920+0000] {dag.py:3096} INFO - Sync 1 DAGs
[2025-02-24T04:23:09.988+0000] {logging_mixin.py:188} INFO - [2025-02-24T04:23:09.985+0000] {dag.py:3954} INFO - Setting next_dagrun for example_weekday_branch_operator to 2025-02-23 00:00:00+00:00, run_after=2025-02-24 00:00:00+00:00
[2025-02-24T04:23:10.067+0000] {processor.py:183} INFO - Processing /home/airflow/.local/lib/python3.12/site-packages/airflow/example_dags/example_branch_day_of_week_operator.py took 0.246 seconds
[2025-02-24T04:24:10.145+0000] {processor.py:161} INFO - Started process (PID=3088) to work on /home/airflow/.local/lib/python3.12/site-packages/airflow/example_dags/example_branch_day_of_week_operator.py
[2025-02-24T04:24:10.150+0000] {processor.py:830} INFO - Processing file /home/airflow/.local/lib/python3.12/site-packages/airflow/example_dags/example_branch_day_of_week_operator.py for tasks to queue
[2025-02-24T04:24:10.160+0000] {logging_mixin.py:188} INFO - [2025-02-24T04:24:10.159+0000] {dagbag.py:540} INFO - Filling up the DagBag from /home/airflow/.local/lib/python3.12/site-packages/airflow/example_dags/example_branch_day_of_week_operator.py
[2025-02-24T04:24:10.183+0000] {processor.py:840} INFO - DAG(s) 'example_weekday_branch_operator' retrieved from /home/airflow/.local/lib/python3.12/site-packages/airflow/example_dags/example_branch_day_of_week_operator.py
[2025-02-24T04:24:10.248+0000] {logging_mixin.py:188} INFO - [2025-02-24T04:24:10.247+0000] {dag.py:3096} INFO - Sync 1 DAGs
[2025-02-24T04:24:10.352+0000] {logging_mixin.py:188} INFO - [2025-02-24T04:24:10.352+0000] {dag.py:3954} INFO - Setting next_dagrun for example_weekday_branch_operator to 2025-02-23 00:00:00+00:00, run_after=2025-02-24 00:00:00+00:00
[2025-02-24T04:24:10.461+0000] {processor.py:183} INFO - Processing /home/airflow/.local/lib/python3.12/site-packages/airflow/example_dags/example_branch_day_of_week_operator.py took 0.330 seconds
[2025-02-24T04:24:41.159+0000] {processor.py:161} INFO - Started process (PID=3143) to work on /home/airflow/.local/lib/python3.12/site-packages/airflow/example_dags/example_branch_day_of_week_operator.py
[2025-02-24T04:24:41.161+0000] {processor.py:830} INFO - Processing file /home/airflow/.local/lib/python3.12/site-packages/airflow/example_dags/example_branch_day_of_week_operator.py for tasks to queue
[2025-02-24T04:24:41.163+0000] {logging_mixin.py:188} INFO - [2025-02-24T04:24:41.163+0000] {dagbag.py:540} INFO - Filling up the DagBag from /home/airflow/.local/lib/python3.12/site-packages/airflow/example_dags/example_branch_day_of_week_operator.py
[2025-02-24T04:24:41.180+0000] {processor.py:840} INFO - DAG(s) 'example_weekday_branch_operator' retrieved from /home/airflow/.local/lib/python3.12/site-packages/airflow/example_dags/example_branch_day_of_week_operator.py
[2025-02-24T04:24:41.214+0000] {logging_mixin.py:188} INFO - [2025-02-24T04:24:41.214+0000] {dag.py:3096} INFO - Sync 1 DAGs
[2025-02-24T04:24:41.249+0000] {logging_mixin.py:188} INFO - [2025-02-24T04:24:41.248+0000] {dag.py:3954} INFO - Setting next_dagrun for example_weekday_branch_operator to 2025-02-23 00:00:00+00:00, run_after=2025-02-24 00:00:00+00:00
[2025-02-24T04:24:41.276+0000] {processor.py:183} INFO - Processing /home/airflow/.local/lib/python3.12/site-packages/airflow/example_dags/example_branch_day_of_week_operator.py took 0.128 seconds
[2025-02-24T04:25:23.612+0000] {processor.py:161} INFO - Started process (PID=3182) to work on /home/airflow/.local/lib/python3.12/site-packages/airflow/example_dags/example_branch_day_of_week_operator.py
[2025-02-24T04:25:23.614+0000] {processor.py:830} INFO - Processing file /home/airflow/.local/lib/python3.12/site-packages/airflow/example_dags/example_branch_day_of_week_operator.py for tasks to queue
[2025-02-24T04:25:23.616+0000] {logging_mixin.py:188} INFO - [2025-02-24T04:25:23.616+0000] {dagbag.py:540} INFO - Filling up the DagBag from /home/airflow/.local/lib/python3.12/site-packages/airflow/example_dags/example_branch_day_of_week_operator.py
[2025-02-24T04:25:23.634+0000] {processor.py:840} INFO - DAG(s) 'example_weekday_branch_operator' retrieved from /home/airflow/.local/lib/python3.12/site-packages/airflow/example_dags/example_branch_day_of_week_operator.py
[2025-02-24T04:25:23.682+0000] {logging_mixin.py:188} INFO - [2025-02-24T04:25:23.681+0000] {dag.py:3096} INFO - Sync 1 DAGs
[2025-02-24T04:25:23.738+0000] {logging_mixin.py:188} INFO - [2025-02-24T04:25:23.737+0000] {dag.py:3954} INFO - Setting next_dagrun for example_weekday_branch_operator to 2025-02-23 00:00:00+00:00, run_after=2025-02-24 00:00:00+00:00
[2025-02-24T04:25:23.783+0000] {processor.py:183} INFO - Processing /home/airflow/.local/lib/python3.12/site-packages/airflow/example_dags/example_branch_day_of_week_operator.py took 0.183 seconds
[2025-02-24T04:25:54.565+0000] {processor.py:161} INFO - Started process (PID=3240) to work on /home/airflow/.local/lib/python3.12/site-packages/airflow/example_dags/example_branch_day_of_week_operator.py
[2025-02-24T04:25:54.567+0000] {processor.py:830} INFO - Processing file /home/airflow/.local/lib/python3.12/site-packages/airflow/example_dags/example_branch_day_of_week_operator.py for tasks to queue
[2025-02-24T04:25:54.570+0000] {logging_mixin.py:188} INFO - [2025-02-24T04:25:54.569+0000] {dagbag.py:540} INFO - Filling up the DagBag from /home/airflow/.local/lib/python3.12/site-packages/airflow/example_dags/example_branch_day_of_week_operator.py
[2025-02-24T04:25:54.589+0000] {processor.py:840} INFO - DAG(s) 'example_weekday_branch_operator' retrieved from /home/airflow/.local/lib/python3.12/site-packages/airflow/example_dags/example_branch_day_of_week_operator.py
[2025-02-24T04:25:54.668+0000] {logging_mixin.py:188} INFO - [2025-02-24T04:25:54.667+0000] {dag.py:3096} INFO - Sync 1 DAGs
[2025-02-24T04:25:54.742+0000] {logging_mixin.py:188} INFO - [2025-02-24T04:25:54.739+0000] {dag.py:3954} INFO - Setting next_dagrun for example_weekday_branch_operator to 2025-02-23 00:00:00+00:00, run_after=2025-02-24 00:00:00+00:00
[2025-02-24T04:25:54.806+0000] {processor.py:183} INFO - Processing /home/airflow/.local/lib/python3.12/site-packages/airflow/example_dags/example_branch_day_of_week_operator.py took 0.258 seconds
[2025-02-24T04:27:36.217+0000] {processor.py:161} INFO - Started process (PID=3283) to work on /home/airflow/.local/lib/python3.12/site-packages/airflow/example_dags/example_branch_day_of_week_operator.py
[2025-02-24T04:27:36.221+0000] {processor.py:830} INFO - Processing file /home/airflow/.local/lib/python3.12/site-packages/airflow/example_dags/example_branch_day_of_week_operator.py for tasks to queue
[2025-02-24T04:27:36.231+0000] {logging_mixin.py:188} INFO - [2025-02-24T04:27:36.230+0000] {dagbag.py:540} INFO - Filling up the DagBag from /home/airflow/.local/lib/python3.12/site-packages/airflow/example_dags/example_branch_day_of_week_operator.py
[2025-02-24T04:27:36.289+0000] {processor.py:840} INFO - DAG(s) 'example_weekday_branch_operator' retrieved from /home/airflow/.local/lib/python3.12/site-packages/airflow/example_dags/example_branch_day_of_week_operator.py
[2025-02-24T04:27:36.390+0000] {logging_mixin.py:188} INFO - [2025-02-24T04:27:36.390+0000] {dag.py:3096} INFO - Sync 1 DAGs
[2025-02-24T04:27:36.494+0000] {logging_mixin.py:188} INFO - [2025-02-24T04:27:36.490+0000] {dag.py:3954} INFO - Setting next_dagrun for example_weekday_branch_operator to 2025-02-23 00:00:00+00:00, run_after=2025-02-24 00:00:00+00:00
[2025-02-24T04:27:36.586+0000] {processor.py:183} INFO - Processing /home/airflow/.local/lib/python3.12/site-packages/airflow/example_dags/example_branch_day_of_week_operator.py took 0.404 seconds
[2025-02-24T04:28:58.959+0000] {processor.py:161} INFO - Started process (PID=3324) to work on /home/airflow/.local/lib/python3.12/site-packages/airflow/example_dags/example_branch_day_of_week_operator.py
[2025-02-24T04:28:58.960+0000] {processor.py:830} INFO - Processing file /home/airflow/.local/lib/python3.12/site-packages/airflow/example_dags/example_branch_day_of_week_operator.py for tasks to queue
[2025-02-24T04:28:58.962+0000] {logging_mixin.py:188} INFO - [2025-02-24T04:28:58.961+0000] {dagbag.py:540} INFO - Filling up the DagBag from /home/airflow/.local/lib/python3.12/site-packages/airflow/example_dags/example_branch_day_of_week_operator.py
[2025-02-24T04:28:58.973+0000] {processor.py:840} INFO - DAG(s) 'example_weekday_branch_operator' retrieved from /home/airflow/.local/lib/python3.12/site-packages/airflow/example_dags/example_branch_day_of_week_operator.py
[2025-02-24T04:28:59.006+0000] {logging_mixin.py:188} INFO - [2025-02-24T04:28:59.006+0000] {dag.py:3096} INFO - Sync 1 DAGs
[2025-02-24T04:28:59.041+0000] {logging_mixin.py:188} INFO - [2025-02-24T04:28:59.041+0000] {dag.py:3954} INFO - Setting next_dagrun for example_weekday_branch_operator to 2025-02-23 00:00:00+00:00, run_after=2025-02-24 00:00:00+00:00
[2025-02-24T04:28:59.069+0000] {processor.py:183} INFO - Processing /home/airflow/.local/lib/python3.12/site-packages/airflow/example_dags/example_branch_day_of_week_operator.py took 0.119 seconds
