[2025-02-24T03:54:09.533+0000] {processor.py:161} INFO - Started process (PID=74) to work on /home/airflow/.local/lib/python3.12/site-packages/airflow/example_dags/example_task_group.py
[2025-02-24T03:54:09.538+0000] {processor.py:830} INFO - Processing file /home/airflow/.local/lib/python3.12/site-packages/airflow/example_dags/example_task_group.py for tasks to queue
[2025-02-24T03:54:09.574+0000] {logging_mixin.py:188} INFO - [2025-02-24T03:54:09.573+0000] {dagbag.py:540} INFO - Filling up the DagBag from /home/airflow/.local/lib/python3.12/site-packages/airflow/example_dags/example_task_group.py
[2025-02-24T03:54:10.967+0000] {processor.py:840} INFO - DAG(s) 'example_task_group' retrieved from /home/airflow/.local/lib/python3.12/site-packages/airflow/example_dags/example_task_group.py
[2025-02-24T03:54:13.547+0000] {logging_mixin.py:188} INFO - [2025-02-24T03:54:13.544+0000] {override.py:1829} INFO - Created Permission View: can read on DAG:example_task_group
[2025-02-24T03:54:13.595+0000] {logging_mixin.py:188} INFO - [2025-02-24T03:54:13.595+0000] {override.py:1829} INFO - Created Permission View: can delete on DAG:example_task_group
[2025-02-24T03:54:13.868+0000] {logging_mixin.py:188} INFO - [2025-02-24T03:54:13.866+0000] {override.py:1829} INFO - Created Permission View: can edit on DAG:example_task_group
[2025-02-24T03:54:13.871+0000] {logging_mixin.py:188} INFO - [2025-02-24T03:54:13.871+0000] {dag.py:3096} INFO - Sync 1 DAGs
[2025-02-24T03:54:13.945+0000] {logging_mixin.py:188} INFO - [2025-02-24T03:54:13.945+0000] {dag.py:3118} INFO - Creating ORM DAG for example_task_group
[2025-02-24T03:54:13.986+0000] {logging_mixin.py:188} INFO - [2025-02-24T03:54:13.985+0000] {dag.py:3954} INFO - Setting next_dagrun for example_task_group to 2025-02-23 00:00:00+00:00, run_after=2025-02-24 00:00:00+00:00
[2025-02-24T03:54:14.024+0000] {processor.py:183} INFO - Processing /home/airflow/.local/lib/python3.12/site-packages/airflow/example_dags/example_task_group.py took 4.506 seconds
[2025-02-24T03:54:52.835+0000] {processor.py:161} INFO - Started process (PID=139) to work on /home/airflow/.local/lib/python3.12/site-packages/airflow/example_dags/example_task_group.py
[2025-02-24T03:54:52.837+0000] {processor.py:830} INFO - Processing file /home/airflow/.local/lib/python3.12/site-packages/airflow/example_dags/example_task_group.py for tasks to queue
[2025-02-24T03:54:52.841+0000] {logging_mixin.py:188} INFO - [2025-02-24T03:54:52.840+0000] {dagbag.py:540} INFO - Filling up the DagBag from /home/airflow/.local/lib/python3.12/site-packages/airflow/example_dags/example_task_group.py
[2025-02-24T03:54:52.863+0000] {processor.py:840} INFO - DAG(s) 'example_task_group' retrieved from /home/airflow/.local/lib/python3.12/site-packages/airflow/example_dags/example_task_group.py
[2025-02-24T03:54:52.950+0000] {logging_mixin.py:188} INFO - [2025-02-24T03:54:52.949+0000] {dag.py:3096} INFO - Sync 1 DAGs
[2025-02-24T03:54:53.059+0000] {logging_mixin.py:188} INFO - [2025-02-24T03:54:53.057+0000] {dag.py:3954} INFO - Setting next_dagrun for example_task_group to 2025-02-23 00:00:00+00:00, run_after=2025-02-24 00:00:00+00:00
[2025-02-24T03:54:53.128+0000] {processor.py:183} INFO - Processing /home/airflow/.local/lib/python3.12/site-packages/airflow/example_dags/example_task_group.py took 0.305 seconds
[2025-02-24T03:55:23.232+0000] {processor.py:161} INFO - Started process (PID=189) to work on /home/airflow/.local/lib/python3.12/site-packages/airflow/example_dags/example_task_group.py
[2025-02-24T03:55:23.233+0000] {processor.py:830} INFO - Processing file /home/airflow/.local/lib/python3.12/site-packages/airflow/example_dags/example_task_group.py for tasks to queue
[2025-02-24T03:55:23.236+0000] {logging_mixin.py:188} INFO - [2025-02-24T03:55:23.235+0000] {dagbag.py:540} INFO - Filling up the DagBag from /home/airflow/.local/lib/python3.12/site-packages/airflow/example_dags/example_task_group.py
[2025-02-24T03:55:23.245+0000] {processor.py:840} INFO - DAG(s) 'example_task_group' retrieved from /home/airflow/.local/lib/python3.12/site-packages/airflow/example_dags/example_task_group.py
[2025-02-24T03:55:23.270+0000] {logging_mixin.py:188} INFO - [2025-02-24T03:55:23.269+0000] {dag.py:3096} INFO - Sync 1 DAGs
[2025-02-24T03:55:23.295+0000] {logging_mixin.py:188} INFO - [2025-02-24T03:55:23.295+0000] {dag.py:3954} INFO - Setting next_dagrun for example_task_group to 2025-02-23 00:00:00+00:00, run_after=2025-02-24 00:00:00+00:00
[2025-02-24T03:55:23.323+0000] {processor.py:183} INFO - Processing /home/airflow/.local/lib/python3.12/site-packages/airflow/example_dags/example_task_group.py took 0.098 seconds
[2025-02-24T03:55:54.164+0000] {processor.py:161} INFO - Started process (PID=230) to work on /home/airflow/.local/lib/python3.12/site-packages/airflow/example_dags/example_task_group.py
[2025-02-24T03:55:54.166+0000] {processor.py:830} INFO - Processing file /home/airflow/.local/lib/python3.12/site-packages/airflow/example_dags/example_task_group.py for tasks to queue
[2025-02-24T03:55:54.169+0000] {logging_mixin.py:188} INFO - [2025-02-24T03:55:54.168+0000] {dagbag.py:540} INFO - Filling up the DagBag from /home/airflow/.local/lib/python3.12/site-packages/airflow/example_dags/example_task_group.py
[2025-02-24T03:55:54.177+0000] {processor.py:840} INFO - DAG(s) 'example_task_group' retrieved from /home/airflow/.local/lib/python3.12/site-packages/airflow/example_dags/example_task_group.py
[2025-02-24T03:55:54.204+0000] {logging_mixin.py:188} INFO - [2025-02-24T03:55:54.204+0000] {dag.py:3096} INFO - Sync 1 DAGs
[2025-02-24T03:55:52.207+0000] {logging_mixin.py:188} INFO - [2025-02-24T03:55:52.206+0000] {dag.py:3954} INFO - Setting next_dagrun for example_task_group to 2025-02-23 00:00:00+00:00, run_after=2025-02-24 00:00:00+00:00
[2025-02-24T03:55:55.394+0000] {processor.py:183} INFO - Processing /home/airflow/.local/lib/python3.12/site-packages/airflow/example_dags/example_task_group.py took 3.718 seconds
[2025-02-24T03:56:26.301+0000] {processor.py:161} INFO - Started process (PID=290) to work on /home/airflow/.local/lib/python3.12/site-packages/airflow/example_dags/example_task_group.py
[2025-02-24T03:56:26.302+0000] {processor.py:830} INFO - Processing file /home/airflow/.local/lib/python3.12/site-packages/airflow/example_dags/example_task_group.py for tasks to queue
[2025-02-24T03:56:26.305+0000] {logging_mixin.py:188} INFO - [2025-02-24T03:56:26.305+0000] {dagbag.py:540} INFO - Filling up the DagBag from /home/airflow/.local/lib/python3.12/site-packages/airflow/example_dags/example_task_group.py
[2025-02-24T03:56:26.314+0000] {processor.py:840} INFO - DAG(s) 'example_task_group' retrieved from /home/airflow/.local/lib/python3.12/site-packages/airflow/example_dags/example_task_group.py
[2025-02-24T03:56:26.330+0000] {logging_mixin.py:188} INFO - [2025-02-24T03:56:26.329+0000] {dag.py:3096} INFO - Sync 1 DAGs
[2025-02-24T03:56:26.371+0000] {logging_mixin.py:188} INFO - [2025-02-24T03:56:26.370+0000] {dag.py:3954} INFO - Setting next_dagrun for example_task_group to 2025-02-23 00:00:00+00:00, run_after=2025-02-24 00:00:00+00:00
[2025-02-24T03:56:26.417+0000] {processor.py:183} INFO - Processing /home/airflow/.local/lib/python3.12/site-packages/airflow/example_dags/example_task_group.py took 0.123 seconds
[2025-02-24T03:56:56.882+0000] {processor.py:161} INFO - Started process (PID=350) to work on /home/airflow/.local/lib/python3.12/site-packages/airflow/example_dags/example_task_group.py
[2025-02-24T03:56:56.883+0000] {processor.py:830} INFO - Processing file /home/airflow/.local/lib/python3.12/site-packages/airflow/example_dags/example_task_group.py for tasks to queue
[2025-02-24T03:56:56.886+0000] {logging_mixin.py:188} INFO - [2025-02-24T03:56:56.885+0000] {dagbag.py:540} INFO - Filling up the DagBag from /home/airflow/.local/lib/python3.12/site-packages/airflow/example_dags/example_task_group.py
[2025-02-24T03:56:56.894+0000] {processor.py:840} INFO - DAG(s) 'example_task_group' retrieved from /home/airflow/.local/lib/python3.12/site-packages/airflow/example_dags/example_task_group.py
[2025-02-24T03:56:57.020+0000] {logging_mixin.py:188} INFO - [2025-02-24T03:56:57.020+0000] {dag.py:3096} INFO - Sync 1 DAGs
[2025-02-24T03:56:57.042+0000] {logging_mixin.py:188} INFO - [2025-02-24T03:56:57.042+0000] {dag.py:3954} INFO - Setting next_dagrun for example_task_group to 2025-02-23 00:00:00+00:00, run_after=2025-02-24 00:00:00+00:00
[2025-02-24T03:56:57.063+0000] {processor.py:183} INFO - Processing /home/airflow/.local/lib/python3.12/site-packages/airflow/example_dags/example_task_group.py took 0.189 seconds
[2025-02-24T03:57:27.210+0000] {processor.py:161} INFO - Started process (PID=410) to work on /home/airflow/.local/lib/python3.12/site-packages/airflow/example_dags/example_task_group.py
[2025-02-24T03:57:27.211+0000] {processor.py:830} INFO - Processing file /home/airflow/.local/lib/python3.12/site-packages/airflow/example_dags/example_task_group.py for tasks to queue
[2025-02-24T03:57:27.214+0000] {logging_mixin.py:188} INFO - [2025-02-24T03:57:27.214+0000] {dagbag.py:540} INFO - Filling up the DagBag from /home/airflow/.local/lib/python3.12/site-packages/airflow/example_dags/example_task_group.py
[2025-02-24T03:57:27.226+0000] {processor.py:840} INFO - DAG(s) 'example_task_group' retrieved from /home/airflow/.local/lib/python3.12/site-packages/airflow/example_dags/example_task_group.py
[2025-02-24T03:57:27.255+0000] {logging_mixin.py:188} INFO - [2025-02-24T03:57:27.255+0000] {dag.py:3096} INFO - Sync 1 DAGs
[2025-02-24T03:57:27.303+0000] {logging_mixin.py:188} INFO - [2025-02-24T03:57:27.303+0000] {dag.py:3954} INFO - Setting next_dagrun for example_task_group to 2025-02-23 00:00:00+00:00, run_after=2025-02-24 00:00:00+00:00
[2025-02-24T03:57:27.338+0000] {processor.py:183} INFO - Processing /home/airflow/.local/lib/python3.12/site-packages/airflow/example_dags/example_task_group.py took 0.143 seconds
[2025-02-24T03:57:57.607+0000] {processor.py:161} INFO - Started process (PID=470) to work on /home/airflow/.local/lib/python3.12/site-packages/airflow/example_dags/example_task_group.py
[2025-02-24T03:57:57.608+0000] {processor.py:830} INFO - Processing file /home/airflow/.local/lib/python3.12/site-packages/airflow/example_dags/example_task_group.py for tasks to queue
[2025-02-24T03:57:57.611+0000] {logging_mixin.py:188} INFO - [2025-02-24T03:57:57.610+0000] {dagbag.py:540} INFO - Filling up the DagBag from /home/airflow/.local/lib/python3.12/site-packages/airflow/example_dags/example_task_group.py
[2025-02-24T03:57:57.620+0000] {processor.py:840} INFO - DAG(s) 'example_task_group' retrieved from /home/airflow/.local/lib/python3.12/site-packages/airflow/example_dags/example_task_group.py
[2025-02-24T03:57:57.647+0000] {logging_mixin.py:188} INFO - [2025-02-24T03:57:57.646+0000] {dag.py:3096} INFO - Sync 1 DAGs
[2025-02-24T03:57:57.678+0000] {logging_mixin.py:188} INFO - [2025-02-24T03:57:57.677+0000] {dag.py:3954} INFO - Setting next_dagrun for example_task_group to 2025-02-23 00:00:00+00:00, run_after=2025-02-24 00:00:00+00:00
[2025-02-24T03:57:57.709+0000] {processor.py:183} INFO - Processing /home/airflow/.local/lib/python3.12/site-packages/airflow/example_dags/example_task_group.py took 0.109 seconds
[2025-02-24T03:58:39.894+0000] {processor.py:161} INFO - Started process (PID=533) to work on /home/airflow/.local/lib/python3.12/site-packages/airflow/example_dags/example_task_group.py
[2025-02-24T03:58:39.901+0000] {processor.py:830} INFO - Processing file /home/airflow/.local/lib/python3.12/site-packages/airflow/example_dags/example_task_group.py for tasks to queue
[2025-02-24T03:58:39.904+0000] {logging_mixin.py:188} INFO - [2025-02-24T03:58:39.903+0000] {dagbag.py:540} INFO - Filling up the DagBag from /home/airflow/.local/lib/python3.12/site-packages/airflow/example_dags/example_task_group.py
[2025-02-24T03:58:39.921+0000] {processor.py:840} INFO - DAG(s) 'example_task_group' retrieved from /home/airflow/.local/lib/python3.12/site-packages/airflow/example_dags/example_task_group.py
[2025-02-24T03:58:39.986+0000] {logging_mixin.py:188} INFO - [2025-02-24T03:58:39.985+0000] {dag.py:3096} INFO - Sync 1 DAGs
[2025-02-24T03:58:40.042+0000] {logging_mixin.py:188} INFO - [2025-02-24T03:58:40.042+0000] {dag.py:3954} INFO - Setting next_dagrun for example_task_group to 2025-02-23 00:00:00+00:00, run_after=2025-02-24 00:00:00+00:00
[2025-02-24T03:58:40.071+0000] {processor.py:183} INFO - Processing /home/airflow/.local/lib/python3.12/site-packages/airflow/example_dags/example_task_group.py took 0.188 seconds
[2025-02-24T03:59:10.952+0000] {processor.py:161} INFO - Started process (PID=591) to work on /home/airflow/.local/lib/python3.12/site-packages/airflow/example_dags/example_task_group.py
[2025-02-24T03:59:10.953+0000] {processor.py:830} INFO - Processing file /home/airflow/.local/lib/python3.12/site-packages/airflow/example_dags/example_task_group.py for tasks to queue
[2025-02-24T03:59:10.956+0000] {logging_mixin.py:188} INFO - [2025-02-24T03:59:10.955+0000] {dagbag.py:540} INFO - Filling up the DagBag from /home/airflow/.local/lib/python3.12/site-packages/airflow/example_dags/example_task_group.py
[2025-02-24T03:59:10.966+0000] {processor.py:840} INFO - DAG(s) 'example_task_group' retrieved from /home/airflow/.local/lib/python3.12/site-packages/airflow/example_dags/example_task_group.py
[2025-02-24T03:59:10.994+0000] {logging_mixin.py:188} INFO - [2025-02-24T03:59:10.994+0000] {dag.py:3096} INFO - Sync 1 DAGs
[2025-02-24T03:59:11.024+0000] {logging_mixin.py:188} INFO - [2025-02-24T03:59:11.024+0000] {dag.py:3954} INFO - Setting next_dagrun for example_task_group to 2025-02-23 00:00:00+00:00, run_after=2025-02-24 00:00:00+00:00
[2025-02-24T03:59:11.050+0000] {processor.py:183} INFO - Processing /home/airflow/.local/lib/python3.12/site-packages/airflow/example_dags/example_task_group.py took 0.105 seconds
[2025-02-24T03:59:41.204+0000] {processor.py:161} INFO - Started process (PID=651) to work on /home/airflow/.local/lib/python3.12/site-packages/airflow/example_dags/example_task_group.py
[2025-02-24T03:59:41.206+0000] {processor.py:830} INFO - Processing file /home/airflow/.local/lib/python3.12/site-packages/airflow/example_dags/example_task_group.py for tasks to queue
[2025-02-24T03:59:41.210+0000] {logging_mixin.py:188} INFO - [2025-02-24T03:59:41.209+0000] {dagbag.py:540} INFO - Filling up the DagBag from /home/airflow/.local/lib/python3.12/site-packages/airflow/example_dags/example_task_group.py
[2025-02-24T03:59:41.219+0000] {processor.py:840} INFO - DAG(s) 'example_task_group' retrieved from /home/airflow/.local/lib/python3.12/site-packages/airflow/example_dags/example_task_group.py
[2025-02-24T03:59:41.249+0000] {logging_mixin.py:188} INFO - [2025-02-24T03:59:41.249+0000] {dag.py:3096} INFO - Sync 1 DAGs
[2025-02-24T03:59:41.278+0000] {logging_mixin.py:188} INFO - [2025-02-24T03:59:41.278+0000] {dag.py:3954} INFO - Setting next_dagrun for example_task_group to 2025-02-23 00:00:00+00:00, run_after=2025-02-24 00:00:00+00:00
[2025-02-24T03:59:41.302+0000] {processor.py:183} INFO - Processing /home/airflow/.local/lib/python3.12/site-packages/airflow/example_dags/example_task_group.py took 0.106 seconds
[2025-02-24T04:00:11.710+0000] {processor.py:161} INFO - Started process (PID=711) to work on /home/airflow/.local/lib/python3.12/site-packages/airflow/example_dags/example_task_group.py
[2025-02-24T04:00:11.711+0000] {processor.py:830} INFO - Processing file /home/airflow/.local/lib/python3.12/site-packages/airflow/example_dags/example_task_group.py for tasks to queue
[2025-02-24T04:00:11.714+0000] {logging_mixin.py:188} INFO - [2025-02-24T04:00:11.714+0000] {dagbag.py:540} INFO - Filling up the DagBag from /home/airflow/.local/lib/python3.12/site-packages/airflow/example_dags/example_task_group.py
[2025-02-24T04:00:11.730+0000] {processor.py:840} INFO - DAG(s) 'example_task_group' retrieved from /home/airflow/.local/lib/python3.12/site-packages/airflow/example_dags/example_task_group.py
[2025-02-24T04:00:11.771+0000] {logging_mixin.py:188} INFO - [2025-02-24T04:00:11.771+0000] {dag.py:3096} INFO - Sync 1 DAGs
[2025-02-24T04:00:11.804+0000] {logging_mixin.py:188} INFO - [2025-02-24T04:00:11.804+0000] {dag.py:3954} INFO - Setting next_dagrun for example_task_group to 2025-02-23 00:00:00+00:00, run_after=2025-02-24 00:00:00+00:00
[2025-02-24T04:00:11.828+0000] {processor.py:183} INFO - Processing /home/airflow/.local/lib/python3.12/site-packages/airflow/example_dags/example_task_group.py took 0.125 seconds
[2025-02-24T04:00:41.880+0000] {processor.py:161} INFO - Started process (PID=771) to work on /home/airflow/.local/lib/python3.12/site-packages/airflow/example_dags/example_task_group.py
[2025-02-24T04:00:41.881+0000] {processor.py:830} INFO - Processing file /home/airflow/.local/lib/python3.12/site-packages/airflow/example_dags/example_task_group.py for tasks to queue
[2025-02-24T04:00:41.884+0000] {logging_mixin.py:188} INFO - [2025-02-24T04:00:41.883+0000] {dagbag.py:540} INFO - Filling up the DagBag from /home/airflow/.local/lib/python3.12/site-packages/airflow/example_dags/example_task_group.py
[2025-02-24T04:00:41.893+0000] {processor.py:840} INFO - DAG(s) 'example_task_group' retrieved from /home/airflow/.local/lib/python3.12/site-packages/airflow/example_dags/example_task_group.py
[2025-02-24T04:00:41.923+0000] {logging_mixin.py:188} INFO - [2025-02-24T04:00:41.922+0000] {dag.py:3096} INFO - Sync 1 DAGs
[2025-02-24T04:00:41.953+0000] {logging_mixin.py:188} INFO - [2025-02-24T04:00:41.952+0000] {dag.py:3954} INFO - Setting next_dagrun for example_task_group to 2025-02-23 00:00:00+00:00, run_after=2025-02-24 00:00:00+00:00
[2025-02-24T04:00:41.977+0000] {processor.py:183} INFO - Processing /home/airflow/.local/lib/python3.12/site-packages/airflow/example_dags/example_task_group.py took 0.104 seconds
[2025-02-24T04:01:12.196+0000] {processor.py:161} INFO - Started process (PID=831) to work on /home/airflow/.local/lib/python3.12/site-packages/airflow/example_dags/example_task_group.py
[2025-02-24T04:01:12.198+0000] {processor.py:830} INFO - Processing file /home/airflow/.local/lib/python3.12/site-packages/airflow/example_dags/example_task_group.py for tasks to queue
[2025-02-24T04:01:12.200+0000] {logging_mixin.py:188} INFO - [2025-02-24T04:01:12.200+0000] {dagbag.py:540} INFO - Filling up the DagBag from /home/airflow/.local/lib/python3.12/site-packages/airflow/example_dags/example_task_group.py
[2025-02-24T04:01:12.211+0000] {processor.py:840} INFO - DAG(s) 'example_task_group' retrieved from /home/airflow/.local/lib/python3.12/site-packages/airflow/example_dags/example_task_group.py
[2025-02-24T04:01:12.239+0000] {logging_mixin.py:188} INFO - [2025-02-24T04:01:12.239+0000] {dag.py:3096} INFO - Sync 1 DAGs
[2025-02-24T04:01:12.269+0000] {logging_mixin.py:188} INFO - [2025-02-24T04:01:12.269+0000] {dag.py:3954} INFO - Setting next_dagrun for example_task_group to 2025-02-23 00:00:00+00:00, run_after=2025-02-24 00:00:00+00:00
[2025-02-24T04:01:12.293+0000] {processor.py:183} INFO - Processing /home/airflow/.local/lib/python3.12/site-packages/airflow/example_dags/example_task_group.py took 0.104 seconds
[2025-02-24T04:01:42.817+0000] {processor.py:161} INFO - Started process (PID=891) to work on /home/airflow/.local/lib/python3.12/site-packages/airflow/example_dags/example_task_group.py
[2025-02-24T04:01:42.818+0000] {processor.py:830} INFO - Processing file /home/airflow/.local/lib/python3.12/site-packages/airflow/example_dags/example_task_group.py for tasks to queue
[2025-02-24T04:01:42.821+0000] {logging_mixin.py:188} INFO - [2025-02-24T04:01:42.820+0000] {dagbag.py:540} INFO - Filling up the DagBag from /home/airflow/.local/lib/python3.12/site-packages/airflow/example_dags/example_task_group.py
[2025-02-24T04:01:42.834+0000] {processor.py:840} INFO - DAG(s) 'example_task_group' retrieved from /home/airflow/.local/lib/python3.12/site-packages/airflow/example_dags/example_task_group.py
[2025-02-24T04:01:42.863+0000] {logging_mixin.py:188} INFO - [2025-02-24T04:01:42.862+0000] {dag.py:3096} INFO - Sync 1 DAGs
[2025-02-24T04:01:42.894+0000] {logging_mixin.py:188} INFO - [2025-02-24T04:01:42.894+0000] {dag.py:3954} INFO - Setting next_dagrun for example_task_group to 2025-02-23 00:00:00+00:00, run_after=2025-02-24 00:00:00+00:00
[2025-02-24T04:01:42.917+0000] {processor.py:183} INFO - Processing /home/airflow/.local/lib/python3.12/site-packages/airflow/example_dags/example_task_group.py took 0.109 seconds
[2025-02-24T04:02:13.061+0000] {processor.py:161} INFO - Started process (PID=951) to work on /home/airflow/.local/lib/python3.12/site-packages/airflow/example_dags/example_task_group.py
[2025-02-24T04:02:13.062+0000] {processor.py:830} INFO - Processing file /home/airflow/.local/lib/python3.12/site-packages/airflow/example_dags/example_task_group.py for tasks to queue
[2025-02-24T04:02:13.065+0000] {logging_mixin.py:188} INFO - [2025-02-24T04:02:13.064+0000] {dagbag.py:540} INFO - Filling up the DagBag from /home/airflow/.local/lib/python3.12/site-packages/airflow/example_dags/example_task_group.py
[2025-02-24T04:02:13.074+0000] {processor.py:840} INFO - DAG(s) 'example_task_group' retrieved from /home/airflow/.local/lib/python3.12/site-packages/airflow/example_dags/example_task_group.py
[2025-02-24T04:02:13.107+0000] {logging_mixin.py:188} INFO - [2025-02-24T04:02:13.107+0000] {dag.py:3096} INFO - Sync 1 DAGs
[2025-02-24T04:02:13.140+0000] {logging_mixin.py:188} INFO - [2025-02-24T04:02:13.140+0000] {dag.py:3954} INFO - Setting next_dagrun for example_task_group to 2025-02-23 00:00:00+00:00, run_after=2025-02-24 00:00:00+00:00
[2025-02-24T04:02:13.172+0000] {processor.py:183} INFO - Processing /home/airflow/.local/lib/python3.12/site-packages/airflow/example_dags/example_task_group.py took 0.118 seconds
[2025-02-24T04:02:43.533+0000] {processor.py:161} INFO - Started process (PID=1011) to work on /home/airflow/.local/lib/python3.12/site-packages/airflow/example_dags/example_task_group.py
[2025-02-24T04:02:43.534+0000] {processor.py:830} INFO - Processing file /home/airflow/.local/lib/python3.12/site-packages/airflow/example_dags/example_task_group.py for tasks to queue
[2025-02-24T04:02:43.537+0000] {logging_mixin.py:188} INFO - [2025-02-24T04:02:43.537+0000] {dagbag.py:540} INFO - Filling up the DagBag from /home/airflow/.local/lib/python3.12/site-packages/airflow/example_dags/example_task_group.py
[2025-02-24T04:02:43.546+0000] {processor.py:840} INFO - DAG(s) 'example_task_group' retrieved from /home/airflow/.local/lib/python3.12/site-packages/airflow/example_dags/example_task_group.py
[2025-02-24T04:02:43.582+0000] {logging_mixin.py:188} INFO - [2025-02-24T04:02:43.582+0000] {dag.py:3096} INFO - Sync 1 DAGs
[2025-02-24T04:02:43.616+0000] {logging_mixin.py:188} INFO - [2025-02-24T04:02:43.615+0000] {dag.py:3954} INFO - Setting next_dagrun for example_task_group to 2025-02-23 00:00:00+00:00, run_after=2025-02-24 00:00:00+00:00
[2025-02-24T04:02:43.639+0000] {processor.py:183} INFO - Processing /home/airflow/.local/lib/python3.12/site-packages/airflow/example_dags/example_task_group.py took 0.114 seconds
[2025-02-24T04:03:14.098+0000] {processor.py:161} INFO - Started process (PID=1071) to work on /home/airflow/.local/lib/python3.12/site-packages/airflow/example_dags/example_task_group.py
[2025-02-24T04:03:14.100+0000] {processor.py:830} INFO - Processing file /home/airflow/.local/lib/python3.12/site-packages/airflow/example_dags/example_task_group.py for tasks to queue
[2025-02-24T04:03:14.102+0000] {logging_mixin.py:188} INFO - [2025-02-24T04:03:14.101+0000] {dagbag.py:540} INFO - Filling up the DagBag from /home/airflow/.local/lib/python3.12/site-packages/airflow/example_dags/example_task_group.py
[2025-02-24T04:03:14.110+0000] {processor.py:840} INFO - DAG(s) 'example_task_group' retrieved from /home/airflow/.local/lib/python3.12/site-packages/airflow/example_dags/example_task_group.py
[2025-02-24T04:03:14.136+0000] {logging_mixin.py:188} INFO - [2025-02-24T04:03:14.135+0000] {dag.py:3096} INFO - Sync 1 DAGs
[2025-02-24T04:03:14.335+0000] {logging_mixin.py:188} INFO - [2025-02-24T04:03:14.335+0000] {dag.py:3954} INFO - Setting next_dagrun for example_task_group to 2025-02-23 00:00:00+00:00, run_after=2025-02-24 00:00:00+00:00
[2025-02-24T04:03:14.362+0000] {processor.py:183} INFO - Processing /home/airflow/.local/lib/python3.12/site-packages/airflow/example_dags/example_task_group.py took 0.270 seconds
[2025-02-24T04:03:44.485+0000] {processor.py:161} INFO - Started process (PID=1131) to work on /home/airflow/.local/lib/python3.12/site-packages/airflow/example_dags/example_task_group.py
[2025-02-24T04:03:44.486+0000] {processor.py:830} INFO - Processing file /home/airflow/.local/lib/python3.12/site-packages/airflow/example_dags/example_task_group.py for tasks to queue
[2025-02-24T04:03:44.488+0000] {logging_mixin.py:188} INFO - [2025-02-24T04:03:44.488+0000] {dagbag.py:540} INFO - Filling up the DagBag from /home/airflow/.local/lib/python3.12/site-packages/airflow/example_dags/example_task_group.py
[2025-02-24T04:03:44.497+0000] {processor.py:840} INFO - DAG(s) 'example_task_group' retrieved from /home/airflow/.local/lib/python3.12/site-packages/airflow/example_dags/example_task_group.py
[2025-02-24T04:03:44.522+0000] {logging_mixin.py:188} INFO - [2025-02-24T04:03:44.522+0000] {dag.py:3096} INFO - Sync 1 DAGs
[2025-02-24T04:03:44.547+0000] {logging_mixin.py:188} INFO - [2025-02-24T04:03:44.547+0000] {dag.py:3954} INFO - Setting next_dagrun for example_task_group to 2025-02-23 00:00:00+00:00, run_after=2025-02-24 00:00:00+00:00
[2025-02-24T04:03:44.572+0000] {processor.py:183} INFO - Processing /home/airflow/.local/lib/python3.12/site-packages/airflow/example_dags/example_task_group.py took 0.094 seconds
[2025-02-24T04:04:15.358+0000] {processor.py:161} INFO - Started process (PID=1197) to work on /home/airflow/.local/lib/python3.12/site-packages/airflow/example_dags/example_task_group.py
[2025-02-24T04:04:15.360+0000] {processor.py:830} INFO - Processing file /home/airflow/.local/lib/python3.12/site-packages/airflow/example_dags/example_task_group.py for tasks to queue
[2025-02-24T04:04:15.362+0000] {logging_mixin.py:188} INFO - [2025-02-24T04:04:15.362+0000] {dagbag.py:540} INFO - Filling up the DagBag from /home/airflow/.local/lib/python3.12/site-packages/airflow/example_dags/example_task_group.py
[2025-02-24T04:04:15.374+0000] {processor.py:840} INFO - DAG(s) 'example_task_group' retrieved from /home/airflow/.local/lib/python3.12/site-packages/airflow/example_dags/example_task_group.py
[2025-02-24T04:04:15.405+0000] {logging_mixin.py:188} INFO - [2025-02-24T04:04:15.404+0000] {dag.py:3096} INFO - Sync 1 DAGs
[2025-02-24T04:04:15.434+0000] {logging_mixin.py:188} INFO - [2025-02-24T04:04:15.434+0000] {dag.py:3954} INFO - Setting next_dagrun for example_task_group to 2025-02-23 00:00:00+00:00, run_after=2025-02-24 00:00:00+00:00
[2025-02-24T04:04:15.462+0000] {processor.py:183} INFO - Processing /home/airflow/.local/lib/python3.12/site-packages/airflow/example_dags/example_task_group.py took 0.116 seconds
[2025-02-24T04:04:45.590+0000] {processor.py:161} INFO - Started process (PID=1256) to work on /home/airflow/.local/lib/python3.12/site-packages/airflow/example_dags/example_task_group.py
[2025-02-24T04:04:45.591+0000] {processor.py:830} INFO - Processing file /home/airflow/.local/lib/python3.12/site-packages/airflow/example_dags/example_task_group.py for tasks to queue
[2025-02-24T04:04:45.594+0000] {logging_mixin.py:188} INFO - [2025-02-24T04:04:45.593+0000] {dagbag.py:540} INFO - Filling up the DagBag from /home/airflow/.local/lib/python3.12/site-packages/airflow/example_dags/example_task_group.py
[2025-02-24T04:04:45.603+0000] {processor.py:840} INFO - DAG(s) 'example_task_group' retrieved from /home/airflow/.local/lib/python3.12/site-packages/airflow/example_dags/example_task_group.py
[2025-02-24T04:04:45.630+0000] {logging_mixin.py:188} INFO - [2025-02-24T04:04:45.629+0000] {dag.py:3096} INFO - Sync 1 DAGs
[2025-02-24T04:04:45.656+0000] {logging_mixin.py:188} INFO - [2025-02-24T04:04:45.656+0000] {dag.py:3954} INFO - Setting next_dagrun for example_task_group to 2025-02-23 00:00:00+00:00, run_after=2025-02-24 00:00:00+00:00
[2025-02-24T04:04:45.681+0000] {processor.py:183} INFO - Processing /home/airflow/.local/lib/python3.12/site-packages/airflow/example_dags/example_task_group.py took 0.098 seconds
[2025-02-24T04:05:16.302+0000] {processor.py:161} INFO - Started process (PID=1316) to work on /home/airflow/.local/lib/python3.12/site-packages/airflow/example_dags/example_task_group.py
[2025-02-24T04:05:16.305+0000] {processor.py:830} INFO - Processing file /home/airflow/.local/lib/python3.12/site-packages/airflow/example_dags/example_task_group.py for tasks to queue
[2025-02-24T04:05:16.309+0000] {logging_mixin.py:188} INFO - [2025-02-24T04:05:16.308+0000] {dagbag.py:540} INFO - Filling up the DagBag from /home/airflow/.local/lib/python3.12/site-packages/airflow/example_dags/example_task_group.py
[2025-02-24T04:05:16.326+0000] {processor.py:840} INFO - DAG(s) 'example_task_group' retrieved from /home/airflow/.local/lib/python3.12/site-packages/airflow/example_dags/example_task_group.py
[2025-02-24T04:05:16.367+0000] {logging_mixin.py:188} INFO - [2025-02-24T04:05:16.367+0000] {dag.py:3096} INFO - Sync 1 DAGs
[2025-02-24T04:05:16.754+0000] {logging_mixin.py:188} INFO - [2025-02-24T04:05:16.753+0000] {dag.py:3954} INFO - Setting next_dagrun for example_task_group to 2025-02-23 00:00:00+00:00, run_after=2025-02-24 00:00:00+00:00
[2025-02-24T04:05:16.779+0000] {processor.py:183} INFO - Processing /home/airflow/.local/lib/python3.12/site-packages/airflow/example_dags/example_task_group.py took 0.489 seconds
[2025-02-24T04:05:47.068+0000] {processor.py:161} INFO - Started process (PID=1376) to work on /home/airflow/.local/lib/python3.12/site-packages/airflow/example_dags/example_task_group.py
[2025-02-24T04:05:47.072+0000] {processor.py:830} INFO - Processing file /home/airflow/.local/lib/python3.12/site-packages/airflow/example_dags/example_task_group.py for tasks to queue
[2025-02-24T04:05:47.078+0000] {logging_mixin.py:188} INFO - [2025-02-24T04:05:47.077+0000] {dagbag.py:540} INFO - Filling up the DagBag from /home/airflow/.local/lib/python3.12/site-packages/airflow/example_dags/example_task_group.py
[2025-02-24T04:05:47.113+0000] {processor.py:840} INFO - DAG(s) 'example_task_group' retrieved from /home/airflow/.local/lib/python3.12/site-packages/airflow/example_dags/example_task_group.py
[2025-02-24T04:05:47.150+0000] {logging_mixin.py:188} INFO - [2025-02-24T04:05:47.150+0000] {dag.py:3096} INFO - Sync 1 DAGs
[2025-02-24T04:05:47.181+0000] {logging_mixin.py:188} INFO - [2025-02-24T04:05:47.181+0000] {dag.py:3954} INFO - Setting next_dagrun for example_task_group to 2025-02-23 00:00:00+00:00, run_after=2025-02-24 00:00:00+00:00
[2025-02-24T04:05:47.208+0000] {processor.py:183} INFO - Processing /home/airflow/.local/lib/python3.12/site-packages/airflow/example_dags/example_task_group.py took 0.151 seconds
[2025-02-24T04:06:17.486+0000] {processor.py:161} INFO - Started process (PID=1436) to work on /home/airflow/.local/lib/python3.12/site-packages/airflow/example_dags/example_task_group.py
[2025-02-24T04:06:17.488+0000] {processor.py:830} INFO - Processing file /home/airflow/.local/lib/python3.12/site-packages/airflow/example_dags/example_task_group.py for tasks to queue
[2025-02-24T04:06:17.490+0000] {logging_mixin.py:188} INFO - [2025-02-24T04:06:17.490+0000] {dagbag.py:540} INFO - Filling up the DagBag from /home/airflow/.local/lib/python3.12/site-packages/airflow/example_dags/example_task_group.py
[2025-02-24T04:06:17.505+0000] {processor.py:840} INFO - DAG(s) 'example_task_group' retrieved from /home/airflow/.local/lib/python3.12/site-packages/airflow/example_dags/example_task_group.py
[2025-02-24T04:06:17.546+0000] {logging_mixin.py:188} INFO - [2025-02-24T04:06:17.546+0000] {dag.py:3096} INFO - Sync 1 DAGs
[2025-02-24T04:06:17.582+0000] {logging_mixin.py:188} INFO - [2025-02-24T04:06:17.582+0000] {dag.py:3954} INFO - Setting next_dagrun for example_task_group to 2025-02-23 00:00:00+00:00, run_after=2025-02-24 00:00:00+00:00
[2025-02-24T04:06:17.610+0000] {processor.py:183} INFO - Processing /home/airflow/.local/lib/python3.12/site-packages/airflow/example_dags/example_task_group.py took 0.136 seconds
[2025-02-24T04:06:47.937+0000] {processor.py:161} INFO - Started process (PID=1496) to work on /home/airflow/.local/lib/python3.12/site-packages/airflow/example_dags/example_task_group.py
[2025-02-24T04:06:47.938+0000] {processor.py:830} INFO - Processing file /home/airflow/.local/lib/python3.12/site-packages/airflow/example_dags/example_task_group.py for tasks to queue
[2025-02-24T04:06:47.940+0000] {logging_mixin.py:188} INFO - [2025-02-24T04:06:47.940+0000] {dagbag.py:540} INFO - Filling up the DagBag from /home/airflow/.local/lib/python3.12/site-packages/airflow/example_dags/example_task_group.py
[2025-02-24T04:06:47.949+0000] {processor.py:840} INFO - DAG(s) 'example_task_group' retrieved from /home/airflow/.local/lib/python3.12/site-packages/airflow/example_dags/example_task_group.py
[2025-02-24T04:06:47.974+0000] {logging_mixin.py:188} INFO - [2025-02-24T04:06:47.973+0000] {dag.py:3096} INFO - Sync 1 DAGs
[2025-02-24T04:06:48.000+0000] {logging_mixin.py:188} INFO - [2025-02-24T04:06:48.000+0000] {dag.py:3954} INFO - Setting next_dagrun for example_task_group to 2025-02-23 00:00:00+00:00, run_after=2025-02-24 00:00:00+00:00
[2025-02-24T04:06:48.024+0000] {processor.py:183} INFO - Processing /home/airflow/.local/lib/python3.12/site-packages/airflow/example_dags/example_task_group.py took 0.094 seconds
[2025-02-24T04:07:18.879+0000] {processor.py:161} INFO - Started process (PID=1559) to work on /home/airflow/.local/lib/python3.12/site-packages/airflow/example_dags/example_task_group.py
[2025-02-24T04:07:18.880+0000] {processor.py:830} INFO - Processing file /home/airflow/.local/lib/python3.12/site-packages/airflow/example_dags/example_task_group.py for tasks to queue
[2025-02-24T04:07:18.884+0000] {logging_mixin.py:188} INFO - [2025-02-24T04:07:18.883+0000] {dagbag.py:540} INFO - Filling up the DagBag from /home/airflow/.local/lib/python3.12/site-packages/airflow/example_dags/example_task_group.py
[2025-02-24T04:07:18.892+0000] {processor.py:840} INFO - DAG(s) 'example_task_group' retrieved from /home/airflow/.local/lib/python3.12/site-packages/airflow/example_dags/example_task_group.py
[2025-02-24T04:07:18.921+0000] {logging_mixin.py:188} INFO - [2025-02-24T04:07:18.921+0000] {dag.py:3096} INFO - Sync 1 DAGs
[2025-02-24T04:07:18.946+0000] {logging_mixin.py:188} INFO - [2025-02-24T04:07:18.946+0000] {dag.py:3954} INFO - Setting next_dagrun for example_task_group to 2025-02-23 00:00:00+00:00, run_after=2025-02-24 00:00:00+00:00
[2025-02-24T04:07:18.968+0000] {processor.py:183} INFO - Processing /home/airflow/.local/lib/python3.12/site-packages/airflow/example_dags/example_task_group.py took 0.096 seconds
[2025-02-24T04:07:49.351+0000] {processor.py:161} INFO - Started process (PID=1621) to work on /home/airflow/.local/lib/python3.12/site-packages/airflow/example_dags/example_task_group.py
[2025-02-24T04:07:49.352+0000] {processor.py:830} INFO - Processing file /home/airflow/.local/lib/python3.12/site-packages/airflow/example_dags/example_task_group.py for tasks to queue
[2025-02-24T04:07:49.355+0000] {logging_mixin.py:188} INFO - [2025-02-24T04:07:49.355+0000] {dagbag.py:540} INFO - Filling up the DagBag from /home/airflow/.local/lib/python3.12/site-packages/airflow/example_dags/example_task_group.py
[2025-02-24T04:07:49.363+0000] {processor.py:840} INFO - DAG(s) 'example_task_group' retrieved from /home/airflow/.local/lib/python3.12/site-packages/airflow/example_dags/example_task_group.py
[2025-02-24T04:07:49.390+0000] {logging_mixin.py:188} INFO - [2025-02-24T04:07:49.389+0000] {dag.py:3096} INFO - Sync 1 DAGs
[2025-02-24T04:07:49.414+0000] {logging_mixin.py:188} INFO - [2025-02-24T04:07:49.414+0000] {dag.py:3954} INFO - Setting next_dagrun for example_task_group to 2025-02-23 00:00:00+00:00, run_after=2025-02-24 00:00:00+00:00
[2025-02-24T04:07:49.472+0000] {processor.py:183} INFO - Processing /home/airflow/.local/lib/python3.12/site-packages/airflow/example_dags/example_task_group.py took 0.129 seconds
[2025-02-24T04:08:20.056+0000] {processor.py:161} INFO - Started process (PID=1681) to work on /home/airflow/.local/lib/python3.12/site-packages/airflow/example_dags/example_task_group.py
[2025-02-24T04:08:20.058+0000] {processor.py:830} INFO - Processing file /home/airflow/.local/lib/python3.12/site-packages/airflow/example_dags/example_task_group.py for tasks to queue
[2025-02-24T04:08:20.060+0000] {logging_mixin.py:188} INFO - [2025-02-24T04:08:20.060+0000] {dagbag.py:540} INFO - Filling up the DagBag from /home/airflow/.local/lib/python3.12/site-packages/airflow/example_dags/example_task_group.py
[2025-02-24T04:08:20.070+0000] {processor.py:840} INFO - DAG(s) 'example_task_group' retrieved from /home/airflow/.local/lib/python3.12/site-packages/airflow/example_dags/example_task_group.py
[2025-02-24T04:08:20.095+0000] {logging_mixin.py:188} INFO - [2025-02-24T04:08:20.095+0000] {dag.py:3096} INFO - Sync 1 DAGs
[2025-02-24T04:08:20.119+0000] {logging_mixin.py:188} INFO - [2025-02-24T04:08:20.118+0000] {dag.py:3954} INFO - Setting next_dagrun for example_task_group to 2025-02-23 00:00:00+00:00, run_after=2025-02-24 00:00:00+00:00
[2025-02-24T04:08:20.142+0000] {processor.py:183} INFO - Processing /home/airflow/.local/lib/python3.12/site-packages/airflow/example_dags/example_task_group.py took 0.092 seconds
[2025-02-24T04:08:50.908+0000] {processor.py:161} INFO - Started process (PID=1747) to work on /home/airflow/.local/lib/python3.12/site-packages/airflow/example_dags/example_task_group.py
[2025-02-24T04:08:50.909+0000] {processor.py:830} INFO - Processing file /home/airflow/.local/lib/python3.12/site-packages/airflow/example_dags/example_task_group.py for tasks to queue
[2025-02-24T04:08:50.912+0000] {logging_mixin.py:188} INFO - [2025-02-24T04:08:50.912+0000] {dagbag.py:540} INFO - Filling up the DagBag from /home/airflow/.local/lib/python3.12/site-packages/airflow/example_dags/example_task_group.py
[2025-02-24T04:08:50.921+0000] {processor.py:840} INFO - DAG(s) 'example_task_group' retrieved from /home/airflow/.local/lib/python3.12/site-packages/airflow/example_dags/example_task_group.py
[2025-02-24T04:08:50.946+0000] {logging_mixin.py:188} INFO - [2025-02-24T04:08:50.945+0000] {dag.py:3096} INFO - Sync 1 DAGs
[2025-02-24T04:08:50.971+0000] {logging_mixin.py:188} INFO - [2025-02-24T04:08:50.971+0000] {dag.py:3954} INFO - Setting next_dagrun for example_task_group to 2025-02-23 00:00:00+00:00, run_after=2025-02-24 00:00:00+00:00
[2025-02-24T04:08:50.996+0000] {processor.py:183} INFO - Processing /home/airflow/.local/lib/python3.12/site-packages/airflow/example_dags/example_task_group.py took 0.094 seconds
[2025-02-24T04:09:21.166+0000] {processor.py:161} INFO - Started process (PID=1808) to work on /home/airflow/.local/lib/python3.12/site-packages/airflow/example_dags/example_task_group.py
[2025-02-24T04:09:21.168+0000] {processor.py:830} INFO - Processing file /home/airflow/.local/lib/python3.12/site-packages/airflow/example_dags/example_task_group.py for tasks to queue
[2025-02-24T04:09:21.170+0000] {logging_mixin.py:188} INFO - [2025-02-24T04:09:21.170+0000] {dagbag.py:540} INFO - Filling up the DagBag from /home/airflow/.local/lib/python3.12/site-packages/airflow/example_dags/example_task_group.py
[2025-02-24T04:09:21.179+0000] {processor.py:840} INFO - DAG(s) 'example_task_group' retrieved from /home/airflow/.local/lib/python3.12/site-packages/airflow/example_dags/example_task_group.py
[2025-02-24T04:09:21.207+0000] {logging_mixin.py:188} INFO - [2025-02-24T04:09:21.207+0000] {dag.py:3096} INFO - Sync 1 DAGs
[2025-02-24T04:09:21.246+0000] {logging_mixin.py:188} INFO - [2025-02-24T04:09:21.245+0000] {dag.py:3954} INFO - Setting next_dagrun for example_task_group to 2025-02-23 00:00:00+00:00, run_after=2025-02-24 00:00:00+00:00
[2025-02-24T04:09:21.273+0000] {processor.py:183} INFO - Processing /home/airflow/.local/lib/python3.12/site-packages/airflow/example_dags/example_task_group.py took 0.113 seconds
[2025-02-24T04:09:51.363+0000] {processor.py:161} INFO - Started process (PID=1868) to work on /home/airflow/.local/lib/python3.12/site-packages/airflow/example_dags/example_task_group.py
[2025-02-24T04:09:51.365+0000] {processor.py:830} INFO - Processing file /home/airflow/.local/lib/python3.12/site-packages/airflow/example_dags/example_task_group.py for tasks to queue
[2025-02-24T04:09:51.368+0000] {logging_mixin.py:188} INFO - [2025-02-24T04:09:51.367+0000] {dagbag.py:540} INFO - Filling up the DagBag from /home/airflow/.local/lib/python3.12/site-packages/airflow/example_dags/example_task_group.py
[2025-02-24T04:09:51.377+0000] {processor.py:840} INFO - DAG(s) 'example_task_group' retrieved from /home/airflow/.local/lib/python3.12/site-packages/airflow/example_dags/example_task_group.py
[2025-02-24T04:09:51.403+0000] {logging_mixin.py:188} INFO - [2025-02-24T04:09:51.402+0000] {dag.py:3096} INFO - Sync 1 DAGs
[2025-02-24T04:09:51.426+0000] {logging_mixin.py:188} INFO - [2025-02-24T04:09:51.426+0000] {dag.py:3954} INFO - Setting next_dagrun for example_task_group to 2025-02-23 00:00:00+00:00, run_after=2025-02-24 00:00:00+00:00
[2025-02-24T04:09:51.452+0000] {processor.py:183} INFO - Processing /home/airflow/.local/lib/python3.12/site-packages/airflow/example_dags/example_task_group.py took 0.099 seconds
[2025-02-24T04:10:21.760+0000] {processor.py:161} INFO - Started process (PID=1928) to work on /home/airflow/.local/lib/python3.12/site-packages/airflow/example_dags/example_task_group.py
[2025-02-24T04:10:21.761+0000] {processor.py:830} INFO - Processing file /home/airflow/.local/lib/python3.12/site-packages/airflow/example_dags/example_task_group.py for tasks to queue
[2025-02-24T04:10:21.763+0000] {logging_mixin.py:188} INFO - [2025-02-24T04:10:21.763+0000] {dagbag.py:540} INFO - Filling up the DagBag from /home/airflow/.local/lib/python3.12/site-packages/airflow/example_dags/example_task_group.py
[2025-02-24T04:10:21.773+0000] {processor.py:840} INFO - DAG(s) 'example_task_group' retrieved from /home/airflow/.local/lib/python3.12/site-packages/airflow/example_dags/example_task_group.py
[2025-02-24T04:10:21.800+0000] {logging_mixin.py:188} INFO - [2025-02-24T04:10:21.799+0000] {dag.py:3096} INFO - Sync 1 DAGs
[2025-02-24T04:10:21.825+0000] {logging_mixin.py:188} INFO - [2025-02-24T04:10:21.825+0000] {dag.py:3954} INFO - Setting next_dagrun for example_task_group to 2025-02-23 00:00:00+00:00, run_after=2025-02-24 00:00:00+00:00
[2025-02-24T04:10:21.848+0000] {processor.py:183} INFO - Processing /home/airflow/.local/lib/python3.12/site-packages/airflow/example_dags/example_task_group.py took 0.096 seconds
[2025-02-24T04:10:52.274+0000] {processor.py:161} INFO - Started process (PID=2000) to work on /home/airflow/.local/lib/python3.12/site-packages/airflow/example_dags/example_task_group.py
[2025-02-24T04:10:52.276+0000] {processor.py:830} INFO - Processing file /home/airflow/.local/lib/python3.12/site-packages/airflow/example_dags/example_task_group.py for tasks to queue
[2025-02-24T04:10:52.279+0000] {logging_mixin.py:188} INFO - [2025-02-24T04:10:52.278+0000] {dagbag.py:540} INFO - Filling up the DagBag from /home/airflow/.local/lib/python3.12/site-packages/airflow/example_dags/example_task_group.py
[2025-02-24T04:10:52.287+0000] {processor.py:840} INFO - DAG(s) 'example_task_group' retrieved from /home/airflow/.local/lib/python3.12/site-packages/airflow/example_dags/example_task_group.py
[2025-02-24T04:10:52.319+0000] {logging_mixin.py:188} INFO - [2025-02-24T04:10:52.319+0000] {dag.py:3096} INFO - Sync 1 DAGs
[2025-02-24T04:10:52.348+0000] {logging_mixin.py:188} INFO - [2025-02-24T04:10:52.348+0000] {dag.py:3954} INFO - Setting next_dagrun for example_task_group to 2025-02-23 00:00:00+00:00, run_after=2025-02-24 00:00:00+00:00
[2025-02-24T04:10:52.373+0000] {processor.py:183} INFO - Processing /home/airflow/.local/lib/python3.12/site-packages/airflow/example_dags/example_task_group.py took 0.106 seconds
[2025-02-24T04:11:22.651+0000] {processor.py:161} INFO - Started process (PID=2060) to work on /home/airflow/.local/lib/python3.12/site-packages/airflow/example_dags/example_task_group.py
[2025-02-24T04:11:22.652+0000] {processor.py:830} INFO - Processing file /home/airflow/.local/lib/python3.12/site-packages/airflow/example_dags/example_task_group.py for tasks to queue
[2025-02-24T04:11:22.655+0000] {logging_mixin.py:188} INFO - [2025-02-24T04:11:22.654+0000] {dagbag.py:540} INFO - Filling up the DagBag from /home/airflow/.local/lib/python3.12/site-packages/airflow/example_dags/example_task_group.py
[2025-02-24T04:11:22.664+0000] {processor.py:840} INFO - DAG(s) 'example_task_group' retrieved from /home/airflow/.local/lib/python3.12/site-packages/airflow/example_dags/example_task_group.py
[2025-02-24T04:11:22.688+0000] {logging_mixin.py:188} INFO - [2025-02-24T04:11:22.688+0000] {dag.py:3096} INFO - Sync 1 DAGs
[2025-02-24T04:11:22.713+0000] {logging_mixin.py:188} INFO - [2025-02-24T04:11:22.713+0000] {dag.py:3954} INFO - Setting next_dagrun for example_task_group to 2025-02-23 00:00:00+00:00, run_after=2025-02-24 00:00:00+00:00
[2025-02-24T04:11:22.739+0000] {processor.py:183} INFO - Processing /home/airflow/.local/lib/python3.12/site-packages/airflow/example_dags/example_task_group.py took 0.095 seconds
[2025-02-24T04:11:53.584+0000] {processor.py:161} INFO - Started process (PID=2120) to work on /home/airflow/.local/lib/python3.12/site-packages/airflow/example_dags/example_task_group.py
[2025-02-24T04:11:53.585+0000] {processor.py:830} INFO - Processing file /home/airflow/.local/lib/python3.12/site-packages/airflow/example_dags/example_task_group.py for tasks to queue
[2025-02-24T04:11:53.588+0000] {logging_mixin.py:188} INFO - [2025-02-24T04:11:53.588+0000] {dagbag.py:540} INFO - Filling up the DagBag from /home/airflow/.local/lib/python3.12/site-packages/airflow/example_dags/example_task_group.py
[2025-02-24T04:11:53.596+0000] {processor.py:840} INFO - DAG(s) 'example_task_group' retrieved from /home/airflow/.local/lib/python3.12/site-packages/airflow/example_dags/example_task_group.py
[2025-02-24T04:11:53.624+0000] {logging_mixin.py:188} INFO - [2025-02-24T04:11:53.623+0000] {dag.py:3096} INFO - Sync 1 DAGs
[2025-02-24T04:11:53.648+0000] {logging_mixin.py:188} INFO - [2025-02-24T04:11:53.648+0000] {dag.py:3954} INFO - Setting next_dagrun for example_task_group to 2025-02-23 00:00:00+00:00, run_after=2025-02-24 00:00:00+00:00
[2025-02-24T04:11:53.672+0000] {processor.py:183} INFO - Processing /home/airflow/.local/lib/python3.12/site-packages/airflow/example_dags/example_task_group.py took 0.095 seconds
[2025-02-24T04:12:23.848+0000] {processor.py:161} INFO - Started process (PID=2196) to work on /home/airflow/.local/lib/python3.12/site-packages/airflow/example_dags/example_task_group.py
[2025-02-24T04:12:23.850+0000] {processor.py:830} INFO - Processing file /home/airflow/.local/lib/python3.12/site-packages/airflow/example_dags/example_task_group.py for tasks to queue
[2025-02-24T04:12:23.853+0000] {logging_mixin.py:188} INFO - [2025-02-24T04:12:23.852+0000] {dagbag.py:540} INFO - Filling up the DagBag from /home/airflow/.local/lib/python3.12/site-packages/airflow/example_dags/example_task_group.py
[2025-02-24T04:12:23.861+0000] {processor.py:840} INFO - DAG(s) 'example_task_group' retrieved from /home/airflow/.local/lib/python3.12/site-packages/airflow/example_dags/example_task_group.py
[2025-02-24T04:12:23.889+0000] {logging_mixin.py:188} INFO - [2025-02-24T04:12:23.889+0000] {dag.py:3096} INFO - Sync 1 DAGs
[2025-02-24T04:12:23.913+0000] {logging_mixin.py:188} INFO - [2025-02-24T04:12:23.913+0000] {dag.py:3954} INFO - Setting next_dagrun for example_task_group to 2025-02-23 00:00:00+00:00, run_after=2025-02-24 00:00:00+00:00
[2025-02-24T04:12:23.935+0000] {processor.py:183} INFO - Processing /home/airflow/.local/lib/python3.12/site-packages/airflow/example_dags/example_task_group.py took 0.093 seconds
[2025-02-24T04:12:54.505+0000] {processor.py:161} INFO - Started process (PID=2256) to work on /home/airflow/.local/lib/python3.12/site-packages/airflow/example_dags/example_task_group.py
[2025-02-24T04:12:54.507+0000] {processor.py:830} INFO - Processing file /home/airflow/.local/lib/python3.12/site-packages/airflow/example_dags/example_task_group.py for tasks to queue
[2025-02-24T04:12:54.510+0000] {logging_mixin.py:188} INFO - [2025-02-24T04:12:54.510+0000] {dagbag.py:540} INFO - Filling up the DagBag from /home/airflow/.local/lib/python3.12/site-packages/airflow/example_dags/example_task_group.py
[2025-02-24T04:12:54.520+0000] {processor.py:840} INFO - DAG(s) 'example_task_group' retrieved from /home/airflow/.local/lib/python3.12/site-packages/airflow/example_dags/example_task_group.py
[2025-02-24T04:12:54.548+0000] {logging_mixin.py:188} INFO - [2025-02-24T04:12:54.548+0000] {dag.py:3096} INFO - Sync 1 DAGs
[2025-02-24T04:12:54.575+0000] {logging_mixin.py:188} INFO - [2025-02-24T04:12:54.574+0000] {dag.py:3954} INFO - Setting next_dagrun for example_task_group to 2025-02-23 00:00:00+00:00, run_after=2025-02-24 00:00:00+00:00
[2025-02-24T04:12:54.602+0000] {processor.py:183} INFO - Processing /home/airflow/.local/lib/python3.12/site-packages/airflow/example_dags/example_task_group.py took 0.103 seconds
[2025-02-24T04:13:25.137+0000] {processor.py:161} INFO - Started process (PID=2317) to work on /home/airflow/.local/lib/python3.12/site-packages/airflow/example_dags/example_task_group.py
[2025-02-24T04:13:25.138+0000] {processor.py:830} INFO - Processing file /home/airflow/.local/lib/python3.12/site-packages/airflow/example_dags/example_task_group.py for tasks to queue
[2025-02-24T04:13:25.140+0000] {logging_mixin.py:188} INFO - [2025-02-24T04:13:25.140+0000] {dagbag.py:540} INFO - Filling up the DagBag from /home/airflow/.local/lib/python3.12/site-packages/airflow/example_dags/example_task_group.py
[2025-02-24T04:13:25.150+0000] {processor.py:840} INFO - DAG(s) 'example_task_group' retrieved from /home/airflow/.local/lib/python3.12/site-packages/airflow/example_dags/example_task_group.py
[2025-02-24T04:13:25.184+0000] {logging_mixin.py:188} INFO - [2025-02-24T04:13:25.183+0000] {dag.py:3096} INFO - Sync 1 DAGs
[2025-02-24T04:13:25.210+0000] {logging_mixin.py:188} INFO - [2025-02-24T04:13:25.210+0000] {dag.py:3954} INFO - Setting next_dagrun for example_task_group to 2025-02-23 00:00:00+00:00, run_after=2025-02-24 00:00:00+00:00
[2025-02-24T04:13:25.267+0000] {processor.py:183} INFO - Processing /home/airflow/.local/lib/python3.12/site-packages/airflow/example_dags/example_task_group.py took 0.138 seconds
[2025-02-24T04:13:55.766+0000] {processor.py:161} INFO - Started process (PID=2374) to work on /home/airflow/.local/lib/python3.12/site-packages/airflow/example_dags/example_task_group.py
[2025-02-24T04:13:55.769+0000] {processor.py:830} INFO - Processing file /home/airflow/.local/lib/python3.12/site-packages/airflow/example_dags/example_task_group.py for tasks to queue
[2025-02-24T04:13:55.773+0000] {logging_mixin.py:188} INFO - [2025-02-24T04:13:55.772+0000] {dagbag.py:540} INFO - Filling up the DagBag from /home/airflow/.local/lib/python3.12/site-packages/airflow/example_dags/example_task_group.py
[2025-02-24T04:13:55.786+0000] {processor.py:840} INFO - DAG(s) 'example_task_group' retrieved from /home/airflow/.local/lib/python3.12/site-packages/airflow/example_dags/example_task_group.py
[2025-02-24T04:13:55.817+0000] {logging_mixin.py:188} INFO - [2025-02-24T04:13:55.816+0000] {dag.py:3096} INFO - Sync 1 DAGs
[2025-02-24T04:13:55.852+0000] {logging_mixin.py:188} INFO - [2025-02-24T04:13:55.852+0000] {dag.py:3954} INFO - Setting next_dagrun for example_task_group to 2025-02-23 00:00:00+00:00, run_after=2025-02-24 00:00:00+00:00
[2025-02-24T04:13:55.878+0000] {processor.py:183} INFO - Processing /home/airflow/.local/lib/python3.12/site-packages/airflow/example_dags/example_task_group.py took 0.123 seconds
[2025-02-24T04:14:26.425+0000] {processor.py:161} INFO - Started process (PID=2439) to work on /home/airflow/.local/lib/python3.12/site-packages/airflow/example_dags/example_task_group.py
[2025-02-24T04:14:26.426+0000] {processor.py:830} INFO - Processing file /home/airflow/.local/lib/python3.12/site-packages/airflow/example_dags/example_task_group.py for tasks to queue
[2025-02-24T04:14:26.429+0000] {logging_mixin.py:188} INFO - [2025-02-24T04:14:26.428+0000] {dagbag.py:540} INFO - Filling up the DagBag from /home/airflow/.local/lib/python3.12/site-packages/airflow/example_dags/example_task_group.py
[2025-02-24T04:14:26.437+0000] {processor.py:840} INFO - DAG(s) 'example_task_group' retrieved from /home/airflow/.local/lib/python3.12/site-packages/airflow/example_dags/example_task_group.py
[2025-02-24T04:14:26.463+0000] {logging_mixin.py:188} INFO - [2025-02-24T04:14:26.463+0000] {dag.py:3096} INFO - Sync 1 DAGs
[2025-02-24T04:14:26.488+0000] {logging_mixin.py:188} INFO - [2025-02-24T04:14:26.487+0000] {dag.py:3954} INFO - Setting next_dagrun for example_task_group to 2025-02-23 00:00:00+00:00, run_after=2025-02-24 00:00:00+00:00
[2025-02-24T04:14:26.512+0000] {processor.py:183} INFO - Processing /home/airflow/.local/lib/python3.12/site-packages/airflow/example_dags/example_task_group.py took 0.095 seconds
[2025-02-24T04:14:57.239+0000] {processor.py:161} INFO - Started process (PID=2499) to work on /home/airflow/.local/lib/python3.12/site-packages/airflow/example_dags/example_task_group.py
[2025-02-24T04:14:57.240+0000] {processor.py:830} INFO - Processing file /home/airflow/.local/lib/python3.12/site-packages/airflow/example_dags/example_task_group.py for tasks to queue
[2025-02-24T04:14:57.243+0000] {logging_mixin.py:188} INFO - [2025-02-24T04:14:57.242+0000] {dagbag.py:540} INFO - Filling up the DagBag from /home/airflow/.local/lib/python3.12/site-packages/airflow/example_dags/example_task_group.py
[2025-02-24T04:14:57.252+0000] {processor.py:840} INFO - DAG(s) 'example_task_group' retrieved from /home/airflow/.local/lib/python3.12/site-packages/airflow/example_dags/example_task_group.py
[2025-02-24T04:14:57.280+0000] {logging_mixin.py:188} INFO - [2025-02-24T04:14:57.280+0000] {dag.py:3096} INFO - Sync 1 DAGs
[2025-02-24T04:14:57.310+0000] {logging_mixin.py:188} INFO - [2025-02-24T04:14:57.310+0000] {dag.py:3954} INFO - Setting next_dagrun for example_task_group to 2025-02-23 00:00:00+00:00, run_after=2025-02-24 00:00:00+00:00
[2025-02-24T04:14:57.335+0000] {processor.py:183} INFO - Processing /home/airflow/.local/lib/python3.12/site-packages/airflow/example_dags/example_task_group.py took 0.104 seconds
[2025-02-24T04:15:27.528+0000] {processor.py:161} INFO - Started process (PID=2559) to work on /home/airflow/.local/lib/python3.12/site-packages/airflow/example_dags/example_task_group.py
[2025-02-24T04:15:27.529+0000] {processor.py:830} INFO - Processing file /home/airflow/.local/lib/python3.12/site-packages/airflow/example_dags/example_task_group.py for tasks to queue
[2025-02-24T04:15:27.532+0000] {logging_mixin.py:188} INFO - [2025-02-24T04:15:27.532+0000] {dagbag.py:540} INFO - Filling up the DagBag from /home/airflow/.local/lib/python3.12/site-packages/airflow/example_dags/example_task_group.py
[2025-02-24T04:15:27.542+0000] {processor.py:840} INFO - DAG(s) 'example_task_group' retrieved from /home/airflow/.local/lib/python3.12/site-packages/airflow/example_dags/example_task_group.py
[2025-02-24T04:15:27.576+0000] {logging_mixin.py:188} INFO - [2025-02-24T04:15:27.576+0000] {dag.py:3096} INFO - Sync 1 DAGs
[2025-02-24T04:15:27.606+0000] {logging_mixin.py:188} INFO - [2025-02-24T04:15:27.606+0000] {dag.py:3954} INFO - Setting next_dagrun for example_task_group to 2025-02-23 00:00:00+00:00, run_after=2025-02-24 00:00:00+00:00
[2025-02-24T04:15:27.632+0000] {processor.py:183} INFO - Processing /home/airflow/.local/lib/python3.12/site-packages/airflow/example_dags/example_task_group.py took 0.112 seconds
[2025-02-24T04:15:57.962+0000] {processor.py:161} INFO - Started process (PID=2620) to work on /home/airflow/.local/lib/python3.12/site-packages/airflow/example_dags/example_task_group.py
[2025-02-24T04:15:57.964+0000] {processor.py:830} INFO - Processing file /home/airflow/.local/lib/python3.12/site-packages/airflow/example_dags/example_task_group.py for tasks to queue
[2025-02-24T04:15:57.966+0000] {logging_mixin.py:188} INFO - [2025-02-24T04:15:57.966+0000] {dagbag.py:540} INFO - Filling up the DagBag from /home/airflow/.local/lib/python3.12/site-packages/airflow/example_dags/example_task_group.py
[2025-02-24T04:15:57.975+0000] {processor.py:840} INFO - DAG(s) 'example_task_group' retrieved from /home/airflow/.local/lib/python3.12/site-packages/airflow/example_dags/example_task_group.py
[2025-02-24T04:15:58.000+0000] {logging_mixin.py:188} INFO - [2025-02-24T04:15:58.000+0000] {dag.py:3096} INFO - Sync 1 DAGs
[2025-02-24T04:15:58.026+0000] {logging_mixin.py:188} INFO - [2025-02-24T04:15:58.026+0000] {dag.py:3954} INFO - Setting next_dagrun for example_task_group to 2025-02-23 00:00:00+00:00, run_after=2025-02-24 00:00:00+00:00
[2025-02-24T04:15:58.067+0000] {processor.py:183} INFO - Processing /home/airflow/.local/lib/python3.12/site-packages/airflow/example_dags/example_task_group.py took 0.113 seconds
[2025-02-24T04:16:28.470+0000] {processor.py:161} INFO - Started process (PID=2680) to work on /home/airflow/.local/lib/python3.12/site-packages/airflow/example_dags/example_task_group.py
[2025-02-24T04:16:28.472+0000] {processor.py:830} INFO - Processing file /home/airflow/.local/lib/python3.12/site-packages/airflow/example_dags/example_task_group.py for tasks to queue
[2025-02-24T04:16:28.476+0000] {logging_mixin.py:188} INFO - [2025-02-24T04:16:28.475+0000] {dagbag.py:540} INFO - Filling up the DagBag from /home/airflow/.local/lib/python3.12/site-packages/airflow/example_dags/example_task_group.py
[2025-02-24T04:16:28.491+0000] {processor.py:840} INFO - DAG(s) 'example_task_group' retrieved from /home/airflow/.local/lib/python3.12/site-packages/airflow/example_dags/example_task_group.py
[2025-02-24T04:16:28.530+0000] {logging_mixin.py:188} INFO - [2025-02-24T04:16:28.529+0000] {dag.py:3096} INFO - Sync 1 DAGs
[2025-02-24T04:16:28.567+0000] {logging_mixin.py:188} INFO - [2025-02-24T04:16:28.566+0000] {dag.py:3954} INFO - Setting next_dagrun for example_task_group to 2025-02-23 00:00:00+00:00, run_after=2025-02-24 00:00:00+00:00
[2025-02-24T04:16:28.597+0000] {processor.py:183} INFO - Processing /home/airflow/.local/lib/python3.12/site-packages/airflow/example_dags/example_task_group.py took 0.142 seconds
[2025-02-24T04:16:58.752+0000] {processor.py:161} INFO - Started process (PID=2740) to work on /home/airflow/.local/lib/python3.12/site-packages/airflow/example_dags/example_task_group.py
[2025-02-24T04:16:58.754+0000] {processor.py:830} INFO - Processing file /home/airflow/.local/lib/python3.12/site-packages/airflow/example_dags/example_task_group.py for tasks to queue
[2025-02-24T04:16:58.756+0000] {logging_mixin.py:188} INFO - [2025-02-24T04:16:58.756+0000] {dagbag.py:540} INFO - Filling up the DagBag from /home/airflow/.local/lib/python3.12/site-packages/airflow/example_dags/example_task_group.py
[2025-02-24T04:16:58.782+0000] {processor.py:840} INFO - DAG(s) 'example_task_group' retrieved from /home/airflow/.local/lib/python3.12/site-packages/airflow/example_dags/example_task_group.py
[2025-02-24T04:16:58.813+0000] {logging_mixin.py:188} INFO - [2025-02-24T04:16:58.813+0000] {dag.py:3096} INFO - Sync 1 DAGs
[2025-02-24T04:16:58.858+0000] {logging_mixin.py:188} INFO - [2025-02-24T04:16:58.858+0000] {dag.py:3954} INFO - Setting next_dagrun for example_task_group to 2025-02-23 00:00:00+00:00, run_after=2025-02-24 00:00:00+00:00
[2025-02-24T04:16:58.944+0000] {processor.py:183} INFO - Processing /home/airflow/.local/lib/python3.12/site-packages/airflow/example_dags/example_task_group.py took 0.201 seconds
[2025-02-24T04:17:29.119+0000] {processor.py:161} INFO - Started process (PID=2800) to work on /home/airflow/.local/lib/python3.12/site-packages/airflow/example_dags/example_task_group.py
[2025-02-24T04:17:29.121+0000] {processor.py:830} INFO - Processing file /home/airflow/.local/lib/python3.12/site-packages/airflow/example_dags/example_task_group.py for tasks to queue
[2025-02-24T04:17:29.123+0000] {logging_mixin.py:188} INFO - [2025-02-24T04:17:29.123+0000] {dagbag.py:540} INFO - Filling up the DagBag from /home/airflow/.local/lib/python3.12/site-packages/airflow/example_dags/example_task_group.py
[2025-02-24T04:17:29.133+0000] {processor.py:840} INFO - DAG(s) 'example_task_group' retrieved from /home/airflow/.local/lib/python3.12/site-packages/airflow/example_dags/example_task_group.py
[2025-02-24T04:17:29.159+0000] {logging_mixin.py:188} INFO - [2025-02-24T04:17:29.159+0000] {dag.py:3096} INFO - Sync 1 DAGs
[2025-02-24T04:17:29.183+0000] {logging_mixin.py:188} INFO - [2025-02-24T04:17:29.183+0000] {dag.py:3954} INFO - Setting next_dagrun for example_task_group to 2025-02-23 00:00:00+00:00, run_after=2025-02-24 00:00:00+00:00
[2025-02-24T04:17:29.205+0000] {processor.py:183} INFO - Processing /home/airflow/.local/lib/python3.12/site-packages/airflow/example_dags/example_task_group.py took 0.093 seconds
[2025-02-24T04:19:13.836+0000] {processor.py:161} INFO - Started process (PID=2866) to work on /home/airflow/.local/lib/python3.12/site-packages/airflow/example_dags/example_task_group.py
[2025-02-24T04:19:13.915+0000] {processor.py:830} INFO - Processing file /home/airflow/.local/lib/python3.12/site-packages/airflow/example_dags/example_task_group.py for tasks to queue
[2025-02-24T04:19:13.958+0000] {logging_mixin.py:188} INFO - [2025-02-24T04:19:13.917+0000] {dagbag.py:540} INFO - Filling up the DagBag from /home/airflow/.local/lib/python3.12/site-packages/airflow/example_dags/example_task_group.py
[2025-02-24T04:19:14.292+0000] {processor.py:840} INFO - DAG(s) 'example_task_group' retrieved from /home/airflow/.local/lib/python3.12/site-packages/airflow/example_dags/example_task_group.py
[2025-02-24T04:19:27.843+0000] {logging_mixin.py:188} INFO - [2025-02-24T04:19:27.842+0000] {dag.py:3096} INFO - Sync 1 DAGs
[2025-02-24T04:19:27.940+0000] {logging_mixin.py:188} INFO - [2025-02-24T04:19:27.940+0000] {dag.py:3954} INFO - Setting next_dagrun for example_task_group to 2025-02-23 00:00:00+00:00, run_after=2025-02-24 00:00:00+00:00
[2025-02-24T04:19:27.995+0000] {processor.py:183} INFO - Processing /home/airflow/.local/lib/python3.12/site-packages/airflow/example_dags/example_task_group.py took 15.263 seconds
[2025-02-24T04:19:58.140+0000] {processor.py:161} INFO - Started process (PID=2924) to work on /home/airflow/.local/lib/python3.12/site-packages/airflow/example_dags/example_task_group.py
[2025-02-24T04:19:58.143+0000] {processor.py:830} INFO - Processing file /home/airflow/.local/lib/python3.12/site-packages/airflow/example_dags/example_task_group.py for tasks to queue
[2025-02-24T04:19:58.144+0000] {logging_mixin.py:188} INFO - [2025-02-24T04:19:58.144+0000] {dagbag.py:540} INFO - Filling up the DagBag from /home/airflow/.local/lib/python3.12/site-packages/airflow/example_dags/example_task_group.py
[2025-02-24T04:19:58.188+0000] {processor.py:840} INFO - DAG(s) 'example_task_group' retrieved from /home/airflow/.local/lib/python3.12/site-packages/airflow/example_dags/example_task_group.py
[2025-02-24T04:19:58.218+0000] {logging_mixin.py:188} INFO - [2025-02-24T04:19:58.217+0000] {dag.py:3096} INFO - Sync 1 DAGs
[2025-02-24T04:19:58.247+0000] {logging_mixin.py:188} INFO - [2025-02-24T04:19:58.246+0000] {dag.py:3954} INFO - Setting next_dagrun for example_task_group to 2025-02-23 00:00:00+00:00, run_after=2025-02-24 00:00:00+00:00
[2025-02-24T04:19:58.319+0000] {processor.py:183} INFO - Processing /home/airflow/.local/lib/python3.12/site-packages/airflow/example_dags/example_task_group.py took 0.188 seconds
[2025-02-24T04:21:23.795+0000] {processor.py:161} INFO - Started process (PID=2954) to work on /home/airflow/.local/lib/python3.12/site-packages/airflow/example_dags/example_task_group.py
[2025-02-24T04:21:23.797+0000] {processor.py:830} INFO - Processing file /home/airflow/.local/lib/python3.12/site-packages/airflow/example_dags/example_task_group.py for tasks to queue
[2025-02-24T04:21:23.800+0000] {logging_mixin.py:188} INFO - [2025-02-24T04:21:23.799+0000] {dagbag.py:540} INFO - Filling up the DagBag from /home/airflow/.local/lib/python3.12/site-packages/airflow/example_dags/example_task_group.py
[2025-02-24T04:21:23.825+0000] {processor.py:840} INFO - DAG(s) 'example_task_group' retrieved from /home/airflow/.local/lib/python3.12/site-packages/airflow/example_dags/example_task_group.py
[2025-02-24T04:21:23.895+0000] {logging_mixin.py:188} INFO - [2025-02-24T04:21:23.892+0000] {dag.py:3096} INFO - Sync 1 DAGs
[2025-02-24T04:21:24.073+0000] {logging_mixin.py:188} INFO - [2025-02-24T04:21:24.073+0000] {dag.py:3954} INFO - Setting next_dagrun for example_task_group to 2025-02-23 00:00:00+00:00, run_after=2025-02-24 00:00:00+00:00
[2025-02-24T04:21:24.223+0000] {processor.py:183} INFO - Processing /home/airflow/.local/lib/python3.12/site-packages/airflow/example_dags/example_task_group.py took 0.455 seconds
[2025-02-24T04:23:04.882+0000] {processor.py:161} INFO - Started process (PID=3018) to work on /home/airflow/.local/lib/python3.12/site-packages/airflow/example_dags/example_task_group.py
[2025-02-24T04:23:04.884+0000] {processor.py:830} INFO - Processing file /home/airflow/.local/lib/python3.12/site-packages/airflow/example_dags/example_task_group.py for tasks to queue
[2025-02-24T04:23:04.887+0000] {logging_mixin.py:188} INFO - [2025-02-24T04:23:04.886+0000] {dagbag.py:540} INFO - Filling up the DagBag from /home/airflow/.local/lib/python3.12/site-packages/airflow/example_dags/example_task_group.py
[2025-02-24T04:23:04.977+0000] {processor.py:840} INFO - DAG(s) 'example_task_group' retrieved from /home/airflow/.local/lib/python3.12/site-packages/airflow/example_dags/example_task_group.py
[2025-02-24T04:23:06.419+0000] {logging_mixin.py:188} INFO - [2025-02-24T04:23:06.384+0000] {dag.py:3096} INFO - Sync 1 DAGs
[2025-02-24T04:23:06.587+0000] {logging_mixin.py:188} INFO - [2025-02-24T04:23:06.586+0000] {dag.py:3954} INFO - Setting next_dagrun for example_task_group to 2025-02-23 00:00:00+00:00, run_after=2025-02-24 00:00:00+00:00
[2025-02-24T04:23:06.821+0000] {processor.py:183} INFO - Processing /home/airflow/.local/lib/python3.12/site-packages/airflow/example_dags/example_task_group.py took 2.034 seconds
[2025-02-24T04:24:08.705+0000] {processor.py:161} INFO - Started process (PID=3080) to work on /home/airflow/.local/lib/python3.12/site-packages/airflow/example_dags/example_task_group.py
[2025-02-24T04:24:08.707+0000] {processor.py:830} INFO - Processing file /home/airflow/.local/lib/python3.12/site-packages/airflow/example_dags/example_task_group.py for tasks to queue
[2025-02-24T04:24:08.709+0000] {logging_mixin.py:188} INFO - [2025-02-24T04:24:08.708+0000] {dagbag.py:540} INFO - Filling up the DagBag from /home/airflow/.local/lib/python3.12/site-packages/airflow/example_dags/example_task_group.py
[2025-02-24T04:24:08.724+0000] {processor.py:840} INFO - DAG(s) 'example_task_group' retrieved from /home/airflow/.local/lib/python3.12/site-packages/airflow/example_dags/example_task_group.py
[2025-02-24T04:24:08.755+0000] {logging_mixin.py:188} INFO - [2025-02-24T04:24:08.755+0000] {dag.py:3096} INFO - Sync 1 DAGs
[2025-02-24T04:24:08.790+0000] {logging_mixin.py:188} INFO - [2025-02-24T04:24:08.789+0000] {dag.py:3954} INFO - Setting next_dagrun for example_task_group to 2025-02-23 00:00:00+00:00, run_after=2025-02-24 00:00:00+00:00
[2025-02-24T04:24:08.824+0000] {processor.py:183} INFO - Processing /home/airflow/.local/lib/python3.12/site-packages/airflow/example_dags/example_task_group.py took 0.131 seconds
[2025-02-24T04:24:38.927+0000] {processor.py:161} INFO - Started process (PID=3122) to work on /home/airflow/.local/lib/python3.12/site-packages/airflow/example_dags/example_task_group.py
[2025-02-24T04:24:38.928+0000] {processor.py:830} INFO - Processing file /home/airflow/.local/lib/python3.12/site-packages/airflow/example_dags/example_task_group.py for tasks to queue
[2025-02-24T04:24:38.929+0000] {logging_mixin.py:188} INFO - [2025-02-24T04:24:38.929+0000] {dagbag.py:540} INFO - Filling up the DagBag from /home/airflow/.local/lib/python3.12/site-packages/airflow/example_dags/example_task_group.py
[2025-02-24T04:24:38.940+0000] {processor.py:840} INFO - DAG(s) 'example_task_group' retrieved from /home/airflow/.local/lib/python3.12/site-packages/airflow/example_dags/example_task_group.py
[2025-02-24T04:24:38.966+0000] {logging_mixin.py:188} INFO - [2025-02-24T04:24:38.966+0000] {dag.py:3096} INFO - Sync 1 DAGs
[2025-02-24T04:24:38.992+0000] {logging_mixin.py:188} INFO - [2025-02-24T04:24:38.991+0000] {dag.py:3954} INFO - Setting next_dagrun for example_task_group to 2025-02-23 00:00:00+00:00, run_after=2025-02-24 00:00:00+00:00
[2025-02-24T04:24:39.014+0000] {processor.py:183} INFO - Processing /home/airflow/.local/lib/python3.12/site-packages/airflow/example_dags/example_task_group.py took 0.095 seconds
[2025-02-24T04:25:21.560+0000] {processor.py:161} INFO - Started process (PID=3174) to work on /home/airflow/.local/lib/python3.12/site-packages/airflow/example_dags/example_task_group.py
[2025-02-24T04:25:21.563+0000] {processor.py:830} INFO - Processing file /home/airflow/.local/lib/python3.12/site-packages/airflow/example_dags/example_task_group.py for tasks to queue
[2025-02-24T04:25:21.564+0000] {logging_mixin.py:188} INFO - [2025-02-24T04:25:21.564+0000] {dagbag.py:540} INFO - Filling up the DagBag from /home/airflow/.local/lib/python3.12/site-packages/airflow/example_dags/example_task_group.py
[2025-02-24T04:25:21.586+0000] {processor.py:840} INFO - DAG(s) 'example_task_group' retrieved from /home/airflow/.local/lib/python3.12/site-packages/airflow/example_dags/example_task_group.py
[2025-02-24T04:25:21.689+0000] {logging_mixin.py:188} INFO - [2025-02-24T04:25:21.688+0000] {dag.py:3096} INFO - Sync 1 DAGs
[2025-02-24T04:25:21.737+0000] {logging_mixin.py:188} INFO - [2025-02-24T04:25:21.736+0000] {dag.py:3954} INFO - Setting next_dagrun for example_task_group to 2025-02-23 00:00:00+00:00, run_after=2025-02-24 00:00:00+00:00
[2025-02-24T04:25:21.802+0000] {processor.py:183} INFO - Processing /home/airflow/.local/lib/python3.12/site-packages/airflow/example_dags/example_task_group.py took 0.251 seconds
[2025-02-24T04:25:52.176+0000] {processor.py:161} INFO - Started process (PID=3232) to work on /home/airflow/.local/lib/python3.12/site-packages/airflow/example_dags/example_task_group.py
[2025-02-24T04:25:52.178+0000] {processor.py:830} INFO - Processing file /home/airflow/.local/lib/python3.12/site-packages/airflow/example_dags/example_task_group.py for tasks to queue
[2025-02-24T04:25:52.180+0000] {logging_mixin.py:188} INFO - [2025-02-24T04:25:52.179+0000] {dagbag.py:540} INFO - Filling up the DagBag from /home/airflow/.local/lib/python3.12/site-packages/airflow/example_dags/example_task_group.py
[2025-02-24T04:25:52.193+0000] {processor.py:840} INFO - DAG(s) 'example_task_group' retrieved from /home/airflow/.local/lib/python3.12/site-packages/airflow/example_dags/example_task_group.py
[2025-02-24T04:25:52.228+0000] {logging_mixin.py:188} INFO - [2025-02-24T04:25:52.228+0000] {dag.py:3096} INFO - Sync 1 DAGs
[2025-02-24T04:25:52.263+0000] {logging_mixin.py:188} INFO - [2025-02-24T04:25:52.263+0000] {dag.py:3954} INFO - Setting next_dagrun for example_task_group to 2025-02-23 00:00:00+00:00, run_after=2025-02-24 00:00:00+00:00
[2025-02-24T04:25:52.292+0000] {processor.py:183} INFO - Processing /home/airflow/.local/lib/python3.12/site-packages/airflow/example_dags/example_task_group.py took 0.123 seconds
[2025-02-24T04:27:34.701+0000] {processor.py:161} INFO - Started process (PID=3276) to work on /home/airflow/.local/lib/python3.12/site-packages/airflow/example_dags/example_task_group.py
[2025-02-24T04:27:34.705+0000] {processor.py:830} INFO - Processing file /home/airflow/.local/lib/python3.12/site-packages/airflow/example_dags/example_task_group.py for tasks to queue
[2025-02-24T04:27:34.708+0000] {logging_mixin.py:188} INFO - [2025-02-24T04:27:34.706+0000] {dagbag.py:540} INFO - Filling up the DagBag from /home/airflow/.local/lib/python3.12/site-packages/airflow/example_dags/example_task_group.py
[2025-02-24T04:27:34.738+0000] {processor.py:840} INFO - DAG(s) 'example_task_group' retrieved from /home/airflow/.local/lib/python3.12/site-packages/airflow/example_dags/example_task_group.py
[2025-02-24T04:27:34.781+0000] {logging_mixin.py:188} INFO - [2025-02-24T04:27:34.778+0000] {dag.py:3096} INFO - Sync 1 DAGs
[2025-02-24T04:27:34.824+0000] {logging_mixin.py:188} INFO - [2025-02-24T04:27:34.824+0000] {dag.py:3954} INFO - Setting next_dagrun for example_task_group to 2025-02-23 00:00:00+00:00, run_after=2025-02-24 00:00:00+00:00
[2025-02-24T04:27:34.950+0000] {processor.py:183} INFO - Processing /home/airflow/.local/lib/python3.12/site-packages/airflow/example_dags/example_task_group.py took 0.263 seconds
[2025-02-24T04:28:56.893+0000] {processor.py:161} INFO - Started process (PID=3310) to work on /home/airflow/.local/lib/python3.12/site-packages/airflow/example_dags/example_task_group.py
[2025-02-24T04:28:56.895+0000] {processor.py:830} INFO - Processing file /home/airflow/.local/lib/python3.12/site-packages/airflow/example_dags/example_task_group.py for tasks to queue
[2025-02-24T04:28:56.898+0000] {logging_mixin.py:188} INFO - [2025-02-24T04:28:56.896+0000] {dagbag.py:540} INFO - Filling up the DagBag from /home/airflow/.local/lib/python3.12/site-packages/airflow/example_dags/example_task_group.py
[2025-02-24T04:28:56.956+0000] {processor.py:840} INFO - DAG(s) 'example_task_group' retrieved from /home/airflow/.local/lib/python3.12/site-packages/airflow/example_dags/example_task_group.py
[2025-02-24T04:28:57.020+0000] {logging_mixin.py:188} INFO - [2025-02-24T04:28:57.019+0000] {dag.py:3096} INFO - Sync 1 DAGs
[2025-02-24T04:28:57.097+0000] {logging_mixin.py:188} INFO - [2025-02-24T04:28:57.097+0000] {dag.py:3954} INFO - Setting next_dagrun for example_task_group to 2025-02-23 00:00:00+00:00, run_after=2025-02-24 00:00:00+00:00
[2025-02-24T04:28:57.212+0000] {processor.py:183} INFO - Processing /home/airflow/.local/lib/python3.12/site-packages/airflow/example_dags/example_task_group.py took 0.331 seconds
[2025-02-24T04:30:22.634+0000] {processor.py:161} INFO - Started process (PID=3373) to work on /home/airflow/.local/lib/python3.12/site-packages/airflow/example_dags/example_task_group.py
[2025-02-24T04:30:22.682+0000] {processor.py:830} INFO - Processing file /home/airflow/.local/lib/python3.12/site-packages/airflow/example_dags/example_task_group.py for tasks to queue
[2025-02-24T04:30:22.695+0000] {logging_mixin.py:188} INFO - [2025-02-24T04:30:22.683+0000] {dagbag.py:540} INFO - Filling up the DagBag from /home/airflow/.local/lib/python3.12/site-packages/airflow/example_dags/example_task_group.py
[2025-02-24T04:30:22.850+0000] {processor.py:840} INFO - DAG(s) 'example_task_group' retrieved from /home/airflow/.local/lib/python3.12/site-packages/airflow/example_dags/example_task_group.py
