[2025-02-24T03:54:48.438+0000] {processor.py:161} INFO - Started process (PID=105) to work on /home/airflow/.local/lib/python3.12/site-packages/airflow/example_dags/example_dag_decorator.py
[2025-02-24T03:54:48.444+0000] {processor.py:830} INFO - Processing file /home/airflow/.local/lib/python3.12/site-packages/airflow/example_dags/example_dag_decorator.py for tasks to queue
[2025-02-24T03:54:48.451+0000] {logging_mixin.py:188} INFO - [2025-02-24T03:54:48.450+0000] {dagbag.py:540} INFO - Filling up the DagBag from /home/airflow/.local/lib/python3.12/site-packages/airflow/example_dags/example_dag_decorator.py
[2025-02-24T03:54:49.288+0000] {processor.py:840} INFO - DAG(s) 'example_dag_decorator' retrieved from /home/airflow/.local/lib/python3.12/site-packages/airflow/example_dags/example_dag_decorator.py
[2025-02-24T03:54:49.450+0000] {logging_mixin.py:188} INFO - [2025-02-24T03:54:49.449+0000] {override.py:1829} INFO - Created Permission View: can read on DAG:example_dag_decorator
[2025-02-24T03:54:49.467+0000] {logging_mixin.py:188} INFO - [2025-02-24T03:54:49.466+0000] {override.py:1829} INFO - Created Permission View: can delete on DAG:example_dag_decorator
[2025-02-24T03:54:49.494+0000] {logging_mixin.py:188} INFO - [2025-02-24T03:54:49.493+0000] {override.py:1829} INFO - Created Permission View: can edit on DAG:example_dag_decorator
[2025-02-24T03:54:49.495+0000] {logging_mixin.py:188} INFO - [2025-02-24T03:54:49.494+0000] {dag.py:3096} INFO - Sync 1 DAGs
[2025-02-24T03:54:49.527+0000] {logging_mixin.py:188} INFO - [2025-02-24T03:54:49.527+0000] {dag.py:3118} INFO - Creating ORM DAG for example_dag_decorator
[2025-02-24T03:54:49.529+0000] {logging_mixin.py:188} INFO - [2025-02-24T03:54:49.528+0000] {dag.py:3954} INFO - Setting next_dagrun for example_dag_decorator to None, run_after=None
[2025-02-24T03:54:49.555+0000] {processor.py:183} INFO - Processing /home/airflow/.local/lib/python3.12/site-packages/airflow/example_dags/example_dag_decorator.py took 1.133 seconds
[2025-02-24T03:55:20.014+0000] {processor.py:161} INFO - Started process (PID=165) to work on /home/airflow/.local/lib/python3.12/site-packages/airflow/example_dags/example_dag_decorator.py
[2025-02-24T03:55:20.026+0000] {processor.py:830} INFO - Processing file /home/airflow/.local/lib/python3.12/site-packages/airflow/example_dags/example_dag_decorator.py for tasks to queue
[2025-02-24T03:55:20.038+0000] {logging_mixin.py:188} INFO - [2025-02-24T03:55:20.036+0000] {dagbag.py:540} INFO - Filling up the DagBag from /home/airflow/.local/lib/python3.12/site-packages/airflow/example_dags/example_dag_decorator.py
[2025-02-24T03:55:20.184+0000] {processor.py:840} INFO - DAG(s) 'example_dag_decorator' retrieved from /home/airflow/.local/lib/python3.12/site-packages/airflow/example_dags/example_dag_decorator.py
[2025-02-24T03:55:20.329+0000] {logging_mixin.py:188} INFO - [2025-02-24T03:55:20.329+0000] {dag.py:3096} INFO - Sync 1 DAGs
[2025-02-24T03:55:20.341+0000] {logging_mixin.py:188} INFO - [2025-02-24T03:55:20.340+0000] {dag.py:3954} INFO - Setting next_dagrun for example_dag_decorator to None, run_after=None
[2025-02-24T03:55:20.367+0000] {processor.py:183} INFO - Processing /home/airflow/.local/lib/python3.12/site-packages/airflow/example_dags/example_dag_decorator.py took 0.387 seconds
[2025-02-24T03:55:51.023+0000] {processor.py:161} INFO - Started process (PID=226) to work on /home/airflow/.local/lib/python3.12/site-packages/airflow/example_dags/example_dag_decorator.py
[2025-02-24T03:55:51.024+0000] {processor.py:830} INFO - Processing file /home/airflow/.local/lib/python3.12/site-packages/airflow/example_dags/example_dag_decorator.py for tasks to queue
[2025-02-24T03:55:51.027+0000] {logging_mixin.py:188} INFO - [2025-02-24T03:55:51.026+0000] {dagbag.py:540} INFO - Filling up the DagBag from /home/airflow/.local/lib/python3.12/site-packages/airflow/example_dags/example_dag_decorator.py
[2025-02-24T03:55:55.758+0000] {processor.py:840} INFO - DAG(s) 'example_dag_decorator' retrieved from /home/airflow/.local/lib/python3.12/site-packages/airflow/example_dags/example_dag_decorator.py
[2025-02-24T03:55:55.972+0000] {logging_mixin.py:188} INFO - [2025-02-24T03:55:55.971+0000] {dag.py:3096} INFO - Sync 1 DAGs
[2025-02-24T03:55:55.992+0000] {logging_mixin.py:188} INFO - [2025-02-24T03:55:55.992+0000] {dag.py:3954} INFO - Setting next_dagrun for example_dag_decorator to None, run_after=None
[2025-02-24T03:55:56.018+0000] {processor.py:183} INFO - Processing /home/airflow/.local/lib/python3.12/site-packages/airflow/example_dags/example_dag_decorator.py took 7.484 seconds
[2025-02-24T03:56:26.303+0000] {processor.py:161} INFO - Started process (PID=291) to work on /home/airflow/.local/lib/python3.12/site-packages/airflow/example_dags/example_dag_decorator.py
[2025-02-24T03:56:26.305+0000] {processor.py:830} INFO - Processing file /home/airflow/.local/lib/python3.12/site-packages/airflow/example_dags/example_dag_decorator.py for tasks to queue
[2025-02-24T03:56:26.307+0000] {logging_mixin.py:188} INFO - [2025-02-24T03:56:26.307+0000] {dagbag.py:540} INFO - Filling up the DagBag from /home/airflow/.local/lib/python3.12/site-packages/airflow/example_dags/example_dag_decorator.py
[2025-02-24T03:56:26.480+0000] {processor.py:840} INFO - DAG(s) 'example_dag_decorator' retrieved from /home/airflow/.local/lib/python3.12/site-packages/airflow/example_dags/example_dag_decorator.py
[2025-02-24T03:56:26.498+0000] {logging_mixin.py:188} INFO - [2025-02-24T03:56:26.498+0000] {dag.py:3096} INFO - Sync 1 DAGs
[2025-02-24T03:56:26.523+0000] {logging_mixin.py:188} INFO - [2025-02-24T03:56:26.523+0000] {dag.py:3954} INFO - Setting next_dagrun for example_dag_decorator to None, run_after=None
[2025-02-24T03:56:26.563+0000] {processor.py:183} INFO - Processing /home/airflow/.local/lib/python3.12/site-packages/airflow/example_dags/example_dag_decorator.py took 0.267 seconds
[2025-02-24T03:56:56.882+0000] {processor.py:161} INFO - Started process (PID=351) to work on /home/airflow/.local/lib/python3.12/site-packages/airflow/example_dags/example_dag_decorator.py
[2025-02-24T03:56:56.883+0000] {processor.py:830} INFO - Processing file /home/airflow/.local/lib/python3.12/site-packages/airflow/example_dags/example_dag_decorator.py for tasks to queue
[2025-02-24T03:56:56.886+0000] {logging_mixin.py:188} INFO - [2025-02-24T03:56:56.885+0000] {dagbag.py:540} INFO - Filling up the DagBag from /home/airflow/.local/lib/python3.12/site-packages/airflow/example_dags/example_dag_decorator.py
[2025-02-24T03:56:56.999+0000] {processor.py:840} INFO - DAG(s) 'example_dag_decorator' retrieved from /home/airflow/.local/lib/python3.12/site-packages/airflow/example_dags/example_dag_decorator.py
[2025-02-24T03:56:57.301+0000] {logging_mixin.py:188} INFO - [2025-02-24T03:56:57.301+0000] {dag.py:3096} INFO - Sync 1 DAGs
[2025-02-24T03:56:57.312+0000] {logging_mixin.py:188} INFO - [2025-02-24T03:56:57.312+0000] {dag.py:3954} INFO - Setting next_dagrun for example_dag_decorator to None, run_after=None
[2025-02-24T03:56:57.333+0000] {processor.py:183} INFO - Processing /home/airflow/.local/lib/python3.12/site-packages/airflow/example_dags/example_dag_decorator.py took 0.458 seconds
[2025-02-24T03:57:27.388+0000] {processor.py:161} INFO - Started process (PID=411) to work on /home/airflow/.local/lib/python3.12/site-packages/airflow/example_dags/example_dag_decorator.py
[2025-02-24T03:57:27.390+0000] {processor.py:830} INFO - Processing file /home/airflow/.local/lib/python3.12/site-packages/airflow/example_dags/example_dag_decorator.py for tasks to queue
[2025-02-24T03:57:27.393+0000] {logging_mixin.py:188} INFO - [2025-02-24T03:57:27.392+0000] {dagbag.py:540} INFO - Filling up the DagBag from /home/airflow/.local/lib/python3.12/site-packages/airflow/example_dags/example_dag_decorator.py
[2025-02-24T03:57:27.534+0000] {processor.py:840} INFO - DAG(s) 'example_dag_decorator' retrieved from /home/airflow/.local/lib/python3.12/site-packages/airflow/example_dags/example_dag_decorator.py
[2025-02-24T03:57:27.898+0000] {logging_mixin.py:188} INFO - [2025-02-24T03:57:27.898+0000] {dag.py:3096} INFO - Sync 1 DAGs
[2025-02-24T03:57:27.912+0000] {logging_mixin.py:188} INFO - [2025-02-24T03:57:27.912+0000] {dag.py:3954} INFO - Setting next_dagrun for example_dag_decorator to None, run_after=None
[2025-02-24T03:57:27.951+0000] {processor.py:183} INFO - Processing /home/airflow/.local/lib/python3.12/site-packages/airflow/example_dags/example_dag_decorator.py took 0.572 seconds
[2025-02-24T03:57:58.766+0000] {processor.py:161} INFO - Started process (PID=472) to work on /home/airflow/.local/lib/python3.12/site-packages/airflow/example_dags/example_dag_decorator.py
[2025-02-24T03:57:58.767+0000] {processor.py:830} INFO - Processing file /home/airflow/.local/lib/python3.12/site-packages/airflow/example_dags/example_dag_decorator.py for tasks to queue
[2025-02-24T03:57:58.770+0000] {logging_mixin.py:188} INFO - [2025-02-24T03:57:58.770+0000] {dagbag.py:540} INFO - Filling up the DagBag from /home/airflow/.local/lib/python3.12/site-packages/airflow/example_dags/example_dag_decorator.py
[2025-02-24T03:57:58.879+0000] {processor.py:840} INFO - DAG(s) 'example_dag_decorator' retrieved from /home/airflow/.local/lib/python3.12/site-packages/airflow/example_dags/example_dag_decorator.py
[2025-02-24T03:57:59.177+0000] {logging_mixin.py:188} INFO - [2025-02-24T03:57:59.177+0000] {dag.py:3096} INFO - Sync 1 DAGs
[2025-02-24T03:57:59.190+0000] {logging_mixin.py:188} INFO - [2025-02-24T03:57:59.190+0000] {dag.py:3954} INFO - Setting next_dagrun for example_dag_decorator to None, run_after=None
[2025-02-24T03:57:59.211+0000] {processor.py:183} INFO - Processing /home/airflow/.local/lib/python3.12/site-packages/airflow/example_dags/example_dag_decorator.py took 0.452 seconds
[2025-02-24T03:58:40.602+0000] {processor.py:161} INFO - Started process (PID=539) to work on /home/airflow/.local/lib/python3.12/site-packages/airflow/example_dags/example_dag_decorator.py
[2025-02-24T03:58:40.604+0000] {processor.py:830} INFO - Processing file /home/airflow/.local/lib/python3.12/site-packages/airflow/example_dags/example_dag_decorator.py for tasks to queue
[2025-02-24T03:58:40.607+0000] {logging_mixin.py:188} INFO - [2025-02-24T03:58:40.606+0000] {dagbag.py:540} INFO - Filling up the DagBag from /home/airflow/.local/lib/python3.12/site-packages/airflow/example_dags/example_dag_decorator.py
[2025-02-24T03:58:40.723+0000] {processor.py:840} INFO - DAG(s) 'example_dag_decorator' retrieved from /home/airflow/.local/lib/python3.12/site-packages/airflow/example_dags/example_dag_decorator.py
[2025-02-24T03:58:41.360+0000] {logging_mixin.py:188} INFO - [2025-02-24T03:58:41.359+0000] {dag.py:3096} INFO - Sync 1 DAGs
[2025-02-24T03:58:41.404+0000] {logging_mixin.py:188} INFO - [2025-02-24T03:58:41.404+0000] {dag.py:3954} INFO - Setting next_dagrun for example_dag_decorator to None, run_after=None
[2025-02-24T03:58:41.480+0000] {processor.py:183} INFO - Processing /home/airflow/.local/lib/python3.12/site-packages/airflow/example_dags/example_dag_decorator.py took 0.886 seconds
[2025-02-24T03:59:11.551+0000] {processor.py:161} INFO - Started process (PID=599) to work on /home/airflow/.local/lib/python3.12/site-packages/airflow/example_dags/example_dag_decorator.py
[2025-02-24T03:59:11.553+0000] {processor.py:830} INFO - Processing file /home/airflow/.local/lib/python3.12/site-packages/airflow/example_dags/example_dag_decorator.py for tasks to queue
[2025-02-24T03:59:11.556+0000] {logging_mixin.py:188} INFO - [2025-02-24T03:59:11.555+0000] {dagbag.py:540} INFO - Filling up the DagBag from /home/airflow/.local/lib/python3.12/site-packages/airflow/example_dags/example_dag_decorator.py
[2025-02-24T03:59:11.687+0000] {processor.py:840} INFO - DAG(s) 'example_dag_decorator' retrieved from /home/airflow/.local/lib/python3.12/site-packages/airflow/example_dags/example_dag_decorator.py
[2025-02-24T03:59:12.005+0000] {logging_mixin.py:188} INFO - [2025-02-24T03:59:12.005+0000] {dag.py:3096} INFO - Sync 1 DAGs
[2025-02-24T03:59:12.016+0000] {logging_mixin.py:188} INFO - [2025-02-24T03:59:12.016+0000] {dag.py:3954} INFO - Setting next_dagrun for example_dag_decorator to None, run_after=None
[2025-02-24T03:59:12.050+0000] {processor.py:183} INFO - Processing /home/airflow/.local/lib/python3.12/site-packages/airflow/example_dags/example_dag_decorator.py took 0.506 seconds
[2025-02-24T03:59:42.872+0000] {processor.py:161} INFO - Started process (PID=658) to work on /home/airflow/.local/lib/python3.12/site-packages/airflow/example_dags/example_dag_decorator.py
[2025-02-24T03:59:42.873+0000] {processor.py:830} INFO - Processing file /home/airflow/.local/lib/python3.12/site-packages/airflow/example_dags/example_dag_decorator.py for tasks to queue
[2025-02-24T03:59:42.876+0000] {logging_mixin.py:188} INFO - [2025-02-24T03:59:42.875+0000] {dagbag.py:540} INFO - Filling up the DagBag from /home/airflow/.local/lib/python3.12/site-packages/airflow/example_dags/example_dag_decorator.py
[2025-02-24T03:59:43.144+0000] {processor.py:840} INFO - DAG(s) 'example_dag_decorator' retrieved from /home/airflow/.local/lib/python3.12/site-packages/airflow/example_dags/example_dag_decorator.py
[2025-02-24T03:59:43.174+0000] {logging_mixin.py:188} INFO - [2025-02-24T03:59:43.174+0000] {dag.py:3096} INFO - Sync 1 DAGs
[2025-02-24T03:59:43.190+0000] {logging_mixin.py:188} INFO - [2025-02-24T03:59:43.190+0000] {dag.py:3954} INFO - Setting next_dagrun for example_dag_decorator to None, run_after=None
[2025-02-24T03:59:43.379+0000] {processor.py:183} INFO - Processing /home/airflow/.local/lib/python3.12/site-packages/airflow/example_dags/example_dag_decorator.py took 0.515 seconds
[2025-02-24T04:00:13.461+0000] {processor.py:161} INFO - Started process (PID=720) to work on /home/airflow/.local/lib/python3.12/site-packages/airflow/example_dags/example_dag_decorator.py
[2025-02-24T04:00:13.462+0000] {processor.py:830} INFO - Processing file /home/airflow/.local/lib/python3.12/site-packages/airflow/example_dags/example_dag_decorator.py for tasks to queue
[2025-02-24T04:00:13.465+0000] {logging_mixin.py:188} INFO - [2025-02-24T04:00:13.465+0000] {dagbag.py:540} INFO - Filling up the DagBag from /home/airflow/.local/lib/python3.12/site-packages/airflow/example_dags/example_dag_decorator.py
[2025-02-24T04:00:13.578+0000] {processor.py:840} INFO - DAG(s) 'example_dag_decorator' retrieved from /home/airflow/.local/lib/python3.12/site-packages/airflow/example_dags/example_dag_decorator.py
[2025-02-24T04:00:13.782+0000] {logging_mixin.py:188} INFO - [2025-02-24T04:00:13.782+0000] {dag.py:3096} INFO - Sync 1 DAGs
[2025-02-24T04:00:13.797+0000] {logging_mixin.py:188} INFO - [2025-02-24T04:00:13.796+0000] {dag.py:3954} INFO - Setting next_dagrun for example_dag_decorator to None, run_after=None
[2025-02-24T04:00:13.818+0000] {processor.py:183} INFO - Processing /home/airflow/.local/lib/python3.12/site-packages/airflow/example_dags/example_dag_decorator.py took 0.365 seconds
[2025-02-24T04:00:44.608+0000] {processor.py:161} INFO - Started process (PID=780) to work on /home/airflow/.local/lib/python3.12/site-packages/airflow/example_dags/example_dag_decorator.py
[2025-02-24T04:00:44.610+0000] {processor.py:830} INFO - Processing file /home/airflow/.local/lib/python3.12/site-packages/airflow/example_dags/example_dag_decorator.py for tasks to queue
[2025-02-24T04:00:44.613+0000] {logging_mixin.py:188} INFO - [2025-02-24T04:00:44.612+0000] {dagbag.py:540} INFO - Filling up the DagBag from /home/airflow/.local/lib/python3.12/site-packages/airflow/example_dags/example_dag_decorator.py
[2025-02-24T04:00:44.750+0000] {processor.py:840} INFO - DAG(s) 'example_dag_decorator' retrieved from /home/airflow/.local/lib/python3.12/site-packages/airflow/example_dags/example_dag_decorator.py
[2025-02-24T04:00:44.789+0000] {logging_mixin.py:188} INFO - [2025-02-24T04:00:44.789+0000] {dag.py:3096} INFO - Sync 1 DAGs
[2025-02-24T04:00:44.989+0000] {logging_mixin.py:188} INFO - [2025-02-24T04:00:44.989+0000] {dag.py:3954} INFO - Setting next_dagrun for example_dag_decorator to None, run_after=None
[2025-02-24T04:00:45.011+0000] {processor.py:183} INFO - Processing /home/airflow/.local/lib/python3.12/site-packages/airflow/example_dags/example_dag_decorator.py took 0.411 seconds
[2025-02-24T04:01:15.117+0000] {processor.py:161} INFO - Started process (PID=842) to work on /home/airflow/.local/lib/python3.12/site-packages/airflow/example_dags/example_dag_decorator.py
[2025-02-24T04:01:15.119+0000] {processor.py:830} INFO - Processing file /home/airflow/.local/lib/python3.12/site-packages/airflow/example_dags/example_dag_decorator.py for tasks to queue
[2025-02-24T04:01:15.121+0000] {logging_mixin.py:188} INFO - [2025-02-24T04:01:15.121+0000] {dagbag.py:540} INFO - Filling up the DagBag from /home/airflow/.local/lib/python3.12/site-packages/airflow/example_dags/example_dag_decorator.py
[2025-02-24T04:01:15.261+0000] {processor.py:840} INFO - DAG(s) 'example_dag_decorator' retrieved from /home/airflow/.local/lib/python3.12/site-packages/airflow/example_dags/example_dag_decorator.py
[2025-02-24T04:01:15.659+0000] {logging_mixin.py:188} INFO - [2025-02-24T04:01:15.658+0000] {dag.py:3096} INFO - Sync 1 DAGs
[2025-02-24T04:01:15.670+0000] {logging_mixin.py:188} INFO - [2025-02-24T04:01:15.670+0000] {dag.py:3954} INFO - Setting next_dagrun for example_dag_decorator to None, run_after=None
[2025-02-24T04:01:15.693+0000] {processor.py:183} INFO - Processing /home/airflow/.local/lib/python3.12/site-packages/airflow/example_dags/example_dag_decorator.py took 0.582 seconds
[2025-02-24T04:01:45.735+0000] {processor.py:161} INFO - Started process (PID=905) to work on /home/airflow/.local/lib/python3.12/site-packages/airflow/example_dags/example_dag_decorator.py
[2025-02-24T04:01:45.737+0000] {processor.py:830} INFO - Processing file /home/airflow/.local/lib/python3.12/site-packages/airflow/example_dags/example_dag_decorator.py for tasks to queue
[2025-02-24T04:01:45.740+0000] {logging_mixin.py:188} INFO - [2025-02-24T04:01:45.740+0000] {dagbag.py:540} INFO - Filling up the DagBag from /home/airflow/.local/lib/python3.12/site-packages/airflow/example_dags/example_dag_decorator.py
[2025-02-24T04:01:45.864+0000] {processor.py:840} INFO - DAG(s) 'example_dag_decorator' retrieved from /home/airflow/.local/lib/python3.12/site-packages/airflow/example_dags/example_dag_decorator.py
[2025-02-24T04:01:46.182+0000] {logging_mixin.py:188} INFO - [2025-02-24T04:01:46.182+0000] {dag.py:3096} INFO - Sync 1 DAGs
[2025-02-24T04:01:46.195+0000] {logging_mixin.py:188} INFO - [2025-02-24T04:01:46.195+0000] {dag.py:3954} INFO - Setting next_dagrun for example_dag_decorator to None, run_after=None
[2025-02-24T04:01:46.220+0000] {processor.py:183} INFO - Processing /home/airflow/.local/lib/python3.12/site-packages/airflow/example_dags/example_dag_decorator.py took 0.493 seconds
[2025-02-24T04:02:17.077+0000] {processor.py:161} INFO - Started process (PID=965) to work on /home/airflow/.local/lib/python3.12/site-packages/airflow/example_dags/example_dag_decorator.py
[2025-02-24T04:02:17.078+0000] {processor.py:830} INFO - Processing file /home/airflow/.local/lib/python3.12/site-packages/airflow/example_dags/example_dag_decorator.py for tasks to queue
[2025-02-24T04:02:17.080+0000] {logging_mixin.py:188} INFO - [2025-02-24T04:02:17.080+0000] {dagbag.py:540} INFO - Filling up the DagBag from /home/airflow/.local/lib/python3.12/site-packages/airflow/example_dags/example_dag_decorator.py
[2025-02-24T04:02:17.412+0000] {processor.py:840} INFO - DAG(s) 'example_dag_decorator' retrieved from /home/airflow/.local/lib/python3.12/site-packages/airflow/example_dags/example_dag_decorator.py
[2025-02-24T04:02:17.522+0000] {logging_mixin.py:188} INFO - [2025-02-24T04:02:17.522+0000] {dag.py:3096} INFO - Sync 1 DAGs
[2025-02-24T04:02:17.534+0000] {logging_mixin.py:188} INFO - [2025-02-24T04:02:17.533+0000] {dag.py:3954} INFO - Setting next_dagrun for example_dag_decorator to None, run_after=None
[2025-02-24T04:02:17.554+0000] {processor.py:183} INFO - Processing /home/airflow/.local/lib/python3.12/site-packages/airflow/example_dags/example_dag_decorator.py took 0.483 seconds
[2025-02-24T04:02:47.632+0000] {processor.py:161} INFO - Started process (PID=1028) to work on /home/airflow/.local/lib/python3.12/site-packages/airflow/example_dags/example_dag_decorator.py
[2025-02-24T04:02:47.633+0000] {processor.py:830} INFO - Processing file /home/airflow/.local/lib/python3.12/site-packages/airflow/example_dags/example_dag_decorator.py for tasks to queue
[2025-02-24T04:02:47.636+0000] {logging_mixin.py:188} INFO - [2025-02-24T04:02:47.635+0000] {dagbag.py:540} INFO - Filling up the DagBag from /home/airflow/.local/lib/python3.12/site-packages/airflow/example_dags/example_dag_decorator.py
[2025-02-24T04:02:47.926+0000] {processor.py:840} INFO - DAG(s) 'example_dag_decorator' retrieved from /home/airflow/.local/lib/python3.12/site-packages/airflow/example_dags/example_dag_decorator.py
[2025-02-24T04:02:48.052+0000] {logging_mixin.py:188} INFO - [2025-02-24T04:02:48.052+0000] {dag.py:3096} INFO - Sync 1 DAGs
[2025-02-24T04:02:48.064+0000] {logging_mixin.py:188} INFO - [2025-02-24T04:02:48.064+0000] {dag.py:3954} INFO - Setting next_dagrun for example_dag_decorator to None, run_after=None
[2025-02-24T04:02:48.088+0000] {processor.py:183} INFO - Processing /home/airflow/.local/lib/python3.12/site-packages/airflow/example_dags/example_dag_decorator.py took 0.463 seconds
[2025-02-24T04:03:18.908+0000] {processor.py:161} INFO - Started process (PID=1094) to work on /home/airflow/.local/lib/python3.12/site-packages/airflow/example_dags/example_dag_decorator.py
[2025-02-24T04:03:18.910+0000] {processor.py:830} INFO - Processing file /home/airflow/.local/lib/python3.12/site-packages/airflow/example_dags/example_dag_decorator.py for tasks to queue
[2025-02-24T04:03:18.912+0000] {logging_mixin.py:188} INFO - [2025-02-24T04:03:18.912+0000] {dagbag.py:540} INFO - Filling up the DagBag from /home/airflow/.local/lib/python3.12/site-packages/airflow/example_dags/example_dag_decorator.py
[2025-02-24T04:03:19.042+0000] {processor.py:840} INFO - DAG(s) 'example_dag_decorator' retrieved from /home/airflow/.local/lib/python3.12/site-packages/airflow/example_dags/example_dag_decorator.py
[2025-02-24T04:03:19.330+0000] {logging_mixin.py:188} INFO - [2025-02-24T04:03:19.330+0000] {dag.py:3096} INFO - Sync 1 DAGs
[2025-02-24T04:03:19.342+0000] {logging_mixin.py:188} INFO - [2025-02-24T04:03:19.341+0000] {dag.py:3954} INFO - Setting next_dagrun for example_dag_decorator to None, run_after=None
[2025-02-24T04:03:19.364+0000] {processor.py:183} INFO - Processing /home/airflow/.local/lib/python3.12/site-packages/airflow/example_dags/example_dag_decorator.py took 0.466 seconds
[2025-02-24T04:03:50.124+0000] {processor.py:161} INFO - Started process (PID=1162) to work on /home/airflow/.local/lib/python3.12/site-packages/airflow/example_dags/example_dag_decorator.py
[2025-02-24T04:03:50.125+0000] {processor.py:830} INFO - Processing file /home/airflow/.local/lib/python3.12/site-packages/airflow/example_dags/example_dag_decorator.py for tasks to queue
[2025-02-24T04:03:50.127+0000] {logging_mixin.py:188} INFO - [2025-02-24T04:03:50.127+0000] {dagbag.py:540} INFO - Filling up the DagBag from /home/airflow/.local/lib/python3.12/site-packages/airflow/example_dags/example_dag_decorator.py
[2025-02-24T04:03:50.224+0000] {processor.py:840} INFO - DAG(s) 'example_dag_decorator' retrieved from /home/airflow/.local/lib/python3.12/site-packages/airflow/example_dags/example_dag_decorator.py
[2025-02-24T04:03:50.515+0000] {logging_mixin.py:188} INFO - [2025-02-24T04:03:50.515+0000] {dag.py:3096} INFO - Sync 1 DAGs
[2025-02-24T04:03:50.525+0000] {logging_mixin.py:188} INFO - [2025-02-24T04:03:50.525+0000] {dag.py:3954} INFO - Setting next_dagrun for example_dag_decorator to None, run_after=None
[2025-02-24T04:03:50.544+0000] {processor.py:183} INFO - Processing /home/airflow/.local/lib/python3.12/site-packages/airflow/example_dags/example_dag_decorator.py took 0.427 seconds
[2025-02-24T04:04:21.040+0000] {processor.py:161} INFO - Started process (PID=1222) to work on /home/airflow/.local/lib/python3.12/site-packages/airflow/example_dags/example_dag_decorator.py
[2025-02-24T04:04:21.042+0000] {processor.py:830} INFO - Processing file /home/airflow/.local/lib/python3.12/site-packages/airflow/example_dags/example_dag_decorator.py for tasks to queue
[2025-02-24T04:04:21.045+0000] {logging_mixin.py:188} INFO - [2025-02-24T04:04:21.045+0000] {dagbag.py:540} INFO - Filling up the DagBag from /home/airflow/.local/lib/python3.12/site-packages/airflow/example_dags/example_dag_decorator.py
[2025-02-24T04:04:21.333+0000] {processor.py:840} INFO - DAG(s) 'example_dag_decorator' retrieved from /home/airflow/.local/lib/python3.12/site-packages/airflow/example_dags/example_dag_decorator.py
[2025-02-24T04:04:21.461+0000] {logging_mixin.py:188} INFO - [2025-02-24T04:04:21.461+0000] {dag.py:3096} INFO - Sync 1 DAGs
[2025-02-24T04:04:21.474+0000] {logging_mixin.py:188} INFO - [2025-02-24T04:04:21.474+0000] {dag.py:3954} INFO - Setting next_dagrun for example_dag_decorator to None, run_after=None
[2025-02-24T04:04:21.504+0000] {processor.py:183} INFO - Processing /home/airflow/.local/lib/python3.12/site-packages/airflow/example_dags/example_dag_decorator.py took 0.472 seconds
[2025-02-24T04:04:51.637+0000] {processor.py:161} INFO - Started process (PID=1282) to work on /home/airflow/.local/lib/python3.12/site-packages/airflow/example_dags/example_dag_decorator.py
[2025-02-24T04:04:51.638+0000] {processor.py:830} INFO - Processing file /home/airflow/.local/lib/python3.12/site-packages/airflow/example_dags/example_dag_decorator.py for tasks to queue
[2025-02-24T04:04:51.641+0000] {logging_mixin.py:188} INFO - [2025-02-24T04:04:51.640+0000] {dagbag.py:540} INFO - Filling up the DagBag from /home/airflow/.local/lib/python3.12/site-packages/airflow/example_dags/example_dag_decorator.py
[2025-02-24T04:04:51.956+0000] {processor.py:840} INFO - DAG(s) 'example_dag_decorator' retrieved from /home/airflow/.local/lib/python3.12/site-packages/airflow/example_dags/example_dag_decorator.py
[2025-02-24T04:04:52.116+0000] {logging_mixin.py:188} INFO - [2025-02-24T04:04:52.116+0000] {dag.py:3096} INFO - Sync 1 DAGs
[2025-02-24T04:04:52.150+0000] {logging_mixin.py:188} INFO - [2025-02-24T04:04:52.150+0000] {dag.py:3954} INFO - Setting next_dagrun for example_dag_decorator to None, run_after=None
[2025-02-24T04:04:52.176+0000] {processor.py:183} INFO - Processing /home/airflow/.local/lib/python3.12/site-packages/airflow/example_dags/example_dag_decorator.py took 0.546 seconds
[2025-02-24T04:05:22.404+0000] {processor.py:161} INFO - Started process (PID=1342) to work on /home/airflow/.local/lib/python3.12/site-packages/airflow/example_dags/example_dag_decorator.py
[2025-02-24T04:05:22.407+0000] {processor.py:830} INFO - Processing file /home/airflow/.local/lib/python3.12/site-packages/airflow/example_dags/example_dag_decorator.py for tasks to queue
[2025-02-24T04:05:22.409+0000] {logging_mixin.py:188} INFO - [2025-02-24T04:05:22.409+0000] {dagbag.py:540} INFO - Filling up the DagBag from /home/airflow/.local/lib/python3.12/site-packages/airflow/example_dags/example_dag_decorator.py
[2025-02-24T04:05:22.561+0000] {processor.py:840} INFO - DAG(s) 'example_dag_decorator' retrieved from /home/airflow/.local/lib/python3.12/site-packages/airflow/example_dags/example_dag_decorator.py
[2025-02-24T04:05:22.730+0000] {logging_mixin.py:188} INFO - [2025-02-24T04:05:22.729+0000] {dag.py:3096} INFO - Sync 1 DAGs
[2025-02-24T04:05:22.744+0000] {logging_mixin.py:188} INFO - [2025-02-24T04:05:22.744+0000] {dag.py:3954} INFO - Setting next_dagrun for example_dag_decorator to None, run_after=None
[2025-02-24T04:05:22.768+0000] {processor.py:183} INFO - Processing /home/airflow/.local/lib/python3.12/site-packages/airflow/example_dags/example_dag_decorator.py took 0.371 seconds
[2025-02-24T04:05:53.235+0000] {processor.py:161} INFO - Started process (PID=1402) to work on /home/airflow/.local/lib/python3.12/site-packages/airflow/example_dags/example_dag_decorator.py
[2025-02-24T04:05:53.237+0000] {processor.py:830} INFO - Processing file /home/airflow/.local/lib/python3.12/site-packages/airflow/example_dags/example_dag_decorator.py for tasks to queue
[2025-02-24T04:05:53.240+0000] {logging_mixin.py:188} INFO - [2025-02-24T04:05:53.239+0000] {dagbag.py:540} INFO - Filling up the DagBag from /home/airflow/.local/lib/python3.12/site-packages/airflow/example_dags/example_dag_decorator.py
[2025-02-24T04:05:53.368+0000] {processor.py:840} INFO - DAG(s) 'example_dag_decorator' retrieved from /home/airflow/.local/lib/python3.12/site-packages/airflow/example_dags/example_dag_decorator.py
[2025-02-24T04:05:53.518+0000] {logging_mixin.py:188} INFO - [2025-02-24T04:05:53.518+0000] {dag.py:3096} INFO - Sync 1 DAGs
[2025-02-24T04:05:53.539+0000] {logging_mixin.py:188} INFO - [2025-02-24T04:05:53.538+0000] {dag.py:3954} INFO - Setting next_dagrun for example_dag_decorator to None, run_after=None
[2025-02-24T04:05:53.566+0000] {processor.py:183} INFO - Processing /home/airflow/.local/lib/python3.12/site-packages/airflow/example_dags/example_dag_decorator.py took 0.339 seconds
[2025-02-24T04:06:23.835+0000] {processor.py:161} INFO - Started process (PID=1462) to work on /home/airflow/.local/lib/python3.12/site-packages/airflow/example_dags/example_dag_decorator.py
[2025-02-24T04:06:23.836+0000] {processor.py:830} INFO - Processing file /home/airflow/.local/lib/python3.12/site-packages/airflow/example_dags/example_dag_decorator.py for tasks to queue
[2025-02-24T04:06:23.839+0000] {logging_mixin.py:188} INFO - [2025-02-24T04:06:23.838+0000] {dagbag.py:540} INFO - Filling up the DagBag from /home/airflow/.local/lib/python3.12/site-packages/airflow/example_dags/example_dag_decorator.py
[2025-02-24T04:06:23.942+0000] {processor.py:840} INFO - DAG(s) 'example_dag_decorator' retrieved from /home/airflow/.local/lib/python3.12/site-packages/airflow/example_dags/example_dag_decorator.py
[2025-02-24T04:06:23.970+0000] {logging_mixin.py:188} INFO - [2025-02-24T04:06:23.970+0000] {dag.py:3096} INFO - Sync 1 DAGs
[2025-02-24T04:06:23.987+0000] {logging_mixin.py:188} INFO - [2025-02-24T04:06:23.986+0000] {dag.py:3954} INFO - Setting next_dagrun for example_dag_decorator to None, run_after=None
[2025-02-24T04:06:24.008+0000] {processor.py:183} INFO - Processing /home/airflow/.local/lib/python3.12/site-packages/airflow/example_dags/example_dag_decorator.py took 0.181 seconds
[2025-02-24T04:06:54.529+0000] {processor.py:161} INFO - Started process (PID=1520) to work on /home/airflow/.local/lib/python3.12/site-packages/airflow/example_dags/example_dag_decorator.py
[2025-02-24T04:06:54.531+0000] {processor.py:830} INFO - Processing file /home/airflow/.local/lib/python3.12/site-packages/airflow/example_dags/example_dag_decorator.py for tasks to queue
[2025-02-24T04:06:54.535+0000] {logging_mixin.py:188} INFO - [2025-02-24T04:06:54.534+0000] {dagbag.py:540} INFO - Filling up the DagBag from /home/airflow/.local/lib/python3.12/site-packages/airflow/example_dags/example_dag_decorator.py
[2025-02-24T04:06:54.817+0000] {processor.py:840} INFO - DAG(s) 'example_dag_decorator' retrieved from /home/airflow/.local/lib/python3.12/site-packages/airflow/example_dags/example_dag_decorator.py
[2025-02-24T04:06:55.141+0000] {logging_mixin.py:188} INFO - [2025-02-24T04:06:55.141+0000] {dag.py:3096} INFO - Sync 1 DAGs
[2025-02-24T04:06:55.192+0000] {logging_mixin.py:188} INFO - [2025-02-24T04:06:55.191+0000] {dag.py:3954} INFO - Setting next_dagrun for example_dag_decorator to None, run_after=None
[2025-02-24T04:06:55.251+0000] {processor.py:183} INFO - Processing /home/airflow/.local/lib/python3.12/site-packages/airflow/example_dags/example_dag_decorator.py took 0.735 seconds
[2025-02-24T04:07:25.616+0000] {processor.py:161} INFO - Started process (PID=1580) to work on /home/airflow/.local/lib/python3.12/site-packages/airflow/example_dags/example_dag_decorator.py
[2025-02-24T04:07:25.622+0000] {processor.py:830} INFO - Processing file /home/airflow/.local/lib/python3.12/site-packages/airflow/example_dags/example_dag_decorator.py for tasks to queue
[2025-02-24T04:07:25.625+0000] {logging_mixin.py:188} INFO - [2025-02-24T04:07:25.625+0000] {dagbag.py:540} INFO - Filling up the DagBag from /home/airflow/.local/lib/python3.12/site-packages/airflow/example_dags/example_dag_decorator.py
[2025-02-24T04:07:25.820+0000] {processor.py:840} INFO - DAG(s) 'example_dag_decorator' retrieved from /home/airflow/.local/lib/python3.12/site-packages/airflow/example_dags/example_dag_decorator.py
[2025-02-24T04:07:26.142+0000] {logging_mixin.py:188} INFO - [2025-02-24T04:07:26.141+0000] {dag.py:3096} INFO - Sync 1 DAGs
[2025-02-24T04:07:26.162+0000] {logging_mixin.py:188} INFO - [2025-02-24T04:07:26.162+0000] {dag.py:3954} INFO - Setting next_dagrun for example_dag_decorator to None, run_after=None
[2025-02-24T04:07:26.201+0000] {processor.py:183} INFO - Processing /home/airflow/.local/lib/python3.12/site-packages/airflow/example_dags/example_dag_decorator.py took 0.597 seconds
[2025-02-24T04:07:56.457+0000] {processor.py:161} INFO - Started process (PID=1647) to work on /home/airflow/.local/lib/python3.12/site-packages/airflow/example_dags/example_dag_decorator.py
[2025-02-24T04:07:56.458+0000] {processor.py:830} INFO - Processing file /home/airflow/.local/lib/python3.12/site-packages/airflow/example_dags/example_dag_decorator.py for tasks to queue
[2025-02-24T04:07:56.461+0000] {logging_mixin.py:188} INFO - [2025-02-24T04:07:56.461+0000] {dagbag.py:540} INFO - Filling up the DagBag from /home/airflow/.local/lib/python3.12/site-packages/airflow/example_dags/example_dag_decorator.py
[2025-02-24T04:07:56.571+0000] {processor.py:840} INFO - DAG(s) 'example_dag_decorator' retrieved from /home/airflow/.local/lib/python3.12/site-packages/airflow/example_dags/example_dag_decorator.py
[2025-02-24T04:07:56.692+0000] {logging_mixin.py:188} INFO - [2025-02-24T04:07:56.691+0000] {dag.py:3096} INFO - Sync 1 DAGs
[2025-02-24T04:07:56.703+0000] {logging_mixin.py:188} INFO - [2025-02-24T04:07:56.703+0000] {dag.py:3954} INFO - Setting next_dagrun for example_dag_decorator to None, run_after=None
[2025-02-24T04:07:56.725+0000] {processor.py:183} INFO - Processing /home/airflow/.local/lib/python3.12/site-packages/airflow/example_dags/example_dag_decorator.py took 0.276 seconds
[2025-02-24T04:08:27.079+0000] {processor.py:161} INFO - Started process (PID=1708) to work on /home/airflow/.local/lib/python3.12/site-packages/airflow/example_dags/example_dag_decorator.py
[2025-02-24T04:08:27.081+0000] {processor.py:830} INFO - Processing file /home/airflow/.local/lib/python3.12/site-packages/airflow/example_dags/example_dag_decorator.py for tasks to queue
[2025-02-24T04:08:27.084+0000] {logging_mixin.py:188} INFO - [2025-02-24T04:08:27.083+0000] {dagbag.py:540} INFO - Filling up the DagBag from /home/airflow/.local/lib/python3.12/site-packages/airflow/example_dags/example_dag_decorator.py
[2025-02-24T04:08:27.216+0000] {processor.py:840} INFO - DAG(s) 'example_dag_decorator' retrieved from /home/airflow/.local/lib/python3.12/site-packages/airflow/example_dags/example_dag_decorator.py
[2025-02-24T04:08:27.245+0000] {logging_mixin.py:188} INFO - [2025-02-24T04:08:27.245+0000] {dag.py:3096} INFO - Sync 1 DAGs
[2025-02-24T04:08:27.261+0000] {logging_mixin.py:188} INFO - [2025-02-24T04:08:27.261+0000] {dag.py:3954} INFO - Setting next_dagrun for example_dag_decorator to None, run_after=None
[2025-02-24T04:08:27.282+0000] {processor.py:183} INFO - Processing /home/airflow/.local/lib/python3.12/site-packages/airflow/example_dags/example_dag_decorator.py took 0.212 seconds
[2025-02-24T04:08:57.640+0000] {processor.py:161} INFO - Started process (PID=1767) to work on /home/airflow/.local/lib/python3.12/site-packages/airflow/example_dags/example_dag_decorator.py
[2025-02-24T04:08:57.642+0000] {processor.py:830} INFO - Processing file /home/airflow/.local/lib/python3.12/site-packages/airflow/example_dags/example_dag_decorator.py for tasks to queue
[2025-02-24T04:08:57.646+0000] {logging_mixin.py:188} INFO - [2025-02-24T04:08:57.645+0000] {dagbag.py:540} INFO - Filling up the DagBag from /home/airflow/.local/lib/python3.12/site-packages/airflow/example_dags/example_dag_decorator.py
[2025-02-24T04:08:57.816+0000] {processor.py:840} INFO - DAG(s) 'example_dag_decorator' retrieved from /home/airflow/.local/lib/python3.12/site-packages/airflow/example_dags/example_dag_decorator.py
[2025-02-24T04:08:57.993+0000] {logging_mixin.py:188} INFO - [2025-02-24T04:08:57.993+0000] {dag.py:3096} INFO - Sync 1 DAGs
[2025-02-24T04:08:58.015+0000] {logging_mixin.py:188} INFO - [2025-02-24T04:08:58.015+0000] {dag.py:3954} INFO - Setting next_dagrun for example_dag_decorator to None, run_after=None
[2025-02-24T04:08:58.046+0000] {processor.py:183} INFO - Processing /home/airflow/.local/lib/python3.12/site-packages/airflow/example_dags/example_dag_decorator.py took 0.420 seconds
[2025-02-24T04:09:28.366+0000] {processor.py:161} INFO - Started process (PID=1828) to work on /home/airflow/.local/lib/python3.12/site-packages/airflow/example_dags/example_dag_decorator.py
[2025-02-24T04:09:28.367+0000] {processor.py:830} INFO - Processing file /home/airflow/.local/lib/python3.12/site-packages/airflow/example_dags/example_dag_decorator.py for tasks to queue
[2025-02-24T04:09:28.370+0000] {logging_mixin.py:188} INFO - [2025-02-24T04:09:28.370+0000] {dagbag.py:540} INFO - Filling up the DagBag from /home/airflow/.local/lib/python3.12/site-packages/airflow/example_dags/example_dag_decorator.py
[2025-02-24T04:09:28.508+0000] {processor.py:840} INFO - DAG(s) 'example_dag_decorator' retrieved from /home/airflow/.local/lib/python3.12/site-packages/airflow/example_dags/example_dag_decorator.py
[2025-02-24T04:09:28.662+0000] {logging_mixin.py:188} INFO - [2025-02-24T04:09:28.662+0000] {dag.py:3096} INFO - Sync 1 DAGs
[2025-02-24T04:09:28.677+0000] {logging_mixin.py:188} INFO - [2025-02-24T04:09:28.677+0000] {dag.py:3954} INFO - Setting next_dagrun for example_dag_decorator to None, run_after=None
[2025-02-24T04:09:28.845+0000] {processor.py:183} INFO - Processing /home/airflow/.local/lib/python3.12/site-packages/airflow/example_dags/example_dag_decorator.py took 0.490 seconds
[2025-02-24T04:09:59.009+0000] {processor.py:161} INFO - Started process (PID=1888) to work on /home/airflow/.local/lib/python3.12/site-packages/airflow/example_dags/example_dag_decorator.py
[2025-02-24T04:09:59.010+0000] {processor.py:830} INFO - Processing file /home/airflow/.local/lib/python3.12/site-packages/airflow/example_dags/example_dag_decorator.py for tasks to queue
[2025-02-24T04:09:59.014+0000] {logging_mixin.py:188} INFO - [2025-02-24T04:09:59.013+0000] {dagbag.py:540} INFO - Filling up the DagBag from /home/airflow/.local/lib/python3.12/site-packages/airflow/example_dags/example_dag_decorator.py
[2025-02-24T04:09:59.132+0000] {processor.py:840} INFO - DAG(s) 'example_dag_decorator' retrieved from /home/airflow/.local/lib/python3.12/site-packages/airflow/example_dags/example_dag_decorator.py
[2025-02-24T04:09:59.246+0000] {logging_mixin.py:188} INFO - [2025-02-24T04:09:59.246+0000] {dag.py:3096} INFO - Sync 1 DAGs
[2025-02-24T04:09:59.257+0000] {logging_mixin.py:188} INFO - [2025-02-24T04:09:59.257+0000] {dag.py:3954} INFO - Setting next_dagrun for example_dag_decorator to None, run_after=None
[2025-02-24T04:09:59.280+0000] {processor.py:183} INFO - Processing /home/airflow/.local/lib/python3.12/site-packages/airflow/example_dags/example_dag_decorator.py took 0.278 seconds
[2025-02-24T04:10:29.320+0000] {processor.py:161} INFO - Started process (PID=1949) to work on /home/airflow/.local/lib/python3.12/site-packages/airflow/example_dags/example_dag_decorator.py
[2025-02-24T04:10:29.321+0000] {processor.py:830} INFO - Processing file /home/airflow/.local/lib/python3.12/site-packages/airflow/example_dags/example_dag_decorator.py for tasks to queue
[2025-02-24T04:10:29.323+0000] {logging_mixin.py:188} INFO - [2025-02-24T04:10:29.323+0000] {dagbag.py:540} INFO - Filling up the DagBag from /home/airflow/.local/lib/python3.12/site-packages/airflow/example_dags/example_dag_decorator.py
[2025-02-24T04:10:29.423+0000] {processor.py:840} INFO - DAG(s) 'example_dag_decorator' retrieved from /home/airflow/.local/lib/python3.12/site-packages/airflow/example_dags/example_dag_decorator.py
[2025-02-24T04:10:29.538+0000] {logging_mixin.py:188} INFO - [2025-02-24T04:10:29.537+0000] {dag.py:3096} INFO - Sync 1 DAGs
[2025-02-24T04:10:29.553+0000] {logging_mixin.py:188} INFO - [2025-02-24T04:10:29.552+0000] {dag.py:3954} INFO - Setting next_dagrun for example_dag_decorator to None, run_after=None
[2025-02-24T04:10:29.574+0000] {processor.py:183} INFO - Processing /home/airflow/.local/lib/python3.12/site-packages/airflow/example_dags/example_dag_decorator.py took 0.261 seconds
[2025-02-24T04:11:00.288+0000] {processor.py:161} INFO - Started process (PID=2021) to work on /home/airflow/.local/lib/python3.12/site-packages/airflow/example_dags/example_dag_decorator.py
[2025-02-24T04:11:00.290+0000] {processor.py:830} INFO - Processing file /home/airflow/.local/lib/python3.12/site-packages/airflow/example_dags/example_dag_decorator.py for tasks to queue
[2025-02-24T04:11:00.293+0000] {logging_mixin.py:188} INFO - [2025-02-24T04:11:00.292+0000] {dagbag.py:540} INFO - Filling up the DagBag from /home/airflow/.local/lib/python3.12/site-packages/airflow/example_dags/example_dag_decorator.py
[2025-02-24T04:11:00.409+0000] {processor.py:840} INFO - DAG(s) 'example_dag_decorator' retrieved from /home/airflow/.local/lib/python3.12/site-packages/airflow/example_dags/example_dag_decorator.py
[2025-02-24T04:11:00.562+0000] {logging_mixin.py:188} INFO - [2025-02-24T04:11:00.561+0000] {dag.py:3096} INFO - Sync 1 DAGs
[2025-02-24T04:11:00.580+0000] {logging_mixin.py:188} INFO - [2025-02-24T04:11:00.580+0000] {dag.py:3954} INFO - Setting next_dagrun for example_dag_decorator to None, run_after=None
[2025-02-24T04:11:00.671+0000] {processor.py:183} INFO - Processing /home/airflow/.local/lib/python3.12/site-packages/airflow/example_dags/example_dag_decorator.py took 0.395 seconds
[2025-02-24T04:11:31.459+0000] {processor.py:161} INFO - Started process (PID=2081) to work on /home/airflow/.local/lib/python3.12/site-packages/airflow/example_dags/example_dag_decorator.py
[2025-02-24T04:11:31.460+0000] {processor.py:830} INFO - Processing file /home/airflow/.local/lib/python3.12/site-packages/airflow/example_dags/example_dag_decorator.py for tasks to queue
[2025-02-24T04:11:31.463+0000] {logging_mixin.py:188} INFO - [2025-02-24T04:11:31.462+0000] {dagbag.py:540} INFO - Filling up the DagBag from /home/airflow/.local/lib/python3.12/site-packages/airflow/example_dags/example_dag_decorator.py
[2025-02-24T04:11:31.565+0000] {processor.py:840} INFO - DAG(s) 'example_dag_decorator' retrieved from /home/airflow/.local/lib/python3.12/site-packages/airflow/example_dags/example_dag_decorator.py
[2025-02-24T04:11:31.593+0000] {logging_mixin.py:188} INFO - [2025-02-24T04:11:31.593+0000] {dag.py:3096} INFO - Sync 1 DAGs
[2025-02-24T04:11:31.607+0000] {logging_mixin.py:188} INFO - [2025-02-24T04:11:31.606+0000] {dag.py:3954} INFO - Setting next_dagrun for example_dag_decorator to None, run_after=None
[2025-02-24T04:11:31.629+0000] {processor.py:183} INFO - Processing /home/airflow/.local/lib/python3.12/site-packages/airflow/example_dags/example_dag_decorator.py took 0.178 seconds
[2025-02-24T04:12:01.962+0000] {processor.py:161} INFO - Started process (PID=2148) to work on /home/airflow/.local/lib/python3.12/site-packages/airflow/example_dags/example_dag_decorator.py
[2025-02-24T04:12:01.963+0000] {processor.py:830} INFO - Processing file /home/airflow/.local/lib/python3.12/site-packages/airflow/example_dags/example_dag_decorator.py for tasks to queue
[2025-02-24T04:12:01.966+0000] {logging_mixin.py:188} INFO - [2025-02-24T04:12:01.965+0000] {dagbag.py:540} INFO - Filling up the DagBag from /home/airflow/.local/lib/python3.12/site-packages/airflow/example_dags/example_dag_decorator.py
[2025-02-24T04:12:02.069+0000] {processor.py:840} INFO - DAG(s) 'example_dag_decorator' retrieved from /home/airflow/.local/lib/python3.12/site-packages/airflow/example_dags/example_dag_decorator.py
[2025-02-24T04:12:02.190+0000] {logging_mixin.py:188} INFO - [2025-02-24T04:12:02.189+0000] {dag.py:3096} INFO - Sync 1 DAGs
[2025-02-24T04:12:02.201+0000] {logging_mixin.py:188} INFO - [2025-02-24T04:12:02.201+0000] {dag.py:3954} INFO - Setting next_dagrun for example_dag_decorator to None, run_after=None
[2025-02-24T04:12:02.224+0000] {processor.py:183} INFO - Processing /home/airflow/.local/lib/python3.12/site-packages/airflow/example_dags/example_dag_decorator.py took 0.269 seconds
[2025-02-24T04:12:32.470+0000] {processor.py:161} INFO - Started process (PID=2223) to work on /home/airflow/.local/lib/python3.12/site-packages/airflow/example_dags/example_dag_decorator.py
[2025-02-24T04:12:32.471+0000] {processor.py:830} INFO - Processing file /home/airflow/.local/lib/python3.12/site-packages/airflow/example_dags/example_dag_decorator.py for tasks to queue
[2025-02-24T04:12:32.474+0000] {logging_mixin.py:188} INFO - [2025-02-24T04:12:32.473+0000] {dagbag.py:540} INFO - Filling up the DagBag from /home/airflow/.local/lib/python3.12/site-packages/airflow/example_dags/example_dag_decorator.py
[2025-02-24T04:12:32.586+0000] {processor.py:840} INFO - DAG(s) 'example_dag_decorator' retrieved from /home/airflow/.local/lib/python3.12/site-packages/airflow/example_dags/example_dag_decorator.py
[2025-02-24T04:12:32.716+0000] {logging_mixin.py:188} INFO - [2025-02-24T04:12:32.715+0000] {dag.py:3096} INFO - Sync 1 DAGs
[2025-02-24T04:12:32.728+0000] {logging_mixin.py:188} INFO - [2025-02-24T04:12:32.728+0000] {dag.py:3954} INFO - Setting next_dagrun for example_dag_decorator to None, run_after=None
[2025-02-24T04:12:32.753+0000] {processor.py:183} INFO - Processing /home/airflow/.local/lib/python3.12/site-packages/airflow/example_dags/example_dag_decorator.py took 0.290 seconds
[2025-02-24T04:13:03.129+0000] {processor.py:161} INFO - Started process (PID=2284) to work on /home/airflow/.local/lib/python3.12/site-packages/airflow/example_dags/example_dag_decorator.py
[2025-02-24T04:13:03.130+0000] {processor.py:830} INFO - Processing file /home/airflow/.local/lib/python3.12/site-packages/airflow/example_dags/example_dag_decorator.py for tasks to queue
[2025-02-24T04:13:03.133+0000] {logging_mixin.py:188} INFO - [2025-02-24T04:13:03.132+0000] {dagbag.py:540} INFO - Filling up the DagBag from /home/airflow/.local/lib/python3.12/site-packages/airflow/example_dags/example_dag_decorator.py
[2025-02-24T04:13:03.232+0000] {processor.py:840} INFO - DAG(s) 'example_dag_decorator' retrieved from /home/airflow/.local/lib/python3.12/site-packages/airflow/example_dags/example_dag_decorator.py
[2025-02-24T04:13:03.353+0000] {logging_mixin.py:188} INFO - [2025-02-24T04:13:03.353+0000] {dag.py:3096} INFO - Sync 1 DAGs
[2025-02-24T04:13:03.364+0000] {logging_mixin.py:188} INFO - [2025-02-24T04:13:03.364+0000] {dag.py:3954} INFO - Setting next_dagrun for example_dag_decorator to None, run_after=None
[2025-02-24T04:13:03.384+0000] {processor.py:183} INFO - Processing /home/airflow/.local/lib/python3.12/site-packages/airflow/example_dags/example_dag_decorator.py took 0.262 seconds
[2025-02-24T04:13:33.647+0000] {processor.py:161} INFO - Started process (PID=2344) to work on /home/airflow/.local/lib/python3.12/site-packages/airflow/example_dags/example_dag_decorator.py
[2025-02-24T04:13:33.649+0000] {processor.py:830} INFO - Processing file /home/airflow/.local/lib/python3.12/site-packages/airflow/example_dags/example_dag_decorator.py for tasks to queue
[2025-02-24T04:13:33.651+0000] {logging_mixin.py:188} INFO - [2025-02-24T04:13:33.651+0000] {dagbag.py:540} INFO - Filling up the DagBag from /home/airflow/.local/lib/python3.12/site-packages/airflow/example_dags/example_dag_decorator.py
[2025-02-24T04:13:33.760+0000] {processor.py:840} INFO - DAG(s) 'example_dag_decorator' retrieved from /home/airflow/.local/lib/python3.12/site-packages/airflow/example_dags/example_dag_decorator.py
[2025-02-24T04:13:33.788+0000] {logging_mixin.py:188} INFO - [2025-02-24T04:13:33.788+0000] {dag.py:3096} INFO - Sync 1 DAGs
[2025-02-24T04:13:33.804+0000] {logging_mixin.py:188} INFO - [2025-02-24T04:13:33.803+0000] {dag.py:3954} INFO - Setting next_dagrun for example_dag_decorator to None, run_after=None
[2025-02-24T04:13:33.827+0000] {processor.py:183} INFO - Processing /home/airflow/.local/lib/python3.12/site-packages/airflow/example_dags/example_dag_decorator.py took 0.187 seconds
[2025-02-24T04:14:04.659+0000] {processor.py:161} INFO - Started process (PID=2404) to work on /home/airflow/.local/lib/python3.12/site-packages/airflow/example_dags/example_dag_decorator.py
[2025-02-24T04:14:04.660+0000] {processor.py:830} INFO - Processing file /home/airflow/.local/lib/python3.12/site-packages/airflow/example_dags/example_dag_decorator.py for tasks to queue
[2025-02-24T04:14:04.663+0000] {logging_mixin.py:188} INFO - [2025-02-24T04:14:04.662+0000] {dagbag.py:540} INFO - Filling up the DagBag from /home/airflow/.local/lib/python3.12/site-packages/airflow/example_dags/example_dag_decorator.py
[2025-02-24T04:14:04.771+0000] {processor.py:840} INFO - DAG(s) 'example_dag_decorator' retrieved from /home/airflow/.local/lib/python3.12/site-packages/airflow/example_dags/example_dag_decorator.py
[2025-02-24T04:14:04.891+0000] {logging_mixin.py:188} INFO - [2025-02-24T04:14:04.891+0000] {dag.py:3096} INFO - Sync 1 DAGs
[2025-02-24T04:14:04.903+0000] {logging_mixin.py:188} INFO - [2025-02-24T04:14:04.902+0000] {dag.py:3954} INFO - Setting next_dagrun for example_dag_decorator to None, run_after=None
[2025-02-24T04:14:04.925+0000] {processor.py:183} INFO - Processing /home/airflow/.local/lib/python3.12/site-packages/airflow/example_dags/example_dag_decorator.py took 0.274 seconds
[2025-02-24T04:14:35.518+0000] {processor.py:161} INFO - Started process (PID=2464) to work on /home/airflow/.local/lib/python3.12/site-packages/airflow/example_dags/example_dag_decorator.py
[2025-02-24T04:14:35.519+0000] {processor.py:830} INFO - Processing file /home/airflow/.local/lib/python3.12/site-packages/airflow/example_dags/example_dag_decorator.py for tasks to queue
[2025-02-24T04:14:35.522+0000] {logging_mixin.py:188} INFO - [2025-02-24T04:14:35.521+0000] {dagbag.py:540} INFO - Filling up the DagBag from /home/airflow/.local/lib/python3.12/site-packages/airflow/example_dags/example_dag_decorator.py
[2025-02-24T04:14:35.651+0000] {processor.py:840} INFO - DAG(s) 'example_dag_decorator' retrieved from /home/airflow/.local/lib/python3.12/site-packages/airflow/example_dags/example_dag_decorator.py
[2025-02-24T04:14:35.782+0000] {logging_mixin.py:188} INFO - [2025-02-24T04:14:35.782+0000] {dag.py:3096} INFO - Sync 1 DAGs
[2025-02-24T04:14:35.795+0000] {logging_mixin.py:188} INFO - [2025-02-24T04:14:35.795+0000] {dag.py:3954} INFO - Setting next_dagrun for example_dag_decorator to None, run_after=None
[2025-02-24T04:14:35.819+0000] {processor.py:183} INFO - Processing /home/airflow/.local/lib/python3.12/site-packages/airflow/example_dags/example_dag_decorator.py took 0.309 seconds
[2025-02-24T04:15:06.083+0000] {processor.py:161} INFO - Started process (PID=2524) to work on /home/airflow/.local/lib/python3.12/site-packages/airflow/example_dags/example_dag_decorator.py
[2025-02-24T04:15:06.085+0000] {processor.py:830} INFO - Processing file /home/airflow/.local/lib/python3.12/site-packages/airflow/example_dags/example_dag_decorator.py for tasks to queue
[2025-02-24T04:15:06.087+0000] {logging_mixin.py:188} INFO - [2025-02-24T04:15:06.087+0000] {dagbag.py:540} INFO - Filling up the DagBag from /home/airflow/.local/lib/python3.12/site-packages/airflow/example_dags/example_dag_decorator.py
[2025-02-24T04:15:06.186+0000] {processor.py:840} INFO - DAG(s) 'example_dag_decorator' retrieved from /home/airflow/.local/lib/python3.12/site-packages/airflow/example_dags/example_dag_decorator.py
[2025-02-24T04:15:06.314+0000] {logging_mixin.py:188} INFO - [2025-02-24T04:15:06.314+0000] {dag.py:3096} INFO - Sync 1 DAGs
[2025-02-24T04:15:06.326+0000] {logging_mixin.py:188} INFO - [2025-02-24T04:15:06.325+0000] {dag.py:3954} INFO - Setting next_dagrun for example_dag_decorator to None, run_after=None
[2025-02-24T04:15:06.351+0000] {processor.py:183} INFO - Processing /home/airflow/.local/lib/python3.12/site-packages/airflow/example_dags/example_dag_decorator.py took 0.275 seconds
[2025-02-24T04:15:36.417+0000] {processor.py:161} INFO - Started process (PID=2584) to work on /home/airflow/.local/lib/python3.12/site-packages/airflow/example_dags/example_dag_decorator.py
[2025-02-24T04:15:36.419+0000] {processor.py:830} INFO - Processing file /home/airflow/.local/lib/python3.12/site-packages/airflow/example_dags/example_dag_decorator.py for tasks to queue
[2025-02-24T04:15:36.421+0000] {logging_mixin.py:188} INFO - [2025-02-24T04:15:36.421+0000] {dagbag.py:540} INFO - Filling up the DagBag from /home/airflow/.local/lib/python3.12/site-packages/airflow/example_dags/example_dag_decorator.py
[2025-02-24T04:15:36.544+0000] {processor.py:840} INFO - DAG(s) 'example_dag_decorator' retrieved from /home/airflow/.local/lib/python3.12/site-packages/airflow/example_dags/example_dag_decorator.py
[2025-02-24T04:15:36.684+0000] {logging_mixin.py:188} INFO - [2025-02-24T04:15:36.684+0000] {dag.py:3096} INFO - Sync 1 DAGs
[2025-02-24T04:15:36.700+0000] {logging_mixin.py:188} INFO - [2025-02-24T04:15:36.700+0000] {dag.py:3954} INFO - Setting next_dagrun for example_dag_decorator to None, run_after=None
[2025-02-24T04:15:36.725+0000] {processor.py:183} INFO - Processing /home/airflow/.local/lib/python3.12/site-packages/airflow/example_dags/example_dag_decorator.py took 0.314 seconds
[2025-02-24T04:16:07.333+0000] {processor.py:161} INFO - Started process (PID=2644) to work on /home/airflow/.local/lib/python3.12/site-packages/airflow/example_dags/example_dag_decorator.py
[2025-02-24T04:16:07.334+0000] {processor.py:830} INFO - Processing file /home/airflow/.local/lib/python3.12/site-packages/airflow/example_dags/example_dag_decorator.py for tasks to queue
[2025-02-24T04:16:07.337+0000] {logging_mixin.py:188} INFO - [2025-02-24T04:16:07.336+0000] {dagbag.py:540} INFO - Filling up the DagBag from /home/airflow/.local/lib/python3.12/site-packages/airflow/example_dags/example_dag_decorator.py
[2025-02-24T04:16:07.459+0000] {processor.py:840} INFO - DAG(s) 'example_dag_decorator' retrieved from /home/airflow/.local/lib/python3.12/site-packages/airflow/example_dags/example_dag_decorator.py
[2025-02-24T04:16:07.584+0000] {logging_mixin.py:188} INFO - [2025-02-24T04:16:07.584+0000] {dag.py:3096} INFO - Sync 1 DAGs
[2025-02-24T04:16:07.596+0000] {logging_mixin.py:188} INFO - [2025-02-24T04:16:07.596+0000] {dag.py:3954} INFO - Setting next_dagrun for example_dag_decorator to None, run_after=None
[2025-02-24T04:16:07.620+0000] {processor.py:183} INFO - Processing /home/airflow/.local/lib/python3.12/site-packages/airflow/example_dags/example_dag_decorator.py took 0.294 seconds
[2025-02-24T04:16:37.737+0000] {processor.py:161} INFO - Started process (PID=2703) to work on /home/airflow/.local/lib/python3.12/site-packages/airflow/example_dags/example_dag_decorator.py
[2025-02-24T04:16:37.739+0000] {processor.py:830} INFO - Processing file /home/airflow/.local/lib/python3.12/site-packages/airflow/example_dags/example_dag_decorator.py for tasks to queue
[2025-02-24T04:16:37.742+0000] {logging_mixin.py:188} INFO - [2025-02-24T04:16:37.741+0000] {dagbag.py:540} INFO - Filling up the DagBag from /home/airflow/.local/lib/python3.12/site-packages/airflow/example_dags/example_dag_decorator.py
[2025-02-24T04:16:37.859+0000] {processor.py:840} INFO - DAG(s) 'example_dag_decorator' retrieved from /home/airflow/.local/lib/python3.12/site-packages/airflow/example_dags/example_dag_decorator.py
[2025-02-24T04:16:37.993+0000] {logging_mixin.py:188} INFO - [2025-02-24T04:16:37.993+0000] {dag.py:3096} INFO - Sync 1 DAGs
[2025-02-24T04:16:38.006+0000] {logging_mixin.py:188} INFO - [2025-02-24T04:16:38.006+0000] {dag.py:3954} INFO - Setting next_dagrun for example_dag_decorator to None, run_after=None
[2025-02-24T04:16:38.030+0000] {processor.py:183} INFO - Processing /home/airflow/.local/lib/python3.12/site-packages/airflow/example_dags/example_dag_decorator.py took 0.301 seconds
[2025-02-24T04:17:08.929+0000] {processor.py:161} INFO - Started process (PID=2766) to work on /home/airflow/.local/lib/python3.12/site-packages/airflow/example_dags/example_dag_decorator.py
[2025-02-24T04:17:08.932+0000] {processor.py:830} INFO - Processing file /home/airflow/.local/lib/python3.12/site-packages/airflow/example_dags/example_dag_decorator.py for tasks to queue
[2025-02-24T04:17:08.936+0000] {logging_mixin.py:188} INFO - [2025-02-24T04:17:08.935+0000] {dagbag.py:540} INFO - Filling up the DagBag from /home/airflow/.local/lib/python3.12/site-packages/airflow/example_dags/example_dag_decorator.py
[2025-02-24T04:17:09.249+0000] {processor.py:840} INFO - DAG(s) 'example_dag_decorator' retrieved from /home/airflow/.local/lib/python3.12/site-packages/airflow/example_dags/example_dag_decorator.py
[2025-02-24T04:17:09.506+0000] {logging_mixin.py:188} INFO - [2025-02-24T04:17:09.505+0000] {dag.py:3096} INFO - Sync 1 DAGs
[2025-02-24T04:17:09.519+0000] {logging_mixin.py:188} INFO - [2025-02-24T04:17:09.519+0000] {dag.py:3954} INFO - Setting next_dagrun for example_dag_decorator to None, run_after=None
[2025-02-24T04:17:09.543+0000] {processor.py:183} INFO - Processing /home/airflow/.local/lib/python3.12/site-packages/airflow/example_dags/example_dag_decorator.py took 0.630 seconds
[2025-02-24T04:17:40.192+0000] {processor.py:161} INFO - Started process (PID=2831) to work on /home/airflow/.local/lib/python3.12/site-packages/airflow/example_dags/example_dag_decorator.py
[2025-02-24T04:17:40.193+0000] {processor.py:830} INFO - Processing file /home/airflow/.local/lib/python3.12/site-packages/airflow/example_dags/example_dag_decorator.py for tasks to queue
[2025-02-24T04:17:40.196+0000] {logging_mixin.py:188} INFO - [2025-02-24T04:17:40.196+0000] {dagbag.py:540} INFO - Filling up the DagBag from /home/airflow/.local/lib/python3.12/site-packages/airflow/example_dags/example_dag_decorator.py
[2025-02-24T04:17:40.309+0000] {processor.py:840} INFO - DAG(s) 'example_dag_decorator' retrieved from /home/airflow/.local/lib/python3.12/site-packages/airflow/example_dags/example_dag_decorator.py
[2025-02-24T04:17:40.345+0000] {logging_mixin.py:188} INFO - [2025-02-24T04:17:40.345+0000] {dag.py:3096} INFO - Sync 1 DAGs
[2025-02-24T04:17:40.362+0000] {logging_mixin.py:188} INFO - [2025-02-24T04:17:40.362+0000] {dag.py:3954} INFO - Setting next_dagrun for example_dag_decorator to None, run_after=None
[2025-02-24T04:17:40.386+0000] {processor.py:183} INFO - Processing /home/airflow/.local/lib/python3.12/site-packages/airflow/example_dags/example_dag_decorator.py took 0.201 seconds
[2025-02-24T04:19:31.456+0000] {processor.py:161} INFO - Started process (PID=2883) to work on /home/airflow/.local/lib/python3.12/site-packages/airflow/example_dags/example_dag_decorator.py
[2025-02-24T04:19:31.458+0000] {processor.py:830} INFO - Processing file /home/airflow/.local/lib/python3.12/site-packages/airflow/example_dags/example_dag_decorator.py for tasks to queue
[2025-02-24T04:19:31.461+0000] {logging_mixin.py:188} INFO - [2025-02-24T04:19:31.460+0000] {dagbag.py:540} INFO - Filling up the DagBag from /home/airflow/.local/lib/python3.12/site-packages/airflow/example_dags/example_dag_decorator.py
[2025-02-24T04:19:31.716+0000] {processor.py:840} INFO - DAG(s) 'example_dag_decorator' retrieved from /home/airflow/.local/lib/python3.12/site-packages/airflow/example_dags/example_dag_decorator.py
[2025-02-24T04:19:32.039+0000] {logging_mixin.py:188} INFO - [2025-02-24T04:19:32.039+0000] {dag.py:3096} INFO - Sync 1 DAGs
[2025-02-24T04:19:32.064+0000] {logging_mixin.py:188} INFO - [2025-02-24T04:19:32.064+0000] {dag.py:3954} INFO - Setting next_dagrun for example_dag_decorator to None, run_after=None
[2025-02-24T04:19:32.107+0000] {processor.py:183} INFO - Processing /home/airflow/.local/lib/python3.12/site-packages/airflow/example_dags/example_dag_decorator.py took 0.662 seconds
[2025-02-24T04:20:05.908+0000] {processor.py:161} INFO - Started process (PID=2945) to work on /home/airflow/.local/lib/python3.12/site-packages/airflow/example_dags/example_dag_decorator.py
[2025-02-24T04:20:05.911+0000] {processor.py:830} INFO - Processing file /home/airflow/.local/lib/python3.12/site-packages/airflow/example_dags/example_dag_decorator.py for tasks to queue
[2025-02-24T04:20:05.913+0000] {logging_mixin.py:188} INFO - [2025-02-24T04:20:05.913+0000] {dagbag.py:540} INFO - Filling up the DagBag from /home/airflow/.local/lib/python3.12/site-packages/airflow/example_dags/example_dag_decorator.py
[2025-02-24T04:20:06.347+0000] {processor.py:840} INFO - DAG(s) 'example_dag_decorator' retrieved from /home/airflow/.local/lib/python3.12/site-packages/airflow/example_dags/example_dag_decorator.py
[2025-02-24T04:20:07.220+0000] {logging_mixin.py:188} INFO - [2025-02-24T04:20:07.219+0000] {dag.py:3096} INFO - Sync 1 DAGs
[2025-02-24T04:20:07.269+0000] {logging_mixin.py:188} INFO - [2025-02-24T04:20:07.269+0000] {dag.py:3954} INFO - Setting next_dagrun for example_dag_decorator to None, run_after=None
[2025-02-24T04:20:07.384+0000] {processor.py:183} INFO - Processing /home/airflow/.local/lib/python3.12/site-packages/airflow/example_dags/example_dag_decorator.py took 1.494 seconds
[2025-02-24T04:21:29.787+0000] {processor.py:161} INFO - Started process (PID=2979) to work on /home/airflow/.local/lib/python3.12/site-packages/airflow/example_dags/example_dag_decorator.py
[2025-02-24T04:21:29.799+0000] {processor.py:830} INFO - Processing file /home/airflow/.local/lib/python3.12/site-packages/airflow/example_dags/example_dag_decorator.py for tasks to queue
[2025-02-24T04:21:29.805+0000] {logging_mixin.py:188} INFO - [2025-02-24T04:21:29.805+0000] {dagbag.py:540} INFO - Filling up the DagBag from /home/airflow/.local/lib/python3.12/site-packages/airflow/example_dags/example_dag_decorator.py
[2025-02-24T04:21:30.962+0000] {processor.py:840} INFO - DAG(s) 'example_dag_decorator' retrieved from /home/airflow/.local/lib/python3.12/site-packages/airflow/example_dags/example_dag_decorator.py
[2025-02-24T04:21:59.901+0000] {logging_mixin.py:188} INFO - [2025-02-24T04:21:59.835+0000] {dag.py:3096} INFO - Sync 1 DAGs
[2025-02-24T04:21:59.992+0000] {logging_mixin.py:188} INFO - [2025-02-24T04:21:59.991+0000] {dag.py:3954} INFO - Setting next_dagrun for example_dag_decorator to None, run_after=None
[2025-02-24T04:22:00.495+0000] {processor.py:183} INFO - Processing /home/airflow/.local/lib/python3.12/site-packages/airflow/example_dags/example_dag_decorator.py took 33.240 seconds
[2025-02-24T04:23:45.508+0000] {processor.py:161} INFO - Started process (PID=3045) to work on /home/airflow/.local/lib/python3.12/site-packages/airflow/example_dags/example_dag_decorator.py
[2025-02-24T04:23:45.510+0000] {processor.py:830} INFO - Processing file /home/airflow/.local/lib/python3.12/site-packages/airflow/example_dags/example_dag_decorator.py for tasks to queue
[2025-02-24T04:23:45.512+0000] {logging_mixin.py:188} INFO - [2025-02-24T04:23:45.511+0000] {dagbag.py:540} INFO - Filling up the DagBag from /home/airflow/.local/lib/python3.12/site-packages/airflow/example_dags/example_dag_decorator.py
[2025-02-24T04:23:47.165+0000] {processor.py:840} INFO - DAG(s) 'example_dag_decorator' retrieved from /home/airflow/.local/lib/python3.12/site-packages/airflow/example_dags/example_dag_decorator.py
[2025-02-24T04:23:50.566+0000] {logging_mixin.py:188} INFO - [2025-02-24T04:23:50.454+0000] {dag.py:3096} INFO - Sync 1 DAGs
[2025-02-24T04:23:51.147+0000] {logging_mixin.py:188} INFO - [2025-02-24T04:23:51.028+0000] {dag.py:3954} INFO - Setting next_dagrun for example_dag_decorator to None, run_after=None
[2025-02-24T04:24:02.465+0000] {processor.py:183} INFO - Processing /home/airflow/.local/lib/python3.12/site-packages/airflow/example_dags/example_dag_decorator.py took 16.929 seconds
[2025-02-24T04:24:37.014+0000] {processor.py:161} INFO - Started process (PID=3112) to work on /home/airflow/.local/lib/python3.12/site-packages/airflow/example_dags/example_dag_decorator.py
[2025-02-24T04:24:37.016+0000] {processor.py:830} INFO - Processing file /home/airflow/.local/lib/python3.12/site-packages/airflow/example_dags/example_dag_decorator.py for tasks to queue
[2025-02-24T04:24:37.017+0000] {logging_mixin.py:188} INFO - [2025-02-24T04:24:37.017+0000] {dagbag.py:540} INFO - Filling up the DagBag from /home/airflow/.local/lib/python3.12/site-packages/airflow/example_dags/example_dag_decorator.py
[2025-02-24T04:24:37.208+0000] {processor.py:840} INFO - DAG(s) 'example_dag_decorator' retrieved from /home/airflow/.local/lib/python3.12/site-packages/airflow/example_dags/example_dag_decorator.py
[2025-02-24T04:24:37.236+0000] {logging_mixin.py:188} INFO - [2025-02-24T04:24:37.235+0000] {dag.py:3096} INFO - Sync 1 DAGs
[2025-02-24T04:24:37.252+0000] {logging_mixin.py:188} INFO - [2025-02-24T04:24:37.252+0000] {dag.py:3954} INFO - Setting next_dagrun for example_dag_decorator to None, run_after=None
[2025-02-24T04:24:37.274+0000] {processor.py:183} INFO - Processing /home/airflow/.local/lib/python3.12/site-packages/airflow/example_dags/example_dag_decorator.py took 0.266 seconds
[2025-02-24T04:25:26.247+0000] {processor.py:161} INFO - Started process (PID=3193) to work on /home/airflow/.local/lib/python3.12/site-packages/airflow/example_dags/example_dag_decorator.py
[2025-02-24T04:25:26.269+0000] {processor.py:830} INFO - Processing file /home/airflow/.local/lib/python3.12/site-packages/airflow/example_dags/example_dag_decorator.py for tasks to queue
[2025-02-24T04:25:26.296+0000] {logging_mixin.py:188} INFO - [2025-02-24T04:25:26.294+0000] {dagbag.py:540} INFO - Filling up the DagBag from /home/airflow/.local/lib/python3.12/site-packages/airflow/example_dags/example_dag_decorator.py
[2025-02-24T04:25:27.201+0000] {processor.py:840} INFO - DAG(s) 'example_dag_decorator' retrieved from /home/airflow/.local/lib/python3.12/site-packages/airflow/example_dags/example_dag_decorator.py
[2025-02-24T04:25:27.308+0000] {logging_mixin.py:188} INFO - [2025-02-24T04:25:27.306+0000] {dag.py:3096} INFO - Sync 1 DAGs
[2025-02-24T04:25:27.382+0000] {logging_mixin.py:188} INFO - [2025-02-24T04:25:27.372+0000] {dag.py:3954} INFO - Setting next_dagrun for example_dag_decorator to None, run_after=None
[2025-02-24T04:25:27.521+0000] {processor.py:183} INFO - Processing /home/airflow/.local/lib/python3.12/site-packages/airflow/example_dags/example_dag_decorator.py took 1.318 seconds
[2025-02-24T04:27:32.071+0000] {processor.py:161} INFO - Started process (PID=3262) to work on /home/airflow/.local/lib/python3.12/site-packages/airflow/example_dags/example_dag_decorator.py
[2025-02-24T04:27:32.073+0000] {processor.py:830} INFO - Processing file /home/airflow/.local/lib/python3.12/site-packages/airflow/example_dags/example_dag_decorator.py for tasks to queue
[2025-02-24T04:27:32.079+0000] {logging_mixin.py:188} INFO - [2025-02-24T04:27:32.075+0000] {dagbag.py:540} INFO - Filling up the DagBag from /home/airflow/.local/lib/python3.12/site-packages/airflow/example_dags/example_dag_decorator.py
[2025-02-24T04:27:32.667+0000] {processor.py:840} INFO - DAG(s) 'example_dag_decorator' retrieved from /home/airflow/.local/lib/python3.12/site-packages/airflow/example_dags/example_dag_decorator.py
[2025-02-24T04:27:32.722+0000] {logging_mixin.py:188} INFO - [2025-02-24T04:27:32.722+0000] {dag.py:3096} INFO - Sync 1 DAGs
[2025-02-24T04:27:32.752+0000] {logging_mixin.py:188} INFO - [2025-02-24T04:27:32.751+0000] {dag.py:3954} INFO - Setting next_dagrun for example_dag_decorator to None, run_after=None
[2025-02-24T04:27:32.793+0000] {processor.py:183} INFO - Processing /home/airflow/.local/lib/python3.12/site-packages/airflow/example_dags/example_dag_decorator.py took 0.760 seconds
[2025-02-24T04:29:01.023+0000] {processor.py:161} INFO - Started process (PID=3335) to work on /home/airflow/.local/lib/python3.12/site-packages/airflow/example_dags/example_dag_decorator.py
[2025-02-24T04:29:01.026+0000] {processor.py:830} INFO - Processing file /home/airflow/.local/lib/python3.12/site-packages/airflow/example_dags/example_dag_decorator.py for tasks to queue
[2025-02-24T04:29:01.028+0000] {logging_mixin.py:188} INFO - [2025-02-24T04:29:01.028+0000] {dagbag.py:540} INFO - Filling up the DagBag from /home/airflow/.local/lib/python3.12/site-packages/airflow/example_dags/example_dag_decorator.py
[2025-02-24T04:29:01.440+0000] {processor.py:840} INFO - DAG(s) 'example_dag_decorator' retrieved from /home/airflow/.local/lib/python3.12/site-packages/airflow/example_dags/example_dag_decorator.py
[2025-02-24T04:29:01.723+0000] {logging_mixin.py:188} INFO - [2025-02-24T04:29:01.722+0000] {dag.py:3096} INFO - Sync 1 DAGs
[2025-02-24T04:29:01.745+0000] {logging_mixin.py:188} INFO - [2025-02-24T04:29:01.745+0000] {dag.py:3954} INFO - Setting next_dagrun for example_dag_decorator to None, run_after=None
[2025-02-24T04:29:01.788+0000] {processor.py:183} INFO - Processing /home/airflow/.local/lib/python3.12/site-packages/airflow/example_dags/example_dag_decorator.py took 0.777 seconds
