[2025-02-24T03:54:17.739+0000] {processor.py:161} INFO - Started process (PID=84) to work on /home/airflow/.local/lib/python3.12/site-packages/airflow/example_dags/example_bash_decorator.py
[2025-02-24T03:54:17.750+0000] {processor.py:830} INFO - Processing file /home/airflow/.local/lib/python3.12/site-packages/airflow/example_dags/example_bash_decorator.py for tasks to queue
[2025-02-24T03:54:17.760+0000] {logging_mixin.py:188} INFO - [2025-02-24T03:54:17.759+0000] {dagbag.py:540} INFO - Filling up the DagBag from /home/airflow/.local/lib/python3.12/site-packages/airflow/example_dags/example_bash_decorator.py
[2025-02-24T03:54:17.861+0000] {processor.py:840} INFO - DAG(s) 'example_bash_decorator' retrieved from /home/airflow/.local/lib/python3.12/site-packages/airflow/example_dags/example_bash_decorator.py
[2025-02-24T03:54:24.880+0000] {logging_mixin.py:188} INFO - [2025-02-24T03:54:24.873+0000] {override.py:1829} INFO - Created Permission View: can read on DAG:example_bash_decorator
[2025-02-24T03:54:25.025+0000] {logging_mixin.py:188} INFO - [2025-02-24T03:54:25.024+0000] {override.py:1829} INFO - Created Permission View: can delete on DAG:example_bash_decorator
[2025-02-24T03:54:25.045+0000] {logging_mixin.py:188} INFO - [2025-02-24T03:54:25.044+0000] {override.py:1829} INFO - Created Permission View: can edit on DAG:example_bash_decorator
[2025-02-24T03:54:25.046+0000] {logging_mixin.py:188} INFO - [2025-02-24T03:54:25.046+0000] {dag.py:3096} INFO - Sync 1 DAGs
[2025-02-24T03:54:25.092+0000] {logging_mixin.py:188} INFO - [2025-02-24T03:54:25.091+0000] {dag.py:3118} INFO - Creating ORM DAG for example_bash_decorator
[2025-02-24T03:54:25.100+0000] {logging_mixin.py:188} INFO - [2025-02-24T03:54:25.099+0000] {dag.py:3954} INFO - Setting next_dagrun for example_bash_decorator to None, run_after=None
[2025-02-24T03:54:22.732+0000] {processor.py:183} INFO - Processing /home/airflow/.local/lib/python3.12/site-packages/airflow/example_dags/example_bash_decorator.py took 7.555 seconds
[2025-02-24T03:54:56.200+0000] {processor.py:161} INFO - Started process (PID=142) to work on /home/airflow/.local/lib/python3.12/site-packages/airflow/example_dags/example_bash_decorator.py
[2025-02-24T03:54:56.202+0000] {processor.py:830} INFO - Processing file /home/airflow/.local/lib/python3.12/site-packages/airflow/example_dags/example_bash_decorator.py for tasks to queue
[2025-02-24T03:54:56.206+0000] {logging_mixin.py:188} INFO - [2025-02-24T03:54:56.205+0000] {dagbag.py:540} INFO - Filling up the DagBag from /home/airflow/.local/lib/python3.12/site-packages/airflow/example_dags/example_bash_decorator.py
[2025-02-24T03:54:56.245+0000] {processor.py:840} INFO - DAG(s) 'example_bash_decorator' retrieved from /home/airflow/.local/lib/python3.12/site-packages/airflow/example_dags/example_bash_decorator.py
[2025-02-24T03:54:56.306+0000] {logging_mixin.py:188} INFO - [2025-02-24T03:54:56.305+0000] {dag.py:3096} INFO - Sync 1 DAGs
[2025-02-24T03:54:56.340+0000] {logging_mixin.py:188} INFO - [2025-02-24T03:54:56.339+0000] {dag.py:3954} INFO - Setting next_dagrun for example_bash_decorator to None, run_after=None
[2025-02-24T03:54:56.395+0000] {processor.py:183} INFO - Processing /home/airflow/.local/lib/python3.12/site-packages/airflow/example_dags/example_bash_decorator.py took 0.203 seconds
[2025-02-24T03:55:26.592+0000] {processor.py:161} INFO - Started process (PID=200) to work on /home/airflow/.local/lib/python3.12/site-packages/airflow/example_dags/example_bash_decorator.py
[2025-02-24T03:55:26.593+0000] {processor.py:830} INFO - Processing file /home/airflow/.local/lib/python3.12/site-packages/airflow/example_dags/example_bash_decorator.py for tasks to queue
[2025-02-24T03:55:26.596+0000] {logging_mixin.py:188} INFO - [2025-02-24T03:55:26.596+0000] {dagbag.py:540} INFO - Filling up the DagBag from /home/airflow/.local/lib/python3.12/site-packages/airflow/example_dags/example_bash_decorator.py
[2025-02-24T03:55:26.613+0000] {processor.py:840} INFO - DAG(s) 'example_bash_decorator' retrieved from /home/airflow/.local/lib/python3.12/site-packages/airflow/example_dags/example_bash_decorator.py
[2025-02-24T03:55:26.644+0000] {logging_mixin.py:188} INFO - [2025-02-24T03:55:26.644+0000] {dag.py:3096} INFO - Sync 1 DAGs
[2025-02-24T03:55:26.665+0000] {logging_mixin.py:188} INFO - [2025-02-24T03:55:26.665+0000] {dag.py:3954} INFO - Setting next_dagrun for example_bash_decorator to None, run_after=None
[2025-02-24T03:55:26.696+0000] {processor.py:183} INFO - Processing /home/airflow/.local/lib/python3.12/site-packages/airflow/example_dags/example_bash_decorator.py took 0.113 seconds
[2025-02-24T03:55:57.882+0000] {processor.py:161} INFO - Started process (PID=253) to work on /home/airflow/.local/lib/python3.12/site-packages/airflow/example_dags/example_bash_decorator.py
[2025-02-24T03:55:57.884+0000] {processor.py:830} INFO - Processing file /home/airflow/.local/lib/python3.12/site-packages/airflow/example_dags/example_bash_decorator.py for tasks to queue
[2025-02-24T03:55:57.887+0000] {logging_mixin.py:188} INFO - [2025-02-24T03:55:57.886+0000] {dagbag.py:540} INFO - Filling up the DagBag from /home/airflow/.local/lib/python3.12/site-packages/airflow/example_dags/example_bash_decorator.py
[2025-02-24T03:55:57.907+0000] {processor.py:840} INFO - DAG(s) 'example_bash_decorator' retrieved from /home/airflow/.local/lib/python3.12/site-packages/airflow/example_dags/example_bash_decorator.py
[2025-02-24T03:55:57.956+0000] {logging_mixin.py:188} INFO - [2025-02-24T03:55:57.956+0000] {dag.py:3096} INFO - Sync 1 DAGs
[2025-02-24T03:55:57.983+0000] {logging_mixin.py:188} INFO - [2025-02-24T03:55:57.983+0000] {dag.py:3954} INFO - Setting next_dagrun for example_bash_decorator to None, run_after=None
[2025-02-24T03:55:58.021+0000] {processor.py:183} INFO - Processing /home/airflow/.local/lib/python3.12/site-packages/airflow/example_dags/example_bash_decorator.py took 0.148 seconds
[2025-02-24T03:56:28.201+0000] {processor.py:161} INFO - Started process (PID=314) to work on /home/airflow/.local/lib/python3.12/site-packages/airflow/example_dags/example_bash_decorator.py
[2025-02-24T03:56:28.202+0000] {processor.py:830} INFO - Processing file /home/airflow/.local/lib/python3.12/site-packages/airflow/example_dags/example_bash_decorator.py for tasks to queue
[2025-02-24T03:56:28.206+0000] {logging_mixin.py:188} INFO - [2025-02-24T03:56:28.206+0000] {dagbag.py:540} INFO - Filling up the DagBag from /home/airflow/.local/lib/python3.12/site-packages/airflow/example_dags/example_bash_decorator.py
[2025-02-24T03:56:28.226+0000] {processor.py:840} INFO - DAG(s) 'example_bash_decorator' retrieved from /home/airflow/.local/lib/python3.12/site-packages/airflow/example_dags/example_bash_decorator.py
[2025-02-24T03:56:28.242+0000] {logging_mixin.py:188} INFO - [2025-02-24T03:56:28.242+0000] {dag.py:3096} INFO - Sync 1 DAGs
[2025-02-24T03:56:28.260+0000] {logging_mixin.py:188} INFO - [2025-02-24T03:56:28.260+0000] {dag.py:3954} INFO - Setting next_dagrun for example_bash_decorator to None, run_after=None
[2025-02-24T03:56:28.284+0000] {processor.py:183} INFO - Processing /home/airflow/.local/lib/python3.12/site-packages/airflow/example_dags/example_bash_decorator.py took 0.091 seconds
[2025-02-24T03:56:58.744+0000] {processor.py:161} INFO - Started process (PID=366) to work on /home/airflow/.local/lib/python3.12/site-packages/airflow/example_dags/example_bash_decorator.py
[2025-02-24T03:56:58.745+0000] {processor.py:830} INFO - Processing file /home/airflow/.local/lib/python3.12/site-packages/airflow/example_dags/example_bash_decorator.py for tasks to queue
[2025-02-24T03:56:58.748+0000] {logging_mixin.py:188} INFO - [2025-02-24T03:56:58.747+0000] {dagbag.py:540} INFO - Filling up the DagBag from /home/airflow/.local/lib/python3.12/site-packages/airflow/example_dags/example_bash_decorator.py
[2025-02-24T03:56:58.763+0000] {processor.py:840} INFO - DAG(s) 'example_bash_decorator' retrieved from /home/airflow/.local/lib/python3.12/site-packages/airflow/example_dags/example_bash_decorator.py
[2025-02-24T03:56:58.889+0000] {logging_mixin.py:188} INFO - [2025-02-24T03:56:58.888+0000] {dag.py:3096} INFO - Sync 1 DAGs
[2025-02-24T03:56:58.901+0000] {logging_mixin.py:188} INFO - [2025-02-24T03:56:58.901+0000] {dag.py:3954} INFO - Setting next_dagrun for example_bash_decorator to None, run_after=None
[2025-02-24T03:56:58.924+0000] {processor.py:183} INFO - Processing /home/airflow/.local/lib/python3.12/site-packages/airflow/example_dags/example_bash_decorator.py took 0.187 seconds
[2025-02-24T03:57:29.350+0000] {processor.py:161} INFO - Started process (PID=426) to work on /home/airflow/.local/lib/python3.12/site-packages/airflow/example_dags/example_bash_decorator.py
[2025-02-24T03:57:29.351+0000] {processor.py:830} INFO - Processing file /home/airflow/.local/lib/python3.12/site-packages/airflow/example_dags/example_bash_decorator.py for tasks to queue
[2025-02-24T03:57:29.353+0000] {logging_mixin.py:188} INFO - [2025-02-24T03:57:29.353+0000] {dagbag.py:540} INFO - Filling up the DagBag from /home/airflow/.local/lib/python3.12/site-packages/airflow/example_dags/example_bash_decorator.py
[2025-02-24T03:57:29.368+0000] {processor.py:840} INFO - DAG(s) 'example_bash_decorator' retrieved from /home/airflow/.local/lib/python3.12/site-packages/airflow/example_dags/example_bash_decorator.py
[2025-02-24T03:57:29.397+0000] {logging_mixin.py:188} INFO - [2025-02-24T03:57:29.396+0000] {dag.py:3096} INFO - Sync 1 DAGs
[2025-02-24T03:57:29.423+0000] {logging_mixin.py:188} INFO - [2025-02-24T03:57:29.423+0000] {dag.py:3954} INFO - Setting next_dagrun for example_bash_decorator to None, run_after=None
[2025-02-24T03:57:29.468+0000] {processor.py:183} INFO - Processing /home/airflow/.local/lib/python3.12/site-packages/airflow/example_dags/example_bash_decorator.py took 0.125 seconds
[2025-02-24T03:57:59.952+0000] {processor.py:161} INFO - Started process (PID=486) to work on /home/airflow/.local/lib/python3.12/site-packages/airflow/example_dags/example_bash_decorator.py
[2025-02-24T03:57:59.953+0000] {processor.py:830} INFO - Processing file /home/airflow/.local/lib/python3.12/site-packages/airflow/example_dags/example_bash_decorator.py for tasks to queue
[2025-02-24T03:57:59.956+0000] {logging_mixin.py:188} INFO - [2025-02-24T03:57:59.955+0000] {dagbag.py:540} INFO - Filling up the DagBag from /home/airflow/.local/lib/python3.12/site-packages/airflow/example_dags/example_bash_decorator.py
[2025-02-24T03:57:59.973+0000] {processor.py:840} INFO - DAG(s) 'example_bash_decorator' retrieved from /home/airflow/.local/lib/python3.12/site-packages/airflow/example_dags/example_bash_decorator.py
[2025-02-24T03:58:00.004+0000] {logging_mixin.py:188} INFO - [2025-02-24T03:58:00.003+0000] {dag.py:3096} INFO - Sync 1 DAGs
[2025-02-24T03:58:00.020+0000] {logging_mixin.py:188} INFO - [2025-02-24T03:58:00.019+0000] {dag.py:3954} INFO - Setting next_dagrun for example_bash_decorator to None, run_after=None
[2025-02-24T03:58:00.043+0000] {processor.py:183} INFO - Processing /home/airflow/.local/lib/python3.12/site-packages/airflow/example_dags/example_bash_decorator.py took 0.098 seconds
[2025-02-24T03:58:40.272+0000] {processor.py:161} INFO - Started process (PID=536) to work on /home/airflow/.local/lib/python3.12/site-packages/airflow/example_dags/example_bash_decorator.py
[2025-02-24T03:58:40.273+0000] {processor.py:830} INFO - Processing file /home/airflow/.local/lib/python3.12/site-packages/airflow/example_dags/example_bash_decorator.py for tasks to queue
[2025-02-24T03:58:40.277+0000] {logging_mixin.py:188} INFO - [2025-02-24T03:58:40.276+0000] {dagbag.py:540} INFO - Filling up the DagBag from /home/airflow/.local/lib/python3.12/site-packages/airflow/example_dags/example_bash_decorator.py
[2025-02-24T03:58:40.301+0000] {processor.py:840} INFO - DAG(s) 'example_bash_decorator' retrieved from /home/airflow/.local/lib/python3.12/site-packages/airflow/example_dags/example_bash_decorator.py
[2025-02-24T03:58:40.347+0000] {logging_mixin.py:188} INFO - [2025-02-24T03:58:40.346+0000] {dag.py:3096} INFO - Sync 1 DAGs
[2025-02-24T03:58:40.370+0000] {logging_mixin.py:188} INFO - [2025-02-24T03:58:40.370+0000] {dag.py:3954} INFO - Setting next_dagrun for example_bash_decorator to None, run_after=None
[2025-02-24T03:58:40.394+0000] {processor.py:183} INFO - Processing /home/airflow/.local/lib/python3.12/site-packages/airflow/example_dags/example_bash_decorator.py took 0.133 seconds
[2025-02-24T03:59:11.256+0000] {processor.py:161} INFO - Started process (PID=594) to work on /home/airflow/.local/lib/python3.12/site-packages/airflow/example_dags/example_bash_decorator.py
[2025-02-24T03:59:11.257+0000] {processor.py:830} INFO - Processing file /home/airflow/.local/lib/python3.12/site-packages/airflow/example_dags/example_bash_decorator.py for tasks to queue
[2025-02-24T03:59:11.259+0000] {logging_mixin.py:188} INFO - [2025-02-24T03:59:11.259+0000] {dagbag.py:540} INFO - Filling up the DagBag from /home/airflow/.local/lib/python3.12/site-packages/airflow/example_dags/example_bash_decorator.py
[2025-02-24T03:59:11.276+0000] {processor.py:840} INFO - DAG(s) 'example_bash_decorator' retrieved from /home/airflow/.local/lib/python3.12/site-packages/airflow/example_dags/example_bash_decorator.py
[2025-02-24T03:59:11.305+0000] {logging_mixin.py:188} INFO - [2025-02-24T03:59:11.305+0000] {dag.py:3096} INFO - Sync 1 DAGs
[2025-02-24T03:59:11.320+0000] {logging_mixin.py:188} INFO - [2025-02-24T03:59:11.320+0000] {dag.py:3954} INFO - Setting next_dagrun for example_bash_decorator to None, run_after=None
[2025-02-24T03:59:11.344+0000] {processor.py:183} INFO - Processing /home/airflow/.local/lib/python3.12/site-packages/airflow/example_dags/example_bash_decorator.py took 0.096 seconds
[2025-02-24T03:59:41.537+0000] {processor.py:161} INFO - Started process (PID=654) to work on /home/airflow/.local/lib/python3.12/site-packages/airflow/example_dags/example_bash_decorator.py
[2025-02-24T03:59:41.538+0000] {processor.py:830} INFO - Processing file /home/airflow/.local/lib/python3.12/site-packages/airflow/example_dags/example_bash_decorator.py for tasks to queue
[2025-02-24T03:59:41.541+0000] {logging_mixin.py:188} INFO - [2025-02-24T03:59:41.541+0000] {dagbag.py:540} INFO - Filling up the DagBag from /home/airflow/.local/lib/python3.12/site-packages/airflow/example_dags/example_bash_decorator.py
[2025-02-24T03:59:41.560+0000] {processor.py:840} INFO - DAG(s) 'example_bash_decorator' retrieved from /home/airflow/.local/lib/python3.12/site-packages/airflow/example_dags/example_bash_decorator.py
[2025-02-24T03:59:41.594+0000] {logging_mixin.py:188} INFO - [2025-02-24T03:59:41.594+0000] {dag.py:3096} INFO - Sync 1 DAGs
[2025-02-24T03:59:41.612+0000] {logging_mixin.py:188} INFO - [2025-02-24T03:59:41.612+0000] {dag.py:3954} INFO - Setting next_dagrun for example_bash_decorator to None, run_after=None
[2025-02-24T03:59:41.640+0000] {processor.py:183} INFO - Processing /home/airflow/.local/lib/python3.12/site-packages/airflow/example_dags/example_bash_decorator.py took 0.111 seconds
[2025-02-24T04:00:12.047+0000] {processor.py:161} INFO - Started process (PID=714) to work on /home/airflow/.local/lib/python3.12/site-packages/airflow/example_dags/example_bash_decorator.py
[2025-02-24T04:00:12.049+0000] {processor.py:830} INFO - Processing file /home/airflow/.local/lib/python3.12/site-packages/airflow/example_dags/example_bash_decorator.py for tasks to queue
[2025-02-24T04:00:12.051+0000] {logging_mixin.py:188} INFO - [2025-02-24T04:00:12.051+0000] {dagbag.py:540} INFO - Filling up the DagBag from /home/airflow/.local/lib/python3.12/site-packages/airflow/example_dags/example_bash_decorator.py
[2025-02-24T04:00:12.068+0000] {processor.py:840} INFO - DAG(s) 'example_bash_decorator' retrieved from /home/airflow/.local/lib/python3.12/site-packages/airflow/example_dags/example_bash_decorator.py
[2025-02-24T04:00:12.098+0000] {logging_mixin.py:188} INFO - [2025-02-24T04:00:12.097+0000] {dag.py:3096} INFO - Sync 1 DAGs
[2025-02-24T04:00:12.113+0000] {logging_mixin.py:188} INFO - [2025-02-24T04:00:12.113+0000] {dag.py:3954} INFO - Setting next_dagrun for example_bash_decorator to None, run_after=None
[2025-02-24T04:00:12.137+0000] {processor.py:183} INFO - Processing /home/airflow/.local/lib/python3.12/site-packages/airflow/example_dags/example_bash_decorator.py took 0.099 seconds
[2025-02-24T04:00:43.025+0000] {processor.py:161} INFO - Started process (PID=774) to work on /home/airflow/.local/lib/python3.12/site-packages/airflow/example_dags/example_bash_decorator.py
[2025-02-24T04:00:43.027+0000] {processor.py:830} INFO - Processing file /home/airflow/.local/lib/python3.12/site-packages/airflow/example_dags/example_bash_decorator.py for tasks to queue
[2025-02-24T04:00:43.030+0000] {logging_mixin.py:188} INFO - [2025-02-24T04:00:43.029+0000] {dagbag.py:540} INFO - Filling up the DagBag from /home/airflow/.local/lib/python3.12/site-packages/airflow/example_dags/example_bash_decorator.py
[2025-02-24T04:00:43.046+0000] {processor.py:840} INFO - DAG(s) 'example_bash_decorator' retrieved from /home/airflow/.local/lib/python3.12/site-packages/airflow/example_dags/example_bash_decorator.py
[2025-02-24T04:00:43.087+0000] {logging_mixin.py:188} INFO - [2025-02-24T04:00:43.087+0000] {dag.py:3096} INFO - Sync 1 DAGs
[2025-02-24T04:00:43.111+0000] {logging_mixin.py:188} INFO - [2025-02-24T04:00:43.110+0000] {dag.py:3954} INFO - Setting next_dagrun for example_bash_decorator to None, run_after=None
[2025-02-24T04:00:43.141+0000] {processor.py:183} INFO - Processing /home/airflow/.local/lib/python3.12/site-packages/airflow/example_dags/example_bash_decorator.py took 0.124 seconds
[2025-02-24T04:01:13.355+0000] {processor.py:161} INFO - Started process (PID=834) to work on /home/airflow/.local/lib/python3.12/site-packages/airflow/example_dags/example_bash_decorator.py
[2025-02-24T04:01:13.356+0000] {processor.py:830} INFO - Processing file /home/airflow/.local/lib/python3.12/site-packages/airflow/example_dags/example_bash_decorator.py for tasks to queue
[2025-02-24T04:01:13.359+0000] {logging_mixin.py:188} INFO - [2025-02-24T04:01:13.358+0000] {dagbag.py:540} INFO - Filling up the DagBag from /home/airflow/.local/lib/python3.12/site-packages/airflow/example_dags/example_bash_decorator.py
[2025-02-24T04:01:13.376+0000] {processor.py:840} INFO - DAG(s) 'example_bash_decorator' retrieved from /home/airflow/.local/lib/python3.12/site-packages/airflow/example_dags/example_bash_decorator.py
[2025-02-24T04:01:13.409+0000] {logging_mixin.py:188} INFO - [2025-02-24T04:01:13.409+0000] {dag.py:3096} INFO - Sync 1 DAGs
[2025-02-24T04:01:13.429+0000] {logging_mixin.py:188} INFO - [2025-02-24T04:01:13.429+0000] {dag.py:3954} INFO - Setting next_dagrun for example_bash_decorator to None, run_after=None
[2025-02-24T04:01:13.457+0000] {processor.py:183} INFO - Processing /home/airflow/.local/lib/python3.12/site-packages/airflow/example_dags/example_bash_decorator.py took 0.109 seconds
[2025-02-24T04:01:43.913+0000] {processor.py:161} INFO - Started process (PID=894) to work on /home/airflow/.local/lib/python3.12/site-packages/airflow/example_dags/example_bash_decorator.py
[2025-02-24T04:01:43.914+0000] {processor.py:830} INFO - Processing file /home/airflow/.local/lib/python3.12/site-packages/airflow/example_dags/example_bash_decorator.py for tasks to queue
[2025-02-24T04:01:43.918+0000] {logging_mixin.py:188} INFO - [2025-02-24T04:01:43.917+0000] {dagbag.py:540} INFO - Filling up the DagBag from /home/airflow/.local/lib/python3.12/site-packages/airflow/example_dags/example_bash_decorator.py
[2025-02-24T04:01:43.937+0000] {processor.py:840} INFO - DAG(s) 'example_bash_decorator' retrieved from /home/airflow/.local/lib/python3.12/site-packages/airflow/example_dags/example_bash_decorator.py
[2025-02-24T04:01:43.969+0000] {logging_mixin.py:188} INFO - [2025-02-24T04:01:43.969+0000] {dag.py:3096} INFO - Sync 1 DAGs
[2025-02-24T04:01:43.987+0000] {logging_mixin.py:188} INFO - [2025-02-24T04:01:43.987+0000] {dag.py:3954} INFO - Setting next_dagrun for example_bash_decorator to None, run_after=None
[2025-02-24T04:01:44.015+0000] {processor.py:183} INFO - Processing /home/airflow/.local/lib/python3.12/site-packages/airflow/example_dags/example_bash_decorator.py took 0.110 seconds
[2025-02-24T04:02:14.238+0000] {processor.py:161} INFO - Started process (PID=954) to work on /home/airflow/.local/lib/python3.12/site-packages/airflow/example_dags/example_bash_decorator.py
[2025-02-24T04:02:14.239+0000] {processor.py:830} INFO - Processing file /home/airflow/.local/lib/python3.12/site-packages/airflow/example_dags/example_bash_decorator.py for tasks to queue
[2025-02-24T04:02:14.242+0000] {logging_mixin.py:188} INFO - [2025-02-24T04:02:14.242+0000] {dagbag.py:540} INFO - Filling up the DagBag from /home/airflow/.local/lib/python3.12/site-packages/airflow/example_dags/example_bash_decorator.py
[2025-02-24T04:02:14.258+0000] {processor.py:840} INFO - DAG(s) 'example_bash_decorator' retrieved from /home/airflow/.local/lib/python3.12/site-packages/airflow/example_dags/example_bash_decorator.py
[2025-02-24T04:02:14.286+0000] {logging_mixin.py:188} INFO - [2025-02-24T04:02:14.285+0000] {dag.py:3096} INFO - Sync 1 DAGs
[2025-02-24T04:02:14.304+0000] {logging_mixin.py:188} INFO - [2025-02-24T04:02:14.304+0000] {dag.py:3954} INFO - Setting next_dagrun for example_bash_decorator to None, run_after=None
[2025-02-24T04:02:14.328+0000] {processor.py:183} INFO - Processing /home/airflow/.local/lib/python3.12/site-packages/airflow/example_dags/example_bash_decorator.py took 0.098 seconds
[2025-02-24T04:02:44.715+0000] {processor.py:161} INFO - Started process (PID=1014) to work on /home/airflow/.local/lib/python3.12/site-packages/airflow/example_dags/example_bash_decorator.py
[2025-02-24T04:02:44.716+0000] {processor.py:830} INFO - Processing file /home/airflow/.local/lib/python3.12/site-packages/airflow/example_dags/example_bash_decorator.py for tasks to queue
[2025-02-24T04:02:44.719+0000] {logging_mixin.py:188} INFO - [2025-02-24T04:02:44.718+0000] {dagbag.py:540} INFO - Filling up the DagBag from /home/airflow/.local/lib/python3.12/site-packages/airflow/example_dags/example_bash_decorator.py
[2025-02-24T04:02:44.735+0000] {processor.py:840} INFO - DAG(s) 'example_bash_decorator' retrieved from /home/airflow/.local/lib/python3.12/site-packages/airflow/example_dags/example_bash_decorator.py
[2025-02-24T04:02:44.766+0000] {logging_mixin.py:188} INFO - [2025-02-24T04:02:44.766+0000] {dag.py:3096} INFO - Sync 1 DAGs
[2025-02-24T04:02:44.782+0000] {logging_mixin.py:188} INFO - [2025-02-24T04:02:44.782+0000] {dag.py:3954} INFO - Setting next_dagrun for example_bash_decorator to None, run_after=None
[2025-02-24T04:02:44.806+0000] {processor.py:183} INFO - Processing /home/airflow/.local/lib/python3.12/site-packages/airflow/example_dags/example_bash_decorator.py took 0.098 seconds
[2025-02-24T04:03:15.419+0000] {processor.py:161} INFO - Started process (PID=1074) to work on /home/airflow/.local/lib/python3.12/site-packages/airflow/example_dags/example_bash_decorator.py
[2025-02-24T04:03:15.421+0000] {processor.py:830} INFO - Processing file /home/airflow/.local/lib/python3.12/site-packages/airflow/example_dags/example_bash_decorator.py for tasks to queue
[2025-02-24T04:03:15.424+0000] {logging_mixin.py:188} INFO - [2025-02-24T04:03:15.423+0000] {dagbag.py:540} INFO - Filling up the DagBag from /home/airflow/.local/lib/python3.12/site-packages/airflow/example_dags/example_bash_decorator.py
[2025-02-24T04:03:15.446+0000] {processor.py:840} INFO - DAG(s) 'example_bash_decorator' retrieved from /home/airflow/.local/lib/python3.12/site-packages/airflow/example_dags/example_bash_decorator.py
[2025-02-24T04:03:15.486+0000] {logging_mixin.py:188} INFO - [2025-02-24T04:03:15.486+0000] {dag.py:3096} INFO - Sync 1 DAGs
[2025-02-24T04:03:15.718+0000] {logging_mixin.py:188} INFO - [2025-02-24T04:03:15.718+0000] {dag.py:3954} INFO - Setting next_dagrun for example_bash_decorator to None, run_after=None
[2025-02-24T04:03:15.743+0000] {processor.py:183} INFO - Processing /home/airflow/.local/lib/python3.12/site-packages/airflow/example_dags/example_bash_decorator.py took 0.331 seconds
[2025-02-24T04:03:46.612+0000] {processor.py:161} INFO - Started process (PID=1140) to work on /home/airflow/.local/lib/python3.12/site-packages/airflow/example_dags/example_bash_decorator.py
[2025-02-24T04:03:46.613+0000] {processor.py:830} INFO - Processing file /home/airflow/.local/lib/python3.12/site-packages/airflow/example_dags/example_bash_decorator.py for tasks to queue
[2025-02-24T04:03:46.616+0000] {logging_mixin.py:188} INFO - [2025-02-24T04:03:46.615+0000] {dagbag.py:540} INFO - Filling up the DagBag from /home/airflow/.local/lib/python3.12/site-packages/airflow/example_dags/example_bash_decorator.py
[2025-02-24T04:03:46.631+0000] {processor.py:840} INFO - DAG(s) 'example_bash_decorator' retrieved from /home/airflow/.local/lib/python3.12/site-packages/airflow/example_dags/example_bash_decorator.py
[2025-02-24T04:03:46.660+0000] {logging_mixin.py:188} INFO - [2025-02-24T04:03:46.660+0000] {dag.py:3096} INFO - Sync 1 DAGs
[2025-02-24T04:03:46.676+0000] {logging_mixin.py:188} INFO - [2025-02-24T04:03:46.675+0000] {dag.py:3954} INFO - Setting next_dagrun for example_bash_decorator to None, run_after=None
[2025-02-24T04:03:46.699+0000] {processor.py:183} INFO - Processing /home/airflow/.local/lib/python3.12/site-packages/airflow/example_dags/example_bash_decorator.py took 0.094 seconds
[2025-02-24T04:04:17.400+0000] {processor.py:161} INFO - Started process (PID=1200) to work on /home/airflow/.local/lib/python3.12/site-packages/airflow/example_dags/example_bash_decorator.py
[2025-02-24T04:04:17.401+0000] {processor.py:830} INFO - Processing file /home/airflow/.local/lib/python3.12/site-packages/airflow/example_dags/example_bash_decorator.py for tasks to queue
[2025-02-24T04:04:17.406+0000] {logging_mixin.py:188} INFO - [2025-02-24T04:04:17.406+0000] {dagbag.py:540} INFO - Filling up the DagBag from /home/airflow/.local/lib/python3.12/site-packages/airflow/example_dags/example_bash_decorator.py
[2025-02-24T04:04:17.427+0000] {processor.py:840} INFO - DAG(s) 'example_bash_decorator' retrieved from /home/airflow/.local/lib/python3.12/site-packages/airflow/example_dags/example_bash_decorator.py
[2025-02-24T04:04:17.461+0000] {logging_mixin.py:188} INFO - [2025-02-24T04:04:17.461+0000] {dag.py:3096} INFO - Sync 1 DAGs
[2025-02-24T04:04:17.487+0000] {logging_mixin.py:188} INFO - [2025-02-24T04:04:17.487+0000] {dag.py:3954} INFO - Setting next_dagrun for example_bash_decorator to None, run_after=None
[2025-02-24T04:04:17.516+0000] {processor.py:183} INFO - Processing /home/airflow/.local/lib/python3.12/site-packages/airflow/example_dags/example_bash_decorator.py took 0.126 seconds
[2025-02-24T04:04:47.790+0000] {processor.py:161} INFO - Started process (PID=1260) to work on /home/airflow/.local/lib/python3.12/site-packages/airflow/example_dags/example_bash_decorator.py
[2025-02-24T04:04:47.791+0000] {processor.py:830} INFO - Processing file /home/airflow/.local/lib/python3.12/site-packages/airflow/example_dags/example_bash_decorator.py for tasks to queue
[2025-02-24T04:04:47.794+0000] {logging_mixin.py:188} INFO - [2025-02-24T04:04:47.794+0000] {dagbag.py:540} INFO - Filling up the DagBag from /home/airflow/.local/lib/python3.12/site-packages/airflow/example_dags/example_bash_decorator.py
[2025-02-24T04:04:47.809+0000] {processor.py:840} INFO - DAG(s) 'example_bash_decorator' retrieved from /home/airflow/.local/lib/python3.12/site-packages/airflow/example_dags/example_bash_decorator.py
[2025-02-24T04:04:47.838+0000] {logging_mixin.py:188} INFO - [2025-02-24T04:04:47.837+0000] {dag.py:3096} INFO - Sync 1 DAGs
[2025-02-24T04:04:47.852+0000] {logging_mixin.py:188} INFO - [2025-02-24T04:04:47.852+0000] {dag.py:3954} INFO - Setting next_dagrun for example_bash_decorator to None, run_after=None
[2025-02-24T04:04:47.874+0000] {processor.py:183} INFO - Processing /home/airflow/.local/lib/python3.12/site-packages/airflow/example_dags/example_bash_decorator.py took 0.091 seconds
[2025-02-24T04:05:18.199+0000] {processor.py:161} INFO - Started process (PID=1321) to work on /home/airflow/.local/lib/python3.12/site-packages/airflow/example_dags/example_bash_decorator.py
[2025-02-24T04:05:18.202+0000] {processor.py:830} INFO - Processing file /home/airflow/.local/lib/python3.12/site-packages/airflow/example_dags/example_bash_decorator.py for tasks to queue
[2025-02-24T04:05:18.205+0000] {logging_mixin.py:188} INFO - [2025-02-24T04:05:18.204+0000] {dagbag.py:540} INFO - Filling up the DagBag from /home/airflow/.local/lib/python3.12/site-packages/airflow/example_dags/example_bash_decorator.py
[2025-02-24T04:05:18.224+0000] {processor.py:840} INFO - DAG(s) 'example_bash_decorator' retrieved from /home/airflow/.local/lib/python3.12/site-packages/airflow/example_dags/example_bash_decorator.py
[2025-02-24T04:05:18.443+0000] {logging_mixin.py:188} INFO - [2025-02-24T04:05:18.443+0000] {dag.py:3096} INFO - Sync 1 DAGs
[2025-02-24T04:05:18.459+0000] {logging_mixin.py:188} INFO - [2025-02-24T04:05:18.459+0000] {dag.py:3954} INFO - Setting next_dagrun for example_bash_decorator to None, run_after=None
[2025-02-24T04:05:18.484+0000] {processor.py:183} INFO - Processing /home/airflow/.local/lib/python3.12/site-packages/airflow/example_dags/example_bash_decorator.py took 0.293 seconds
[2025-02-24T04:05:47.799+0000] {processor.py:161} INFO - Started process (PID=1384) to work on /home/airflow/.local/lib/python3.12/site-packages/airflow/example_dags/example_bash_decorator.py
[2025-02-24T04:05:47.824+0000] {processor.py:830} INFO - Processing file /home/airflow/.local/lib/python3.12/site-packages/airflow/example_dags/example_bash_decorator.py for tasks to queue
[2025-02-24T04:05:47.827+0000] {logging_mixin.py:188} INFO - [2025-02-24T04:05:47.826+0000] {dagbag.py:540} INFO - Filling up the DagBag from /home/airflow/.local/lib/python3.12/site-packages/airflow/example_dags/example_bash_decorator.py
[2025-02-24T04:05:47.843+0000] {processor.py:840} INFO - DAG(s) 'example_bash_decorator' retrieved from /home/airflow/.local/lib/python3.12/site-packages/airflow/example_dags/example_bash_decorator.py
[2025-02-24T04:05:47.881+0000] {logging_mixin.py:188} INFO - [2025-02-24T04:05:47.880+0000] {dag.py:3096} INFO - Sync 1 DAGs
[2025-02-24T04:05:47.896+0000] {logging_mixin.py:188} INFO - [2025-02-24T04:05:47.896+0000] {dag.py:3954} INFO - Setting next_dagrun for example_bash_decorator to None, run_after=None
[2025-02-24T04:05:47.939+0000] {processor.py:183} INFO - Processing /home/airflow/.local/lib/python3.12/site-packages/airflow/example_dags/example_bash_decorator.py took 0.155 seconds
[2025-02-24T04:06:18.867+0000] {processor.py:161} INFO - Started process (PID=1440) to work on /home/airflow/.local/lib/python3.12/site-packages/airflow/example_dags/example_bash_decorator.py
[2025-02-24T04:06:18.869+0000] {processor.py:830} INFO - Processing file /home/airflow/.local/lib/python3.12/site-packages/airflow/example_dags/example_bash_decorator.py for tasks to queue
[2025-02-24T04:06:18.872+0000] {logging_mixin.py:188} INFO - [2025-02-24T04:06:18.872+0000] {dagbag.py:540} INFO - Filling up the DagBag from /home/airflow/.local/lib/python3.12/site-packages/airflow/example_dags/example_bash_decorator.py
[2025-02-24T04:06:18.889+0000] {processor.py:840} INFO - DAG(s) 'example_bash_decorator' retrieved from /home/airflow/.local/lib/python3.12/site-packages/airflow/example_dags/example_bash_decorator.py
[2025-02-24T04:06:18.918+0000] {logging_mixin.py:188} INFO - [2025-02-24T04:06:18.917+0000] {dag.py:3096} INFO - Sync 1 DAGs
[2025-02-24T04:06:18.934+0000] {logging_mixin.py:188} INFO - [2025-02-24T04:06:18.934+0000] {dag.py:3954} INFO - Setting next_dagrun for example_bash_decorator to None, run_after=None
[2025-02-24T04:06:18.957+0000] {processor.py:183} INFO - Processing /home/airflow/.local/lib/python3.12/site-packages/airflow/example_dags/example_bash_decorator.py took 0.098 seconds
[2025-02-24T04:06:49.257+0000] {processor.py:161} INFO - Started process (PID=1500) to work on /home/airflow/.local/lib/python3.12/site-packages/airflow/example_dags/example_bash_decorator.py
[2025-02-24T04:06:49.258+0000] {processor.py:830} INFO - Processing file /home/airflow/.local/lib/python3.12/site-packages/airflow/example_dags/example_bash_decorator.py for tasks to queue
[2025-02-24T04:06:49.261+0000] {logging_mixin.py:188} INFO - [2025-02-24T04:06:49.261+0000] {dagbag.py:540} INFO - Filling up the DagBag from /home/airflow/.local/lib/python3.12/site-packages/airflow/example_dags/example_bash_decorator.py
[2025-02-24T04:06:49.278+0000] {processor.py:840} INFO - DAG(s) 'example_bash_decorator' retrieved from /home/airflow/.local/lib/python3.12/site-packages/airflow/example_dags/example_bash_decorator.py
[2025-02-24T04:06:49.308+0000] {logging_mixin.py:188} INFO - [2025-02-24T04:06:49.307+0000] {dag.py:3096} INFO - Sync 1 DAGs
[2025-02-24T04:06:46.841+0000] {logging_mixin.py:188} INFO - [2025-02-24T04:06:46.841+0000] {dag.py:3954} INFO - Setting next_dagrun for example_bash_decorator to None, run_after=None
[2025-02-24T04:06:46.865+0000] {processor.py:183} INFO - Processing /home/airflow/.local/lib/python3.12/site-packages/airflow/example_dags/example_bash_decorator.py took 0.097 seconds
[2025-02-24T04:07:17.439+0000] {processor.py:161} INFO - Started process (PID=1555) to work on /home/airflow/.local/lib/python3.12/site-packages/airflow/example_dags/example_bash_decorator.py
[2025-02-24T04:07:17.440+0000] {processor.py:830} INFO - Processing file /home/airflow/.local/lib/python3.12/site-packages/airflow/example_dags/example_bash_decorator.py for tasks to queue
[2025-02-24T04:07:17.443+0000] {logging_mixin.py:188} INFO - [2025-02-24T04:07:17.443+0000] {dagbag.py:540} INFO - Filling up the DagBag from /home/airflow/.local/lib/python3.12/site-packages/airflow/example_dags/example_bash_decorator.py
[2025-02-24T04:07:17.458+0000] {processor.py:840} INFO - DAG(s) 'example_bash_decorator' retrieved from /home/airflow/.local/lib/python3.12/site-packages/airflow/example_dags/example_bash_decorator.py
[2025-02-24T04:07:17.488+0000] {logging_mixin.py:188} INFO - [2025-02-24T04:07:17.487+0000] {dag.py:3096} INFO - Sync 1 DAGs
[2025-02-24T04:07:17.508+0000] {logging_mixin.py:188} INFO - [2025-02-24T04:07:17.507+0000] {dag.py:3954} INFO - Setting next_dagrun for example_bash_decorator to None, run_after=None
[2025-02-24T04:07:17.534+0000] {processor.py:183} INFO - Processing /home/airflow/.local/lib/python3.12/site-packages/airflow/example_dags/example_bash_decorator.py took 0.102 seconds
[2025-02-24T04:07:48.257+0000] {processor.py:161} INFO - Started process (PID=1617) to work on /home/airflow/.local/lib/python3.12/site-packages/airflow/example_dags/example_bash_decorator.py
[2025-02-24T04:07:48.259+0000] {processor.py:830} INFO - Processing file /home/airflow/.local/lib/python3.12/site-packages/airflow/example_dags/example_bash_decorator.py for tasks to queue
[2025-02-24T04:07:48.265+0000] {logging_mixin.py:188} INFO - [2025-02-24T04:07:48.264+0000] {dagbag.py:540} INFO - Filling up the DagBag from /home/airflow/.local/lib/python3.12/site-packages/airflow/example_dags/example_bash_decorator.py
[2025-02-24T04:07:48.284+0000] {processor.py:840} INFO - DAG(s) 'example_bash_decorator' retrieved from /home/airflow/.local/lib/python3.12/site-packages/airflow/example_dags/example_bash_decorator.py
[2025-02-24T04:07:48.316+0000] {logging_mixin.py:188} INFO - [2025-02-24T04:07:48.315+0000] {dag.py:3096} INFO - Sync 1 DAGs
[2025-02-24T04:07:48.363+0000] {logging_mixin.py:188} INFO - [2025-02-24T04:07:48.362+0000] {dag.py:3954} INFO - Setting next_dagrun for example_bash_decorator to None, run_after=None
[2025-02-24T04:07:48.462+0000] {processor.py:183} INFO - Processing /home/airflow/.local/lib/python3.12/site-packages/airflow/example_dags/example_bash_decorator.py took 0.213 seconds
[2025-02-24T04:08:18.705+0000] {processor.py:161} INFO - Started process (PID=1678) to work on /home/airflow/.local/lib/python3.12/site-packages/airflow/example_dags/example_bash_decorator.py
[2025-02-24T04:08:18.707+0000] {processor.py:830} INFO - Processing file /home/airflow/.local/lib/python3.12/site-packages/airflow/example_dags/example_bash_decorator.py for tasks to queue
[2025-02-24T04:08:18.710+0000] {logging_mixin.py:188} INFO - [2025-02-24T04:08:18.709+0000] {dagbag.py:540} INFO - Filling up the DagBag from /home/airflow/.local/lib/python3.12/site-packages/airflow/example_dags/example_bash_decorator.py
[2025-02-24T04:08:18.731+0000] {processor.py:840} INFO - DAG(s) 'example_bash_decorator' retrieved from /home/airflow/.local/lib/python3.12/site-packages/airflow/example_dags/example_bash_decorator.py
[2025-02-24T04:08:18.770+0000] {logging_mixin.py:188} INFO - [2025-02-24T04:08:18.770+0000] {dag.py:3096} INFO - Sync 1 DAGs
[2025-02-24T04:08:18.797+0000] {logging_mixin.py:188} INFO - [2025-02-24T04:08:18.797+0000] {dag.py:3954} INFO - Setting next_dagrun for example_bash_decorator to None, run_after=None
[2025-02-24T04:08:18.838+0000] {processor.py:183} INFO - Processing /home/airflow/.local/lib/python3.12/site-packages/airflow/example_dags/example_bash_decorator.py took 0.145 seconds
[2025-02-24T04:08:49.571+0000] {processor.py:161} INFO - Started process (PID=1744) to work on /home/airflow/.local/lib/python3.12/site-packages/airflow/example_dags/example_bash_decorator.py
[2025-02-24T04:08:49.572+0000] {processor.py:830} INFO - Processing file /home/airflow/.local/lib/python3.12/site-packages/airflow/example_dags/example_bash_decorator.py for tasks to queue
[2025-02-24T04:08:49.574+0000] {logging_mixin.py:188} INFO - [2025-02-24T04:08:49.574+0000] {dagbag.py:540} INFO - Filling up the DagBag from /home/airflow/.local/lib/python3.12/site-packages/airflow/example_dags/example_bash_decorator.py
[2025-02-24T04:08:49.590+0000] {processor.py:840} INFO - DAG(s) 'example_bash_decorator' retrieved from /home/airflow/.local/lib/python3.12/site-packages/airflow/example_dags/example_bash_decorator.py
[2025-02-24T04:08:49.621+0000] {logging_mixin.py:188} INFO - [2025-02-24T04:08:49.620+0000] {dag.py:3096} INFO - Sync 1 DAGs
[2025-02-24T04:08:49.637+0000] {logging_mixin.py:188} INFO - [2025-02-24T04:08:49.637+0000] {dag.py:3954} INFO - Setting next_dagrun for example_bash_decorator to None, run_after=None
[2025-02-24T04:08:49.666+0000] {processor.py:183} INFO - Processing /home/airflow/.local/lib/python3.12/site-packages/airflow/example_dags/example_bash_decorator.py took 0.102 seconds
[2025-02-24T04:09:19.832+0000] {processor.py:161} INFO - Started process (PID=1805) to work on /home/airflow/.local/lib/python3.12/site-packages/airflow/example_dags/example_bash_decorator.py
[2025-02-24T04:09:19.833+0000] {processor.py:830} INFO - Processing file /home/airflow/.local/lib/python3.12/site-packages/airflow/example_dags/example_bash_decorator.py for tasks to queue
[2025-02-24T04:09:19.836+0000] {logging_mixin.py:188} INFO - [2025-02-24T04:09:19.836+0000] {dagbag.py:540} INFO - Filling up the DagBag from /home/airflow/.local/lib/python3.12/site-packages/airflow/example_dags/example_bash_decorator.py
[2025-02-24T04:09:19.857+0000] {processor.py:840} INFO - DAG(s) 'example_bash_decorator' retrieved from /home/airflow/.local/lib/python3.12/site-packages/airflow/example_dags/example_bash_decorator.py
[2025-02-24T04:09:19.890+0000] {logging_mixin.py:188} INFO - [2025-02-24T04:09:19.889+0000] {dag.py:3096} INFO - Sync 1 DAGs
[2025-02-24T04:09:19.908+0000] {logging_mixin.py:188} INFO - [2025-02-24T04:09:19.908+0000] {dag.py:3954} INFO - Setting next_dagrun for example_bash_decorator to None, run_after=None
[2025-02-24T04:09:19.933+0000] {processor.py:183} INFO - Processing /home/airflow/.local/lib/python3.12/site-packages/airflow/example_dags/example_bash_decorator.py took 0.111 seconds
[2025-02-24T04:09:50.035+0000] {processor.py:161} INFO - Started process (PID=1865) to work on /home/airflow/.local/lib/python3.12/site-packages/airflow/example_dags/example_bash_decorator.py
[2025-02-24T04:09:50.036+0000] {processor.py:830} INFO - Processing file /home/airflow/.local/lib/python3.12/site-packages/airflow/example_dags/example_bash_decorator.py for tasks to queue
[2025-02-24T04:09:50.039+0000] {logging_mixin.py:188} INFO - [2025-02-24T04:09:50.039+0000] {dagbag.py:540} INFO - Filling up the DagBag from /home/airflow/.local/lib/python3.12/site-packages/airflow/example_dags/example_bash_decorator.py
[2025-02-24T04:09:50.054+0000] {processor.py:840} INFO - DAG(s) 'example_bash_decorator' retrieved from /home/airflow/.local/lib/python3.12/site-packages/airflow/example_dags/example_bash_decorator.py
[2025-02-24T04:09:50.084+0000] {logging_mixin.py:188} INFO - [2025-02-24T04:09:50.083+0000] {dag.py:3096} INFO - Sync 1 DAGs
[2025-02-24T04:09:50.099+0000] {logging_mixin.py:188} INFO - [2025-02-24T04:09:50.098+0000] {dag.py:3954} INFO - Setting next_dagrun for example_bash_decorator to None, run_after=None
[2025-02-24T04:09:50.121+0000] {processor.py:183} INFO - Processing /home/airflow/.local/lib/python3.12/site-packages/airflow/example_dags/example_bash_decorator.py took 0.092 seconds
[2025-02-24T04:10:20.419+0000] {processor.py:161} INFO - Started process (PID=1925) to work on /home/airflow/.local/lib/python3.12/site-packages/airflow/example_dags/example_bash_decorator.py
[2025-02-24T04:10:20.420+0000] {processor.py:830} INFO - Processing file /home/airflow/.local/lib/python3.12/site-packages/airflow/example_dags/example_bash_decorator.py for tasks to queue
[2025-02-24T04:10:20.423+0000] {logging_mixin.py:188} INFO - [2025-02-24T04:10:20.423+0000] {dagbag.py:540} INFO - Filling up the DagBag from /home/airflow/.local/lib/python3.12/site-packages/airflow/example_dags/example_bash_decorator.py
[2025-02-24T04:10:20.439+0000] {processor.py:840} INFO - DAG(s) 'example_bash_decorator' retrieved from /home/airflow/.local/lib/python3.12/site-packages/airflow/example_dags/example_bash_decorator.py
[2025-02-24T04:10:20.468+0000] {logging_mixin.py:188} INFO - [2025-02-24T04:10:20.468+0000] {dag.py:3096} INFO - Sync 1 DAGs
[2025-02-24T04:10:20.489+0000] {logging_mixin.py:188} INFO - [2025-02-24T04:10:20.489+0000] {dag.py:3954} INFO - Setting next_dagrun for example_bash_decorator to None, run_after=None
[2025-02-24T04:10:20.512+0000] {processor.py:183} INFO - Processing /home/airflow/.local/lib/python3.12/site-packages/airflow/example_dags/example_bash_decorator.py took 0.100 seconds
[2025-02-24T04:10:50.941+0000] {processor.py:161} INFO - Started process (PID=1997) to work on /home/airflow/.local/lib/python3.12/site-packages/airflow/example_dags/example_bash_decorator.py
[2025-02-24T04:10:50.942+0000] {processor.py:830} INFO - Processing file /home/airflow/.local/lib/python3.12/site-packages/airflow/example_dags/example_bash_decorator.py for tasks to queue
[2025-02-24T04:10:50.945+0000] {logging_mixin.py:188} INFO - [2025-02-24T04:10:50.944+0000] {dagbag.py:540} INFO - Filling up the DagBag from /home/airflow/.local/lib/python3.12/site-packages/airflow/example_dags/example_bash_decorator.py
[2025-02-24T04:10:50.962+0000] {processor.py:840} INFO - DAG(s) 'example_bash_decorator' retrieved from /home/airflow/.local/lib/python3.12/site-packages/airflow/example_dags/example_bash_decorator.py
[2025-02-24T04:10:50.991+0000] {logging_mixin.py:188} INFO - [2025-02-24T04:10:50.991+0000] {dag.py:3096} INFO - Sync 1 DAGs
[2025-02-24T04:10:51.006+0000] {logging_mixin.py:188} INFO - [2025-02-24T04:10:51.005+0000] {dag.py:3954} INFO - Setting next_dagrun for example_bash_decorator to None, run_after=None
[2025-02-24T04:10:51.030+0000] {processor.py:183} INFO - Processing /home/airflow/.local/lib/python3.12/site-packages/airflow/example_dags/example_bash_decorator.py took 0.096 seconds
[2025-02-24T04:11:21.340+0000] {processor.py:161} INFO - Started process (PID=2057) to work on /home/airflow/.local/lib/python3.12/site-packages/airflow/example_dags/example_bash_decorator.py
[2025-02-24T04:11:21.341+0000] {processor.py:830} INFO - Processing file /home/airflow/.local/lib/python3.12/site-packages/airflow/example_dags/example_bash_decorator.py for tasks to queue
[2025-02-24T04:11:21.344+0000] {logging_mixin.py:188} INFO - [2025-02-24T04:11:21.343+0000] {dagbag.py:540} INFO - Filling up the DagBag from /home/airflow/.local/lib/python3.12/site-packages/airflow/example_dags/example_bash_decorator.py
[2025-02-24T04:11:21.360+0000] {processor.py:840} INFO - DAG(s) 'example_bash_decorator' retrieved from /home/airflow/.local/lib/python3.12/site-packages/airflow/example_dags/example_bash_decorator.py
[2025-02-24T04:11:21.392+0000] {logging_mixin.py:188} INFO - [2025-02-24T04:11:21.392+0000] {dag.py:3096} INFO - Sync 1 DAGs
[2025-02-24T04:11:21.408+0000] {logging_mixin.py:188} INFO - [2025-02-24T04:11:21.408+0000] {dag.py:3954} INFO - Setting next_dagrun for example_bash_decorator to None, run_after=None
[2025-02-24T04:11:21.433+0000] {processor.py:183} INFO - Processing /home/airflow/.local/lib/python3.12/site-packages/airflow/example_dags/example_bash_decorator.py took 0.100 seconds
[2025-02-24T04:11:52.302+0000] {processor.py:161} INFO - Started process (PID=2117) to work on /home/airflow/.local/lib/python3.12/site-packages/airflow/example_dags/example_bash_decorator.py
[2025-02-24T04:11:52.303+0000] {processor.py:830} INFO - Processing file /home/airflow/.local/lib/python3.12/site-packages/airflow/example_dags/example_bash_decorator.py for tasks to queue
[2025-02-24T04:11:52.306+0000] {logging_mixin.py:188} INFO - [2025-02-24T04:11:52.305+0000] {dagbag.py:540} INFO - Filling up the DagBag from /home/airflow/.local/lib/python3.12/site-packages/airflow/example_dags/example_bash_decorator.py
[2025-02-24T04:11:52.323+0000] {processor.py:840} INFO - DAG(s) 'example_bash_decorator' retrieved from /home/airflow/.local/lib/python3.12/site-packages/airflow/example_dags/example_bash_decorator.py
[2025-02-24T04:11:52.352+0000] {logging_mixin.py:188} INFO - [2025-02-24T04:11:52.352+0000] {dag.py:3096} INFO - Sync 1 DAGs
[2025-02-24T04:11:52.367+0000] {logging_mixin.py:188} INFO - [2025-02-24T04:11:52.367+0000] {dag.py:3954} INFO - Setting next_dagrun for example_bash_decorator to None, run_after=None
[2025-02-24T04:11:52.389+0000] {processor.py:183} INFO - Processing /home/airflow/.local/lib/python3.12/site-packages/airflow/example_dags/example_bash_decorator.py took 0.094 seconds
[2025-02-24T04:12:22.518+0000] {processor.py:161} INFO - Started process (PID=2193) to work on /home/airflow/.local/lib/python3.12/site-packages/airflow/example_dags/example_bash_decorator.py
[2025-02-24T04:12:22.521+0000] {processor.py:830} INFO - Processing file /home/airflow/.local/lib/python3.12/site-packages/airflow/example_dags/example_bash_decorator.py for tasks to queue
[2025-02-24T04:12:22.524+0000] {logging_mixin.py:188} INFO - [2025-02-24T04:12:22.523+0000] {dagbag.py:540} INFO - Filling up the DagBag from /home/airflow/.local/lib/python3.12/site-packages/airflow/example_dags/example_bash_decorator.py
[2025-02-24T04:12:22.546+0000] {processor.py:840} INFO - DAG(s) 'example_bash_decorator' retrieved from /home/airflow/.local/lib/python3.12/site-packages/airflow/example_dags/example_bash_decorator.py
[2025-02-24T04:12:22.577+0000] {logging_mixin.py:188} INFO - [2025-02-24T04:12:22.577+0000] {dag.py:3096} INFO - Sync 1 DAGs
[2025-02-24T04:12:22.593+0000] {logging_mixin.py:188} INFO - [2025-02-24T04:12:22.593+0000] {dag.py:3954} INFO - Setting next_dagrun for example_bash_decorator to None, run_after=None
[2025-02-24T04:12:22.617+0000] {processor.py:183} INFO - Processing /home/airflow/.local/lib/python3.12/site-packages/airflow/example_dags/example_bash_decorator.py took 0.107 seconds
[2025-02-24T04:12:53.100+0000] {processor.py:161} INFO - Started process (PID=2253) to work on /home/airflow/.local/lib/python3.12/site-packages/airflow/example_dags/example_bash_decorator.py
[2025-02-24T04:12:53.101+0000] {processor.py:830} INFO - Processing file /home/airflow/.local/lib/python3.12/site-packages/airflow/example_dags/example_bash_decorator.py for tasks to queue
[2025-02-24T04:12:53.105+0000] {logging_mixin.py:188} INFO - [2025-02-24T04:12:53.104+0000] {dagbag.py:540} INFO - Filling up the DagBag from /home/airflow/.local/lib/python3.12/site-packages/airflow/example_dags/example_bash_decorator.py
[2025-02-24T04:12:53.124+0000] {processor.py:840} INFO - DAG(s) 'example_bash_decorator' retrieved from /home/airflow/.local/lib/python3.12/site-packages/airflow/example_dags/example_bash_decorator.py
[2025-02-24T04:12:53.156+0000] {logging_mixin.py:188} INFO - [2025-02-24T04:12:53.155+0000] {dag.py:3096} INFO - Sync 1 DAGs
[2025-02-24T04:12:53.172+0000] {logging_mixin.py:188} INFO - [2025-02-24T04:12:53.171+0000] {dag.py:3954} INFO - Setting next_dagrun for example_bash_decorator to None, run_after=None
[2025-02-24T04:12:53.199+0000] {processor.py:183} INFO - Processing /home/airflow/.local/lib/python3.12/site-packages/airflow/example_dags/example_bash_decorator.py took 0.107 seconds
[2025-02-24T04:13:24.534+0000] {processor.py:161} INFO - Started process (PID=2314) to work on /home/airflow/.local/lib/python3.12/site-packages/airflow/example_dags/example_bash_decorator.py
[2025-02-24T04:13:24.536+0000] {processor.py:830} INFO - Processing file /home/airflow/.local/lib/python3.12/site-packages/airflow/example_dags/example_bash_decorator.py for tasks to queue
[2025-02-24T04:13:24.539+0000] {logging_mixin.py:188} INFO - [2025-02-24T04:13:24.539+0000] {dagbag.py:540} INFO - Filling up the DagBag from /home/airflow/.local/lib/python3.12/site-packages/airflow/example_dags/example_bash_decorator.py
[2025-02-24T04:13:24.559+0000] {processor.py:840} INFO - DAG(s) 'example_bash_decorator' retrieved from /home/airflow/.local/lib/python3.12/site-packages/airflow/example_dags/example_bash_decorator.py
[2025-02-24T04:13:24.639+0000] {logging_mixin.py:188} INFO - [2025-02-24T04:13:24.639+0000] {dag.py:3096} INFO - Sync 1 DAGs
[2025-02-24T04:13:24.658+0000] {logging_mixin.py:188} INFO - [2025-02-24T04:13:24.657+0000] {dag.py:3954} INFO - Setting next_dagrun for example_bash_decorator to None, run_after=None
[2025-02-24T04:13:24.683+0000] {processor.py:183} INFO - Processing /home/airflow/.local/lib/python3.12/site-packages/airflow/example_dags/example_bash_decorator.py took 0.157 seconds
[2025-02-24T04:13:54.740+0000] {processor.py:161} INFO - Started process (PID=2372) to work on /home/airflow/.local/lib/python3.12/site-packages/airflow/example_dags/example_bash_decorator.py
[2025-02-24T04:13:54.742+0000] {processor.py:830} INFO - Processing file /home/airflow/.local/lib/python3.12/site-packages/airflow/example_dags/example_bash_decorator.py for tasks to queue
[2025-02-24T04:13:54.745+0000] {logging_mixin.py:188} INFO - [2025-02-24T04:13:54.744+0000] {dagbag.py:540} INFO - Filling up the DagBag from /home/airflow/.local/lib/python3.12/site-packages/airflow/example_dags/example_bash_decorator.py
[2025-02-24T04:13:54.760+0000] {processor.py:840} INFO - DAG(s) 'example_bash_decorator' retrieved from /home/airflow/.local/lib/python3.12/site-packages/airflow/example_dags/example_bash_decorator.py
[2025-02-24T04:13:54.790+0000] {logging_mixin.py:188} INFO - [2025-02-24T04:13:54.790+0000] {dag.py:3096} INFO - Sync 1 DAGs
[2025-02-24T04:13:54.806+0000] {logging_mixin.py:188} INFO - [2025-02-24T04:13:54.806+0000] {dag.py:3954} INFO - Setting next_dagrun for example_bash_decorator to None, run_after=None
[2025-02-24T04:13:54.829+0000] {processor.py:183} INFO - Processing /home/airflow/.local/lib/python3.12/site-packages/airflow/example_dags/example_bash_decorator.py took 0.096 seconds
[2025-02-24T04:14:25.273+0000] {processor.py:161} INFO - Started process (PID=2437) to work on /home/airflow/.local/lib/python3.12/site-packages/airflow/example_dags/example_bash_decorator.py
[2025-02-24T04:14:25.274+0000] {processor.py:830} INFO - Processing file /home/airflow/.local/lib/python3.12/site-packages/airflow/example_dags/example_bash_decorator.py for tasks to queue
[2025-02-24T04:14:25.277+0000] {logging_mixin.py:188} INFO - [2025-02-24T04:14:25.276+0000] {dagbag.py:540} INFO - Filling up the DagBag from /home/airflow/.local/lib/python3.12/site-packages/airflow/example_dags/example_bash_decorator.py
[2025-02-24T04:14:25.292+0000] {processor.py:840} INFO - DAG(s) 'example_bash_decorator' retrieved from /home/airflow/.local/lib/python3.12/site-packages/airflow/example_dags/example_bash_decorator.py
[2025-02-24T04:14:25.320+0000] {logging_mixin.py:188} INFO - [2025-02-24T04:14:25.320+0000] {dag.py:3096} INFO - Sync 1 DAGs
[2025-02-24T04:14:25.339+0000] {logging_mixin.py:188} INFO - [2025-02-24T04:14:25.339+0000] {dag.py:3954} INFO - Setting next_dagrun for example_bash_decorator to None, run_after=None
[2025-02-24T04:14:25.360+0000] {processor.py:183} INFO - Processing /home/airflow/.local/lib/python3.12/site-packages/airflow/example_dags/example_bash_decorator.py took 0.094 seconds
[2025-02-24T04:14:56.089+0000] {processor.py:161} INFO - Started process (PID=2497) to work on /home/airflow/.local/lib/python3.12/site-packages/airflow/example_dags/example_bash_decorator.py
[2025-02-24T04:14:56.090+0000] {processor.py:830} INFO - Processing file /home/airflow/.local/lib/python3.12/site-packages/airflow/example_dags/example_bash_decorator.py for tasks to queue
[2025-02-24T04:14:56.093+0000] {logging_mixin.py:188} INFO - [2025-02-24T04:14:56.092+0000] {dagbag.py:540} INFO - Filling up the DagBag from /home/airflow/.local/lib/python3.12/site-packages/airflow/example_dags/example_bash_decorator.py
[2025-02-24T04:14:56.114+0000] {processor.py:840} INFO - DAG(s) 'example_bash_decorator' retrieved from /home/airflow/.local/lib/python3.12/site-packages/airflow/example_dags/example_bash_decorator.py
[2025-02-24T04:14:56.144+0000] {logging_mixin.py:188} INFO - [2025-02-24T04:14:56.144+0000] {dag.py:3096} INFO - Sync 1 DAGs
[2025-02-24T04:14:56.158+0000] {logging_mixin.py:188} INFO - [2025-02-24T04:14:56.158+0000] {dag.py:3954} INFO - Setting next_dagrun for example_bash_decorator to None, run_after=None
[2025-02-24T04:14:56.179+0000] {processor.py:183} INFO - Processing /home/airflow/.local/lib/python3.12/site-packages/airflow/example_dags/example_bash_decorator.py took 0.099 seconds
[2025-02-24T04:15:26.363+0000] {processor.py:161} INFO - Started process (PID=2557) to work on /home/airflow/.local/lib/python3.12/site-packages/airflow/example_dags/example_bash_decorator.py
[2025-02-24T04:15:26.364+0000] {processor.py:830} INFO - Processing file /home/airflow/.local/lib/python3.12/site-packages/airflow/example_dags/example_bash_decorator.py for tasks to queue
[2025-02-24T04:15:26.366+0000] {logging_mixin.py:188} INFO - [2025-02-24T04:15:26.366+0000] {dagbag.py:540} INFO - Filling up the DagBag from /home/airflow/.local/lib/python3.12/site-packages/airflow/example_dags/example_bash_decorator.py
[2025-02-24T04:15:26.384+0000] {processor.py:840} INFO - DAG(s) 'example_bash_decorator' retrieved from /home/airflow/.local/lib/python3.12/site-packages/airflow/example_dags/example_bash_decorator.py
[2025-02-24T04:15:26.415+0000] {logging_mixin.py:188} INFO - [2025-02-24T04:15:26.415+0000] {dag.py:3096} INFO - Sync 1 DAGs
[2025-02-24T04:15:26.431+0000] {logging_mixin.py:188} INFO - [2025-02-24T04:15:26.430+0000] {dag.py:3954} INFO - Setting next_dagrun for example_bash_decorator to None, run_after=None
[2025-02-24T04:15:26.455+0000] {processor.py:183} INFO - Processing /home/airflow/.local/lib/python3.12/site-packages/airflow/example_dags/example_bash_decorator.py took 0.101 seconds
[2025-02-24T04:15:56.821+0000] {processor.py:161} INFO - Started process (PID=2618) to work on /home/airflow/.local/lib/python3.12/site-packages/airflow/example_dags/example_bash_decorator.py
[2025-02-24T04:15:56.822+0000] {processor.py:830} INFO - Processing file /home/airflow/.local/lib/python3.12/site-packages/airflow/example_dags/example_bash_decorator.py for tasks to queue
[2025-02-24T04:15:56.825+0000] {logging_mixin.py:188} INFO - [2025-02-24T04:15:56.825+0000] {dagbag.py:540} INFO - Filling up the DagBag from /home/airflow/.local/lib/python3.12/site-packages/airflow/example_dags/example_bash_decorator.py
[2025-02-24T04:15:56.841+0000] {processor.py:840} INFO - DAG(s) 'example_bash_decorator' retrieved from /home/airflow/.local/lib/python3.12/site-packages/airflow/example_dags/example_bash_decorator.py
[2025-02-24T04:15:56.869+0000] {logging_mixin.py:188} INFO - [2025-02-24T04:15:56.868+0000] {dag.py:3096} INFO - Sync 1 DAGs
[2025-02-24T04:15:56.883+0000] {logging_mixin.py:188} INFO - [2025-02-24T04:15:56.883+0000] {dag.py:3954} INFO - Setting next_dagrun for example_bash_decorator to None, run_after=None
[2025-02-24T04:15:56.907+0000] {processor.py:183} INFO - Processing /home/airflow/.local/lib/python3.12/site-packages/airflow/example_dags/example_bash_decorator.py took 0.093 seconds
[2025-02-24T04:16:27.132+0000] {processor.py:161} INFO - Started process (PID=2678) to work on /home/airflow/.local/lib/python3.12/site-packages/airflow/example_dags/example_bash_decorator.py
[2025-02-24T04:16:27.134+0000] {processor.py:830} INFO - Processing file /home/airflow/.local/lib/python3.12/site-packages/airflow/example_dags/example_bash_decorator.py for tasks to queue
[2025-02-24T04:16:27.137+0000] {logging_mixin.py:188} INFO - [2025-02-24T04:16:27.137+0000] {dagbag.py:540} INFO - Filling up the DagBag from /home/airflow/.local/lib/python3.12/site-packages/airflow/example_dags/example_bash_decorator.py
[2025-02-24T04:16:27.174+0000] {processor.py:840} INFO - DAG(s) 'example_bash_decorator' retrieved from /home/airflow/.local/lib/python3.12/site-packages/airflow/example_dags/example_bash_decorator.py
[2025-02-24T04:16:27.236+0000] {logging_mixin.py:188} INFO - [2025-02-24T04:16:27.235+0000] {dag.py:3096} INFO - Sync 1 DAGs
[2025-02-24T04:16:27.266+0000] {logging_mixin.py:188} INFO - [2025-02-24T04:16:27.265+0000] {dag.py:3954} INFO - Setting next_dagrun for example_bash_decorator to None, run_after=None
[2025-02-24T04:16:27.325+0000] {processor.py:183} INFO - Processing /home/airflow/.local/lib/python3.12/site-packages/airflow/example_dags/example_bash_decorator.py took 0.204 seconds
[2025-02-24T04:16:57.520+0000] {processor.py:161} INFO - Started process (PID=2738) to work on /home/airflow/.local/lib/python3.12/site-packages/airflow/example_dags/example_bash_decorator.py
[2025-02-24T04:16:57.522+0000] {processor.py:830} INFO - Processing file /home/airflow/.local/lib/python3.12/site-packages/airflow/example_dags/example_bash_decorator.py for tasks to queue
[2025-02-24T04:16:57.525+0000] {logging_mixin.py:188} INFO - [2025-02-24T04:16:57.525+0000] {dagbag.py:540} INFO - Filling up the DagBag from /home/airflow/.local/lib/python3.12/site-packages/airflow/example_dags/example_bash_decorator.py
[2025-02-24T04:16:57.549+0000] {processor.py:840} INFO - DAG(s) 'example_bash_decorator' retrieved from /home/airflow/.local/lib/python3.12/site-packages/airflow/example_dags/example_bash_decorator.py
[2025-02-24T04:16:57.590+0000] {logging_mixin.py:188} INFO - [2025-02-24T04:16:57.589+0000] {dag.py:3096} INFO - Sync 1 DAGs
[2025-02-24T04:16:57.613+0000] {logging_mixin.py:188} INFO - [2025-02-24T04:16:57.612+0000] {dag.py:3954} INFO - Setting next_dagrun for example_bash_decorator to None, run_after=None
[2025-02-24T04:16:57.648+0000] {processor.py:183} INFO - Processing /home/airflow/.local/lib/python3.12/site-packages/airflow/example_dags/example_bash_decorator.py took 0.136 seconds
[2025-02-24T04:17:27.936+0000] {processor.py:161} INFO - Started process (PID=2798) to work on /home/airflow/.local/lib/python3.12/site-packages/airflow/example_dags/example_bash_decorator.py
[2025-02-24T04:17:27.937+0000] {processor.py:830} INFO - Processing file /home/airflow/.local/lib/python3.12/site-packages/airflow/example_dags/example_bash_decorator.py for tasks to queue
[2025-02-24T04:17:27.939+0000] {logging_mixin.py:188} INFO - [2025-02-24T04:17:27.939+0000] {dagbag.py:540} INFO - Filling up the DagBag from /home/airflow/.local/lib/python3.12/site-packages/airflow/example_dags/example_bash_decorator.py
[2025-02-24T04:17:27.956+0000] {processor.py:840} INFO - DAG(s) 'example_bash_decorator' retrieved from /home/airflow/.local/lib/python3.12/site-packages/airflow/example_dags/example_bash_decorator.py
[2025-02-24T04:17:27.984+0000] {logging_mixin.py:188} INFO - [2025-02-24T04:17:27.984+0000] {dag.py:3096} INFO - Sync 1 DAGs
[2025-02-24T04:17:27.999+0000] {logging_mixin.py:188} INFO - [2025-02-24T04:17:27.998+0000] {dag.py:3954} INFO - Setting next_dagrun for example_bash_decorator to None, run_after=None
[2025-02-24T04:17:28.021+0000] {processor.py:183} INFO - Processing /home/airflow/.local/lib/python3.12/site-packages/airflow/example_dags/example_bash_decorator.py took 0.093 seconds
[2025-02-24T04:19:28.518+0000] {processor.py:161} INFO - Started process (PID=2868) to work on /home/airflow/.local/lib/python3.12/site-packages/airflow/example_dags/example_bash_decorator.py
[2025-02-24T04:19:28.522+0000] {processor.py:830} INFO - Processing file /home/airflow/.local/lib/python3.12/site-packages/airflow/example_dags/example_bash_decorator.py for tasks to queue
[2025-02-24T04:19:28.526+0000] {logging_mixin.py:188} INFO - [2025-02-24T04:19:28.525+0000] {dagbag.py:540} INFO - Filling up the DagBag from /home/airflow/.local/lib/python3.12/site-packages/airflow/example_dags/example_bash_decorator.py
[2025-02-24T04:19:28.622+0000] {processor.py:840} INFO - DAG(s) 'example_bash_decorator' retrieved from /home/airflow/.local/lib/python3.12/site-packages/airflow/example_dags/example_bash_decorator.py
[2025-02-24T04:19:28.669+0000] {logging_mixin.py:188} INFO - [2025-02-24T04:19:28.669+0000] {dag.py:3096} INFO - Sync 1 DAGs
[2025-02-24T04:19:28.692+0000] {logging_mixin.py:188} INFO - [2025-02-24T04:19:28.691+0000] {dag.py:3954} INFO - Setting next_dagrun for example_bash_decorator to None, run_after=None
[2025-02-24T04:19:28.762+0000] {processor.py:183} INFO - Processing /home/airflow/.local/lib/python3.12/site-packages/airflow/example_dags/example_bash_decorator.py took 0.258 seconds
[2025-02-24T04:19:59.230+0000] {processor.py:161} INFO - Started process (PID=2926) to work on /home/airflow/.local/lib/python3.12/site-packages/airflow/example_dags/example_bash_decorator.py
[2025-02-24T04:19:59.232+0000] {processor.py:830} INFO - Processing file /home/airflow/.local/lib/python3.12/site-packages/airflow/example_dags/example_bash_decorator.py for tasks to queue
[2025-02-24T04:19:59.234+0000] {logging_mixin.py:188} INFO - [2025-02-24T04:19:59.233+0000] {dagbag.py:540} INFO - Filling up the DagBag from /home/airflow/.local/lib/python3.12/site-packages/airflow/example_dags/example_bash_decorator.py
[2025-02-24T04:19:59.636+0000] {processor.py:840} INFO - DAG(s) 'example_bash_decorator' retrieved from /home/airflow/.local/lib/python3.12/site-packages/airflow/example_dags/example_bash_decorator.py
[2025-02-24T04:19:59.696+0000] {logging_mixin.py:188} INFO - [2025-02-24T04:19:59.695+0000] {dag.py:3096} INFO - Sync 1 DAGs
[2025-02-24T04:19:59.723+0000] {logging_mixin.py:188} INFO - [2025-02-24T04:19:59.722+0000] {dag.py:3954} INFO - Setting next_dagrun for example_bash_decorator to None, run_after=None
[2025-02-24T04:20:01.317+0000] {processor.py:183} INFO - Processing /home/airflow/.local/lib/python3.12/site-packages/airflow/example_dags/example_bash_decorator.py took 2.127 seconds
[2025-02-24T04:21:25.222+0000] {processor.py:161} INFO - Started process (PID=2964) to work on /home/airflow/.local/lib/python3.12/site-packages/airflow/example_dags/example_bash_decorator.py
[2025-02-24T04:21:25.224+0000] {processor.py:830} INFO - Processing file /home/airflow/.local/lib/python3.12/site-packages/airflow/example_dags/example_bash_decorator.py for tasks to queue
[2025-02-24T04:21:25.227+0000] {logging_mixin.py:188} INFO - [2025-02-24T04:21:25.226+0000] {dagbag.py:540} INFO - Filling up the DagBag from /home/airflow/.local/lib/python3.12/site-packages/airflow/example_dags/example_bash_decorator.py
[2025-02-24T04:21:25.275+0000] {processor.py:840} INFO - DAG(s) 'example_bash_decorator' retrieved from /home/airflow/.local/lib/python3.12/site-packages/airflow/example_dags/example_bash_decorator.py
[2025-02-24T04:21:25.375+0000] {logging_mixin.py:188} INFO - [2025-02-24T04:21:25.374+0000] {dag.py:3096} INFO - Sync 1 DAGs
[2025-02-24T04:21:25.425+0000] {logging_mixin.py:188} INFO - [2025-02-24T04:21:25.423+0000] {dag.py:3954} INFO - Setting next_dagrun for example_bash_decorator to None, run_after=None
[2025-02-24T04:21:25.556+0000] {processor.py:183} INFO - Processing /home/airflow/.local/lib/python3.12/site-packages/airflow/example_dags/example_bash_decorator.py took 0.350 seconds
[2025-02-24T04:23:09.206+0000] {processor.py:161} INFO - Started process (PID=3026) to work on /home/airflow/.local/lib/python3.12/site-packages/airflow/example_dags/example_bash_decorator.py
[2025-02-24T04:23:09.209+0000] {processor.py:830} INFO - Processing file /home/airflow/.local/lib/python3.12/site-packages/airflow/example_dags/example_bash_decorator.py for tasks to queue
[2025-02-24T04:23:09.211+0000] {logging_mixin.py:188} INFO - [2025-02-24T04:23:09.210+0000] {dagbag.py:540} INFO - Filling up the DagBag from /home/airflow/.local/lib/python3.12/site-packages/airflow/example_dags/example_bash_decorator.py
[2025-02-24T04:23:09.253+0000] {processor.py:840} INFO - DAG(s) 'example_bash_decorator' retrieved from /home/airflow/.local/lib/python3.12/site-packages/airflow/example_dags/example_bash_decorator.py
[2025-02-24T04:23:09.305+0000] {logging_mixin.py:188} INFO - [2025-02-24T04:23:09.305+0000] {dag.py:3096} INFO - Sync 1 DAGs
[2025-02-24T04:23:09.333+0000] {logging_mixin.py:188} INFO - [2025-02-24T04:23:09.333+0000] {dag.py:3954} INFO - Setting next_dagrun for example_bash_decorator to None, run_after=None
[2025-02-24T04:23:09.370+0000] {processor.py:183} INFO - Processing /home/airflow/.local/lib/python3.12/site-packages/airflow/example_dags/example_bash_decorator.py took 0.179 seconds
[2025-02-24T04:24:09.318+0000] {processor.py:161} INFO - Started process (PID=3084) to work on /home/airflow/.local/lib/python3.12/site-packages/airflow/example_dags/example_bash_decorator.py
[2025-02-24T04:24:09.319+0000] {processor.py:830} INFO - Processing file /home/airflow/.local/lib/python3.12/site-packages/airflow/example_dags/example_bash_decorator.py for tasks to queue
[2025-02-24T04:24:09.321+0000] {logging_mixin.py:188} INFO - [2025-02-24T04:24:09.320+0000] {dagbag.py:540} INFO - Filling up the DagBag from /home/airflow/.local/lib/python3.12/site-packages/airflow/example_dags/example_bash_decorator.py
[2025-02-24T04:24:09.354+0000] {processor.py:840} INFO - DAG(s) 'example_bash_decorator' retrieved from /home/airflow/.local/lib/python3.12/site-packages/airflow/example_dags/example_bash_decorator.py
[2025-02-24T04:24:09.408+0000] {logging_mixin.py:188} INFO - [2025-02-24T04:24:09.408+0000] {dag.py:3096} INFO - Sync 1 DAGs
[2025-02-24T04:24:09.434+0000] {logging_mixin.py:188} INFO - [2025-02-24T04:24:09.434+0000] {dag.py:3954} INFO - Setting next_dagrun for example_bash_decorator to None, run_after=None
[2025-02-24T04:24:09.462+0000] {processor.py:183} INFO - Processing /home/airflow/.local/lib/python3.12/site-packages/airflow/example_dags/example_bash_decorator.py took 0.158 seconds
[2025-02-24T04:24:39.509+0000] {processor.py:161} INFO - Started process (PID=3128) to work on /home/airflow/.local/lib/python3.12/site-packages/airflow/example_dags/example_bash_decorator.py
[2025-02-24T04:24:39.510+0000] {processor.py:830} INFO - Processing file /home/airflow/.local/lib/python3.12/site-packages/airflow/example_dags/example_bash_decorator.py for tasks to queue
[2025-02-24T04:24:39.511+0000] {logging_mixin.py:188} INFO - [2025-02-24T04:24:39.511+0000] {dagbag.py:540} INFO - Filling up the DagBag from /home/airflow/.local/lib/python3.12/site-packages/airflow/example_dags/example_bash_decorator.py
[2025-02-24T04:24:39.532+0000] {processor.py:840} INFO - DAG(s) 'example_bash_decorator' retrieved from /home/airflow/.local/lib/python3.12/site-packages/airflow/example_dags/example_bash_decorator.py
[2025-02-24T04:24:39.569+0000] {logging_mixin.py:188} INFO - [2025-02-24T04:24:39.569+0000] {dag.py:3096} INFO - Sync 1 DAGs
[2025-02-24T04:24:39.586+0000] {logging_mixin.py:188} INFO - [2025-02-24T04:24:39.586+0000] {dag.py:3954} INFO - Setting next_dagrun for example_bash_decorator to None, run_after=None
[2025-02-24T04:24:39.611+0000] {processor.py:183} INFO - Processing /home/airflow/.local/lib/python3.12/site-packages/airflow/example_dags/example_bash_decorator.py took 0.111 seconds
[2025-02-24T04:25:22.468+0000] {processor.py:161} INFO - Started process (PID=3178) to work on /home/airflow/.local/lib/python3.12/site-packages/airflow/example_dags/example_bash_decorator.py
[2025-02-24T04:25:22.472+0000] {processor.py:830} INFO - Processing file /home/airflow/.local/lib/python3.12/site-packages/airflow/example_dags/example_bash_decorator.py for tasks to queue
[2025-02-24T04:25:22.475+0000] {logging_mixin.py:188} INFO - [2025-02-24T04:25:22.474+0000] {dagbag.py:540} INFO - Filling up the DagBag from /home/airflow/.local/lib/python3.12/site-packages/airflow/example_dags/example_bash_decorator.py
[2025-02-24T04:25:22.529+0000] {processor.py:840} INFO - DAG(s) 'example_bash_decorator' retrieved from /home/airflow/.local/lib/python3.12/site-packages/airflow/example_dags/example_bash_decorator.py
[2025-02-24T04:25:22.609+0000] {logging_mixin.py:188} INFO - [2025-02-24T04:25:22.608+0000] {dag.py:3096} INFO - Sync 1 DAGs
[2025-02-24T04:25:22.651+0000] {logging_mixin.py:188} INFO - [2025-02-24T04:25:22.651+0000] {dag.py:3954} INFO - Setting next_dagrun for example_bash_decorator to None, run_after=None
[2025-02-24T04:25:22.707+0000] {processor.py:183} INFO - Processing /home/airflow/.local/lib/python3.12/site-packages/airflow/example_dags/example_bash_decorator.py took 0.256 seconds
[2025-02-24T04:25:53.599+0000] {processor.py:161} INFO - Started process (PID=3235) to work on /home/airflow/.local/lib/python3.12/site-packages/airflow/example_dags/example_bash_decorator.py
[2025-02-24T04:25:53.604+0000] {processor.py:830} INFO - Processing file /home/airflow/.local/lib/python3.12/site-packages/airflow/example_dags/example_bash_decorator.py for tasks to queue
[2025-02-24T04:25:53.607+0000] {logging_mixin.py:188} INFO - [2025-02-24T04:25:53.606+0000] {dagbag.py:540} INFO - Filling up the DagBag from /home/airflow/.local/lib/python3.12/site-packages/airflow/example_dags/example_bash_decorator.py
[2025-02-24T04:25:53.654+0000] {processor.py:840} INFO - DAG(s) 'example_bash_decorator' retrieved from /home/airflow/.local/lib/python3.12/site-packages/airflow/example_dags/example_bash_decorator.py
[2025-02-24T04:25:53.736+0000] {logging_mixin.py:188} INFO - [2025-02-24T04:25:53.735+0000] {dag.py:3096} INFO - Sync 1 DAGs
[2025-02-24T04:25:53.778+0000] {logging_mixin.py:188} INFO - [2025-02-24T04:25:53.777+0000] {dag.py:3954} INFO - Setting next_dagrun for example_bash_decorator to None, run_after=None
[2025-02-24T04:25:53.851+0000] {processor.py:183} INFO - Processing /home/airflow/.local/lib/python3.12/site-packages/airflow/example_dags/example_bash_decorator.py took 0.270 seconds
[2025-02-24T04:27:35.288+0000] {processor.py:161} INFO - Started process (PID=3279) to work on /home/airflow/.local/lib/python3.12/site-packages/airflow/example_dags/example_bash_decorator.py
[2025-02-24T04:27:35.290+0000] {processor.py:830} INFO - Processing file /home/airflow/.local/lib/python3.12/site-packages/airflow/example_dags/example_bash_decorator.py for tasks to queue
[2025-02-24T04:27:35.293+0000] {logging_mixin.py:188} INFO - [2025-02-24T04:27:35.292+0000] {dagbag.py:540} INFO - Filling up the DagBag from /home/airflow/.local/lib/python3.12/site-packages/airflow/example_dags/example_bash_decorator.py
[2025-02-24T04:27:35.382+0000] {processor.py:840} INFO - DAG(s) 'example_bash_decorator' retrieved from /home/airflow/.local/lib/python3.12/site-packages/airflow/example_dags/example_bash_decorator.py
[2025-02-24T04:27:35.472+0000] {logging_mixin.py:188} INFO - [2025-02-24T04:27:35.472+0000] {dag.py:3096} INFO - Sync 1 DAGs
[2025-02-24T04:27:35.495+0000] {logging_mixin.py:188} INFO - [2025-02-24T04:27:35.494+0000] {dag.py:3954} INFO - Setting next_dagrun for example_bash_decorator to None, run_after=None
[2025-02-24T04:27:35.621+0000] {processor.py:183} INFO - Processing /home/airflow/.local/lib/python3.12/site-packages/airflow/example_dags/example_bash_decorator.py took 0.343 seconds
[2025-02-24T04:28:58.095+0000] {processor.py:161} INFO - Started process (PID=3313) to work on /home/airflow/.local/lib/python3.12/site-packages/airflow/example_dags/example_bash_decorator.py
[2025-02-24T04:28:58.097+0000] {processor.py:830} INFO - Processing file /home/airflow/.local/lib/python3.12/site-packages/airflow/example_dags/example_bash_decorator.py for tasks to queue
[2025-02-24T04:28:58.098+0000] {logging_mixin.py:188} INFO - [2025-02-24T04:28:58.097+0000] {dagbag.py:540} INFO - Filling up the DagBag from /home/airflow/.local/lib/python3.12/site-packages/airflow/example_dags/example_bash_decorator.py
[2025-02-24T04:28:58.138+0000] {processor.py:840} INFO - DAG(s) 'example_bash_decorator' retrieved from /home/airflow/.local/lib/python3.12/site-packages/airflow/example_dags/example_bash_decorator.py
[2025-02-24T04:28:58.194+0000] {logging_mixin.py:188} INFO - [2025-02-24T04:28:58.194+0000] {dag.py:3096} INFO - Sync 1 DAGs
[2025-02-24T04:28:58.220+0000] {logging_mixin.py:188} INFO - [2025-02-24T04:28:58.219+0000] {dag.py:3954} INFO - Setting next_dagrun for example_bash_decorator to None, run_after=None
[2025-02-24T04:28:58.289+0000] {processor.py:183} INFO - Processing /home/airflow/.local/lib/python3.12/site-packages/airflow/example_dags/example_bash_decorator.py took 0.201 seconds
