[2025-02-24T03:54:52.636+0000] {processor.py:161} INFO - Started process (PID=125) to work on /home/airflow/.local/lib/python3.12/site-packages/airflow/example_dags/example_skip_dag.py
[2025-02-24T03:54:52.638+0000] {processor.py:830} INFO - Processing file /home/airflow/.local/lib/python3.12/site-packages/airflow/example_dags/example_skip_dag.py for tasks to queue
[2025-02-24T03:54:52.641+0000] {logging_mixin.py:188} INFO - [2025-02-24T03:54:52.640+0000] {dagbag.py:540} INFO - Filling up the DagBag from /home/airflow/.local/lib/python3.12/site-packages/airflow/example_dags/example_skip_dag.py
[2025-02-24T03:54:52.653+0000] {processor.py:840} INFO - DAG(s) 'example_skip_dag' retrieved from /home/airflow/.local/lib/python3.12/site-packages/airflow/example_dags/example_skip_dag.py
[2025-02-24T03:54:52.820+0000] {logging_mixin.py:188} INFO - [2025-02-24T03:54:52.819+0000] {override.py:1829} INFO - Created Permission View: can read on DAG:example_skip_dag
[2025-02-24T03:54:52.834+0000] {logging_mixin.py:188} INFO - [2025-02-24T03:54:52.834+0000] {override.py:1829} INFO - Created Permission View: can delete on DAG:example_skip_dag
[2025-02-24T03:54:52.846+0000] {logging_mixin.py:188} INFO - [2025-02-24T03:54:52.845+0000] {override.py:1829} INFO - Created Permission View: can edit on DAG:example_skip_dag
[2025-02-24T03:54:52.846+0000] {logging_mixin.py:188} INFO - [2025-02-24T03:54:52.846+0000] {dag.py:3096} INFO - Sync 1 DAGs
[2025-02-24T03:54:52.861+0000] {logging_mixin.py:188} INFO - [2025-02-24T03:54:52.861+0000] {dag.py:3118} INFO - Creating ORM DAG for example_skip_dag
[2025-02-24T03:54:52.873+0000] {logging_mixin.py:188} INFO - [2025-02-24T03:54:52.873+0000] {dag.py:3954} INFO - Setting next_dagrun for example_skip_dag to 2025-02-23 00:00:00+00:00, run_after=2025-02-24 00:00:00+00:00
[2025-02-24T03:54:52.896+0000] {processor.py:183} INFO - Processing /home/airflow/.local/lib/python3.12/site-packages/airflow/example_dags/example_skip_dag.py took 0.270 seconds
[2025-02-24T03:55:23.111+0000] {processor.py:161} INFO - Started process (PID=187) to work on /home/airflow/.local/lib/python3.12/site-packages/airflow/example_dags/example_skip_dag.py
[2025-02-24T03:55:23.112+0000] {processor.py:830} INFO - Processing file /home/airflow/.local/lib/python3.12/site-packages/airflow/example_dags/example_skip_dag.py for tasks to queue
[2025-02-24T03:55:23.115+0000] {logging_mixin.py:188} INFO - [2025-02-24T03:55:23.115+0000] {dagbag.py:540} INFO - Filling up the DagBag from /home/airflow/.local/lib/python3.12/site-packages/airflow/example_dags/example_skip_dag.py
[2025-02-24T03:55:23.123+0000] {processor.py:840} INFO - DAG(s) 'example_skip_dag' retrieved from /home/airflow/.local/lib/python3.12/site-packages/airflow/example_dags/example_skip_dag.py
[2025-02-24T03:55:23.148+0000] {logging_mixin.py:188} INFO - [2025-02-24T03:55:23.147+0000] {dag.py:3096} INFO - Sync 1 DAGs
[2025-02-24T03:55:23.173+0000] {logging_mixin.py:188} INFO - [2025-02-24T03:55:23.172+0000] {dag.py:3954} INFO - Setting next_dagrun for example_skip_dag to 2025-02-23 00:00:00+00:00, run_after=2025-02-24 00:00:00+00:00
[2025-02-24T03:55:23.195+0000] {processor.py:183} INFO - Processing /home/airflow/.local/lib/python3.12/site-packages/airflow/example_dags/example_skip_dag.py took 0.091 seconds
[2025-02-24T03:55:57.371+0000] {processor.py:161} INFO - Started process (PID=247) to work on /home/airflow/.local/lib/python3.12/site-packages/airflow/example_dags/example_skip_dag.py
[2025-02-24T03:55:57.373+0000] {processor.py:830} INFO - Processing file /home/airflow/.local/lib/python3.12/site-packages/airflow/example_dags/example_skip_dag.py for tasks to queue
[2025-02-24T03:55:57.375+0000] {logging_mixin.py:188} INFO - [2025-02-24T03:55:57.375+0000] {dagbag.py:540} INFO - Filling up the DagBag from /home/airflow/.local/lib/python3.12/site-packages/airflow/example_dags/example_skip_dag.py
[2025-02-24T03:55:57.400+0000] {processor.py:840} INFO - DAG(s) 'example_skip_dag' retrieved from /home/airflow/.local/lib/python3.12/site-packages/airflow/example_dags/example_skip_dag.py
[2025-02-24T03:55:57.448+0000] {logging_mixin.py:188} INFO - [2025-02-24T03:55:57.448+0000] {dag.py:3096} INFO - Sync 1 DAGs
[2025-02-24T03:55:57.474+0000] {logging_mixin.py:188} INFO - [2025-02-24T03:55:57.473+0000] {dag.py:3954} INFO - Setting next_dagrun for example_skip_dag to 2025-02-23 00:00:00+00:00, run_after=2025-02-24 00:00:00+00:00
[2025-02-24T03:55:57.550+0000] {processor.py:183} INFO - Processing /home/airflow/.local/lib/python3.12/site-packages/airflow/example_dags/example_skip_dag.py took 0.185 seconds
[2025-02-24T03:56:27.729+0000] {processor.py:161} INFO - Started process (PID=308) to work on /home/airflow/.local/lib/python3.12/site-packages/airflow/example_dags/example_skip_dag.py
[2025-02-24T03:56:27.731+0000] {processor.py:830} INFO - Processing file /home/airflow/.local/lib/python3.12/site-packages/airflow/example_dags/example_skip_dag.py for tasks to queue
[2025-02-24T03:56:27.736+0000] {logging_mixin.py:188} INFO - [2025-02-24T03:56:27.735+0000] {dagbag.py:540} INFO - Filling up the DagBag from /home/airflow/.local/lib/python3.12/site-packages/airflow/example_dags/example_skip_dag.py
[2025-02-24T03:56:27.747+0000] {processor.py:840} INFO - DAG(s) 'example_skip_dag' retrieved from /home/airflow/.local/lib/python3.12/site-packages/airflow/example_dags/example_skip_dag.py
[2025-02-24T03:56:27.766+0000] {logging_mixin.py:188} INFO - [2025-02-24T03:56:27.765+0000] {dag.py:3096} INFO - Sync 1 DAGs
[2025-02-24T03:56:27.803+0000] {logging_mixin.py:188} INFO - [2025-02-24T03:56:27.803+0000] {dag.py:3954} INFO - Setting next_dagrun for example_skip_dag to 2025-02-23 00:00:00+00:00, run_after=2025-02-24 00:00:00+00:00
[2025-02-24T03:56:27.832+0000] {processor.py:183} INFO - Processing /home/airflow/.local/lib/python3.12/site-packages/airflow/example_dags/example_skip_dag.py took 0.114 seconds
[2025-02-24T03:56:59.321+0000] {processor.py:161} INFO - Started process (PID=371) to work on /home/airflow/.local/lib/python3.12/site-packages/airflow/example_dags/example_skip_dag.py
[2025-02-24T03:56:59.322+0000] {processor.py:830} INFO - Processing file /home/airflow/.local/lib/python3.12/site-packages/airflow/example_dags/example_skip_dag.py for tasks to queue
[2025-02-24T03:56:59.324+0000] {logging_mixin.py:188} INFO - [2025-02-24T03:56:59.324+0000] {dagbag.py:540} INFO - Filling up the DagBag from /home/airflow/.local/lib/python3.12/site-packages/airflow/example_dags/example_skip_dag.py
[2025-02-24T03:56:59.332+0000] {processor.py:840} INFO - DAG(s) 'example_skip_dag' retrieved from /home/airflow/.local/lib/python3.12/site-packages/airflow/example_dags/example_skip_dag.py
[2025-02-24T03:56:59.448+0000] {logging_mixin.py:188} INFO - [2025-02-24T03:56:59.448+0000] {dag.py:3096} INFO - Sync 1 DAGs
[2025-02-24T03:56:59.475+0000] {logging_mixin.py:188} INFO - [2025-02-24T03:56:59.475+0000] {dag.py:3954} INFO - Setting next_dagrun for example_skip_dag to 2025-02-23 00:00:00+00:00, run_after=2025-02-24 00:00:00+00:00
[2025-02-24T03:56:59.501+0000] {processor.py:183} INFO - Processing /home/airflow/.local/lib/python3.12/site-packages/airflow/example_dags/example_skip_dag.py took 0.187 seconds
[2025-02-24T03:57:29.888+0000] {processor.py:161} INFO - Started process (PID=431) to work on /home/airflow/.local/lib/python3.12/site-packages/airflow/example_dags/example_skip_dag.py
[2025-02-24T03:57:29.889+0000] {processor.py:830} INFO - Processing file /home/airflow/.local/lib/python3.12/site-packages/airflow/example_dags/example_skip_dag.py for tasks to queue
[2025-02-24T03:57:29.892+0000] {logging_mixin.py:188} INFO - [2025-02-24T03:57:29.892+0000] {dagbag.py:540} INFO - Filling up the DagBag from /home/airflow/.local/lib/python3.12/site-packages/airflow/example_dags/example_skip_dag.py
[2025-02-24T03:57:29.903+0000] {processor.py:840} INFO - DAG(s) 'example_skip_dag' retrieved from /home/airflow/.local/lib/python3.12/site-packages/airflow/example_dags/example_skip_dag.py
[2025-02-24T03:57:29.944+0000] {logging_mixin.py:188} INFO - [2025-02-24T03:57:29.943+0000] {dag.py:3096} INFO - Sync 1 DAGs
[2025-02-24T03:57:29.984+0000] {logging_mixin.py:188} INFO - [2025-02-24T03:57:29.983+0000] {dag.py:3954} INFO - Setting next_dagrun for example_skip_dag to 2025-02-23 00:00:00+00:00, run_after=2025-02-24 00:00:00+00:00
[2025-02-24T03:57:30.018+0000] {processor.py:183} INFO - Processing /home/airflow/.local/lib/python3.12/site-packages/airflow/example_dags/example_skip_dag.py took 0.139 seconds
[2025-02-24T03:58:00.258+0000] {processor.py:161} INFO - Started process (PID=491) to work on /home/airflow/.local/lib/python3.12/site-packages/airflow/example_dags/example_skip_dag.py
[2025-02-24T03:58:00.259+0000] {processor.py:830} INFO - Processing file /home/airflow/.local/lib/python3.12/site-packages/airflow/example_dags/example_skip_dag.py for tasks to queue
[2025-02-24T03:58:00.261+0000] {logging_mixin.py:188} INFO - [2025-02-24T03:58:00.261+0000] {dagbag.py:540} INFO - Filling up the DagBag from /home/airflow/.local/lib/python3.12/site-packages/airflow/example_dags/example_skip_dag.py
[2025-02-24T03:58:00.269+0000] {processor.py:840} INFO - DAG(s) 'example_skip_dag' retrieved from /home/airflow/.local/lib/python3.12/site-packages/airflow/example_dags/example_skip_dag.py
[2025-02-24T03:58:00.296+0000] {logging_mixin.py:188} INFO - [2025-02-24T03:58:00.296+0000] {dag.py:3096} INFO - Sync 1 DAGs
[2025-02-24T03:58:00.324+0000] {logging_mixin.py:188} INFO - [2025-02-24T03:58:00.323+0000] {dag.py:3954} INFO - Setting next_dagrun for example_skip_dag to 2025-02-23 00:00:00+00:00, run_after=2025-02-24 00:00:00+00:00
[2025-02-24T03:58:00.346+0000] {processor.py:183} INFO - Processing /home/airflow/.local/lib/python3.12/site-packages/airflow/example_dags/example_skip_dag.py took 0.095 seconds
[2025-02-24T03:58:45.043+0000] {processor.py:161} INFO - Started process (PID=559) to work on /home/airflow/.local/lib/python3.12/site-packages/airflow/example_dags/example_skip_dag.py
[2025-02-24T03:58:45.060+0000] {processor.py:830} INFO - Processing file /home/airflow/.local/lib/python3.12/site-packages/airflow/example_dags/example_skip_dag.py for tasks to queue
[2025-02-24T03:58:45.066+0000] {logging_mixin.py:188} INFO - [2025-02-24T03:58:45.065+0000] {dagbag.py:540} INFO - Filling up the DagBag from /home/airflow/.local/lib/python3.12/site-packages/airflow/example_dags/example_skip_dag.py
[2025-02-24T03:58:45.080+0000] {processor.py:840} INFO - DAG(s) 'example_skip_dag' retrieved from /home/airflow/.local/lib/python3.12/site-packages/airflow/example_dags/example_skip_dag.py
[2025-02-24T03:58:45.109+0000] {logging_mixin.py:188} INFO - [2025-02-24T03:58:45.108+0000] {dag.py:3096} INFO - Sync 1 DAGs
[2025-02-24T03:58:45.140+0000] {logging_mixin.py:188} INFO - [2025-02-24T03:58:45.140+0000] {dag.py:3954} INFO - Setting next_dagrun for example_skip_dag to 2025-02-23 00:00:00+00:00, run_after=2025-02-24 00:00:00+00:00
[2025-02-24T03:58:45.180+0000] {processor.py:183} INFO - Processing /home/airflow/.local/lib/python3.12/site-packages/airflow/example_dags/example_skip_dag.py took 0.145 seconds
[2025-02-24T03:59:15.657+0000] {processor.py:161} INFO - Started process (PID=619) to work on /home/airflow/.local/lib/python3.12/site-packages/airflow/example_dags/example_skip_dag.py
[2025-02-24T03:59:15.659+0000] {processor.py:830} INFO - Processing file /home/airflow/.local/lib/python3.12/site-packages/airflow/example_dags/example_skip_dag.py for tasks to queue
[2025-02-24T03:59:15.662+0000] {logging_mixin.py:188} INFO - [2025-02-24T03:59:15.662+0000] {dagbag.py:540} INFO - Filling up the DagBag from /home/airflow/.local/lib/python3.12/site-packages/airflow/example_dags/example_skip_dag.py
[2025-02-24T03:59:15.674+0000] {processor.py:840} INFO - DAG(s) 'example_skip_dag' retrieved from /home/airflow/.local/lib/python3.12/site-packages/airflow/example_dags/example_skip_dag.py
[2025-02-24T03:59:15.713+0000] {logging_mixin.py:188} INFO - [2025-02-24T03:59:15.713+0000] {dag.py:3096} INFO - Sync 1 DAGs
[2025-02-24T03:59:15.755+0000] {logging_mixin.py:188} INFO - [2025-02-24T03:59:15.755+0000] {dag.py:3954} INFO - Setting next_dagrun for example_skip_dag to 2025-02-23 00:00:00+00:00, run_after=2025-02-24 00:00:00+00:00
[2025-02-24T03:59:15.789+0000] {processor.py:183} INFO - Processing /home/airflow/.local/lib/python3.12/site-packages/airflow/example_dags/example_skip_dag.py took 0.144 seconds
[2025-02-24T03:59:46.822+0000] {processor.py:161} INFO - Started process (PID=679) to work on /home/airflow/.local/lib/python3.12/site-packages/airflow/example_dags/example_skip_dag.py
[2025-02-24T03:59:46.825+0000] {processor.py:830} INFO - Processing file /home/airflow/.local/lib/python3.12/site-packages/airflow/example_dags/example_skip_dag.py for tasks to queue
[2025-02-24T03:59:46.828+0000] {logging_mixin.py:188} INFO - [2025-02-24T03:59:46.828+0000] {dagbag.py:540} INFO - Filling up the DagBag from /home/airflow/.local/lib/python3.12/site-packages/airflow/example_dags/example_skip_dag.py
[2025-02-24T03:59:46.843+0000] {processor.py:840} INFO - DAG(s) 'example_skip_dag' retrieved from /home/airflow/.local/lib/python3.12/site-packages/airflow/example_dags/example_skip_dag.py
[2025-02-24T03:59:46.871+0000] {logging_mixin.py:188} INFO - [2025-02-24T03:59:46.870+0000] {dag.py:3096} INFO - Sync 1 DAGs
[2025-02-24T03:59:46.898+0000] {logging_mixin.py:188} INFO - [2025-02-24T03:59:46.898+0000] {dag.py:3954} INFO - Setting next_dagrun for example_skip_dag to 2025-02-23 00:00:00+00:00, run_after=2025-02-24 00:00:00+00:00
[2025-02-24T03:59:47.019+0000] {processor.py:183} INFO - Processing /home/airflow/.local/lib/python3.12/site-packages/airflow/example_dags/example_skip_dag.py took 0.208 seconds
[2025-02-24T04:00:17.968+0000] {processor.py:161} INFO - Started process (PID=737) to work on /home/airflow/.local/lib/python3.12/site-packages/airflow/example_dags/example_skip_dag.py
[2025-02-24T04:00:17.969+0000] {processor.py:830} INFO - Processing file /home/airflow/.local/lib/python3.12/site-packages/airflow/example_dags/example_skip_dag.py for tasks to queue
[2025-02-24T04:00:17.972+0000] {logging_mixin.py:188} INFO - [2025-02-24T04:00:17.971+0000] {dagbag.py:540} INFO - Filling up the DagBag from /home/airflow/.local/lib/python3.12/site-packages/airflow/example_dags/example_skip_dag.py
[2025-02-24T04:00:17.981+0000] {processor.py:840} INFO - DAG(s) 'example_skip_dag' retrieved from /home/airflow/.local/lib/python3.12/site-packages/airflow/example_dags/example_skip_dag.py
[2025-02-24T04:00:18.008+0000] {logging_mixin.py:188} INFO - [2025-02-24T04:00:18.008+0000] {dag.py:3096} INFO - Sync 1 DAGs
[2025-02-24T04:00:18.041+0000] {logging_mixin.py:188} INFO - [2025-02-24T04:00:18.041+0000] {dag.py:3954} INFO - Setting next_dagrun for example_skip_dag to 2025-02-23 00:00:00+00:00, run_after=2025-02-24 00:00:00+00:00
[2025-02-24T04:00:18.066+0000] {processor.py:183} INFO - Processing /home/airflow/.local/lib/python3.12/site-packages/airflow/example_dags/example_skip_dag.py took 0.105 seconds
[2025-02-24T04:00:48.882+0000] {processor.py:161} INFO - Started process (PID=797) to work on /home/airflow/.local/lib/python3.12/site-packages/airflow/example_dags/example_skip_dag.py
[2025-02-24T04:00:48.884+0000] {processor.py:830} INFO - Processing file /home/airflow/.local/lib/python3.12/site-packages/airflow/example_dags/example_skip_dag.py for tasks to queue
[2025-02-24T04:00:48.887+0000] {logging_mixin.py:188} INFO - [2025-02-24T04:00:48.886+0000] {dagbag.py:540} INFO - Filling up the DagBag from /home/airflow/.local/lib/python3.12/site-packages/airflow/example_dags/example_skip_dag.py
[2025-02-24T04:00:48.902+0000] {processor.py:840} INFO - DAG(s) 'example_skip_dag' retrieved from /home/airflow/.local/lib/python3.12/site-packages/airflow/example_dags/example_skip_dag.py
[2025-02-24T04:00:48.954+0000] {logging_mixin.py:188} INFO - [2025-02-24T04:00:48.954+0000] {dag.py:3096} INFO - Sync 1 DAGs
[2025-02-24T04:00:48.984+0000] {logging_mixin.py:188} INFO - [2025-02-24T04:00:48.983+0000] {dag.py:3954} INFO - Setting next_dagrun for example_skip_dag to 2025-02-23 00:00:00+00:00, run_after=2025-02-24 00:00:00+00:00
[2025-02-24T04:00:49.007+0000] {processor.py:183} INFO - Processing /home/airflow/.local/lib/python3.12/site-packages/airflow/example_dags/example_skip_dag.py took 0.133 seconds
[2025-02-24T04:01:19.378+0000] {processor.py:161} INFO - Started process (PID=857) to work on /home/airflow/.local/lib/python3.12/site-packages/airflow/example_dags/example_skip_dag.py
[2025-02-24T04:01:19.381+0000] {processor.py:830} INFO - Processing file /home/airflow/.local/lib/python3.12/site-packages/airflow/example_dags/example_skip_dag.py for tasks to queue
[2025-02-24T04:01:19.386+0000] {logging_mixin.py:188} INFO - [2025-02-24T04:01:19.385+0000] {dagbag.py:540} INFO - Filling up the DagBag from /home/airflow/.local/lib/python3.12/site-packages/airflow/example_dags/example_skip_dag.py
[2025-02-24T04:01:19.416+0000] {processor.py:840} INFO - DAG(s) 'example_skip_dag' retrieved from /home/airflow/.local/lib/python3.12/site-packages/airflow/example_dags/example_skip_dag.py
[2025-02-24T04:01:19.458+0000] {logging_mixin.py:188} INFO - [2025-02-24T04:01:19.457+0000] {dag.py:3096} INFO - Sync 1 DAGs
[2025-02-24T04:01:19.498+0000] {logging_mixin.py:188} INFO - [2025-02-24T04:01:19.498+0000] {dag.py:3954} INFO - Setting next_dagrun for example_skip_dag to 2025-02-23 00:00:00+00:00, run_after=2025-02-24 00:00:00+00:00
[2025-02-24T04:01:19.523+0000] {processor.py:183} INFO - Processing /home/airflow/.local/lib/python3.12/site-packages/airflow/example_dags/example_skip_dag.py took 0.156 seconds
[2025-02-24T04:01:49.923+0000] {processor.py:161} INFO - Started process (PID=918) to work on /home/airflow/.local/lib/python3.12/site-packages/airflow/example_dags/example_skip_dag.py
[2025-02-24T04:01:49.925+0000] {processor.py:830} INFO - Processing file /home/airflow/.local/lib/python3.12/site-packages/airflow/example_dags/example_skip_dag.py for tasks to queue
[2025-02-24T04:01:49.927+0000] {logging_mixin.py:188} INFO - [2025-02-24T04:01:49.927+0000] {dagbag.py:540} INFO - Filling up the DagBag from /home/airflow/.local/lib/python3.12/site-packages/airflow/example_dags/example_skip_dag.py
[2025-02-24T04:01:49.937+0000] {processor.py:840} INFO - DAG(s) 'example_skip_dag' retrieved from /home/airflow/.local/lib/python3.12/site-packages/airflow/example_dags/example_skip_dag.py
[2025-02-24T04:01:49.967+0000] {logging_mixin.py:188} INFO - [2025-02-24T04:01:49.966+0000] {dag.py:3096} INFO - Sync 1 DAGs
[2025-02-24T04:01:50.029+0000] {logging_mixin.py:188} INFO - [2025-02-24T04:01:50.028+0000] {dag.py:3954} INFO - Setting next_dagrun for example_skip_dag to 2025-02-23 00:00:00+00:00, run_after=2025-02-24 00:00:00+00:00
[2025-02-24T04:01:50.060+0000] {processor.py:183} INFO - Processing /home/airflow/.local/lib/python3.12/site-packages/airflow/example_dags/example_skip_dag.py took 0.144 seconds
[2025-02-24T04:02:20.346+0000] {processor.py:161} INFO - Started process (PID=977) to work on /home/airflow/.local/lib/python3.12/site-packages/airflow/example_dags/example_skip_dag.py
[2025-02-24T04:02:20.348+0000] {processor.py:830} INFO - Processing file /home/airflow/.local/lib/python3.12/site-packages/airflow/example_dags/example_skip_dag.py for tasks to queue
[2025-02-24T04:02:20.350+0000] {logging_mixin.py:188} INFO - [2025-02-24T04:02:20.350+0000] {dagbag.py:540} INFO - Filling up the DagBag from /home/airflow/.local/lib/python3.12/site-packages/airflow/example_dags/example_skip_dag.py
[2025-02-24T04:02:20.361+0000] {processor.py:840} INFO - DAG(s) 'example_skip_dag' retrieved from /home/airflow/.local/lib/python3.12/site-packages/airflow/example_dags/example_skip_dag.py
[2025-02-24T04:02:20.387+0000] {logging_mixin.py:188} INFO - [2025-02-24T04:02:20.387+0000] {dag.py:3096} INFO - Sync 1 DAGs
[2025-02-24T04:02:20.414+0000] {logging_mixin.py:188} INFO - [2025-02-24T04:02:20.414+0000] {dag.py:3954} INFO - Setting next_dagrun for example_skip_dag to 2025-02-23 00:00:00+00:00, run_after=2025-02-24 00:00:00+00:00
[2025-02-24T04:02:20.440+0000] {processor.py:183} INFO - Processing /home/airflow/.local/lib/python3.12/site-packages/airflow/example_dags/example_skip_dag.py took 0.101 seconds
[2025-02-24T04:02:50.683+0000] {processor.py:161} INFO - Started process (PID=1048) to work on /home/airflow/.local/lib/python3.12/site-packages/airflow/example_dags/example_skip_dag.py
[2025-02-24T04:02:50.685+0000] {processor.py:830} INFO - Processing file /home/airflow/.local/lib/python3.12/site-packages/airflow/example_dags/example_skip_dag.py for tasks to queue
[2025-02-24T04:02:50.687+0000] {logging_mixin.py:188} INFO - [2025-02-24T04:02:50.687+0000] {dagbag.py:540} INFO - Filling up the DagBag from /home/airflow/.local/lib/python3.12/site-packages/airflow/example_dags/example_skip_dag.py
[2025-02-24T04:02:50.695+0000] {processor.py:840} INFO - DAG(s) 'example_skip_dag' retrieved from /home/airflow/.local/lib/python3.12/site-packages/airflow/example_dags/example_skip_dag.py
[2025-02-24T04:02:50.720+0000] {logging_mixin.py:188} INFO - [2025-02-24T04:02:50.720+0000] {dag.py:3096} INFO - Sync 1 DAGs
[2025-02-24T04:02:50.747+0000] {logging_mixin.py:188} INFO - [2025-02-24T04:02:50.747+0000] {dag.py:3954} INFO - Setting next_dagrun for example_skip_dag to 2025-02-23 00:00:00+00:00, run_after=2025-02-24 00:00:00+00:00
[2025-02-24T04:02:50.771+0000] {processor.py:183} INFO - Processing /home/airflow/.local/lib/python3.12/site-packages/airflow/example_dags/example_skip_dag.py took 0.094 seconds
[2025-02-24T04:03:22.072+0000] {processor.py:161} INFO - Started process (PID=1108) to work on /home/airflow/.local/lib/python3.12/site-packages/airflow/example_dags/example_skip_dag.py
[2025-02-24T04:03:22.074+0000] {processor.py:830} INFO - Processing file /home/airflow/.local/lib/python3.12/site-packages/airflow/example_dags/example_skip_dag.py for tasks to queue
[2025-02-24T04:03:22.076+0000] {logging_mixin.py:188} INFO - [2025-02-24T04:03:22.075+0000] {dagbag.py:540} INFO - Filling up the DagBag from /home/airflow/.local/lib/python3.12/site-packages/airflow/example_dags/example_skip_dag.py
[2025-02-24T04:03:22.084+0000] {processor.py:840} INFO - DAG(s) 'example_skip_dag' retrieved from /home/airflow/.local/lib/python3.12/site-packages/airflow/example_dags/example_skip_dag.py
[2025-02-24T04:03:22.108+0000] {logging_mixin.py:188} INFO - [2025-02-24T04:03:22.108+0000] {dag.py:3096} INFO - Sync 1 DAGs
[2025-02-24T04:03:22.134+0000] {logging_mixin.py:188} INFO - [2025-02-24T04:03:22.133+0000] {dag.py:3954} INFO - Setting next_dagrun for example_skip_dag to 2025-02-23 00:00:00+00:00, run_after=2025-02-24 00:00:00+00:00
[2025-02-24T04:03:22.404+0000] {processor.py:183} INFO - Processing /home/airflow/.local/lib/python3.12/site-packages/airflow/example_dags/example_skip_dag.py took 0.338 seconds
[2025-02-24T04:03:52.551+0000] {processor.py:161} INFO - Started process (PID=1168) to work on /home/airflow/.local/lib/python3.12/site-packages/airflow/example_dags/example_skip_dag.py
[2025-02-24T04:03:52.553+0000] {processor.py:830} INFO - Processing file /home/airflow/.local/lib/python3.12/site-packages/airflow/example_dags/example_skip_dag.py for tasks to queue
[2025-02-24T04:03:52.556+0000] {logging_mixin.py:188} INFO - [2025-02-24T04:03:52.555+0000] {dagbag.py:540} INFO - Filling up the DagBag from /home/airflow/.local/lib/python3.12/site-packages/airflow/example_dags/example_skip_dag.py
[2025-02-24T04:03:52.566+0000] {processor.py:840} INFO - DAG(s) 'example_skip_dag' retrieved from /home/airflow/.local/lib/python3.12/site-packages/airflow/example_dags/example_skip_dag.py
[2025-02-24T04:03:52.595+0000] {logging_mixin.py:188} INFO - [2025-02-24T04:03:52.595+0000] {dag.py:3096} INFO - Sync 1 DAGs
[2025-02-24T04:03:52.631+0000] {logging_mixin.py:188} INFO - [2025-02-24T04:03:52.631+0000] {dag.py:3954} INFO - Setting next_dagrun for example_skip_dag to 2025-02-23 00:00:00+00:00, run_after=2025-02-24 00:00:00+00:00
[2025-02-24T04:03:52.660+0000] {processor.py:183} INFO - Processing /home/airflow/.local/lib/python3.12/site-packages/airflow/example_dags/example_skip_dag.py took 0.117 seconds
[2025-02-24T04:04:23.317+0000] {processor.py:161} INFO - Started process (PID=1228) to work on /home/airflow/.local/lib/python3.12/site-packages/airflow/example_dags/example_skip_dag.py
[2025-02-24T04:04:23.319+0000] {processor.py:830} INFO - Processing file /home/airflow/.local/lib/python3.12/site-packages/airflow/example_dags/example_skip_dag.py for tasks to queue
[2025-02-24T04:04:23.322+0000] {logging_mixin.py:188} INFO - [2025-02-24T04:04:23.322+0000] {dagbag.py:540} INFO - Filling up the DagBag from /home/airflow/.local/lib/python3.12/site-packages/airflow/example_dags/example_skip_dag.py
[2025-02-24T04:04:23.337+0000] {processor.py:840} INFO - DAG(s) 'example_skip_dag' retrieved from /home/airflow/.local/lib/python3.12/site-packages/airflow/example_dags/example_skip_dag.py
[2025-02-24T04:04:23.369+0000] {logging_mixin.py:188} INFO - [2025-02-24T04:04:23.368+0000] {dag.py:3096} INFO - Sync 1 DAGs
[2025-02-24T04:04:23.639+0000] {logging_mixin.py:188} INFO - [2025-02-24T04:04:23.639+0000] {dag.py:3954} INFO - Setting next_dagrun for example_skip_dag to 2025-02-23 00:00:00+00:00, run_after=2025-02-24 00:00:00+00:00
[2025-02-24T04:04:23.664+0000] {processor.py:183} INFO - Processing /home/airflow/.local/lib/python3.12/site-packages/airflow/example_dags/example_skip_dag.py took 0.359 seconds
[2025-02-24T04:04:56.150+0000] {processor.py:161} INFO - Started process (PID=1288) to work on /home/airflow/.local/lib/python3.12/site-packages/airflow/example_dags/example_skip_dag.py
[2025-02-24T04:04:56.154+0000] {processor.py:830} INFO - Processing file /home/airflow/.local/lib/python3.12/site-packages/airflow/example_dags/example_skip_dag.py for tasks to queue
[2025-02-24T04:04:56.158+0000] {logging_mixin.py:188} INFO - [2025-02-24T04:04:56.158+0000] {dagbag.py:540} INFO - Filling up the DagBag from /home/airflow/.local/lib/python3.12/site-packages/airflow/example_dags/example_skip_dag.py
[2025-02-24T04:04:56.168+0000] {processor.py:840} INFO - DAG(s) 'example_skip_dag' retrieved from /home/airflow/.local/lib/python3.12/site-packages/airflow/example_dags/example_skip_dag.py
[2025-02-24T04:04:56.215+0000] {logging_mixin.py:188} INFO - [2025-02-24T04:04:56.214+0000] {dag.py:3096} INFO - Sync 1 DAGs
[2025-02-24T04:04:56.254+0000] {logging_mixin.py:188} INFO - [2025-02-24T04:04:56.253+0000] {dag.py:3954} INFO - Setting next_dagrun for example_skip_dag to 2025-02-23 00:00:00+00:00, run_after=2025-02-24 00:00:00+00:00
[2025-02-24T04:04:56.678+0000] {processor.py:183} INFO - Processing /home/airflow/.local/lib/python3.12/site-packages/airflow/example_dags/example_skip_dag.py took 0.535 seconds
[2025-02-24T04:05:27.545+0000] {processor.py:161} INFO - Started process (PID=1352) to work on /home/airflow/.local/lib/python3.12/site-packages/airflow/example_dags/example_skip_dag.py
[2025-02-24T04:05:27.547+0000] {processor.py:830} INFO - Processing file /home/airflow/.local/lib/python3.12/site-packages/airflow/example_dags/example_skip_dag.py for tasks to queue
[2025-02-24T04:05:27.549+0000] {logging_mixin.py:188} INFO - [2025-02-24T04:05:27.549+0000] {dagbag.py:540} INFO - Filling up the DagBag from /home/airflow/.local/lib/python3.12/site-packages/airflow/example_dags/example_skip_dag.py
[2025-02-24T04:05:27.557+0000] {processor.py:840} INFO - DAG(s) 'example_skip_dag' retrieved from /home/airflow/.local/lib/python3.12/site-packages/airflow/example_dags/example_skip_dag.py
[2025-02-24T04:05:27.582+0000] {logging_mixin.py:188} INFO - [2025-02-24T04:05:27.582+0000] {dag.py:3096} INFO - Sync 1 DAGs
[2025-02-24T04:05:27.608+0000] {logging_mixin.py:188} INFO - [2025-02-24T04:05:27.608+0000] {dag.py:3954} INFO - Setting next_dagrun for example_skip_dag to 2025-02-23 00:00:00+00:00, run_after=2025-02-24 00:00:00+00:00
[2025-02-24T04:05:27.629+0000] {processor.py:183} INFO - Processing /home/airflow/.local/lib/python3.12/site-packages/airflow/example_dags/example_skip_dag.py took 0.091 seconds
[2025-02-24T04:05:57.900+0000] {processor.py:161} INFO - Started process (PID=1413) to work on /home/airflow/.local/lib/python3.12/site-packages/airflow/example_dags/example_skip_dag.py
[2025-02-24T04:05:57.902+0000] {processor.py:830} INFO - Processing file /home/airflow/.local/lib/python3.12/site-packages/airflow/example_dags/example_skip_dag.py for tasks to queue
[2025-02-24T04:05:57.905+0000] {logging_mixin.py:188} INFO - [2025-02-24T04:05:57.904+0000] {dagbag.py:540} INFO - Filling up the DagBag from /home/airflow/.local/lib/python3.12/site-packages/airflow/example_dags/example_skip_dag.py
[2025-02-24T04:05:57.916+0000] {processor.py:840} INFO - DAG(s) 'example_skip_dag' retrieved from /home/airflow/.local/lib/python3.12/site-packages/airflow/example_dags/example_skip_dag.py
[2025-02-24T04:05:57.943+0000] {logging_mixin.py:188} INFO - [2025-02-24T04:05:57.943+0000] {dag.py:3096} INFO - Sync 1 DAGs
[2025-02-24T04:05:57.971+0000] {logging_mixin.py:188} INFO - [2025-02-24T04:05:57.971+0000] {dag.py:3954} INFO - Setting next_dagrun for example_skip_dag to 2025-02-23 00:00:00+00:00, run_after=2025-02-24 00:00:00+00:00
[2025-02-24T04:05:58.000+0000] {processor.py:183} INFO - Processing /home/airflow/.local/lib/python3.12/site-packages/airflow/example_dags/example_skip_dag.py took 0.108 seconds
[2025-02-24T04:06:28.622+0000] {processor.py:161} INFO - Started process (PID=1474) to work on /home/airflow/.local/lib/python3.12/site-packages/airflow/example_dags/example_skip_dag.py
[2025-02-24T04:06:28.623+0000] {processor.py:830} INFO - Processing file /home/airflow/.local/lib/python3.12/site-packages/airflow/example_dags/example_skip_dag.py for tasks to queue
[2025-02-24T04:06:28.626+0000] {logging_mixin.py:188} INFO - [2025-02-24T04:06:28.625+0000] {dagbag.py:540} INFO - Filling up the DagBag from /home/airflow/.local/lib/python3.12/site-packages/airflow/example_dags/example_skip_dag.py
[2025-02-24T04:06:28.635+0000] {processor.py:840} INFO - DAG(s) 'example_skip_dag' retrieved from /home/airflow/.local/lib/python3.12/site-packages/airflow/example_dags/example_skip_dag.py
[2025-02-24T04:06:28.660+0000] {logging_mixin.py:188} INFO - [2025-02-24T04:06:28.660+0000] {dag.py:3096} INFO - Sync 1 DAGs
[2025-02-24T04:06:28.686+0000] {logging_mixin.py:188} INFO - [2025-02-24T04:06:28.686+0000] {dag.py:3954} INFO - Setting next_dagrun for example_skip_dag to 2025-02-23 00:00:00+00:00, run_after=2025-02-24 00:00:00+00:00
[2025-02-24T04:06:28.706+0000] {processor.py:183} INFO - Processing /home/airflow/.local/lib/python3.12/site-packages/airflow/example_dags/example_skip_dag.py took 0.092 seconds
[2025-02-24T04:06:59.190+0000] {processor.py:161} INFO - Started process (PID=1540) to work on /home/airflow/.local/lib/python3.12/site-packages/airflow/example_dags/example_skip_dag.py
[2025-02-24T04:06:59.191+0000] {processor.py:830} INFO - Processing file /home/airflow/.local/lib/python3.12/site-packages/airflow/example_dags/example_skip_dag.py for tasks to queue
[2025-02-24T04:06:59.195+0000] {logging_mixin.py:188} INFO - [2025-02-24T04:06:59.194+0000] {dagbag.py:540} INFO - Filling up the DagBag from /home/airflow/.local/lib/python3.12/site-packages/airflow/example_dags/example_skip_dag.py
[2025-02-24T04:06:59.207+0000] {processor.py:840} INFO - DAG(s) 'example_skip_dag' retrieved from /home/airflow/.local/lib/python3.12/site-packages/airflow/example_dags/example_skip_dag.py
[2025-02-24T04:06:59.245+0000] {logging_mixin.py:188} INFO - [2025-02-24T04:06:59.245+0000] {dag.py:3096} INFO - Sync 1 DAGs
[2025-02-24T04:06:59.285+0000] {logging_mixin.py:188} INFO - [2025-02-24T04:06:59.285+0000] {dag.py:3954} INFO - Setting next_dagrun for example_skip_dag to 2025-02-23 00:00:00+00:00, run_after=2025-02-24 00:00:00+00:00
[2025-02-24T04:06:59.321+0000] {processor.py:183} INFO - Processing /home/airflow/.local/lib/python3.12/site-packages/airflow/example_dags/example_skip_dag.py took 0.142 seconds
[2025-02-24T04:07:33.349+0000] {processor.py:161} INFO - Started process (PID=1600) to work on /home/airflow/.local/lib/python3.12/site-packages/airflow/example_dags/example_skip_dag.py
[2025-02-24T04:07:33.351+0000] {processor.py:830} INFO - Processing file /home/airflow/.local/lib/python3.12/site-packages/airflow/example_dags/example_skip_dag.py for tasks to queue
[2025-02-24T04:07:33.355+0000] {logging_mixin.py:188} INFO - [2025-02-24T04:07:33.354+0000] {dagbag.py:540} INFO - Filling up the DagBag from /home/airflow/.local/lib/python3.12/site-packages/airflow/example_dags/example_skip_dag.py
[2025-02-24T04:07:33.369+0000] {processor.py:840} INFO - DAG(s) 'example_skip_dag' retrieved from /home/airflow/.local/lib/python3.12/site-packages/airflow/example_dags/example_skip_dag.py
[2025-02-24T04:07:33.410+0000] {logging_mixin.py:188} INFO - [2025-02-24T04:07:33.409+0000] {dag.py:3096} INFO - Sync 1 DAGs
[2025-02-24T04:07:33.453+0000] {logging_mixin.py:188} INFO - [2025-02-24T04:07:33.453+0000] {dag.py:3954} INFO - Setting next_dagrun for example_skip_dag to 2025-02-23 00:00:00+00:00, run_after=2025-02-24 00:00:00+00:00
[2025-02-24T04:07:33.502+0000] {processor.py:183} INFO - Processing /home/airflow/.local/lib/python3.12/site-packages/airflow/example_dags/example_skip_dag.py took 0.166 seconds
[2025-02-24T04:08:03.600+0000] {processor.py:161} INFO - Started process (PID=1660) to work on /home/airflow/.local/lib/python3.12/site-packages/airflow/example_dags/example_skip_dag.py
[2025-02-24T04:08:03.602+0000] {processor.py:830} INFO - Processing file /home/airflow/.local/lib/python3.12/site-packages/airflow/example_dags/example_skip_dag.py for tasks to queue
[2025-02-24T04:08:03.606+0000] {logging_mixin.py:188} INFO - [2025-02-24T04:08:03.606+0000] {dagbag.py:540} INFO - Filling up the DagBag from /home/airflow/.local/lib/python3.12/site-packages/airflow/example_dags/example_skip_dag.py
[2025-02-24T04:08:03.615+0000] {processor.py:840} INFO - DAG(s) 'example_skip_dag' retrieved from /home/airflow/.local/lib/python3.12/site-packages/airflow/example_dags/example_skip_dag.py
[2025-02-24T04:08:03.642+0000] {logging_mixin.py:188} INFO - [2025-02-24T04:08:03.642+0000] {dag.py:3096} INFO - Sync 1 DAGs
[2025-02-24T04:08:03.668+0000] {logging_mixin.py:188} INFO - [2025-02-24T04:08:03.668+0000] {dag.py:3954} INFO - Setting next_dagrun for example_skip_dag to 2025-02-23 00:00:00+00:00, run_after=2025-02-24 00:00:00+00:00
[2025-02-24T04:08:03.689+0000] {processor.py:183} INFO - Processing /home/airflow/.local/lib/python3.12/site-packages/airflow/example_dags/example_skip_dag.py took 0.096 seconds
[2025-02-24T04:08:33.926+0000] {processor.py:161} INFO - Started process (PID=1720) to work on /home/airflow/.local/lib/python3.12/site-packages/airflow/example_dags/example_skip_dag.py
[2025-02-24T04:08:33.927+0000] {processor.py:830} INFO - Processing file /home/airflow/.local/lib/python3.12/site-packages/airflow/example_dags/example_skip_dag.py for tasks to queue
[2025-02-24T04:08:33.930+0000] {logging_mixin.py:188} INFO - [2025-02-24T04:08:33.929+0000] {dagbag.py:540} INFO - Filling up the DagBag from /home/airflow/.local/lib/python3.12/site-packages/airflow/example_dags/example_skip_dag.py
[2025-02-24T04:08:33.938+0000] {processor.py:840} INFO - DAG(s) 'example_skip_dag' retrieved from /home/airflow/.local/lib/python3.12/site-packages/airflow/example_dags/example_skip_dag.py
[2025-02-24T04:08:33.964+0000] {logging_mixin.py:188} INFO - [2025-02-24T04:08:33.963+0000] {dag.py:3096} INFO - Sync 1 DAGs
[2025-02-24T04:08:33.990+0000] {logging_mixin.py:188} INFO - [2025-02-24T04:08:33.990+0000] {dag.py:3954} INFO - Setting next_dagrun for example_skip_dag to 2025-02-23 00:00:00+00:00, run_after=2025-02-24 00:00:00+00:00
[2025-02-24T04:08:34.018+0000] {processor.py:183} INFO - Processing /home/airflow/.local/lib/python3.12/site-packages/airflow/example_dags/example_skip_dag.py took 0.099 seconds
[2025-02-24T04:09:05.026+0000] {processor.py:161} INFO - Started process (PID=1780) to work on /home/airflow/.local/lib/python3.12/site-packages/airflow/example_dags/example_skip_dag.py
[2025-02-24T04:09:05.027+0000] {processor.py:830} INFO - Processing file /home/airflow/.local/lib/python3.12/site-packages/airflow/example_dags/example_skip_dag.py for tasks to queue
[2025-02-24T04:09:05.030+0000] {logging_mixin.py:188} INFO - [2025-02-24T04:09:05.029+0000] {dagbag.py:540} INFO - Filling up the DagBag from /home/airflow/.local/lib/python3.12/site-packages/airflow/example_dags/example_skip_dag.py
[2025-02-24T04:09:05.038+0000] {processor.py:840} INFO - DAG(s) 'example_skip_dag' retrieved from /home/airflow/.local/lib/python3.12/site-packages/airflow/example_dags/example_skip_dag.py
[2025-02-24T04:09:05.063+0000] {logging_mixin.py:188} INFO - [2025-02-24T04:09:05.063+0000] {dag.py:3096} INFO - Sync 1 DAGs
[2025-02-24T04:09:05.091+0000] {logging_mixin.py:188} INFO - [2025-02-24T04:09:05.091+0000] {dag.py:3954} INFO - Setting next_dagrun for example_skip_dag to 2025-02-23 00:00:00+00:00, run_after=2025-02-24 00:00:00+00:00
[2025-02-24T04:09:05.121+0000] {processor.py:183} INFO - Processing /home/airflow/.local/lib/python3.12/site-packages/airflow/example_dags/example_skip_dag.py took 0.102 seconds
[2025-02-24T04:09:35.475+0000] {processor.py:161} INFO - Started process (PID=1841) to work on /home/airflow/.local/lib/python3.12/site-packages/airflow/example_dags/example_skip_dag.py
[2025-02-24T04:09:35.476+0000] {processor.py:830} INFO - Processing file /home/airflow/.local/lib/python3.12/site-packages/airflow/example_dags/example_skip_dag.py for tasks to queue
[2025-02-24T04:09:35.479+0000] {logging_mixin.py:188} INFO - [2025-02-24T04:09:35.479+0000] {dagbag.py:540} INFO - Filling up the DagBag from /home/airflow/.local/lib/python3.12/site-packages/airflow/example_dags/example_skip_dag.py
[2025-02-24T04:09:35.487+0000] {processor.py:840} INFO - DAG(s) 'example_skip_dag' retrieved from /home/airflow/.local/lib/python3.12/site-packages/airflow/example_dags/example_skip_dag.py
[2025-02-24T04:09:35.519+0000] {logging_mixin.py:188} INFO - [2025-02-24T04:09:35.518+0000] {dag.py:3096} INFO - Sync 1 DAGs
[2025-02-24T04:09:35.552+0000] {logging_mixin.py:188} INFO - [2025-02-24T04:09:35.552+0000] {dag.py:3954} INFO - Setting next_dagrun for example_skip_dag to 2025-02-23 00:00:00+00:00, run_after=2025-02-24 00:00:00+00:00
[2025-02-24T04:09:35.573+0000] {processor.py:183} INFO - Processing /home/airflow/.local/lib/python3.12/site-packages/airflow/example_dags/example_skip_dag.py took 0.108 seconds
[2025-02-24T04:10:06.055+0000] {processor.py:161} INFO - Started process (PID=1901) to work on /home/airflow/.local/lib/python3.12/site-packages/airflow/example_dags/example_skip_dag.py
[2025-02-24T04:10:06.057+0000] {processor.py:830} INFO - Processing file /home/airflow/.local/lib/python3.12/site-packages/airflow/example_dags/example_skip_dag.py for tasks to queue
[2025-02-24T04:10:06.059+0000] {logging_mixin.py:188} INFO - [2025-02-24T04:10:06.059+0000] {dagbag.py:540} INFO - Filling up the DagBag from /home/airflow/.local/lib/python3.12/site-packages/airflow/example_dags/example_skip_dag.py
[2025-02-24T04:10:06.067+0000] {processor.py:840} INFO - DAG(s) 'example_skip_dag' retrieved from /home/airflow/.local/lib/python3.12/site-packages/airflow/example_dags/example_skip_dag.py
[2025-02-24T04:10:06.093+0000] {logging_mixin.py:188} INFO - [2025-02-24T04:10:06.093+0000] {dag.py:3096} INFO - Sync 1 DAGs
[2025-02-24T04:10:06.117+0000] {logging_mixin.py:188} INFO - [2025-02-24T04:10:06.117+0000] {dag.py:3954} INFO - Setting next_dagrun for example_skip_dag to 2025-02-23 00:00:00+00:00, run_after=2025-02-24 00:00:00+00:00
[2025-02-24T04:10:06.140+0000] {processor.py:183} INFO - Processing /home/airflow/.local/lib/python3.12/site-packages/airflow/example_dags/example_skip_dag.py took 0.092 seconds
[2025-02-24T04:10:36.251+0000] {processor.py:161} INFO - Started process (PID=1967) to work on /home/airflow/.local/lib/python3.12/site-packages/airflow/example_dags/example_skip_dag.py
[2025-02-24T04:10:36.253+0000] {processor.py:830} INFO - Processing file /home/airflow/.local/lib/python3.12/site-packages/airflow/example_dags/example_skip_dag.py for tasks to queue
[2025-02-24T04:10:36.255+0000] {logging_mixin.py:188} INFO - [2025-02-24T04:10:36.255+0000] {dagbag.py:540} INFO - Filling up the DagBag from /home/airflow/.local/lib/python3.12/site-packages/airflow/example_dags/example_skip_dag.py
[2025-02-24T04:10:36.266+0000] {processor.py:840} INFO - DAG(s) 'example_skip_dag' retrieved from /home/airflow/.local/lib/python3.12/site-packages/airflow/example_dags/example_skip_dag.py
[2025-02-24T04:10:36.296+0000] {logging_mixin.py:188} INFO - [2025-02-24T04:10:36.296+0000] {dag.py:3096} INFO - Sync 1 DAGs
[2025-02-24T04:10:36.324+0000] {logging_mixin.py:188} INFO - [2025-02-24T04:10:36.324+0000] {dag.py:3954} INFO - Setting next_dagrun for example_skip_dag to 2025-02-23 00:00:00+00:00, run_after=2025-02-24 00:00:00+00:00
[2025-02-24T04:10:36.354+0000] {processor.py:183} INFO - Processing /home/airflow/.local/lib/python3.12/site-packages/airflow/example_dags/example_skip_dag.py took 0.114 seconds
[2025-02-24T04:11:06.610+0000] {processor.py:161} INFO - Started process (PID=2033) to work on /home/airflow/.local/lib/python3.12/site-packages/airflow/example_dags/example_skip_dag.py
[2025-02-24T04:11:06.611+0000] {processor.py:830} INFO - Processing file /home/airflow/.local/lib/python3.12/site-packages/airflow/example_dags/example_skip_dag.py for tasks to queue
[2025-02-24T04:11:06.615+0000] {logging_mixin.py:188} INFO - [2025-02-24T04:11:06.614+0000] {dagbag.py:540} INFO - Filling up the DagBag from /home/airflow/.local/lib/python3.12/site-packages/airflow/example_dags/example_skip_dag.py
[2025-02-24T04:11:06.626+0000] {processor.py:840} INFO - DAG(s) 'example_skip_dag' retrieved from /home/airflow/.local/lib/python3.12/site-packages/airflow/example_dags/example_skip_dag.py
[2025-02-24T04:11:06.663+0000] {logging_mixin.py:188} INFO - [2025-02-24T04:11:06.663+0000] {dag.py:3096} INFO - Sync 1 DAGs
[2025-02-24T04:11:06.715+0000] {logging_mixin.py:188} INFO - [2025-02-24T04:11:06.715+0000] {dag.py:3954} INFO - Setting next_dagrun for example_skip_dag to 2025-02-23 00:00:00+00:00, run_after=2025-02-24 00:00:00+00:00
[2025-02-24T04:11:06.745+0000] {processor.py:183} INFO - Processing /home/airflow/.local/lib/python3.12/site-packages/airflow/example_dags/example_skip_dag.py took 0.147 seconds
[2025-02-24T04:11:37.427+0000] {processor.py:161} INFO - Started process (PID=2099) to work on /home/airflow/.local/lib/python3.12/site-packages/airflow/example_dags/example_skip_dag.py
[2025-02-24T04:11:37.429+0000] {processor.py:830} INFO - Processing file /home/airflow/.local/lib/python3.12/site-packages/airflow/example_dags/example_skip_dag.py for tasks to queue
[2025-02-24T04:11:37.431+0000] {logging_mixin.py:188} INFO - [2025-02-24T04:11:37.431+0000] {dagbag.py:540} INFO - Filling up the DagBag from /home/airflow/.local/lib/python3.12/site-packages/airflow/example_dags/example_skip_dag.py
[2025-02-24T04:11:37.441+0000] {processor.py:840} INFO - DAG(s) 'example_skip_dag' retrieved from /home/airflow/.local/lib/python3.12/site-packages/airflow/example_dags/example_skip_dag.py
[2025-02-24T04:11:37.477+0000] {logging_mixin.py:188} INFO - [2025-02-24T04:11:37.477+0000] {dag.py:3096} INFO - Sync 1 DAGs
[2025-02-24T04:11:37.516+0000] {logging_mixin.py:188} INFO - [2025-02-24T04:11:37.516+0000] {dag.py:3954} INFO - Setting next_dagrun for example_skip_dag to 2025-02-23 00:00:00+00:00, run_after=2025-02-24 00:00:00+00:00
[2025-02-24T04:11:37.549+0000] {processor.py:183} INFO - Processing /home/airflow/.local/lib/python3.12/site-packages/airflow/example_dags/example_skip_dag.py took 0.130 seconds
[2025-02-24T04:12:07.754+0000] {processor.py:161} INFO - Started process (PID=2166) to work on /home/airflow/.local/lib/python3.12/site-packages/airflow/example_dags/example_skip_dag.py
[2025-02-24T04:12:07.755+0000] {processor.py:830} INFO - Processing file /home/airflow/.local/lib/python3.12/site-packages/airflow/example_dags/example_skip_dag.py for tasks to queue
[2025-02-24T04:12:07.758+0000] {logging_mixin.py:188} INFO - [2025-02-24T04:12:07.757+0000] {dagbag.py:540} INFO - Filling up the DagBag from /home/airflow/.local/lib/python3.12/site-packages/airflow/example_dags/example_skip_dag.py
[2025-02-24T04:12:07.766+0000] {processor.py:840} INFO - DAG(s) 'example_skip_dag' retrieved from /home/airflow/.local/lib/python3.12/site-packages/airflow/example_dags/example_skip_dag.py
[2025-02-24T04:12:07.793+0000] {logging_mixin.py:188} INFO - [2025-02-24T04:12:07.793+0000] {dag.py:3096} INFO - Sync 1 DAGs
[2025-02-24T04:12:07.820+0000] {logging_mixin.py:188} INFO - [2025-02-24T04:12:07.820+0000] {dag.py:3954} INFO - Setting next_dagrun for example_skip_dag to 2025-02-23 00:00:00+00:00, run_after=2025-02-24 00:00:00+00:00
[2025-02-24T04:12:07.843+0000] {processor.py:183} INFO - Processing /home/airflow/.local/lib/python3.12/site-packages/airflow/example_dags/example_skip_dag.py took 0.098 seconds
[2025-02-24T04:12:38.485+0000] {processor.py:161} INFO - Started process (PID=2235) to work on /home/airflow/.local/lib/python3.12/site-packages/airflow/example_dags/example_skip_dag.py
[2025-02-24T04:12:38.486+0000] {processor.py:830} INFO - Processing file /home/airflow/.local/lib/python3.12/site-packages/airflow/example_dags/example_skip_dag.py for tasks to queue
[2025-02-24T04:12:38.489+0000] {logging_mixin.py:188} INFO - [2025-02-24T04:12:38.488+0000] {dagbag.py:540} INFO - Filling up the DagBag from /home/airflow/.local/lib/python3.12/site-packages/airflow/example_dags/example_skip_dag.py
[2025-02-24T04:12:38.496+0000] {processor.py:840} INFO - DAG(s) 'example_skip_dag' retrieved from /home/airflow/.local/lib/python3.12/site-packages/airflow/example_dags/example_skip_dag.py
[2025-02-24T04:12:38.522+0000] {logging_mixin.py:188} INFO - [2025-02-24T04:12:38.522+0000] {dag.py:3096} INFO - Sync 1 DAGs
[2025-02-24T04:12:38.550+0000] {logging_mixin.py:188} INFO - [2025-02-24T04:12:38.549+0000] {dag.py:3954} INFO - Setting next_dagrun for example_skip_dag to 2025-02-23 00:00:00+00:00, run_after=2025-02-24 00:00:00+00:00
[2025-02-24T04:12:38.572+0000] {processor.py:183} INFO - Processing /home/airflow/.local/lib/python3.12/site-packages/airflow/example_dags/example_skip_dag.py took 0.094 seconds
[2025-02-24T04:13:08.936+0000] {processor.py:161} INFO - Started process (PID=2296) to work on /home/airflow/.local/lib/python3.12/site-packages/airflow/example_dags/example_skip_dag.py
[2025-02-24T04:13:08.937+0000] {processor.py:830} INFO - Processing file /home/airflow/.local/lib/python3.12/site-packages/airflow/example_dags/example_skip_dag.py for tasks to queue
[2025-02-24T04:13:08.940+0000] {logging_mixin.py:188} INFO - [2025-02-24T04:13:08.939+0000] {dagbag.py:540} INFO - Filling up the DagBag from /home/airflow/.local/lib/python3.12/site-packages/airflow/example_dags/example_skip_dag.py
[2025-02-24T04:13:08.951+0000] {processor.py:840} INFO - DAG(s) 'example_skip_dag' retrieved from /home/airflow/.local/lib/python3.12/site-packages/airflow/example_dags/example_skip_dag.py
[2025-02-24T04:13:08.983+0000] {logging_mixin.py:188} INFO - [2025-02-24T04:13:08.983+0000] {dag.py:3096} INFO - Sync 1 DAGs
[2025-02-24T04:13:09.018+0000] {logging_mixin.py:188} INFO - [2025-02-24T04:13:09.018+0000] {dag.py:3954} INFO - Setting next_dagrun for example_skip_dag to 2025-02-23 00:00:00+00:00, run_after=2025-02-24 00:00:00+00:00
[2025-02-24T04:13:09.048+0000] {processor.py:183} INFO - Processing /home/airflow/.local/lib/python3.12/site-packages/airflow/example_dags/example_skip_dag.py took 0.119 seconds
[2025-02-24T04:13:39.530+0000] {processor.py:161} INFO - Started process (PID=2356) to work on /home/airflow/.local/lib/python3.12/site-packages/airflow/example_dags/example_skip_dag.py
[2025-02-24T04:13:39.531+0000] {processor.py:830} INFO - Processing file /home/airflow/.local/lib/python3.12/site-packages/airflow/example_dags/example_skip_dag.py for tasks to queue
[2025-02-24T04:13:39.533+0000] {logging_mixin.py:188} INFO - [2025-02-24T04:13:39.533+0000] {dagbag.py:540} INFO - Filling up the DagBag from /home/airflow/.local/lib/python3.12/site-packages/airflow/example_dags/example_skip_dag.py
[2025-02-24T04:13:39.541+0000] {processor.py:840} INFO - DAG(s) 'example_skip_dag' retrieved from /home/airflow/.local/lib/python3.12/site-packages/airflow/example_dags/example_skip_dag.py
[2025-02-24T04:13:39.567+0000] {logging_mixin.py:188} INFO - [2025-02-24T04:13:39.567+0000] {dag.py:3096} INFO - Sync 1 DAGs
[2025-02-24T04:13:39.593+0000] {logging_mixin.py:188} INFO - [2025-02-24T04:13:39.593+0000] {dag.py:3954} INFO - Setting next_dagrun for example_skip_dag to 2025-02-23 00:00:00+00:00, run_after=2025-02-24 00:00:00+00:00
[2025-02-24T04:13:39.620+0000] {processor.py:183} INFO - Processing /home/airflow/.local/lib/python3.12/site-packages/airflow/example_dags/example_skip_dag.py took 0.098 seconds
[2025-02-24T04:14:09.858+0000] {processor.py:161} INFO - Started process (PID=2416) to work on /home/airflow/.local/lib/python3.12/site-packages/airflow/example_dags/example_skip_dag.py
[2025-02-24T04:14:09.859+0000] {processor.py:830} INFO - Processing file /home/airflow/.local/lib/python3.12/site-packages/airflow/example_dags/example_skip_dag.py for tasks to queue
[2025-02-24T04:14:09.862+0000] {logging_mixin.py:188} INFO - [2025-02-24T04:14:09.861+0000] {dagbag.py:540} INFO - Filling up the DagBag from /home/airflow/.local/lib/python3.12/site-packages/airflow/example_dags/example_skip_dag.py
[2025-02-24T04:14:09.870+0000] {processor.py:840} INFO - DAG(s) 'example_skip_dag' retrieved from /home/airflow/.local/lib/python3.12/site-packages/airflow/example_dags/example_skip_dag.py
[2025-02-24T04:14:09.896+0000] {logging_mixin.py:188} INFO - [2025-02-24T04:14:09.895+0000] {dag.py:3096} INFO - Sync 1 DAGs
[2025-02-24T04:14:09.923+0000] {logging_mixin.py:188} INFO - [2025-02-24T04:14:09.923+0000] {dag.py:3954} INFO - Setting next_dagrun for example_skip_dag to 2025-02-23 00:00:00+00:00, run_after=2025-02-24 00:00:00+00:00
[2025-02-24T04:14:09.944+0000] {processor.py:183} INFO - Processing /home/airflow/.local/lib/python3.12/site-packages/airflow/example_dags/example_skip_dag.py took 0.093 seconds
[2025-02-24T04:14:40.499+0000] {processor.py:161} INFO - Started process (PID=2476) to work on /home/airflow/.local/lib/python3.12/site-packages/airflow/example_dags/example_skip_dag.py
[2025-02-24T04:14:40.500+0000] {processor.py:830} INFO - Processing file /home/airflow/.local/lib/python3.12/site-packages/airflow/example_dags/example_skip_dag.py for tasks to queue
[2025-02-24T04:14:40.503+0000] {logging_mixin.py:188} INFO - [2025-02-24T04:14:40.502+0000] {dagbag.py:540} INFO - Filling up the DagBag from /home/airflow/.local/lib/python3.12/site-packages/airflow/example_dags/example_skip_dag.py
[2025-02-24T04:14:40.511+0000] {processor.py:840} INFO - DAG(s) 'example_skip_dag' retrieved from /home/airflow/.local/lib/python3.12/site-packages/airflow/example_dags/example_skip_dag.py
[2025-02-24T04:14:40.538+0000] {logging_mixin.py:188} INFO - [2025-02-24T04:14:40.538+0000] {dag.py:3096} INFO - Sync 1 DAGs
[2025-02-24T04:14:40.563+0000] {logging_mixin.py:188} INFO - [2025-02-24T04:14:40.562+0000] {dag.py:3954} INFO - Setting next_dagrun for example_skip_dag to 2025-02-23 00:00:00+00:00, run_after=2025-02-24 00:00:00+00:00
[2025-02-24T04:14:40.587+0000] {processor.py:183} INFO - Processing /home/airflow/.local/lib/python3.12/site-packages/airflow/example_dags/example_skip_dag.py took 0.094 seconds
[2025-02-24T04:15:10.890+0000] {processor.py:161} INFO - Started process (PID=2536) to work on /home/airflow/.local/lib/python3.12/site-packages/airflow/example_dags/example_skip_dag.py
[2025-02-24T04:15:10.891+0000] {processor.py:830} INFO - Processing file /home/airflow/.local/lib/python3.12/site-packages/airflow/example_dags/example_skip_dag.py for tasks to queue
[2025-02-24T04:15:10.894+0000] {logging_mixin.py:188} INFO - [2025-02-24T04:15:10.894+0000] {dagbag.py:540} INFO - Filling up the DagBag from /home/airflow/.local/lib/python3.12/site-packages/airflow/example_dags/example_skip_dag.py
[2025-02-24T04:15:10.901+0000] {processor.py:840} INFO - DAG(s) 'example_skip_dag' retrieved from /home/airflow/.local/lib/python3.12/site-packages/airflow/example_dags/example_skip_dag.py
[2025-02-24T04:15:10.930+0000] {logging_mixin.py:188} INFO - [2025-02-24T04:15:10.929+0000] {dag.py:3096} INFO - Sync 1 DAGs
[2025-02-24T04:15:10.957+0000] {logging_mixin.py:188} INFO - [2025-02-24T04:15:10.957+0000] {dag.py:3954} INFO - Setting next_dagrun for example_skip_dag to 2025-02-23 00:00:00+00:00, run_after=2025-02-24 00:00:00+00:00
[2025-02-24T04:15:10.986+0000] {processor.py:183} INFO - Processing /home/airflow/.local/lib/python3.12/site-packages/airflow/example_dags/example_skip_dag.py took 0.103 seconds
[2025-02-24T04:15:41.193+0000] {processor.py:161} INFO - Started process (PID=2596) to work on /home/airflow/.local/lib/python3.12/site-packages/airflow/example_dags/example_skip_dag.py
[2025-02-24T04:15:41.194+0000] {processor.py:830} INFO - Processing file /home/airflow/.local/lib/python3.12/site-packages/airflow/example_dags/example_skip_dag.py for tasks to queue
[2025-02-24T04:15:41.196+0000] {logging_mixin.py:188} INFO - [2025-02-24T04:15:41.196+0000] {dagbag.py:540} INFO - Filling up the DagBag from /home/airflow/.local/lib/python3.12/site-packages/airflow/example_dags/example_skip_dag.py
[2025-02-24T04:15:41.204+0000] {processor.py:840} INFO - DAG(s) 'example_skip_dag' retrieved from /home/airflow/.local/lib/python3.12/site-packages/airflow/example_dags/example_skip_dag.py
[2025-02-24T04:15:41.230+0000] {logging_mixin.py:188} INFO - [2025-02-24T04:15:41.230+0000] {dag.py:3096} INFO - Sync 1 DAGs
[2025-02-24T04:15:41.254+0000] {logging_mixin.py:188} INFO - [2025-02-24T04:15:41.254+0000] {dag.py:3954} INFO - Setting next_dagrun for example_skip_dag to 2025-02-23 00:00:00+00:00, run_after=2025-02-24 00:00:00+00:00
[2025-02-24T04:15:41.276+0000] {processor.py:183} INFO - Processing /home/airflow/.local/lib/python3.12/site-packages/airflow/example_dags/example_skip_dag.py took 0.091 seconds
[2025-02-24T04:16:11.648+0000] {processor.py:161} INFO - Started process (PID=2657) to work on /home/airflow/.local/lib/python3.12/site-packages/airflow/example_dags/example_skip_dag.py
[2025-02-24T04:16:11.650+0000] {processor.py:830} INFO - Processing file /home/airflow/.local/lib/python3.12/site-packages/airflow/example_dags/example_skip_dag.py for tasks to queue
[2025-02-24T04:16:11.653+0000] {logging_mixin.py:188} INFO - [2025-02-24T04:16:11.653+0000] {dagbag.py:540} INFO - Filling up the DagBag from /home/airflow/.local/lib/python3.12/site-packages/airflow/example_dags/example_skip_dag.py
[2025-02-24T04:16:11.661+0000] {processor.py:840} INFO - DAG(s) 'example_skip_dag' retrieved from /home/airflow/.local/lib/python3.12/site-packages/airflow/example_dags/example_skip_dag.py
[2025-02-24T04:16:11.688+0000] {logging_mixin.py:188} INFO - [2025-02-24T04:16:11.688+0000] {dag.py:3096} INFO - Sync 1 DAGs
[2025-02-24T04:16:11.715+0000] {logging_mixin.py:188} INFO - [2025-02-24T04:16:11.715+0000] {dag.py:3954} INFO - Setting next_dagrun for example_skip_dag to 2025-02-23 00:00:00+00:00, run_after=2025-02-24 00:00:00+00:00
[2025-02-24T04:16:11.738+0000] {processor.py:183} INFO - Processing /home/airflow/.local/lib/python3.12/site-packages/airflow/example_dags/example_skip_dag.py took 0.098 seconds
[2025-02-24T04:16:42.038+0000] {processor.py:161} INFO - Started process (PID=2717) to work on /home/airflow/.local/lib/python3.12/site-packages/airflow/example_dags/example_skip_dag.py
[2025-02-24T04:16:42.039+0000] {processor.py:830} INFO - Processing file /home/airflow/.local/lib/python3.12/site-packages/airflow/example_dags/example_skip_dag.py for tasks to queue
[2025-02-24T04:16:42.042+0000] {logging_mixin.py:188} INFO - [2025-02-24T04:16:42.042+0000] {dagbag.py:540} INFO - Filling up the DagBag from /home/airflow/.local/lib/python3.12/site-packages/airflow/example_dags/example_skip_dag.py
[2025-02-24T04:16:42.051+0000] {processor.py:840} INFO - DAG(s) 'example_skip_dag' retrieved from /home/airflow/.local/lib/python3.12/site-packages/airflow/example_dags/example_skip_dag.py
[2025-02-24T04:16:42.084+0000] {logging_mixin.py:188} INFO - [2025-02-24T04:16:42.084+0000] {dag.py:3096} INFO - Sync 1 DAGs
[2025-02-24T04:16:42.124+0000] {logging_mixin.py:188} INFO - [2025-02-24T04:16:42.124+0000] {dag.py:3954} INFO - Setting next_dagrun for example_skip_dag to 2025-02-23 00:00:00+00:00, run_after=2025-02-24 00:00:00+00:00
[2025-02-24T04:16:42.174+0000] {processor.py:183} INFO - Processing /home/airflow/.local/lib/python3.12/site-packages/airflow/example_dags/example_skip_dag.py took 0.145 seconds
[2025-02-24T04:17:12.358+0000] {processor.py:161} INFO - Started process (PID=2783) to work on /home/airflow/.local/lib/python3.12/site-packages/airflow/example_dags/example_skip_dag.py
[2025-02-24T04:17:12.359+0000] {processor.py:830} INFO - Processing file /home/airflow/.local/lib/python3.12/site-packages/airflow/example_dags/example_skip_dag.py for tasks to queue
[2025-02-24T04:17:12.362+0000] {logging_mixin.py:188} INFO - [2025-02-24T04:17:12.362+0000] {dagbag.py:540} INFO - Filling up the DagBag from /home/airflow/.local/lib/python3.12/site-packages/airflow/example_dags/example_skip_dag.py
[2025-02-24T04:17:12.371+0000] {processor.py:840} INFO - DAG(s) 'example_skip_dag' retrieved from /home/airflow/.local/lib/python3.12/site-packages/airflow/example_dags/example_skip_dag.py
[2025-02-24T04:17:12.398+0000] {logging_mixin.py:188} INFO - [2025-02-24T04:17:12.398+0000] {dag.py:3096} INFO - Sync 1 DAGs
[2025-02-24T04:17:12.427+0000] {logging_mixin.py:188} INFO - [2025-02-24T04:17:12.426+0000] {dag.py:3954} INFO - Setting next_dagrun for example_skip_dag to 2025-02-23 00:00:00+00:00, run_after=2025-02-24 00:00:00+00:00
[2025-02-24T04:17:12.455+0000] {processor.py:183} INFO - Processing /home/airflow/.local/lib/python3.12/site-packages/airflow/example_dags/example_skip_dag.py took 0.104 seconds
[2025-02-24T04:17:43.159+0000] {processor.py:161} INFO - Started process (PID=2843) to work on /home/airflow/.local/lib/python3.12/site-packages/airflow/example_dags/example_skip_dag.py
[2025-02-24T04:17:43.160+0000] {processor.py:830} INFO - Processing file /home/airflow/.local/lib/python3.12/site-packages/airflow/example_dags/example_skip_dag.py for tasks to queue
[2025-02-24T04:17:43.162+0000] {logging_mixin.py:188} INFO - [2025-02-24T04:17:43.162+0000] {dagbag.py:540} INFO - Filling up the DagBag from /home/airflow/.local/lib/python3.12/site-packages/airflow/example_dags/example_skip_dag.py
[2025-02-24T04:17:43.169+0000] {processor.py:840} INFO - DAG(s) 'example_skip_dag' retrieved from /home/airflow/.local/lib/python3.12/site-packages/airflow/example_dags/example_skip_dag.py
[2025-02-24T04:17:43.192+0000] {logging_mixin.py:188} INFO - [2025-02-24T04:17:43.192+0000] {dag.py:3096} INFO - Sync 1 DAGs
[2025-02-24T04:17:43.215+0000] {logging_mixin.py:188} INFO - [2025-02-24T04:17:43.215+0000] {dag.py:3954} INFO - Setting next_dagrun for example_skip_dag to 2025-02-23 00:00:00+00:00, run_after=2025-02-24 00:00:00+00:00
[2025-02-24T04:17:43.238+0000] {processor.py:183} INFO - Processing /home/airflow/.local/lib/python3.12/site-packages/airflow/example_dags/example_skip_dag.py took 0.086 seconds
[2025-02-24T04:19:49.001+0000] {processor.py:161} INFO - Started process (PID=2903) to work on /home/airflow/.local/lib/python3.12/site-packages/airflow/example_dags/example_skip_dag.py
[2025-02-24T04:19:49.002+0000] {processor.py:830} INFO - Processing file /home/airflow/.local/lib/python3.12/site-packages/airflow/example_dags/example_skip_dag.py for tasks to queue
[2025-02-24T04:19:49.004+0000] {logging_mixin.py:188} INFO - [2025-02-24T04:19:49.003+0000] {dagbag.py:540} INFO - Filling up the DagBag from /home/airflow/.local/lib/python3.12/site-packages/airflow/example_dags/example_skip_dag.py
[2025-02-24T04:19:49.020+0000] {processor.py:840} INFO - DAG(s) 'example_skip_dag' retrieved from /home/airflow/.local/lib/python3.12/site-packages/airflow/example_dags/example_skip_dag.py
[2025-02-24T04:19:49.062+0000] {logging_mixin.py:188} INFO - [2025-02-24T04:19:49.062+0000] {dag.py:3096} INFO - Sync 1 DAGs
[2025-02-24T04:19:49.107+0000] {logging_mixin.py:188} INFO - [2025-02-24T04:19:49.106+0000] {dag.py:3954} INFO - Setting next_dagrun for example_skip_dag to 2025-02-23 00:00:00+00:00, run_after=2025-02-24 00:00:00+00:00
[2025-02-24T04:19:49.137+0000] {processor.py:183} INFO - Processing /home/airflow/.local/lib/python3.12/site-packages/airflow/example_dags/example_skip_dag.py took 0.149 seconds
[2025-02-24T04:22:05.832+0000] {processor.py:161} INFO - Started process (PID=3002) to work on /home/airflow/.local/lib/python3.12/site-packages/airflow/example_dags/example_skip_dag.py
[2025-02-24T04:22:05.868+0000] {processor.py:830} INFO - Processing file /home/airflow/.local/lib/python3.12/site-packages/airflow/example_dags/example_skip_dag.py for tasks to queue
[2025-02-24T04:22:05.869+0000] {logging_mixin.py:188} INFO - [2025-02-24T04:22:05.869+0000] {dagbag.py:540} INFO - Filling up the DagBag from /home/airflow/.local/lib/python3.12/site-packages/airflow/example_dags/example_skip_dag.py
[2025-02-24T04:22:05.928+0000] {processor.py:840} INFO - DAG(s) 'example_skip_dag' retrieved from /home/airflow/.local/lib/python3.12/site-packages/airflow/example_dags/example_skip_dag.py
[2025-02-24T04:22:08.392+0000] {logging_mixin.py:188} INFO - [2025-02-24T04:22:08.391+0000] {dag.py:3096} INFO - Sync 1 DAGs
[2025-02-24T04:22:08.444+0000] {logging_mixin.py:188} INFO - [2025-02-24T04:22:08.443+0000] {dag.py:3954} INFO - Setting next_dagrun for example_skip_dag to 2025-02-23 00:00:00+00:00, run_after=2025-02-24 00:00:00+00:00
[2025-02-24T04:22:08.513+0000] {processor.py:183} INFO - Processing /home/airflow/.local/lib/python3.12/site-packages/airflow/example_dags/example_skip_dag.py took 2.929 seconds
[2025-02-24T04:24:10.250+0000] {processor.py:161} INFO - Started process (PID=3067) to work on /home/airflow/.local/lib/python3.12/site-packages/airflow/example_dags/example_skip_dag.py
[2025-02-24T04:24:10.251+0000] {processor.py:830} INFO - Processing file /home/airflow/.local/lib/python3.12/site-packages/airflow/example_dags/example_skip_dag.py for tasks to queue
[2025-02-24T04:24:10.253+0000] {logging_mixin.py:188} INFO - [2025-02-24T04:24:10.253+0000] {dagbag.py:540} INFO - Filling up the DagBag from /home/airflow/.local/lib/python3.12/site-packages/airflow/example_dags/example_skip_dag.py
[2025-02-24T04:24:10.268+0000] {processor.py:840} INFO - DAG(s) 'example_skip_dag' retrieved from /home/airflow/.local/lib/python3.12/site-packages/airflow/example_dags/example_skip_dag.py
[2025-02-24T04:24:10.302+0000] {logging_mixin.py:188} INFO - [2025-02-24T04:24:10.302+0000] {dag.py:3096} INFO - Sync 1 DAGs
[2025-02-24T04:24:10.351+0000] {logging_mixin.py:188} INFO - [2025-02-24T04:24:10.350+0000] {dag.py:3954} INFO - Setting next_dagrun for example_skip_dag to 2025-02-23 00:00:00+00:00, run_after=2025-02-24 00:00:00+00:00
[2025-02-24T04:24:10.386+0000] {processor.py:183} INFO - Processing /home/airflow/.local/lib/python3.12/site-packages/airflow/example_dags/example_skip_dag.py took 0.146 seconds
[2025-02-24T04:24:40.451+0000] {processor.py:161} INFO - Started process (PID=3140) to work on /home/airflow/.local/lib/python3.12/site-packages/airflow/example_dags/example_skip_dag.py
[2025-02-24T04:24:40.452+0000] {processor.py:830} INFO - Processing file /home/airflow/.local/lib/python3.12/site-packages/airflow/example_dags/example_skip_dag.py for tasks to queue
[2025-02-24T04:24:40.453+0000] {logging_mixin.py:188} INFO - [2025-02-24T04:24:40.453+0000] {dagbag.py:540} INFO - Filling up the DagBag from /home/airflow/.local/lib/python3.12/site-packages/airflow/example_dags/example_skip_dag.py
[2025-02-24T04:24:40.464+0000] {processor.py:840} INFO - DAG(s) 'example_skip_dag' retrieved from /home/airflow/.local/lib/python3.12/site-packages/airflow/example_dags/example_skip_dag.py
[2025-02-24T04:24:38.018+0000] {logging_mixin.py:188} INFO - [2025-02-24T04:24:38.018+0000] {dag.py:3096} INFO - Sync 1 DAGs
[2025-02-24T04:24:38.048+0000] {logging_mixin.py:188} INFO - [2025-02-24T04:24:38.047+0000] {dag.py:3954} INFO - Setting next_dagrun for example_skip_dag to 2025-02-23 00:00:00+00:00, run_after=2025-02-24 00:00:00+00:00
[2025-02-24T04:24:38.070+0000] {processor.py:183} INFO - Processing /home/airflow/.local/lib/python3.12/site-packages/airflow/example_dags/example_skip_dag.py took 0.104 seconds
[2025-02-24T04:25:32.928+0000] {processor.py:161} INFO - Started process (PID=3213) to work on /home/airflow/.local/lib/python3.12/site-packages/airflow/example_dags/example_skip_dag.py
[2025-02-24T04:25:32.945+0000] {processor.py:830} INFO - Processing file /home/airflow/.local/lib/python3.12/site-packages/airflow/example_dags/example_skip_dag.py for tasks to queue
[2025-02-24T04:25:32.947+0000] {logging_mixin.py:188} INFO - [2025-02-24T04:25:32.946+0000] {dagbag.py:540} INFO - Filling up the DagBag from /home/airflow/.local/lib/python3.12/site-packages/airflow/example_dags/example_skip_dag.py
[2025-02-24T04:25:32.964+0000] {processor.py:840} INFO - DAG(s) 'example_skip_dag' retrieved from /home/airflow/.local/lib/python3.12/site-packages/airflow/example_dags/example_skip_dag.py
[2025-02-24T04:25:33.024+0000] {logging_mixin.py:188} INFO - [2025-02-24T04:25:33.024+0000] {dag.py:3096} INFO - Sync 1 DAGs
[2025-02-24T04:25:33.078+0000] {logging_mixin.py:188} INFO - [2025-02-24T04:25:33.078+0000] {dag.py:3954} INFO - Setting next_dagrun for example_skip_dag to 2025-02-23 00:00:00+00:00, run_after=2025-02-24 00:00:00+00:00
[2025-02-24T04:25:33.124+0000] {processor.py:183} INFO - Processing /home/airflow/.local/lib/python3.12/site-packages/airflow/example_dags/example_skip_dag.py took 0.204 seconds
[2025-02-24T04:27:39.583+0000] {processor.py:161} INFO - Started process (PID=3295) to work on /home/airflow/.local/lib/python3.12/site-packages/airflow/example_dags/example_skip_dag.py
[2025-02-24T04:27:39.585+0000] {processor.py:830} INFO - Processing file /home/airflow/.local/lib/python3.12/site-packages/airflow/example_dags/example_skip_dag.py for tasks to queue
[2025-02-24T04:27:39.588+0000] {logging_mixin.py:188} INFO - [2025-02-24T04:27:39.587+0000] {dagbag.py:540} INFO - Filling up the DagBag from /home/airflow/.local/lib/python3.12/site-packages/airflow/example_dags/example_skip_dag.py
[2025-02-24T04:27:39.610+0000] {processor.py:840} INFO - DAG(s) 'example_skip_dag' retrieved from /home/airflow/.local/lib/python3.12/site-packages/airflow/example_dags/example_skip_dag.py
[2025-02-24T04:27:39.670+0000] {logging_mixin.py:188} INFO - [2025-02-24T04:27:39.669+0000] {dag.py:3096} INFO - Sync 1 DAGs
[2025-02-24T04:27:39.792+0000] {logging_mixin.py:188} INFO - [2025-02-24T04:27:39.792+0000] {dag.py:3954} INFO - Setting next_dagrun for example_skip_dag to 2025-02-23 00:00:00+00:00, run_after=2025-02-24 00:00:00+00:00
[2025-02-24T04:27:39.854+0000] {processor.py:183} INFO - Processing /home/airflow/.local/lib/python3.12/site-packages/airflow/example_dags/example_skip_dag.py took 0.286 seconds
[2025-02-24T04:29:06.725+0000] {processor.py:161} INFO - Started process (PID=3360) to work on /home/airflow/.local/lib/python3.12/site-packages/airflow/example_dags/example_skip_dag.py
[2025-02-24T04:29:06.729+0000] {processor.py:830} INFO - Processing file /home/airflow/.local/lib/python3.12/site-packages/airflow/example_dags/example_skip_dag.py for tasks to queue
[2025-02-24T04:29:06.731+0000] {logging_mixin.py:188} INFO - [2025-02-24T04:29:06.730+0000] {dagbag.py:540} INFO - Filling up the DagBag from /home/airflow/.local/lib/python3.12/site-packages/airflow/example_dags/example_skip_dag.py
[2025-02-24T04:29:06.750+0000] {processor.py:840} INFO - DAG(s) 'example_skip_dag' retrieved from /home/airflow/.local/lib/python3.12/site-packages/airflow/example_dags/example_skip_dag.py
[2025-02-24T04:29:06.847+0000] {logging_mixin.py:188} INFO - [2025-02-24T04:29:06.847+0000] {dag.py:3096} INFO - Sync 1 DAGs
[2025-02-24T04:29:06.921+0000] {logging_mixin.py:188} INFO - [2025-02-24T04:29:06.920+0000] {dag.py:3954} INFO - Setting next_dagrun for example_skip_dag to 2025-02-23 00:00:00+00:00, run_after=2025-02-24 00:00:00+00:00
[2025-02-24T04:29:07.005+0000] {processor.py:183} INFO - Processing /home/airflow/.local/lib/python3.12/site-packages/airflow/example_dags/example_skip_dag.py took 0.295 seconds
