[2025-02-24T03:54:51.378+0000] {processor.py:161} INFO - Started process (PID=117) to work on /home/airflow/.local/lib/python3.12/site-packages/airflow/example_dags/example_task_group_decorator.py
[2025-02-24T03:54:51.380+0000] {processor.py:830} INFO - Processing file /home/airflow/.local/lib/python3.12/site-packages/airflow/example_dags/example_task_group_decorator.py for tasks to queue
[2025-02-24T03:54:51.384+0000] {logging_mixin.py:188} INFO - [2025-02-24T03:54:51.383+0000] {dagbag.py:540} INFO - Filling up the DagBag from /home/airflow/.local/lib/python3.12/site-packages/airflow/example_dags/example_task_group_decorator.py
[2025-02-24T03:54:51.415+0000] {processor.py:840} INFO - DAG(s) 'example_task_group_decorator' retrieved from /home/airflow/.local/lib/python3.12/site-packages/airflow/example_dags/example_task_group_decorator.py
[2025-02-24T03:54:51.562+0000] {logging_mixin.py:188} INFO - [2025-02-24T03:54:51.562+0000] {override.py:1829} INFO - Created Permission View: can read on DAG:example_task_group_decorator
[2025-02-24T03:54:51.575+0000] {logging_mixin.py:188} INFO - [2025-02-24T03:54:51.575+0000] {override.py:1829} INFO - Created Permission View: can delete on DAG:example_task_group_decorator
[2025-02-24T03:54:51.585+0000] {logging_mixin.py:188} INFO - [2025-02-24T03:54:51.585+0000] {override.py:1829} INFO - Created Permission View: can edit on DAG:example_task_group_decorator
[2025-02-24T03:54:51.586+0000] {logging_mixin.py:188} INFO - [2025-02-24T03:54:51.586+0000] {dag.py:3096} INFO - Sync 1 DAGs
[2025-02-24T03:54:51.600+0000] {logging_mixin.py:188} INFO - [2025-02-24T03:54:51.599+0000] {dag.py:3118} INFO - Creating ORM DAG for example_task_group_decorator
[2025-02-24T03:54:51.614+0000] {logging_mixin.py:188} INFO - [2025-02-24T03:54:51.614+0000] {dag.py:3954} INFO - Setting next_dagrun for example_task_group_decorator to 2025-02-23 00:00:00+00:00, run_after=2025-02-24 00:00:00+00:00
[2025-02-24T03:54:51.638+0000] {processor.py:183} INFO - Processing /home/airflow/.local/lib/python3.12/site-packages/airflow/example_dags/example_task_group_decorator.py took 0.268 seconds
[2025-02-24T03:55:22.436+0000] {processor.py:161} INFO - Started process (PID=177) to work on /home/airflow/.local/lib/python3.12/site-packages/airflow/example_dags/example_task_group_decorator.py
[2025-02-24T03:55:22.437+0000] {processor.py:830} INFO - Processing file /home/airflow/.local/lib/python3.12/site-packages/airflow/example_dags/example_task_group_decorator.py for tasks to queue
[2025-02-24T03:55:22.440+0000] {logging_mixin.py:188} INFO - [2025-02-24T03:55:22.439+0000] {dagbag.py:540} INFO - Filling up the DagBag from /home/airflow/.local/lib/python3.12/site-packages/airflow/example_dags/example_task_group_decorator.py
[2025-02-24T03:55:22.456+0000] {processor.py:840} INFO - DAG(s) 'example_task_group_decorator' retrieved from /home/airflow/.local/lib/python3.12/site-packages/airflow/example_dags/example_task_group_decorator.py
[2025-02-24T03:55:22.485+0000] {logging_mixin.py:188} INFO - [2025-02-24T03:55:22.485+0000] {dag.py:3096} INFO - Sync 1 DAGs
[2025-02-24T03:55:22.510+0000] {logging_mixin.py:188} INFO - [2025-02-24T03:55:22.510+0000] {dag.py:3954} INFO - Setting next_dagrun for example_task_group_decorator to 2025-02-23 00:00:00+00:00, run_after=2025-02-24 00:00:00+00:00
[2025-02-24T03:55:22.534+0000] {processor.py:183} INFO - Processing /home/airflow/.local/lib/python3.12/site-packages/airflow/example_dags/example_task_group_decorator.py took 0.104 seconds
[2025-02-24T03:55:56.539+0000] {processor.py:161} INFO - Started process (PID=239) to work on /home/airflow/.local/lib/python3.12/site-packages/airflow/example_dags/example_task_group_decorator.py
[2025-02-24T03:55:56.541+0000] {processor.py:830} INFO - Processing file /home/airflow/.local/lib/python3.12/site-packages/airflow/example_dags/example_task_group_decorator.py for tasks to queue
[2025-02-24T03:55:56.544+0000] {logging_mixin.py:188} INFO - [2025-02-24T03:55:56.544+0000] {dagbag.py:540} INFO - Filling up the DagBag from /home/airflow/.local/lib/python3.12/site-packages/airflow/example_dags/example_task_group_decorator.py
[2025-02-24T03:55:56.582+0000] {processor.py:840} INFO - DAG(s) 'example_task_group_decorator' retrieved from /home/airflow/.local/lib/python3.12/site-packages/airflow/example_dags/example_task_group_decorator.py
[2025-02-24T03:55:56.617+0000] {logging_mixin.py:188} INFO - [2025-02-24T03:55:56.617+0000] {dag.py:3096} INFO - Sync 1 DAGs
[2025-02-24T03:55:56.654+0000] {logging_mixin.py:188} INFO - [2025-02-24T03:55:56.654+0000] {dag.py:3954} INFO - Setting next_dagrun for example_task_group_decorator to 2025-02-23 00:00:00+00:00, run_after=2025-02-24 00:00:00+00:00
[2025-02-24T03:55:56.685+0000] {processor.py:183} INFO - Processing /home/airflow/.local/lib/python3.12/site-packages/airflow/example_dags/example_task_group_decorator.py took 0.154 seconds
[2025-02-24T03:56:27.141+0000] {processor.py:161} INFO - Started process (PID=300) to work on /home/airflow/.local/lib/python3.12/site-packages/airflow/example_dags/example_task_group_decorator.py
[2025-02-24T03:56:27.142+0000] {processor.py:830} INFO - Processing file /home/airflow/.local/lib/python3.12/site-packages/airflow/example_dags/example_task_group_decorator.py for tasks to queue
[2025-02-24T03:56:27.144+0000] {logging_mixin.py:188} INFO - [2025-02-24T03:56:27.144+0000] {dagbag.py:540} INFO - Filling up the DagBag from /home/airflow/.local/lib/python3.12/site-packages/airflow/example_dags/example_task_group_decorator.py
[2025-02-24T03:56:27.161+0000] {processor.py:840} INFO - DAG(s) 'example_task_group_decorator' retrieved from /home/airflow/.local/lib/python3.12/site-packages/airflow/example_dags/example_task_group_decorator.py
[2025-02-24T03:56:27.174+0000] {logging_mixin.py:188} INFO - [2025-02-24T03:56:27.174+0000] {dag.py:3096} INFO - Sync 1 DAGs
[2025-02-24T03:56:27.206+0000] {logging_mixin.py:188} INFO - [2025-02-24T03:56:27.206+0000] {dag.py:3954} INFO - Setting next_dagrun for example_task_group_decorator to 2025-02-23 00:00:00+00:00, run_after=2025-02-24 00:00:00+00:00
[2025-02-24T03:56:27.232+0000] {processor.py:183} INFO - Processing /home/airflow/.local/lib/python3.12/site-packages/airflow/example_dags/example_task_group_decorator.py took 0.098 seconds
[2025-02-24T03:56:58.087+0000] {processor.py:161} INFO - Started process (PID=360) to work on /home/airflow/.local/lib/python3.12/site-packages/airflow/example_dags/example_task_group_decorator.py
[2025-02-24T03:56:58.088+0000] {processor.py:830} INFO - Processing file /home/airflow/.local/lib/python3.12/site-packages/airflow/example_dags/example_task_group_decorator.py for tasks to queue
[2025-02-24T03:56:58.091+0000] {logging_mixin.py:188} INFO - [2025-02-24T03:56:58.090+0000] {dagbag.py:540} INFO - Filling up the DagBag from /home/airflow/.local/lib/python3.12/site-packages/airflow/example_dags/example_task_group_decorator.py
[2025-02-24T03:56:58.109+0000] {processor.py:840} INFO - DAG(s) 'example_task_group_decorator' retrieved from /home/airflow/.local/lib/python3.12/site-packages/airflow/example_dags/example_task_group_decorator.py
[2025-02-24T03:56:58.242+0000] {logging_mixin.py:188} INFO - [2025-02-24T03:56:58.242+0000] {dag.py:3096} INFO - Sync 1 DAGs
[2025-02-24T03:56:58.269+0000] {logging_mixin.py:188} INFO - [2025-02-24T03:56:58.269+0000] {dag.py:3954} INFO - Setting next_dagrun for example_task_group_decorator to 2025-02-23 00:00:00+00:00, run_after=2025-02-24 00:00:00+00:00
[2025-02-24T03:56:58.290+0000] {processor.py:183} INFO - Processing /home/airflow/.local/lib/python3.12/site-packages/airflow/example_dags/example_task_group_decorator.py took 0.210 seconds
[2025-02-24T03:57:28.647+0000] {processor.py:161} INFO - Started process (PID=420) to work on /home/airflow/.local/lib/python3.12/site-packages/airflow/example_dags/example_task_group_decorator.py
[2025-02-24T03:57:28.649+0000] {processor.py:830} INFO - Processing file /home/airflow/.local/lib/python3.12/site-packages/airflow/example_dags/example_task_group_decorator.py for tasks to queue
[2025-02-24T03:57:28.654+0000] {logging_mixin.py:188} INFO - [2025-02-24T03:57:28.653+0000] {dagbag.py:540} INFO - Filling up the DagBag from /home/airflow/.local/lib/python3.12/site-packages/airflow/example_dags/example_task_group_decorator.py
[2025-02-24T03:57:28.680+0000] {processor.py:840} INFO - DAG(s) 'example_task_group_decorator' retrieved from /home/airflow/.local/lib/python3.12/site-packages/airflow/example_dags/example_task_group_decorator.py
[2025-02-24T03:57:28.723+0000] {logging_mixin.py:188} INFO - [2025-02-24T03:57:28.722+0000] {dag.py:3096} INFO - Sync 1 DAGs
[2025-02-24T03:57:28.766+0000] {logging_mixin.py:188} INFO - [2025-02-24T03:57:28.766+0000] {dag.py:3954} INFO - Setting next_dagrun for example_task_group_decorator to 2025-02-23 00:00:00+00:00, run_after=2025-02-24 00:00:00+00:00
[2025-02-24T03:57:28.800+0000] {processor.py:183} INFO - Processing /home/airflow/.local/lib/python3.12/site-packages/airflow/example_dags/example_task_group_decorator.py took 0.162 seconds
[2025-02-24T03:57:59.523+0000] {processor.py:161} INFO - Started process (PID=481) to work on /home/airflow/.local/lib/python3.12/site-packages/airflow/example_dags/example_task_group_decorator.py
[2025-02-24T03:57:59.525+0000] {processor.py:830} INFO - Processing file /home/airflow/.local/lib/python3.12/site-packages/airflow/example_dags/example_task_group_decorator.py for tasks to queue
[2025-02-24T03:57:59.529+0000] {logging_mixin.py:188} INFO - [2025-02-24T03:57:59.528+0000] {dagbag.py:540} INFO - Filling up the DagBag from /home/airflow/.local/lib/python3.12/site-packages/airflow/example_dags/example_task_group_decorator.py
[2025-02-24T03:57:59.550+0000] {processor.py:840} INFO - DAG(s) 'example_task_group_decorator' retrieved from /home/airflow/.local/lib/python3.12/site-packages/airflow/example_dags/example_task_group_decorator.py
[2025-02-24T03:57:59.589+0000] {logging_mixin.py:188} INFO - [2025-02-24T03:57:59.589+0000] {dag.py:3096} INFO - Sync 1 DAGs
[2025-02-24T03:57:59.628+0000] {logging_mixin.py:188} INFO - [2025-02-24T03:57:59.628+0000] {dag.py:3954} INFO - Setting next_dagrun for example_task_group_decorator to 2025-02-23 00:00:00+00:00, run_after=2025-02-24 00:00:00+00:00
[2025-02-24T03:57:59.660+0000] {processor.py:183} INFO - Processing /home/airflow/.local/lib/python3.12/site-packages/airflow/example_dags/example_task_group_decorator.py took 0.144 seconds
[2025-02-24T03:58:43.506+0000] {processor.py:161} INFO - Started process (PID=551) to work on /home/airflow/.local/lib/python3.12/site-packages/airflow/example_dags/example_task_group_decorator.py
[2025-02-24T03:58:43.524+0000] {processor.py:830} INFO - Processing file /home/airflow/.local/lib/python3.12/site-packages/airflow/example_dags/example_task_group_decorator.py for tasks to queue
[2025-02-24T03:58:43.534+0000] {logging_mixin.py:188} INFO - [2025-02-24T03:58:43.533+0000] {dagbag.py:540} INFO - Filling up the DagBag from /home/airflow/.local/lib/python3.12/site-packages/airflow/example_dags/example_task_group_decorator.py
[2025-02-24T03:58:43.621+0000] {processor.py:840} INFO - DAG(s) 'example_task_group_decorator' retrieved from /home/airflow/.local/lib/python3.12/site-packages/airflow/example_dags/example_task_group_decorator.py
[2025-02-24T03:58:43.725+0000] {logging_mixin.py:188} INFO - [2025-02-24T03:58:43.725+0000] {dag.py:3096} INFO - Sync 1 DAGs
[2025-02-24T03:58:43.775+0000] {logging_mixin.py:188} INFO - [2025-02-24T03:58:43.774+0000] {dag.py:3954} INFO - Setting next_dagrun for example_task_group_decorator to 2025-02-23 00:00:00+00:00, run_after=2025-02-24 00:00:00+00:00
[2025-02-24T03:58:43.965+0000] {processor.py:183} INFO - Processing /home/airflow/.local/lib/python3.12/site-packages/airflow/example_dags/example_task_group_decorator.py took 0.478 seconds
[2025-02-24T03:59:14.110+0000] {processor.py:161} INFO - Started process (PID=612) to work on /home/airflow/.local/lib/python3.12/site-packages/airflow/example_dags/example_task_group_decorator.py
[2025-02-24T03:59:14.111+0000] {processor.py:830} INFO - Processing file /home/airflow/.local/lib/python3.12/site-packages/airflow/example_dags/example_task_group_decorator.py for tasks to queue
[2025-02-24T03:59:14.114+0000] {logging_mixin.py:188} INFO - [2025-02-24T03:59:14.114+0000] {dagbag.py:540} INFO - Filling up the DagBag from /home/airflow/.local/lib/python3.12/site-packages/airflow/example_dags/example_task_group_decorator.py
[2025-02-24T03:59:14.131+0000] {processor.py:840} INFO - DAG(s) 'example_task_group_decorator' retrieved from /home/airflow/.local/lib/python3.12/site-packages/airflow/example_dags/example_task_group_decorator.py
[2025-02-24T03:59:14.164+0000] {logging_mixin.py:188} INFO - [2025-02-24T03:59:14.164+0000] {dag.py:3096} INFO - Sync 1 DAGs
[2025-02-24T03:59:14.190+0000] {logging_mixin.py:188} INFO - [2025-02-24T03:59:14.190+0000] {dag.py:3954} INFO - Setting next_dagrun for example_task_group_decorator to 2025-02-23 00:00:00+00:00, run_after=2025-02-24 00:00:00+00:00
[2025-02-24T03:59:14.214+0000] {processor.py:183} INFO - Processing /home/airflow/.local/lib/python3.12/site-packages/airflow/example_dags/example_task_group_decorator.py took 0.111 seconds
[2025-02-24T03:59:45.311+0000] {processor.py:161} INFO - Started process (PID=671) to work on /home/airflow/.local/lib/python3.12/site-packages/airflow/example_dags/example_task_group_decorator.py
[2025-02-24T03:59:45.312+0000] {processor.py:830} INFO - Processing file /home/airflow/.local/lib/python3.12/site-packages/airflow/example_dags/example_task_group_decorator.py for tasks to queue
[2025-02-24T03:59:45.315+0000] {logging_mixin.py:188} INFO - [2025-02-24T03:59:45.314+0000] {dagbag.py:540} INFO - Filling up the DagBag from /home/airflow/.local/lib/python3.12/site-packages/airflow/example_dags/example_task_group_decorator.py
[2025-02-24T03:59:45.348+0000] {processor.py:840} INFO - DAG(s) 'example_task_group_decorator' retrieved from /home/airflow/.local/lib/python3.12/site-packages/airflow/example_dags/example_task_group_decorator.py
[2025-02-24T03:59:45.393+0000] {logging_mixin.py:188} INFO - [2025-02-24T03:59:45.393+0000] {dag.py:3096} INFO - Sync 1 DAGs
[2025-02-24T03:59:45.429+0000] {logging_mixin.py:188} INFO - [2025-02-24T03:59:45.429+0000] {dag.py:3954} INFO - Setting next_dagrun for example_task_group_decorator to 2025-02-23 00:00:00+00:00, run_after=2025-02-24 00:00:00+00:00
[2025-02-24T03:59:45.614+0000] {processor.py:183} INFO - Processing /home/airflow/.local/lib/python3.12/site-packages/airflow/example_dags/example_task_group_decorator.py took 0.311 seconds
[2025-02-24T04:00:16.418+0000] {processor.py:161} INFO - Started process (PID=729) to work on /home/airflow/.local/lib/python3.12/site-packages/airflow/example_dags/example_task_group_decorator.py
[2025-02-24T04:00:16.419+0000] {processor.py:830} INFO - Processing file /home/airflow/.local/lib/python3.12/site-packages/airflow/example_dags/example_task_group_decorator.py for tasks to queue
[2025-02-24T04:00:16.422+0000] {logging_mixin.py:188} INFO - [2025-02-24T04:00:16.422+0000] {dagbag.py:540} INFO - Filling up the DagBag from /home/airflow/.local/lib/python3.12/site-packages/airflow/example_dags/example_task_group_decorator.py
[2025-02-24T04:00:16.452+0000] {processor.py:840} INFO - DAG(s) 'example_task_group_decorator' retrieved from /home/airflow/.local/lib/python3.12/site-packages/airflow/example_dags/example_task_group_decorator.py
[2025-02-24T04:00:16.491+0000] {logging_mixin.py:188} INFO - [2025-02-24T04:00:16.491+0000] {dag.py:3096} INFO - Sync 1 DAGs
[2025-02-24T04:00:16.530+0000] {logging_mixin.py:188} INFO - [2025-02-24T04:00:16.530+0000] {dag.py:3954} INFO - Setting next_dagrun for example_task_group_decorator to 2025-02-23 00:00:00+00:00, run_after=2025-02-24 00:00:00+00:00
[2025-02-24T04:00:16.566+0000] {processor.py:183} INFO - Processing /home/airflow/.local/lib/python3.12/site-packages/airflow/example_dags/example_task_group_decorator.py took 0.162 seconds
[2025-02-24T04:00:47.380+0000] {processor.py:161} INFO - Started process (PID=789) to work on /home/airflow/.local/lib/python3.12/site-packages/airflow/example_dags/example_task_group_decorator.py
[2025-02-24T04:00:47.381+0000] {processor.py:830} INFO - Processing file /home/airflow/.local/lib/python3.12/site-packages/airflow/example_dags/example_task_group_decorator.py for tasks to queue
[2025-02-24T04:00:47.384+0000] {logging_mixin.py:188} INFO - [2025-02-24T04:00:47.383+0000] {dagbag.py:540} INFO - Filling up the DagBag from /home/airflow/.local/lib/python3.12/site-packages/airflow/example_dags/example_task_group_decorator.py
[2025-02-24T04:00:47.403+0000] {processor.py:840} INFO - DAG(s) 'example_task_group_decorator' retrieved from /home/airflow/.local/lib/python3.12/site-packages/airflow/example_dags/example_task_group_decorator.py
[2025-02-24T04:00:47.435+0000] {logging_mixin.py:188} INFO - [2025-02-24T04:00:47.435+0000] {dag.py:3096} INFO - Sync 1 DAGs
[2025-02-24T04:00:47.462+0000] {logging_mixin.py:188} INFO - [2025-02-24T04:00:47.461+0000] {dag.py:3954} INFO - Setting next_dagrun for example_task_group_decorator to 2025-02-23 00:00:00+00:00, run_after=2025-02-24 00:00:00+00:00
[2025-02-24T04:00:47.487+0000] {processor.py:183} INFO - Processing /home/airflow/.local/lib/python3.12/site-packages/airflow/example_dags/example_task_group_decorator.py took 0.114 seconds
[2025-02-24T04:01:17.785+0000] {processor.py:161} INFO - Started process (PID=849) to work on /home/airflow/.local/lib/python3.12/site-packages/airflow/example_dags/example_task_group_decorator.py
[2025-02-24T04:01:17.787+0000] {processor.py:830} INFO - Processing file /home/airflow/.local/lib/python3.12/site-packages/airflow/example_dags/example_task_group_decorator.py for tasks to queue
[2025-02-24T04:01:17.789+0000] {logging_mixin.py:188} INFO - [2025-02-24T04:01:17.789+0000] {dagbag.py:540} INFO - Filling up the DagBag from /home/airflow/.local/lib/python3.12/site-packages/airflow/example_dags/example_task_group_decorator.py
[2025-02-24T04:01:17.808+0000] {processor.py:840} INFO - DAG(s) 'example_task_group_decorator' retrieved from /home/airflow/.local/lib/python3.12/site-packages/airflow/example_dags/example_task_group_decorator.py
[2025-02-24T04:01:17.841+0000] {logging_mixin.py:188} INFO - [2025-02-24T04:01:17.841+0000] {dag.py:3096} INFO - Sync 1 DAGs
[2025-02-24T04:01:17.872+0000] {logging_mixin.py:188} INFO - [2025-02-24T04:01:17.871+0000] {dag.py:3954} INFO - Setting next_dagrun for example_task_group_decorator to 2025-02-23 00:00:00+00:00, run_after=2025-02-24 00:00:00+00:00
[2025-02-24T04:01:17.907+0000] {processor.py:183} INFO - Processing /home/airflow/.local/lib/python3.12/site-packages/airflow/example_dags/example_task_group_decorator.py took 0.131 seconds
[2025-02-24T04:01:48.240+0000] {processor.py:161} INFO - Started process (PID=909) to work on /home/airflow/.local/lib/python3.12/site-packages/airflow/example_dags/example_task_group_decorator.py
[2025-02-24T04:01:48.243+0000] {processor.py:830} INFO - Processing file /home/airflow/.local/lib/python3.12/site-packages/airflow/example_dags/example_task_group_decorator.py for tasks to queue
[2025-02-24T04:01:48.245+0000] {logging_mixin.py:188} INFO - [2025-02-24T04:01:48.245+0000] {dagbag.py:540} INFO - Filling up the DagBag from /home/airflow/.local/lib/python3.12/site-packages/airflow/example_dags/example_task_group_decorator.py
[2025-02-24T04:01:48.264+0000] {processor.py:840} INFO - DAG(s) 'example_task_group_decorator' retrieved from /home/airflow/.local/lib/python3.12/site-packages/airflow/example_dags/example_task_group_decorator.py
[2025-02-24T04:01:48.300+0000] {logging_mixin.py:188} INFO - [2025-02-24T04:01:48.299+0000] {dag.py:3096} INFO - Sync 1 DAGs
[2025-02-24T04:01:48.327+0000] {logging_mixin.py:188} INFO - [2025-02-24T04:01:48.327+0000] {dag.py:3954} INFO - Setting next_dagrun for example_task_group_decorator to 2025-02-23 00:00:00+00:00, run_after=2025-02-24 00:00:00+00:00
[2025-02-24T04:01:48.356+0000] {processor.py:183} INFO - Processing /home/airflow/.local/lib/python3.12/site-packages/airflow/example_dags/example_task_group_decorator.py took 0.123 seconds
[2025-02-24T04:02:18.634+0000] {processor.py:161} INFO - Started process (PID=969) to work on /home/airflow/.local/lib/python3.12/site-packages/airflow/example_dags/example_task_group_decorator.py
[2025-02-24T04:02:18.636+0000] {processor.py:830} INFO - Processing file /home/airflow/.local/lib/python3.12/site-packages/airflow/example_dags/example_task_group_decorator.py for tasks to queue
[2025-02-24T04:02:18.638+0000] {logging_mixin.py:188} INFO - [2025-02-24T04:02:18.638+0000] {dagbag.py:540} INFO - Filling up the DagBag from /home/airflow/.local/lib/python3.12/site-packages/airflow/example_dags/example_task_group_decorator.py
[2025-02-24T04:02:18.656+0000] {processor.py:840} INFO - DAG(s) 'example_task_group_decorator' retrieved from /home/airflow/.local/lib/python3.12/site-packages/airflow/example_dags/example_task_group_decorator.py
[2025-02-24T04:02:18.687+0000] {logging_mixin.py:188} INFO - [2025-02-24T04:02:18.687+0000] {dag.py:3096} INFO - Sync 1 DAGs
[2025-02-24T04:02:18.723+0000] {logging_mixin.py:188} INFO - [2025-02-24T04:02:18.722+0000] {dag.py:3954} INFO - Setting next_dagrun for example_task_group_decorator to 2025-02-23 00:00:00+00:00, run_after=2025-02-24 00:00:00+00:00
[2025-02-24T04:02:18.764+0000] {processor.py:183} INFO - Processing /home/airflow/.local/lib/python3.12/site-packages/airflow/example_dags/example_task_group_decorator.py took 0.138 seconds
[2025-02-24T04:02:49.551+0000] {processor.py:161} INFO - Started process (PID=1033) to work on /home/airflow/.local/lib/python3.12/site-packages/airflow/example_dags/example_task_group_decorator.py
[2025-02-24T04:02:49.552+0000] {processor.py:830} INFO - Processing file /home/airflow/.local/lib/python3.12/site-packages/airflow/example_dags/example_task_group_decorator.py for tasks to queue
[2025-02-24T04:02:49.556+0000] {logging_mixin.py:188} INFO - [2025-02-24T04:02:49.555+0000] {dagbag.py:540} INFO - Filling up the DagBag from /home/airflow/.local/lib/python3.12/site-packages/airflow/example_dags/example_task_group_decorator.py
[2025-02-24T04:02:49.586+0000] {processor.py:840} INFO - DAG(s) 'example_task_group_decorator' retrieved from /home/airflow/.local/lib/python3.12/site-packages/airflow/example_dags/example_task_group_decorator.py
[2025-02-24T04:02:49.631+0000] {logging_mixin.py:188} INFO - [2025-02-24T04:02:49.630+0000] {dag.py:3096} INFO - Sync 1 DAGs
[2025-02-24T04:02:49.685+0000] {logging_mixin.py:188} INFO - [2025-02-24T04:02:49.684+0000] {dag.py:3954} INFO - Setting next_dagrun for example_task_group_decorator to 2025-02-23 00:00:00+00:00, run_after=2025-02-24 00:00:00+00:00
[2025-02-24T04:02:49.733+0000] {processor.py:183} INFO - Processing /home/airflow/.local/lib/python3.12/site-packages/airflow/example_dags/example_task_group_decorator.py took 0.195 seconds
[2025-02-24T04:03:20.763+0000] {processor.py:161} INFO - Started process (PID=1100) to work on /home/airflow/.local/lib/python3.12/site-packages/airflow/example_dags/example_task_group_decorator.py
[2025-02-24T04:03:20.765+0000] {processor.py:830} INFO - Processing file /home/airflow/.local/lib/python3.12/site-packages/airflow/example_dags/example_task_group_decorator.py for tasks to queue
[2025-02-24T04:03:20.768+0000] {logging_mixin.py:188} INFO - [2025-02-24T04:03:20.767+0000] {dagbag.py:540} INFO - Filling up the DagBag from /home/airflow/.local/lib/python3.12/site-packages/airflow/example_dags/example_task_group_decorator.py
[2025-02-24T04:03:20.786+0000] {processor.py:840} INFO - DAG(s) 'example_task_group_decorator' retrieved from /home/airflow/.local/lib/python3.12/site-packages/airflow/example_dags/example_task_group_decorator.py
[2025-02-24T04:03:20.819+0000] {logging_mixin.py:188} INFO - [2025-02-24T04:03:20.818+0000] {dag.py:3096} INFO - Sync 1 DAGs
[2025-02-24T04:03:20.845+0000] {logging_mixin.py:188} INFO - [2025-02-24T04:03:20.845+0000] {dag.py:3954} INFO - Setting next_dagrun for example_task_group_decorator to 2025-02-23 00:00:00+00:00, run_after=2025-02-24 00:00:00+00:00
[2025-02-24T04:03:20.872+0000] {processor.py:183} INFO - Processing /home/airflow/.local/lib/python3.12/site-packages/airflow/example_dags/example_task_group_decorator.py took 0.117 seconds
[2025-02-24T04:03:51.181+0000] {processor.py:161} INFO - Started process (PID=1164) to work on /home/airflow/.local/lib/python3.12/site-packages/airflow/example_dags/example_task_group_decorator.py
[2025-02-24T04:03:51.182+0000] {processor.py:830} INFO - Processing file /home/airflow/.local/lib/python3.12/site-packages/airflow/example_dags/example_task_group_decorator.py for tasks to queue
[2025-02-24T04:03:51.185+0000] {logging_mixin.py:188} INFO - [2025-02-24T04:03:51.184+0000] {dagbag.py:540} INFO - Filling up the DagBag from /home/airflow/.local/lib/python3.12/site-packages/airflow/example_dags/example_task_group_decorator.py
[2025-02-24T04:03:51.202+0000] {processor.py:840} INFO - DAG(s) 'example_task_group_decorator' retrieved from /home/airflow/.local/lib/python3.12/site-packages/airflow/example_dags/example_task_group_decorator.py
[2025-02-24T04:03:51.232+0000] {logging_mixin.py:188} INFO - [2025-02-24T04:03:51.232+0000] {dag.py:3096} INFO - Sync 1 DAGs
[2025-02-24T04:03:51.257+0000] {logging_mixin.py:188} INFO - [2025-02-24T04:03:51.257+0000] {dag.py:3954} INFO - Setting next_dagrun for example_task_group_decorator to 2025-02-23 00:00:00+00:00, run_after=2025-02-24 00:00:00+00:00
[2025-02-24T04:03:51.283+0000] {processor.py:183} INFO - Processing /home/airflow/.local/lib/python3.12/site-packages/airflow/example_dags/example_task_group_decorator.py took 0.108 seconds
[2025-02-24T04:04:21.574+0000] {processor.py:161} INFO - Started process (PID=1224) to work on /home/airflow/.local/lib/python3.12/site-packages/airflow/example_dags/example_task_group_decorator.py
[2025-02-24T04:04:21.576+0000] {processor.py:830} INFO - Processing file /home/airflow/.local/lib/python3.12/site-packages/airflow/example_dags/example_task_group_decorator.py for tasks to queue
[2025-02-24T04:04:21.580+0000] {logging_mixin.py:188} INFO - [2025-02-24T04:04:21.579+0000] {dagbag.py:540} INFO - Filling up the DagBag from /home/airflow/.local/lib/python3.12/site-packages/airflow/example_dags/example_task_group_decorator.py
[2025-02-24T04:04:21.606+0000] {processor.py:840} INFO - DAG(s) 'example_task_group_decorator' retrieved from /home/airflow/.local/lib/python3.12/site-packages/airflow/example_dags/example_task_group_decorator.py
[2025-02-24T04:04:21.645+0000] {logging_mixin.py:188} INFO - [2025-02-24T04:04:21.645+0000] {dag.py:3096} INFO - Sync 1 DAGs
[2025-02-24T04:04:21.884+0000] {logging_mixin.py:188} INFO - [2025-02-24T04:04:21.884+0000] {dag.py:3954} INFO - Setting next_dagrun for example_task_group_decorator to 2025-02-23 00:00:00+00:00, run_after=2025-02-24 00:00:00+00:00
[2025-02-24T04:04:21.913+0000] {processor.py:183} INFO - Processing /home/airflow/.local/lib/python3.12/site-packages/airflow/example_dags/example_task_group_decorator.py took 0.347 seconds
[2025-02-24T04:04:52.241+0000] {processor.py:161} INFO - Started process (PID=1284) to work on /home/airflow/.local/lib/python3.12/site-packages/airflow/example_dags/example_task_group_decorator.py
[2025-02-24T04:04:52.243+0000] {processor.py:830} INFO - Processing file /home/airflow/.local/lib/python3.12/site-packages/airflow/example_dags/example_task_group_decorator.py for tasks to queue
[2025-02-24T04:04:52.246+0000] {logging_mixin.py:188} INFO - [2025-02-24T04:04:52.245+0000] {dagbag.py:540} INFO - Filling up the DagBag from /home/airflow/.local/lib/python3.12/site-packages/airflow/example_dags/example_task_group_decorator.py
[2025-02-24T04:04:52.276+0000] {processor.py:840} INFO - DAG(s) 'example_task_group_decorator' retrieved from /home/airflow/.local/lib/python3.12/site-packages/airflow/example_dags/example_task_group_decorator.py
[2025-02-24T04:04:52.307+0000] {logging_mixin.py:188} INFO - [2025-02-24T04:04:52.307+0000] {dag.py:3096} INFO - Sync 1 DAGs
[2025-02-24T04:04:52.342+0000] {logging_mixin.py:188} INFO - [2025-02-24T04:04:52.342+0000] {dag.py:3954} INFO - Setting next_dagrun for example_task_group_decorator to 2025-02-23 00:00:00+00:00, run_after=2025-02-24 00:00:00+00:00
[2025-02-24T04:04:55.793+0000] {processor.py:183} INFO - Processing /home/airflow/.local/lib/python3.12/site-packages/airflow/example_dags/example_task_group_decorator.py took 3.565 seconds
[2025-02-24T04:05:26.000+0000] {processor.py:161} INFO - Started process (PID=1344) to work on /home/airflow/.local/lib/python3.12/site-packages/airflow/example_dags/example_task_group_decorator.py
[2025-02-24T04:05:26.002+0000] {processor.py:830} INFO - Processing file /home/airflow/.local/lib/python3.12/site-packages/airflow/example_dags/example_task_group_decorator.py for tasks to queue
[2025-02-24T04:05:26.004+0000] {logging_mixin.py:188} INFO - [2025-02-24T04:05:26.004+0000] {dagbag.py:540} INFO - Filling up the DagBag from /home/airflow/.local/lib/python3.12/site-packages/airflow/example_dags/example_task_group_decorator.py
[2025-02-24T04:05:26.021+0000] {processor.py:840} INFO - DAG(s) 'example_task_group_decorator' retrieved from /home/airflow/.local/lib/python3.12/site-packages/airflow/example_dags/example_task_group_decorator.py
[2025-02-24T04:05:26.052+0000] {logging_mixin.py:188} INFO - [2025-02-24T04:05:26.051+0000] {dag.py:3096} INFO - Sync 1 DAGs
[2025-02-24T04:05:26.077+0000] {logging_mixin.py:188} INFO - [2025-02-24T04:05:26.077+0000] {dag.py:3954} INFO - Setting next_dagrun for example_task_group_decorator to 2025-02-23 00:00:00+00:00, run_after=2025-02-24 00:00:00+00:00
[2025-02-24T04:05:26.099+0000] {processor.py:183} INFO - Processing /home/airflow/.local/lib/python3.12/site-packages/airflow/example_dags/example_task_group_decorator.py took 0.106 seconds
[2025-02-24T04:05:56.363+0000] {processor.py:161} INFO - Started process (PID=1404) to work on /home/airflow/.local/lib/python3.12/site-packages/airflow/example_dags/example_task_group_decorator.py
[2025-02-24T04:05:56.366+0000] {processor.py:830} INFO - Processing file /home/airflow/.local/lib/python3.12/site-packages/airflow/example_dags/example_task_group_decorator.py for tasks to queue
[2025-02-24T04:05:56.370+0000] {logging_mixin.py:188} INFO - [2025-02-24T04:05:56.369+0000] {dagbag.py:540} INFO - Filling up the DagBag from /home/airflow/.local/lib/python3.12/site-packages/airflow/example_dags/example_task_group_decorator.py
[2025-02-24T04:05:56.396+0000] {processor.py:840} INFO - DAG(s) 'example_task_group_decorator' retrieved from /home/airflow/.local/lib/python3.12/site-packages/airflow/example_dags/example_task_group_decorator.py
[2025-02-24T04:05:56.429+0000] {logging_mixin.py:188} INFO - [2025-02-24T04:05:56.428+0000] {dag.py:3096} INFO - Sync 1 DAGs
[2025-02-24T04:05:56.457+0000] {logging_mixin.py:188} INFO - [2025-02-24T04:05:56.457+0000] {dag.py:3954} INFO - Setting next_dagrun for example_task_group_decorator to 2025-02-23 00:00:00+00:00, run_after=2025-02-24 00:00:00+00:00
[2025-02-24T04:05:56.484+0000] {processor.py:183} INFO - Processing /home/airflow/.local/lib/python3.12/site-packages/airflow/example_dags/example_task_group_decorator.py took 0.128 seconds
[2025-02-24T04:06:26.913+0000] {processor.py:161} INFO - Started process (PID=1464) to work on /home/airflow/.local/lib/python3.12/site-packages/airflow/example_dags/example_task_group_decorator.py
[2025-02-24T04:06:26.914+0000] {processor.py:830} INFO - Processing file /home/airflow/.local/lib/python3.12/site-packages/airflow/example_dags/example_task_group_decorator.py for tasks to queue
[2025-02-24T04:06:26.916+0000] {logging_mixin.py:188} INFO - [2025-02-24T04:06:26.916+0000] {dagbag.py:540} INFO - Filling up the DagBag from /home/airflow/.local/lib/python3.12/site-packages/airflow/example_dags/example_task_group_decorator.py
[2025-02-24T04:06:26.938+0000] {processor.py:840} INFO - DAG(s) 'example_task_group_decorator' retrieved from /home/airflow/.local/lib/python3.12/site-packages/airflow/example_dags/example_task_group_decorator.py
[2025-02-24T04:06:26.975+0000] {logging_mixin.py:188} INFO - [2025-02-24T04:06:26.974+0000] {dag.py:3096} INFO - Sync 1 DAGs
[2025-02-24T04:06:27.002+0000] {logging_mixin.py:188} INFO - [2025-02-24T04:06:27.002+0000] {dag.py:3954} INFO - Setting next_dagrun for example_task_group_decorator to 2025-02-23 00:00:00+00:00, run_after=2025-02-24 00:00:00+00:00
[2025-02-24T04:06:27.031+0000] {processor.py:183} INFO - Processing /home/airflow/.local/lib/python3.12/site-packages/airflow/example_dags/example_task_group_decorator.py took 0.125 seconds
[2025-02-24T04:06:57.161+0000] {processor.py:161} INFO - Started process (PID=1524) to work on /home/airflow/.local/lib/python3.12/site-packages/airflow/example_dags/example_task_group_decorator.py
[2025-02-24T04:06:57.163+0000] {processor.py:830} INFO - Processing file /home/airflow/.local/lib/python3.12/site-packages/airflow/example_dags/example_task_group_decorator.py for tasks to queue
[2025-02-24T04:06:57.166+0000] {logging_mixin.py:188} INFO - [2025-02-24T04:06:57.165+0000] {dagbag.py:540} INFO - Filling up the DagBag from /home/airflow/.local/lib/python3.12/site-packages/airflow/example_dags/example_task_group_decorator.py
[2025-02-24T04:06:57.191+0000] {processor.py:840} INFO - DAG(s) 'example_task_group_decorator' retrieved from /home/airflow/.local/lib/python3.12/site-packages/airflow/example_dags/example_task_group_decorator.py
[2025-02-24T04:06:57.229+0000] {logging_mixin.py:188} INFO - [2025-02-24T04:06:57.229+0000] {dag.py:3096} INFO - Sync 1 DAGs
[2025-02-24T04:06:57.259+0000] {logging_mixin.py:188} INFO - [2025-02-24T04:06:57.259+0000] {dag.py:3954} INFO - Setting next_dagrun for example_task_group_decorator to 2025-02-23 00:00:00+00:00, run_after=2025-02-24 00:00:00+00:00
[2025-02-24T04:06:57.289+0000] {processor.py:183} INFO - Processing /home/airflow/.local/lib/python3.12/site-packages/airflow/example_dags/example_task_group_decorator.py took 0.136 seconds
[2025-02-24T04:07:28.161+0000] {processor.py:161} INFO - Started process (PID=1590) to work on /home/airflow/.local/lib/python3.12/site-packages/airflow/example_dags/example_task_group_decorator.py
[2025-02-24T04:07:28.164+0000] {processor.py:830} INFO - Processing file /home/airflow/.local/lib/python3.12/site-packages/airflow/example_dags/example_task_group_decorator.py for tasks to queue
[2025-02-24T04:07:28.166+0000] {logging_mixin.py:188} INFO - [2025-02-24T04:07:28.166+0000] {dagbag.py:540} INFO - Filling up the DagBag from /home/airflow/.local/lib/python3.12/site-packages/airflow/example_dags/example_task_group_decorator.py
[2025-02-24T04:07:28.190+0000] {processor.py:840} INFO - DAG(s) 'example_task_group_decorator' retrieved from /home/airflow/.local/lib/python3.12/site-packages/airflow/example_dags/example_task_group_decorator.py
[2025-02-24T04:07:28.243+0000] {logging_mixin.py:188} INFO - [2025-02-24T04:07:28.243+0000] {dag.py:3096} INFO - Sync 1 DAGs
[2025-02-24T04:07:28.281+0000] {logging_mixin.py:188} INFO - [2025-02-24T04:07:28.281+0000] {dag.py:3954} INFO - Setting next_dagrun for example_task_group_decorator to 2025-02-23 00:00:00+00:00, run_after=2025-02-24 00:00:00+00:00
[2025-02-24T04:07:30.638+0000] {processor.py:183} INFO - Processing /home/airflow/.local/lib/python3.12/site-packages/airflow/example_dags/example_task_group_decorator.py took 2.485 seconds
[2025-02-24T04:08:00.819+0000] {processor.py:161} INFO - Started process (PID=1650) to work on /home/airflow/.local/lib/python3.12/site-packages/airflow/example_dags/example_task_group_decorator.py
[2025-02-24T04:08:00.821+0000] {processor.py:830} INFO - Processing file /home/airflow/.local/lib/python3.12/site-packages/airflow/example_dags/example_task_group_decorator.py for tasks to queue
[2025-02-24T04:08:00.824+0000] {logging_mixin.py:188} INFO - [2025-02-24T04:08:00.823+0000] {dagbag.py:540} INFO - Filling up the DagBag from /home/airflow/.local/lib/python3.12/site-packages/airflow/example_dags/example_task_group_decorator.py
[2025-02-24T04:08:00.842+0000] {processor.py:840} INFO - DAG(s) 'example_task_group_decorator' retrieved from /home/airflow/.local/lib/python3.12/site-packages/airflow/example_dags/example_task_group_decorator.py
[2025-02-24T04:08:00.872+0000] {logging_mixin.py:188} INFO - [2025-02-24T04:08:00.872+0000] {dag.py:3096} INFO - Sync 1 DAGs
[2025-02-24T04:08:00.900+0000] {logging_mixin.py:188} INFO - [2025-02-24T04:08:00.900+0000] {dag.py:3954} INFO - Setting next_dagrun for example_task_group_decorator to 2025-02-23 00:00:00+00:00, run_after=2025-02-24 00:00:00+00:00
[2025-02-24T04:08:00.925+0000] {processor.py:183} INFO - Processing /home/airflow/.local/lib/python3.12/site-packages/airflow/example_dags/example_task_group_decorator.py took 0.112 seconds
[2025-02-24T04:08:31.238+0000] {processor.py:161} INFO - Started process (PID=1710) to work on /home/airflow/.local/lib/python3.12/site-packages/airflow/example_dags/example_task_group_decorator.py
[2025-02-24T04:08:31.239+0000] {processor.py:830} INFO - Processing file /home/airflow/.local/lib/python3.12/site-packages/airflow/example_dags/example_task_group_decorator.py for tasks to queue
[2025-02-24T04:08:31.242+0000] {logging_mixin.py:188} INFO - [2025-02-24T04:08:31.242+0000] {dagbag.py:540} INFO - Filling up the DagBag from /home/airflow/.local/lib/python3.12/site-packages/airflow/example_dags/example_task_group_decorator.py
[2025-02-24T04:08:31.259+0000] {processor.py:840} INFO - DAG(s) 'example_task_group_decorator' retrieved from /home/airflow/.local/lib/python3.12/site-packages/airflow/example_dags/example_task_group_decorator.py
[2025-02-24T04:08:31.291+0000] {logging_mixin.py:188} INFO - [2025-02-24T04:08:31.291+0000] {dag.py:3096} INFO - Sync 1 DAGs
[2025-02-24T04:08:31.320+0000] {logging_mixin.py:188} INFO - [2025-02-24T04:08:31.320+0000] {dag.py:3954} INFO - Setting next_dagrun for example_task_group_decorator to 2025-02-23 00:00:00+00:00, run_after=2025-02-24 00:00:00+00:00
[2025-02-24T04:08:31.345+0000] {processor.py:183} INFO - Processing /home/airflow/.local/lib/python3.12/site-packages/airflow/example_dags/example_task_group_decorator.py took 0.114 seconds
[2025-02-24T04:09:02.312+0000] {processor.py:161} INFO - Started process (PID=1770) to work on /home/airflow/.local/lib/python3.12/site-packages/airflow/example_dags/example_task_group_decorator.py
[2025-02-24T04:09:02.313+0000] {processor.py:830} INFO - Processing file /home/airflow/.local/lib/python3.12/site-packages/airflow/example_dags/example_task_group_decorator.py for tasks to queue
[2025-02-24T04:09:02.315+0000] {logging_mixin.py:188} INFO - [2025-02-24T04:09:02.315+0000] {dagbag.py:540} INFO - Filling up the DagBag from /home/airflow/.local/lib/python3.12/site-packages/airflow/example_dags/example_task_group_decorator.py
[2025-02-24T04:09:02.333+0000] {processor.py:840} INFO - DAG(s) 'example_task_group_decorator' retrieved from /home/airflow/.local/lib/python3.12/site-packages/airflow/example_dags/example_task_group_decorator.py
[2025-02-24T04:09:02.366+0000] {logging_mixin.py:188} INFO - [2025-02-24T04:09:02.365+0000] {dag.py:3096} INFO - Sync 1 DAGs
[2025-02-24T04:09:02.391+0000] {logging_mixin.py:188} INFO - [2025-02-24T04:09:02.391+0000] {dag.py:3954} INFO - Setting next_dagrun for example_task_group_decorator to 2025-02-23 00:00:00+00:00, run_after=2025-02-24 00:00:00+00:00
[2025-02-24T04:09:02.416+0000] {processor.py:183} INFO - Processing /home/airflow/.local/lib/python3.12/site-packages/airflow/example_dags/example_task_group_decorator.py took 0.112 seconds
[2025-02-24T04:09:32.813+0000] {processor.py:161} INFO - Started process (PID=1831) to work on /home/airflow/.local/lib/python3.12/site-packages/airflow/example_dags/example_task_group_decorator.py
[2025-02-24T04:09:32.815+0000] {processor.py:830} INFO - Processing file /home/airflow/.local/lib/python3.12/site-packages/airflow/example_dags/example_task_group_decorator.py for tasks to queue
[2025-02-24T04:09:32.817+0000] {logging_mixin.py:188} INFO - [2025-02-24T04:09:32.817+0000] {dagbag.py:540} INFO - Filling up the DagBag from /home/airflow/.local/lib/python3.12/site-packages/airflow/example_dags/example_task_group_decorator.py
[2025-02-24T04:09:32.834+0000] {processor.py:840} INFO - DAG(s) 'example_task_group_decorator' retrieved from /home/airflow/.local/lib/python3.12/site-packages/airflow/example_dags/example_task_group_decorator.py
[2025-02-24T04:09:32.863+0000] {logging_mixin.py:188} INFO - [2025-02-24T04:09:32.863+0000] {dag.py:3096} INFO - Sync 1 DAGs
[2025-02-24T04:09:32.887+0000] {logging_mixin.py:188} INFO - [2025-02-24T04:09:32.887+0000] {dag.py:3954} INFO - Setting next_dagrun for example_task_group_decorator to 2025-02-23 00:00:00+00:00, run_after=2025-02-24 00:00:00+00:00
[2025-02-24T04:09:32.911+0000] {processor.py:183} INFO - Processing /home/airflow/.local/lib/python3.12/site-packages/airflow/example_dags/example_task_group_decorator.py took 0.105 seconds
[2025-02-24T04:10:03.275+0000] {processor.py:161} INFO - Started process (PID=1891) to work on /home/airflow/.local/lib/python3.12/site-packages/airflow/example_dags/example_task_group_decorator.py
[2025-02-24T04:10:03.277+0000] {processor.py:830} INFO - Processing file /home/airflow/.local/lib/python3.12/site-packages/airflow/example_dags/example_task_group_decorator.py for tasks to queue
[2025-02-24T04:10:03.280+0000] {logging_mixin.py:188} INFO - [2025-02-24T04:10:03.279+0000] {dagbag.py:540} INFO - Filling up the DagBag from /home/airflow/.local/lib/python3.12/site-packages/airflow/example_dags/example_task_group_decorator.py
[2025-02-24T04:10:03.299+0000] {processor.py:840} INFO - DAG(s) 'example_task_group_decorator' retrieved from /home/airflow/.local/lib/python3.12/site-packages/airflow/example_dags/example_task_group_decorator.py
[2025-02-24T04:10:03.330+0000] {logging_mixin.py:188} INFO - [2025-02-24T04:10:03.330+0000] {dag.py:3096} INFO - Sync 1 DAGs
[2025-02-24T04:10:03.354+0000] {logging_mixin.py:188} INFO - [2025-02-24T04:10:03.354+0000] {dag.py:3954} INFO - Setting next_dagrun for example_task_group_decorator to 2025-02-23 00:00:00+00:00, run_after=2025-02-24 00:00:00+00:00
[2025-02-24T04:10:03.376+0000] {processor.py:183} INFO - Processing /home/airflow/.local/lib/python3.12/site-packages/airflow/example_dags/example_task_group_decorator.py took 0.108 seconds
[2025-02-24T04:10:33.541+0000] {processor.py:161} INFO - Started process (PID=1957) to work on /home/airflow/.local/lib/python3.12/site-packages/airflow/example_dags/example_task_group_decorator.py
[2025-02-24T04:10:33.543+0000] {processor.py:830} INFO - Processing file /home/airflow/.local/lib/python3.12/site-packages/airflow/example_dags/example_task_group_decorator.py for tasks to queue
[2025-02-24T04:10:33.547+0000] {logging_mixin.py:188} INFO - [2025-02-24T04:10:33.546+0000] {dagbag.py:540} INFO - Filling up the DagBag from /home/airflow/.local/lib/python3.12/site-packages/airflow/example_dags/example_task_group_decorator.py
[2025-02-24T04:10:33.564+0000] {processor.py:840} INFO - DAG(s) 'example_task_group_decorator' retrieved from /home/airflow/.local/lib/python3.12/site-packages/airflow/example_dags/example_task_group_decorator.py
[2025-02-24T04:10:33.596+0000] {logging_mixin.py:188} INFO - [2025-02-24T04:10:33.596+0000] {dag.py:3096} INFO - Sync 1 DAGs
[2025-02-24T04:10:33.621+0000] {logging_mixin.py:188} INFO - [2025-02-24T04:10:33.620+0000] {dag.py:3954} INFO - Setting next_dagrun for example_task_group_decorator to 2025-02-23 00:00:00+00:00, run_after=2025-02-24 00:00:00+00:00
[2025-02-24T04:10:34.307+0000] {processor.py:183} INFO - Processing /home/airflow/.local/lib/python3.12/site-packages/airflow/example_dags/example_task_group_decorator.py took 0.773 seconds
[2025-02-24T04:11:04.766+0000] {processor.py:161} INFO - Started process (PID=2023) to work on /home/airflow/.local/lib/python3.12/site-packages/airflow/example_dags/example_task_group_decorator.py
[2025-02-24T04:11:04.767+0000] {processor.py:830} INFO - Processing file /home/airflow/.local/lib/python3.12/site-packages/airflow/example_dags/example_task_group_decorator.py for tasks to queue
[2025-02-24T04:11:04.770+0000] {logging_mixin.py:188} INFO - [2025-02-24T04:11:04.769+0000] {dagbag.py:540} INFO - Filling up the DagBag from /home/airflow/.local/lib/python3.12/site-packages/airflow/example_dags/example_task_group_decorator.py
[2025-02-24T04:11:04.794+0000] {processor.py:840} INFO - DAG(s) 'example_task_group_decorator' retrieved from /home/airflow/.local/lib/python3.12/site-packages/airflow/example_dags/example_task_group_decorator.py
[2025-02-24T04:11:04.829+0000] {logging_mixin.py:188} INFO - [2025-02-24T04:11:04.829+0000] {dag.py:3096} INFO - Sync 1 DAGs
[2025-02-24T04:11:04.871+0000] {logging_mixin.py:188} INFO - [2025-02-24T04:11:04.870+0000] {dag.py:3954} INFO - Setting next_dagrun for example_task_group_decorator to 2025-02-23 00:00:00+00:00, run_after=2025-02-24 00:00:00+00:00
[2025-02-24T04:11:04.903+0000] {processor.py:183} INFO - Processing /home/airflow/.local/lib/python3.12/site-packages/airflow/example_dags/example_task_group_decorator.py took 0.145 seconds
[2025-02-24T04:11:35.727+0000] {processor.py:161} INFO - Started process (PID=2083) to work on /home/airflow/.local/lib/python3.12/site-packages/airflow/example_dags/example_task_group_decorator.py
[2025-02-24T04:11:35.729+0000] {processor.py:830} INFO - Processing file /home/airflow/.local/lib/python3.12/site-packages/airflow/example_dags/example_task_group_decorator.py for tasks to queue
[2025-02-24T04:11:35.731+0000] {logging_mixin.py:188} INFO - [2025-02-24T04:11:35.731+0000] {dagbag.py:540} INFO - Filling up the DagBag from /home/airflow/.local/lib/python3.12/site-packages/airflow/example_dags/example_task_group_decorator.py
[2025-02-24T04:11:35.749+0000] {processor.py:840} INFO - DAG(s) 'example_task_group_decorator' retrieved from /home/airflow/.local/lib/python3.12/site-packages/airflow/example_dags/example_task_group_decorator.py
[2025-02-24T04:11:35.780+0000] {logging_mixin.py:188} INFO - [2025-02-24T04:11:35.780+0000] {dag.py:3096} INFO - Sync 1 DAGs
[2025-02-24T04:11:35.806+0000] {logging_mixin.py:188} INFO - [2025-02-24T04:11:35.805+0000] {dag.py:3954} INFO - Setting next_dagrun for example_task_group_decorator to 2025-02-23 00:00:00+00:00, run_after=2025-02-24 00:00:00+00:00
[2025-02-24T04:11:35.831+0000] {processor.py:183} INFO - Processing /home/airflow/.local/lib/python3.12/site-packages/airflow/example_dags/example_task_group_decorator.py took 0.110 seconds
[2025-02-24T04:12:06.133+0000] {processor.py:161} INFO - Started process (PID=2156) to work on /home/airflow/.local/lib/python3.12/site-packages/airflow/example_dags/example_task_group_decorator.py
[2025-02-24T04:12:06.135+0000] {processor.py:830} INFO - Processing file /home/airflow/.local/lib/python3.12/site-packages/airflow/example_dags/example_task_group_decorator.py for tasks to queue
[2025-02-24T04:12:06.137+0000] {logging_mixin.py:188} INFO - [2025-02-24T04:12:06.137+0000] {dagbag.py:540} INFO - Filling up the DagBag from /home/airflow/.local/lib/python3.12/site-packages/airflow/example_dags/example_task_group_decorator.py
[2025-02-24T04:12:06.155+0000] {processor.py:840} INFO - DAG(s) 'example_task_group_decorator' retrieved from /home/airflow/.local/lib/python3.12/site-packages/airflow/example_dags/example_task_group_decorator.py
[2025-02-24T04:12:06.187+0000] {logging_mixin.py:188} INFO - [2025-02-24T04:12:06.187+0000] {dag.py:3096} INFO - Sync 1 DAGs
[2025-02-24T04:12:06.213+0000] {logging_mixin.py:188} INFO - [2025-02-24T04:12:06.213+0000] {dag.py:3954} INFO - Setting next_dagrun for example_task_group_decorator to 2025-02-23 00:00:00+00:00, run_after=2025-02-24 00:00:00+00:00
[2025-02-24T04:12:06.236+0000] {processor.py:183} INFO - Processing /home/airflow/.local/lib/python3.12/site-packages/airflow/example_dags/example_task_group_decorator.py took 0.110 seconds
[2025-02-24T04:12:36.854+0000] {processor.py:161} INFO - Started process (PID=2225) to work on /home/airflow/.local/lib/python3.12/site-packages/airflow/example_dags/example_task_group_decorator.py
[2025-02-24T04:12:36.855+0000] {processor.py:830} INFO - Processing file /home/airflow/.local/lib/python3.12/site-packages/airflow/example_dags/example_task_group_decorator.py for tasks to queue
[2025-02-24T04:12:36.857+0000] {logging_mixin.py:188} INFO - [2025-02-24T04:12:36.857+0000] {dagbag.py:540} INFO - Filling up the DagBag from /home/airflow/.local/lib/python3.12/site-packages/airflow/example_dags/example_task_group_decorator.py
[2025-02-24T04:12:36.874+0000] {processor.py:840} INFO - DAG(s) 'example_task_group_decorator' retrieved from /home/airflow/.local/lib/python3.12/site-packages/airflow/example_dags/example_task_group_decorator.py
[2025-02-24T04:12:36.904+0000] {logging_mixin.py:188} INFO - [2025-02-24T04:12:36.904+0000] {dag.py:3096} INFO - Sync 1 DAGs
[2025-02-24T04:12:36.933+0000] {logging_mixin.py:188} INFO - [2025-02-24T04:12:36.933+0000] {dag.py:3954} INFO - Setting next_dagrun for example_task_group_decorator to 2025-02-23 00:00:00+00:00, run_after=2025-02-24 00:00:00+00:00
[2025-02-24T04:12:36.957+0000] {processor.py:183} INFO - Processing /home/airflow/.local/lib/python3.12/site-packages/airflow/example_dags/example_task_group_decorator.py took 0.111 seconds
[2025-02-24T04:13:07.333+0000] {processor.py:161} INFO - Started process (PID=2286) to work on /home/airflow/.local/lib/python3.12/site-packages/airflow/example_dags/example_task_group_decorator.py
[2025-02-24T04:13:07.335+0000] {processor.py:830} INFO - Processing file /home/airflow/.local/lib/python3.12/site-packages/airflow/example_dags/example_task_group_decorator.py for tasks to queue
[2025-02-24T04:13:07.337+0000] {logging_mixin.py:188} INFO - [2025-02-24T04:13:07.337+0000] {dagbag.py:540} INFO - Filling up the DagBag from /home/airflow/.local/lib/python3.12/site-packages/airflow/example_dags/example_task_group_decorator.py
[2025-02-24T04:13:07.357+0000] {processor.py:840} INFO - DAG(s) 'example_task_group_decorator' retrieved from /home/airflow/.local/lib/python3.12/site-packages/airflow/example_dags/example_task_group_decorator.py
[2025-02-24T04:13:07.388+0000] {logging_mixin.py:188} INFO - [2025-02-24T04:13:07.388+0000] {dag.py:3096} INFO - Sync 1 DAGs
[2025-02-24T04:13:07.416+0000] {logging_mixin.py:188} INFO - [2025-02-24T04:13:07.416+0000] {dag.py:3954} INFO - Setting next_dagrun for example_task_group_decorator to 2025-02-23 00:00:00+00:00, run_after=2025-02-24 00:00:00+00:00
[2025-02-24T04:13:07.440+0000] {processor.py:183} INFO - Processing /home/airflow/.local/lib/python3.12/site-packages/airflow/example_dags/example_task_group_decorator.py took 0.115 seconds
[2025-02-24T04:13:37.917+0000] {processor.py:161} INFO - Started process (PID=2346) to work on /home/airflow/.local/lib/python3.12/site-packages/airflow/example_dags/example_task_group_decorator.py
[2025-02-24T04:13:37.918+0000] {processor.py:830} INFO - Processing file /home/airflow/.local/lib/python3.12/site-packages/airflow/example_dags/example_task_group_decorator.py for tasks to queue
[2025-02-24T04:13:37.921+0000] {logging_mixin.py:188} INFO - [2025-02-24T04:13:37.921+0000] {dagbag.py:540} INFO - Filling up the DagBag from /home/airflow/.local/lib/python3.12/site-packages/airflow/example_dags/example_task_group_decorator.py
[2025-02-24T04:13:37.941+0000] {processor.py:840} INFO - DAG(s) 'example_task_group_decorator' retrieved from /home/airflow/.local/lib/python3.12/site-packages/airflow/example_dags/example_task_group_decorator.py
[2025-02-24T04:13:37.971+0000] {logging_mixin.py:188} INFO - [2025-02-24T04:13:37.970+0000] {dag.py:3096} INFO - Sync 1 DAGs
[2025-02-24T04:13:37.997+0000] {logging_mixin.py:188} INFO - [2025-02-24T04:13:37.996+0000] {dag.py:3954} INFO - Setting next_dagrun for example_task_group_decorator to 2025-02-23 00:00:00+00:00, run_after=2025-02-24 00:00:00+00:00
[2025-02-24T04:13:38.022+0000] {processor.py:183} INFO - Processing /home/airflow/.local/lib/python3.12/site-packages/airflow/example_dags/example_task_group_decorator.py took 0.112 seconds
[2025-02-24T04:14:08.128+0000] {processor.py:161} INFO - Started process (PID=2406) to work on /home/airflow/.local/lib/python3.12/site-packages/airflow/example_dags/example_task_group_decorator.py
[2025-02-24T04:14:08.130+0000] {processor.py:830} INFO - Processing file /home/airflow/.local/lib/python3.12/site-packages/airflow/example_dags/example_task_group_decorator.py for tasks to queue
[2025-02-24T04:14:08.132+0000] {logging_mixin.py:188} INFO - [2025-02-24T04:14:08.132+0000] {dagbag.py:540} INFO - Filling up the DagBag from /home/airflow/.local/lib/python3.12/site-packages/airflow/example_dags/example_task_group_decorator.py
[2025-02-24T04:14:08.150+0000] {processor.py:840} INFO - DAG(s) 'example_task_group_decorator' retrieved from /home/airflow/.local/lib/python3.12/site-packages/airflow/example_dags/example_task_group_decorator.py
[2025-02-24T04:14:08.180+0000] {logging_mixin.py:188} INFO - [2025-02-24T04:14:08.180+0000] {dag.py:3096} INFO - Sync 1 DAGs
[2025-02-24T04:14:08.206+0000] {logging_mixin.py:188} INFO - [2025-02-24T04:14:08.205+0000] {dag.py:3954} INFO - Setting next_dagrun for example_task_group_decorator to 2025-02-23 00:00:00+00:00, run_after=2025-02-24 00:00:00+00:00
[2025-02-24T04:14:08.227+0000] {processor.py:183} INFO - Processing /home/airflow/.local/lib/python3.12/site-packages/airflow/example_dags/example_task_group_decorator.py took 0.109 seconds
[2025-02-24T04:14:38.668+0000] {processor.py:161} INFO - Started process (PID=2466) to work on /home/airflow/.local/lib/python3.12/site-packages/airflow/example_dags/example_task_group_decorator.py
[2025-02-24T04:14:38.669+0000] {processor.py:830} INFO - Processing file /home/airflow/.local/lib/python3.12/site-packages/airflow/example_dags/example_task_group_decorator.py for tasks to queue
[2025-02-24T04:14:38.672+0000] {logging_mixin.py:188} INFO - [2025-02-24T04:14:38.671+0000] {dagbag.py:540} INFO - Filling up the DagBag from /home/airflow/.local/lib/python3.12/site-packages/airflow/example_dags/example_task_group_decorator.py
[2025-02-24T04:14:38.693+0000] {processor.py:840} INFO - DAG(s) 'example_task_group_decorator' retrieved from /home/airflow/.local/lib/python3.12/site-packages/airflow/example_dags/example_task_group_decorator.py
[2025-02-24T04:14:38.732+0000] {logging_mixin.py:188} INFO - [2025-02-24T04:14:38.732+0000] {dag.py:3096} INFO - Sync 1 DAGs
[2025-02-24T04:14:38.764+0000] {logging_mixin.py:188} INFO - [2025-02-24T04:14:38.763+0000] {dag.py:3954} INFO - Setting next_dagrun for example_task_group_decorator to 2025-02-23 00:00:00+00:00, run_after=2025-02-24 00:00:00+00:00
[2025-02-24T04:14:38.792+0000] {processor.py:183} INFO - Processing /home/airflow/.local/lib/python3.12/site-packages/airflow/example_dags/example_task_group_decorator.py took 0.135 seconds
[2025-02-24T04:15:09.180+0000] {processor.py:161} INFO - Started process (PID=2526) to work on /home/airflow/.local/lib/python3.12/site-packages/airflow/example_dags/example_task_group_decorator.py
[2025-02-24T04:15:09.181+0000] {processor.py:830} INFO - Processing file /home/airflow/.local/lib/python3.12/site-packages/airflow/example_dags/example_task_group_decorator.py for tasks to queue
[2025-02-24T04:15:09.184+0000] {logging_mixin.py:188} INFO - [2025-02-24T04:15:09.183+0000] {dagbag.py:540} INFO - Filling up the DagBag from /home/airflow/.local/lib/python3.12/site-packages/airflow/example_dags/example_task_group_decorator.py
[2025-02-24T04:15:09.202+0000] {processor.py:840} INFO - DAG(s) 'example_task_group_decorator' retrieved from /home/airflow/.local/lib/python3.12/site-packages/airflow/example_dags/example_task_group_decorator.py
[2025-02-24T04:15:09.233+0000] {logging_mixin.py:188} INFO - [2025-02-24T04:15:09.233+0000] {dag.py:3096} INFO - Sync 1 DAGs
[2025-02-24T04:15:09.259+0000] {logging_mixin.py:188} INFO - [2025-02-24T04:15:09.259+0000] {dag.py:3954} INFO - Setting next_dagrun for example_task_group_decorator to 2025-02-23 00:00:00+00:00, run_after=2025-02-24 00:00:00+00:00
[2025-02-24T04:15:09.280+0000] {processor.py:183} INFO - Processing /home/airflow/.local/lib/python3.12/site-packages/airflow/example_dags/example_task_group_decorator.py took 0.107 seconds
[2025-02-24T04:15:39.458+0000] {processor.py:161} INFO - Started process (PID=2586) to work on /home/airflow/.local/lib/python3.12/site-packages/airflow/example_dags/example_task_group_decorator.py
[2025-02-24T04:15:39.460+0000] {processor.py:830} INFO - Processing file /home/airflow/.local/lib/python3.12/site-packages/airflow/example_dags/example_task_group_decorator.py for tasks to queue
[2025-02-24T04:15:39.463+0000] {logging_mixin.py:188} INFO - [2025-02-24T04:15:39.462+0000] {dagbag.py:540} INFO - Filling up the DagBag from /home/airflow/.local/lib/python3.12/site-packages/airflow/example_dags/example_task_group_decorator.py
[2025-02-24T04:15:39.484+0000] {processor.py:840} INFO - DAG(s) 'example_task_group_decorator' retrieved from /home/airflow/.local/lib/python3.12/site-packages/airflow/example_dags/example_task_group_decorator.py
[2025-02-24T04:15:39.519+0000] {logging_mixin.py:188} INFO - [2025-02-24T04:15:39.518+0000] {dag.py:3096} INFO - Sync 1 DAGs
[2025-02-24T04:15:39.549+0000] {logging_mixin.py:188} INFO - [2025-02-24T04:15:39.548+0000] {dag.py:3954} INFO - Setting next_dagrun for example_task_group_decorator to 2025-02-23 00:00:00+00:00, run_after=2025-02-24 00:00:00+00:00
[2025-02-24T04:15:39.575+0000] {processor.py:183} INFO - Processing /home/airflow/.local/lib/python3.12/site-packages/airflow/example_dags/example_task_group_decorator.py took 0.124 seconds
[2025-02-24T04:16:09.835+0000] {processor.py:161} INFO - Started process (PID=2647) to work on /home/airflow/.local/lib/python3.12/site-packages/airflow/example_dags/example_task_group_decorator.py
[2025-02-24T04:16:09.836+0000] {processor.py:830} INFO - Processing file /home/airflow/.local/lib/python3.12/site-packages/airflow/example_dags/example_task_group_decorator.py for tasks to queue
[2025-02-24T04:16:09.839+0000] {logging_mixin.py:188} INFO - [2025-02-24T04:16:09.838+0000] {dagbag.py:540} INFO - Filling up the DagBag from /home/airflow/.local/lib/python3.12/site-packages/airflow/example_dags/example_task_group_decorator.py
[2025-02-24T04:16:09.857+0000] {processor.py:840} INFO - DAG(s) 'example_task_group_decorator' retrieved from /home/airflow/.local/lib/python3.12/site-packages/airflow/example_dags/example_task_group_decorator.py
[2025-02-24T04:16:09.887+0000] {logging_mixin.py:188} INFO - [2025-02-24T04:16:09.887+0000] {dag.py:3096} INFO - Sync 1 DAGs
[2025-02-24T04:16:09.912+0000] {logging_mixin.py:188} INFO - [2025-02-24T04:16:09.912+0000] {dag.py:3954} INFO - Setting next_dagrun for example_task_group_decorator to 2025-02-23 00:00:00+00:00, run_after=2025-02-24 00:00:00+00:00
[2025-02-24T04:16:09.934+0000] {processor.py:183} INFO - Processing /home/airflow/.local/lib/python3.12/site-packages/airflow/example_dags/example_task_group_decorator.py took 0.107 seconds
[2025-02-24T04:16:40.372+0000] {processor.py:161} INFO - Started process (PID=2707) to work on /home/airflow/.local/lib/python3.12/site-packages/airflow/example_dags/example_task_group_decorator.py
[2025-02-24T04:16:40.374+0000] {processor.py:830} INFO - Processing file /home/airflow/.local/lib/python3.12/site-packages/airflow/example_dags/example_task_group_decorator.py for tasks to queue
[2025-02-24T04:16:40.378+0000] {logging_mixin.py:188} INFO - [2025-02-24T04:16:40.378+0000] {dagbag.py:540} INFO - Filling up the DagBag from /home/airflow/.local/lib/python3.12/site-packages/airflow/example_dags/example_task_group_decorator.py
[2025-02-24T04:16:40.402+0000] {processor.py:840} INFO - DAG(s) 'example_task_group_decorator' retrieved from /home/airflow/.local/lib/python3.12/site-packages/airflow/example_dags/example_task_group_decorator.py
[2025-02-24T04:16:40.437+0000] {logging_mixin.py:188} INFO - [2025-02-24T04:16:40.437+0000] {dag.py:3096} INFO - Sync 1 DAGs
[2025-02-24T04:16:40.475+0000] {logging_mixin.py:188} INFO - [2025-02-24T04:16:40.475+0000] {dag.py:3954} INFO - Setting next_dagrun for example_task_group_decorator to 2025-02-23 00:00:00+00:00, run_after=2025-02-24 00:00:00+00:00
[2025-02-24T04:16:40.504+0000] {processor.py:183} INFO - Processing /home/airflow/.local/lib/python3.12/site-packages/airflow/example_dags/example_task_group_decorator.py took 0.152 seconds
[2025-02-24T04:17:10.609+0000] {processor.py:161} INFO - Started process (PID=2767) to work on /home/airflow/.local/lib/python3.12/site-packages/airflow/example_dags/example_task_group_decorator.py
[2025-02-24T04:17:10.610+0000] {processor.py:830} INFO - Processing file /home/airflow/.local/lib/python3.12/site-packages/airflow/example_dags/example_task_group_decorator.py for tasks to queue
[2025-02-24T04:17:10.613+0000] {logging_mixin.py:188} INFO - [2025-02-24T04:17:10.613+0000] {dagbag.py:540} INFO - Filling up the DagBag from /home/airflow/.local/lib/python3.12/site-packages/airflow/example_dags/example_task_group_decorator.py
[2025-02-24T04:17:10.641+0000] {processor.py:840} INFO - DAG(s) 'example_task_group_decorator' retrieved from /home/airflow/.local/lib/python3.12/site-packages/airflow/example_dags/example_task_group_decorator.py
[2025-02-24T04:17:10.702+0000] {logging_mixin.py:188} INFO - [2025-02-24T04:17:10.701+0000] {dag.py:3096} INFO - Sync 1 DAGs
[2025-02-24T04:17:10.753+0000] {logging_mixin.py:188} INFO - [2025-02-24T04:17:10.753+0000] {dag.py:3954} INFO - Setting next_dagrun for example_task_group_decorator to 2025-02-23 00:00:00+00:00, run_after=2025-02-24 00:00:00+00:00
[2025-02-24T04:17:10.797+0000] {processor.py:183} INFO - Processing /home/airflow/.local/lib/python3.12/site-packages/airflow/example_dags/example_task_group_decorator.py took 0.198 seconds
[2025-02-24T04:17:41.441+0000] {processor.py:161} INFO - Started process (PID=2833) to work on /home/airflow/.local/lib/python3.12/site-packages/airflow/example_dags/example_task_group_decorator.py
[2025-02-24T04:17:41.443+0000] {processor.py:830} INFO - Processing file /home/airflow/.local/lib/python3.12/site-packages/airflow/example_dags/example_task_group_decorator.py for tasks to queue
[2025-02-24T04:17:41.445+0000] {logging_mixin.py:188} INFO - [2025-02-24T04:17:41.445+0000] {dagbag.py:540} INFO - Filling up the DagBag from /home/airflow/.local/lib/python3.12/site-packages/airflow/example_dags/example_task_group_decorator.py
[2025-02-24T04:17:41.463+0000] {processor.py:840} INFO - DAG(s) 'example_task_group_decorator' retrieved from /home/airflow/.local/lib/python3.12/site-packages/airflow/example_dags/example_task_group_decorator.py
[2025-02-24T04:17:41.496+0000] {logging_mixin.py:188} INFO - [2025-02-24T04:17:41.496+0000] {dag.py:3096} INFO - Sync 1 DAGs
[2025-02-24T04:17:41.527+0000] {logging_mixin.py:188} INFO - [2025-02-24T04:17:41.527+0000] {dag.py:3954} INFO - Setting next_dagrun for example_task_group_decorator to 2025-02-23 00:00:00+00:00, run_after=2025-02-24 00:00:00+00:00
[2025-02-24T04:17:41.554+0000] {processor.py:183} INFO - Processing /home/airflow/.local/lib/python3.12/site-packages/airflow/example_dags/example_task_group_decorator.py took 0.119 seconds
[2025-02-24T04:19:47.996+0000] {processor.py:161} INFO - Started process (PID=2895) to work on /home/airflow/.local/lib/python3.12/site-packages/airflow/example_dags/example_task_group_decorator.py
[2025-02-24T04:19:47.998+0000] {processor.py:830} INFO - Processing file /home/airflow/.local/lib/python3.12/site-packages/airflow/example_dags/example_task_group_decorator.py for tasks to queue
[2025-02-24T04:19:48.000+0000] {logging_mixin.py:188} INFO - [2025-02-24T04:19:47.999+0000] {dagbag.py:540} INFO - Filling up the DagBag from /home/airflow/.local/lib/python3.12/site-packages/airflow/example_dags/example_task_group_decorator.py
[2025-02-24T04:19:48.044+0000] {processor.py:840} INFO - DAG(s) 'example_task_group_decorator' retrieved from /home/airflow/.local/lib/python3.12/site-packages/airflow/example_dags/example_task_group_decorator.py
[2025-02-24T04:19:48.110+0000] {logging_mixin.py:188} INFO - [2025-02-24T04:19:48.109+0000] {dag.py:3096} INFO - Sync 1 DAGs
[2025-02-24T04:19:48.169+0000] {logging_mixin.py:188} INFO - [2025-02-24T04:19:48.169+0000] {dag.py:3954} INFO - Setting next_dagrun for example_task_group_decorator to 2025-02-23 00:00:00+00:00, run_after=2025-02-24 00:00:00+00:00
[2025-02-24T04:19:48.229+0000] {processor.py:183} INFO - Processing /home/airflow/.local/lib/python3.12/site-packages/airflow/example_dags/example_task_group_decorator.py took 0.257 seconds
[2025-02-24T04:22:03.275+0000] {processor.py:161} INFO - Started process (PID=2994) to work on /home/airflow/.local/lib/python3.12/site-packages/airflow/example_dags/example_task_group_decorator.py
[2025-02-24T04:22:03.280+0000] {processor.py:830} INFO - Processing file /home/airflow/.local/lib/python3.12/site-packages/airflow/example_dags/example_task_group_decorator.py for tasks to queue
[2025-02-24T04:22:03.284+0000] {logging_mixin.py:188} INFO - [2025-02-24T04:22:03.283+0000] {dagbag.py:540} INFO - Filling up the DagBag from /home/airflow/.local/lib/python3.12/site-packages/airflow/example_dags/example_task_group_decorator.py
[2025-02-24T04:22:03.373+0000] {processor.py:840} INFO - DAG(s) 'example_task_group_decorator' retrieved from /home/airflow/.local/lib/python3.12/site-packages/airflow/example_dags/example_task_group_decorator.py
[2025-02-24T04:22:03.491+0000] {logging_mixin.py:188} INFO - [2025-02-24T04:22:03.490+0000] {dag.py:3096} INFO - Sync 1 DAGs
[2025-02-24T04:22:03.599+0000] {logging_mixin.py:188} INFO - [2025-02-24T04:22:03.598+0000] {dag.py:3954} INFO - Setting next_dagrun for example_task_group_decorator to 2025-02-23 00:00:00+00:00, run_after=2025-02-24 00:00:00+00:00
[2025-02-24T04:22:03.671+0000] {processor.py:183} INFO - Processing /home/airflow/.local/lib/python3.12/site-packages/airflow/example_dags/example_task_group_decorator.py took 0.419 seconds
[2025-02-24T04:24:09.082+0000] {processor.py:161} INFO - Started process (PID=3059) to work on /home/airflow/.local/lib/python3.12/site-packages/airflow/example_dags/example_task_group_decorator.py
[2025-02-24T04:24:09.084+0000] {processor.py:830} INFO - Processing file /home/airflow/.local/lib/python3.12/site-packages/airflow/example_dags/example_task_group_decorator.py for tasks to queue
[2025-02-24T04:24:09.086+0000] {logging_mixin.py:188} INFO - [2025-02-24T04:24:09.085+0000] {dagbag.py:540} INFO - Filling up the DagBag from /home/airflow/.local/lib/python3.12/site-packages/airflow/example_dags/example_task_group_decorator.py
[2025-02-24T04:24:09.126+0000] {processor.py:840} INFO - DAG(s) 'example_task_group_decorator' retrieved from /home/airflow/.local/lib/python3.12/site-packages/airflow/example_dags/example_task_group_decorator.py
[2025-02-24T04:24:09.269+0000] {logging_mixin.py:188} INFO - [2025-02-24T04:24:09.269+0000] {dag.py:3096} INFO - Sync 1 DAGs
[2025-02-24T04:24:09.318+0000] {logging_mixin.py:188} INFO - [2025-02-24T04:24:09.318+0000] {dag.py:3954} INFO - Setting next_dagrun for example_task_group_decorator to 2025-02-23 00:00:00+00:00, run_after=2025-02-24 00:00:00+00:00
[2025-02-24T04:24:09.369+0000] {processor.py:183} INFO - Processing /home/airflow/.local/lib/python3.12/site-packages/airflow/example_dags/example_task_group_decorator.py took 0.304 seconds
[2025-02-24T04:24:39.539+0000] {processor.py:161} INFO - Started process (PID=3129) to work on /home/airflow/.local/lib/python3.12/site-packages/airflow/example_dags/example_task_group_decorator.py
[2025-02-24T04:24:39.540+0000] {processor.py:830} INFO - Processing file /home/airflow/.local/lib/python3.12/site-packages/airflow/example_dags/example_task_group_decorator.py for tasks to queue
[2025-02-24T04:24:39.541+0000] {logging_mixin.py:188} INFO - [2025-02-24T04:24:39.541+0000] {dagbag.py:540} INFO - Filling up the DagBag from /home/airflow/.local/lib/python3.12/site-packages/airflow/example_dags/example_task_group_decorator.py
[2025-02-24T04:24:39.562+0000] {processor.py:840} INFO - DAG(s) 'example_task_group_decorator' retrieved from /home/airflow/.local/lib/python3.12/site-packages/airflow/example_dags/example_task_group_decorator.py
[2025-02-24T04:24:39.598+0000] {logging_mixin.py:188} INFO - [2025-02-24T04:24:39.598+0000] {dag.py:3096} INFO - Sync 1 DAGs
[2025-02-24T04:24:39.632+0000] {logging_mixin.py:188} INFO - [2025-02-24T04:24:39.632+0000] {dag.py:3954} INFO - Setting next_dagrun for example_task_group_decorator to 2025-02-23 00:00:00+00:00, run_after=2025-02-24 00:00:00+00:00
[2025-02-24T04:24:39.656+0000] {processor.py:183} INFO - Processing /home/airflow/.local/lib/python3.12/site-packages/airflow/example_dags/example_task_group_decorator.py took 0.126 seconds
[2025-02-24T04:25:31.238+0000] {processor.py:161} INFO - Started process (PID=3205) to work on /home/airflow/.local/lib/python3.12/site-packages/airflow/example_dags/example_task_group_decorator.py
[2025-02-24T04:25:31.248+0000] {processor.py:830} INFO - Processing file /home/airflow/.local/lib/python3.12/site-packages/airflow/example_dags/example_task_group_decorator.py for tasks to queue
[2025-02-24T04:25:31.250+0000] {logging_mixin.py:188} INFO - [2025-02-24T04:25:31.249+0000] {dagbag.py:540} INFO - Filling up the DagBag from /home/airflow/.local/lib/python3.12/site-packages/airflow/example_dags/example_task_group_decorator.py
[2025-02-24T04:25:31.310+0000] {processor.py:840} INFO - DAG(s) 'example_task_group_decorator' retrieved from /home/airflow/.local/lib/python3.12/site-packages/airflow/example_dags/example_task_group_decorator.py
[2025-02-24T04:25:31.397+0000] {logging_mixin.py:188} INFO - [2025-02-24T04:25:31.396+0000] {dag.py:3096} INFO - Sync 1 DAGs
[2025-02-24T04:25:31.481+0000] {logging_mixin.py:188} INFO - [2025-02-24T04:25:31.481+0000] {dag.py:3954} INFO - Setting next_dagrun for example_task_group_decorator to 2025-02-23 00:00:00+00:00, run_after=2025-02-24 00:00:00+00:00
[2025-02-24T04:25:31.538+0000] {processor.py:183} INFO - Processing /home/airflow/.local/lib/python3.12/site-packages/airflow/example_dags/example_task_group_decorator.py took 0.320 seconds
[2025-02-24T04:27:34.280+0000] {processor.py:161} INFO - Started process (PID=3274) to work on /home/airflow/.local/lib/python3.12/site-packages/airflow/example_dags/example_task_group_decorator.py
[2025-02-24T04:27:34.282+0000] {processor.py:830} INFO - Processing file /home/airflow/.local/lib/python3.12/site-packages/airflow/example_dags/example_task_group_decorator.py for tasks to queue
[2025-02-24T04:27:34.285+0000] {logging_mixin.py:188} INFO - [2025-02-24T04:27:34.284+0000] {dagbag.py:540} INFO - Filling up the DagBag from /home/airflow/.local/lib/python3.12/site-packages/airflow/example_dags/example_task_group_decorator.py
[2025-02-24T04:27:34.330+0000] {processor.py:840} INFO - DAG(s) 'example_task_group_decorator' retrieved from /home/airflow/.local/lib/python3.12/site-packages/airflow/example_dags/example_task_group_decorator.py
[2025-02-24T04:27:34.535+0000] {logging_mixin.py:188} INFO - [2025-02-24T04:27:34.534+0000] {dag.py:3096} INFO - Sync 1 DAGs
[2025-02-24T04:27:34.586+0000] {logging_mixin.py:188} INFO - [2025-02-24T04:27:34.586+0000] {dag.py:3954} INFO - Setting next_dagrun for example_task_group_decorator to 2025-02-23 00:00:00+00:00, run_after=2025-02-24 00:00:00+00:00
[2025-02-24T04:27:34.627+0000] {processor.py:183} INFO - Processing /home/airflow/.local/lib/python3.12/site-packages/airflow/example_dags/example_task_group_decorator.py took 0.375 seconds
[2025-02-24T04:29:04.339+0000] {processor.py:161} INFO - Started process (PID=3352) to work on /home/airflow/.local/lib/python3.12/site-packages/airflow/example_dags/example_task_group_decorator.py
[2025-02-24T04:29:04.352+0000] {processor.py:830} INFO - Processing file /home/airflow/.local/lib/python3.12/site-packages/airflow/example_dags/example_task_group_decorator.py for tasks to queue
[2025-02-24T04:29:04.367+0000] {logging_mixin.py:188} INFO - [2025-02-24T04:29:04.366+0000] {dagbag.py:540} INFO - Filling up the DagBag from /home/airflow/.local/lib/python3.12/site-packages/airflow/example_dags/example_task_group_decorator.py
[2025-02-24T04:29:04.454+0000] {processor.py:840} INFO - DAG(s) 'example_task_group_decorator' retrieved from /home/airflow/.local/lib/python3.12/site-packages/airflow/example_dags/example_task_group_decorator.py
[2025-02-24T04:29:04.595+0000] {logging_mixin.py:188} INFO - [2025-02-24T04:29:04.594+0000] {dag.py:3096} INFO - Sync 1 DAGs
[2025-02-24T04:29:04.759+0000] {logging_mixin.py:188} INFO - [2025-02-24T04:29:04.758+0000] {dag.py:3954} INFO - Setting next_dagrun for example_task_group_decorator to 2025-02-23 00:00:00+00:00, run_after=2025-02-24 00:00:00+00:00
[2025-02-24T04:29:04.843+0000] {processor.py:183} INFO - Processing /home/airflow/.local/lib/python3.12/site-packages/airflow/example_dags/example_task_group_decorator.py took 0.544 seconds
