[2025-02-24T03:54:38.315+0000] {processor.py:161} INFO - Started process (PID=98) to work on /home/airflow/.local/lib/python3.12/site-packages/airflow/example_dags/example_nested_branch_dag.py
[2025-02-24T03:54:38.317+0000] {processor.py:830} INFO - Processing file /home/airflow/.local/lib/python3.12/site-packages/airflow/example_dags/example_nested_branch_dag.py for tasks to queue
[2025-02-24T03:54:38.322+0000] {logging_mixin.py:188} INFO - [2025-02-24T03:54:38.321+0000] {dagbag.py:540} INFO - Filling up the DagBag from /home/airflow/.local/lib/python3.12/site-packages/airflow/example_dags/example_nested_branch_dag.py
[2025-02-24T03:54:38.345+0000] {processor.py:840} INFO - DAG(s) 'example_nested_branch_dag' retrieved from /home/airflow/.local/lib/python3.12/site-packages/airflow/example_dags/example_nested_branch_dag.py
[2025-02-24T03:54:48.394+0000] {logging_mixin.py:188} INFO - [2025-02-24T03:54:48.393+0000] {override.py:1829} INFO - Created Permission View: can read on DAG:example_nested_branch_dag
[2025-02-24T03:54:48.432+0000] {logging_mixin.py:188} INFO - [2025-02-24T03:54:48.431+0000] {override.py:1829} INFO - Created Permission View: can delete on DAG:example_nested_branch_dag
[2025-02-24T03:54:48.460+0000] {logging_mixin.py:188} INFO - [2025-02-24T03:54:48.459+0000] {override.py:1829} INFO - Created Permission View: can edit on DAG:example_nested_branch_dag
[2025-02-24T03:54:48.461+0000] {logging_mixin.py:188} INFO - [2025-02-24T03:54:48.460+0000] {dag.py:3096} INFO - Sync 1 DAGs
[2025-02-24T03:54:48.501+0000] {logging_mixin.py:188} INFO - [2025-02-24T03:54:48.500+0000] {dag.py:3118} INFO - Creating ORM DAG for example_nested_branch_dag
[2025-02-24T03:54:48.553+0000] {logging_mixin.py:188} INFO - [2025-02-24T03:54:48.552+0000] {dag.py:3954} INFO - Setting next_dagrun for example_nested_branch_dag to 2025-02-23 00:00:00+00:00, run_after=2025-02-24 00:00:00+00:00
[2025-02-24T03:54:48.627+0000] {processor.py:183} INFO - Processing /home/airflow/.local/lib/python3.12/site-packages/airflow/example_dags/example_nested_branch_dag.py took 10.318 seconds
[2025-02-24T03:55:18.795+0000] {processor.py:161} INFO - Started process (PID=164) to work on /home/airflow/.local/lib/python3.12/site-packages/airflow/example_dags/example_nested_branch_dag.py
[2025-02-24T03:55:18.797+0000] {processor.py:830} INFO - Processing file /home/airflow/.local/lib/python3.12/site-packages/airflow/example_dags/example_nested_branch_dag.py for tasks to queue
[2025-02-24T03:55:18.799+0000] {logging_mixin.py:188} INFO - [2025-02-24T03:55:18.799+0000] {dagbag.py:540} INFO - Filling up the DagBag from /home/airflow/.local/lib/python3.12/site-packages/airflow/example_dags/example_nested_branch_dag.py
[2025-02-24T03:55:18.820+0000] {processor.py:840} INFO - DAG(s) 'example_nested_branch_dag' retrieved from /home/airflow/.local/lib/python3.12/site-packages/airflow/example_dags/example_nested_branch_dag.py
[2025-02-24T03:55:18.856+0000] {logging_mixin.py:188} INFO - [2025-02-24T03:55:18.856+0000] {dag.py:3096} INFO - Sync 1 DAGs
[2025-02-24T03:55:18.895+0000] {logging_mixin.py:188} INFO - [2025-02-24T03:55:18.894+0000] {dag.py:3954} INFO - Setting next_dagrun for example_nested_branch_dag to 2025-02-23 00:00:00+00:00, run_after=2025-02-24 00:00:00+00:00
[2025-02-24T03:55:18.930+0000] {processor.py:183} INFO - Processing /home/airflow/.local/lib/python3.12/site-packages/airflow/example_dags/example_nested_branch_dag.py took 0.143 seconds
[2025-02-24T03:55:49.305+0000] {processor.py:161} INFO - Started process (PID=224) to work on /home/airflow/.local/lib/python3.12/site-packages/airflow/example_dags/example_nested_branch_dag.py
[2025-02-24T03:55:49.307+0000] {processor.py:830} INFO - Processing file /home/airflow/.local/lib/python3.12/site-packages/airflow/example_dags/example_nested_branch_dag.py for tasks to queue
[2025-02-24T03:55:49.310+0000] {logging_mixin.py:188} INFO - [2025-02-24T03:55:49.309+0000] {dagbag.py:540} INFO - Filling up the DagBag from /home/airflow/.local/lib/python3.12/site-packages/airflow/example_dags/example_nested_branch_dag.py
[2025-02-24T03:55:49.357+0000] {processor.py:840} INFO - DAG(s) 'example_nested_branch_dag' retrieved from /home/airflow/.local/lib/python3.12/site-packages/airflow/example_dags/example_nested_branch_dag.py
[2025-02-24T03:55:49.398+0000] {logging_mixin.py:188} INFO - [2025-02-24T03:55:49.398+0000] {dag.py:3096} INFO - Sync 1 DAGs
[2025-02-24T03:55:49.450+0000] {logging_mixin.py:188} INFO - [2025-02-24T03:55:49.449+0000] {dag.py:3954} INFO - Setting next_dagrun for example_nested_branch_dag to 2025-02-23 00:00:00+00:00, run_after=2025-02-24 00:00:00+00:00
[2025-02-24T03:55:49.478+0000] {processor.py:183} INFO - Processing /home/airflow/.local/lib/python3.12/site-packages/airflow/example_dags/example_nested_branch_dag.py took 0.180 seconds
[2025-02-24T03:56:20.273+0000] {processor.py:161} INFO - Started process (PID=285) to work on /home/airflow/.local/lib/python3.12/site-packages/airflow/example_dags/example_nested_branch_dag.py
[2025-02-24T03:56:20.274+0000] {processor.py:830} INFO - Processing file /home/airflow/.local/lib/python3.12/site-packages/airflow/example_dags/example_nested_branch_dag.py for tasks to queue
[2025-02-24T03:56:20.276+0000] {logging_mixin.py:188} INFO - [2025-02-24T03:56:20.276+0000] {dagbag.py:540} INFO - Filling up the DagBag from /home/airflow/.local/lib/python3.12/site-packages/airflow/example_dags/example_nested_branch_dag.py
[2025-02-24T03:56:20.289+0000] {processor.py:840} INFO - DAG(s) 'example_nested_branch_dag' retrieved from /home/airflow/.local/lib/python3.12/site-packages/airflow/example_dags/example_nested_branch_dag.py
[2025-02-24T03:56:20.304+0000] {logging_mixin.py:188} INFO - [2025-02-24T03:56:20.303+0000] {dag.py:3096} INFO - Sync 1 DAGs
[2025-02-24T03:56:20.333+0000] {logging_mixin.py:188} INFO - [2025-02-24T03:56:20.333+0000] {dag.py:3954} INFO - Setting next_dagrun for example_nested_branch_dag to 2025-02-23 00:00:00+00:00, run_after=2025-02-24 00:00:00+00:00
[2025-02-24T03:56:20.357+0000] {processor.py:183} INFO - Processing /home/airflow/.local/lib/python3.12/site-packages/airflow/example_dags/example_nested_branch_dag.py took 0.092 seconds
[2025-02-24T03:56:50.610+0000] {processor.py:161} INFO - Started process (PID=345) to work on /home/airflow/.local/lib/python3.12/site-packages/airflow/example_dags/example_nested_branch_dag.py
[2025-02-24T03:56:50.611+0000] {processor.py:830} INFO - Processing file /home/airflow/.local/lib/python3.12/site-packages/airflow/example_dags/example_nested_branch_dag.py for tasks to queue
[2025-02-24T03:56:50.615+0000] {logging_mixin.py:188} INFO - [2025-02-24T03:56:50.614+0000] {dagbag.py:540} INFO - Filling up the DagBag from /home/airflow/.local/lib/python3.12/site-packages/airflow/example_dags/example_nested_branch_dag.py
[2025-02-24T03:56:50.630+0000] {processor.py:840} INFO - DAG(s) 'example_nested_branch_dag' retrieved from /home/airflow/.local/lib/python3.12/site-packages/airflow/example_dags/example_nested_branch_dag.py
[2025-02-24T03:56:50.773+0000] {logging_mixin.py:188} INFO - [2025-02-24T03:56:50.772+0000] {dag.py:3096} INFO - Sync 1 DAGs
[2025-02-24T03:56:50.796+0000] {logging_mixin.py:188} INFO - [2025-02-24T03:56:50.796+0000] {dag.py:3954} INFO - Setting next_dagrun for example_nested_branch_dag to 2025-02-23 00:00:00+00:00, run_after=2025-02-24 00:00:00+00:00
[2025-02-24T03:56:50.818+0000] {processor.py:183} INFO - Processing /home/airflow/.local/lib/python3.12/site-packages/airflow/example_dags/example_nested_branch_dag.py took 0.218 seconds
[2025-02-24T03:57:21.104+0000] {processor.py:161} INFO - Started process (PID=405) to work on /home/airflow/.local/lib/python3.12/site-packages/airflow/example_dags/example_nested_branch_dag.py
[2025-02-24T03:57:21.106+0000] {processor.py:830} INFO - Processing file /home/airflow/.local/lib/python3.12/site-packages/airflow/example_dags/example_nested_branch_dag.py for tasks to queue
[2025-02-24T03:57:21.109+0000] {logging_mixin.py:188} INFO - [2025-02-24T03:57:21.108+0000] {dagbag.py:540} INFO - Filling up the DagBag from /home/airflow/.local/lib/python3.12/site-packages/airflow/example_dags/example_nested_branch_dag.py
[2025-02-24T03:57:21.120+0000] {processor.py:840} INFO - DAG(s) 'example_nested_branch_dag' retrieved from /home/airflow/.local/lib/python3.12/site-packages/airflow/example_dags/example_nested_branch_dag.py
[2025-02-24T03:57:21.151+0000] {logging_mixin.py:188} INFO - [2025-02-24T03:57:21.151+0000] {dag.py:3096} INFO - Sync 1 DAGs
[2025-02-24T03:57:21.179+0000] {logging_mixin.py:188} INFO - [2025-02-24T03:57:21.179+0000] {dag.py:3954} INFO - Setting next_dagrun for example_nested_branch_dag to 2025-02-23 00:00:00+00:00, run_after=2025-02-24 00:00:00+00:00
[2025-02-24T03:57:21.202+0000] {processor.py:183} INFO - Processing /home/airflow/.local/lib/python3.12/site-packages/airflow/example_dags/example_nested_branch_dag.py took 0.105 seconds
[2025-02-24T03:57:51.536+0000] {processor.py:161} INFO - Started process (PID=465) to work on /home/airflow/.local/lib/python3.12/site-packages/airflow/example_dags/example_nested_branch_dag.py
[2025-02-24T03:57:51.537+0000] {processor.py:830} INFO - Processing file /home/airflow/.local/lib/python3.12/site-packages/airflow/example_dags/example_nested_branch_dag.py for tasks to queue
[2025-02-24T03:57:51.540+0000] {logging_mixin.py:188} INFO - [2025-02-24T03:57:51.539+0000] {dagbag.py:540} INFO - Filling up the DagBag from /home/airflow/.local/lib/python3.12/site-packages/airflow/example_dags/example_nested_branch_dag.py
[2025-02-24T03:57:51.558+0000] {processor.py:840} INFO - DAG(s) 'example_nested_branch_dag' retrieved from /home/airflow/.local/lib/python3.12/site-packages/airflow/example_dags/example_nested_branch_dag.py
[2025-02-24T03:57:51.590+0000] {logging_mixin.py:188} INFO - [2025-02-24T03:57:51.589+0000] {dag.py:3096} INFO - Sync 1 DAGs
[2025-02-24T03:57:51.617+0000] {logging_mixin.py:188} INFO - [2025-02-24T03:57:51.617+0000] {dag.py:3954} INFO - Setting next_dagrun for example_nested_branch_dag to 2025-02-23 00:00:00+00:00, run_after=2025-02-24 00:00:00+00:00
[2025-02-24T03:57:51.647+0000] {processor.py:183} INFO - Processing /home/airflow/.local/lib/python3.12/site-packages/airflow/example_dags/example_nested_branch_dag.py took 0.118 seconds
[2025-02-24T03:58:39.349+0000] {processor.py:161} INFO - Started process (PID=531) to work on /home/airflow/.local/lib/python3.12/site-packages/airflow/example_dags/example_nested_branch_dag.py
[2025-02-24T03:58:39.362+0000] {processor.py:830} INFO - Processing file /home/airflow/.local/lib/python3.12/site-packages/airflow/example_dags/example_nested_branch_dag.py for tasks to queue
[2025-02-24T03:58:39.366+0000] {logging_mixin.py:188} INFO - [2025-02-24T03:58:39.365+0000] {dagbag.py:540} INFO - Filling up the DagBag from /home/airflow/.local/lib/python3.12/site-packages/airflow/example_dags/example_nested_branch_dag.py
[2025-02-24T03:58:39.379+0000] {processor.py:840} INFO - DAG(s) 'example_nested_branch_dag' retrieved from /home/airflow/.local/lib/python3.12/site-packages/airflow/example_dags/example_nested_branch_dag.py
[2025-02-24T03:58:39.404+0000] {logging_mixin.py:188} INFO - [2025-02-24T03:58:39.404+0000] {dag.py:3096} INFO - Sync 1 DAGs
[2025-02-24T03:58:39.430+0000] {logging_mixin.py:188} INFO - [2025-02-24T03:58:39.430+0000] {dag.py:3954} INFO - Setting next_dagrun for example_nested_branch_dag to 2025-02-23 00:00:00+00:00, run_after=2025-02-24 00:00:00+00:00
[2025-02-24T03:58:39.555+0000] {processor.py:183} INFO - Processing /home/airflow/.local/lib/python3.12/site-packages/airflow/example_dags/example_nested_branch_dag.py took 0.219 seconds
[2025-02-24T03:59:09.758+0000] {processor.py:161} INFO - Started process (PID=589) to work on /home/airflow/.local/lib/python3.12/site-packages/airflow/example_dags/example_nested_branch_dag.py
[2025-02-24T03:59:09.759+0000] {processor.py:830} INFO - Processing file /home/airflow/.local/lib/python3.12/site-packages/airflow/example_dags/example_nested_branch_dag.py for tasks to queue
[2025-02-24T03:59:09.762+0000] {logging_mixin.py:188} INFO - [2025-02-24T03:59:09.761+0000] {dagbag.py:540} INFO - Filling up the DagBag from /home/airflow/.local/lib/python3.12/site-packages/airflow/example_dags/example_nested_branch_dag.py
[2025-02-24T03:59:09.775+0000] {processor.py:840} INFO - DAG(s) 'example_nested_branch_dag' retrieved from /home/airflow/.local/lib/python3.12/site-packages/airflow/example_dags/example_nested_branch_dag.py
[2025-02-24T03:59:09.803+0000] {logging_mixin.py:188} INFO - [2025-02-24T03:59:09.803+0000] {dag.py:3096} INFO - Sync 1 DAGs
[2025-02-24T03:59:09.832+0000] {logging_mixin.py:188} INFO - [2025-02-24T03:59:09.832+0000] {dag.py:3954} INFO - Setting next_dagrun for example_nested_branch_dag to 2025-02-23 00:00:00+00:00, run_after=2025-02-24 00:00:00+00:00
[2025-02-24T03:59:09.856+0000] {processor.py:183} INFO - Processing /home/airflow/.local/lib/python3.12/site-packages/airflow/example_dags/example_nested_branch_dag.py took 0.106 seconds
[2025-02-24T03:59:39.939+0000] {processor.py:161} INFO - Started process (PID=649) to work on /home/airflow/.local/lib/python3.12/site-packages/airflow/example_dags/example_nested_branch_dag.py
[2025-02-24T03:59:39.940+0000] {processor.py:830} INFO - Processing file /home/airflow/.local/lib/python3.12/site-packages/airflow/example_dags/example_nested_branch_dag.py for tasks to queue
[2025-02-24T03:59:39.946+0000] {logging_mixin.py:188} INFO - [2025-02-24T03:59:39.944+0000] {dagbag.py:540} INFO - Filling up the DagBag from /home/airflow/.local/lib/python3.12/site-packages/airflow/example_dags/example_nested_branch_dag.py
[2025-02-24T03:59:39.998+0000] {processor.py:840} INFO - DAG(s) 'example_nested_branch_dag' retrieved from /home/airflow/.local/lib/python3.12/site-packages/airflow/example_dags/example_nested_branch_dag.py
[2025-02-24T03:59:40.031+0000] {logging_mixin.py:188} INFO - [2025-02-24T03:59:40.030+0000] {dag.py:3096} INFO - Sync 1 DAGs
[2025-02-24T03:59:40.073+0000] {logging_mixin.py:188} INFO - [2025-02-24T03:59:40.073+0000] {dag.py:3954} INFO - Setting next_dagrun for example_nested_branch_dag to 2025-02-23 00:00:00+00:00, run_after=2025-02-24 00:00:00+00:00
[2025-02-24T03:59:40.101+0000] {processor.py:183} INFO - Processing /home/airflow/.local/lib/python3.12/site-packages/airflow/example_dags/example_nested_branch_dag.py took 0.170 seconds
[2025-02-24T04:00:10.671+0000] {processor.py:161} INFO - Started process (PID=710) to work on /home/airflow/.local/lib/python3.12/site-packages/airflow/example_dags/example_nested_branch_dag.py
[2025-02-24T04:00:10.673+0000] {processor.py:830} INFO - Processing file /home/airflow/.local/lib/python3.12/site-packages/airflow/example_dags/example_nested_branch_dag.py for tasks to queue
[2025-02-24T04:00:10.678+0000] {logging_mixin.py:188} INFO - [2025-02-24T04:00:10.678+0000] {dagbag.py:540} INFO - Filling up the DagBag from /home/airflow/.local/lib/python3.12/site-packages/airflow/example_dags/example_nested_branch_dag.py
[2025-02-24T04:00:10.690+0000] {processor.py:840} INFO - DAG(s) 'example_nested_branch_dag' retrieved from /home/airflow/.local/lib/python3.12/site-packages/airflow/example_dags/example_nested_branch_dag.py
[2025-02-24T04:00:10.723+0000] {logging_mixin.py:188} INFO - [2025-02-24T04:00:10.723+0000] {dag.py:3096} INFO - Sync 1 DAGs
[2025-02-24T04:00:10.755+0000] {logging_mixin.py:188} INFO - [2025-02-24T04:00:10.755+0000] {dag.py:3954} INFO - Setting next_dagrun for example_nested_branch_dag to 2025-02-23 00:00:00+00:00, run_after=2025-02-24 00:00:00+00:00
[2025-02-24T04:00:10.781+0000] {processor.py:183} INFO - Processing /home/airflow/.local/lib/python3.12/site-packages/airflow/example_dags/example_nested_branch_dag.py took 0.116 seconds
[2025-02-24T04:00:40.861+0000] {processor.py:161} INFO - Started process (PID=770) to work on /home/airflow/.local/lib/python3.12/site-packages/airflow/example_dags/example_nested_branch_dag.py
[2025-02-24T04:00:40.862+0000] {processor.py:830} INFO - Processing file /home/airflow/.local/lib/python3.12/site-packages/airflow/example_dags/example_nested_branch_dag.py for tasks to queue
[2025-02-24T04:00:40.865+0000] {logging_mixin.py:188} INFO - [2025-02-24T04:00:40.865+0000] {dagbag.py:540} INFO - Filling up the DagBag from /home/airflow/.local/lib/python3.12/site-packages/airflow/example_dags/example_nested_branch_dag.py
[2025-02-24T04:00:40.876+0000] {processor.py:840} INFO - DAG(s) 'example_nested_branch_dag' retrieved from /home/airflow/.local/lib/python3.12/site-packages/airflow/example_dags/example_nested_branch_dag.py
[2025-02-24T04:00:40.903+0000] {logging_mixin.py:188} INFO - [2025-02-24T04:00:40.902+0000] {dag.py:3096} INFO - Sync 1 DAGs
[2025-02-24T04:00:40.929+0000] {logging_mixin.py:188} INFO - [2025-02-24T04:00:40.929+0000] {dag.py:3954} INFO - Setting next_dagrun for example_nested_branch_dag to 2025-02-23 00:00:00+00:00, run_after=2025-02-24 00:00:00+00:00
[2025-02-24T04:00:40.954+0000] {processor.py:183} INFO - Processing /home/airflow/.local/lib/python3.12/site-packages/airflow/example_dags/example_nested_branch_dag.py took 0.099 seconds
[2025-02-24T04:01:11.183+0000] {processor.py:161} INFO - Started process (PID=830) to work on /home/airflow/.local/lib/python3.12/site-packages/airflow/example_dags/example_nested_branch_dag.py
[2025-02-24T04:01:11.184+0000] {processor.py:830} INFO - Processing file /home/airflow/.local/lib/python3.12/site-packages/airflow/example_dags/example_nested_branch_dag.py for tasks to queue
[2025-02-24T04:01:11.187+0000] {logging_mixin.py:188} INFO - [2025-02-24T04:01:11.186+0000] {dagbag.py:540} INFO - Filling up the DagBag from /home/airflow/.local/lib/python3.12/site-packages/airflow/example_dags/example_nested_branch_dag.py
[2025-02-24T04:01:11.200+0000] {processor.py:840} INFO - DAG(s) 'example_nested_branch_dag' retrieved from /home/airflow/.local/lib/python3.12/site-packages/airflow/example_dags/example_nested_branch_dag.py
[2025-02-24T04:01:11.228+0000] {logging_mixin.py:188} INFO - [2025-02-24T04:01:11.228+0000] {dag.py:3096} INFO - Sync 1 DAGs
[2025-02-24T04:01:11.257+0000] {logging_mixin.py:188} INFO - [2025-02-24T04:01:11.257+0000] {dag.py:3954} INFO - Setting next_dagrun for example_nested_branch_dag to 2025-02-23 00:00:00+00:00, run_after=2025-02-24 00:00:00+00:00
[2025-02-24T04:01:11.281+0000] {processor.py:183} INFO - Processing /home/airflow/.local/lib/python3.12/site-packages/airflow/example_dags/example_nested_branch_dag.py took 0.106 seconds
[2025-02-24T04:01:41.752+0000] {processor.py:161} INFO - Started process (PID=890) to work on /home/airflow/.local/lib/python3.12/site-packages/airflow/example_dags/example_nested_branch_dag.py
[2025-02-24T04:01:41.753+0000] {processor.py:830} INFO - Processing file /home/airflow/.local/lib/python3.12/site-packages/airflow/example_dags/example_nested_branch_dag.py for tasks to queue
[2025-02-24T04:01:41.756+0000] {logging_mixin.py:188} INFO - [2025-02-24T04:01:41.755+0000] {dagbag.py:540} INFO - Filling up the DagBag from /home/airflow/.local/lib/python3.12/site-packages/airflow/example_dags/example_nested_branch_dag.py
[2025-02-24T04:01:41.769+0000] {processor.py:840} INFO - DAG(s) 'example_nested_branch_dag' retrieved from /home/airflow/.local/lib/python3.12/site-packages/airflow/example_dags/example_nested_branch_dag.py
[2025-02-24T04:01:41.794+0000] {logging_mixin.py:188} INFO - [2025-02-24T04:01:41.793+0000] {dag.py:3096} INFO - Sync 1 DAGs
[2025-02-24T04:01:41.821+0000] {logging_mixin.py:188} INFO - [2025-02-24T04:01:41.821+0000] {dag.py:3954} INFO - Setting next_dagrun for example_nested_branch_dag to 2025-02-23 00:00:00+00:00, run_after=2025-02-24 00:00:00+00:00
[2025-02-24T04:01:41.843+0000] {processor.py:183} INFO - Processing /home/airflow/.local/lib/python3.12/site-packages/airflow/example_dags/example_nested_branch_dag.py took 0.099 seconds
[2025-02-24T04:02:12.032+0000] {processor.py:161} INFO - Started process (PID=950) to work on /home/airflow/.local/lib/python3.12/site-packages/airflow/example_dags/example_nested_branch_dag.py
[2025-02-24T04:02:12.033+0000] {processor.py:830} INFO - Processing file /home/airflow/.local/lib/python3.12/site-packages/airflow/example_dags/example_nested_branch_dag.py for tasks to queue
[2025-02-24T04:02:12.036+0000] {logging_mixin.py:188} INFO - [2025-02-24T04:02:12.035+0000] {dagbag.py:540} INFO - Filling up the DagBag from /home/airflow/.local/lib/python3.12/site-packages/airflow/example_dags/example_nested_branch_dag.py
[2025-02-24T04:02:12.048+0000] {processor.py:840} INFO - DAG(s) 'example_nested_branch_dag' retrieved from /home/airflow/.local/lib/python3.12/site-packages/airflow/example_dags/example_nested_branch_dag.py
[2025-02-24T04:02:12.076+0000] {logging_mixin.py:188} INFO - [2025-02-24T04:02:12.076+0000] {dag.py:3096} INFO - Sync 1 DAGs
[2025-02-24T04:02:12.104+0000] {logging_mixin.py:188} INFO - [2025-02-24T04:02:12.104+0000] {dag.py:3954} INFO - Setting next_dagrun for example_nested_branch_dag to 2025-02-23 00:00:00+00:00, run_after=2025-02-24 00:00:00+00:00
[2025-02-24T04:02:12.131+0000] {processor.py:183} INFO - Processing /home/airflow/.local/lib/python3.12/site-packages/airflow/example_dags/example_nested_branch_dag.py took 0.105 seconds
[2025-02-24T04:02:42.504+0000] {processor.py:161} INFO - Started process (PID=1010) to work on /home/airflow/.local/lib/python3.12/site-packages/airflow/example_dags/example_nested_branch_dag.py
[2025-02-24T04:02:42.506+0000] {processor.py:830} INFO - Processing file /home/airflow/.local/lib/python3.12/site-packages/airflow/example_dags/example_nested_branch_dag.py for tasks to queue
[2025-02-24T04:02:42.509+0000] {logging_mixin.py:188} INFO - [2025-02-24T04:02:42.508+0000] {dagbag.py:540} INFO - Filling up the DagBag from /home/airflow/.local/lib/python3.12/site-packages/airflow/example_dags/example_nested_branch_dag.py
[2025-02-24T04:02:42.522+0000] {processor.py:840} INFO - DAG(s) 'example_nested_branch_dag' retrieved from /home/airflow/.local/lib/python3.12/site-packages/airflow/example_dags/example_nested_branch_dag.py
[2025-02-24T04:02:42.551+0000] {logging_mixin.py:188} INFO - [2025-02-24T04:02:42.551+0000] {dag.py:3096} INFO - Sync 1 DAGs
[2025-02-24T04:02:42.584+0000] {logging_mixin.py:188} INFO - [2025-02-24T04:02:42.583+0000] {dag.py:3954} INFO - Setting next_dagrun for example_nested_branch_dag to 2025-02-23 00:00:00+00:00, run_after=2025-02-24 00:00:00+00:00
[2025-02-24T04:02:42.608+0000] {processor.py:183} INFO - Processing /home/airflow/.local/lib/python3.12/site-packages/airflow/example_dags/example_nested_branch_dag.py took 0.112 seconds
[2025-02-24T04:03:13.081+0000] {processor.py:161} INFO - Started process (PID=1070) to work on /home/airflow/.local/lib/python3.12/site-packages/airflow/example_dags/example_nested_branch_dag.py
[2025-02-24T04:03:13.082+0000] {processor.py:830} INFO - Processing file /home/airflow/.local/lib/python3.12/site-packages/airflow/example_dags/example_nested_branch_dag.py for tasks to queue
[2025-02-24T04:03:13.085+0000] {logging_mixin.py:188} INFO - [2025-02-24T04:03:13.084+0000] {dagbag.py:540} INFO - Filling up the DagBag from /home/airflow/.local/lib/python3.12/site-packages/airflow/example_dags/example_nested_branch_dag.py
[2025-02-24T04:03:13.097+0000] {processor.py:840} INFO - DAG(s) 'example_nested_branch_dag' retrieved from /home/airflow/.local/lib/python3.12/site-packages/airflow/example_dags/example_nested_branch_dag.py
[2025-02-24T04:03:13.122+0000] {logging_mixin.py:188} INFO - [2025-02-24T04:03:13.122+0000] {dag.py:3096} INFO - Sync 1 DAGs
[2025-02-24T04:03:13.148+0000] {logging_mixin.py:188} INFO - [2025-02-24T04:03:13.148+0000] {dag.py:3954} INFO - Setting next_dagrun for example_nested_branch_dag to 2025-02-23 00:00:00+00:00, run_after=2025-02-24 00:00:00+00:00
[2025-02-24T04:03:13.325+0000] {processor.py:183} INFO - Processing /home/airflow/.local/lib/python3.12/site-packages/airflow/example_dags/example_nested_branch_dag.py took 0.251 seconds
[2025-02-24T04:03:43.420+0000] {processor.py:161} INFO - Started process (PID=1130) to work on /home/airflow/.local/lib/python3.12/site-packages/airflow/example_dags/example_nested_branch_dag.py
[2025-02-24T04:03:43.422+0000] {processor.py:830} INFO - Processing file /home/airflow/.local/lib/python3.12/site-packages/airflow/example_dags/example_nested_branch_dag.py for tasks to queue
[2025-02-24T04:03:43.425+0000] {logging_mixin.py:188} INFO - [2025-02-24T04:03:43.424+0000] {dagbag.py:540} INFO - Filling up the DagBag from /home/airflow/.local/lib/python3.12/site-packages/airflow/example_dags/example_nested_branch_dag.py
[2025-02-24T04:03:43.437+0000] {processor.py:840} INFO - DAG(s) 'example_nested_branch_dag' retrieved from /home/airflow/.local/lib/python3.12/site-packages/airflow/example_dags/example_nested_branch_dag.py
[2025-02-24T04:03:43.464+0000] {logging_mixin.py:188} INFO - [2025-02-24T04:03:43.464+0000] {dag.py:3096} INFO - Sync 1 DAGs
[2025-02-24T04:03:43.492+0000] {logging_mixin.py:188} INFO - [2025-02-24T04:03:43.491+0000] {dag.py:3954} INFO - Setting next_dagrun for example_nested_branch_dag to 2025-02-23 00:00:00+00:00, run_after=2025-02-24 00:00:00+00:00
[2025-02-24T04:03:43.518+0000] {processor.py:183} INFO - Processing /home/airflow/.local/lib/python3.12/site-packages/airflow/example_dags/example_nested_branch_dag.py took 0.105 seconds
[2025-02-24T04:04:14.329+0000] {processor.py:161} INFO - Started process (PID=1196) to work on /home/airflow/.local/lib/python3.12/site-packages/airflow/example_dags/example_nested_branch_dag.py
[2025-02-24T04:04:14.330+0000] {processor.py:830} INFO - Processing file /home/airflow/.local/lib/python3.12/site-packages/airflow/example_dags/example_nested_branch_dag.py for tasks to queue
[2025-02-24T04:04:14.333+0000] {logging_mixin.py:188} INFO - [2025-02-24T04:04:14.333+0000] {dagbag.py:540} INFO - Filling up the DagBag from /home/airflow/.local/lib/python3.12/site-packages/airflow/example_dags/example_nested_branch_dag.py
[2025-02-24T04:04:14.348+0000] {processor.py:840} INFO - DAG(s) 'example_nested_branch_dag' retrieved from /home/airflow/.local/lib/python3.12/site-packages/airflow/example_dags/example_nested_branch_dag.py
[2025-02-24T04:04:14.381+0000] {logging_mixin.py:188} INFO - [2025-02-24T04:04:14.381+0000] {dag.py:3096} INFO - Sync 1 DAGs
[2025-02-24T04:04:14.412+0000] {logging_mixin.py:188} INFO - [2025-02-24T04:04:14.411+0000] {dag.py:3954} INFO - Setting next_dagrun for example_nested_branch_dag to 2025-02-23 00:00:00+00:00, run_after=2025-02-24 00:00:00+00:00
[2025-02-24T04:04:14.510+0000] {processor.py:183} INFO - Processing /home/airflow/.local/lib/python3.12/site-packages/airflow/example_dags/example_nested_branch_dag.py took 0.188 seconds
[2025-02-24T04:04:45.720+0000] {processor.py:161} INFO - Started process (PID=1258) to work on /home/airflow/.local/lib/python3.12/site-packages/airflow/example_dags/example_nested_branch_dag.py
[2025-02-24T04:04:45.721+0000] {processor.py:830} INFO - Processing file /home/airflow/.local/lib/python3.12/site-packages/airflow/example_dags/example_nested_branch_dag.py for tasks to queue
[2025-02-24T04:04:45.724+0000] {logging_mixin.py:188} INFO - [2025-02-24T04:04:45.723+0000] {dagbag.py:540} INFO - Filling up the DagBag from /home/airflow/.local/lib/python3.12/site-packages/airflow/example_dags/example_nested_branch_dag.py
[2025-02-24T04:04:45.736+0000] {processor.py:840} INFO - DAG(s) 'example_nested_branch_dag' retrieved from /home/airflow/.local/lib/python3.12/site-packages/airflow/example_dags/example_nested_branch_dag.py
[2025-02-24T04:04:45.762+0000] {logging_mixin.py:188} INFO - [2025-02-24T04:04:45.762+0000] {dag.py:3096} INFO - Sync 1 DAGs
[2025-02-24T04:04:45.790+0000] {logging_mixin.py:188} INFO - [2025-02-24T04:04:45.790+0000] {dag.py:3954} INFO - Setting next_dagrun for example_nested_branch_dag to 2025-02-23 00:00:00+00:00, run_after=2025-02-24 00:00:00+00:00
[2025-02-24T04:04:45.813+0000] {processor.py:183} INFO - Processing /home/airflow/.local/lib/python3.12/site-packages/airflow/example_dags/example_nested_branch_dag.py took 0.100 seconds
[2025-02-24T04:05:16.806+0000] {processor.py:161} INFO - Started process (PID=1318) to work on /home/airflow/.local/lib/python3.12/site-packages/airflow/example_dags/example_nested_branch_dag.py
[2025-02-24T04:05:16.809+0000] {processor.py:830} INFO - Processing file /home/airflow/.local/lib/python3.12/site-packages/airflow/example_dags/example_nested_branch_dag.py for tasks to queue
[2025-02-24T04:05:16.812+0000] {logging_mixin.py:188} INFO - [2025-02-24T04:05:16.811+0000] {dagbag.py:540} INFO - Filling up the DagBag from /home/airflow/.local/lib/python3.12/site-packages/airflow/example_dags/example_nested_branch_dag.py
[2025-02-24T04:05:16.826+0000] {processor.py:840} INFO - DAG(s) 'example_nested_branch_dag' retrieved from /home/airflow/.local/lib/python3.12/site-packages/airflow/example_dags/example_nested_branch_dag.py
[2025-02-24T04:05:16.853+0000] {logging_mixin.py:188} INFO - [2025-02-24T04:05:16.853+0000] {dag.py:3096} INFO - Sync 1 DAGs
[2025-02-24T04:05:17.051+0000] {logging_mixin.py:188} INFO - [2025-02-24T04:05:17.051+0000] {dag.py:3954} INFO - Setting next_dagrun for example_nested_branch_dag to 2025-02-23 00:00:00+00:00, run_after=2025-02-24 00:00:00+00:00
[2025-02-24T04:05:17.072+0000] {processor.py:183} INFO - Processing /home/airflow/.local/lib/python3.12/site-packages/airflow/example_dags/example_nested_branch_dag.py took 0.276 seconds
[2025-02-24T04:05:47.260+0000] {processor.py:161} INFO - Started process (PID=1378) to work on /home/airflow/.local/lib/python3.12/site-packages/airflow/example_dags/example_nested_branch_dag.py
[2025-02-24T04:05:47.262+0000] {processor.py:830} INFO - Processing file /home/airflow/.local/lib/python3.12/site-packages/airflow/example_dags/example_nested_branch_dag.py for tasks to queue
[2025-02-24T04:05:47.267+0000] {logging_mixin.py:188} INFO - [2025-02-24T04:05:47.264+0000] {dagbag.py:540} INFO - Filling up the DagBag from /home/airflow/.local/lib/python3.12/site-packages/airflow/example_dags/example_nested_branch_dag.py
[2025-02-24T04:05:47.280+0000] {processor.py:840} INFO - DAG(s) 'example_nested_branch_dag' retrieved from /home/airflow/.local/lib/python3.12/site-packages/airflow/example_dags/example_nested_branch_dag.py
[2025-02-24T04:05:47.309+0000] {logging_mixin.py:188} INFO - [2025-02-24T04:05:47.309+0000] {dag.py:3096} INFO - Sync 1 DAGs
[2025-02-24T04:05:47.344+0000] {logging_mixin.py:188} INFO - [2025-02-24T04:05:47.343+0000] {dag.py:3954} INFO - Setting next_dagrun for example_nested_branch_dag to 2025-02-23 00:00:00+00:00, run_after=2025-02-24 00:00:00+00:00
[2025-02-24T04:05:47.389+0000] {processor.py:183} INFO - Processing /home/airflow/.local/lib/python3.12/site-packages/airflow/example_dags/example_nested_branch_dag.py took 0.139 seconds
[2025-02-24T04:06:17.655+0000] {processor.py:161} INFO - Started process (PID=1438) to work on /home/airflow/.local/lib/python3.12/site-packages/airflow/example_dags/example_nested_branch_dag.py
[2025-02-24T04:06:17.656+0000] {processor.py:830} INFO - Processing file /home/airflow/.local/lib/python3.12/site-packages/airflow/example_dags/example_nested_branch_dag.py for tasks to queue
[2025-02-24T04:06:17.660+0000] {logging_mixin.py:188} INFO - [2025-02-24T04:06:17.659+0000] {dagbag.py:540} INFO - Filling up the DagBag from /home/airflow/.local/lib/python3.12/site-packages/airflow/example_dags/example_nested_branch_dag.py
[2025-02-24T04:06:17.673+0000] {processor.py:840} INFO - DAG(s) 'example_nested_branch_dag' retrieved from /home/airflow/.local/lib/python3.12/site-packages/airflow/example_dags/example_nested_branch_dag.py
[2025-02-24T04:06:17.701+0000] {logging_mixin.py:188} INFO - [2025-02-24T04:06:17.701+0000] {dag.py:3096} INFO - Sync 1 DAGs
[2025-02-24T04:06:17.729+0000] {logging_mixin.py:188} INFO - [2025-02-24T04:06:17.728+0000] {dag.py:3954} INFO - Setting next_dagrun for example_nested_branch_dag to 2025-02-23 00:00:00+00:00, run_after=2025-02-24 00:00:00+00:00
[2025-02-24T04:06:17.749+0000] {processor.py:183} INFO - Processing /home/airflow/.local/lib/python3.12/site-packages/airflow/example_dags/example_nested_branch_dag.py took 0.101 seconds
[2025-02-24T04:06:48.069+0000] {processor.py:161} INFO - Started process (PID=1498) to work on /home/airflow/.local/lib/python3.12/site-packages/airflow/example_dags/example_nested_branch_dag.py
[2025-02-24T04:06:48.070+0000] {processor.py:830} INFO - Processing file /home/airflow/.local/lib/python3.12/site-packages/airflow/example_dags/example_nested_branch_dag.py for tasks to queue
[2025-02-24T04:06:48.072+0000] {logging_mixin.py:188} INFO - [2025-02-24T04:06:48.072+0000] {dagbag.py:540} INFO - Filling up the DagBag from /home/airflow/.local/lib/python3.12/site-packages/airflow/example_dags/example_nested_branch_dag.py
[2025-02-24T04:06:48.084+0000] {processor.py:840} INFO - DAG(s) 'example_nested_branch_dag' retrieved from /home/airflow/.local/lib/python3.12/site-packages/airflow/example_dags/example_nested_branch_dag.py
[2025-02-24T04:06:48.110+0000] {logging_mixin.py:188} INFO - [2025-02-24T04:06:48.109+0000] {dag.py:3096} INFO - Sync 1 DAGs
[2025-02-24T04:06:48.136+0000] {logging_mixin.py:188} INFO - [2025-02-24T04:06:48.136+0000] {dag.py:3954} INFO - Setting next_dagrun for example_nested_branch_dag to 2025-02-23 00:00:00+00:00, run_after=2025-02-24 00:00:00+00:00
[2025-02-24T04:06:48.159+0000] {processor.py:183} INFO - Processing /home/airflow/.local/lib/python3.12/site-packages/airflow/example_dags/example_nested_branch_dag.py took 0.098 seconds
[2025-02-24T04:07:19.010+0000] {processor.py:161} INFO - Started process (PID=1562) to work on /home/airflow/.local/lib/python3.12/site-packages/airflow/example_dags/example_nested_branch_dag.py
[2025-02-24T04:07:19.011+0000] {processor.py:830} INFO - Processing file /home/airflow/.local/lib/python3.12/site-packages/airflow/example_dags/example_nested_branch_dag.py for tasks to queue
[2025-02-24T04:07:19.014+0000] {logging_mixin.py:188} INFO - [2025-02-24T04:07:19.013+0000] {dagbag.py:540} INFO - Filling up the DagBag from /home/airflow/.local/lib/python3.12/site-packages/airflow/example_dags/example_nested_branch_dag.py
[2025-02-24T04:07:19.025+0000] {processor.py:840} INFO - DAG(s) 'example_nested_branch_dag' retrieved from /home/airflow/.local/lib/python3.12/site-packages/airflow/example_dags/example_nested_branch_dag.py
[2025-02-24T04:07:19.050+0000] {logging_mixin.py:188} INFO - [2025-02-24T04:07:19.050+0000] {dag.py:3096} INFO - Sync 1 DAGs
[2025-02-24T04:07:19.077+0000] {logging_mixin.py:188} INFO - [2025-02-24T04:07:19.076+0000] {dag.py:3954} INFO - Setting next_dagrun for example_nested_branch_dag to 2025-02-23 00:00:00+00:00, run_after=2025-02-24 00:00:00+00:00
[2025-02-24T04:07:16.617+0000] {processor.py:183} INFO - Processing /home/airflow/.local/lib/python3.12/site-packages/airflow/example_dags/example_nested_branch_dag.py took 0.097 seconds
[2025-02-24T04:07:47.079+0000] {processor.py:161} INFO - Started process (PID=1615) to work on /home/airflow/.local/lib/python3.12/site-packages/airflow/example_dags/example_nested_branch_dag.py
[2025-02-24T04:07:47.081+0000] {processor.py:830} INFO - Processing file /home/airflow/.local/lib/python3.12/site-packages/airflow/example_dags/example_nested_branch_dag.py for tasks to queue
[2025-02-24T04:07:47.084+0000] {logging_mixin.py:188} INFO - [2025-02-24T04:07:47.083+0000] {dagbag.py:540} INFO - Filling up the DagBag from /home/airflow/.local/lib/python3.12/site-packages/airflow/example_dags/example_nested_branch_dag.py
[2025-02-24T04:07:47.098+0000] {processor.py:840} INFO - DAG(s) 'example_nested_branch_dag' retrieved from /home/airflow/.local/lib/python3.12/site-packages/airflow/example_dags/example_nested_branch_dag.py
[2025-02-24T04:07:47.130+0000] {logging_mixin.py:188} INFO - [2025-02-24T04:07:47.130+0000] {dag.py:3096} INFO - Sync 1 DAGs
[2025-02-24T04:07:47.159+0000] {logging_mixin.py:188} INFO - [2025-02-24T04:07:47.159+0000] {dag.py:3954} INFO - Setting next_dagrun for example_nested_branch_dag to 2025-02-23 00:00:00+00:00, run_after=2025-02-24 00:00:00+00:00
[2025-02-24T04:07:47.189+0000] {processor.py:183} INFO - Processing /home/airflow/.local/lib/python3.12/site-packages/airflow/example_dags/example_nested_branch_dag.py took 0.117 seconds
[2025-02-24T04:08:17.991+0000] {processor.py:161} INFO - Started process (PID=1676) to work on /home/airflow/.local/lib/python3.12/site-packages/airflow/example_dags/example_nested_branch_dag.py
[2025-02-24T04:08:17.993+0000] {processor.py:830} INFO - Processing file /home/airflow/.local/lib/python3.12/site-packages/airflow/example_dags/example_nested_branch_dag.py for tasks to queue
[2025-02-24T04:08:17.995+0000] {logging_mixin.py:188} INFO - [2025-02-24T04:08:17.995+0000] {dagbag.py:540} INFO - Filling up the DagBag from /home/airflow/.local/lib/python3.12/site-packages/airflow/example_dags/example_nested_branch_dag.py
[2025-02-24T04:08:18.007+0000] {processor.py:840} INFO - DAG(s) 'example_nested_branch_dag' retrieved from /home/airflow/.local/lib/python3.12/site-packages/airflow/example_dags/example_nested_branch_dag.py
[2025-02-24T04:08:18.033+0000] {logging_mixin.py:188} INFO - [2025-02-24T04:08:18.033+0000] {dag.py:3096} INFO - Sync 1 DAGs
[2025-02-24T04:08:18.057+0000] {logging_mixin.py:188} INFO - [2025-02-24T04:08:18.057+0000] {dag.py:3954} INFO - Setting next_dagrun for example_nested_branch_dag to 2025-02-23 00:00:00+00:00, run_after=2025-02-24 00:00:00+00:00
[2025-02-24T04:08:18.080+0000] {processor.py:183} INFO - Processing /home/airflow/.local/lib/python3.12/site-packages/airflow/example_dags/example_nested_branch_dag.py took 0.096 seconds
[2025-02-24T04:08:48.404+0000] {processor.py:161} INFO - Started process (PID=1736) to work on /home/airflow/.local/lib/python3.12/site-packages/airflow/example_dags/example_nested_branch_dag.py
[2025-02-24T04:08:48.406+0000] {processor.py:830} INFO - Processing file /home/airflow/.local/lib/python3.12/site-packages/airflow/example_dags/example_nested_branch_dag.py for tasks to queue
[2025-02-24T04:08:48.408+0000] {logging_mixin.py:188} INFO - [2025-02-24T04:08:48.408+0000] {dagbag.py:540} INFO - Filling up the DagBag from /home/airflow/.local/lib/python3.12/site-packages/airflow/example_dags/example_nested_branch_dag.py
[2025-02-24T04:08:48.420+0000] {processor.py:840} INFO - DAG(s) 'example_nested_branch_dag' retrieved from /home/airflow/.local/lib/python3.12/site-packages/airflow/example_dags/example_nested_branch_dag.py
[2025-02-24T04:08:48.448+0000] {logging_mixin.py:188} INFO - [2025-02-24T04:08:48.448+0000] {dag.py:3096} INFO - Sync 1 DAGs
[2025-02-24T04:08:48.474+0000] {logging_mixin.py:188} INFO - [2025-02-24T04:08:48.474+0000] {dag.py:3954} INFO - Setting next_dagrun for example_nested_branch_dag to 2025-02-23 00:00:00+00:00, run_after=2025-02-24 00:00:00+00:00
[2025-02-24T04:08:48.497+0000] {processor.py:183} INFO - Processing /home/airflow/.local/lib/python3.12/site-packages/airflow/example_dags/example_nested_branch_dag.py took 0.100 seconds
[2025-02-24T04:09:18.655+0000] {processor.py:161} INFO - Started process (PID=1803) to work on /home/airflow/.local/lib/python3.12/site-packages/airflow/example_dags/example_nested_branch_dag.py
[2025-02-24T04:09:18.656+0000] {processor.py:830} INFO - Processing file /home/airflow/.local/lib/python3.12/site-packages/airflow/example_dags/example_nested_branch_dag.py for tasks to queue
[2025-02-24T04:09:18.659+0000] {logging_mixin.py:188} INFO - [2025-02-24T04:09:18.659+0000] {dagbag.py:540} INFO - Filling up the DagBag from /home/airflow/.local/lib/python3.12/site-packages/airflow/example_dags/example_nested_branch_dag.py
[2025-02-24T04:09:18.670+0000] {processor.py:840} INFO - DAG(s) 'example_nested_branch_dag' retrieved from /home/airflow/.local/lib/python3.12/site-packages/airflow/example_dags/example_nested_branch_dag.py
[2025-02-24T04:09:18.701+0000] {logging_mixin.py:188} INFO - [2025-02-24T04:09:18.701+0000] {dag.py:3096} INFO - Sync 1 DAGs
[2025-02-24T04:09:18.732+0000] {logging_mixin.py:188} INFO - [2025-02-24T04:09:18.731+0000] {dag.py:3954} INFO - Setting next_dagrun for example_nested_branch_dag to 2025-02-23 00:00:00+00:00, run_after=2025-02-24 00:00:00+00:00
[2025-02-24T04:09:18.759+0000] {processor.py:183} INFO - Processing /home/airflow/.local/lib/python3.12/site-packages/airflow/example_dags/example_nested_branch_dag.py took 0.112 seconds
[2025-02-24T04:09:48.862+0000] {processor.py:161} INFO - Started process (PID=1863) to work on /home/airflow/.local/lib/python3.12/site-packages/airflow/example_dags/example_nested_branch_dag.py
[2025-02-24T04:09:48.863+0000] {processor.py:830} INFO - Processing file /home/airflow/.local/lib/python3.12/site-packages/airflow/example_dags/example_nested_branch_dag.py for tasks to queue
[2025-02-24T04:09:48.866+0000] {logging_mixin.py:188} INFO - [2025-02-24T04:09:48.865+0000] {dagbag.py:540} INFO - Filling up the DagBag from /home/airflow/.local/lib/python3.12/site-packages/airflow/example_dags/example_nested_branch_dag.py
[2025-02-24T04:09:48.877+0000] {processor.py:840} INFO - DAG(s) 'example_nested_branch_dag' retrieved from /home/airflow/.local/lib/python3.12/site-packages/airflow/example_dags/example_nested_branch_dag.py
[2025-02-24T04:09:48.904+0000] {logging_mixin.py:188} INFO - [2025-02-24T04:09:48.903+0000] {dag.py:3096} INFO - Sync 1 DAGs
[2025-02-24T04:09:48.929+0000] {logging_mixin.py:188} INFO - [2025-02-24T04:09:48.928+0000] {dag.py:3954} INFO - Setting next_dagrun for example_nested_branch_dag to 2025-02-23 00:00:00+00:00, run_after=2025-02-24 00:00:00+00:00
[2025-02-24T04:09:48.951+0000] {processor.py:183} INFO - Processing /home/airflow/.local/lib/python3.12/site-packages/airflow/example_dags/example_nested_branch_dag.py took 0.096 seconds
[2025-02-24T04:10:19.262+0000] {processor.py:161} INFO - Started process (PID=1923) to work on /home/airflow/.local/lib/python3.12/site-packages/airflow/example_dags/example_nested_branch_dag.py
[2025-02-24T04:10:19.264+0000] {processor.py:830} INFO - Processing file /home/airflow/.local/lib/python3.12/site-packages/airflow/example_dags/example_nested_branch_dag.py for tasks to queue
[2025-02-24T04:10:19.266+0000] {logging_mixin.py:188} INFO - [2025-02-24T04:10:19.266+0000] {dagbag.py:540} INFO - Filling up the DagBag from /home/airflow/.local/lib/python3.12/site-packages/airflow/example_dags/example_nested_branch_dag.py
[2025-02-24T04:10:19.277+0000] {processor.py:840} INFO - DAG(s) 'example_nested_branch_dag' retrieved from /home/airflow/.local/lib/python3.12/site-packages/airflow/example_dags/example_nested_branch_dag.py
[2025-02-24T04:10:19.304+0000] {logging_mixin.py:188} INFO - [2025-02-24T04:10:19.304+0000] {dag.py:3096} INFO - Sync 1 DAGs
[2025-02-24T04:10:19.329+0000] {logging_mixin.py:188} INFO - [2025-02-24T04:10:19.328+0000] {dag.py:3954} INFO - Setting next_dagrun for example_nested_branch_dag to 2025-02-23 00:00:00+00:00, run_after=2025-02-24 00:00:00+00:00
[2025-02-24T04:10:19.352+0000] {processor.py:183} INFO - Processing /home/airflow/.local/lib/python3.12/site-packages/airflow/example_dags/example_nested_branch_dag.py took 0.096 seconds
[2025-02-24T04:10:49.743+0000] {processor.py:161} INFO - Started process (PID=1995) to work on /home/airflow/.local/lib/python3.12/site-packages/airflow/example_dags/example_nested_branch_dag.py
[2025-02-24T04:10:49.745+0000] {processor.py:830} INFO - Processing file /home/airflow/.local/lib/python3.12/site-packages/airflow/example_dags/example_nested_branch_dag.py for tasks to queue
[2025-02-24T04:10:49.748+0000] {logging_mixin.py:188} INFO - [2025-02-24T04:10:49.748+0000] {dagbag.py:540} INFO - Filling up the DagBag from /home/airflow/.local/lib/python3.12/site-packages/airflow/example_dags/example_nested_branch_dag.py
[2025-02-24T04:10:49.761+0000] {processor.py:840} INFO - DAG(s) 'example_nested_branch_dag' retrieved from /home/airflow/.local/lib/python3.12/site-packages/airflow/example_dags/example_nested_branch_dag.py
[2025-02-24T04:10:49.792+0000] {logging_mixin.py:188} INFO - [2025-02-24T04:10:49.792+0000] {dag.py:3096} INFO - Sync 1 DAGs
[2025-02-24T04:10:49.823+0000] {logging_mixin.py:188} INFO - [2025-02-24T04:10:49.822+0000] {dag.py:3954} INFO - Setting next_dagrun for example_nested_branch_dag to 2025-02-23 00:00:00+00:00, run_after=2025-02-24 00:00:00+00:00
[2025-02-24T04:10:49.852+0000] {processor.py:183} INFO - Processing /home/airflow/.local/lib/python3.12/site-packages/airflow/example_dags/example_nested_branch_dag.py took 0.115 seconds
[2025-02-24T04:11:20.183+0000] {processor.py:161} INFO - Started process (PID=2055) to work on /home/airflow/.local/lib/python3.12/site-packages/airflow/example_dags/example_nested_branch_dag.py
[2025-02-24T04:11:20.184+0000] {processor.py:830} INFO - Processing file /home/airflow/.local/lib/python3.12/site-packages/airflow/example_dags/example_nested_branch_dag.py for tasks to queue
[2025-02-24T04:11:20.187+0000] {logging_mixin.py:188} INFO - [2025-02-24T04:11:20.187+0000] {dagbag.py:540} INFO - Filling up the DagBag from /home/airflow/.local/lib/python3.12/site-packages/airflow/example_dags/example_nested_branch_dag.py
[2025-02-24T04:11:20.199+0000] {processor.py:840} INFO - DAG(s) 'example_nested_branch_dag' retrieved from /home/airflow/.local/lib/python3.12/site-packages/airflow/example_dags/example_nested_branch_dag.py
[2025-02-24T04:11:20.228+0000] {logging_mixin.py:188} INFO - [2025-02-24T04:11:20.228+0000] {dag.py:3096} INFO - Sync 1 DAGs
[2025-02-24T04:11:20.258+0000] {logging_mixin.py:188} INFO - [2025-02-24T04:11:20.258+0000] {dag.py:3954} INFO - Setting next_dagrun for example_nested_branch_dag to 2025-02-23 00:00:00+00:00, run_after=2025-02-24 00:00:00+00:00
[2025-02-24T04:11:20.282+0000] {processor.py:183} INFO - Processing /home/airflow/.local/lib/python3.12/site-packages/airflow/example_dags/example_nested_branch_dag.py took 0.107 seconds
[2025-02-24T04:11:51.137+0000] {processor.py:161} INFO - Started process (PID=2115) to work on /home/airflow/.local/lib/python3.12/site-packages/airflow/example_dags/example_nested_branch_dag.py
[2025-02-24T04:11:51.139+0000] {processor.py:830} INFO - Processing file /home/airflow/.local/lib/python3.12/site-packages/airflow/example_dags/example_nested_branch_dag.py for tasks to queue
[2025-02-24T04:11:51.141+0000] {logging_mixin.py:188} INFO - [2025-02-24T04:11:51.141+0000] {dagbag.py:540} INFO - Filling up the DagBag from /home/airflow/.local/lib/python3.12/site-packages/airflow/example_dags/example_nested_branch_dag.py
[2025-02-24T04:11:51.153+0000] {processor.py:840} INFO - DAG(s) 'example_nested_branch_dag' retrieved from /home/airflow/.local/lib/python3.12/site-packages/airflow/example_dags/example_nested_branch_dag.py
[2025-02-24T04:11:51.182+0000] {logging_mixin.py:188} INFO - [2025-02-24T04:11:51.182+0000] {dag.py:3096} INFO - Sync 1 DAGs
[2025-02-24T04:11:51.209+0000] {logging_mixin.py:188} INFO - [2025-02-24T04:11:51.209+0000] {dag.py:3954} INFO - Setting next_dagrun for example_nested_branch_dag to 2025-02-23 00:00:00+00:00, run_after=2025-02-24 00:00:00+00:00
[2025-02-24T04:11:51.232+0000] {processor.py:183} INFO - Processing /home/airflow/.local/lib/python3.12/site-packages/airflow/example_dags/example_nested_branch_dag.py took 0.102 seconds
[2025-02-24T04:12:21.336+0000] {processor.py:161} INFO - Started process (PID=2191) to work on /home/airflow/.local/lib/python3.12/site-packages/airflow/example_dags/example_nested_branch_dag.py
[2025-02-24T04:12:21.338+0000] {processor.py:830} INFO - Processing file /home/airflow/.local/lib/python3.12/site-packages/airflow/example_dags/example_nested_branch_dag.py for tasks to queue
[2025-02-24T04:12:21.340+0000] {logging_mixin.py:188} INFO - [2025-02-24T04:12:21.340+0000] {dagbag.py:540} INFO - Filling up the DagBag from /home/airflow/.local/lib/python3.12/site-packages/airflow/example_dags/example_nested_branch_dag.py
[2025-02-24T04:12:21.355+0000] {processor.py:840} INFO - DAG(s) 'example_nested_branch_dag' retrieved from /home/airflow/.local/lib/python3.12/site-packages/airflow/example_dags/example_nested_branch_dag.py
[2025-02-24T04:12:21.389+0000] {logging_mixin.py:188} INFO - [2025-02-24T04:12:21.389+0000] {dag.py:3096} INFO - Sync 1 DAGs
[2025-02-24T04:12:21.420+0000] {logging_mixin.py:188} INFO - [2025-02-24T04:12:21.420+0000] {dag.py:3954} INFO - Setting next_dagrun for example_nested_branch_dag to 2025-02-23 00:00:00+00:00, run_after=2025-02-24 00:00:00+00:00
[2025-02-24T04:12:21.442+0000] {processor.py:183} INFO - Processing /home/airflow/.local/lib/python3.12/site-packages/airflow/example_dags/example_nested_branch_dag.py took 0.116 seconds
[2025-02-24T04:12:51.901+0000] {processor.py:161} INFO - Started process (PID=2251) to work on /home/airflow/.local/lib/python3.12/site-packages/airflow/example_dags/example_nested_branch_dag.py
[2025-02-24T04:12:51.902+0000] {processor.py:830} INFO - Processing file /home/airflow/.local/lib/python3.12/site-packages/airflow/example_dags/example_nested_branch_dag.py for tasks to queue
[2025-02-24T04:12:51.905+0000] {logging_mixin.py:188} INFO - [2025-02-24T04:12:51.904+0000] {dagbag.py:540} INFO - Filling up the DagBag from /home/airflow/.local/lib/python3.12/site-packages/airflow/example_dags/example_nested_branch_dag.py
[2025-02-24T04:12:51.918+0000] {processor.py:840} INFO - DAG(s) 'example_nested_branch_dag' retrieved from /home/airflow/.local/lib/python3.12/site-packages/airflow/example_dags/example_nested_branch_dag.py
[2025-02-24T04:12:51.947+0000] {logging_mixin.py:188} INFO - [2025-02-24T04:12:51.947+0000] {dag.py:3096} INFO - Sync 1 DAGs
[2025-02-24T04:12:51.976+0000] {logging_mixin.py:188} INFO - [2025-02-24T04:12:51.975+0000] {dag.py:3954} INFO - Setting next_dagrun for example_nested_branch_dag to 2025-02-23 00:00:00+00:00, run_after=2025-02-24 00:00:00+00:00
[2025-02-24T04:12:52.014+0000] {processor.py:183} INFO - Processing /home/airflow/.local/lib/python3.12/site-packages/airflow/example_dags/example_nested_branch_dag.py took 0.120 seconds
[2025-02-24T04:13:22.855+0000] {processor.py:161} INFO - Started process (PID=2312) to work on /home/airflow/.local/lib/python3.12/site-packages/airflow/example_dags/example_nested_branch_dag.py
[2025-02-24T04:13:22.856+0000] {processor.py:830} INFO - Processing file /home/airflow/.local/lib/python3.12/site-packages/airflow/example_dags/example_nested_branch_dag.py for tasks to queue
[2025-02-24T04:13:22.859+0000] {logging_mixin.py:188} INFO - [2025-02-24T04:13:22.859+0000] {dagbag.py:540} INFO - Filling up the DagBag from /home/airflow/.local/lib/python3.12/site-packages/airflow/example_dags/example_nested_branch_dag.py
[2025-02-24T04:13:22.870+0000] {processor.py:840} INFO - DAG(s) 'example_nested_branch_dag' retrieved from /home/airflow/.local/lib/python3.12/site-packages/airflow/example_dags/example_nested_branch_dag.py
[2025-02-24T04:13:22.899+0000] {logging_mixin.py:188} INFO - [2025-02-24T04:13:22.899+0000] {dag.py:3096} INFO - Sync 1 DAGs
[2025-02-24T04:13:22.927+0000] {logging_mixin.py:188} INFO - [2025-02-24T04:13:22.927+0000] {dag.py:3954} INFO - Setting next_dagrun for example_nested_branch_dag to 2025-02-23 00:00:00+00:00, run_after=2025-02-24 00:00:00+00:00
[2025-02-24T04:13:24.316+0000] {processor.py:183} INFO - Processing /home/airflow/.local/lib/python3.12/site-packages/airflow/example_dags/example_nested_branch_dag.py took 1.468 seconds
[2025-02-24T04:13:54.440+0000] {processor.py:161} INFO - Started process (PID=2370) to work on /home/airflow/.local/lib/python3.12/site-packages/airflow/example_dags/example_nested_branch_dag.py
[2025-02-24T04:13:54.441+0000] {processor.py:830} INFO - Processing file /home/airflow/.local/lib/python3.12/site-packages/airflow/example_dags/example_nested_branch_dag.py for tasks to queue
[2025-02-24T04:13:54.444+0000] {logging_mixin.py:188} INFO - [2025-02-24T04:13:54.443+0000] {dagbag.py:540} INFO - Filling up the DagBag from /home/airflow/.local/lib/python3.12/site-packages/airflow/example_dags/example_nested_branch_dag.py
[2025-02-24T04:13:54.457+0000] {processor.py:840} INFO - DAG(s) 'example_nested_branch_dag' retrieved from /home/airflow/.local/lib/python3.12/site-packages/airflow/example_dags/example_nested_branch_dag.py
[2025-02-24T04:13:54.482+0000] {logging_mixin.py:188} INFO - [2025-02-24T04:13:54.482+0000] {dag.py:3096} INFO - Sync 1 DAGs
[2025-02-24T04:13:54.512+0000] {logging_mixin.py:188} INFO - [2025-02-24T04:13:54.512+0000] {dag.py:3954} INFO - Setting next_dagrun for example_nested_branch_dag to 2025-02-23 00:00:00+00:00, run_after=2025-02-24 00:00:00+00:00
[2025-02-24T04:13:54.535+0000] {processor.py:183} INFO - Processing /home/airflow/.local/lib/python3.12/site-packages/airflow/example_dags/example_nested_branch_dag.py took 0.104 seconds
[2025-02-24T04:14:25.400+0000] {processor.py:161} INFO - Started process (PID=2438) to work on /home/airflow/.local/lib/python3.12/site-packages/airflow/example_dags/example_nested_branch_dag.py
[2025-02-24T04:14:25.402+0000] {processor.py:830} INFO - Processing file /home/airflow/.local/lib/python3.12/site-packages/airflow/example_dags/example_nested_branch_dag.py for tasks to queue
[2025-02-24T04:14:25.404+0000] {logging_mixin.py:188} INFO - [2025-02-24T04:14:25.403+0000] {dagbag.py:540} INFO - Filling up the DagBag from /home/airflow/.local/lib/python3.12/site-packages/airflow/example_dags/example_nested_branch_dag.py
[2025-02-24T04:14:25.414+0000] {processor.py:840} INFO - DAG(s) 'example_nested_branch_dag' retrieved from /home/airflow/.local/lib/python3.12/site-packages/airflow/example_dags/example_nested_branch_dag.py
[2025-02-24T04:14:25.441+0000] {logging_mixin.py:188} INFO - [2025-02-24T04:14:25.440+0000] {dag.py:3096} INFO - Sync 1 DAGs
[2025-02-24T04:14:25.466+0000] {logging_mixin.py:188} INFO - [2025-02-24T04:14:25.466+0000] {dag.py:3954} INFO - Setting next_dagrun for example_nested_branch_dag to 2025-02-23 00:00:00+00:00, run_after=2025-02-24 00:00:00+00:00
[2025-02-24T04:14:25.485+0000] {processor.py:183} INFO - Processing /home/airflow/.local/lib/python3.12/site-packages/airflow/example_dags/example_nested_branch_dag.py took 0.091 seconds
[2025-02-24T04:14:56.228+0000] {processor.py:161} INFO - Started process (PID=2498) to work on /home/airflow/.local/lib/python3.12/site-packages/airflow/example_dags/example_nested_branch_dag.py
[2025-02-24T04:14:56.229+0000] {processor.py:830} INFO - Processing file /home/airflow/.local/lib/python3.12/site-packages/airflow/example_dags/example_nested_branch_dag.py for tasks to queue
[2025-02-24T04:14:56.231+0000] {logging_mixin.py:188} INFO - [2025-02-24T04:14:56.231+0000] {dagbag.py:540} INFO - Filling up the DagBag from /home/airflow/.local/lib/python3.12/site-packages/airflow/example_dags/example_nested_branch_dag.py
[2025-02-24T04:14:56.244+0000] {processor.py:840} INFO - DAG(s) 'example_nested_branch_dag' retrieved from /home/airflow/.local/lib/python3.12/site-packages/airflow/example_dags/example_nested_branch_dag.py
[2025-02-24T04:14:56.269+0000] {logging_mixin.py:188} INFO - [2025-02-24T04:14:56.269+0000] {dag.py:3096} INFO - Sync 1 DAGs
[2025-02-24T04:14:56.294+0000] {logging_mixin.py:188} INFO - [2025-02-24T04:14:56.294+0000] {dag.py:3954} INFO - Setting next_dagrun for example_nested_branch_dag to 2025-02-23 00:00:00+00:00, run_after=2025-02-24 00:00:00+00:00
[2025-02-24T04:14:56.317+0000] {processor.py:183} INFO - Processing /home/airflow/.local/lib/python3.12/site-packages/airflow/example_dags/example_nested_branch_dag.py took 0.097 seconds
[2025-02-24T04:15:26.506+0000] {processor.py:161} INFO - Started process (PID=2558) to work on /home/airflow/.local/lib/python3.12/site-packages/airflow/example_dags/example_nested_branch_dag.py
[2025-02-24T04:15:26.507+0000] {processor.py:830} INFO - Processing file /home/airflow/.local/lib/python3.12/site-packages/airflow/example_dags/example_nested_branch_dag.py for tasks to queue
[2025-02-24T04:15:26.510+0000] {logging_mixin.py:188} INFO - [2025-02-24T04:15:26.509+0000] {dagbag.py:540} INFO - Filling up the DagBag from /home/airflow/.local/lib/python3.12/site-packages/airflow/example_dags/example_nested_branch_dag.py
[2025-02-24T04:15:26.523+0000] {processor.py:840} INFO - DAG(s) 'example_nested_branch_dag' retrieved from /home/airflow/.local/lib/python3.12/site-packages/airflow/example_dags/example_nested_branch_dag.py
[2025-02-24T04:15:26.549+0000] {logging_mixin.py:188} INFO - [2025-02-24T04:15:26.549+0000] {dag.py:3096} INFO - Sync 1 DAGs
[2025-02-24T04:15:26.576+0000] {logging_mixin.py:188} INFO - [2025-02-24T04:15:26.575+0000] {dag.py:3954} INFO - Setting next_dagrun for example_nested_branch_dag to 2025-02-23 00:00:00+00:00, run_after=2025-02-24 00:00:00+00:00
[2025-02-24T04:15:26.597+0000] {processor.py:183} INFO - Processing /home/airflow/.local/lib/python3.12/site-packages/airflow/example_dags/example_nested_branch_dag.py took 0.099 seconds
[2025-02-24T04:15:56.948+0000] {processor.py:161} INFO - Started process (PID=2619) to work on /home/airflow/.local/lib/python3.12/site-packages/airflow/example_dags/example_nested_branch_dag.py
[2025-02-24T04:15:56.949+0000] {processor.py:830} INFO - Processing file /home/airflow/.local/lib/python3.12/site-packages/airflow/example_dags/example_nested_branch_dag.py for tasks to queue
[2025-02-24T04:15:56.952+0000] {logging_mixin.py:188} INFO - [2025-02-24T04:15:56.951+0000] {dagbag.py:540} INFO - Filling up the DagBag from /home/airflow/.local/lib/python3.12/site-packages/airflow/example_dags/example_nested_branch_dag.py
[2025-02-24T04:15:56.964+0000] {processor.py:840} INFO - DAG(s) 'example_nested_branch_dag' retrieved from /home/airflow/.local/lib/python3.12/site-packages/airflow/example_dags/example_nested_branch_dag.py
[2025-02-24T04:15:56.991+0000] {logging_mixin.py:188} INFO - [2025-02-24T04:15:56.990+0000] {dag.py:3096} INFO - Sync 1 DAGs
[2025-02-24T04:15:57.015+0000] {logging_mixin.py:188} INFO - [2025-02-24T04:15:57.015+0000] {dag.py:3954} INFO - Setting next_dagrun for example_nested_branch_dag to 2025-02-23 00:00:00+00:00, run_after=2025-02-24 00:00:00+00:00
[2025-02-24T04:15:57.038+0000] {processor.py:183} INFO - Processing /home/airflow/.local/lib/python3.12/site-packages/airflow/example_dags/example_nested_branch_dag.py took 0.097 seconds
[2025-02-24T04:16:27.398+0000] {processor.py:161} INFO - Started process (PID=2679) to work on /home/airflow/.local/lib/python3.12/site-packages/airflow/example_dags/example_nested_branch_dag.py
[2025-02-24T04:16:27.408+0000] {processor.py:830} INFO - Processing file /home/airflow/.local/lib/python3.12/site-packages/airflow/example_dags/example_nested_branch_dag.py for tasks to queue
[2025-02-24T04:16:27.415+0000] {logging_mixin.py:188} INFO - [2025-02-24T04:16:27.414+0000] {dagbag.py:540} INFO - Filling up the DagBag from /home/airflow/.local/lib/python3.12/site-packages/airflow/example_dags/example_nested_branch_dag.py
[2025-02-24T04:16:27.443+0000] {processor.py:840} INFO - DAG(s) 'example_nested_branch_dag' retrieved from /home/airflow/.local/lib/python3.12/site-packages/airflow/example_dags/example_nested_branch_dag.py
[2025-02-24T04:16:27.493+0000] {logging_mixin.py:188} INFO - [2025-02-24T04:16:27.492+0000] {dag.py:3096} INFO - Sync 1 DAGs
[2025-02-24T04:16:27.565+0000] {logging_mixin.py:188} INFO - [2025-02-24T04:16:27.565+0000] {dag.py:3954} INFO - Setting next_dagrun for example_nested_branch_dag to 2025-02-23 00:00:00+00:00, run_after=2025-02-24 00:00:00+00:00
[2025-02-24T04:16:27.602+0000] {processor.py:183} INFO - Processing /home/airflow/.local/lib/python3.12/site-packages/airflow/example_dags/example_nested_branch_dag.py took 0.221 seconds
[2025-02-24T04:16:57.711+0000] {processor.py:161} INFO - Started process (PID=2739) to work on /home/airflow/.local/lib/python3.12/site-packages/airflow/example_dags/example_nested_branch_dag.py
[2025-02-24T04:16:57.712+0000] {processor.py:830} INFO - Processing file /home/airflow/.local/lib/python3.12/site-packages/airflow/example_dags/example_nested_branch_dag.py for tasks to queue
[2025-02-24T04:16:57.715+0000] {logging_mixin.py:188} INFO - [2025-02-24T04:16:57.714+0000] {dagbag.py:540} INFO - Filling up the DagBag from /home/airflow/.local/lib/python3.12/site-packages/airflow/example_dags/example_nested_branch_dag.py
[2025-02-24T04:16:57.730+0000] {processor.py:840} INFO - DAG(s) 'example_nested_branch_dag' retrieved from /home/airflow/.local/lib/python3.12/site-packages/airflow/example_dags/example_nested_branch_dag.py
[2025-02-24T04:16:57.766+0000] {logging_mixin.py:188} INFO - [2025-02-24T04:16:57.766+0000] {dag.py:3096} INFO - Sync 1 DAGs
[2025-02-24T04:16:57.808+0000] {logging_mixin.py:188} INFO - [2025-02-24T04:16:57.807+0000] {dag.py:3954} INFO - Setting next_dagrun for example_nested_branch_dag to 2025-02-23 00:00:00+00:00, run_after=2025-02-24 00:00:00+00:00
[2025-02-24T04:16:57.938+0000] {processor.py:183} INFO - Processing /home/airflow/.local/lib/python3.12/site-packages/airflow/example_dags/example_nested_branch_dag.py took 0.238 seconds
[2025-02-24T04:17:28.062+0000] {processor.py:161} INFO - Started process (PID=2799) to work on /home/airflow/.local/lib/python3.12/site-packages/airflow/example_dags/example_nested_branch_dag.py
[2025-02-24T04:17:28.063+0000] {processor.py:830} INFO - Processing file /home/airflow/.local/lib/python3.12/site-packages/airflow/example_dags/example_nested_branch_dag.py for tasks to queue
[2025-02-24T04:17:28.066+0000] {logging_mixin.py:188} INFO - [2025-02-24T04:17:28.065+0000] {dagbag.py:540} INFO - Filling up the DagBag from /home/airflow/.local/lib/python3.12/site-packages/airflow/example_dags/example_nested_branch_dag.py
[2025-02-24T04:17:28.080+0000] {processor.py:840} INFO - DAG(s) 'example_nested_branch_dag' retrieved from /home/airflow/.local/lib/python3.12/site-packages/airflow/example_dags/example_nested_branch_dag.py
[2025-02-24T04:17:28.105+0000] {logging_mixin.py:188} INFO - [2025-02-24T04:17:28.105+0000] {dag.py:3096} INFO - Sync 1 DAGs
[2025-02-24T04:17:28.133+0000] {logging_mixin.py:188} INFO - [2025-02-24T04:17:28.132+0000] {dag.py:3954} INFO - Setting next_dagrun for example_nested_branch_dag to 2025-02-23 00:00:00+00:00, run_after=2025-02-24 00:00:00+00:00
[2025-02-24T04:17:28.156+0000] {processor.py:183} INFO - Processing /home/airflow/.local/lib/python3.12/site-packages/airflow/example_dags/example_nested_branch_dag.py took 0.101 seconds
[2025-02-24T04:19:31.295+0000] {processor.py:161} INFO - Started process (PID=2882) to work on /home/airflow/.local/lib/python3.12/site-packages/airflow/example_dags/example_nested_branch_dag.py
[2025-02-24T04:19:31.296+0000] {processor.py:830} INFO - Processing file /home/airflow/.local/lib/python3.12/site-packages/airflow/example_dags/example_nested_branch_dag.py for tasks to queue
[2025-02-24T04:19:31.299+0000] {logging_mixin.py:188} INFO - [2025-02-24T04:19:31.298+0000] {dagbag.py:540} INFO - Filling up the DagBag from /home/airflow/.local/lib/python3.12/site-packages/airflow/example_dags/example_nested_branch_dag.py
[2025-02-24T04:19:31.322+0000] {processor.py:840} INFO - DAG(s) 'example_nested_branch_dag' retrieved from /home/airflow/.local/lib/python3.12/site-packages/airflow/example_dags/example_nested_branch_dag.py
[2025-02-24T04:19:31.359+0000] {logging_mixin.py:188} INFO - [2025-02-24T04:19:31.359+0000] {dag.py:3096} INFO - Sync 1 DAGs
[2025-02-24T04:19:31.404+0000] {logging_mixin.py:188} INFO - [2025-02-24T04:19:31.404+0000] {dag.py:3954} INFO - Setting next_dagrun for example_nested_branch_dag to 2025-02-23 00:00:00+00:00, run_after=2025-02-24 00:00:00+00:00
[2025-02-24T04:19:31.438+0000] {processor.py:183} INFO - Processing /home/airflow/.local/lib/python3.12/site-packages/airflow/example_dags/example_nested_branch_dag.py took 0.154 seconds
[2025-02-24T04:20:05.349+0000] {processor.py:161} INFO - Started process (PID=2942) to work on /home/airflow/.local/lib/python3.12/site-packages/airflow/example_dags/example_nested_branch_dag.py
[2025-02-24T04:20:05.353+0000] {processor.py:830} INFO - Processing file /home/airflow/.local/lib/python3.12/site-packages/airflow/example_dags/example_nested_branch_dag.py for tasks to queue
[2025-02-24T04:20:05.360+0000] {logging_mixin.py:188} INFO - [2025-02-24T04:20:05.358+0000] {dagbag.py:540} INFO - Filling up the DagBag from /home/airflow/.local/lib/python3.12/site-packages/airflow/example_dags/example_nested_branch_dag.py
[2025-02-24T04:20:05.400+0000] {processor.py:840} INFO - DAG(s) 'example_nested_branch_dag' retrieved from /home/airflow/.local/lib/python3.12/site-packages/airflow/example_dags/example_nested_branch_dag.py
[2025-02-24T04:20:05.459+0000] {logging_mixin.py:188} INFO - [2025-02-24T04:20:05.458+0000] {dag.py:3096} INFO - Sync 1 DAGs
[2025-02-24T04:20:05.522+0000] {logging_mixin.py:188} INFO - [2025-02-24T04:20:05.521+0000] {dag.py:3954} INFO - Setting next_dagrun for example_nested_branch_dag to 2025-02-23 00:00:00+00:00, run_after=2025-02-24 00:00:00+00:00
[2025-02-24T04:20:05.570+0000] {processor.py:183} INFO - Processing /home/airflow/.local/lib/python3.12/site-packages/airflow/example_dags/example_nested_branch_dag.py took 0.243 seconds
[2025-02-24T04:21:29.633+0000] {processor.py:161} INFO - Started process (PID=2978) to work on /home/airflow/.local/lib/python3.12/site-packages/airflow/example_dags/example_nested_branch_dag.py
[2025-02-24T04:21:29.638+0000] {processor.py:830} INFO - Processing file /home/airflow/.local/lib/python3.12/site-packages/airflow/example_dags/example_nested_branch_dag.py for tasks to queue
[2025-02-24T04:21:29.643+0000] {logging_mixin.py:188} INFO - [2025-02-24T04:21:29.641+0000] {dagbag.py:540} INFO - Filling up the DagBag from /home/airflow/.local/lib/python3.12/site-packages/airflow/example_dags/example_nested_branch_dag.py
[2025-02-24T04:21:29.698+0000] {processor.py:840} INFO - DAG(s) 'example_nested_branch_dag' retrieved from /home/airflow/.local/lib/python3.12/site-packages/airflow/example_dags/example_nested_branch_dag.py
[2025-02-24T04:21:29.829+0000] {logging_mixin.py:188} INFO - [2025-02-24T04:21:29.829+0000] {dag.py:3096} INFO - Sync 1 DAGs
[2025-02-24T04:21:29.933+0000] {logging_mixin.py:188} INFO - [2025-02-24T04:21:29.930+0000] {dag.py:3954} INFO - Setting next_dagrun for example_nested_branch_dag to 2025-02-23 00:00:00+00:00, run_after=2025-02-24 00:00:00+00:00
[2025-02-24T04:21:30.008+0000] {processor.py:183} INFO - Processing /home/airflow/.local/lib/python3.12/site-packages/airflow/example_dags/example_nested_branch_dag.py took 0.396 seconds
[2025-02-24T04:23:12.690+0000] {processor.py:161} INFO - Started process (PID=3040) to work on /home/airflow/.local/lib/python3.12/site-packages/airflow/example_dags/example_nested_branch_dag.py
[2025-02-24T04:23:12.694+0000] {processor.py:830} INFO - Processing file /home/airflow/.local/lib/python3.12/site-packages/airflow/example_dags/example_nested_branch_dag.py for tasks to queue
[2025-02-24T04:23:12.697+0000] {logging_mixin.py:188} INFO - [2025-02-24T04:23:12.696+0000] {dagbag.py:540} INFO - Filling up the DagBag from /home/airflow/.local/lib/python3.12/site-packages/airflow/example_dags/example_nested_branch_dag.py
[2025-02-24T04:23:12.766+0000] {processor.py:840} INFO - DAG(s) 'example_nested_branch_dag' retrieved from /home/airflow/.local/lib/python3.12/site-packages/airflow/example_dags/example_nested_branch_dag.py
[2025-02-24T04:23:12.899+0000] {logging_mixin.py:188} INFO - [2025-02-24T04:23:12.898+0000] {dag.py:3096} INFO - Sync 1 DAGs
[2025-02-24T04:23:12.962+0000] {logging_mixin.py:188} INFO - [2025-02-24T04:23:12.962+0000] {dag.py:3954} INFO - Setting next_dagrun for example_nested_branch_dag to 2025-02-23 00:00:00+00:00, run_after=2025-02-24 00:00:00+00:00
[2025-02-24T04:23:13.054+0000] {processor.py:183} INFO - Processing /home/airflow/.local/lib/python3.12/site-packages/airflow/example_dags/example_nested_branch_dag.py took 0.384 seconds
[2025-02-24T04:24:12.084+0000] {processor.py:161} INFO - Started process (PID=3098) to work on /home/airflow/.local/lib/python3.12/site-packages/airflow/example_dags/example_nested_branch_dag.py
[2025-02-24T04:24:12.086+0000] {processor.py:830} INFO - Processing file /home/airflow/.local/lib/python3.12/site-packages/airflow/example_dags/example_nested_branch_dag.py for tasks to queue
[2025-02-24T04:24:12.087+0000] {logging_mixin.py:188} INFO - [2025-02-24T04:24:12.087+0000] {dagbag.py:540} INFO - Filling up the DagBag from /home/airflow/.local/lib/python3.12/site-packages/airflow/example_dags/example_nested_branch_dag.py
[2025-02-24T04:24:12.106+0000] {processor.py:840} INFO - DAG(s) 'example_nested_branch_dag' retrieved from /home/airflow/.local/lib/python3.12/site-packages/airflow/example_dags/example_nested_branch_dag.py
[2025-02-24T04:24:12.146+0000] {logging_mixin.py:188} INFO - [2025-02-24T04:24:12.145+0000] {dag.py:3096} INFO - Sync 1 DAGs
[2025-02-24T04:24:12.191+0000] {logging_mixin.py:188} INFO - [2025-02-24T04:24:12.191+0000] {dag.py:3954} INFO - Setting next_dagrun for example_nested_branch_dag to 2025-02-23 00:00:00+00:00, run_after=2025-02-24 00:00:00+00:00
[2025-02-24T04:24:12.233+0000] {processor.py:183} INFO - Processing /home/airflow/.local/lib/python3.12/site-packages/airflow/example_dags/example_nested_branch_dag.py took 0.160 seconds
[2025-02-24T04:24:42.970+0000] {processor.py:161} INFO - Started process (PID=3158) to work on /home/airflow/.local/lib/python3.12/site-packages/airflow/example_dags/example_nested_branch_dag.py
[2025-02-24T04:24:42.971+0000] {processor.py:830} INFO - Processing file /home/airflow/.local/lib/python3.12/site-packages/airflow/example_dags/example_nested_branch_dag.py for tasks to queue
[2025-02-24T04:24:42.973+0000] {logging_mixin.py:188} INFO - [2025-02-24T04:24:42.972+0000] {dagbag.py:540} INFO - Filling up the DagBag from /home/airflow/.local/lib/python3.12/site-packages/airflow/example_dags/example_nested_branch_dag.py
[2025-02-24T04:24:42.992+0000] {processor.py:840} INFO - DAG(s) 'example_nested_branch_dag' retrieved from /home/airflow/.local/lib/python3.12/site-packages/airflow/example_dags/example_nested_branch_dag.py
[2025-02-24T04:24:43.029+0000] {logging_mixin.py:188} INFO - [2025-02-24T04:24:43.029+0000] {dag.py:3096} INFO - Sync 1 DAGs
[2025-02-24T04:24:43.067+0000] {logging_mixin.py:188} INFO - [2025-02-24T04:24:43.067+0000] {dag.py:3954} INFO - Setting next_dagrun for example_nested_branch_dag to 2025-02-23 00:00:00+00:00, run_after=2025-02-24 00:00:00+00:00
[2025-02-24T04:24:43.096+0000] {processor.py:183} INFO - Processing /home/airflow/.local/lib/python3.12/site-packages/airflow/example_dags/example_nested_branch_dag.py took 0.135 seconds
[2025-02-24T04:25:25.806+0000] {processor.py:161} INFO - Started process (PID=3192) to work on /home/airflow/.local/lib/python3.12/site-packages/airflow/example_dags/example_nested_branch_dag.py
[2025-02-24T04:25:25.810+0000] {processor.py:830} INFO - Processing file /home/airflow/.local/lib/python3.12/site-packages/airflow/example_dags/example_nested_branch_dag.py for tasks to queue
[2025-02-24T04:25:25.823+0000] {logging_mixin.py:188} INFO - [2025-02-24T04:25:25.821+0000] {dagbag.py:540} INFO - Filling up the DagBag from /home/airflow/.local/lib/python3.12/site-packages/airflow/example_dags/example_nested_branch_dag.py
[2025-02-24T04:25:25.931+0000] {processor.py:840} INFO - DAG(s) 'example_nested_branch_dag' retrieved from /home/airflow/.local/lib/python3.12/site-packages/airflow/example_dags/example_nested_branch_dag.py
[2025-02-24T04:25:26.054+0000] {logging_mixin.py:188} INFO - [2025-02-24T04:25:26.053+0000] {dag.py:3096} INFO - Sync 1 DAGs
[2025-02-24T04:25:26.238+0000] {logging_mixin.py:188} INFO - [2025-02-24T04:25:26.237+0000] {dag.py:3954} INFO - Setting next_dagrun for example_nested_branch_dag to 2025-02-23 00:00:00+00:00, run_after=2025-02-24 00:00:00+00:00
[2025-02-24T04:25:26.350+0000] {processor.py:183} INFO - Processing /home/airflow/.local/lib/python3.12/site-packages/airflow/example_dags/example_nested_branch_dag.py took 0.567 seconds
[2025-02-24T04:27:32.071+0000] {processor.py:161} INFO - Started process (PID=3261) to work on /home/airflow/.local/lib/python3.12/site-packages/airflow/example_dags/example_nested_branch_dag.py
[2025-02-24T04:27:32.073+0000] {processor.py:830} INFO - Processing file /home/airflow/.local/lib/python3.12/site-packages/airflow/example_dags/example_nested_branch_dag.py for tasks to queue
[2025-02-24T04:27:32.079+0000] {logging_mixin.py:188} INFO - [2025-02-24T04:27:32.075+0000] {dagbag.py:540} INFO - Filling up the DagBag from /home/airflow/.local/lib/python3.12/site-packages/airflow/example_dags/example_nested_branch_dag.py
[2025-02-24T04:27:32.151+0000] {processor.py:840} INFO - DAG(s) 'example_nested_branch_dag' retrieved from /home/airflow/.local/lib/python3.12/site-packages/airflow/example_dags/example_nested_branch_dag.py
[2025-02-24T04:27:32.244+0000] {logging_mixin.py:188} INFO - [2025-02-24T04:27:32.243+0000] {dag.py:3096} INFO - Sync 1 DAGs
[2025-02-24T04:27:32.319+0000] {logging_mixin.py:188} INFO - [2025-02-24T04:27:32.319+0000] {dag.py:3954} INFO - Setting next_dagrun for example_nested_branch_dag to 2025-02-23 00:00:00+00:00, run_after=2025-02-24 00:00:00+00:00
[2025-02-24T04:27:32.376+0000] {processor.py:183} INFO - Processing /home/airflow/.local/lib/python3.12/site-packages/airflow/example_dags/example_nested_branch_dag.py took 0.343 seconds
[2025-02-24T04:29:00.874+0000] {processor.py:161} INFO - Started process (PID=3334) to work on /home/airflow/.local/lib/python3.12/site-packages/airflow/example_dags/example_nested_branch_dag.py
[2025-02-24T04:29:00.876+0000] {processor.py:830} INFO - Processing file /home/airflow/.local/lib/python3.12/site-packages/airflow/example_dags/example_nested_branch_dag.py for tasks to queue
[2025-02-24T04:29:00.878+0000] {logging_mixin.py:188} INFO - [2025-02-24T04:29:00.877+0000] {dagbag.py:540} INFO - Filling up the DagBag from /home/airflow/.local/lib/python3.12/site-packages/airflow/example_dags/example_nested_branch_dag.py
[2025-02-24T04:29:00.900+0000] {processor.py:840} INFO - DAG(s) 'example_nested_branch_dag' retrieved from /home/airflow/.local/lib/python3.12/site-packages/airflow/example_dags/example_nested_branch_dag.py
[2025-02-24T04:29:00.945+0000] {logging_mixin.py:188} INFO - [2025-02-24T04:29:00.945+0000] {dag.py:3096} INFO - Sync 1 DAGs
[2025-02-24T04:29:01.000+0000] {logging_mixin.py:188} INFO - [2025-02-24T04:29:01.000+0000] {dag.py:3954} INFO - Setting next_dagrun for example_nested_branch_dag to 2025-02-23 00:00:00+00:00, run_after=2025-02-24 00:00:00+00:00
[2025-02-24T04:29:01.035+0000] {processor.py:183} INFO - Processing /home/airflow/.local/lib/python3.12/site-packages/airflow/example_dags/example_nested_branch_dag.py took 0.175 seconds
