[2025-02-26T01:14:05.978+0000] {processor.py:161} INFO - Started process (PID=66) to work on /opt/airflow/dags/Dag_des_5.py
[2025-02-26T01:14:05.981+0000] {processor.py:830} INFO - Processing file /opt/airflow/dags/Dag_des_5.py for tasks to queue
[2025-02-26T01:14:05.988+0000] {logging_mixin.py:188} INFO - [2025-02-26T01:14:05.987+0000] {dagbag.py:540} INFO - Filling up the DagBag from /opt/airflow/dags/Dag_des_5.py
[2025-02-26T01:14:26.794+0000] {logging_mixin.py:188} INFO - [2025-02-26T01:14:26.774+0000] {dagbag.py:350} ERROR - Failed to import: /opt/airflow/dags/Dag_des_5.py
Traceback (most recent call last):
  File "/home/airflow/.local/lib/python3.12/site-packages/airflow/models/dagbag.py", line 346, in parse
    loader.exec_module(new_module)
  File "<frozen importlib._bootstrap_external>", line 995, in exec_module
  File "<frozen importlib._bootstrap>", line 488, in _call_with_frames_removed
  File "/opt/airflow/dags/Dag_des_5.py", line 7, in <module>
    from app.process_to_silver import to_silver
  File "/opt/airflow/dags/app/process_to_silver.py", line 22, in <module>
    to_silver()
  File "/opt/airflow/dags/app/process_to_silver.py", line 10, in to_silver
    for file in os.listdir(INPUT_DIR):
                ^^^^^^^^^^^^^^^^^^^^^
FileNotFoundError: [Errno 2] No such file or directory: '/mnt/c/Users/Caio Mesquita/Desktop/Data sc/Des_5/RID-156732_Desafio08/camadas/Bronze'
[2025-02-26T01:14:26.798+0000] {processor.py:842} WARNING - No viable dags retrieved from /opt/airflow/dags/Dag_des_5.py
[2025-02-26T01:14:26.841+0000] {processor.py:183} INFO - Processing /opt/airflow/dags/Dag_des_5.py took 20.883 seconds
[2025-02-26T01:14:57.574+0000] {processor.py:161} INFO - Started process (PID=135) to work on /opt/airflow/dags/Dag_des_5.py
[2025-02-26T01:14:57.575+0000] {processor.py:830} INFO - Processing file /opt/airflow/dags/Dag_des_5.py for tasks to queue
[2025-02-26T01:14:57.577+0000] {logging_mixin.py:188} INFO - [2025-02-26T01:14:57.577+0000] {dagbag.py:540} INFO - Filling up the DagBag from /opt/airflow/dags/Dag_des_5.py
[2025-02-26T01:17:17.340+0000] {processor.py:161} INFO - Started process (PID=59) to work on /opt/airflow/dags/Dag_des_5.py
[2025-02-26T01:17:17.343+0000] {processor.py:830} INFO - Processing file /opt/airflow/dags/Dag_des_5.py for tasks to queue
[2025-02-26T01:17:17.347+0000] {logging_mixin.py:188} INFO - [2025-02-26T01:17:17.347+0000] {dagbag.py:540} INFO - Filling up the DagBag from /opt/airflow/dags/Dag_des_5.py
[2025-02-26T01:18:47.689+0000] {processor.py:161} INFO - Started process (PID=49) to work on /opt/airflow/dags/Dag_des_5.py
[2025-02-26T01:18:47.694+0000] {processor.py:830} INFO - Processing file /opt/airflow/dags/Dag_des_5.py for tasks to queue
[2025-02-26T01:18:47.706+0000] {logging_mixin.py:188} INFO - [2025-02-26T01:18:47.704+0000] {dagbag.py:540} INFO - Filling up the DagBag from /opt/airflow/dags/Dag_des_5.py
[2025-02-26T01:18:55.648+0000] {logging_mixin.py:188} INFO - [2025-02-26T01:18:55.640+0000] {dagbag.py:350} ERROR - Failed to import: /opt/airflow/dags/Dag_des_5.py
Traceback (most recent call last):
  File "/home/airflow/.local/lib/python3.12/site-packages/airflow/models/dagbag.py", line 346, in parse
    loader.exec_module(new_module)
  File "<frozen importlib._bootstrap_external>", line 995, in exec_module
  File "<frozen importlib._bootstrap>", line 488, in _call_with_frames_removed
  File "/opt/airflow/dags/Dag_des_5.py", line 7, in <module>
    from app.process_to_silver import to_silver
  File "/opt/airflow/dags/app/process_to_silver.py", line 22, in <module>
    to_silver()
  File "/opt/airflow/dags/app/process_to_silver.py", line 10, in to_silver
    for file in os.listdir(INPUT_DIR):
                ^^^^^^^^^^^^^^^^^^^^^
FileNotFoundError: [Errno 2] No such file or directory: '/mnt/c/Users/Caio Mesquita/Desktop/Data sc/Des_5/RID-156732_Desafio08/camadas/Bronze'
[2025-02-26T01:18:55.650+0000] {processor.py:842} WARNING - No viable dags retrieved from /opt/airflow/dags/Dag_des_5.py
[2025-02-26T01:18:55.680+0000] {processor.py:183} INFO - Processing /opt/airflow/dags/Dag_des_5.py took 8.563 seconds
[2025-02-26T01:19:26.337+0000] {processor.py:161} INFO - Started process (PID=113) to work on /opt/airflow/dags/Dag_des_5.py
[2025-02-26T01:19:26.359+0000] {processor.py:830} INFO - Processing file /opt/airflow/dags/Dag_des_5.py for tasks to queue
[2025-02-26T01:19:26.363+0000] {logging_mixin.py:188} INFO - [2025-02-26T01:19:26.362+0000] {dagbag.py:540} INFO - Filling up the DagBag from /opt/airflow/dags/Dag_des_5.py
[2025-02-26T01:19:27.992+0000] {logging_mixin.py:188} INFO - [2025-02-26T01:19:27.965+0000] {dagbag.py:350} ERROR - Failed to import: /opt/airflow/dags/Dag_des_5.py
Traceback (most recent call last):
  File "/home/airflow/.local/lib/python3.12/site-packages/airflow/models/dagbag.py", line 346, in parse
    loader.exec_module(new_module)
  File "<frozen importlib._bootstrap_external>", line 995, in exec_module
  File "<frozen importlib._bootstrap>", line 488, in _call_with_frames_removed
  File "/opt/airflow/dags/Dag_des_5.py", line 7, in <module>
    from app.process_to_silver import to_silver
  File "/opt/airflow/dags/app/process_to_silver.py", line 22, in <module>
    to_silver()
  File "/opt/airflow/dags/app/process_to_silver.py", line 10, in to_silver
    for file in os.listdir(INPUT_DIR):
                ^^^^^^^^^^^^^^^^^^^^^
FileNotFoundError: [Errno 2] No such file or directory: '/mnt/c/Users/Caio Mesquita/Desktop/Data sc/Des_5/RID-156732_Desafio08/camadas/Bronze'
[2025-02-26T01:19:27.995+0000] {processor.py:842} WARNING - No viable dags retrieved from /opt/airflow/dags/Dag_des_5.py
[2025-02-26T01:19:28.043+0000] {processor.py:183} INFO - Processing /opt/airflow/dags/Dag_des_5.py took 1.712 seconds
[2025-02-26T01:19:58.179+0000] {processor.py:161} INFO - Started process (PID=175) to work on /opt/airflow/dags/Dag_des_5.py
[2025-02-26T01:19:58.180+0000] {processor.py:830} INFO - Processing file /opt/airflow/dags/Dag_des_5.py for tasks to queue
[2025-02-26T01:19:58.183+0000] {logging_mixin.py:188} INFO - [2025-02-26T01:19:58.182+0000] {dagbag.py:540} INFO - Filling up the DagBag from /opt/airflow/dags/Dag_des_5.py
[2025-02-26T01:19:58.690+0000] {logging_mixin.py:188} INFO - [2025-02-26T01:19:58.683+0000] {dagbag.py:350} ERROR - Failed to import: /opt/airflow/dags/Dag_des_5.py
Traceback (most recent call last):
  File "/home/airflow/.local/lib/python3.12/site-packages/airflow/models/dagbag.py", line 346, in parse
    loader.exec_module(new_module)
  File "<frozen importlib._bootstrap_external>", line 995, in exec_module
  File "<frozen importlib._bootstrap>", line 488, in _call_with_frames_removed
  File "/opt/airflow/dags/Dag_des_5.py", line 7, in <module>
    from app.process_to_silver import to_silver
  File "/opt/airflow/dags/app/process_to_silver.py", line 22, in <module>
    to_silver()
  File "/opt/airflow/dags/app/process_to_silver.py", line 10, in to_silver
    for file in os.listdir(INPUT_DIR):
                ^^^^^^^^^^^^^^^^^^^^^
FileNotFoundError: [Errno 2] No such file or directory: '/mnt/c/Users/Caio Mesquita/Desktop/Data sc/Des_5/RID-156732_Desafio08/camadas/Bronze'
[2025-02-26T01:19:58.692+0000] {processor.py:842} WARNING - No viable dags retrieved from /opt/airflow/dags/Dag_des_5.py
[2025-02-26T01:19:58.707+0000] {processor.py:183} INFO - Processing /opt/airflow/dags/Dag_des_5.py took 0.534 seconds
[2025-02-26T01:20:29.003+0000] {processor.py:161} INFO - Started process (PID=236) to work on /opt/airflow/dags/Dag_des_5.py
[2025-02-26T01:20:29.004+0000] {processor.py:830} INFO - Processing file /opt/airflow/dags/Dag_des_5.py for tasks to queue
[2025-02-26T01:20:29.007+0000] {logging_mixin.py:188} INFO - [2025-02-26T01:20:29.007+0000] {dagbag.py:540} INFO - Filling up the DagBag from /opt/airflow/dags/Dag_des_5.py
[2025-02-26T01:20:29.524+0000] {logging_mixin.py:188} INFO - [2025-02-26T01:20:29.516+0000] {dagbag.py:350} ERROR - Failed to import: /opt/airflow/dags/Dag_des_5.py
Traceback (most recent call last):
  File "/home/airflow/.local/lib/python3.12/site-packages/airflow/models/dagbag.py", line 346, in parse
    loader.exec_module(new_module)
  File "<frozen importlib._bootstrap_external>", line 995, in exec_module
  File "<frozen importlib._bootstrap>", line 488, in _call_with_frames_removed
  File "/opt/airflow/dags/Dag_des_5.py", line 7, in <module>
    from app.process_to_silver import to_silver
  File "/opt/airflow/dags/app/process_to_silver.py", line 22, in <module>
    to_silver()
  File "/opt/airflow/dags/app/process_to_silver.py", line 10, in to_silver
    for file in os.listdir(INPUT_DIR):
                ^^^^^^^^^^^^^^^^^^^^^
FileNotFoundError: [Errno 2] No such file or directory: '/mnt/c/Users/Caio Mesquita/Desktop/Data sc/Des_5/RID-156732_Desafio08/camadas/Bronze'
[2025-02-26T01:20:29.527+0000] {processor.py:842} WARNING - No viable dags retrieved from /opt/airflow/dags/Dag_des_5.py
[2025-02-26T01:20:29.543+0000] {processor.py:183} INFO - Processing /opt/airflow/dags/Dag_des_5.py took 0.547 seconds
[2025-02-26T01:21:20.468+0000] {processor.py:161} INFO - Started process (PID=303) to work on /opt/airflow/dags/Dag_des_5.py
[2025-02-26T01:21:20.474+0000] {processor.py:830} INFO - Processing file /opt/airflow/dags/Dag_des_5.py for tasks to queue
[2025-02-26T01:21:20.478+0000] {logging_mixin.py:188} INFO - [2025-02-26T01:21:20.477+0000] {dagbag.py:540} INFO - Filling up the DagBag from /opt/airflow/dags/Dag_des_5.py
[2025-02-26T01:21:21.448+0000] {logging_mixin.py:188} INFO - [2025-02-26T01:21:21.437+0000] {dagbag.py:350} ERROR - Failed to import: /opt/airflow/dags/Dag_des_5.py
Traceback (most recent call last):
  File "/home/airflow/.local/lib/python3.12/site-packages/airflow/models/dagbag.py", line 346, in parse
    loader.exec_module(new_module)
  File "<frozen importlib._bootstrap_external>", line 995, in exec_module
  File "<frozen importlib._bootstrap>", line 488, in _call_with_frames_removed
  File "/opt/airflow/dags/Dag_des_5.py", line 7, in <module>
    from app.process_to_silver import to_silver
  File "/opt/airflow/dags/app/process_to_silver.py", line 22, in <module>
    to_silver()
  File "/opt/airflow/dags/app/process_to_silver.py", line 10, in to_silver
    for file in os.listdir(INPUT_DIR):
                ^^^^^^^^^^^^^^^^^^^^^
FileNotFoundError: [Errno 2] No such file or directory: '/mnt/c/Users/Caio Mesquita/Desktop/Data sc/Des_5/RID-156732_Desafio08/camadas/Bronze'
[2025-02-26T01:21:21.450+0000] {processor.py:842} WARNING - No viable dags retrieved from /opt/airflow/dags/Dag_des_5.py
[2025-02-26T01:21:21.470+0000] {processor.py:183} INFO - Processing /opt/airflow/dags/Dag_des_5.py took 1.018 seconds
[2025-02-26T01:21:51.572+0000] {processor.py:161} INFO - Started process (PID=364) to work on /opt/airflow/dags/Dag_des_5.py
[2025-02-26T01:21:51.635+0000] {processor.py:830} INFO - Processing file /opt/airflow/dags/Dag_des_5.py for tasks to queue
[2025-02-26T01:21:51.638+0000] {logging_mixin.py:188} INFO - [2025-02-26T01:21:51.637+0000] {dagbag.py:540} INFO - Filling up the DagBag from /opt/airflow/dags/Dag_des_5.py
[2025-02-26T01:21:52.729+0000] {logging_mixin.py:188} INFO - [2025-02-26T01:21:52.657+0000] {dagbag.py:350} ERROR - Failed to import: /opt/airflow/dags/Dag_des_5.py
Traceback (most recent call last):
  File "/home/airflow/.local/lib/python3.12/site-packages/airflow/models/dagbag.py", line 346, in parse
    loader.exec_module(new_module)
  File "<frozen importlib._bootstrap_external>", line 995, in exec_module
  File "<frozen importlib._bootstrap>", line 488, in _call_with_frames_removed
  File "/opt/airflow/dags/Dag_des_5.py", line 7, in <module>
    from app.process_to_silver import to_silver
  File "/opt/airflow/dags/app/process_to_silver.py", line 22, in <module>
    to_silver()
  File "/opt/airflow/dags/app/process_to_silver.py", line 10, in to_silver
    for file in os.listdir(INPUT_DIR):
                ^^^^^^^^^^^^^^^^^^^^^
FileNotFoundError: [Errno 2] No such file or directory: '/mnt/c/Users/Caio Mesquita/Desktop/Data sc/Des_5/RID-156732_Desafio08/camadas/Bronze'
[2025-02-26T01:21:52.733+0000] {processor.py:842} WARNING - No viable dags retrieved from /opt/airflow/dags/Dag_des_5.py
[2025-02-26T01:21:52.870+0000] {processor.py:183} INFO - Processing /opt/airflow/dags/Dag_des_5.py took 1.305 seconds
[2025-02-26T01:22:23.285+0000] {processor.py:161} INFO - Started process (PID=419) to work on /opt/airflow/dags/Dag_des_5.py
[2025-02-26T01:22:23.286+0000] {processor.py:830} INFO - Processing file /opt/airflow/dags/Dag_des_5.py for tasks to queue
[2025-02-26T01:22:23.289+0000] {logging_mixin.py:188} INFO - [2025-02-26T01:22:23.289+0000] {dagbag.py:540} INFO - Filling up the DagBag from /opt/airflow/dags/Dag_des_5.py
[2025-02-26T01:22:23.847+0000] {logging_mixin.py:188} INFO - [2025-02-26T01:22:23.833+0000] {dagbag.py:350} ERROR - Failed to import: /opt/airflow/dags/Dag_des_5.py
Traceback (most recent call last):
  File "/home/airflow/.local/lib/python3.12/site-packages/airflow/models/dagbag.py", line 346, in parse
    loader.exec_module(new_module)
  File "<frozen importlib._bootstrap_external>", line 995, in exec_module
  File "<frozen importlib._bootstrap>", line 488, in _call_with_frames_removed
  File "/opt/airflow/dags/Dag_des_5.py", line 7, in <module>
    from app.process_to_silver import to_silver
  File "/opt/airflow/dags/app/process_to_silver.py", line 22, in <module>
    to_silver()
  File "/opt/airflow/dags/app/process_to_silver.py", line 10, in to_silver
    for file in os.listdir(INPUT_DIR):
                ^^^^^^^^^^^^^^^^^^^^^
FileNotFoundError: [Errno 2] No such file or directory: '/mnt/c/Users/Caio Mesquita/Desktop/Data sc/Des_5/RID-156732_Desafio08/camadas/Bronze'
[2025-02-26T01:22:23.851+0000] {processor.py:842} WARNING - No viable dags retrieved from /opt/airflow/dags/Dag_des_5.py
[2025-02-26T01:22:23.870+0000] {processor.py:183} INFO - Processing /opt/airflow/dags/Dag_des_5.py took 0.591 seconds
[2025-02-26T01:22:53.959+0000] {processor.py:161} INFO - Started process (PID=487) to work on /opt/airflow/dags/Dag_des_5.py
[2025-02-26T01:22:53.961+0000] {processor.py:830} INFO - Processing file /opt/airflow/dags/Dag_des_5.py for tasks to queue
[2025-02-26T01:22:53.963+0000] {logging_mixin.py:188} INFO - [2025-02-26T01:22:53.962+0000] {dagbag.py:540} INFO - Filling up the DagBag from /opt/airflow/dags/Dag_des_5.py
[2025-02-26T01:22:54.436+0000] {logging_mixin.py:188} INFO - [2025-02-26T01:22:54.427+0000] {dagbag.py:350} ERROR - Failed to import: /opt/airflow/dags/Dag_des_5.py
Traceback (most recent call last):
  File "/home/airflow/.local/lib/python3.12/site-packages/airflow/models/dagbag.py", line 346, in parse
    loader.exec_module(new_module)
  File "<frozen importlib._bootstrap_external>", line 995, in exec_module
  File "<frozen importlib._bootstrap>", line 488, in _call_with_frames_removed
  File "/opt/airflow/dags/Dag_des_5.py", line 7, in <module>
    from app.process_to_silver import to_silver
  File "/opt/airflow/dags/app/process_to_silver.py", line 22, in <module>
    to_silver()
  File "/opt/airflow/dags/app/process_to_silver.py", line 10, in to_silver
    for file in os.listdir(INPUT_DIR):
                ^^^^^^^^^^^^^^^^^^^^^
FileNotFoundError: [Errno 2] No such file or directory: '/mnt/c/Users/Caio Mesquita/Desktop/Data sc/Des_5/RID-156732_Desafio08/camadas/Bronze'
[2025-02-26T01:22:54.438+0000] {processor.py:842} WARNING - No viable dags retrieved from /opt/airflow/dags/Dag_des_5.py
[2025-02-26T01:22:54.455+0000] {processor.py:183} INFO - Processing /opt/airflow/dags/Dag_des_5.py took 0.502 seconds
[2025-02-26T01:23:25.002+0000] {processor.py:161} INFO - Started process (PID=545) to work on /opt/airflow/dags/Dag_des_5.py
[2025-02-26T01:23:25.003+0000] {processor.py:830} INFO - Processing file /opt/airflow/dags/Dag_des_5.py for tasks to queue
[2025-02-26T01:23:25.005+0000] {logging_mixin.py:188} INFO - [2025-02-26T01:23:25.005+0000] {dagbag.py:540} INFO - Filling up the DagBag from /opt/airflow/dags/Dag_des_5.py
[2025-02-26T01:23:25.457+0000] {logging_mixin.py:188} INFO - [2025-02-26T01:23:25.450+0000] {dagbag.py:350} ERROR - Failed to import: /opt/airflow/dags/Dag_des_5.py
Traceback (most recent call last):
  File "/home/airflow/.local/lib/python3.12/site-packages/airflow/models/dagbag.py", line 346, in parse
    loader.exec_module(new_module)
  File "<frozen importlib._bootstrap_external>", line 995, in exec_module
  File "<frozen importlib._bootstrap>", line 488, in _call_with_frames_removed
  File "/opt/airflow/dags/Dag_des_5.py", line 7, in <module>
    from app.process_to_silver import to_silver
  File "/opt/airflow/dags/app/process_to_silver.py", line 22, in <module>
    to_silver()
  File "/opt/airflow/dags/app/process_to_silver.py", line 10, in to_silver
    for file in os.listdir(INPUT_DIR):
                ^^^^^^^^^^^^^^^^^^^^^
FileNotFoundError: [Errno 2] No such file or directory: '/mnt/c/Users/Caio Mesquita/Desktop/Data sc/Des_5/RID-156732_Desafio08/camadas/Bronze'
[2025-02-26T01:23:25.459+0000] {processor.py:842} WARNING - No viable dags retrieved from /opt/airflow/dags/Dag_des_5.py
[2025-02-26T01:23:26.004+0000] {processor.py:183} INFO - Processing /opt/airflow/dags/Dag_des_5.py took 1.009 seconds
[2025-02-26T01:23:56.860+0000] {processor.py:161} INFO - Started process (PID=605) to work on /opt/airflow/dags/Dag_des_5.py
[2025-02-26T01:23:56.862+0000] {processor.py:830} INFO - Processing file /opt/airflow/dags/Dag_des_5.py for tasks to queue
[2025-02-26T01:23:56.865+0000] {logging_mixin.py:188} INFO - [2025-02-26T01:23:56.865+0000] {dagbag.py:540} INFO - Filling up the DagBag from /opt/airflow/dags/Dag_des_5.py
[2025-02-26T01:23:57.597+0000] {logging_mixin.py:188} INFO - [2025-02-26T01:23:57.592+0000] {dagbag.py:350} ERROR - Failed to import: /opt/airflow/dags/Dag_des_5.py
Traceback (most recent call last):
  File "/home/airflow/.local/lib/python3.12/site-packages/airflow/models/dagbag.py", line 346, in parse
    loader.exec_module(new_module)
  File "<frozen importlib._bootstrap_external>", line 995, in exec_module
  File "<frozen importlib._bootstrap>", line 488, in _call_with_frames_removed
  File "/opt/airflow/dags/Dag_des_5.py", line 7, in <module>
    from app.process_to_silver import to_silver
  File "/opt/airflow/dags/app/process_to_silver.py", line 22, in <module>
    to_silver()
  File "/opt/airflow/dags/app/process_to_silver.py", line 10, in to_silver
    for file in os.listdir(INPUT_DIR):
                ^^^^^^^^^^^^^^^^^^^^^
FileNotFoundError: [Errno 2] No such file or directory: '/mnt/c/Users/Caio Mesquita/Desktop/Data sc/Des_5/RID-156732_Desafio08/camadas/Bronze'
[2025-02-26T01:23:57.600+0000] {processor.py:842} WARNING - No viable dags retrieved from /opt/airflow/dags/Dag_des_5.py
[2025-02-26T01:23:57.616+0000] {processor.py:183} INFO - Processing /opt/airflow/dags/Dag_des_5.py took 0.767 seconds
[2025-02-26T01:24:27.719+0000] {processor.py:161} INFO - Started process (PID=669) to work on /opt/airflow/dags/Dag_des_5.py
[2025-02-26T01:24:27.720+0000] {processor.py:830} INFO - Processing file /opt/airflow/dags/Dag_des_5.py for tasks to queue
[2025-02-26T01:24:27.722+0000] {logging_mixin.py:188} INFO - [2025-02-26T01:24:27.722+0000] {dagbag.py:540} INFO - Filling up the DagBag from /opt/airflow/dags/Dag_des_5.py
[2025-02-26T01:24:28.306+0000] {logging_mixin.py:188} INFO - [2025-02-26T01:24:28.296+0000] {dagbag.py:350} ERROR - Failed to import: /opt/airflow/dags/Dag_des_5.py
Traceback (most recent call last):
  File "/home/airflow/.local/lib/python3.12/site-packages/airflow/models/dagbag.py", line 346, in parse
    loader.exec_module(new_module)
  File "<frozen importlib._bootstrap_external>", line 995, in exec_module
  File "<frozen importlib._bootstrap>", line 488, in _call_with_frames_removed
  File "/opt/airflow/dags/Dag_des_5.py", line 7, in <module>
    from app.process_to_silver import to_silver
  File "/opt/airflow/dags/app/process_to_silver.py", line 22, in <module>
    to_silver()
  File "/opt/airflow/dags/app/process_to_silver.py", line 10, in to_silver
    for file in os.listdir(INPUT_DIR):
                ^^^^^^^^^^^^^^^^^^^^^
FileNotFoundError: [Errno 2] No such file or directory: '/mnt/c/Users/Caio Mesquita/Desktop/Data sc/Des_5/RID-156732_Desafio08/camadas/Bronze'
[2025-02-26T01:24:28.308+0000] {processor.py:842} WARNING - No viable dags retrieved from /opt/airflow/dags/Dag_des_5.py
[2025-02-26T01:24:28.325+0000] {processor.py:183} INFO - Processing /opt/airflow/dags/Dag_des_5.py took 0.613 seconds
[2025-02-26T01:24:59.160+0000] {processor.py:161} INFO - Started process (PID=732) to work on /opt/airflow/dags/Dag_des_5.py
[2025-02-26T01:24:59.161+0000] {processor.py:830} INFO - Processing file /opt/airflow/dags/Dag_des_5.py for tasks to queue
[2025-02-26T01:24:59.163+0000] {logging_mixin.py:188} INFO - [2025-02-26T01:24:59.163+0000] {dagbag.py:540} INFO - Filling up the DagBag from /opt/airflow/dags/Dag_des_5.py
[2025-02-26T01:24:59.821+0000] {logging_mixin.py:188} INFO - [2025-02-26T01:24:59.813+0000] {dagbag.py:350} ERROR - Failed to import: /opt/airflow/dags/Dag_des_5.py
Traceback (most recent call last):
  File "/home/airflow/.local/lib/python3.12/site-packages/airflow/models/dagbag.py", line 346, in parse
    loader.exec_module(new_module)
  File "<frozen importlib._bootstrap_external>", line 995, in exec_module
  File "<frozen importlib._bootstrap>", line 488, in _call_with_frames_removed
  File "/opt/airflow/dags/Dag_des_5.py", line 7, in <module>
    from app.process_to_silver import to_silver
  File "/opt/airflow/dags/app/process_to_silver.py", line 22, in <module>
    to_silver()
  File "/opt/airflow/dags/app/process_to_silver.py", line 10, in to_silver
    for file in os.listdir(INPUT_DIR):
                ^^^^^^^^^^^^^^^^^^^^^
FileNotFoundError: [Errno 2] No such file or directory: '/mnt/c/Users/Caio Mesquita/Desktop/Data sc/Des_5/RID-156732_Desafio08/camadas/Bronze'
[2025-02-26T01:24:59.824+0000] {processor.py:842} WARNING - No viable dags retrieved from /opt/airflow/dags/Dag_des_5.py
[2025-02-26T01:24:59.846+0000] {processor.py:183} INFO - Processing /opt/airflow/dags/Dag_des_5.py took 0.694 seconds
[2025-02-26T01:25:30.009+0000] {processor.py:161} INFO - Started process (PID=795) to work on /opt/airflow/dags/Dag_des_5.py
[2025-02-26T01:25:30.011+0000] {processor.py:830} INFO - Processing file /opt/airflow/dags/Dag_des_5.py for tasks to queue
[2025-02-26T01:25:30.014+0000] {logging_mixin.py:188} INFO - [2025-02-26T01:25:30.013+0000] {dagbag.py:540} INFO - Filling up the DagBag from /opt/airflow/dags/Dag_des_5.py
[2025-02-26T01:25:30.574+0000] {logging_mixin.py:188} INFO - [2025-02-26T01:25:30.566+0000] {dagbag.py:350} ERROR - Failed to import: /opt/airflow/dags/Dag_des_5.py
Traceback (most recent call last):
  File "/home/airflow/.local/lib/python3.12/site-packages/airflow/models/dagbag.py", line 346, in parse
    loader.exec_module(new_module)
  File "<frozen importlib._bootstrap_external>", line 995, in exec_module
  File "<frozen importlib._bootstrap>", line 488, in _call_with_frames_removed
  File "/opt/airflow/dags/Dag_des_5.py", line 7, in <module>
    from app.process_to_silver import to_silver
  File "/opt/airflow/dags/app/process_to_silver.py", line 22, in <module>
    to_silver()
  File "/opt/airflow/dags/app/process_to_silver.py", line 10, in to_silver
    for file in os.listdir(INPUT_DIR):
                ^^^^^^^^^^^^^^^^^^^^^
FileNotFoundError: [Errno 2] No such file or directory: '/mnt/c/Users/Caio Mesquita/Desktop/Data sc/Des_5/RID-156732_Desafio08/camadas/Bronze'
[2025-02-26T01:25:30.576+0000] {processor.py:842} WARNING - No viable dags retrieved from /opt/airflow/dags/Dag_des_5.py
[2025-02-26T01:25:30.593+0000] {processor.py:183} INFO - Processing /opt/airflow/dags/Dag_des_5.py took 0.593 seconds
[2025-02-26T01:26:00.653+0000] {processor.py:161} INFO - Started process (PID=858) to work on /opt/airflow/dags/Dag_des_5.py
[2025-02-26T01:26:00.654+0000] {processor.py:830} INFO - Processing file /opt/airflow/dags/Dag_des_5.py for tasks to queue
[2025-02-26T01:26:00.657+0000] {logging_mixin.py:188} INFO - [2025-02-26T01:26:00.656+0000] {dagbag.py:540} INFO - Filling up the DagBag from /opt/airflow/dags/Dag_des_5.py
[2025-02-26T01:26:01.280+0000] {logging_mixin.py:188} INFO - [2025-02-26T01:26:01.272+0000] {dagbag.py:350} ERROR - Failed to import: /opt/airflow/dags/Dag_des_5.py
Traceback (most recent call last):
  File "/home/airflow/.local/lib/python3.12/site-packages/airflow/models/dagbag.py", line 346, in parse
    loader.exec_module(new_module)
  File "<frozen importlib._bootstrap_external>", line 995, in exec_module
  File "<frozen importlib._bootstrap>", line 488, in _call_with_frames_removed
  File "/opt/airflow/dags/Dag_des_5.py", line 7, in <module>
    from app.process_to_silver import to_silver
  File "/opt/airflow/dags/app/process_to_silver.py", line 22, in <module>
    to_silver()
  File "/opt/airflow/dags/app/process_to_silver.py", line 10, in to_silver
    for file in os.listdir(INPUT_DIR):
                ^^^^^^^^^^^^^^^^^^^^^
FileNotFoundError: [Errno 2] No such file or directory: '/mnt/c/Users/Caio Mesquita/Desktop/Data sc/Des_5/RID-156732_Desafio08/camadas/Bronze'
[2025-02-26T01:26:01.282+0000] {processor.py:842} WARNING - No viable dags retrieved from /opt/airflow/dags/Dag_des_5.py
[2025-02-26T01:26:01.296+0000] {processor.py:183} INFO - Processing /opt/airflow/dags/Dag_des_5.py took 0.649 seconds
[2025-02-26T01:26:32.868+0000] {processor.py:161} INFO - Started process (PID=921) to work on /opt/airflow/dags/Dag_des_5.py
[2025-02-26T01:26:32.961+0000] {processor.py:830} INFO - Processing file /opt/airflow/dags/Dag_des_5.py for tasks to queue
[2025-02-26T01:26:32.973+0000] {logging_mixin.py:188} INFO - [2025-02-26T01:26:32.972+0000] {dagbag.py:540} INFO - Filling up the DagBag from /opt/airflow/dags/Dag_des_5.py
[2025-02-26T01:26:34.986+0000] {logging_mixin.py:188} INFO - [2025-02-26T01:26:34.978+0000] {dagbag.py:350} ERROR - Failed to import: /opt/airflow/dags/Dag_des_5.py
Traceback (most recent call last):
  File "/home/airflow/.local/lib/python3.12/site-packages/airflow/models/dagbag.py", line 346, in parse
    loader.exec_module(new_module)
  File "<frozen importlib._bootstrap_external>", line 995, in exec_module
  File "<frozen importlib._bootstrap>", line 488, in _call_with_frames_removed
  File "/opt/airflow/dags/Dag_des_5.py", line 7, in <module>
    from app.process_to_silver import to_silver
  File "/opt/airflow/dags/app/process_to_silver.py", line 22, in <module>
    to_silver()
  File "/opt/airflow/dags/app/process_to_silver.py", line 10, in to_silver
    for file in os.listdir(INPUT_DIR):
                ^^^^^^^^^^^^^^^^^^^^^
FileNotFoundError: [Errno 2] No such file or directory: '/mnt/c/Users/Caio Mesquita/Desktop/Data sc/Des_5/RID-156732_Desafio08/camadas/Bronze'
[2025-02-26T01:26:34.988+0000] {processor.py:842} WARNING - No viable dags retrieved from /opt/airflow/dags/Dag_des_5.py
[2025-02-26T01:26:35.013+0000] {processor.py:183} INFO - Processing /opt/airflow/dags/Dag_des_5.py took 2.459 seconds
[2025-02-26T01:27:05.235+0000] {processor.py:161} INFO - Started process (PID=983) to work on /opt/airflow/dags/Dag_des_5.py
[2025-02-26T01:27:05.236+0000] {processor.py:830} INFO - Processing file /opt/airflow/dags/Dag_des_5.py for tasks to queue
[2025-02-26T01:27:05.238+0000] {logging_mixin.py:188} INFO - [2025-02-26T01:27:05.238+0000] {dagbag.py:540} INFO - Filling up the DagBag from /opt/airflow/dags/Dag_des_5.py
[2025-02-26T01:27:05.859+0000] {logging_mixin.py:188} INFO - [2025-02-26T01:27:05.851+0000] {dagbag.py:350} ERROR - Failed to import: /opt/airflow/dags/Dag_des_5.py
Traceback (most recent call last):
  File "/home/airflow/.local/lib/python3.12/site-packages/airflow/models/dagbag.py", line 346, in parse
    loader.exec_module(new_module)
  File "<frozen importlib._bootstrap_external>", line 995, in exec_module
  File "<frozen importlib._bootstrap>", line 488, in _call_with_frames_removed
  File "/opt/airflow/dags/Dag_des_5.py", line 7, in <module>
    from app.process_to_silver import to_silver
  File "/opt/airflow/dags/app/process_to_silver.py", line 22, in <module>
    to_silver()
  File "/opt/airflow/dags/app/process_to_silver.py", line 10, in to_silver
    for file in os.listdir(INPUT_DIR):
                ^^^^^^^^^^^^^^^^^^^^^
FileNotFoundError: [Errno 2] No such file or directory: '/mnt/c/Users/Caio Mesquita/Desktop/Data sc/Des_5/RID-156732_Desafio08/camadas/Bronze'
[2025-02-26T01:27:05.861+0000] {processor.py:842} WARNING - No viable dags retrieved from /opt/airflow/dags/Dag_des_5.py
[2025-02-26T01:27:05.878+0000] {processor.py:183} INFO - Processing /opt/airflow/dags/Dag_des_5.py took 0.651 seconds
[2025-02-26T01:27:36.425+0000] {processor.py:161} INFO - Started process (PID=1043) to work on /opt/airflow/dags/Dag_des_5.py
[2025-02-26T01:27:36.428+0000] {processor.py:830} INFO - Processing file /opt/airflow/dags/Dag_des_5.py for tasks to queue
[2025-02-26T01:27:36.435+0000] {logging_mixin.py:188} INFO - [2025-02-26T01:27:36.433+0000] {dagbag.py:540} INFO - Filling up the DagBag from /opt/airflow/dags/Dag_des_5.py
[2025-02-26T01:27:38.190+0000] {logging_mixin.py:188} INFO - [2025-02-26T01:27:38.170+0000] {dagbag.py:350} ERROR - Failed to import: /opt/airflow/dags/Dag_des_5.py
Traceback (most recent call last):
  File "/home/airflow/.local/lib/python3.12/site-packages/airflow/models/dagbag.py", line 346, in parse
    loader.exec_module(new_module)
  File "<frozen importlib._bootstrap_external>", line 995, in exec_module
  File "<frozen importlib._bootstrap>", line 488, in _call_with_frames_removed
  File "/opt/airflow/dags/Dag_des_5.py", line 7, in <module>
    from app.process_to_silver import to_silver
  File "/opt/airflow/dags/app/process_to_silver.py", line 22, in <module>
    to_silver()
  File "/opt/airflow/dags/app/process_to_silver.py", line 10, in to_silver
    for file in os.listdir(INPUT_DIR):
                ^^^^^^^^^^^^^^^^^^^^^
FileNotFoundError: [Errno 2] No such file or directory: '/mnt/c/Users/Caio Mesquita/Desktop/Data sc/Des_5/RID-156732_Desafio08/camadas/Bronze'
[2025-02-26T01:27:38.194+0000] {processor.py:842} WARNING - No viable dags retrieved from /opt/airflow/dags/Dag_des_5.py
[2025-02-26T01:27:38.336+0000] {processor.py:183} INFO - Processing /opt/airflow/dags/Dag_des_5.py took 1.936 seconds
[2025-02-26T01:28:09.280+0000] {processor.py:161} INFO - Started process (PID=1105) to work on /opt/airflow/dags/Dag_des_5.py
[2025-02-26T01:28:09.282+0000] {processor.py:830} INFO - Processing file /opt/airflow/dags/Dag_des_5.py for tasks to queue
[2025-02-26T01:28:09.284+0000] {logging_mixin.py:188} INFO - [2025-02-26T01:28:09.284+0000] {dagbag.py:540} INFO - Filling up the DagBag from /opt/airflow/dags/Dag_des_5.py
[2025-02-26T01:28:09.784+0000] {logging_mixin.py:188} INFO - [2025-02-26T01:28:09.776+0000] {dagbag.py:350} ERROR - Failed to import: /opt/airflow/dags/Dag_des_5.py
Traceback (most recent call last):
  File "/home/airflow/.local/lib/python3.12/site-packages/airflow/models/dagbag.py", line 346, in parse
    loader.exec_module(new_module)
  File "<frozen importlib._bootstrap_external>", line 995, in exec_module
  File "<frozen importlib._bootstrap>", line 488, in _call_with_frames_removed
  File "/opt/airflow/dags/Dag_des_5.py", line 7, in <module>
    from app.process_to_silver import to_silver
  File "/opt/airflow/dags/app/process_to_silver.py", line 22, in <module>
    to_silver()
  File "/opt/airflow/dags/app/process_to_silver.py", line 10, in to_silver
    for file in os.listdir(INPUT_DIR):
                ^^^^^^^^^^^^^^^^^^^^^
FileNotFoundError: [Errno 2] No such file or directory: '/mnt/c/Users/Caio Mesquita/Desktop/Data sc/Des_5/RID-156732_Desafio08/camadas/Bronze'
[2025-02-26T01:28:09.786+0000] {processor.py:842} WARNING - No viable dags retrieved from /opt/airflow/dags/Dag_des_5.py
[2025-02-26T01:28:09.801+0000] {processor.py:183} INFO - Processing /opt/airflow/dags/Dag_des_5.py took 0.526 seconds
[2025-02-26T01:28:40.237+0000] {processor.py:161} INFO - Started process (PID=1165) to work on /opt/airflow/dags/Dag_des_5.py
[2025-02-26T01:28:40.238+0000] {processor.py:830} INFO - Processing file /opt/airflow/dags/Dag_des_5.py for tasks to queue
[2025-02-26T01:28:40.240+0000] {logging_mixin.py:188} INFO - [2025-02-26T01:28:40.240+0000] {dagbag.py:540} INFO - Filling up the DagBag from /opt/airflow/dags/Dag_des_5.py
[2025-02-26T01:28:40.725+0000] {logging_mixin.py:188} INFO - [2025-02-26T01:28:40.718+0000] {dagbag.py:350} ERROR - Failed to import: /opt/airflow/dags/Dag_des_5.py
Traceback (most recent call last):
  File "/home/airflow/.local/lib/python3.12/site-packages/airflow/models/dagbag.py", line 346, in parse
    loader.exec_module(new_module)
  File "<frozen importlib._bootstrap_external>", line 995, in exec_module
  File "<frozen importlib._bootstrap>", line 488, in _call_with_frames_removed
  File "/opt/airflow/dags/Dag_des_5.py", line 7, in <module>
    from app.process_to_silver import to_silver
  File "/opt/airflow/dags/app/process_to_silver.py", line 22, in <module>
    to_silver()
  File "/opt/airflow/dags/app/process_to_silver.py", line 10, in to_silver
    for file in os.listdir(INPUT_DIR):
                ^^^^^^^^^^^^^^^^^^^^^
FileNotFoundError: [Errno 2] No such file or directory: '/mnt/c/Users/Caio Mesquita/Desktop/Data sc/Des_5/RID-156732_Desafio08/camadas/Bronze'
[2025-02-26T01:28:40.727+0000] {processor.py:842} WARNING - No viable dags retrieved from /opt/airflow/dags/Dag_des_5.py
[2025-02-26T01:28:40.741+0000] {processor.py:183} INFO - Processing /opt/airflow/dags/Dag_des_5.py took 0.511 seconds
[2025-02-26T01:29:10.916+0000] {processor.py:161} INFO - Started process (PID=1226) to work on /opt/airflow/dags/Dag_des_5.py
[2025-02-26T01:29:10.917+0000] {processor.py:830} INFO - Processing file /opt/airflow/dags/Dag_des_5.py for tasks to queue
[2025-02-26T01:29:10.919+0000] {logging_mixin.py:188} INFO - [2025-02-26T01:29:10.919+0000] {dagbag.py:540} INFO - Filling up the DagBag from /opt/airflow/dags/Dag_des_5.py
[2025-02-26T01:29:11.329+0000] {logging_mixin.py:188} INFO - [2025-02-26T01:29:11.314+0000] {dagbag.py:350} ERROR - Failed to import: /opt/airflow/dags/Dag_des_5.py
Traceback (most recent call last):
  File "/home/airflow/.local/lib/python3.12/site-packages/airflow/models/dagbag.py", line 346, in parse
    loader.exec_module(new_module)
  File "<frozen importlib._bootstrap_external>", line 995, in exec_module
  File "<frozen importlib._bootstrap>", line 488, in _call_with_frames_removed
  File "/opt/airflow/dags/Dag_des_5.py", line 7, in <module>
    from app.process_to_silver import to_silver
  File "/opt/airflow/dags/app/process_to_silver.py", line 22, in <module>
    to_silver()
  File "/opt/airflow/dags/app/process_to_silver.py", line 10, in to_silver
    for file in os.listdir(INPUT_DIR):
                ^^^^^^^^^^^^^^^^^^^^^
FileNotFoundError: [Errno 2] No such file or directory: '/mnt/c/Users/Caio Mesquita/Desktop/Data sc/Des_5/RID-156732_Desafio08/camadas/Bronze'
[2025-02-26T01:29:11.333+0000] {processor.py:842} WARNING - No viable dags retrieved from /opt/airflow/dags/Dag_des_5.py
[2025-02-26T01:29:11.358+0000] {processor.py:183} INFO - Processing /opt/airflow/dags/Dag_des_5.py took 0.451 seconds
[2025-02-26T01:29:42.128+0000] {processor.py:161} INFO - Started process (PID=1286) to work on /opt/airflow/dags/Dag_des_5.py
[2025-02-26T01:29:42.129+0000] {processor.py:830} INFO - Processing file /opt/airflow/dags/Dag_des_5.py for tasks to queue
[2025-02-26T01:29:42.133+0000] {logging_mixin.py:188} INFO - [2025-02-26T01:29:42.132+0000] {dagbag.py:540} INFO - Filling up the DagBag from /opt/airflow/dags/Dag_des_5.py
[2025-02-26T01:29:42.480+0000] {logging_mixin.py:188} INFO - [2025-02-26T01:29:42.471+0000] {dagbag.py:350} ERROR - Failed to import: /opt/airflow/dags/Dag_des_5.py
Traceback (most recent call last):
  File "/home/airflow/.local/lib/python3.12/site-packages/airflow/models/dagbag.py", line 346, in parse
    loader.exec_module(new_module)
  File "<frozen importlib._bootstrap_external>", line 995, in exec_module
  File "<frozen importlib._bootstrap>", line 488, in _call_with_frames_removed
  File "/opt/airflow/dags/Dag_des_5.py", line 6, in <module>
    from app.upload_bronze import upload_bronze
  File "/opt/airflow/dags/app/upload_bronze.py", line 14, in <module>
    upload_bronze()
  File "/opt/airflow/dags/app/upload_bronze.py", line 8, in upload_bronze
    for file in os.listdir(INPUT_DIR):
                ^^^^^^^^^^^^^^^^^^^^^
FileNotFoundError: [Errno 2] No such file or directory: '/mnt/c/Users/Caio Mesquita/Desktop/Data sc/Des_5/RID-156732_Desafio08/Dados'
[2025-02-26T01:29:42.482+0000] {processor.py:842} WARNING - No viable dags retrieved from /opt/airflow/dags/Dag_des_5.py
[2025-02-26T01:29:42.502+0000] {processor.py:183} INFO - Processing /opt/airflow/dags/Dag_des_5.py took 0.382 seconds
[2025-02-26T01:30:12.604+0000] {processor.py:161} INFO - Started process (PID=1347) to work on /opt/airflow/dags/Dag_des_5.py
[2025-02-26T01:30:12.605+0000] {processor.py:830} INFO - Processing file /opt/airflow/dags/Dag_des_5.py for tasks to queue
[2025-02-26T01:30:12.607+0000] {logging_mixin.py:188} INFO - [2025-02-26T01:30:12.607+0000] {dagbag.py:540} INFO - Filling up the DagBag from /opt/airflow/dags/Dag_des_5.py
[2025-02-26T01:30:12.976+0000] {processor.py:840} INFO - DAG(s) 'upload_bronze' retrieved from /opt/airflow/dags/Dag_des_5.py
[2025-02-26T01:30:13.081+0000] {logging_mixin.py:188} INFO - [2025-02-26T01:30:13.081+0000] {dag.py:3096} INFO - Sync 1 DAGs
[2025-02-26T01:30:13.101+0000] {logging_mixin.py:188} INFO - [2025-02-26T01:30:13.101+0000] {dag.py:3954} INFO - Setting next_dagrun for upload_bronze to 2025-02-25 00:00:00+00:00, run_after=2025-02-26 00:00:00+00:00
[2025-02-26T01:30:13.126+0000] {processor.py:183} INFO - Processing /opt/airflow/dags/Dag_des_5.py took 0.530 seconds
[2025-02-26T01:30:43.785+0000] {processor.py:161} INFO - Started process (PID=1412) to work on /opt/airflow/dags/Dag_des_5.py
[2025-02-26T01:30:43.787+0000] {processor.py:830} INFO - Processing file /opt/airflow/dags/Dag_des_5.py for tasks to queue
[2025-02-26T01:30:43.789+0000] {logging_mixin.py:188} INFO - [2025-02-26T01:30:43.788+0000] {dagbag.py:540} INFO - Filling up the DagBag from /opt/airflow/dags/Dag_des_5.py
[2025-02-26T01:30:44.190+0000] {processor.py:840} INFO - DAG(s) 'upload_bronze' retrieved from /opt/airflow/dags/Dag_des_5.py
[2025-02-26T01:30:44.212+0000] {logging_mixin.py:188} INFO - [2025-02-26T01:30:44.211+0000] {dag.py:3096} INFO - Sync 1 DAGs
[2025-02-26T01:30:44.237+0000] {logging_mixin.py:188} INFO - [2025-02-26T01:30:44.236+0000] {dag.py:3954} INFO - Setting next_dagrun for upload_bronze to 2025-02-26 00:00:00+00:00, run_after=2025-02-27 00:00:00+00:00
[2025-02-26T01:30:44.259+0000] {processor.py:183} INFO - Processing /opt/airflow/dags/Dag_des_5.py took 0.483 seconds
[2025-02-26T01:31:14.349+0000] {processor.py:161} INFO - Started process (PID=1473) to work on /opt/airflow/dags/Dag_des_5.py
[2025-02-26T01:31:14.350+0000] {processor.py:830} INFO - Processing file /opt/airflow/dags/Dag_des_5.py for tasks to queue
[2025-02-26T01:31:14.353+0000] {logging_mixin.py:188} INFO - [2025-02-26T01:31:14.353+0000] {dagbag.py:540} INFO - Filling up the DagBag from /opt/airflow/dags/Dag_des_5.py
[2025-02-26T01:31:14.715+0000] {processor.py:840} INFO - DAG(s) 'upload_bronze' retrieved from /opt/airflow/dags/Dag_des_5.py
[2025-02-26T01:31:14.734+0000] {logging_mixin.py:188} INFO - [2025-02-26T01:31:14.733+0000] {dag.py:3096} INFO - Sync 1 DAGs
[2025-02-26T01:31:14.754+0000] {logging_mixin.py:188} INFO - [2025-02-26T01:31:14.754+0000] {dag.py:3954} INFO - Setting next_dagrun for upload_bronze to 2025-02-26 00:00:00+00:00, run_after=2025-02-27 00:00:00+00:00
[2025-02-26T01:31:14.774+0000] {processor.py:183} INFO - Processing /opt/airflow/dags/Dag_des_5.py took 0.432 seconds
[2025-02-26T01:31:44.879+0000] {processor.py:161} INFO - Started process (PID=1533) to work on /opt/airflow/dags/Dag_des_5.py
[2025-02-26T01:31:44.881+0000] {processor.py:830} INFO - Processing file /opt/airflow/dags/Dag_des_5.py for tasks to queue
[2025-02-26T01:31:44.883+0000] {logging_mixin.py:188} INFO - [2025-02-26T01:31:44.883+0000] {dagbag.py:540} INFO - Filling up the DagBag from /opt/airflow/dags/Dag_des_5.py
[2025-02-26T01:31:45.285+0000] {processor.py:840} INFO - DAG(s) 'upload_bronze' retrieved from /opt/airflow/dags/Dag_des_5.py
[2025-02-26T01:31:45.320+0000] {logging_mixin.py:188} INFO - [2025-02-26T01:31:45.319+0000] {dag.py:3096} INFO - Sync 1 DAGs
[2025-02-26T01:31:45.349+0000] {logging_mixin.py:188} INFO - [2025-02-26T01:31:45.349+0000] {dag.py:3954} INFO - Setting next_dagrun for upload_bronze to 2025-02-26 00:00:00+00:00, run_after=2025-02-27 00:00:00+00:00
[2025-02-26T01:31:45.370+0000] {processor.py:183} INFO - Processing /opt/airflow/dags/Dag_des_5.py took 0.498 seconds
[2025-02-26T01:32:15.710+0000] {processor.py:161} INFO - Started process (PID=1592) to work on /opt/airflow/dags/Dag_des_5.py
[2025-02-26T01:32:15.727+0000] {processor.py:830} INFO - Processing file /opt/airflow/dags/Dag_des_5.py for tasks to queue
[2025-02-26T01:32:15.733+0000] {logging_mixin.py:188} INFO - [2025-02-26T01:32:15.732+0000] {dagbag.py:540} INFO - Filling up the DagBag from /opt/airflow/dags/Dag_des_5.py
[2025-02-26T01:32:16.261+0000] {processor.py:840} INFO - DAG(s) 'upload_bronze' retrieved from /opt/airflow/dags/Dag_des_5.py
[2025-02-26T01:32:16.281+0000] {logging_mixin.py:188} INFO - [2025-02-26T01:32:16.281+0000] {dag.py:3096} INFO - Sync 1 DAGs
[2025-02-26T01:32:16.309+0000] {logging_mixin.py:188} INFO - [2025-02-26T01:32:16.308+0000] {dag.py:3954} INFO - Setting next_dagrun for upload_bronze to 2025-02-26 00:00:00+00:00, run_after=2025-02-27 00:00:00+00:00
[2025-02-26T01:32:16.333+0000] {processor.py:183} INFO - Processing /opt/airflow/dags/Dag_des_5.py took 0.637 seconds
[2025-02-26T01:32:46.511+0000] {processor.py:161} INFO - Started process (PID=1660) to work on /opt/airflow/dags/Dag_des_5.py
[2025-02-26T01:32:46.514+0000] {processor.py:830} INFO - Processing file /opt/airflow/dags/Dag_des_5.py for tasks to queue
[2025-02-26T01:32:46.522+0000] {logging_mixin.py:188} INFO - [2025-02-26T01:32:46.521+0000] {dagbag.py:540} INFO - Filling up the DagBag from /opt/airflow/dags/Dag_des_5.py
[2025-02-26T01:32:47.551+0000] {processor.py:840} INFO - DAG(s) 'upload_bronze' retrieved from /opt/airflow/dags/Dag_des_5.py
[2025-02-26T01:32:47.600+0000] {logging_mixin.py:188} INFO - [2025-02-26T01:32:47.599+0000] {dag.py:3096} INFO - Sync 1 DAGs
[2025-02-26T01:32:47.649+0000] {logging_mixin.py:188} INFO - [2025-02-26T01:32:47.649+0000] {dag.py:3954} INFO - Setting next_dagrun for upload_bronze to 2025-02-26 00:00:00+00:00, run_after=2025-02-27 00:00:00+00:00
[2025-02-26T01:32:47.752+0000] {processor.py:183} INFO - Processing /opt/airflow/dags/Dag_des_5.py took 1.260 seconds
[2025-02-26T01:33:18.531+0000] {processor.py:161} INFO - Started process (PID=1720) to work on /opt/airflow/dags/Dag_des_5.py
[2025-02-26T01:33:18.533+0000] {processor.py:830} INFO - Processing file /opt/airflow/dags/Dag_des_5.py for tasks to queue
[2025-02-26T01:33:18.536+0000] {logging_mixin.py:188} INFO - [2025-02-26T01:33:18.536+0000] {dagbag.py:540} INFO - Filling up the DagBag from /opt/airflow/dags/Dag_des_5.py
[2025-02-26T01:33:18.885+0000] {processor.py:840} INFO - DAG(s) 'upload_bronze' retrieved from /opt/airflow/dags/Dag_des_5.py
[2025-02-26T01:33:18.905+0000] {logging_mixin.py:188} INFO - [2025-02-26T01:33:18.905+0000] {dag.py:3096} INFO - Sync 1 DAGs
[2025-02-26T01:33:18.925+0000] {logging_mixin.py:188} INFO - [2025-02-26T01:33:18.925+0000] {dag.py:3954} INFO - Setting next_dagrun for upload_bronze to 2025-02-26 00:00:00+00:00, run_after=2025-02-27 00:00:00+00:00
[2025-02-26T01:33:20.656+0000] {processor.py:183} INFO - Processing /opt/airflow/dags/Dag_des_5.py took 2.138 seconds
[2025-02-26T01:33:51.549+0000] {processor.py:161} INFO - Started process (PID=1780) to work on /opt/airflow/dags/Dag_des_5.py
[2025-02-26T01:33:51.550+0000] {processor.py:830} INFO - Processing file /opt/airflow/dags/Dag_des_5.py for tasks to queue
[2025-02-26T01:33:51.552+0000] {logging_mixin.py:188} INFO - [2025-02-26T01:33:51.552+0000] {dagbag.py:540} INFO - Filling up the DagBag from /opt/airflow/dags/Dag_des_5.py
[2025-02-26T01:33:51.899+0000] {processor.py:840} INFO - DAG(s) 'upload_bronze' retrieved from /opt/airflow/dags/Dag_des_5.py
[2025-02-26T01:33:51.918+0000] {logging_mixin.py:188} INFO - [2025-02-26T01:33:51.918+0000] {dag.py:3096} INFO - Sync 1 DAGs
[2025-02-26T01:33:51.941+0000] {logging_mixin.py:188} INFO - [2025-02-26T01:33:51.940+0000] {dag.py:3954} INFO - Setting next_dagrun for upload_bronze to 2025-02-26 00:00:00+00:00, run_after=2025-02-27 00:00:00+00:00
[2025-02-26T01:33:51.958+0000] {processor.py:183} INFO - Processing /opt/airflow/dags/Dag_des_5.py took 0.417 seconds
[2025-02-26T01:34:22.952+0000] {processor.py:161} INFO - Started process (PID=1840) to work on /opt/airflow/dags/Dag_des_5.py
[2025-02-26T01:34:22.954+0000] {processor.py:830} INFO - Processing file /opt/airflow/dags/Dag_des_5.py for tasks to queue
[2025-02-26T01:34:22.956+0000] {logging_mixin.py:188} INFO - [2025-02-26T01:34:22.956+0000] {dagbag.py:540} INFO - Filling up the DagBag from /opt/airflow/dags/Dag_des_5.py
[2025-02-26T01:34:23.280+0000] {processor.py:840} INFO - DAG(s) 'upload_bronze' retrieved from /opt/airflow/dags/Dag_des_5.py
[2025-02-26T01:34:23.298+0000] {logging_mixin.py:188} INFO - [2025-02-26T01:34:23.298+0000] {dag.py:3096} INFO - Sync 1 DAGs
[2025-02-26T01:34:23.319+0000] {logging_mixin.py:188} INFO - [2025-02-26T01:34:23.318+0000] {dag.py:3954} INFO - Setting next_dagrun for upload_bronze to 2025-02-26 00:00:00+00:00, run_after=2025-02-27 00:00:00+00:00
[2025-02-26T01:34:23.337+0000] {processor.py:183} INFO - Processing /opt/airflow/dags/Dag_des_5.py took 0.391 seconds
[2025-02-26T01:34:53.397+0000] {processor.py:161} INFO - Started process (PID=1900) to work on /opt/airflow/dags/Dag_des_5.py
[2025-02-26T01:34:53.398+0000] {processor.py:830} INFO - Processing file /opt/airflow/dags/Dag_des_5.py for tasks to queue
[2025-02-26T01:34:53.401+0000] {logging_mixin.py:188} INFO - [2025-02-26T01:34:53.400+0000] {dagbag.py:540} INFO - Filling up the DagBag from /opt/airflow/dags/Dag_des_5.py
[2025-02-26T01:34:53.752+0000] {processor.py:840} INFO - DAG(s) 'upload_bronze' retrieved from /opt/airflow/dags/Dag_des_5.py
[2025-02-26T01:34:53.774+0000] {logging_mixin.py:188} INFO - [2025-02-26T01:34:53.774+0000] {dag.py:3096} INFO - Sync 1 DAGs
[2025-02-26T01:34:53.796+0000] {logging_mixin.py:188} INFO - [2025-02-26T01:34:53.796+0000] {dag.py:3954} INFO - Setting next_dagrun for upload_bronze to 2025-02-26 00:00:00+00:00, run_after=2025-02-27 00:00:00+00:00
[2025-02-26T01:34:53.832+0000] {processor.py:183} INFO - Processing /opt/airflow/dags/Dag_des_5.py took 0.442 seconds
[2025-02-26T01:35:24.684+0000] {processor.py:161} INFO - Started process (PID=1960) to work on /opt/airflow/dags/Dag_des_5.py
[2025-02-26T01:35:24.685+0000] {processor.py:830} INFO - Processing file /opt/airflow/dags/Dag_des_5.py for tasks to queue
[2025-02-26T01:35:24.689+0000] {logging_mixin.py:188} INFO - [2025-02-26T01:35:24.689+0000] {dagbag.py:540} INFO - Filling up the DagBag from /opt/airflow/dags/Dag_des_5.py
[2025-02-26T01:35:25.189+0000] {processor.py:840} INFO - DAG(s) 'upload_bronze' retrieved from /opt/airflow/dags/Dag_des_5.py
[2025-02-26T01:35:25.227+0000] {logging_mixin.py:188} INFO - [2025-02-26T01:35:25.227+0000] {dag.py:3096} INFO - Sync 1 DAGs
[2025-02-26T01:35:25.254+0000] {logging_mixin.py:188} INFO - [2025-02-26T01:35:25.254+0000] {dag.py:3954} INFO - Setting next_dagrun for upload_bronze to 2025-02-26 00:00:00+00:00, run_after=2025-02-27 00:00:00+00:00
[2025-02-26T01:35:25.284+0000] {processor.py:183} INFO - Processing /opt/airflow/dags/Dag_des_5.py took 0.608 seconds
[2025-02-26T01:35:55.874+0000] {processor.py:161} INFO - Started process (PID=2020) to work on /opt/airflow/dags/Dag_des_5.py
[2025-02-26T01:35:55.876+0000] {processor.py:830} INFO - Processing file /opt/airflow/dags/Dag_des_5.py for tasks to queue
[2025-02-26T01:35:55.879+0000] {logging_mixin.py:188} INFO - [2025-02-26T01:35:55.879+0000] {dagbag.py:540} INFO - Filling up the DagBag from /opt/airflow/dags/Dag_des_5.py
[2025-02-26T01:35:56.242+0000] {processor.py:840} INFO - DAG(s) 'upload_bronze' retrieved from /opt/airflow/dags/Dag_des_5.py
[2025-02-26T01:35:56.262+0000] {logging_mixin.py:188} INFO - [2025-02-26T01:35:56.262+0000] {dag.py:3096} INFO - Sync 1 DAGs
[2025-02-26T01:35:56.283+0000] {logging_mixin.py:188} INFO - [2025-02-26T01:35:56.282+0000] {dag.py:3954} INFO - Setting next_dagrun for upload_bronze to 2025-02-26 00:00:00+00:00, run_after=2025-02-27 00:00:00+00:00
[2025-02-26T01:35:56.303+0000] {processor.py:183} INFO - Processing /opt/airflow/dags/Dag_des_5.py took 0.435 seconds
[2025-02-26T01:36:26.428+0000] {processor.py:161} INFO - Started process (PID=2080) to work on /opt/airflow/dags/Dag_des_5.py
[2025-02-26T01:36:26.430+0000] {processor.py:830} INFO - Processing file /opt/airflow/dags/Dag_des_5.py for tasks to queue
[2025-02-26T01:36:26.436+0000] {logging_mixin.py:188} INFO - [2025-02-26T01:36:26.436+0000] {dagbag.py:540} INFO - Filling up the DagBag from /opt/airflow/dags/Dag_des_5.py
[2025-02-26T01:36:26.963+0000] {processor.py:840} INFO - DAG(s) 'upload_bronze' retrieved from /opt/airflow/dags/Dag_des_5.py
[2025-02-26T01:36:26.984+0000] {logging_mixin.py:188} INFO - [2025-02-26T01:36:26.984+0000] {dag.py:3096} INFO - Sync 1 DAGs
[2025-02-26T01:36:27.011+0000] {logging_mixin.py:188} INFO - [2025-02-26T01:36:27.010+0000] {dag.py:3954} INFO - Setting next_dagrun for upload_bronze to 2025-02-26 00:00:00+00:00, run_after=2025-02-27 00:00:00+00:00
[2025-02-26T01:36:27.034+0000] {processor.py:183} INFO - Processing /opt/airflow/dags/Dag_des_5.py took 0.617 seconds
[2025-02-26T01:36:57.205+0000] {processor.py:161} INFO - Started process (PID=2140) to work on /opt/airflow/dags/Dag_des_5.py
[2025-02-26T01:36:57.206+0000] {processor.py:830} INFO - Processing file /opt/airflow/dags/Dag_des_5.py for tasks to queue
[2025-02-26T01:36:57.209+0000] {logging_mixin.py:188} INFO - [2025-02-26T01:36:57.209+0000] {dagbag.py:540} INFO - Filling up the DagBag from /opt/airflow/dags/Dag_des_5.py
[2025-02-26T01:36:57.575+0000] {processor.py:840} INFO - DAG(s) 'upload_bronze' retrieved from /opt/airflow/dags/Dag_des_5.py
[2025-02-26T01:36:57.595+0000] {logging_mixin.py:188} INFO - [2025-02-26T01:36:57.595+0000] {dag.py:3096} INFO - Sync 1 DAGs
[2025-02-26T01:36:57.618+0000] {logging_mixin.py:188} INFO - [2025-02-26T01:36:57.617+0000] {dag.py:3954} INFO - Setting next_dagrun for upload_bronze to 2025-02-26 00:00:00+00:00, run_after=2025-02-27 00:00:00+00:00
[2025-02-26T01:36:57.887+0000] {processor.py:183} INFO - Processing /opt/airflow/dags/Dag_des_5.py took 0.689 seconds
[2025-02-26T01:37:28.079+0000] {processor.py:161} INFO - Started process (PID=2200) to work on /opt/airflow/dags/Dag_des_5.py
[2025-02-26T01:37:28.080+0000] {processor.py:830} INFO - Processing file /opt/airflow/dags/Dag_des_5.py for tasks to queue
[2025-02-26T01:37:28.083+0000] {logging_mixin.py:188} INFO - [2025-02-26T01:37:28.083+0000] {dagbag.py:540} INFO - Filling up the DagBag from /opt/airflow/dags/Dag_des_5.py
[2025-02-26T01:37:28.447+0000] {processor.py:840} INFO - DAG(s) 'upload_bronze' retrieved from /opt/airflow/dags/Dag_des_5.py
[2025-02-26T01:37:28.472+0000] {logging_mixin.py:188} INFO - [2025-02-26T01:37:28.472+0000] {dag.py:3096} INFO - Sync 1 DAGs
[2025-02-26T01:37:28.494+0000] {logging_mixin.py:188} INFO - [2025-02-26T01:37:28.494+0000] {dag.py:3954} INFO - Setting next_dagrun for upload_bronze to 2025-02-26 00:00:00+00:00, run_after=2025-02-27 00:00:00+00:00
[2025-02-26T01:37:28.518+0000] {processor.py:183} INFO - Processing /opt/airflow/dags/Dag_des_5.py took 0.446 seconds
[2025-02-26T01:37:59.476+0000] {processor.py:161} INFO - Started process (PID=2260) to work on /opt/airflow/dags/Dag_des_5.py
[2025-02-26T01:37:59.478+0000] {processor.py:830} INFO - Processing file /opt/airflow/dags/Dag_des_5.py for tasks to queue
[2025-02-26T01:37:59.480+0000] {logging_mixin.py:188} INFO - [2025-02-26T01:37:59.480+0000] {dagbag.py:540} INFO - Filling up the DagBag from /opt/airflow/dags/Dag_des_5.py
[2025-02-26T01:37:59.890+0000] {processor.py:840} INFO - DAG(s) 'upload_bronze' retrieved from /opt/airflow/dags/Dag_des_5.py
[2025-02-26T01:37:59.910+0000] {logging_mixin.py:188} INFO - [2025-02-26T01:37:59.910+0000] {dag.py:3096} INFO - Sync 1 DAGs
[2025-02-26T01:37:59.932+0000] {logging_mixin.py:188} INFO - [2025-02-26T01:37:59.931+0000] {dag.py:3954} INFO - Setting next_dagrun for upload_bronze to 2025-02-26 00:00:00+00:00, run_after=2025-02-27 00:00:00+00:00
[2025-02-26T01:37:59.954+0000] {processor.py:183} INFO - Processing /opt/airflow/dags/Dag_des_5.py took 0.486 seconds
[2025-02-26T01:38:30.810+0000] {processor.py:161} INFO - Started process (PID=2320) to work on /opt/airflow/dags/Dag_des_5.py
[2025-02-26T01:38:30.812+0000] {processor.py:830} INFO - Processing file /opt/airflow/dags/Dag_des_5.py for tasks to queue
[2025-02-26T01:38:30.814+0000] {logging_mixin.py:188} INFO - [2025-02-26T01:38:30.814+0000] {dagbag.py:540} INFO - Filling up the DagBag from /opt/airflow/dags/Dag_des_5.py
[2025-02-26T01:38:31.189+0000] {processor.py:840} INFO - DAG(s) 'upload_bronze' retrieved from /opt/airflow/dags/Dag_des_5.py
[2025-02-26T01:38:31.225+0000] {logging_mixin.py:188} INFO - [2025-02-26T01:38:31.225+0000] {dag.py:3096} INFO - Sync 1 DAGs
[2025-02-26T01:38:31.256+0000] {logging_mixin.py:188} INFO - [2025-02-26T01:38:31.256+0000] {dag.py:3954} INFO - Setting next_dagrun for upload_bronze to 2025-02-26 00:00:00+00:00, run_after=2025-02-27 00:00:00+00:00
[2025-02-26T01:38:31.278+0000] {processor.py:183} INFO - Processing /opt/airflow/dags/Dag_des_5.py took 0.476 seconds
[2025-02-26T01:39:01.528+0000] {processor.py:161} INFO - Started process (PID=2380) to work on /opt/airflow/dags/Dag_des_5.py
[2025-02-26T01:39:01.529+0000] {processor.py:830} INFO - Processing file /opt/airflow/dags/Dag_des_5.py for tasks to queue
[2025-02-26T01:39:01.532+0000] {logging_mixin.py:188} INFO - [2025-02-26T01:39:01.531+0000] {dagbag.py:540} INFO - Filling up the DagBag from /opt/airflow/dags/Dag_des_5.py
[2025-02-26T01:39:01.900+0000] {processor.py:840} INFO - DAG(s) 'upload_bronze' retrieved from /opt/airflow/dags/Dag_des_5.py
[2025-02-26T01:39:01.922+0000] {logging_mixin.py:188} INFO - [2025-02-26T01:39:01.922+0000] {dag.py:3096} INFO - Sync 1 DAGs
[2025-02-26T01:39:01.944+0000] {logging_mixin.py:188} INFO - [2025-02-26T01:39:01.944+0000] {dag.py:3954} INFO - Setting next_dagrun for upload_bronze to 2025-02-26 00:00:00+00:00, run_after=2025-02-27 00:00:00+00:00
[2025-02-26T01:39:01.966+0000] {processor.py:183} INFO - Processing /opt/airflow/dags/Dag_des_5.py took 0.444 seconds
[2025-02-26T01:39:32.074+0000] {processor.py:161} INFO - Started process (PID=2442) to work on /opt/airflow/dags/Dag_des_5.py
[2025-02-26T01:39:32.075+0000] {processor.py:830} INFO - Processing file /opt/airflow/dags/Dag_des_5.py for tasks to queue
[2025-02-26T01:39:32.077+0000] {logging_mixin.py:188} INFO - [2025-02-26T01:39:32.077+0000] {dagbag.py:540} INFO - Filling up the DagBag from /opt/airflow/dags/Dag_des_5.py
[2025-02-26T01:39:32.422+0000] {processor.py:840} INFO - DAG(s) 'upload_bronze' retrieved from /opt/airflow/dags/Dag_des_5.py
[2025-02-26T01:39:32.443+0000] {logging_mixin.py:188} INFO - [2025-02-26T01:39:32.443+0000] {dag.py:3096} INFO - Sync 1 DAGs
[2025-02-26T01:39:32.465+0000] {logging_mixin.py:188} INFO - [2025-02-26T01:39:32.465+0000] {dag.py:3954} INFO - Setting next_dagrun for upload_bronze to 2025-02-26 00:00:00+00:00, run_after=2025-02-27 00:00:00+00:00
[2025-02-26T01:39:32.486+0000] {processor.py:183} INFO - Processing /opt/airflow/dags/Dag_des_5.py took 0.420 seconds
[2025-02-26T01:40:02.628+0000] {processor.py:161} INFO - Started process (PID=2502) to work on /opt/airflow/dags/Dag_des_5.py
[2025-02-26T01:40:02.630+0000] {processor.py:830} INFO - Processing file /opt/airflow/dags/Dag_des_5.py for tasks to queue
[2025-02-26T01:40:02.632+0000] {logging_mixin.py:188} INFO - [2025-02-26T01:40:02.631+0000] {dagbag.py:540} INFO - Filling up the DagBag from /opt/airflow/dags/Dag_des_5.py
[2025-02-26T01:40:03.232+0000] {processor.py:840} INFO - DAG(s) 'upload_bronze' retrieved from /opt/airflow/dags/Dag_des_5.py
[2025-02-26T01:40:03.255+0000] {logging_mixin.py:188} INFO - [2025-02-26T01:40:03.255+0000] {dag.py:3096} INFO - Sync 1 DAGs
[2025-02-26T01:40:03.293+0000] {logging_mixin.py:188} INFO - [2025-02-26T01:40:03.293+0000] {dag.py:3954} INFO - Setting next_dagrun for upload_bronze to 2025-02-26 00:00:00+00:00, run_after=2025-02-27 00:00:00+00:00
[2025-02-26T01:40:03.315+0000] {processor.py:183} INFO - Processing /opt/airflow/dags/Dag_des_5.py took 0.695 seconds
[2025-02-26T01:40:35.160+0000] {processor.py:161} INFO - Started process (PID=2562) to work on /opt/airflow/dags/Dag_des_5.py
[2025-02-26T01:40:35.161+0000] {processor.py:830} INFO - Processing file /opt/airflow/dags/Dag_des_5.py for tasks to queue
[2025-02-26T01:40:35.163+0000] {logging_mixin.py:188} INFO - [2025-02-26T01:40:35.163+0000] {dagbag.py:540} INFO - Filling up the DagBag from /opt/airflow/dags/Dag_des_5.py
[2025-02-26T01:40:35.513+0000] {processor.py:840} INFO - DAG(s) 'upload_bronze' retrieved from /opt/airflow/dags/Dag_des_5.py
[2025-02-26T01:40:35.535+0000] {logging_mixin.py:188} INFO - [2025-02-26T01:40:35.534+0000] {dag.py:3096} INFO - Sync 1 DAGs
[2025-02-26T01:40:35.558+0000] {logging_mixin.py:188} INFO - [2025-02-26T01:40:35.558+0000] {dag.py:3954} INFO - Setting next_dagrun for upload_bronze to 2025-02-26 00:00:00+00:00, run_after=2025-02-27 00:00:00+00:00
[2025-02-26T01:40:38.384+0000] {processor.py:183} INFO - Processing /opt/airflow/dags/Dag_des_5.py took 3.231 seconds
[2025-02-26T01:41:08.528+0000] {processor.py:161} INFO - Started process (PID=2622) to work on /opt/airflow/dags/Dag_des_5.py
[2025-02-26T01:41:08.530+0000] {processor.py:830} INFO - Processing file /opt/airflow/dags/Dag_des_5.py for tasks to queue
[2025-02-26T01:41:08.533+0000] {logging_mixin.py:188} INFO - [2025-02-26T01:41:08.532+0000] {dagbag.py:540} INFO - Filling up the DagBag from /opt/airflow/dags/Dag_des_5.py
[2025-02-26T01:41:08.988+0000] {processor.py:840} INFO - DAG(s) 'upload_bronze' retrieved from /opt/airflow/dags/Dag_des_5.py
[2025-02-26T01:41:09.014+0000] {logging_mixin.py:188} INFO - [2025-02-26T01:41:09.013+0000] {dag.py:3096} INFO - Sync 1 DAGs
[2025-02-26T01:41:09.044+0000] {logging_mixin.py:188} INFO - [2025-02-26T01:41:09.044+0000] {dag.py:3954} INFO - Setting next_dagrun for upload_bronze to 2025-02-26 00:00:00+00:00, run_after=2025-02-27 00:00:00+00:00
[2025-02-26T01:41:09.072+0000] {processor.py:183} INFO - Processing /opt/airflow/dags/Dag_des_5.py took 0.553 seconds
[2025-02-26T01:41:39.447+0000] {processor.py:161} INFO - Started process (PID=2689) to work on /opt/airflow/dags/Dag_des_5.py
[2025-02-26T01:41:39.449+0000] {processor.py:830} INFO - Processing file /opt/airflow/dags/Dag_des_5.py for tasks to queue
[2025-02-26T01:41:39.451+0000] {logging_mixin.py:188} INFO - [2025-02-26T01:41:39.451+0000] {dagbag.py:540} INFO - Filling up the DagBag from /opt/airflow/dags/Dag_des_5.py
[2025-02-26T01:41:39.797+0000] {processor.py:840} INFO - DAG(s) 'upload_bronze' retrieved from /opt/airflow/dags/Dag_des_5.py
[2025-02-26T01:41:39.820+0000] {logging_mixin.py:188} INFO - [2025-02-26T01:41:39.819+0000] {dag.py:3096} INFO - Sync 1 DAGs
[2025-02-26T01:41:39.851+0000] {logging_mixin.py:188} INFO - [2025-02-26T01:41:39.851+0000] {dag.py:3954} INFO - Setting next_dagrun for upload_bronze to 2025-02-26 00:00:00+00:00, run_after=2025-02-27 00:00:00+00:00
[2025-02-26T01:41:39.876+0000] {processor.py:183} INFO - Processing /opt/airflow/dags/Dag_des_5.py took 0.436 seconds
[2025-02-26T01:42:10.439+0000] {processor.py:161} INFO - Started process (PID=2748) to work on /opt/airflow/dags/Dag_des_5.py
[2025-02-26T01:42:10.440+0000] {processor.py:830} INFO - Processing file /opt/airflow/dags/Dag_des_5.py for tasks to queue
[2025-02-26T01:42:10.443+0000] {logging_mixin.py:188} INFO - [2025-02-26T01:42:10.442+0000] {dagbag.py:540} INFO - Filling up the DagBag from /opt/airflow/dags/Dag_des_5.py
[2025-02-26T01:42:10.808+0000] {processor.py:840} INFO - DAG(s) 'upload_bronze' retrieved from /opt/airflow/dags/Dag_des_5.py
[2025-02-26T01:42:10.827+0000] {logging_mixin.py:188} INFO - [2025-02-26T01:42:10.827+0000] {dag.py:3096} INFO - Sync 1 DAGs
[2025-02-26T01:42:10.853+0000] {logging_mixin.py:188} INFO - [2025-02-26T01:42:10.852+0000] {dag.py:3954} INFO - Setting next_dagrun for upload_bronze to 2025-02-26 00:00:00+00:00, run_after=2025-02-27 00:00:00+00:00
[2025-02-26T01:42:10.880+0000] {processor.py:183} INFO - Processing /opt/airflow/dags/Dag_des_5.py took 0.448 seconds
[2025-02-26T01:42:41.720+0000] {processor.py:161} INFO - Started process (PID=2808) to work on /opt/airflow/dags/Dag_des_5.py
[2025-02-26T01:42:41.721+0000] {processor.py:830} INFO - Processing file /opt/airflow/dags/Dag_des_5.py for tasks to queue
[2025-02-26T01:42:41.724+0000] {logging_mixin.py:188} INFO - [2025-02-26T01:42:41.724+0000] {dagbag.py:540} INFO - Filling up the DagBag from /opt/airflow/dags/Dag_des_5.py
[2025-02-26T01:42:42.183+0000] {processor.py:840} INFO - DAG(s) 'upload_bronze' retrieved from /opt/airflow/dags/Dag_des_5.py
[2025-02-26T01:42:42.222+0000] {logging_mixin.py:188} INFO - [2025-02-26T01:42:42.221+0000] {dag.py:3096} INFO - Sync 1 DAGs
[2025-02-26T01:42:42.251+0000] {logging_mixin.py:188} INFO - [2025-02-26T01:42:42.250+0000] {dag.py:3954} INFO - Setting next_dagrun for upload_bronze to 2025-02-26 00:00:00+00:00, run_after=2025-02-27 00:00:00+00:00
[2025-02-26T01:42:42.278+0000] {processor.py:183} INFO - Processing /opt/airflow/dags/Dag_des_5.py took 0.566 seconds
[2025-02-26T01:43:12.392+0000] {processor.py:161} INFO - Started process (PID=2869) to work on /opt/airflow/dags/Dag_des_5.py
[2025-02-26T01:43:12.394+0000] {processor.py:830} INFO - Processing file /opt/airflow/dags/Dag_des_5.py for tasks to queue
[2025-02-26T01:43:12.400+0000] {logging_mixin.py:188} INFO - [2025-02-26T01:43:12.399+0000] {dagbag.py:540} INFO - Filling up the DagBag from /opt/airflow/dags/Dag_des_5.py
[2025-02-26T01:43:12.841+0000] {processor.py:840} INFO - DAG(s) 'upload_bronze' retrieved from /opt/airflow/dags/Dag_des_5.py
[2025-02-26T01:43:12.866+0000] {logging_mixin.py:188} INFO - [2025-02-26T01:43:12.865+0000] {dag.py:3096} INFO - Sync 1 DAGs
[2025-02-26T01:43:12.895+0000] {logging_mixin.py:188} INFO - [2025-02-26T01:43:12.895+0000] {dag.py:3954} INFO - Setting next_dagrun for upload_bronze to 2025-02-26 00:00:00+00:00, run_after=2025-02-27 00:00:00+00:00
[2025-02-26T01:43:12.921+0000] {processor.py:183} INFO - Processing /opt/airflow/dags/Dag_des_5.py took 0.539 seconds
[2025-02-26T01:43:43.121+0000] {processor.py:161} INFO - Started process (PID=2930) to work on /opt/airflow/dags/Dag_des_5.py
[2025-02-26T01:43:43.122+0000] {processor.py:830} INFO - Processing file /opt/airflow/dags/Dag_des_5.py for tasks to queue
[2025-02-26T01:43:43.125+0000] {logging_mixin.py:188} INFO - [2025-02-26T01:43:43.124+0000] {dagbag.py:540} INFO - Filling up the DagBag from /opt/airflow/dags/Dag_des_5.py
[2025-02-26T01:43:43.475+0000] {processor.py:840} INFO - DAG(s) 'upload_bronze' retrieved from /opt/airflow/dags/Dag_des_5.py
[2025-02-26T01:43:43.495+0000] {logging_mixin.py:188} INFO - [2025-02-26T01:43:43.495+0000] {dag.py:3096} INFO - Sync 1 DAGs
[2025-02-26T01:43:43.520+0000] {logging_mixin.py:188} INFO - [2025-02-26T01:43:43.519+0000] {dag.py:3954} INFO - Setting next_dagrun for upload_bronze to 2025-02-26 00:00:00+00:00, run_after=2025-02-27 00:00:00+00:00
[2025-02-26T01:43:43.540+0000] {processor.py:183} INFO - Processing /opt/airflow/dags/Dag_des_5.py took 0.427 seconds
[2025-02-26T01:44:13.664+0000] {processor.py:161} INFO - Started process (PID=2993) to work on /opt/airflow/dags/Dag_des_5.py
[2025-02-26T01:44:13.665+0000] {processor.py:830} INFO - Processing file /opt/airflow/dags/Dag_des_5.py for tasks to queue
[2025-02-26T01:44:13.667+0000] {logging_mixin.py:188} INFO - [2025-02-26T01:44:13.667+0000] {dagbag.py:540} INFO - Filling up the DagBag from /opt/airflow/dags/Dag_des_5.py
[2025-02-26T01:44:14.119+0000] {processor.py:840} INFO - DAG(s) 'upload_bronze' retrieved from /opt/airflow/dags/Dag_des_5.py
[2025-02-26T01:44:14.247+0000] {logging_mixin.py:188} INFO - [2025-02-26T01:44:14.246+0000] {dag.py:3096} INFO - Sync 1 DAGs
[2025-02-26T01:44:14.303+0000] {logging_mixin.py:188} INFO - [2025-02-26T01:44:14.303+0000] {dag.py:3954} INFO - Setting next_dagrun for upload_bronze to 2025-02-26 00:00:00+00:00, run_after=2025-02-27 00:00:00+00:00
[2025-02-26T01:44:14.327+0000] {processor.py:183} INFO - Processing /opt/airflow/dags/Dag_des_5.py took 0.671 seconds
[2025-02-26T01:44:44.380+0000] {processor.py:161} INFO - Started process (PID=3056) to work on /opt/airflow/dags/Dag_des_5.py
[2025-02-26T01:44:44.382+0000] {processor.py:830} INFO - Processing file /opt/airflow/dags/Dag_des_5.py for tasks to queue
[2025-02-26T01:44:44.384+0000] {logging_mixin.py:188} INFO - [2025-02-26T01:44:44.383+0000] {dagbag.py:540} INFO - Filling up the DagBag from /opt/airflow/dags/Dag_des_5.py
[2025-02-26T01:44:44.743+0000] {processor.py:840} INFO - DAG(s) 'upload_bronze' retrieved from /opt/airflow/dags/Dag_des_5.py
[2025-02-26T01:44:44.763+0000] {logging_mixin.py:188} INFO - [2025-02-26T01:44:44.763+0000] {dag.py:3096} INFO - Sync 1 DAGs
[2025-02-26T01:44:44.789+0000] {logging_mixin.py:188} INFO - [2025-02-26T01:44:44.789+0000] {dag.py:3954} INFO - Setting next_dagrun for upload_bronze to 2025-02-26 00:00:00+00:00, run_after=2025-02-27 00:00:00+00:00
[2025-02-26T01:44:44.813+0000] {processor.py:183} INFO - Processing /opt/airflow/dags/Dag_des_5.py took 0.440 seconds
[2025-02-26T01:45:14.950+0000] {processor.py:161} INFO - Started process (PID=3117) to work on /opt/airflow/dags/Dag_des_5.py
[2025-02-26T01:45:14.951+0000] {processor.py:830} INFO - Processing file /opt/airflow/dags/Dag_des_5.py for tasks to queue
[2025-02-26T01:45:14.954+0000] {logging_mixin.py:188} INFO - [2025-02-26T01:45:14.953+0000] {dagbag.py:540} INFO - Filling up the DagBag from /opt/airflow/dags/Dag_des_5.py
[2025-02-26T01:45:15.337+0000] {processor.py:840} INFO - DAG(s) 'upload_bronze' retrieved from /opt/airflow/dags/Dag_des_5.py
[2025-02-26T01:45:15.360+0000] {logging_mixin.py:188} INFO - [2025-02-26T01:45:15.359+0000] {dag.py:3096} INFO - Sync 1 DAGs
[2025-02-26T01:45:15.390+0000] {logging_mixin.py:188} INFO - [2025-02-26T01:45:15.389+0000] {dag.py:3954} INFO - Setting next_dagrun for upload_bronze to 2025-02-26 00:00:00+00:00, run_after=2025-02-27 00:00:00+00:00
[2025-02-26T01:45:15.413+0000] {processor.py:183} INFO - Processing /opt/airflow/dags/Dag_des_5.py took 0.470 seconds
[2025-02-26T01:45:45.464+0000] {processor.py:161} INFO - Started process (PID=3180) to work on /opt/airflow/dags/Dag_des_5.py
[2025-02-26T01:45:45.465+0000] {processor.py:830} INFO - Processing file /opt/airflow/dags/Dag_des_5.py for tasks to queue
[2025-02-26T01:45:45.468+0000] {logging_mixin.py:188} INFO - [2025-02-26T01:45:45.467+0000] {dagbag.py:540} INFO - Filling up the DagBag from /opt/airflow/dags/Dag_des_5.py
[2025-02-26T01:45:45.794+0000] {processor.py:840} INFO - DAG(s) 'upload_bronze' retrieved from /opt/airflow/dags/Dag_des_5.py
[2025-02-26T01:45:45.815+0000] {logging_mixin.py:188} INFO - [2025-02-26T01:45:45.815+0000] {dag.py:3096} INFO - Sync 1 DAGs
[2025-02-26T01:45:45.839+0000] {logging_mixin.py:188} INFO - [2025-02-26T01:45:45.839+0000] {dag.py:3954} INFO - Setting next_dagrun for upload_bronze to 2025-02-26 00:00:00+00:00, run_after=2025-02-27 00:00:00+00:00
[2025-02-26T01:45:45.864+0000] {processor.py:183} INFO - Processing /opt/airflow/dags/Dag_des_5.py took 0.407 seconds
[2025-02-26T01:46:16.136+0000] {processor.py:161} INFO - Started process (PID=3240) to work on /opt/airflow/dags/Dag_des_5.py
[2025-02-26T01:46:16.137+0000] {processor.py:830} INFO - Processing file /opt/airflow/dags/Dag_des_5.py for tasks to queue
[2025-02-26T01:46:16.139+0000] {logging_mixin.py:188} INFO - [2025-02-26T01:46:16.139+0000] {dagbag.py:540} INFO - Filling up the DagBag from /opt/airflow/dags/Dag_des_5.py
[2025-02-26T01:46:16.576+0000] {processor.py:840} INFO - DAG(s) 'upload_bronze' retrieved from /opt/airflow/dags/Dag_des_5.py
[2025-02-26T01:46:16.609+0000] {logging_mixin.py:188} INFO - [2025-02-26T01:46:16.608+0000] {dag.py:3096} INFO - Sync 1 DAGs
[2025-02-26T01:46:16.651+0000] {logging_mixin.py:188} INFO - [2025-02-26T01:46:16.650+0000] {dag.py:3954} INFO - Setting next_dagrun for upload_bronze to 2025-02-26 00:00:00+00:00, run_after=2025-02-27 00:00:00+00:00
[2025-02-26T01:46:16.690+0000] {processor.py:183} INFO - Processing /opt/airflow/dags/Dag_des_5.py took 0.561 seconds
[2025-02-26T01:46:47.177+0000] {processor.py:161} INFO - Started process (PID=3296) to work on /opt/airflow/dags/Dag_des_5.py
[2025-02-26T01:46:47.179+0000] {processor.py:830} INFO - Processing file /opt/airflow/dags/Dag_des_5.py for tasks to queue
[2025-02-26T01:46:47.181+0000] {logging_mixin.py:188} INFO - [2025-02-26T01:46:47.181+0000] {dagbag.py:540} INFO - Filling up the DagBag from /opt/airflow/dags/Dag_des_5.py
[2025-02-26T01:46:47.563+0000] {processor.py:840} INFO - DAG(s) 'upload_bronze' retrieved from /opt/airflow/dags/Dag_des_5.py
[2025-02-26T01:46:47.583+0000] {logging_mixin.py:188} INFO - [2025-02-26T01:46:47.583+0000] {dag.py:3096} INFO - Sync 1 DAGs
[2025-02-26T01:46:47.608+0000] {logging_mixin.py:188} INFO - [2025-02-26T01:46:47.608+0000] {dag.py:3954} INFO - Setting next_dagrun for upload_bronze to 2025-02-26 00:00:00+00:00, run_after=2025-02-27 00:00:00+00:00
[2025-02-26T01:46:47.629+0000] {processor.py:183} INFO - Processing /opt/airflow/dags/Dag_des_5.py took 0.459 seconds
[2025-02-26T01:47:18.046+0000] {processor.py:161} INFO - Started process (PID=3360) to work on /opt/airflow/dags/Dag_des_5.py
[2025-02-26T01:47:18.047+0000] {processor.py:830} INFO - Processing file /opt/airflow/dags/Dag_des_5.py for tasks to queue
[2025-02-26T01:47:18.049+0000] {logging_mixin.py:188} INFO - [2025-02-26T01:47:18.049+0000] {dagbag.py:540} INFO - Filling up the DagBag from /opt/airflow/dags/Dag_des_5.py
[2025-02-26T01:47:18.501+0000] {processor.py:840} INFO - DAG(s) 'upload_bronze' retrieved from /opt/airflow/dags/Dag_des_5.py
[2025-02-26T01:47:18.532+0000] {logging_mixin.py:188} INFO - [2025-02-26T01:47:18.531+0000] {dag.py:3096} INFO - Sync 1 DAGs
[2025-02-26T01:47:18.572+0000] {logging_mixin.py:188} INFO - [2025-02-26T01:47:18.571+0000] {dag.py:3954} INFO - Setting next_dagrun for upload_bronze to 2025-02-26 00:00:00+00:00, run_after=2025-02-27 00:00:00+00:00
[2025-02-26T01:47:18.626+0000] {processor.py:183} INFO - Processing /opt/airflow/dags/Dag_des_5.py took 0.589 seconds
[2025-02-26T01:47:48.709+0000] {processor.py:161} INFO - Started process (PID=3421) to work on /opt/airflow/dags/Dag_des_5.py
[2025-02-26T01:47:48.710+0000] {processor.py:830} INFO - Processing file /opt/airflow/dags/Dag_des_5.py for tasks to queue
[2025-02-26T01:47:48.714+0000] {logging_mixin.py:188} INFO - [2025-02-26T01:47:48.713+0000] {dagbag.py:540} INFO - Filling up the DagBag from /opt/airflow/dags/Dag_des_5.py
[2025-02-26T01:47:49.253+0000] {processor.py:840} INFO - DAG(s) 'upload_bronze' retrieved from /opt/airflow/dags/Dag_des_5.py
[2025-02-26T01:47:49.272+0000] {logging_mixin.py:188} INFO - [2025-02-26T01:47:49.272+0000] {dag.py:3096} INFO - Sync 1 DAGs
[2025-02-26T01:47:49.296+0000] {logging_mixin.py:188} INFO - [2025-02-26T01:47:49.295+0000] {dag.py:3954} INFO - Setting next_dagrun for upload_bronze to 2025-02-26 00:00:00+00:00, run_after=2025-02-27 00:00:00+00:00
[2025-02-26T01:47:49.315+0000] {processor.py:183} INFO - Processing /opt/airflow/dags/Dag_des_5.py took 0.619 seconds
[2025-02-26T01:48:19.366+0000] {processor.py:161} INFO - Started process (PID=3484) to work on /opt/airflow/dags/Dag_des_5.py
[2025-02-26T01:48:19.367+0000] {processor.py:830} INFO - Processing file /opt/airflow/dags/Dag_des_5.py for tasks to queue
[2025-02-26T01:48:19.370+0000] {logging_mixin.py:188} INFO - [2025-02-26T01:48:19.369+0000] {dagbag.py:540} INFO - Filling up the DagBag from /opt/airflow/dags/Dag_des_5.py
[2025-02-26T01:48:19.743+0000] {processor.py:840} INFO - DAG(s) 'upload_bronze' retrieved from /opt/airflow/dags/Dag_des_5.py
[2025-02-26T01:48:19.765+0000] {logging_mixin.py:188} INFO - [2025-02-26T01:48:19.764+0000] {dag.py:3096} INFO - Sync 1 DAGs
[2025-02-26T01:48:19.789+0000] {logging_mixin.py:188} INFO - [2025-02-26T01:48:19.788+0000] {dag.py:3954} INFO - Setting next_dagrun for upload_bronze to 2025-02-26 00:00:00+00:00, run_after=2025-02-27 00:00:00+00:00
[2025-02-26T01:48:19.809+0000] {processor.py:183} INFO - Processing /opt/airflow/dags/Dag_des_5.py took 0.452 seconds
[2025-02-26T01:48:49.908+0000] {processor.py:161} INFO - Started process (PID=3548) to work on /opt/airflow/dags/Dag_des_5.py
[2025-02-26T01:48:49.910+0000] {processor.py:830} INFO - Processing file /opt/airflow/dags/Dag_des_5.py for tasks to queue
[2025-02-26T01:48:49.916+0000] {logging_mixin.py:188} INFO - [2025-02-26T01:48:49.915+0000] {dagbag.py:540} INFO - Filling up the DagBag from /opt/airflow/dags/Dag_des_5.py
[2025-02-26T01:48:50.493+0000] {processor.py:840} INFO - DAG(s) 'upload_bronze' retrieved from /opt/airflow/dags/Dag_des_5.py
[2025-02-26T01:48:50.516+0000] {logging_mixin.py:188} INFO - [2025-02-26T01:48:50.515+0000] {dag.py:3096} INFO - Sync 1 DAGs
[2025-02-26T01:48:50.546+0000] {logging_mixin.py:188} INFO - [2025-02-26T01:48:50.546+0000] {dag.py:3954} INFO - Setting next_dagrun for upload_bronze to 2025-02-26 00:00:00+00:00, run_after=2025-02-27 00:00:00+00:00
[2025-02-26T01:48:50.570+0000] {processor.py:183} INFO - Processing /opt/airflow/dags/Dag_des_5.py took 0.677 seconds
