[2025-02-25T00:39:39.159+0000] {processor.py:161} INFO - Started process (PID=2891) to work on /opt/airflow/dags/app/upload_bronze.py
[2025-02-25T00:39:39.160+0000] {processor.py:830} INFO - Processing file /opt/airflow/dags/app/upload_bronze.py for tasks to queue
[2025-02-25T00:39:39.162+0000] {logging_mixin.py:188} INFO - [2025-02-25T00:39:39.161+0000] {dagbag.py:540} INFO - Filling up the DagBag from /opt/airflow/dags/app/upload_bronze.py
[2025-02-25T00:39:39.577+0000] {processor.py:842} WARNING - No viable dags retrieved from /opt/airflow/dags/app/upload_bronze.py
[2025-02-25T00:39:39.593+0000] {processor.py:183} INFO - Processing /opt/airflow/dags/app/upload_bronze.py took 0.442 seconds
[2025-02-25T00:40:09.950+0000] {processor.py:161} INFO - Started process (PID=2953) to work on /opt/airflow/dags/app/upload_bronze.py
[2025-02-25T00:40:09.952+0000] {processor.py:830} INFO - Processing file /opt/airflow/dags/app/upload_bronze.py for tasks to queue
[2025-02-25T00:40:09.953+0000] {logging_mixin.py:188} INFO - [2025-02-25T00:40:09.953+0000] {dagbag.py:540} INFO - Filling up the DagBag from /opt/airflow/dags/app/upload_bronze.py
[2025-02-25T00:40:10.257+0000] {processor.py:842} WARNING - No viable dags retrieved from /opt/airflow/dags/app/upload_bronze.py
[2025-02-25T00:40:10.273+0000] {processor.py:183} INFO - Processing /opt/airflow/dags/app/upload_bronze.py took 0.330 seconds
[2025-02-25T00:40:40.453+0000] {processor.py:161} INFO - Started process (PID=3015) to work on /opt/airflow/dags/app/upload_bronze.py
[2025-02-25T00:40:40.455+0000] {processor.py:830} INFO - Processing file /opt/airflow/dags/app/upload_bronze.py for tasks to queue
[2025-02-25T00:40:40.456+0000] {logging_mixin.py:188} INFO - [2025-02-25T00:40:40.456+0000] {dagbag.py:540} INFO - Filling up the DagBag from /opt/airflow/dags/app/upload_bronze.py
[2025-02-25T00:40:41.875+0000] {processor.py:842} WARNING - No viable dags retrieved from /opt/airflow/dags/app/upload_bronze.py
[2025-02-25T00:40:41.897+0000] {processor.py:183} INFO - Processing /opt/airflow/dags/app/upload_bronze.py took 1.456 seconds
[2025-02-25T00:41:11.967+0000] {processor.py:161} INFO - Started process (PID=3085) to work on /opt/airflow/dags/app/upload_bronze.py
[2025-02-25T00:41:11.968+0000] {processor.py:830} INFO - Processing file /opt/airflow/dags/app/upload_bronze.py for tasks to queue
[2025-02-25T00:41:11.969+0000] {logging_mixin.py:188} INFO - [2025-02-25T00:41:11.969+0000] {dagbag.py:540} INFO - Filling up the DagBag from /opt/airflow/dags/app/upload_bronze.py
[2025-02-25T00:41:12.300+0000] {processor.py:842} WARNING - No viable dags retrieved from /opt/airflow/dags/app/upload_bronze.py
[2025-02-25T00:41:12.317+0000] {processor.py:183} INFO - Processing /opt/airflow/dags/app/upload_bronze.py took 0.359 seconds
[2025-02-25T00:41:42.393+0000] {processor.py:161} INFO - Started process (PID=3152) to work on /opt/airflow/dags/app/upload_bronze.py
[2025-02-25T00:41:42.394+0000] {processor.py:830} INFO - Processing file /opt/airflow/dags/app/upload_bronze.py for tasks to queue
[2025-02-25T00:41:42.395+0000] {logging_mixin.py:188} INFO - [2025-02-25T00:41:42.395+0000] {dagbag.py:540} INFO - Filling up the DagBag from /opt/airflow/dags/app/upload_bronze.py
[2025-02-25T00:41:40.617+0000] {processor.py:842} WARNING - No viable dags retrieved from /opt/airflow/dags/app/upload_bronze.py
[2025-02-25T00:41:40.656+0000] {processor.py:183} INFO - Processing /opt/airflow/dags/app/upload_bronze.py took 0.745 seconds
[2025-02-25T00:42:11.381+0000] {processor.py:161} INFO - Started process (PID=3203) to work on /opt/airflow/dags/app/upload_bronze.py
[2025-02-25T00:42:11.382+0000] {processor.py:830} INFO - Processing file /opt/airflow/dags/app/upload_bronze.py for tasks to queue
[2025-02-25T00:42:11.384+0000] {logging_mixin.py:188} INFO - [2025-02-25T00:42:11.383+0000] {dagbag.py:540} INFO - Filling up the DagBag from /opt/airflow/dags/app/upload_bronze.py
[2025-02-25T00:42:11.707+0000] {processor.py:842} WARNING - No viable dags retrieved from /opt/airflow/dags/app/upload_bronze.py
[2025-02-25T00:42:11.725+0000] {processor.py:183} INFO - Processing /opt/airflow/dags/app/upload_bronze.py took 0.351 seconds
[2025-02-25T00:42:42.453+0000] {processor.py:161} INFO - Started process (PID=3265) to work on /opt/airflow/dags/app/upload_bronze.py
[2025-02-25T00:42:42.455+0000] {processor.py:830} INFO - Processing file /opt/airflow/dags/app/upload_bronze.py for tasks to queue
[2025-02-25T00:42:42.456+0000] {logging_mixin.py:188} INFO - [2025-02-25T00:42:42.456+0000] {dagbag.py:540} INFO - Filling up the DagBag from /opt/airflow/dags/app/upload_bronze.py
[2025-02-25T00:42:40.613+0000] {processor.py:842} WARNING - No viable dags retrieved from /opt/airflow/dags/app/upload_bronze.py
[2025-02-25T00:42:40.630+0000] {processor.py:183} INFO - Processing /opt/airflow/dags/app/upload_bronze.py took 0.656 seconds
[2025-02-25T00:42:55.486+0000] {processor.py:161} INFO - Started process (PID=3305) to work on /opt/airflow/dags/app/upload_bronze.py
[2025-02-25T00:42:55.488+0000] {processor.py:830} INFO - Processing file /opt/airflow/dags/app/upload_bronze.py for tasks to queue
[2025-02-25T00:42:55.489+0000] {logging_mixin.py:188} INFO - [2025-02-25T00:42:55.489+0000] {dagbag.py:540} INFO - Filling up the DagBag from /opt/airflow/dags/app/upload_bronze.py
[2025-02-25T00:42:55.502+0000] {logging_mixin.py:188} INFO - [2025-02-25T00:42:55.501+0000] {dagbag.py:329} INFO - File /opt/airflow/dags/app/upload_bronze.py assumed to contain no DAGs. Skipping.
[2025-02-25T00:42:55.502+0000] {processor.py:842} WARNING - No viable dags retrieved from /opt/airflow/dags/app/upload_bronze.py
[2025-02-25T00:42:55.522+0000] {processor.py:183} INFO - Processing /opt/airflow/dags/app/upload_bronze.py took 0.045 seconds
[2025-02-25T00:42:55.740+0000] {processor.py:161} INFO - Started process (PID=3309) to work on /opt/airflow/dags/app/upload_bronze.py
[2025-02-25T00:42:55.741+0000] {processor.py:830} INFO - Processing file /opt/airflow/dags/app/upload_bronze.py for tasks to queue
[2025-02-25T00:42:55.743+0000] {logging_mixin.py:188} INFO - [2025-02-25T00:42:55.742+0000] {dagbag.py:540} INFO - Filling up the DagBag from /opt/airflow/dags/app/upload_bronze.py
[2025-02-25T00:42:55.755+0000] {logging_mixin.py:188} INFO - [2025-02-25T00:42:55.755+0000] {dagbag.py:329} INFO - File /opt/airflow/dags/app/upload_bronze.py assumed to contain no DAGs. Skipping.
[2025-02-25T00:42:55.756+0000] {processor.py:842} WARNING - No viable dags retrieved from /opt/airflow/dags/app/upload_bronze.py
[2025-02-25T00:42:55.773+0000] {processor.py:183} INFO - Processing /opt/airflow/dags/app/upload_bronze.py took 0.041 seconds
[2025-02-25T00:42:55.832+0000] {processor.py:161} INFO - Started process (PID=3310) to work on /opt/airflow/dags/app/upload_bronze.py
[2025-02-25T00:42:55.833+0000] {processor.py:830} INFO - Processing file /opt/airflow/dags/app/upload_bronze.py for tasks to queue
[2025-02-25T00:42:55.834+0000] {logging_mixin.py:188} INFO - [2025-02-25T00:42:55.834+0000] {dagbag.py:540} INFO - Filling up the DagBag from /opt/airflow/dags/app/upload_bronze.py
[2025-02-25T00:42:55.849+0000] {logging_mixin.py:188} INFO - [2025-02-25T00:42:55.849+0000] {dagbag.py:329} INFO - File /opt/airflow/dags/app/upload_bronze.py assumed to contain no DAGs. Skipping.
[2025-02-25T00:42:55.850+0000] {processor.py:842} WARNING - No viable dags retrieved from /opt/airflow/dags/app/upload_bronze.py
[2025-02-25T00:42:55.868+0000] {processor.py:183} INFO - Processing /opt/airflow/dags/app/upload_bronze.py took 0.043 seconds
[2025-02-25T00:42:55.924+0000] {processor.py:161} INFO - Started process (PID=3311) to work on /opt/airflow/dags/app/upload_bronze.py
[2025-02-25T00:42:55.926+0000] {processor.py:830} INFO - Processing file /opt/airflow/dags/app/upload_bronze.py for tasks to queue
[2025-02-25T00:42:55.927+0000] {logging_mixin.py:188} INFO - [2025-02-25T00:42:55.926+0000] {dagbag.py:540} INFO - Filling up the DagBag from /opt/airflow/dags/app/upload_bronze.py
[2025-02-25T00:42:55.940+0000] {logging_mixin.py:188} INFO - [2025-02-25T00:42:55.940+0000] {dagbag.py:329} INFO - File /opt/airflow/dags/app/upload_bronze.py assumed to contain no DAGs. Skipping.
[2025-02-25T00:42:55.941+0000] {processor.py:842} WARNING - No viable dags retrieved from /opt/airflow/dags/app/upload_bronze.py
[2025-02-25T00:42:55.958+0000] {processor.py:183} INFO - Processing /opt/airflow/dags/app/upload_bronze.py took 0.041 seconds
[2025-02-25T00:42:56.019+0000] {processor.py:161} INFO - Started process (PID=3312) to work on /opt/airflow/dags/app/upload_bronze.py
[2025-02-25T00:42:56.020+0000] {processor.py:830} INFO - Processing file /opt/airflow/dags/app/upload_bronze.py for tasks to queue
[2025-02-25T00:42:56.022+0000] {logging_mixin.py:188} INFO - [2025-02-25T00:42:56.021+0000] {dagbag.py:540} INFO - Filling up the DagBag from /opt/airflow/dags/app/upload_bronze.py
[2025-02-25T00:42:56.036+0000] {logging_mixin.py:188} INFO - [2025-02-25T00:42:56.036+0000] {dagbag.py:329} INFO - File /opt/airflow/dags/app/upload_bronze.py assumed to contain no DAGs. Skipping.
[2025-02-25T00:42:56.037+0000] {processor.py:842} WARNING - No viable dags retrieved from /opt/airflow/dags/app/upload_bronze.py
[2025-02-25T00:42:56.054+0000] {processor.py:183} INFO - Processing /opt/airflow/dags/app/upload_bronze.py took 0.043 seconds
[2025-02-25T00:42:56.120+0000] {processor.py:161} INFO - Started process (PID=3313) to work on /opt/airflow/dags/app/upload_bronze.py
[2025-02-25T00:42:56.121+0000] {processor.py:830} INFO - Processing file /opt/airflow/dags/app/upload_bronze.py for tasks to queue
[2025-02-25T00:42:56.122+0000] {logging_mixin.py:188} INFO - [2025-02-25T00:42:56.122+0000] {dagbag.py:540} INFO - Filling up the DagBag from /opt/airflow/dags/app/upload_bronze.py
[2025-02-25T00:42:56.139+0000] {logging_mixin.py:188} INFO - [2025-02-25T00:42:56.139+0000] {dagbag.py:329} INFO - File /opt/airflow/dags/app/upload_bronze.py assumed to contain no DAGs. Skipping.
[2025-02-25T00:42:56.139+0000] {processor.py:842} WARNING - No viable dags retrieved from /opt/airflow/dags/app/upload_bronze.py
[2025-02-25T00:42:56.157+0000] {processor.py:183} INFO - Processing /opt/airflow/dags/app/upload_bronze.py took 0.047 seconds
[2025-02-25T00:42:56.212+0000] {processor.py:161} INFO - Started process (PID=3314) to work on /opt/airflow/dags/app/upload_bronze.py
[2025-02-25T00:42:56.214+0000] {processor.py:830} INFO - Processing file /opt/airflow/dags/app/upload_bronze.py for tasks to queue
[2025-02-25T00:42:56.215+0000] {logging_mixin.py:188} INFO - [2025-02-25T00:42:56.215+0000] {dagbag.py:540} INFO - Filling up the DagBag from /opt/airflow/dags/app/upload_bronze.py
[2025-02-25T00:42:56.229+0000] {logging_mixin.py:188} INFO - [2025-02-25T00:42:56.229+0000] {dagbag.py:329} INFO - File /opt/airflow/dags/app/upload_bronze.py assumed to contain no DAGs. Skipping.
[2025-02-25T00:42:56.230+0000] {processor.py:842} WARNING - No viable dags retrieved from /opt/airflow/dags/app/upload_bronze.py
[2025-02-25T00:42:56.247+0000] {processor.py:183} INFO - Processing /opt/airflow/dags/app/upload_bronze.py took 0.042 seconds
[2025-02-25T00:42:56.298+0000] {processor.py:161} INFO - Started process (PID=3315) to work on /opt/airflow/dags/app/upload_bronze.py
[2025-02-25T00:42:56.300+0000] {processor.py:830} INFO - Processing file /opt/airflow/dags/app/upload_bronze.py for tasks to queue
[2025-02-25T00:42:56.301+0000] {logging_mixin.py:188} INFO - [2025-02-25T00:42:56.301+0000] {dagbag.py:540} INFO - Filling up the DagBag from /opt/airflow/dags/app/upload_bronze.py
[2025-02-25T00:42:56.316+0000] {logging_mixin.py:188} INFO - [2025-02-25T00:42:56.316+0000] {dagbag.py:329} INFO - File /opt/airflow/dags/app/upload_bronze.py assumed to contain no DAGs. Skipping.
[2025-02-25T00:42:56.316+0000] {processor.py:842} WARNING - No viable dags retrieved from /opt/airflow/dags/app/upload_bronze.py
[2025-02-25T00:42:56.334+0000] {processor.py:183} INFO - Processing /opt/airflow/dags/app/upload_bronze.py took 0.043 seconds
[2025-02-25T00:42:56.391+0000] {processor.py:161} INFO - Started process (PID=3316) to work on /opt/airflow/dags/app/upload_bronze.py
[2025-02-25T00:42:56.393+0000] {processor.py:830} INFO - Processing file /opt/airflow/dags/app/upload_bronze.py for tasks to queue
[2025-02-25T00:42:56.394+0000] {logging_mixin.py:188} INFO - [2025-02-25T00:42:56.394+0000] {dagbag.py:540} INFO - Filling up the DagBag from /opt/airflow/dags/app/upload_bronze.py
[2025-02-25T00:42:56.411+0000] {logging_mixin.py:188} INFO - [2025-02-25T00:42:56.411+0000] {dagbag.py:329} INFO - File /opt/airflow/dags/app/upload_bronze.py assumed to contain no DAGs. Skipping.
[2025-02-25T00:42:56.411+0000] {processor.py:842} WARNING - No viable dags retrieved from /opt/airflow/dags/app/upload_bronze.py
[2025-02-25T00:42:56.429+0000] {processor.py:183} INFO - Processing /opt/airflow/dags/app/upload_bronze.py took 0.045 seconds
[2025-02-25T00:42:56.488+0000] {processor.py:161} INFO - Started process (PID=3317) to work on /opt/airflow/dags/app/upload_bronze.py
[2025-02-25T00:42:56.490+0000] {processor.py:830} INFO - Processing file /opt/airflow/dags/app/upload_bronze.py for tasks to queue
[2025-02-25T00:42:56.492+0000] {logging_mixin.py:188} INFO - [2025-02-25T00:42:56.491+0000] {dagbag.py:540} INFO - Filling up the DagBag from /opt/airflow/dags/app/upload_bronze.py
[2025-02-25T00:42:56.506+0000] {logging_mixin.py:188} INFO - [2025-02-25T00:42:56.506+0000] {dagbag.py:329} INFO - File /opt/airflow/dags/app/upload_bronze.py assumed to contain no DAGs. Skipping.
[2025-02-25T00:42:56.507+0000] {processor.py:842} WARNING - No viable dags retrieved from /opt/airflow/dags/app/upload_bronze.py
[2025-02-25T00:42:56.524+0000] {processor.py:183} INFO - Processing /opt/airflow/dags/app/upload_bronze.py took 0.043 seconds
[2025-02-25T00:42:56.578+0000] {processor.py:161} INFO - Started process (PID=3318) to work on /opt/airflow/dags/app/upload_bronze.py
[2025-02-25T00:42:56.579+0000] {processor.py:830} INFO - Processing file /opt/airflow/dags/app/upload_bronze.py for tasks to queue
[2025-02-25T00:42:56.581+0000] {logging_mixin.py:188} INFO - [2025-02-25T00:42:56.580+0000] {dagbag.py:540} INFO - Filling up the DagBag from /opt/airflow/dags/app/upload_bronze.py
[2025-02-25T00:42:56.596+0000] {logging_mixin.py:188} INFO - [2025-02-25T00:42:56.596+0000] {dagbag.py:329} INFO - File /opt/airflow/dags/app/upload_bronze.py assumed to contain no DAGs. Skipping.
[2025-02-25T00:42:56.597+0000] {processor.py:842} WARNING - No viable dags retrieved from /opt/airflow/dags/app/upload_bronze.py
[2025-02-25T00:42:56.614+0000] {processor.py:183} INFO - Processing /opt/airflow/dags/app/upload_bronze.py took 0.044 seconds
[2025-02-25T00:42:56.672+0000] {processor.py:161} INFO - Started process (PID=3319) to work on /opt/airflow/dags/app/upload_bronze.py
[2025-02-25T00:42:56.674+0000] {processor.py:830} INFO - Processing file /opt/airflow/dags/app/upload_bronze.py for tasks to queue
[2025-02-25T00:42:56.675+0000] {logging_mixin.py:188} INFO - [2025-02-25T00:42:56.675+0000] {dagbag.py:540} INFO - Filling up the DagBag from /opt/airflow/dags/app/upload_bronze.py
[2025-02-25T00:42:56.692+0000] {logging_mixin.py:188} INFO - [2025-02-25T00:42:56.691+0000] {dagbag.py:329} INFO - File /opt/airflow/dags/app/upload_bronze.py assumed to contain no DAGs. Skipping.
[2025-02-25T00:42:56.692+0000] {processor.py:842} WARNING - No viable dags retrieved from /opt/airflow/dags/app/upload_bronze.py
[2025-02-25T00:42:56.715+0000] {processor.py:183} INFO - Processing /opt/airflow/dags/app/upload_bronze.py took 0.050 seconds
[2025-02-25T00:42:56.773+0000] {processor.py:161} INFO - Started process (PID=3320) to work on /opt/airflow/dags/app/upload_bronze.py
[2025-02-25T00:42:56.775+0000] {processor.py:830} INFO - Processing file /opt/airflow/dags/app/upload_bronze.py for tasks to queue
[2025-02-25T00:42:56.776+0000] {logging_mixin.py:188} INFO - [2025-02-25T00:42:56.776+0000] {dagbag.py:540} INFO - Filling up the DagBag from /opt/airflow/dags/app/upload_bronze.py
[2025-02-25T00:42:56.791+0000] {logging_mixin.py:188} INFO - [2025-02-25T00:42:56.790+0000] {dagbag.py:329} INFO - File /opt/airflow/dags/app/upload_bronze.py assumed to contain no DAGs. Skipping.
[2025-02-25T00:42:56.791+0000] {processor.py:842} WARNING - No viable dags retrieved from /opt/airflow/dags/app/upload_bronze.py
[2025-02-25T00:42:56.810+0000] {processor.py:183} INFO - Processing /opt/airflow/dags/app/upload_bronze.py took 0.046 seconds
[2025-02-25T00:42:56.864+0000] {processor.py:161} INFO - Started process (PID=3321) to work on /opt/airflow/dags/app/upload_bronze.py
[2025-02-25T00:42:56.865+0000] {processor.py:830} INFO - Processing file /opt/airflow/dags/app/upload_bronze.py for tasks to queue
[2025-02-25T00:42:56.867+0000] {logging_mixin.py:188} INFO - [2025-02-25T00:42:56.866+0000] {dagbag.py:540} INFO - Filling up the DagBag from /opt/airflow/dags/app/upload_bronze.py
[2025-02-25T00:42:56.884+0000] {logging_mixin.py:188} INFO - [2025-02-25T00:42:56.884+0000] {dagbag.py:329} INFO - File /opt/airflow/dags/app/upload_bronze.py assumed to contain no DAGs. Skipping.
[2025-02-25T00:42:56.885+0000] {processor.py:842} WARNING - No viable dags retrieved from /opt/airflow/dags/app/upload_bronze.py
[2025-02-25T00:42:56.902+0000] {processor.py:183} INFO - Processing /opt/airflow/dags/app/upload_bronze.py took 0.045 seconds
[2025-02-25T00:42:56.975+0000] {processor.py:161} INFO - Started process (PID=3322) to work on /opt/airflow/dags/app/upload_bronze.py
[2025-02-25T00:42:56.978+0000] {processor.py:830} INFO - Processing file /opt/airflow/dags/app/upload_bronze.py for tasks to queue
[2025-02-25T00:42:56.980+0000] {logging_mixin.py:188} INFO - [2025-02-25T00:42:56.979+0000] {dagbag.py:540} INFO - Filling up the DagBag from /opt/airflow/dags/app/upload_bronze.py
[2025-02-25T00:42:57.006+0000] {logging_mixin.py:188} INFO - [2025-02-25T00:42:57.005+0000] {dagbag.py:329} INFO - File /opt/airflow/dags/app/upload_bronze.py assumed to contain no DAGs. Skipping.
[2025-02-25T00:42:57.007+0000] {processor.py:842} WARNING - No viable dags retrieved from /opt/airflow/dags/app/upload_bronze.py
[2025-02-25T00:42:57.026+0000] {processor.py:183} INFO - Processing /opt/airflow/dags/app/upload_bronze.py took 0.061 seconds
[2025-02-25T00:42:57.083+0000] {processor.py:161} INFO - Started process (PID=3323) to work on /opt/airflow/dags/app/upload_bronze.py
[2025-02-25T00:42:57.085+0000] {processor.py:830} INFO - Processing file /opt/airflow/dags/app/upload_bronze.py for tasks to queue
[2025-02-25T00:42:57.086+0000] {logging_mixin.py:188} INFO - [2025-02-25T00:42:57.086+0000] {dagbag.py:540} INFO - Filling up the DagBag from /opt/airflow/dags/app/upload_bronze.py
[2025-02-25T00:42:57.102+0000] {logging_mixin.py:188} INFO - [2025-02-25T00:42:57.102+0000] {dagbag.py:329} INFO - File /opt/airflow/dags/app/upload_bronze.py assumed to contain no DAGs. Skipping.
[2025-02-25T00:42:57.103+0000] {processor.py:842} WARNING - No viable dags retrieved from /opt/airflow/dags/app/upload_bronze.py
[2025-02-25T00:42:57.122+0000] {processor.py:183} INFO - Processing /opt/airflow/dags/app/upload_bronze.py took 0.046 seconds
[2025-02-25T00:42:57.176+0000] {processor.py:161} INFO - Started process (PID=3324) to work on /opt/airflow/dags/app/upload_bronze.py
[2025-02-25T00:42:57.178+0000] {processor.py:830} INFO - Processing file /opt/airflow/dags/app/upload_bronze.py for tasks to queue
[2025-02-25T00:42:57.180+0000] {logging_mixin.py:188} INFO - [2025-02-25T00:42:57.180+0000] {dagbag.py:540} INFO - Filling up the DagBag from /opt/airflow/dags/app/upload_bronze.py
[2025-02-25T00:42:57.199+0000] {logging_mixin.py:188} INFO - [2025-02-25T00:42:57.198+0000] {dagbag.py:329} INFO - File /opt/airflow/dags/app/upload_bronze.py assumed to contain no DAGs. Skipping.
[2025-02-25T00:42:57.199+0000] {processor.py:842} WARNING - No viable dags retrieved from /opt/airflow/dags/app/upload_bronze.py
[2025-02-25T00:42:57.216+0000] {processor.py:183} INFO - Processing /opt/airflow/dags/app/upload_bronze.py took 0.047 seconds
[2025-02-25T00:42:57.271+0000] {processor.py:161} INFO - Started process (PID=3325) to work on /opt/airflow/dags/app/upload_bronze.py
[2025-02-25T00:42:57.273+0000] {processor.py:830} INFO - Processing file /opt/airflow/dags/app/upload_bronze.py for tasks to queue
[2025-02-25T00:42:57.274+0000] {logging_mixin.py:188} INFO - [2025-02-25T00:42:57.274+0000] {dagbag.py:540} INFO - Filling up the DagBag from /opt/airflow/dags/app/upload_bronze.py
[2025-02-25T00:42:57.286+0000] {logging_mixin.py:188} INFO - [2025-02-25T00:42:57.286+0000] {dagbag.py:329} INFO - File /opt/airflow/dags/app/upload_bronze.py assumed to contain no DAGs. Skipping.
[2025-02-25T00:42:57.287+0000] {processor.py:842} WARNING - No viable dags retrieved from /opt/airflow/dags/app/upload_bronze.py
[2025-02-25T00:42:57.306+0000] {processor.py:183} INFO - Processing /opt/airflow/dags/app/upload_bronze.py took 0.041 seconds
[2025-02-25T00:42:57.362+0000] {processor.py:161} INFO - Started process (PID=3326) to work on /opt/airflow/dags/app/upload_bronze.py
[2025-02-25T00:42:57.364+0000] {processor.py:830} INFO - Processing file /opt/airflow/dags/app/upload_bronze.py for tasks to queue
[2025-02-25T00:42:57.365+0000] {logging_mixin.py:188} INFO - [2025-02-25T00:42:57.365+0000] {dagbag.py:540} INFO - Filling up the DagBag from /opt/airflow/dags/app/upload_bronze.py
[2025-02-25T00:42:57.380+0000] {logging_mixin.py:188} INFO - [2025-02-25T00:42:57.380+0000] {dagbag.py:329} INFO - File /opt/airflow/dags/app/upload_bronze.py assumed to contain no DAGs. Skipping.
[2025-02-25T00:42:57.380+0000] {processor.py:842} WARNING - No viable dags retrieved from /opt/airflow/dags/app/upload_bronze.py
[2025-02-25T00:42:57.399+0000] {processor.py:183} INFO - Processing /opt/airflow/dags/app/upload_bronze.py took 0.044 seconds
[2025-02-25T00:42:57.463+0000] {processor.py:161} INFO - Started process (PID=3327) to work on /opt/airflow/dags/app/upload_bronze.py
[2025-02-25T00:42:57.465+0000] {processor.py:830} INFO - Processing file /opt/airflow/dags/app/upload_bronze.py for tasks to queue
[2025-02-25T00:42:57.467+0000] {logging_mixin.py:188} INFO - [2025-02-25T00:42:57.467+0000] {dagbag.py:540} INFO - Filling up the DagBag from /opt/airflow/dags/app/upload_bronze.py
[2025-02-25T00:42:57.484+0000] {logging_mixin.py:188} INFO - [2025-02-25T00:42:57.483+0000] {dagbag.py:329} INFO - File /opt/airflow/dags/app/upload_bronze.py assumed to contain no DAGs. Skipping.
[2025-02-25T00:42:57.484+0000] {processor.py:842} WARNING - No viable dags retrieved from /opt/airflow/dags/app/upload_bronze.py
[2025-02-25T00:42:57.502+0000] {processor.py:183} INFO - Processing /opt/airflow/dags/app/upload_bronze.py took 0.046 seconds
[2025-02-25T00:42:57.569+0000] {processor.py:161} INFO - Started process (PID=3328) to work on /opt/airflow/dags/app/upload_bronze.py
[2025-02-25T00:42:57.571+0000] {processor.py:830} INFO - Processing file /opt/airflow/dags/app/upload_bronze.py for tasks to queue
[2025-02-25T00:42:57.573+0000] {logging_mixin.py:188} INFO - [2025-02-25T00:42:57.572+0000] {dagbag.py:540} INFO - Filling up the DagBag from /opt/airflow/dags/app/upload_bronze.py
[2025-02-25T00:42:57.589+0000] {logging_mixin.py:188} INFO - [2025-02-25T00:42:57.589+0000] {dagbag.py:329} INFO - File /opt/airflow/dags/app/upload_bronze.py assumed to contain no DAGs. Skipping.
[2025-02-25T00:42:57.590+0000] {processor.py:842} WARNING - No viable dags retrieved from /opt/airflow/dags/app/upload_bronze.py
[2025-02-25T00:42:57.608+0000] {processor.py:183} INFO - Processing /opt/airflow/dags/app/upload_bronze.py took 0.049 seconds
[2025-02-25T00:42:57.659+0000] {processor.py:161} INFO - Started process (PID=3329) to work on /opt/airflow/dags/app/upload_bronze.py
[2025-02-25T00:42:57.662+0000] {processor.py:830} INFO - Processing file /opt/airflow/dags/app/upload_bronze.py for tasks to queue
[2025-02-25T00:42:57.663+0000] {logging_mixin.py:188} INFO - [2025-02-25T00:42:57.663+0000] {dagbag.py:540} INFO - Filling up the DagBag from /opt/airflow/dags/app/upload_bronze.py
[2025-02-25T00:42:57.676+0000] {logging_mixin.py:188} INFO - [2025-02-25T00:42:57.675+0000] {dagbag.py:329} INFO - File /opt/airflow/dags/app/upload_bronze.py assumed to contain no DAGs. Skipping.
[2025-02-25T00:42:57.676+0000] {processor.py:842} WARNING - No viable dags retrieved from /opt/airflow/dags/app/upload_bronze.py
[2025-02-25T00:42:57.693+0000] {processor.py:183} INFO - Processing /opt/airflow/dags/app/upload_bronze.py took 0.041 seconds
[2025-02-25T00:42:57.748+0000] {processor.py:161} INFO - Started process (PID=3330) to work on /opt/airflow/dags/app/upload_bronze.py
[2025-02-25T00:42:57.750+0000] {processor.py:830} INFO - Processing file /opt/airflow/dags/app/upload_bronze.py for tasks to queue
[2025-02-25T00:42:57.751+0000] {logging_mixin.py:188} INFO - [2025-02-25T00:42:57.750+0000] {dagbag.py:540} INFO - Filling up the DagBag from /opt/airflow/dags/app/upload_bronze.py
[2025-02-25T00:42:57.765+0000] {logging_mixin.py:188} INFO - [2025-02-25T00:42:57.764+0000] {dagbag.py:329} INFO - File /opt/airflow/dags/app/upload_bronze.py assumed to contain no DAGs. Skipping.
[2025-02-25T00:42:57.765+0000] {processor.py:842} WARNING - No viable dags retrieved from /opt/airflow/dags/app/upload_bronze.py
[2025-02-25T00:42:57.783+0000] {processor.py:183} INFO - Processing /opt/airflow/dags/app/upload_bronze.py took 0.043 seconds
[2025-02-25T00:42:57.853+0000] {processor.py:161} INFO - Started process (PID=3331) to work on /opt/airflow/dags/app/upload_bronze.py
[2025-02-25T00:42:57.855+0000] {processor.py:830} INFO - Processing file /opt/airflow/dags/app/upload_bronze.py for tasks to queue
[2025-02-25T00:42:57.856+0000] {logging_mixin.py:188} INFO - [2025-02-25T00:42:57.856+0000] {dagbag.py:540} INFO - Filling up the DagBag from /opt/airflow/dags/app/upload_bronze.py
[2025-02-25T00:42:57.873+0000] {logging_mixin.py:188} INFO - [2025-02-25T00:42:57.873+0000] {dagbag.py:329} INFO - File /opt/airflow/dags/app/upload_bronze.py assumed to contain no DAGs. Skipping.
[2025-02-25T00:42:57.874+0000] {processor.py:842} WARNING - No viable dags retrieved from /opt/airflow/dags/app/upload_bronze.py
[2025-02-25T00:42:57.892+0000] {processor.py:183} INFO - Processing /opt/airflow/dags/app/upload_bronze.py took 0.051 seconds
[2025-02-25T00:43:28.162+0000] {processor.py:161} INFO - Started process (PID=3392) to work on /opt/airflow/dags/app/upload_bronze.py
[2025-02-25T00:43:28.163+0000] {processor.py:830} INFO - Processing file /opt/airflow/dags/app/upload_bronze.py for tasks to queue
[2025-02-25T00:43:28.165+0000] {logging_mixin.py:188} INFO - [2025-02-25T00:43:28.164+0000] {dagbag.py:540} INFO - Filling up the DagBag from /opt/airflow/dags/app/upload_bronze.py
[2025-02-25T00:43:28.181+0000] {logging_mixin.py:188} INFO - [2025-02-25T00:43:28.181+0000] {dagbag.py:329} INFO - File /opt/airflow/dags/app/upload_bronze.py assumed to contain no DAGs. Skipping.
[2025-02-25T00:43:28.182+0000] {processor.py:842} WARNING - No viable dags retrieved from /opt/airflow/dags/app/upload_bronze.py
[2025-02-25T00:43:28.200+0000] {processor.py:183} INFO - Processing /opt/airflow/dags/app/upload_bronze.py took 0.046 seconds
[2025-02-25T00:43:58.837+0000] {processor.py:161} INFO - Started process (PID=3459) to work on /opt/airflow/dags/app/upload_bronze.py
[2025-02-25T00:43:58.838+0000] {processor.py:830} INFO - Processing file /opt/airflow/dags/app/upload_bronze.py for tasks to queue
[2025-02-25T00:43:58.840+0000] {logging_mixin.py:188} INFO - [2025-02-25T00:43:58.839+0000] {dagbag.py:540} INFO - Filling up the DagBag from /opt/airflow/dags/app/upload_bronze.py
[2025-02-25T00:43:58.855+0000] {logging_mixin.py:188} INFO - [2025-02-25T00:43:58.855+0000] {dagbag.py:329} INFO - File /opt/airflow/dags/app/upload_bronze.py assumed to contain no DAGs. Skipping.
[2025-02-25T00:43:58.856+0000] {processor.py:842} WARNING - No viable dags retrieved from /opt/airflow/dags/app/upload_bronze.py
[2025-02-25T00:43:58.879+0000] {processor.py:183} INFO - Processing /opt/airflow/dags/app/upload_bronze.py took 0.054 seconds
[2025-02-25T00:44:13.702+0000] {processor.py:161} INFO - Started process (PID=3475) to work on /opt/airflow/dags/app/upload_bronze.py
[2025-02-25T00:44:13.703+0000] {processor.py:830} INFO - Processing file /opt/airflow/dags/app/upload_bronze.py for tasks to queue
[2025-02-25T00:44:13.705+0000] {logging_mixin.py:188} INFO - [2025-02-25T00:44:13.705+0000] {dagbag.py:540} INFO - Filling up the DagBag from /opt/airflow/dags/app/upload_bronze.py
[2025-02-25T00:44:13.720+0000] {logging_mixin.py:188} INFO - [2025-02-25T00:44:13.720+0000] {dagbag.py:329} INFO - File /opt/airflow/dags/app/upload_bronze.py assumed to contain no DAGs. Skipping.
[2025-02-25T00:44:13.721+0000] {processor.py:842} WARNING - No viable dags retrieved from /opt/airflow/dags/app/upload_bronze.py
[2025-02-25T00:44:13.748+0000] {processor.py:183} INFO - Processing /opt/airflow/dags/app/upload_bronze.py took 0.061 seconds
[2025-02-25T00:44:13.805+0000] {processor.py:161} INFO - Started process (PID=3477) to work on /opt/airflow/dags/app/upload_bronze.py
[2025-02-25T00:44:13.806+0000] {processor.py:830} INFO - Processing file /opt/airflow/dags/app/upload_bronze.py for tasks to queue
[2025-02-25T00:44:13.807+0000] {logging_mixin.py:188} INFO - [2025-02-25T00:44:13.806+0000] {dagbag.py:540} INFO - Filling up the DagBag from /opt/airflow/dags/app/upload_bronze.py
[2025-02-25T00:44:13.822+0000] {logging_mixin.py:188} INFO - [2025-02-25T00:44:13.822+0000] {dagbag.py:329} INFO - File /opt/airflow/dags/app/upload_bronze.py assumed to contain no DAGs. Skipping.
[2025-02-25T00:44:13.823+0000] {processor.py:842} WARNING - No viable dags retrieved from /opt/airflow/dags/app/upload_bronze.py
[2025-02-25T00:44:13.845+0000] {processor.py:183} INFO - Processing /opt/airflow/dags/app/upload_bronze.py took 0.051 seconds
[2025-02-25T00:44:13.911+0000] {processor.py:161} INFO - Started process (PID=3478) to work on /opt/airflow/dags/app/upload_bronze.py
[2025-02-25T00:44:13.913+0000] {processor.py:830} INFO - Processing file /opt/airflow/dags/app/upload_bronze.py for tasks to queue
[2025-02-25T00:44:13.915+0000] {logging_mixin.py:188} INFO - [2025-02-25T00:44:13.914+0000] {dagbag.py:540} INFO - Filling up the DagBag from /opt/airflow/dags/app/upload_bronze.py
[2025-02-25T00:44:13.932+0000] {logging_mixin.py:188} INFO - [2025-02-25T00:44:13.932+0000] {dagbag.py:329} INFO - File /opt/airflow/dags/app/upload_bronze.py assumed to contain no DAGs. Skipping.
[2025-02-25T00:44:13.934+0000] {processor.py:842} WARNING - No viable dags retrieved from /opt/airflow/dags/app/upload_bronze.py
[2025-02-25T00:44:13.954+0000] {processor.py:183} INFO - Processing /opt/airflow/dags/app/upload_bronze.py took 0.057 seconds
[2025-02-25T00:44:14.149+0000] {processor.py:161} INFO - Started process (PID=3481) to work on /opt/airflow/dags/app/upload_bronze.py
[2025-02-25T00:44:14.150+0000] {processor.py:830} INFO - Processing file /opt/airflow/dags/app/upload_bronze.py for tasks to queue
[2025-02-25T00:44:14.151+0000] {logging_mixin.py:188} INFO - [2025-02-25T00:44:14.151+0000] {dagbag.py:540} INFO - Filling up the DagBag from /opt/airflow/dags/app/upload_bronze.py
[2025-02-25T00:44:14.165+0000] {logging_mixin.py:188} INFO - [2025-02-25T00:44:14.165+0000] {dagbag.py:329} INFO - File /opt/airflow/dags/app/upload_bronze.py assumed to contain no DAGs. Skipping.
[2025-02-25T00:44:14.166+0000] {processor.py:842} WARNING - No viable dags retrieved from /opt/airflow/dags/app/upload_bronze.py
[2025-02-25T00:44:14.182+0000] {processor.py:183} INFO - Processing /opt/airflow/dags/app/upload_bronze.py took 0.041 seconds
[2025-02-25T00:44:14.517+0000] {processor.py:161} INFO - Started process (PID=3485) to work on /opt/airflow/dags/app/upload_bronze.py
[2025-02-25T00:44:14.519+0000] {processor.py:830} INFO - Processing file /opt/airflow/dags/app/upload_bronze.py for tasks to queue
[2025-02-25T00:44:14.520+0000] {logging_mixin.py:188} INFO - [2025-02-25T00:44:14.520+0000] {dagbag.py:540} INFO - Filling up the DagBag from /opt/airflow/dags/app/upload_bronze.py
[2025-02-25T00:44:14.532+0000] {logging_mixin.py:188} INFO - [2025-02-25T00:44:14.532+0000] {dagbag.py:329} INFO - File /opt/airflow/dags/app/upload_bronze.py assumed to contain no DAGs. Skipping.
[2025-02-25T00:44:14.533+0000] {processor.py:842} WARNING - No viable dags retrieved from /opt/airflow/dags/app/upload_bronze.py
[2025-02-25T00:44:14.550+0000] {processor.py:183} INFO - Processing /opt/airflow/dags/app/upload_bronze.py took 0.040 seconds
[2025-02-25T00:44:14.768+0000] {processor.py:161} INFO - Started process (PID=3487) to work on /opt/airflow/dags/app/upload_bronze.py
[2025-02-25T00:44:14.770+0000] {processor.py:830} INFO - Processing file /opt/airflow/dags/app/upload_bronze.py for tasks to queue
[2025-02-25T00:44:14.771+0000] {logging_mixin.py:188} INFO - [2025-02-25T00:44:14.771+0000] {dagbag.py:540} INFO - Filling up the DagBag from /opt/airflow/dags/app/upload_bronze.py
[2025-02-25T00:44:14.787+0000] {logging_mixin.py:188} INFO - [2025-02-25T00:44:14.787+0000] {dagbag.py:329} INFO - File /opt/airflow/dags/app/upload_bronze.py assumed to contain no DAGs. Skipping.
[2025-02-25T00:44:14.788+0000] {processor.py:842} WARNING - No viable dags retrieved from /opt/airflow/dags/app/upload_bronze.py
[2025-02-25T00:44:14.804+0000] {processor.py:183} INFO - Processing /opt/airflow/dags/app/upload_bronze.py took 0.043 seconds
[2025-02-25T00:44:14.862+0000] {processor.py:161} INFO - Started process (PID=3488) to work on /opt/airflow/dags/app/upload_bronze.py
[2025-02-25T00:44:14.863+0000] {processor.py:830} INFO - Processing file /opt/airflow/dags/app/upload_bronze.py for tasks to queue
[2025-02-25T00:44:14.865+0000] {logging_mixin.py:188} INFO - [2025-02-25T00:44:14.864+0000] {dagbag.py:540} INFO - Filling up the DagBag from /opt/airflow/dags/app/upload_bronze.py
[2025-02-25T00:44:14.879+0000] {logging_mixin.py:188} INFO - [2025-02-25T00:44:14.878+0000] {dagbag.py:329} INFO - File /opt/airflow/dags/app/upload_bronze.py assumed to contain no DAGs. Skipping.
[2025-02-25T00:44:14.879+0000] {processor.py:842} WARNING - No viable dags retrieved from /opt/airflow/dags/app/upload_bronze.py
[2025-02-25T00:44:14.897+0000] {processor.py:183} INFO - Processing /opt/airflow/dags/app/upload_bronze.py took 0.044 seconds
[2025-02-25T00:44:14.959+0000] {processor.py:161} INFO - Started process (PID=3489) to work on /opt/airflow/dags/app/upload_bronze.py
[2025-02-25T00:44:14.961+0000] {processor.py:830} INFO - Processing file /opt/airflow/dags/app/upload_bronze.py for tasks to queue
[2025-02-25T00:44:14.962+0000] {logging_mixin.py:188} INFO - [2025-02-25T00:44:14.962+0000] {dagbag.py:540} INFO - Filling up the DagBag from /opt/airflow/dags/app/upload_bronze.py
[2025-02-25T00:44:14.980+0000] {logging_mixin.py:188} INFO - [2025-02-25T00:44:14.980+0000] {dagbag.py:329} INFO - File /opt/airflow/dags/app/upload_bronze.py assumed to contain no DAGs. Skipping.
[2025-02-25T00:44:14.981+0000] {processor.py:842} WARNING - No viable dags retrieved from /opt/airflow/dags/app/upload_bronze.py
[2025-02-25T00:44:14.998+0000] {processor.py:183} INFO - Processing /opt/airflow/dags/app/upload_bronze.py took 0.048 seconds
[2025-02-25T00:44:15.055+0000] {processor.py:161} INFO - Started process (PID=3490) to work on /opt/airflow/dags/app/upload_bronze.py
[2025-02-25T00:44:15.056+0000] {processor.py:830} INFO - Processing file /opt/airflow/dags/app/upload_bronze.py for tasks to queue
[2025-02-25T00:44:15.058+0000] {logging_mixin.py:188} INFO - [2025-02-25T00:44:15.057+0000] {dagbag.py:540} INFO - Filling up the DagBag from /opt/airflow/dags/app/upload_bronze.py
[2025-02-25T00:44:15.081+0000] {logging_mixin.py:188} INFO - [2025-02-25T00:44:15.080+0000] {dagbag.py:329} INFO - File /opt/airflow/dags/app/upload_bronze.py assumed to contain no DAGs. Skipping.
[2025-02-25T00:44:15.082+0000] {processor.py:842} WARNING - No viable dags retrieved from /opt/airflow/dags/app/upload_bronze.py
[2025-02-25T00:44:15.100+0000] {processor.py:183} INFO - Processing /opt/airflow/dags/app/upload_bronze.py took 0.056 seconds
[2025-02-25T00:44:15.165+0000] {processor.py:161} INFO - Started process (PID=3491) to work on /opt/airflow/dags/app/upload_bronze.py
[2025-02-25T00:44:15.167+0000] {processor.py:830} INFO - Processing file /opt/airflow/dags/app/upload_bronze.py for tasks to queue
[2025-02-25T00:44:15.169+0000] {logging_mixin.py:188} INFO - [2025-02-25T00:44:15.168+0000] {dagbag.py:540} INFO - Filling up the DagBag from /opt/airflow/dags/app/upload_bronze.py
[2025-02-25T00:44:15.186+0000] {logging_mixin.py:188} INFO - [2025-02-25T00:44:15.186+0000] {dagbag.py:329} INFO - File /opt/airflow/dags/app/upload_bronze.py assumed to contain no DAGs. Skipping.
[2025-02-25T00:44:15.187+0000] {processor.py:842} WARNING - No viable dags retrieved from /opt/airflow/dags/app/upload_bronze.py
[2025-02-25T00:44:15.208+0000] {processor.py:183} INFO - Processing /opt/airflow/dags/app/upload_bronze.py took 0.052 seconds
[2025-02-25T00:44:15.272+0000] {processor.py:161} INFO - Started process (PID=3492) to work on /opt/airflow/dags/app/upload_bronze.py
[2025-02-25T00:44:15.274+0000] {processor.py:830} INFO - Processing file /opt/airflow/dags/app/upload_bronze.py for tasks to queue
[2025-02-25T00:44:15.276+0000] {logging_mixin.py:188} INFO - [2025-02-25T00:44:15.275+0000] {dagbag.py:540} INFO - Filling up the DagBag from /opt/airflow/dags/app/upload_bronze.py
[2025-02-25T00:44:15.292+0000] {logging_mixin.py:188} INFO - [2025-02-25T00:44:15.292+0000] {dagbag.py:329} INFO - File /opt/airflow/dags/app/upload_bronze.py assumed to contain no DAGs. Skipping.
[2025-02-25T00:44:15.293+0000] {processor.py:842} WARNING - No viable dags retrieved from /opt/airflow/dags/app/upload_bronze.py
[2025-02-25T00:44:15.309+0000] {processor.py:183} INFO - Processing /opt/airflow/dags/app/upload_bronze.py took 0.045 seconds
[2025-02-25T00:44:15.368+0000] {processor.py:161} INFO - Started process (PID=3493) to work on /opt/airflow/dags/app/upload_bronze.py
[2025-02-25T00:44:15.369+0000] {processor.py:830} INFO - Processing file /opt/airflow/dags/app/upload_bronze.py for tasks to queue
[2025-02-25T00:44:15.370+0000] {logging_mixin.py:188} INFO - [2025-02-25T00:44:15.370+0000] {dagbag.py:540} INFO - Filling up the DagBag from /opt/airflow/dags/app/upload_bronze.py
[2025-02-25T00:44:15.383+0000] {logging_mixin.py:188} INFO - [2025-02-25T00:44:15.382+0000] {dagbag.py:329} INFO - File /opt/airflow/dags/app/upload_bronze.py assumed to contain no DAGs. Skipping.
[2025-02-25T00:44:15.383+0000] {processor.py:842} WARNING - No viable dags retrieved from /opt/airflow/dags/app/upload_bronze.py
[2025-02-25T00:44:15.402+0000] {processor.py:183} INFO - Processing /opt/airflow/dags/app/upload_bronze.py took 0.043 seconds
[2025-02-25T00:44:15.585+0000] {processor.py:161} INFO - Started process (PID=3496) to work on /opt/airflow/dags/app/upload_bronze.py
[2025-02-25T00:44:15.587+0000] {processor.py:830} INFO - Processing file /opt/airflow/dags/app/upload_bronze.py for tasks to queue
[2025-02-25T00:44:15.589+0000] {logging_mixin.py:188} INFO - [2025-02-25T00:44:15.588+0000] {dagbag.py:540} INFO - Filling up the DagBag from /opt/airflow/dags/app/upload_bronze.py
[2025-02-25T00:44:15.609+0000] {logging_mixin.py:188} INFO - [2025-02-25T00:44:15.608+0000] {dagbag.py:329} INFO - File /opt/airflow/dags/app/upload_bronze.py assumed to contain no DAGs. Skipping.
[2025-02-25T00:44:15.618+0000] {processor.py:842} WARNING - No viable dags retrieved from /opt/airflow/dags/app/upload_bronze.py
[2025-02-25T00:44:15.661+0000] {processor.py:183} INFO - Processing /opt/airflow/dags/app/upload_bronze.py took 0.089 seconds
[2025-02-25T00:44:15.737+0000] {processor.py:161} INFO - Started process (PID=3498) to work on /opt/airflow/dags/app/upload_bronze.py
[2025-02-25T00:44:15.741+0000] {processor.py:830} INFO - Processing file /opt/airflow/dags/app/upload_bronze.py for tasks to queue
[2025-02-25T00:44:15.743+0000] {logging_mixin.py:188} INFO - [2025-02-25T00:44:15.742+0000] {dagbag.py:540} INFO - Filling up the DagBag from /opt/airflow/dags/app/upload_bronze.py
[2025-02-25T00:44:15.796+0000] {logging_mixin.py:188} INFO - [2025-02-25T00:44:15.795+0000] {dagbag.py:329} INFO - File /opt/airflow/dags/app/upload_bronze.py assumed to contain no DAGs. Skipping.
[2025-02-25T00:44:15.797+0000] {processor.py:842} WARNING - No viable dags retrieved from /opt/airflow/dags/app/upload_bronze.py
[2025-02-25T00:44:15.843+0000] {processor.py:183} INFO - Processing /opt/airflow/dags/app/upload_bronze.py took 0.123 seconds
[2025-02-25T00:44:16.308+0000] {processor.py:161} INFO - Started process (PID=3502) to work on /opt/airflow/dags/app/upload_bronze.py
[2025-02-25T00:44:16.310+0000] {processor.py:830} INFO - Processing file /opt/airflow/dags/app/upload_bronze.py for tasks to queue
[2025-02-25T00:44:16.315+0000] {logging_mixin.py:188} INFO - [2025-02-25T00:44:16.314+0000] {dagbag.py:540} INFO - Filling up the DagBag from /opt/airflow/dags/app/upload_bronze.py
[2025-02-25T00:44:16.383+0000] {logging_mixin.py:188} INFO - [2025-02-25T00:44:16.383+0000] {dagbag.py:329} INFO - File /opt/airflow/dags/app/upload_bronze.py assumed to contain no DAGs. Skipping.
[2025-02-25T00:44:16.385+0000] {processor.py:842} WARNING - No viable dags retrieved from /opt/airflow/dags/app/upload_bronze.py
[2025-02-25T00:44:16.419+0000] {processor.py:183} INFO - Processing /opt/airflow/dags/app/upload_bronze.py took 0.130 seconds
[2025-02-25T00:44:17.260+0000] {processor.py:161} INFO - Started process (PID=3508) to work on /opt/airflow/dags/app/upload_bronze.py
[2025-02-25T00:44:17.266+0000] {processor.py:830} INFO - Processing file /opt/airflow/dags/app/upload_bronze.py for tasks to queue
[2025-02-25T00:44:17.269+0000] {logging_mixin.py:188} INFO - [2025-02-25T00:44:17.268+0000] {dagbag.py:540} INFO - Filling up the DagBag from /opt/airflow/dags/app/upload_bronze.py
[2025-02-25T00:44:17.286+0000] {logging_mixin.py:188} INFO - [2025-02-25T00:44:17.285+0000] {dagbag.py:329} INFO - File /opt/airflow/dags/app/upload_bronze.py assumed to contain no DAGs. Skipping.
[2025-02-25T00:44:17.287+0000] {processor.py:842} WARNING - No viable dags retrieved from /opt/airflow/dags/app/upload_bronze.py
[2025-02-25T00:44:17.316+0000] {processor.py:183} INFO - Processing /opt/airflow/dags/app/upload_bronze.py took 0.070 seconds
