[2025-02-26T01:14:28.363+0000] {processor.py:161} INFO - Started process (PID=86) to work on /home/airflow/.local/lib/python3.12/site-packages/airflow/example_dags/example_nested_branch_dag.py
[2025-02-26T01:14:28.365+0000] {processor.py:830} INFO - Processing file /home/airflow/.local/lib/python3.12/site-packages/airflow/example_dags/example_nested_branch_dag.py for tasks to queue
[2025-02-26T01:14:28.371+0000] {logging_mixin.py:188} INFO - [2025-02-26T01:14:28.370+0000] {dagbag.py:540} INFO - Filling up the DagBag from /home/airflow/.local/lib/python3.12/site-packages/airflow/example_dags/example_nested_branch_dag.py
[2025-02-26T01:14:28.521+0000] {processor.py:840} INFO - DAG(s) 'example_nested_branch_dag' retrieved from /home/airflow/.local/lib/python3.12/site-packages/airflow/example_dags/example_nested_branch_dag.py
[2025-02-26T01:14:28.687+0000] {logging_mixin.py:188} INFO - [2025-02-26T01:14:28.686+0000] {dag.py:3096} INFO - Sync 1 DAGs
[2025-02-26T01:14:28.786+0000] {logging_mixin.py:188} INFO - [2025-02-26T01:14:28.786+0000] {dag.py:3954} INFO - Setting next_dagrun for example_nested_branch_dag to 2025-02-25 00:00:00+00:00, run_after=2025-02-26 00:00:00+00:00
[2025-02-26T01:14:28.879+0000] {processor.py:183} INFO - Processing /home/airflow/.local/lib/python3.12/site-packages/airflow/example_dags/example_nested_branch_dag.py took 0.533 seconds
[2025-02-26T01:19:11.665+0000] {processor.py:161} INFO - Started process (PID=75) to work on /home/airflow/.local/lib/python3.12/site-packages/airflow/example_dags/example_nested_branch_dag.py
[2025-02-26T01:19:11.683+0000] {processor.py:830} INFO - Processing file /home/airflow/.local/lib/python3.12/site-packages/airflow/example_dags/example_nested_branch_dag.py for tasks to queue
[2025-02-26T01:19:11.686+0000] {logging_mixin.py:188} INFO - [2025-02-26T01:19:11.686+0000] {dagbag.py:540} INFO - Filling up the DagBag from /home/airflow/.local/lib/python3.12/site-packages/airflow/example_dags/example_nested_branch_dag.py
[2025-02-26T01:19:11.716+0000] {processor.py:840} INFO - DAG(s) 'example_nested_branch_dag' retrieved from /home/airflow/.local/lib/python3.12/site-packages/airflow/example_dags/example_nested_branch_dag.py
[2025-02-26T01:19:11.749+0000] {logging_mixin.py:188} INFO - [2025-02-26T01:19:11.749+0000] {dag.py:3096} INFO - Sync 1 DAGs
[2025-02-26T01:19:11.776+0000] {logging_mixin.py:188} INFO - [2025-02-26T01:19:11.776+0000] {dag.py:3954} INFO - Setting next_dagrun for example_nested_branch_dag to 2025-02-25 00:00:00+00:00, run_after=2025-02-26 00:00:00+00:00
[2025-02-26T01:19:11.857+0000] {processor.py:183} INFO - Processing /home/airflow/.local/lib/python3.12/site-packages/airflow/example_dags/example_nested_branch_dag.py took 0.201 seconds
[2025-02-26T01:19:42.331+0000] {processor.py:161} INFO - Started process (PID=129) to work on /home/airflow/.local/lib/python3.12/site-packages/airflow/example_dags/example_nested_branch_dag.py
[2025-02-26T01:19:42.333+0000] {processor.py:830} INFO - Processing file /home/airflow/.local/lib/python3.12/site-packages/airflow/example_dags/example_nested_branch_dag.py for tasks to queue
[2025-02-26T01:19:42.335+0000] {logging_mixin.py:188} INFO - [2025-02-26T01:19:42.335+0000] {dagbag.py:540} INFO - Filling up the DagBag from /home/airflow/.local/lib/python3.12/site-packages/airflow/example_dags/example_nested_branch_dag.py
[2025-02-26T01:19:42.347+0000] {processor.py:840} INFO - DAG(s) 'example_nested_branch_dag' retrieved from /home/airflow/.local/lib/python3.12/site-packages/airflow/example_dags/example_nested_branch_dag.py
[2025-02-26T01:19:42.372+0000] {logging_mixin.py:188} INFO - [2025-02-26T01:19:42.372+0000] {dag.py:3096} INFO - Sync 1 DAGs
[2025-02-26T01:19:42.396+0000] {logging_mixin.py:188} INFO - [2025-02-26T01:19:42.396+0000] {dag.py:3954} INFO - Setting next_dagrun for example_nested_branch_dag to 2025-02-25 00:00:00+00:00, run_after=2025-02-26 00:00:00+00:00
[2025-02-26T01:19:42.418+0000] {processor.py:183} INFO - Processing /home/airflow/.local/lib/python3.12/site-packages/airflow/example_dags/example_nested_branch_dag.py took 0.093 seconds
[2025-02-26T01:20:12.673+0000] {processor.py:161} INFO - Started process (PID=189) to work on /home/airflow/.local/lib/python3.12/site-packages/airflow/example_dags/example_nested_branch_dag.py
[2025-02-26T01:20:12.675+0000] {processor.py:830} INFO - Processing file /home/airflow/.local/lib/python3.12/site-packages/airflow/example_dags/example_nested_branch_dag.py for tasks to queue
[2025-02-26T01:20:12.678+0000] {logging_mixin.py:188} INFO - [2025-02-26T01:20:12.677+0000] {dagbag.py:540} INFO - Filling up the DagBag from /home/airflow/.local/lib/python3.12/site-packages/airflow/example_dags/example_nested_branch_dag.py
[2025-02-26T01:20:12.692+0000] {processor.py:840} INFO - DAG(s) 'example_nested_branch_dag' retrieved from /home/airflow/.local/lib/python3.12/site-packages/airflow/example_dags/example_nested_branch_dag.py
[2025-02-26T01:20:12.722+0000] {logging_mixin.py:188} INFO - [2025-02-26T01:20:12.722+0000] {dag.py:3096} INFO - Sync 1 DAGs
[2025-02-26T01:20:12.771+0000] {logging_mixin.py:188} INFO - [2025-02-26T01:20:12.771+0000] {dag.py:3954} INFO - Setting next_dagrun for example_nested_branch_dag to 2025-02-25 00:00:00+00:00, run_after=2025-02-26 00:00:00+00:00
[2025-02-26T01:20:12.792+0000] {processor.py:183} INFO - Processing /home/airflow/.local/lib/python3.12/site-packages/airflow/example_dags/example_nested_branch_dag.py took 0.126 seconds
[2025-02-26T01:20:43.152+0000] {processor.py:161} INFO - Started process (PID=249) to work on /home/airflow/.local/lib/python3.12/site-packages/airflow/example_dags/example_nested_branch_dag.py
[2025-02-26T01:20:43.154+0000] {processor.py:830} INFO - Processing file /home/airflow/.local/lib/python3.12/site-packages/airflow/example_dags/example_nested_branch_dag.py for tasks to queue
[2025-02-26T01:20:43.158+0000] {logging_mixin.py:188} INFO - [2025-02-26T01:20:43.157+0000] {dagbag.py:540} INFO - Filling up the DagBag from /home/airflow/.local/lib/python3.12/site-packages/airflow/example_dags/example_nested_branch_dag.py
[2025-02-26T01:20:43.192+0000] {processor.py:840} INFO - DAG(s) 'example_nested_branch_dag' retrieved from /home/airflow/.local/lib/python3.12/site-packages/airflow/example_dags/example_nested_branch_dag.py
[2025-02-26T01:20:43.234+0000] {logging_mixin.py:188} INFO - [2025-02-26T01:20:43.233+0000] {dag.py:3096} INFO - Sync 1 DAGs
[2025-02-26T01:20:43.303+0000] {logging_mixin.py:188} INFO - [2025-02-26T01:20:43.302+0000] {dag.py:3954} INFO - Setting next_dagrun for example_nested_branch_dag to 2025-02-25 00:00:00+00:00, run_after=2025-02-26 00:00:00+00:00
[2025-02-26T01:20:43.385+0000] {processor.py:183} INFO - Processing /home/airflow/.local/lib/python3.12/site-packages/airflow/example_dags/example_nested_branch_dag.py took 0.248 seconds
[2025-02-26T01:21:21.816+0000] {processor.py:161} INFO - Started process (PID=315) to work on /home/airflow/.local/lib/python3.12/site-packages/airflow/example_dags/example_nested_branch_dag.py
[2025-02-26T01:21:21.817+0000] {processor.py:830} INFO - Processing file /home/airflow/.local/lib/python3.12/site-packages/airflow/example_dags/example_nested_branch_dag.py for tasks to queue
[2025-02-26T01:21:21.820+0000] {logging_mixin.py:188} INFO - [2025-02-26T01:21:21.820+0000] {dagbag.py:540} INFO - Filling up the DagBag from /home/airflow/.local/lib/python3.12/site-packages/airflow/example_dags/example_nested_branch_dag.py
[2025-02-26T01:21:21.833+0000] {processor.py:840} INFO - DAG(s) 'example_nested_branch_dag' retrieved from /home/airflow/.local/lib/python3.12/site-packages/airflow/example_dags/example_nested_branch_dag.py
[2025-02-26T01:21:21.867+0000] {logging_mixin.py:188} INFO - [2025-02-26T01:21:21.867+0000] {dag.py:3096} INFO - Sync 1 DAGs
[2025-02-26T01:21:21.907+0000] {logging_mixin.py:188} INFO - [2025-02-26T01:21:21.907+0000] {dag.py:3954} INFO - Setting next_dagrun for example_nested_branch_dag to 2025-02-25 00:00:00+00:00, run_after=2025-02-26 00:00:00+00:00
[2025-02-26T01:21:21.931+0000] {processor.py:183} INFO - Processing /home/airflow/.local/lib/python3.12/site-packages/airflow/example_dags/example_nested_branch_dag.py took 0.126 seconds
[2025-02-26T01:21:54.848+0000] {processor.py:161} INFO - Started process (PID=375) to work on /home/airflow/.local/lib/python3.12/site-packages/airflow/example_dags/example_nested_branch_dag.py
[2025-02-26T01:21:54.871+0000] {processor.py:830} INFO - Processing file /home/airflow/.local/lib/python3.12/site-packages/airflow/example_dags/example_nested_branch_dag.py for tasks to queue
[2025-02-26T01:21:54.873+0000] {logging_mixin.py:188} INFO - [2025-02-26T01:21:54.873+0000] {dagbag.py:540} INFO - Filling up the DagBag from /home/airflow/.local/lib/python3.12/site-packages/airflow/example_dags/example_nested_branch_dag.py
[2025-02-26T01:21:54.888+0000] {processor.py:840} INFO - DAG(s) 'example_nested_branch_dag' retrieved from /home/airflow/.local/lib/python3.12/site-packages/airflow/example_dags/example_nested_branch_dag.py
[2025-02-26T01:21:54.926+0000] {logging_mixin.py:188} INFO - [2025-02-26T01:21:54.925+0000] {dag.py:3096} INFO - Sync 1 DAGs
[2025-02-26T01:21:54.961+0000] {logging_mixin.py:188} INFO - [2025-02-26T01:21:54.961+0000] {dag.py:3954} INFO - Setting next_dagrun for example_nested_branch_dag to 2025-02-25 00:00:00+00:00, run_after=2025-02-26 00:00:00+00:00
[2025-02-26T01:21:55.025+0000] {processor.py:183} INFO - Processing /home/airflow/.local/lib/python3.12/site-packages/airflow/example_dags/example_nested_branch_dag.py took 0.187 seconds
[2025-02-26T01:22:25.135+0000] {processor.py:161} INFO - Started process (PID=435) to work on /home/airflow/.local/lib/python3.12/site-packages/airflow/example_dags/example_nested_branch_dag.py
[2025-02-26T01:22:25.136+0000] {processor.py:830} INFO - Processing file /home/airflow/.local/lib/python3.12/site-packages/airflow/example_dags/example_nested_branch_dag.py for tasks to queue
[2025-02-26T01:22:25.138+0000] {logging_mixin.py:188} INFO - [2025-02-26T01:22:25.138+0000] {dagbag.py:540} INFO - Filling up the DagBag from /home/airflow/.local/lib/python3.12/site-packages/airflow/example_dags/example_nested_branch_dag.py
[2025-02-26T01:22:25.150+0000] {processor.py:840} INFO - DAG(s) 'example_nested_branch_dag' retrieved from /home/airflow/.local/lib/python3.12/site-packages/airflow/example_dags/example_nested_branch_dag.py
[2025-02-26T01:22:25.177+0000] {logging_mixin.py:188} INFO - [2025-02-26T01:22:25.177+0000] {dag.py:3096} INFO - Sync 1 DAGs
[2025-02-26T01:22:25.205+0000] {logging_mixin.py:188} INFO - [2025-02-26T01:22:25.204+0000] {dag.py:3954} INFO - Setting next_dagrun for example_nested_branch_dag to 2025-02-25 00:00:00+00:00, run_after=2025-02-26 00:00:00+00:00
[2025-02-26T01:22:25.229+0000] {processor.py:183} INFO - Processing /home/airflow/.local/lib/python3.12/site-packages/airflow/example_dags/example_nested_branch_dag.py took 0.101 seconds
[2025-02-26T01:22:55.359+0000] {processor.py:161} INFO - Started process (PID=495) to work on /home/airflow/.local/lib/python3.12/site-packages/airflow/example_dags/example_nested_branch_dag.py
[2025-02-26T01:22:55.360+0000] {processor.py:830} INFO - Processing file /home/airflow/.local/lib/python3.12/site-packages/airflow/example_dags/example_nested_branch_dag.py for tasks to queue
[2025-02-26T01:22:55.362+0000] {logging_mixin.py:188} INFO - [2025-02-26T01:22:55.362+0000] {dagbag.py:540} INFO - Filling up the DagBag from /home/airflow/.local/lib/python3.12/site-packages/airflow/example_dags/example_nested_branch_dag.py
[2025-02-26T01:22:55.373+0000] {processor.py:840} INFO - DAG(s) 'example_nested_branch_dag' retrieved from /home/airflow/.local/lib/python3.12/site-packages/airflow/example_dags/example_nested_branch_dag.py
[2025-02-26T01:22:55.397+0000] {logging_mixin.py:188} INFO - [2025-02-26T01:22:55.396+0000] {dag.py:3096} INFO - Sync 1 DAGs
[2025-02-26T01:22:55.423+0000] {logging_mixin.py:188} INFO - [2025-02-26T01:22:55.423+0000] {dag.py:3954} INFO - Setting next_dagrun for example_nested_branch_dag to 2025-02-25 00:00:00+00:00, run_after=2025-02-26 00:00:00+00:00
[2025-02-26T01:22:55.455+0000] {processor.py:183} INFO - Processing /home/airflow/.local/lib/python3.12/site-packages/airflow/example_dags/example_nested_branch_dag.py took 0.102 seconds
[2025-02-26T01:23:26.723+0000] {processor.py:161} INFO - Started process (PID=555) to work on /home/airflow/.local/lib/python3.12/site-packages/airflow/example_dags/example_nested_branch_dag.py
[2025-02-26T01:23:26.724+0000] {processor.py:830} INFO - Processing file /home/airflow/.local/lib/python3.12/site-packages/airflow/example_dags/example_nested_branch_dag.py for tasks to queue
[2025-02-26T01:23:26.726+0000] {logging_mixin.py:188} INFO - [2025-02-26T01:23:26.726+0000] {dagbag.py:540} INFO - Filling up the DagBag from /home/airflow/.local/lib/python3.12/site-packages/airflow/example_dags/example_nested_branch_dag.py
[2025-02-26T01:23:26.738+0000] {processor.py:840} INFO - DAG(s) 'example_nested_branch_dag' retrieved from /home/airflow/.local/lib/python3.12/site-packages/airflow/example_dags/example_nested_branch_dag.py
[2025-02-26T01:23:26.763+0000] {logging_mixin.py:188} INFO - [2025-02-26T01:23:26.762+0000] {dag.py:3096} INFO - Sync 1 DAGs
[2025-02-26T01:23:26.787+0000] {logging_mixin.py:188} INFO - [2025-02-26T01:23:26.787+0000] {dag.py:3954} INFO - Setting next_dagrun for example_nested_branch_dag to 2025-02-25 00:00:00+00:00, run_after=2025-02-26 00:00:00+00:00
[2025-02-26T01:23:26.810+0000] {processor.py:183} INFO - Processing /home/airflow/.local/lib/python3.12/site-packages/airflow/example_dags/example_nested_branch_dag.py took 0.093 seconds
[2025-02-26T01:23:57.912+0000] {processor.py:161} INFO - Started process (PID=615) to work on /home/airflow/.local/lib/python3.12/site-packages/airflow/example_dags/example_nested_branch_dag.py
[2025-02-26T01:23:57.913+0000] {processor.py:830} INFO - Processing file /home/airflow/.local/lib/python3.12/site-packages/airflow/example_dags/example_nested_branch_dag.py for tasks to queue
[2025-02-26T01:23:57.915+0000] {logging_mixin.py:188} INFO - [2025-02-26T01:23:57.915+0000] {dagbag.py:540} INFO - Filling up the DagBag from /home/airflow/.local/lib/python3.12/site-packages/airflow/example_dags/example_nested_branch_dag.py
[2025-02-26T01:23:57.926+0000] {processor.py:840} INFO - DAG(s) 'example_nested_branch_dag' retrieved from /home/airflow/.local/lib/python3.12/site-packages/airflow/example_dags/example_nested_branch_dag.py
[2025-02-26T01:23:57.948+0000] {logging_mixin.py:188} INFO - [2025-02-26T01:23:57.948+0000] {dag.py:3096} INFO - Sync 1 DAGs
[2025-02-26T01:23:57.974+0000] {logging_mixin.py:188} INFO - [2025-02-26T01:23:57.973+0000] {dag.py:3954} INFO - Setting next_dagrun for example_nested_branch_dag to 2025-02-25 00:00:00+00:00, run_after=2025-02-26 00:00:00+00:00
[2025-02-26T01:23:57.998+0000] {processor.py:183} INFO - Processing /home/airflow/.local/lib/python3.12/site-packages/airflow/example_dags/example_nested_branch_dag.py took 0.093 seconds
[2025-02-26T01:24:28.275+0000] {processor.py:161} INFO - Started process (PID=675) to work on /home/airflow/.local/lib/python3.12/site-packages/airflow/example_dags/example_nested_branch_dag.py
[2025-02-26T01:24:28.276+0000] {processor.py:830} INFO - Processing file /home/airflow/.local/lib/python3.12/site-packages/airflow/example_dags/example_nested_branch_dag.py for tasks to queue
[2025-02-26T01:24:28.279+0000] {logging_mixin.py:188} INFO - [2025-02-26T01:24:28.279+0000] {dagbag.py:540} INFO - Filling up the DagBag from /home/airflow/.local/lib/python3.12/site-packages/airflow/example_dags/example_nested_branch_dag.py
[2025-02-26T01:24:28.292+0000] {processor.py:840} INFO - DAG(s) 'example_nested_branch_dag' retrieved from /home/airflow/.local/lib/python3.12/site-packages/airflow/example_dags/example_nested_branch_dag.py
[2025-02-26T01:24:28.318+0000] {logging_mixin.py:188} INFO - [2025-02-26T01:24:28.318+0000] {dag.py:3096} INFO - Sync 1 DAGs
[2025-02-26T01:24:28.351+0000] {logging_mixin.py:188} INFO - [2025-02-26T01:24:28.350+0000] {dag.py:3954} INFO - Setting next_dagrun for example_nested_branch_dag to 2025-02-25 00:00:00+00:00, run_after=2025-02-26 00:00:00+00:00
[2025-02-26T01:24:28.376+0000] {processor.py:183} INFO - Processing /home/airflow/.local/lib/python3.12/site-packages/airflow/example_dags/example_nested_branch_dag.py took 0.108 seconds
[2025-02-26T01:24:59.326+0000] {processor.py:161} INFO - Started process (PID=735) to work on /home/airflow/.local/lib/python3.12/site-packages/airflow/example_dags/example_nested_branch_dag.py
[2025-02-26T01:24:59.327+0000] {processor.py:830} INFO - Processing file /home/airflow/.local/lib/python3.12/site-packages/airflow/example_dags/example_nested_branch_dag.py for tasks to queue
[2025-02-26T01:24:59.329+0000] {logging_mixin.py:188} INFO - [2025-02-26T01:24:59.329+0000] {dagbag.py:540} INFO - Filling up the DagBag from /home/airflow/.local/lib/python3.12/site-packages/airflow/example_dags/example_nested_branch_dag.py
[2025-02-26T01:24:59.341+0000] {processor.py:840} INFO - DAG(s) 'example_nested_branch_dag' retrieved from /home/airflow/.local/lib/python3.12/site-packages/airflow/example_dags/example_nested_branch_dag.py
[2025-02-26T01:24:59.372+0000] {logging_mixin.py:188} INFO - [2025-02-26T01:24:59.371+0000] {dag.py:3096} INFO - Sync 1 DAGs
[2025-02-26T01:24:59.408+0000] {logging_mixin.py:188} INFO - [2025-02-26T01:24:59.407+0000] {dag.py:3954} INFO - Setting next_dagrun for example_nested_branch_dag to 2025-02-25 00:00:00+00:00, run_after=2025-02-26 00:00:00+00:00
[2025-02-26T01:24:59.430+0000] {processor.py:183} INFO - Processing /home/airflow/.local/lib/python3.12/site-packages/airflow/example_dags/example_nested_branch_dag.py took 0.112 seconds
[2025-02-26T01:25:29.838+0000] {processor.py:161} INFO - Started process (PID=793) to work on /home/airflow/.local/lib/python3.12/site-packages/airflow/example_dags/example_nested_branch_dag.py
[2025-02-26T01:25:29.839+0000] {processor.py:830} INFO - Processing file /home/airflow/.local/lib/python3.12/site-packages/airflow/example_dags/example_nested_branch_dag.py for tasks to queue
[2025-02-26T01:25:29.842+0000] {logging_mixin.py:188} INFO - [2025-02-26T01:25:29.842+0000] {dagbag.py:540} INFO - Filling up the DagBag from /home/airflow/.local/lib/python3.12/site-packages/airflow/example_dags/example_nested_branch_dag.py
[2025-02-26T01:25:29.852+0000] {processor.py:840} INFO - DAG(s) 'example_nested_branch_dag' retrieved from /home/airflow/.local/lib/python3.12/site-packages/airflow/example_dags/example_nested_branch_dag.py
[2025-02-26T01:25:29.876+0000] {logging_mixin.py:188} INFO - [2025-02-26T01:25:29.875+0000] {dag.py:3096} INFO - Sync 1 DAGs
[2025-02-26T01:25:29.900+0000] {logging_mixin.py:188} INFO - [2025-02-26T01:25:29.899+0000] {dag.py:3954} INFO - Setting next_dagrun for example_nested_branch_dag to 2025-02-25 00:00:00+00:00, run_after=2025-02-26 00:00:00+00:00
[2025-02-26T01:25:29.938+0000] {processor.py:183} INFO - Processing /home/airflow/.local/lib/python3.12/site-packages/airflow/example_dags/example_nested_branch_dag.py took 0.107 seconds
[2025-02-26T01:26:00.098+0000] {processor.py:161} INFO - Started process (PID=853) to work on /home/airflow/.local/lib/python3.12/site-packages/airflow/example_dags/example_nested_branch_dag.py
[2025-02-26T01:26:00.100+0000] {processor.py:830} INFO - Processing file /home/airflow/.local/lib/python3.12/site-packages/airflow/example_dags/example_nested_branch_dag.py for tasks to queue
[2025-02-26T01:26:00.102+0000] {logging_mixin.py:188} INFO - [2025-02-26T01:26:00.102+0000] {dagbag.py:540} INFO - Filling up the DagBag from /home/airflow/.local/lib/python3.12/site-packages/airflow/example_dags/example_nested_branch_dag.py
[2025-02-26T01:26:00.113+0000] {processor.py:840} INFO - DAG(s) 'example_nested_branch_dag' retrieved from /home/airflow/.local/lib/python3.12/site-packages/airflow/example_dags/example_nested_branch_dag.py
[2025-02-26T01:26:00.141+0000] {logging_mixin.py:188} INFO - [2025-02-26T01:26:00.141+0000] {dag.py:3096} INFO - Sync 1 DAGs
[2025-02-26T01:26:00.167+0000] {logging_mixin.py:188} INFO - [2025-02-26T01:26:00.166+0000] {dag.py:3954} INFO - Setting next_dagrun for example_nested_branch_dag to 2025-02-25 00:00:00+00:00, run_after=2025-02-26 00:00:00+00:00
[2025-02-26T01:26:00.192+0000] {processor.py:183} INFO - Processing /home/airflow/.local/lib/python3.12/site-packages/airflow/example_dags/example_nested_branch_dag.py took 0.100 seconds
[2025-02-26T01:26:30.577+0000] {processor.py:161} INFO - Started process (PID=913) to work on /home/airflow/.local/lib/python3.12/site-packages/airflow/example_dags/example_nested_branch_dag.py
[2025-02-26T01:26:30.579+0000] {processor.py:830} INFO - Processing file /home/airflow/.local/lib/python3.12/site-packages/airflow/example_dags/example_nested_branch_dag.py for tasks to queue
[2025-02-26T01:26:30.583+0000] {logging_mixin.py:188} INFO - [2025-02-26T01:26:30.582+0000] {dagbag.py:540} INFO - Filling up the DagBag from /home/airflow/.local/lib/python3.12/site-packages/airflow/example_dags/example_nested_branch_dag.py
[2025-02-26T01:26:30.605+0000] {processor.py:840} INFO - DAG(s) 'example_nested_branch_dag' retrieved from /home/airflow/.local/lib/python3.12/site-packages/airflow/example_dags/example_nested_branch_dag.py
[2025-02-26T01:26:30.646+0000] {logging_mixin.py:188} INFO - [2025-02-26T01:26:30.646+0000] {dag.py:3096} INFO - Sync 1 DAGs
[2025-02-26T01:26:30.699+0000] {logging_mixin.py:188} INFO - [2025-02-26T01:26:30.699+0000] {dag.py:3954} INFO - Setting next_dagrun for example_nested_branch_dag to 2025-02-25 00:00:00+00:00, run_after=2025-02-26 00:00:00+00:00
[2025-02-26T01:26:30.761+0000] {processor.py:183} INFO - Processing /home/airflow/.local/lib/python3.12/site-packages/airflow/example_dags/example_nested_branch_dag.py took 0.197 seconds
[2025-02-26T01:27:01.171+0000] {processor.py:161} INFO - Started process (PID=973) to work on /home/airflow/.local/lib/python3.12/site-packages/airflow/example_dags/example_nested_branch_dag.py
[2025-02-26T01:27:01.172+0000] {processor.py:830} INFO - Processing file /home/airflow/.local/lib/python3.12/site-packages/airflow/example_dags/example_nested_branch_dag.py for tasks to queue
[2025-02-26T01:27:01.175+0000] {logging_mixin.py:188} INFO - [2025-02-26T01:27:01.174+0000] {dagbag.py:540} INFO - Filling up the DagBag from /home/airflow/.local/lib/python3.12/site-packages/airflow/example_dags/example_nested_branch_dag.py
[2025-02-26T01:27:01.185+0000] {processor.py:840} INFO - DAG(s) 'example_nested_branch_dag' retrieved from /home/airflow/.local/lib/python3.12/site-packages/airflow/example_dags/example_nested_branch_dag.py
[2025-02-26T01:27:01.208+0000] {logging_mixin.py:188} INFO - [2025-02-26T01:27:01.208+0000] {dag.py:3096} INFO - Sync 1 DAGs
[2025-02-26T01:27:01.233+0000] {logging_mixin.py:188} INFO - [2025-02-26T01:27:01.232+0000] {dag.py:3954} INFO - Setting next_dagrun for example_nested_branch_dag to 2025-02-25 00:00:00+00:00, run_after=2025-02-26 00:00:00+00:00
[2025-02-26T01:27:01.254+0000] {processor.py:183} INFO - Processing /home/airflow/.local/lib/python3.12/site-packages/airflow/example_dags/example_nested_branch_dag.py took 0.089 seconds
[2025-02-26T01:27:31.487+0000] {processor.py:161} INFO - Started process (PID=1033) to work on /home/airflow/.local/lib/python3.12/site-packages/airflow/example_dags/example_nested_branch_dag.py
[2025-02-26T01:27:31.488+0000] {processor.py:830} INFO - Processing file /home/airflow/.local/lib/python3.12/site-packages/airflow/example_dags/example_nested_branch_dag.py for tasks to queue
[2025-02-26T01:27:31.491+0000] {logging_mixin.py:188} INFO - [2025-02-26T01:27:31.490+0000] {dagbag.py:540} INFO - Filling up the DagBag from /home/airflow/.local/lib/python3.12/site-packages/airflow/example_dags/example_nested_branch_dag.py
[2025-02-26T01:27:31.505+0000] {processor.py:840} INFO - DAG(s) 'example_nested_branch_dag' retrieved from /home/airflow/.local/lib/python3.12/site-packages/airflow/example_dags/example_nested_branch_dag.py
[2025-02-26T01:27:31.529+0000] {logging_mixin.py:188} INFO - [2025-02-26T01:27:31.529+0000] {dag.py:3096} INFO - Sync 1 DAGs
[2025-02-26T01:27:31.558+0000] {logging_mixin.py:188} INFO - [2025-02-26T01:27:31.558+0000] {dag.py:3954} INFO - Setting next_dagrun for example_nested_branch_dag to 2025-02-25 00:00:00+00:00, run_after=2025-02-26 00:00:00+00:00
[2025-02-26T01:27:31.586+0000] {processor.py:183} INFO - Processing /home/airflow/.local/lib/python3.12/site-packages/airflow/example_dags/example_nested_branch_dag.py took 0.106 seconds
[2025-02-26T01:28:02.246+0000] {processor.py:161} INFO - Started process (PID=1093) to work on /home/airflow/.local/lib/python3.12/site-packages/airflow/example_dags/example_nested_branch_dag.py
[2025-02-26T01:28:02.247+0000] {processor.py:830} INFO - Processing file /home/airflow/.local/lib/python3.12/site-packages/airflow/example_dags/example_nested_branch_dag.py for tasks to queue
[2025-02-26T01:28:02.250+0000] {logging_mixin.py:188} INFO - [2025-02-26T01:28:02.250+0000] {dagbag.py:540} INFO - Filling up the DagBag from /home/airflow/.local/lib/python3.12/site-packages/airflow/example_dags/example_nested_branch_dag.py
[2025-02-26T01:28:02.263+0000] {processor.py:840} INFO - DAG(s) 'example_nested_branch_dag' retrieved from /home/airflow/.local/lib/python3.12/site-packages/airflow/example_dags/example_nested_branch_dag.py
[2025-02-26T01:28:02.300+0000] {logging_mixin.py:188} INFO - [2025-02-26T01:28:02.300+0000] {dag.py:3096} INFO - Sync 1 DAGs
[2025-02-26T01:28:02.337+0000] {logging_mixin.py:188} INFO - [2025-02-26T01:28:02.337+0000] {dag.py:3954} INFO - Setting next_dagrun for example_nested_branch_dag to 2025-02-25 00:00:00+00:00, run_after=2025-02-26 00:00:00+00:00
[2025-02-26T01:28:02.366+0000] {processor.py:183} INFO - Processing /home/airflow/.local/lib/python3.12/site-packages/airflow/example_dags/example_nested_branch_dag.py took 0.128 seconds
[2025-02-26T01:28:33.303+0000] {processor.py:161} INFO - Started process (PID=1153) to work on /home/airflow/.local/lib/python3.12/site-packages/airflow/example_dags/example_nested_branch_dag.py
[2025-02-26T01:28:33.305+0000] {processor.py:830} INFO - Processing file /home/airflow/.local/lib/python3.12/site-packages/airflow/example_dags/example_nested_branch_dag.py for tasks to queue
[2025-02-26T01:28:33.308+0000] {logging_mixin.py:188} INFO - [2025-02-26T01:28:33.308+0000] {dagbag.py:540} INFO - Filling up the DagBag from /home/airflow/.local/lib/python3.12/site-packages/airflow/example_dags/example_nested_branch_dag.py
[2025-02-26T01:28:33.327+0000] {processor.py:840} INFO - DAG(s) 'example_nested_branch_dag' retrieved from /home/airflow/.local/lib/python3.12/site-packages/airflow/example_dags/example_nested_branch_dag.py
[2025-02-26T01:28:33.347+0000] {logging_mixin.py:188} INFO - [2025-02-26T01:28:33.347+0000] {dag.py:3096} INFO - Sync 1 DAGs
[2025-02-26T01:28:33.370+0000] {logging_mixin.py:188} INFO - [2025-02-26T01:28:33.370+0000] {dag.py:3954} INFO - Setting next_dagrun for example_nested_branch_dag to 2025-02-25 00:00:00+00:00, run_after=2025-02-26 00:00:00+00:00
[2025-02-26T01:28:33.391+0000] {processor.py:183} INFO - Processing /home/airflow/.local/lib/python3.12/site-packages/airflow/example_dags/example_nested_branch_dag.py took 0.099 seconds
[2025-02-26T01:29:03.445+0000] {processor.py:161} INFO - Started process (PID=1213) to work on /home/airflow/.local/lib/python3.12/site-packages/airflow/example_dags/example_nested_branch_dag.py
[2025-02-26T01:29:03.446+0000] {processor.py:830} INFO - Processing file /home/airflow/.local/lib/python3.12/site-packages/airflow/example_dags/example_nested_branch_dag.py for tasks to queue
[2025-02-26T01:29:03.448+0000] {logging_mixin.py:188} INFO - [2025-02-26T01:29:03.448+0000] {dagbag.py:540} INFO - Filling up the DagBag from /home/airflow/.local/lib/python3.12/site-packages/airflow/example_dags/example_nested_branch_dag.py
[2025-02-26T01:29:03.459+0000] {processor.py:840} INFO - DAG(s) 'example_nested_branch_dag' retrieved from /home/airflow/.local/lib/python3.12/site-packages/airflow/example_dags/example_nested_branch_dag.py
[2025-02-26T01:29:03.661+0000] {logging_mixin.py:188} INFO - [2025-02-26T01:29:03.660+0000] {dag.py:3096} INFO - Sync 1 DAGs
[2025-02-26T01:29:03.691+0000] {logging_mixin.py:188} INFO - [2025-02-26T01:29:03.691+0000] {dag.py:3954} INFO - Setting next_dagrun for example_nested_branch_dag to 2025-02-25 00:00:00+00:00, run_after=2025-02-26 00:00:00+00:00
[2025-02-26T01:29:03.712+0000] {processor.py:183} INFO - Processing /home/airflow/.local/lib/python3.12/site-packages/airflow/example_dags/example_nested_branch_dag.py took 0.274 seconds
[2025-02-26T01:29:34.017+0000] {processor.py:161} INFO - Started process (PID=1273) to work on /home/airflow/.local/lib/python3.12/site-packages/airflow/example_dags/example_nested_branch_dag.py
[2025-02-26T01:29:34.019+0000] {processor.py:830} INFO - Processing file /home/airflow/.local/lib/python3.12/site-packages/airflow/example_dags/example_nested_branch_dag.py for tasks to queue
[2025-02-26T01:29:34.022+0000] {logging_mixin.py:188} INFO - [2025-02-26T01:29:34.021+0000] {dagbag.py:540} INFO - Filling up the DagBag from /home/airflow/.local/lib/python3.12/site-packages/airflow/example_dags/example_nested_branch_dag.py
[2025-02-26T01:29:34.036+0000] {processor.py:840} INFO - DAG(s) 'example_nested_branch_dag' retrieved from /home/airflow/.local/lib/python3.12/site-packages/airflow/example_dags/example_nested_branch_dag.py
[2025-02-26T01:29:34.063+0000] {logging_mixin.py:188} INFO - [2025-02-26T01:29:34.063+0000] {dag.py:3096} INFO - Sync 1 DAGs
[2025-02-26T01:29:34.093+0000] {logging_mixin.py:188} INFO - [2025-02-26T01:29:34.092+0000] {dag.py:3954} INFO - Setting next_dagrun for example_nested_branch_dag to 2025-02-25 00:00:00+00:00, run_after=2025-02-26 00:00:00+00:00
[2025-02-26T01:29:34.116+0000] {processor.py:183} INFO - Processing /home/airflow/.local/lib/python3.12/site-packages/airflow/example_dags/example_nested_branch_dag.py took 0.107 seconds
[2025-02-26T01:30:04.350+0000] {processor.py:161} INFO - Started process (PID=1333) to work on /home/airflow/.local/lib/python3.12/site-packages/airflow/example_dags/example_nested_branch_dag.py
[2025-02-26T01:30:04.352+0000] {processor.py:830} INFO - Processing file /home/airflow/.local/lib/python3.12/site-packages/airflow/example_dags/example_nested_branch_dag.py for tasks to queue
[2025-02-26T01:30:04.355+0000] {logging_mixin.py:188} INFO - [2025-02-26T01:30:04.354+0000] {dagbag.py:540} INFO - Filling up the DagBag from /home/airflow/.local/lib/python3.12/site-packages/airflow/example_dags/example_nested_branch_dag.py
[2025-02-26T01:30:04.369+0000] {processor.py:840} INFO - DAG(s) 'example_nested_branch_dag' retrieved from /home/airflow/.local/lib/python3.12/site-packages/airflow/example_dags/example_nested_branch_dag.py
[2025-02-26T01:30:04.401+0000] {logging_mixin.py:188} INFO - [2025-02-26T01:30:04.400+0000] {dag.py:3096} INFO - Sync 1 DAGs
[2025-02-26T01:30:04.428+0000] {logging_mixin.py:188} INFO - [2025-02-26T01:30:04.428+0000] {dag.py:3954} INFO - Setting next_dagrun for example_nested_branch_dag to 2025-02-25 00:00:00+00:00, run_after=2025-02-26 00:00:00+00:00
[2025-02-26T01:30:04.450+0000] {processor.py:183} INFO - Processing /home/airflow/.local/lib/python3.12/site-packages/airflow/example_dags/example_nested_branch_dag.py took 0.109 seconds
[2025-02-26T01:30:35.231+0000] {processor.py:161} INFO - Started process (PID=1398) to work on /home/airflow/.local/lib/python3.12/site-packages/airflow/example_dags/example_nested_branch_dag.py
[2025-02-26T01:30:35.232+0000] {processor.py:830} INFO - Processing file /home/airflow/.local/lib/python3.12/site-packages/airflow/example_dags/example_nested_branch_dag.py for tasks to queue
[2025-02-26T01:30:35.236+0000] {logging_mixin.py:188} INFO - [2025-02-26T01:30:35.235+0000] {dagbag.py:540} INFO - Filling up the DagBag from /home/airflow/.local/lib/python3.12/site-packages/airflow/example_dags/example_nested_branch_dag.py
[2025-02-26T01:30:35.255+0000] {processor.py:840} INFO - DAG(s) 'example_nested_branch_dag' retrieved from /home/airflow/.local/lib/python3.12/site-packages/airflow/example_dags/example_nested_branch_dag.py
[2025-02-26T01:30:35.346+0000] {logging_mixin.py:188} INFO - [2025-02-26T01:30:35.345+0000] {dag.py:3096} INFO - Sync 1 DAGs
[2025-02-26T01:30:35.411+0000] {logging_mixin.py:188} INFO - [2025-02-26T01:30:35.411+0000] {dag.py:3954} INFO - Setting next_dagrun for example_nested_branch_dag to 2025-02-25 00:00:00+00:00, run_after=2025-02-26 00:00:00+00:00
[2025-02-26T01:30:35.449+0000] {processor.py:183} INFO - Processing /home/airflow/.local/lib/python3.12/site-packages/airflow/example_dags/example_nested_branch_dag.py took 0.229 seconds
[2025-02-26T01:31:05.711+0000] {processor.py:161} INFO - Started process (PID=1458) to work on /home/airflow/.local/lib/python3.12/site-packages/airflow/example_dags/example_nested_branch_dag.py
[2025-02-26T01:31:05.713+0000] {processor.py:830} INFO - Processing file /home/airflow/.local/lib/python3.12/site-packages/airflow/example_dags/example_nested_branch_dag.py for tasks to queue
[2025-02-26T01:31:05.715+0000] {logging_mixin.py:188} INFO - [2025-02-26T01:31:05.715+0000] {dagbag.py:540} INFO - Filling up the DagBag from /home/airflow/.local/lib/python3.12/site-packages/airflow/example_dags/example_nested_branch_dag.py
[2025-02-26T01:31:05.726+0000] {processor.py:840} INFO - DAG(s) 'example_nested_branch_dag' retrieved from /home/airflow/.local/lib/python3.12/site-packages/airflow/example_dags/example_nested_branch_dag.py
[2025-02-26T01:31:05.778+0000] {logging_mixin.py:188} INFO - [2025-02-26T01:31:05.778+0000] {dag.py:3096} INFO - Sync 1 DAGs
[2025-02-26T01:31:05.821+0000] {logging_mixin.py:188} INFO - [2025-02-26T01:31:05.821+0000] {dag.py:3954} INFO - Setting next_dagrun for example_nested_branch_dag to 2025-02-25 00:00:00+00:00, run_after=2025-02-26 00:00:00+00:00
[2025-02-26T01:31:05.926+0000] {processor.py:183} INFO - Processing /home/airflow/.local/lib/python3.12/site-packages/airflow/example_dags/example_nested_branch_dag.py took 0.225 seconds
[2025-02-26T01:31:36.875+0000] {processor.py:161} INFO - Started process (PID=1518) to work on /home/airflow/.local/lib/python3.12/site-packages/airflow/example_dags/example_nested_branch_dag.py
[2025-02-26T01:31:36.905+0000] {processor.py:830} INFO - Processing file /home/airflow/.local/lib/python3.12/site-packages/airflow/example_dags/example_nested_branch_dag.py for tasks to queue
[2025-02-26T01:31:36.963+0000] {logging_mixin.py:188} INFO - [2025-02-26T01:31:36.963+0000] {dagbag.py:540} INFO - Filling up the DagBag from /home/airflow/.local/lib/python3.12/site-packages/airflow/example_dags/example_nested_branch_dag.py
[2025-02-26T01:31:36.979+0000] {processor.py:840} INFO - DAG(s) 'example_nested_branch_dag' retrieved from /home/airflow/.local/lib/python3.12/site-packages/airflow/example_dags/example_nested_branch_dag.py
[2025-02-26T01:31:37.008+0000] {logging_mixin.py:188} INFO - [2025-02-26T01:31:37.008+0000] {dag.py:3096} INFO - Sync 1 DAGs
[2025-02-26T01:31:37.041+0000] {logging_mixin.py:188} INFO - [2025-02-26T01:31:37.041+0000] {dag.py:3954} INFO - Setting next_dagrun for example_nested_branch_dag to 2025-02-25 00:00:00+00:00, run_after=2025-02-26 00:00:00+00:00
[2025-02-26T01:31:37.196+0000] {processor.py:183} INFO - Processing /home/airflow/.local/lib/python3.12/site-packages/airflow/example_dags/example_nested_branch_dag.py took 0.335 seconds
[2025-02-26T01:32:07.520+0000] {processor.py:161} INFO - Started process (PID=1578) to work on /home/airflow/.local/lib/python3.12/site-packages/airflow/example_dags/example_nested_branch_dag.py
[2025-02-26T01:32:07.522+0000] {processor.py:830} INFO - Processing file /home/airflow/.local/lib/python3.12/site-packages/airflow/example_dags/example_nested_branch_dag.py for tasks to queue
[2025-02-26T01:32:07.525+0000] {logging_mixin.py:188} INFO - [2025-02-26T01:32:07.524+0000] {dagbag.py:540} INFO - Filling up the DagBag from /home/airflow/.local/lib/python3.12/site-packages/airflow/example_dags/example_nested_branch_dag.py
[2025-02-26T01:32:07.543+0000] {processor.py:840} INFO - DAG(s) 'example_nested_branch_dag' retrieved from /home/airflow/.local/lib/python3.12/site-packages/airflow/example_dags/example_nested_branch_dag.py
[2025-02-26T01:32:07.565+0000] {logging_mixin.py:188} INFO - [2025-02-26T01:32:07.565+0000] {dag.py:3096} INFO - Sync 1 DAGs
[2025-02-26T01:32:07.591+0000] {logging_mixin.py:188} INFO - [2025-02-26T01:32:07.591+0000] {dag.py:3954} INFO - Setting next_dagrun for example_nested_branch_dag to 2025-02-25 00:00:00+00:00, run_after=2025-02-26 00:00:00+00:00
[2025-02-26T01:32:07.614+0000] {processor.py:183} INFO - Processing /home/airflow/.local/lib/python3.12/site-packages/airflow/example_dags/example_nested_branch_dag.py took 0.103 seconds
[2025-02-26T01:32:38.511+0000] {processor.py:161} INFO - Started process (PID=1639) to work on /home/airflow/.local/lib/python3.12/site-packages/airflow/example_dags/example_nested_branch_dag.py
[2025-02-26T01:32:38.513+0000] {processor.py:830} INFO - Processing file /home/airflow/.local/lib/python3.12/site-packages/airflow/example_dags/example_nested_branch_dag.py for tasks to queue
[2025-02-26T01:32:38.518+0000] {logging_mixin.py:188} INFO - [2025-02-26T01:32:38.517+0000] {dagbag.py:540} INFO - Filling up the DagBag from /home/airflow/.local/lib/python3.12/site-packages/airflow/example_dags/example_nested_branch_dag.py
[2025-02-26T01:32:38.575+0000] {processor.py:840} INFO - DAG(s) 'example_nested_branch_dag' retrieved from /home/airflow/.local/lib/python3.12/site-packages/airflow/example_dags/example_nested_branch_dag.py
[2025-02-26T01:32:38.665+0000] {logging_mixin.py:188} INFO - [2025-02-26T01:32:38.664+0000] {dag.py:3096} INFO - Sync 1 DAGs
[2025-02-26T01:32:38.756+0000] {logging_mixin.py:188} INFO - [2025-02-26T01:32:38.755+0000] {dag.py:3954} INFO - Setting next_dagrun for example_nested_branch_dag to 2025-02-25 00:00:00+00:00, run_after=2025-02-26 00:00:00+00:00
[2025-02-26T01:32:38.820+0000] {processor.py:183} INFO - Processing /home/airflow/.local/lib/python3.12/site-packages/airflow/example_dags/example_nested_branch_dag.py took 0.324 seconds
[2025-02-26T01:33:09.637+0000] {processor.py:161} INFO - Started process (PID=1699) to work on /home/airflow/.local/lib/python3.12/site-packages/airflow/example_dags/example_nested_branch_dag.py
[2025-02-26T01:33:09.639+0000] {processor.py:830} INFO - Processing file /home/airflow/.local/lib/python3.12/site-packages/airflow/example_dags/example_nested_branch_dag.py for tasks to queue
[2025-02-26T01:33:09.641+0000] {logging_mixin.py:188} INFO - [2025-02-26T01:33:09.641+0000] {dagbag.py:540} INFO - Filling up the DagBag from /home/airflow/.local/lib/python3.12/site-packages/airflow/example_dags/example_nested_branch_dag.py
[2025-02-26T01:33:09.652+0000] {processor.py:840} INFO - DAG(s) 'example_nested_branch_dag' retrieved from /home/airflow/.local/lib/python3.12/site-packages/airflow/example_dags/example_nested_branch_dag.py
[2025-02-26T01:33:09.676+0000] {logging_mixin.py:188} INFO - [2025-02-26T01:33:09.676+0000] {dag.py:3096} INFO - Sync 1 DAGs
[2025-02-26T01:33:09.700+0000] {logging_mixin.py:188} INFO - [2025-02-26T01:33:09.700+0000] {dag.py:3954} INFO - Setting next_dagrun for example_nested_branch_dag to 2025-02-25 00:00:00+00:00, run_after=2025-02-26 00:00:00+00:00
[2025-02-26T01:33:09.725+0000] {processor.py:183} INFO - Processing /home/airflow/.local/lib/python3.12/site-packages/airflow/example_dags/example_nested_branch_dag.py took 0.094 seconds
[2025-02-26T01:33:40.196+0000] {processor.py:161} INFO - Started process (PID=1759) to work on /home/airflow/.local/lib/python3.12/site-packages/airflow/example_dags/example_nested_branch_dag.py
[2025-02-26T01:33:40.197+0000] {processor.py:830} INFO - Processing file /home/airflow/.local/lib/python3.12/site-packages/airflow/example_dags/example_nested_branch_dag.py for tasks to queue
[2025-02-26T01:33:40.199+0000] {logging_mixin.py:188} INFO - [2025-02-26T01:33:40.199+0000] {dagbag.py:540} INFO - Filling up the DagBag from /home/airflow/.local/lib/python3.12/site-packages/airflow/example_dags/example_nested_branch_dag.py
[2025-02-26T01:33:40.210+0000] {processor.py:840} INFO - DAG(s) 'example_nested_branch_dag' retrieved from /home/airflow/.local/lib/python3.12/site-packages/airflow/example_dags/example_nested_branch_dag.py
[2025-02-26T01:33:40.233+0000] {logging_mixin.py:188} INFO - [2025-02-26T01:33:40.232+0000] {dag.py:3096} INFO - Sync 1 DAGs
[2025-02-26T01:33:40.255+0000] {logging_mixin.py:188} INFO - [2025-02-26T01:33:40.254+0000] {dag.py:3954} INFO - Setting next_dagrun for example_nested_branch_dag to 2025-02-25 00:00:00+00:00, run_after=2025-02-26 00:00:00+00:00
[2025-02-26T01:33:40.274+0000] {processor.py:183} INFO - Processing /home/airflow/.local/lib/python3.12/site-packages/airflow/example_dags/example_nested_branch_dag.py took 0.086 seconds
[2025-02-26T01:34:10.502+0000] {processor.py:161} INFO - Started process (PID=1819) to work on /home/airflow/.local/lib/python3.12/site-packages/airflow/example_dags/example_nested_branch_dag.py
[2025-02-26T01:34:10.503+0000] {processor.py:830} INFO - Processing file /home/airflow/.local/lib/python3.12/site-packages/airflow/example_dags/example_nested_branch_dag.py for tasks to queue
[2025-02-26T01:34:10.506+0000] {logging_mixin.py:188} INFO - [2025-02-26T01:34:10.505+0000] {dagbag.py:540} INFO - Filling up the DagBag from /home/airflow/.local/lib/python3.12/site-packages/airflow/example_dags/example_nested_branch_dag.py
[2025-02-26T01:34:10.519+0000] {processor.py:840} INFO - DAG(s) 'example_nested_branch_dag' retrieved from /home/airflow/.local/lib/python3.12/site-packages/airflow/example_dags/example_nested_branch_dag.py
[2025-02-26T01:34:10.550+0000] {logging_mixin.py:188} INFO - [2025-02-26T01:34:10.549+0000] {dag.py:3096} INFO - Sync 1 DAGs
[2025-02-26T01:34:10.579+0000] {logging_mixin.py:188} INFO - [2025-02-26T01:34:10.579+0000] {dag.py:3954} INFO - Setting next_dagrun for example_nested_branch_dag to 2025-02-25 00:00:00+00:00, run_after=2025-02-26 00:00:00+00:00
[2025-02-26T01:34:10.607+0000] {processor.py:183} INFO - Processing /home/airflow/.local/lib/python3.12/site-packages/airflow/example_dags/example_nested_branch_dag.py took 0.112 seconds
[2025-02-26T01:34:41.531+0000] {processor.py:161} INFO - Started process (PID=1879) to work on /home/airflow/.local/lib/python3.12/site-packages/airflow/example_dags/example_nested_branch_dag.py
[2025-02-26T01:34:41.532+0000] {processor.py:830} INFO - Processing file /home/airflow/.local/lib/python3.12/site-packages/airflow/example_dags/example_nested_branch_dag.py for tasks to queue
[2025-02-26T01:34:41.534+0000] {logging_mixin.py:188} INFO - [2025-02-26T01:34:41.534+0000] {dagbag.py:540} INFO - Filling up the DagBag from /home/airflow/.local/lib/python3.12/site-packages/airflow/example_dags/example_nested_branch_dag.py
[2025-02-26T01:34:41.545+0000] {processor.py:840} INFO - DAG(s) 'example_nested_branch_dag' retrieved from /home/airflow/.local/lib/python3.12/site-packages/airflow/example_dags/example_nested_branch_dag.py
[2025-02-26T01:34:41.567+0000] {logging_mixin.py:188} INFO - [2025-02-26T01:34:41.567+0000] {dag.py:3096} INFO - Sync 1 DAGs
[2025-02-26T01:34:41.591+0000] {logging_mixin.py:188} INFO - [2025-02-26T01:34:41.591+0000] {dag.py:3954} INFO - Setting next_dagrun for example_nested_branch_dag to 2025-02-25 00:00:00+00:00, run_after=2025-02-26 00:00:00+00:00
[2025-02-26T01:34:41.611+0000] {processor.py:183} INFO - Processing /home/airflow/.local/lib/python3.12/site-packages/airflow/example_dags/example_nested_branch_dag.py took 0.088 seconds
[2025-02-26T01:35:12.175+0000] {processor.py:161} INFO - Started process (PID=1939) to work on /home/airflow/.local/lib/python3.12/site-packages/airflow/example_dags/example_nested_branch_dag.py
[2025-02-26T01:35:12.177+0000] {processor.py:830} INFO - Processing file /home/airflow/.local/lib/python3.12/site-packages/airflow/example_dags/example_nested_branch_dag.py for tasks to queue
[2025-02-26T01:35:12.179+0000] {logging_mixin.py:188} INFO - [2025-02-26T01:35:12.178+0000] {dagbag.py:540} INFO - Filling up the DagBag from /home/airflow/.local/lib/python3.12/site-packages/airflow/example_dags/example_nested_branch_dag.py
[2025-02-26T01:35:12.190+0000] {processor.py:840} INFO - DAG(s) 'example_nested_branch_dag' retrieved from /home/airflow/.local/lib/python3.12/site-packages/airflow/example_dags/example_nested_branch_dag.py
[2025-02-26T01:35:12.217+0000] {logging_mixin.py:188} INFO - [2025-02-26T01:35:12.217+0000] {dag.py:3096} INFO - Sync 1 DAGs
[2025-02-26T01:35:12.253+0000] {logging_mixin.py:188} INFO - [2025-02-26T01:35:12.253+0000] {dag.py:3954} INFO - Setting next_dagrun for example_nested_branch_dag to 2025-02-25 00:00:00+00:00, run_after=2025-02-26 00:00:00+00:00
[2025-02-26T01:35:12.276+0000] {processor.py:183} INFO - Processing /home/airflow/.local/lib/python3.12/site-packages/airflow/example_dags/example_nested_branch_dag.py took 0.107 seconds
[2025-02-26T01:35:42.324+0000] {processor.py:161} INFO - Started process (PID=1999) to work on /home/airflow/.local/lib/python3.12/site-packages/airflow/example_dags/example_nested_branch_dag.py
[2025-02-26T01:35:42.326+0000] {processor.py:830} INFO - Processing file /home/airflow/.local/lib/python3.12/site-packages/airflow/example_dags/example_nested_branch_dag.py for tasks to queue
[2025-02-26T01:35:42.331+0000] {logging_mixin.py:188} INFO - [2025-02-26T01:35:42.330+0000] {dagbag.py:540} INFO - Filling up the DagBag from /home/airflow/.local/lib/python3.12/site-packages/airflow/example_dags/example_nested_branch_dag.py
[2025-02-26T01:35:42.354+0000] {processor.py:840} INFO - DAG(s) 'example_nested_branch_dag' retrieved from /home/airflow/.local/lib/python3.12/site-packages/airflow/example_dags/example_nested_branch_dag.py
[2025-02-26T01:35:42.393+0000] {logging_mixin.py:188} INFO - [2025-02-26T01:35:42.393+0000] {dag.py:3096} INFO - Sync 1 DAGs
[2025-02-26T01:35:42.433+0000] {logging_mixin.py:188} INFO - [2025-02-26T01:35:42.432+0000] {dag.py:3954} INFO - Setting next_dagrun for example_nested_branch_dag to 2025-02-25 00:00:00+00:00, run_after=2025-02-26 00:00:00+00:00
[2025-02-26T01:35:42.472+0000] {processor.py:183} INFO - Processing /home/airflow/.local/lib/python3.12/site-packages/airflow/example_dags/example_nested_branch_dag.py took 0.161 seconds
[2025-02-26T01:36:13.070+0000] {processor.py:161} INFO - Started process (PID=2060) to work on /home/airflow/.local/lib/python3.12/site-packages/airflow/example_dags/example_nested_branch_dag.py
[2025-02-26T01:36:13.072+0000] {processor.py:830} INFO - Processing file /home/airflow/.local/lib/python3.12/site-packages/airflow/example_dags/example_nested_branch_dag.py for tasks to queue
[2025-02-26T01:36:13.077+0000] {logging_mixin.py:188} INFO - [2025-02-26T01:36:13.076+0000] {dagbag.py:540} INFO - Filling up the DagBag from /home/airflow/.local/lib/python3.12/site-packages/airflow/example_dags/example_nested_branch_dag.py
[2025-02-26T01:36:13.118+0000] {processor.py:840} INFO - DAG(s) 'example_nested_branch_dag' retrieved from /home/airflow/.local/lib/python3.12/site-packages/airflow/example_dags/example_nested_branch_dag.py
[2025-02-26T01:36:13.173+0000] {logging_mixin.py:188} INFO - [2025-02-26T01:36:13.172+0000] {dag.py:3096} INFO - Sync 1 DAGs
[2025-02-26T01:36:13.380+0000] {logging_mixin.py:188} INFO - [2025-02-26T01:36:13.380+0000] {dag.py:3954} INFO - Setting next_dagrun for example_nested_branch_dag to 2025-02-25 00:00:00+00:00, run_after=2025-02-26 00:00:00+00:00
[2025-02-26T01:36:13.425+0000] {processor.py:183} INFO - Processing /home/airflow/.local/lib/python3.12/site-packages/airflow/example_dags/example_nested_branch_dag.py took 0.369 seconds
[2025-02-26T01:36:44.259+0000] {processor.py:161} INFO - Started process (PID=2120) to work on /home/airflow/.local/lib/python3.12/site-packages/airflow/example_dags/example_nested_branch_dag.py
[2025-02-26T01:36:44.261+0000] {processor.py:830} INFO - Processing file /home/airflow/.local/lib/python3.12/site-packages/airflow/example_dags/example_nested_branch_dag.py for tasks to queue
[2025-02-26T01:36:44.263+0000] {logging_mixin.py:188} INFO - [2025-02-26T01:36:44.263+0000] {dagbag.py:540} INFO - Filling up the DagBag from /home/airflow/.local/lib/python3.12/site-packages/airflow/example_dags/example_nested_branch_dag.py
[2025-02-26T01:36:44.278+0000] {processor.py:840} INFO - DAG(s) 'example_nested_branch_dag' retrieved from /home/airflow/.local/lib/python3.12/site-packages/airflow/example_dags/example_nested_branch_dag.py
[2025-02-26T01:36:44.316+0000] {logging_mixin.py:188} INFO - [2025-02-26T01:36:44.316+0000] {dag.py:3096} INFO - Sync 1 DAGs
[2025-02-26T01:36:44.356+0000] {logging_mixin.py:188} INFO - [2025-02-26T01:36:44.355+0000] {dag.py:3954} INFO - Setting next_dagrun for example_nested_branch_dag to 2025-02-25 00:00:00+00:00, run_after=2025-02-26 00:00:00+00:00
[2025-02-26T01:36:44.394+0000] {processor.py:183} INFO - Processing /home/airflow/.local/lib/python3.12/site-packages/airflow/example_dags/example_nested_branch_dag.py took 0.141 seconds
[2025-02-26T01:37:14.470+0000] {processor.py:161} INFO - Started process (PID=2180) to work on /home/airflow/.local/lib/python3.12/site-packages/airflow/example_dags/example_nested_branch_dag.py
[2025-02-26T01:37:14.471+0000] {processor.py:830} INFO - Processing file /home/airflow/.local/lib/python3.12/site-packages/airflow/example_dags/example_nested_branch_dag.py for tasks to queue
[2025-02-26T01:37:14.474+0000] {logging_mixin.py:188} INFO - [2025-02-26T01:37:14.474+0000] {dagbag.py:540} INFO - Filling up the DagBag from /home/airflow/.local/lib/python3.12/site-packages/airflow/example_dags/example_nested_branch_dag.py
[2025-02-26T01:37:14.485+0000] {processor.py:840} INFO - DAG(s) 'example_nested_branch_dag' retrieved from /home/airflow/.local/lib/python3.12/site-packages/airflow/example_dags/example_nested_branch_dag.py
[2025-02-26T01:37:14.516+0000] {logging_mixin.py:188} INFO - [2025-02-26T01:37:14.516+0000] {dag.py:3096} INFO - Sync 1 DAGs
[2025-02-26T01:37:14.545+0000] {logging_mixin.py:188} INFO - [2025-02-26T01:37:14.545+0000] {dag.py:3954} INFO - Setting next_dagrun for example_nested_branch_dag to 2025-02-25 00:00:00+00:00, run_after=2025-02-26 00:00:00+00:00
[2025-02-26T01:37:14.573+0000] {processor.py:183} INFO - Processing /home/airflow/.local/lib/python3.12/site-packages/airflow/example_dags/example_nested_branch_dag.py took 0.109 seconds
[2025-02-26T01:37:44.886+0000] {processor.py:161} INFO - Started process (PID=2246) to work on /home/airflow/.local/lib/python3.12/site-packages/airflow/example_dags/example_nested_branch_dag.py
[2025-02-26T01:37:44.887+0000] {processor.py:830} INFO - Processing file /home/airflow/.local/lib/python3.12/site-packages/airflow/example_dags/example_nested_branch_dag.py for tasks to queue
[2025-02-26T01:37:44.889+0000] {logging_mixin.py:188} INFO - [2025-02-26T01:37:44.889+0000] {dagbag.py:540} INFO - Filling up the DagBag from /home/airflow/.local/lib/python3.12/site-packages/airflow/example_dags/example_nested_branch_dag.py
[2025-02-26T01:37:44.900+0000] {processor.py:840} INFO - DAG(s) 'example_nested_branch_dag' retrieved from /home/airflow/.local/lib/python3.12/site-packages/airflow/example_dags/example_nested_branch_dag.py
[2025-02-26T01:37:44.924+0000] {logging_mixin.py:188} INFO - [2025-02-26T01:37:44.924+0000] {dag.py:3096} INFO - Sync 1 DAGs
[2025-02-26T01:37:44.949+0000] {logging_mixin.py:188} INFO - [2025-02-26T01:37:44.949+0000] {dag.py:3954} INFO - Setting next_dagrun for example_nested_branch_dag to 2025-02-25 00:00:00+00:00, run_after=2025-02-26 00:00:00+00:00
[2025-02-26T01:37:44.970+0000] {processor.py:183} INFO - Processing /home/airflow/.local/lib/python3.12/site-packages/airflow/example_dags/example_nested_branch_dag.py took 0.091 seconds
[2025-02-26T01:38:15.311+0000] {processor.py:161} INFO - Started process (PID=2306) to work on /home/airflow/.local/lib/python3.12/site-packages/airflow/example_dags/example_nested_branch_dag.py
[2025-02-26T01:38:15.312+0000] {processor.py:830} INFO - Processing file /home/airflow/.local/lib/python3.12/site-packages/airflow/example_dags/example_nested_branch_dag.py for tasks to queue
[2025-02-26T01:38:15.315+0000] {logging_mixin.py:188} INFO - [2025-02-26T01:38:15.314+0000] {dagbag.py:540} INFO - Filling up the DagBag from /home/airflow/.local/lib/python3.12/site-packages/airflow/example_dags/example_nested_branch_dag.py
[2025-02-26T01:38:15.329+0000] {processor.py:840} INFO - DAG(s) 'example_nested_branch_dag' retrieved from /home/airflow/.local/lib/python3.12/site-packages/airflow/example_dags/example_nested_branch_dag.py
[2025-02-26T01:38:15.356+0000] {logging_mixin.py:188} INFO - [2025-02-26T01:38:15.355+0000] {dag.py:3096} INFO - Sync 1 DAGs
[2025-02-26T01:38:15.379+0000] {logging_mixin.py:188} INFO - [2025-02-26T01:38:15.379+0000] {dag.py:3954} INFO - Setting next_dagrun for example_nested_branch_dag to 2025-02-25 00:00:00+00:00, run_after=2025-02-26 00:00:00+00:00
[2025-02-26T01:38:15.401+0000] {processor.py:183} INFO - Processing /home/airflow/.local/lib/python3.12/site-packages/airflow/example_dags/example_nested_branch_dag.py took 0.096 seconds
[2025-02-26T01:38:45.860+0000] {processor.py:161} INFO - Started process (PID=2366) to work on /home/airflow/.local/lib/python3.12/site-packages/airflow/example_dags/example_nested_branch_dag.py
[2025-02-26T01:38:45.862+0000] {processor.py:830} INFO - Processing file /home/airflow/.local/lib/python3.12/site-packages/airflow/example_dags/example_nested_branch_dag.py for tasks to queue
[2025-02-26T01:38:45.864+0000] {logging_mixin.py:188} INFO - [2025-02-26T01:38:45.863+0000] {dagbag.py:540} INFO - Filling up the DagBag from /home/airflow/.local/lib/python3.12/site-packages/airflow/example_dags/example_nested_branch_dag.py
[2025-02-26T01:38:45.884+0000] {processor.py:840} INFO - DAG(s) 'example_nested_branch_dag' retrieved from /home/airflow/.local/lib/python3.12/site-packages/airflow/example_dags/example_nested_branch_dag.py
[2025-02-26T01:38:45.912+0000] {logging_mixin.py:188} INFO - [2025-02-26T01:38:45.911+0000] {dag.py:3096} INFO - Sync 1 DAGs
[2025-02-26T01:38:45.938+0000] {logging_mixin.py:188} INFO - [2025-02-26T01:38:45.937+0000] {dag.py:3954} INFO - Setting next_dagrun for example_nested_branch_dag to 2025-02-25 00:00:00+00:00, run_after=2025-02-26 00:00:00+00:00
[2025-02-26T01:38:45.961+0000] {processor.py:183} INFO - Processing /home/airflow/.local/lib/python3.12/site-packages/airflow/example_dags/example_nested_branch_dag.py took 0.108 seconds
[2025-02-26T01:39:16.433+0000] {processor.py:161} INFO - Started process (PID=2426) to work on /home/airflow/.local/lib/python3.12/site-packages/airflow/example_dags/example_nested_branch_dag.py
[2025-02-26T01:39:16.434+0000] {processor.py:830} INFO - Processing file /home/airflow/.local/lib/python3.12/site-packages/airflow/example_dags/example_nested_branch_dag.py for tasks to queue
[2025-02-26T01:39:16.436+0000] {logging_mixin.py:188} INFO - [2025-02-26T01:39:16.436+0000] {dagbag.py:540} INFO - Filling up the DagBag from /home/airflow/.local/lib/python3.12/site-packages/airflow/example_dags/example_nested_branch_dag.py
[2025-02-26T01:39:16.447+0000] {processor.py:840} INFO - DAG(s) 'example_nested_branch_dag' retrieved from /home/airflow/.local/lib/python3.12/site-packages/airflow/example_dags/example_nested_branch_dag.py
[2025-02-26T01:39:16.472+0000] {logging_mixin.py:188} INFO - [2025-02-26T01:39:16.471+0000] {dag.py:3096} INFO - Sync 1 DAGs
[2025-02-26T01:39:16.496+0000] {logging_mixin.py:188} INFO - [2025-02-26T01:39:16.495+0000] {dag.py:3954} INFO - Setting next_dagrun for example_nested_branch_dag to 2025-02-25 00:00:00+00:00, run_after=2025-02-26 00:00:00+00:00
[2025-02-26T01:39:16.518+0000] {processor.py:183} INFO - Processing /home/airflow/.local/lib/python3.12/site-packages/airflow/example_dags/example_nested_branch_dag.py took 0.093 seconds
[2025-02-26T01:39:46.934+0000] {processor.py:161} INFO - Started process (PID=2486) to work on /home/airflow/.local/lib/python3.12/site-packages/airflow/example_dags/example_nested_branch_dag.py
[2025-02-26T01:39:46.935+0000] {processor.py:830} INFO - Processing file /home/airflow/.local/lib/python3.12/site-packages/airflow/example_dags/example_nested_branch_dag.py for tasks to queue
[2025-02-26T01:39:46.937+0000] {logging_mixin.py:188} INFO - [2025-02-26T01:39:46.937+0000] {dagbag.py:540} INFO - Filling up the DagBag from /home/airflow/.local/lib/python3.12/site-packages/airflow/example_dags/example_nested_branch_dag.py
[2025-02-26T01:39:46.948+0000] {processor.py:840} INFO - DAG(s) 'example_nested_branch_dag' retrieved from /home/airflow/.local/lib/python3.12/site-packages/airflow/example_dags/example_nested_branch_dag.py
[2025-02-26T01:39:46.977+0000] {logging_mixin.py:188} INFO - [2025-02-26T01:39:46.977+0000] {dag.py:3096} INFO - Sync 1 DAGs
[2025-02-26T01:39:47.005+0000] {logging_mixin.py:188} INFO - [2025-02-26T01:39:47.004+0000] {dag.py:3954} INFO - Setting next_dagrun for example_nested_branch_dag to 2025-02-25 00:00:00+00:00, run_after=2025-02-26 00:00:00+00:00
[2025-02-26T01:39:47.026+0000] {processor.py:183} INFO - Processing /home/airflow/.local/lib/python3.12/site-packages/airflow/example_dags/example_nested_branch_dag.py took 0.099 seconds
[2025-02-26T01:40:17.492+0000] {processor.py:161} INFO - Started process (PID=2546) to work on /home/airflow/.local/lib/python3.12/site-packages/airflow/example_dags/example_nested_branch_dag.py
[2025-02-26T01:40:17.494+0000] {processor.py:830} INFO - Processing file /home/airflow/.local/lib/python3.12/site-packages/airflow/example_dags/example_nested_branch_dag.py for tasks to queue
[2025-02-26T01:40:17.496+0000] {logging_mixin.py:188} INFO - [2025-02-26T01:40:17.496+0000] {dagbag.py:540} INFO - Filling up the DagBag from /home/airflow/.local/lib/python3.12/site-packages/airflow/example_dags/example_nested_branch_dag.py
[2025-02-26T01:40:17.506+0000] {processor.py:840} INFO - DAG(s) 'example_nested_branch_dag' retrieved from /home/airflow/.local/lib/python3.12/site-packages/airflow/example_dags/example_nested_branch_dag.py
[2025-02-26T01:40:17.530+0000] {logging_mixin.py:188} INFO - [2025-02-26T01:40:17.530+0000] {dag.py:3096} INFO - Sync 1 DAGs
[2025-02-26T01:40:17.554+0000] {logging_mixin.py:188} INFO - [2025-02-26T01:40:17.554+0000] {dag.py:3954} INFO - Setting next_dagrun for example_nested_branch_dag to 2025-02-25 00:00:00+00:00, run_after=2025-02-26 00:00:00+00:00
[2025-02-26T01:40:17.576+0000] {processor.py:183} INFO - Processing /home/airflow/.local/lib/python3.12/site-packages/airflow/example_dags/example_nested_branch_dag.py took 0.090 seconds
[2025-02-26T01:40:47.689+0000] {processor.py:161} INFO - Started process (PID=2606) to work on /home/airflow/.local/lib/python3.12/site-packages/airflow/example_dags/example_nested_branch_dag.py
[2025-02-26T01:40:47.690+0000] {processor.py:830} INFO - Processing file /home/airflow/.local/lib/python3.12/site-packages/airflow/example_dags/example_nested_branch_dag.py for tasks to queue
[2025-02-26T01:40:47.692+0000] {logging_mixin.py:188} INFO - [2025-02-26T01:40:47.692+0000] {dagbag.py:540} INFO - Filling up the DagBag from /home/airflow/.local/lib/python3.12/site-packages/airflow/example_dags/example_nested_branch_dag.py
[2025-02-26T01:40:47.706+0000] {processor.py:840} INFO - DAG(s) 'example_nested_branch_dag' retrieved from /home/airflow/.local/lib/python3.12/site-packages/airflow/example_dags/example_nested_branch_dag.py
[2025-02-26T01:40:47.733+0000] {logging_mixin.py:188} INFO - [2025-02-26T01:40:47.733+0000] {dag.py:3096} INFO - Sync 1 DAGs
[2025-02-26T01:40:47.764+0000] {logging_mixin.py:188} INFO - [2025-02-26T01:40:47.764+0000] {dag.py:3954} INFO - Setting next_dagrun for example_nested_branch_dag to 2025-02-25 00:00:00+00:00, run_after=2025-02-26 00:00:00+00:00
[2025-02-26T01:40:47.804+0000] {processor.py:183} INFO - Processing /home/airflow/.local/lib/python3.12/site-packages/airflow/example_dags/example_nested_branch_dag.py took 0.123 seconds
[2025-02-26T01:41:18.320+0000] {processor.py:161} INFO - Started process (PID=2664) to work on /home/airflow/.local/lib/python3.12/site-packages/airflow/example_dags/example_nested_branch_dag.py
[2025-02-26T01:41:18.322+0000] {processor.py:830} INFO - Processing file /home/airflow/.local/lib/python3.12/site-packages/airflow/example_dags/example_nested_branch_dag.py for tasks to queue
[2025-02-26T01:41:18.324+0000] {logging_mixin.py:188} INFO - [2025-02-26T01:41:18.324+0000] {dagbag.py:540} INFO - Filling up the DagBag from /home/airflow/.local/lib/python3.12/site-packages/airflow/example_dags/example_nested_branch_dag.py
[2025-02-26T01:41:18.338+0000] {processor.py:840} INFO - DAG(s) 'example_nested_branch_dag' retrieved from /home/airflow/.local/lib/python3.12/site-packages/airflow/example_dags/example_nested_branch_dag.py
[2025-02-26T01:41:18.371+0000] {logging_mixin.py:188} INFO - [2025-02-26T01:41:18.370+0000] {dag.py:3096} INFO - Sync 1 DAGs
[2025-02-26T01:41:18.405+0000] {logging_mixin.py:188} INFO - [2025-02-26T01:41:18.404+0000] {dag.py:3954} INFO - Setting next_dagrun for example_nested_branch_dag to 2025-02-25 00:00:00+00:00, run_after=2025-02-26 00:00:00+00:00
[2025-02-26T01:41:18.429+0000] {processor.py:183} INFO - Processing /home/airflow/.local/lib/python3.12/site-packages/airflow/example_dags/example_nested_branch_dag.py took 0.117 seconds
[2025-02-26T01:41:48.545+0000] {processor.py:161} INFO - Started process (PID=2724) to work on /home/airflow/.local/lib/python3.12/site-packages/airflow/example_dags/example_nested_branch_dag.py
[2025-02-26T01:41:48.546+0000] {processor.py:830} INFO - Processing file /home/airflow/.local/lib/python3.12/site-packages/airflow/example_dags/example_nested_branch_dag.py for tasks to queue
[2025-02-26T01:41:48.548+0000] {logging_mixin.py:188} INFO - [2025-02-26T01:41:48.548+0000] {dagbag.py:540} INFO - Filling up the DagBag from /home/airflow/.local/lib/python3.12/site-packages/airflow/example_dags/example_nested_branch_dag.py
[2025-02-26T01:41:48.559+0000] {processor.py:840} INFO - DAG(s) 'example_nested_branch_dag' retrieved from /home/airflow/.local/lib/python3.12/site-packages/airflow/example_dags/example_nested_branch_dag.py
[2025-02-26T01:41:48.583+0000] {logging_mixin.py:188} INFO - [2025-02-26T01:41:48.582+0000] {dag.py:3096} INFO - Sync 1 DAGs
[2025-02-26T01:41:48.609+0000] {logging_mixin.py:188} INFO - [2025-02-26T01:41:48.609+0000] {dag.py:3954} INFO - Setting next_dagrun for example_nested_branch_dag to 2025-02-25 00:00:00+00:00, run_after=2025-02-26 00:00:00+00:00
[2025-02-26T01:41:48.630+0000] {processor.py:183} INFO - Processing /home/airflow/.local/lib/python3.12/site-packages/airflow/example_dags/example_nested_branch_dag.py took 0.093 seconds
[2025-02-26T01:42:19.002+0000] {processor.py:161} INFO - Started process (PID=2784) to work on /home/airflow/.local/lib/python3.12/site-packages/airflow/example_dags/example_nested_branch_dag.py
[2025-02-26T01:42:19.003+0000] {processor.py:830} INFO - Processing file /home/airflow/.local/lib/python3.12/site-packages/airflow/example_dags/example_nested_branch_dag.py for tasks to queue
[2025-02-26T01:42:19.005+0000] {logging_mixin.py:188} INFO - [2025-02-26T01:42:19.005+0000] {dagbag.py:540} INFO - Filling up the DagBag from /home/airflow/.local/lib/python3.12/site-packages/airflow/example_dags/example_nested_branch_dag.py
[2025-02-26T01:42:19.017+0000] {processor.py:840} INFO - DAG(s) 'example_nested_branch_dag' retrieved from /home/airflow/.local/lib/python3.12/site-packages/airflow/example_dags/example_nested_branch_dag.py
[2025-02-26T01:42:19.046+0000] {logging_mixin.py:188} INFO - [2025-02-26T01:42:19.046+0000] {dag.py:3096} INFO - Sync 1 DAGs
[2025-02-26T01:42:19.073+0000] {logging_mixin.py:188} INFO - [2025-02-26T01:42:19.073+0000] {dag.py:3954} INFO - Setting next_dagrun for example_nested_branch_dag to 2025-02-25 00:00:00+00:00, run_after=2025-02-26 00:00:00+00:00
[2025-02-26T01:42:19.101+0000] {processor.py:183} INFO - Processing /home/airflow/.local/lib/python3.12/site-packages/airflow/example_dags/example_nested_branch_dag.py took 0.106 seconds
[2025-02-26T01:42:49.334+0000] {processor.py:161} INFO - Started process (PID=2844) to work on /home/airflow/.local/lib/python3.12/site-packages/airflow/example_dags/example_nested_branch_dag.py
[2025-02-26T01:42:49.335+0000] {processor.py:830} INFO - Processing file /home/airflow/.local/lib/python3.12/site-packages/airflow/example_dags/example_nested_branch_dag.py for tasks to queue
[2025-02-26T01:42:49.338+0000] {logging_mixin.py:188} INFO - [2025-02-26T01:42:49.338+0000] {dagbag.py:540} INFO - Filling up the DagBag from /home/airflow/.local/lib/python3.12/site-packages/airflow/example_dags/example_nested_branch_dag.py
[2025-02-26T01:42:49.349+0000] {processor.py:840} INFO - DAG(s) 'example_nested_branch_dag' retrieved from /home/airflow/.local/lib/python3.12/site-packages/airflow/example_dags/example_nested_branch_dag.py
[2025-02-26T01:42:49.374+0000] {logging_mixin.py:188} INFO - [2025-02-26T01:42:49.374+0000] {dag.py:3096} INFO - Sync 1 DAGs
[2025-02-26T01:42:49.401+0000] {logging_mixin.py:188} INFO - [2025-02-26T01:42:49.400+0000] {dag.py:3954} INFO - Setting next_dagrun for example_nested_branch_dag to 2025-02-25 00:00:00+00:00, run_after=2025-02-26 00:00:00+00:00
[2025-02-26T01:42:49.423+0000] {processor.py:183} INFO - Processing /home/airflow/.local/lib/python3.12/site-packages/airflow/example_dags/example_nested_branch_dag.py took 0.096 seconds
[2025-02-26T01:43:19.802+0000] {processor.py:161} INFO - Started process (PID=2904) to work on /home/airflow/.local/lib/python3.12/site-packages/airflow/example_dags/example_nested_branch_dag.py
[2025-02-26T01:43:19.803+0000] {processor.py:830} INFO - Processing file /home/airflow/.local/lib/python3.12/site-packages/airflow/example_dags/example_nested_branch_dag.py for tasks to queue
[2025-02-26T01:43:19.806+0000] {logging_mixin.py:188} INFO - [2025-02-26T01:43:19.805+0000] {dagbag.py:540} INFO - Filling up the DagBag from /home/airflow/.local/lib/python3.12/site-packages/airflow/example_dags/example_nested_branch_dag.py
[2025-02-26T01:43:19.817+0000] {processor.py:840} INFO - DAG(s) 'example_nested_branch_dag' retrieved from /home/airflow/.local/lib/python3.12/site-packages/airflow/example_dags/example_nested_branch_dag.py
[2025-02-26T01:43:19.841+0000] {logging_mixin.py:188} INFO - [2025-02-26T01:43:19.841+0000] {dag.py:3096} INFO - Sync 1 DAGs
[2025-02-26T01:43:19.867+0000] {logging_mixin.py:188} INFO - [2025-02-26T01:43:19.866+0000] {dag.py:3954} INFO - Setting next_dagrun for example_nested_branch_dag to 2025-02-25 00:00:00+00:00, run_after=2025-02-26 00:00:00+00:00
[2025-02-26T01:43:19.889+0000] {processor.py:183} INFO - Processing /home/airflow/.local/lib/python3.12/site-packages/airflow/example_dags/example_nested_branch_dag.py took 0.093 seconds
[2025-02-26T01:43:50.276+0000] {processor.py:161} INFO - Started process (PID=2964) to work on /home/airflow/.local/lib/python3.12/site-packages/airflow/example_dags/example_nested_branch_dag.py
[2025-02-26T01:43:50.277+0000] {processor.py:830} INFO - Processing file /home/airflow/.local/lib/python3.12/site-packages/airflow/example_dags/example_nested_branch_dag.py for tasks to queue
[2025-02-26T01:43:50.279+0000] {logging_mixin.py:188} INFO - [2025-02-26T01:43:50.279+0000] {dagbag.py:540} INFO - Filling up the DagBag from /home/airflow/.local/lib/python3.12/site-packages/airflow/example_dags/example_nested_branch_dag.py
[2025-02-26T01:43:50.292+0000] {processor.py:840} INFO - DAG(s) 'example_nested_branch_dag' retrieved from /home/airflow/.local/lib/python3.12/site-packages/airflow/example_dags/example_nested_branch_dag.py
[2025-02-26T01:43:50.324+0000] {logging_mixin.py:188} INFO - [2025-02-26T01:43:50.324+0000] {dag.py:3096} INFO - Sync 1 DAGs
[2025-02-26T01:43:50.351+0000] {logging_mixin.py:188} INFO - [2025-02-26T01:43:50.351+0000] {dag.py:3954} INFO - Setting next_dagrun for example_nested_branch_dag to 2025-02-25 00:00:00+00:00, run_after=2025-02-26 00:00:00+00:00
[2025-02-26T01:43:50.376+0000] {processor.py:183} INFO - Processing /home/airflow/.local/lib/python3.12/site-packages/airflow/example_dags/example_nested_branch_dag.py took 0.108 seconds
[2025-02-26T01:44:20.982+0000] {processor.py:161} INFO - Started process (PID=3024) to work on /home/airflow/.local/lib/python3.12/site-packages/airflow/example_dags/example_nested_branch_dag.py
[2025-02-26T01:44:20.983+0000] {processor.py:830} INFO - Processing file /home/airflow/.local/lib/python3.12/site-packages/airflow/example_dags/example_nested_branch_dag.py for tasks to queue
[2025-02-26T01:44:20.985+0000] {logging_mixin.py:188} INFO - [2025-02-26T01:44:20.985+0000] {dagbag.py:540} INFO - Filling up the DagBag from /home/airflow/.local/lib/python3.12/site-packages/airflow/example_dags/example_nested_branch_dag.py
[2025-02-26T01:44:20.996+0000] {processor.py:840} INFO - DAG(s) 'example_nested_branch_dag' retrieved from /home/airflow/.local/lib/python3.12/site-packages/airflow/example_dags/example_nested_branch_dag.py
[2025-02-26T01:44:21.020+0000] {logging_mixin.py:188} INFO - [2025-02-26T01:44:21.020+0000] {dag.py:3096} INFO - Sync 1 DAGs
[2025-02-26T01:44:21.046+0000] {logging_mixin.py:188} INFO - [2025-02-26T01:44:21.046+0000] {dag.py:3954} INFO - Setting next_dagrun for example_nested_branch_dag to 2025-02-25 00:00:00+00:00, run_after=2025-02-26 00:00:00+00:00
[2025-02-26T01:44:21.071+0000] {processor.py:183} INFO - Processing /home/airflow/.local/lib/python3.12/site-packages/airflow/example_dags/example_nested_branch_dag.py took 0.096 seconds
[2025-02-26T01:44:51.209+0000] {processor.py:161} INFO - Started process (PID=3084) to work on /home/airflow/.local/lib/python3.12/site-packages/airflow/example_dags/example_nested_branch_dag.py
[2025-02-26T01:44:51.210+0000] {processor.py:830} INFO - Processing file /home/airflow/.local/lib/python3.12/site-packages/airflow/example_dags/example_nested_branch_dag.py for tasks to queue
[2025-02-26T01:44:51.212+0000] {logging_mixin.py:188} INFO - [2025-02-26T01:44:51.212+0000] {dagbag.py:540} INFO - Filling up the DagBag from /home/airflow/.local/lib/python3.12/site-packages/airflow/example_dags/example_nested_branch_dag.py
[2025-02-26T01:44:51.223+0000] {processor.py:840} INFO - DAG(s) 'example_nested_branch_dag' retrieved from /home/airflow/.local/lib/python3.12/site-packages/airflow/example_dags/example_nested_branch_dag.py
[2025-02-26T01:44:51.247+0000] {logging_mixin.py:188} INFO - [2025-02-26T01:44:51.247+0000] {dag.py:3096} INFO - Sync 1 DAGs
[2025-02-26T01:44:51.271+0000] {logging_mixin.py:188} INFO - [2025-02-26T01:44:51.270+0000] {dag.py:3954} INFO - Setting next_dagrun for example_nested_branch_dag to 2025-02-25 00:00:00+00:00, run_after=2025-02-26 00:00:00+00:00
[2025-02-26T01:44:51.292+0000] {processor.py:183} INFO - Processing /home/airflow/.local/lib/python3.12/site-packages/airflow/example_dags/example_nested_branch_dag.py took 0.090 seconds
[2025-02-26T01:45:21.856+0000] {processor.py:161} INFO - Started process (PID=3144) to work on /home/airflow/.local/lib/python3.12/site-packages/airflow/example_dags/example_nested_branch_dag.py
[2025-02-26T01:45:21.858+0000] {processor.py:830} INFO - Processing file /home/airflow/.local/lib/python3.12/site-packages/airflow/example_dags/example_nested_branch_dag.py for tasks to queue
[2025-02-26T01:45:21.860+0000] {logging_mixin.py:188} INFO - [2025-02-26T01:45:21.860+0000] {dagbag.py:540} INFO - Filling up the DagBag from /home/airflow/.local/lib/python3.12/site-packages/airflow/example_dags/example_nested_branch_dag.py
[2025-02-26T01:45:21.870+0000] {processor.py:840} INFO - DAG(s) 'example_nested_branch_dag' retrieved from /home/airflow/.local/lib/python3.12/site-packages/airflow/example_dags/example_nested_branch_dag.py
[2025-02-26T01:45:21.895+0000] {logging_mixin.py:188} INFO - [2025-02-26T01:45:21.895+0000] {dag.py:3096} INFO - Sync 1 DAGs
[2025-02-26T01:45:21.919+0000] {logging_mixin.py:188} INFO - [2025-02-26T01:45:21.919+0000] {dag.py:3954} INFO - Setting next_dagrun for example_nested_branch_dag to 2025-02-25 00:00:00+00:00, run_after=2025-02-26 00:00:00+00:00
[2025-02-26T01:45:21.940+0000] {processor.py:183} INFO - Processing /home/airflow/.local/lib/python3.12/site-packages/airflow/example_dags/example_nested_branch_dag.py took 0.090 seconds
[2025-02-26T01:45:52.245+0000] {processor.py:161} INFO - Started process (PID=3204) to work on /home/airflow/.local/lib/python3.12/site-packages/airflow/example_dags/example_nested_branch_dag.py
[2025-02-26T01:45:52.247+0000] {processor.py:830} INFO - Processing file /home/airflow/.local/lib/python3.12/site-packages/airflow/example_dags/example_nested_branch_dag.py for tasks to queue
[2025-02-26T01:45:52.249+0000] {logging_mixin.py:188} INFO - [2025-02-26T01:45:52.249+0000] {dagbag.py:540} INFO - Filling up the DagBag from /home/airflow/.local/lib/python3.12/site-packages/airflow/example_dags/example_nested_branch_dag.py
[2025-02-26T01:45:52.262+0000] {processor.py:840} INFO - DAG(s) 'example_nested_branch_dag' retrieved from /home/airflow/.local/lib/python3.12/site-packages/airflow/example_dags/example_nested_branch_dag.py
[2025-02-26T01:45:52.286+0000] {logging_mixin.py:188} INFO - [2025-02-26T01:45:52.286+0000] {dag.py:3096} INFO - Sync 1 DAGs
[2025-02-26T01:45:52.311+0000] {logging_mixin.py:188} INFO - [2025-02-26T01:45:52.311+0000] {dag.py:3954} INFO - Setting next_dagrun for example_nested_branch_dag to 2025-02-25 00:00:00+00:00, run_after=2025-02-26 00:00:00+00:00
[2025-02-26T01:45:52.332+0000] {processor.py:183} INFO - Processing /home/airflow/.local/lib/python3.12/site-packages/airflow/example_dags/example_nested_branch_dag.py took 0.093 seconds
[2025-02-26T01:46:22.803+0000] {processor.py:161} INFO - Started process (PID=3264) to work on /home/airflow/.local/lib/python3.12/site-packages/airflow/example_dags/example_nested_branch_dag.py
[2025-02-26T01:46:22.804+0000] {processor.py:830} INFO - Processing file /home/airflow/.local/lib/python3.12/site-packages/airflow/example_dags/example_nested_branch_dag.py for tasks to queue
[2025-02-26T01:46:22.807+0000] {logging_mixin.py:188} INFO - [2025-02-26T01:46:22.806+0000] {dagbag.py:540} INFO - Filling up the DagBag from /home/airflow/.local/lib/python3.12/site-packages/airflow/example_dags/example_nested_branch_dag.py
[2025-02-26T01:46:22.818+0000] {processor.py:840} INFO - DAG(s) 'example_nested_branch_dag' retrieved from /home/airflow/.local/lib/python3.12/site-packages/airflow/example_dags/example_nested_branch_dag.py
[2025-02-26T01:46:22.845+0000] {logging_mixin.py:188} INFO - [2025-02-26T01:46:22.845+0000] {dag.py:3096} INFO - Sync 1 DAGs
[2025-02-26T01:46:22.875+0000] {logging_mixin.py:188} INFO - [2025-02-26T01:46:22.875+0000] {dag.py:3954} INFO - Setting next_dagrun for example_nested_branch_dag to 2025-02-25 00:00:00+00:00, run_after=2025-02-26 00:00:00+00:00
[2025-02-26T01:46:22.902+0000] {processor.py:183} INFO - Processing /home/airflow/.local/lib/python3.12/site-packages/airflow/example_dags/example_nested_branch_dag.py took 0.106 seconds
[2025-02-26T01:46:53.417+0000] {processor.py:161} INFO - Started process (PID=3324) to work on /home/airflow/.local/lib/python3.12/site-packages/airflow/example_dags/example_nested_branch_dag.py
[2025-02-26T01:46:53.419+0000] {processor.py:830} INFO - Processing file /home/airflow/.local/lib/python3.12/site-packages/airflow/example_dags/example_nested_branch_dag.py for tasks to queue
[2025-02-26T01:46:53.421+0000] {logging_mixin.py:188} INFO - [2025-02-26T01:46:53.421+0000] {dagbag.py:540} INFO - Filling up the DagBag from /home/airflow/.local/lib/python3.12/site-packages/airflow/example_dags/example_nested_branch_dag.py
[2025-02-26T01:46:53.436+0000] {processor.py:840} INFO - DAG(s) 'example_nested_branch_dag' retrieved from /home/airflow/.local/lib/python3.12/site-packages/airflow/example_dags/example_nested_branch_dag.py
[2025-02-26T01:46:53.461+0000] {logging_mixin.py:188} INFO - [2025-02-26T01:46:53.461+0000] {dag.py:3096} INFO - Sync 1 DAGs
[2025-02-26T01:46:53.486+0000] {logging_mixin.py:188} INFO - [2025-02-26T01:46:53.486+0000] {dag.py:3954} INFO - Setting next_dagrun for example_nested_branch_dag to 2025-02-25 00:00:00+00:00, run_after=2025-02-26 00:00:00+00:00
[2025-02-26T01:46:53.507+0000] {processor.py:183} INFO - Processing /home/airflow/.local/lib/python3.12/site-packages/airflow/example_dags/example_nested_branch_dag.py took 0.097 seconds
[2025-02-26T01:47:24.139+0000] {processor.py:161} INFO - Started process (PID=3384) to work on /home/airflow/.local/lib/python3.12/site-packages/airflow/example_dags/example_nested_branch_dag.py
[2025-02-26T01:47:24.140+0000] {processor.py:830} INFO - Processing file /home/airflow/.local/lib/python3.12/site-packages/airflow/example_dags/example_nested_branch_dag.py for tasks to queue
[2025-02-26T01:47:24.142+0000] {logging_mixin.py:188} INFO - [2025-02-26T01:47:24.142+0000] {dagbag.py:540} INFO - Filling up the DagBag from /home/airflow/.local/lib/python3.12/site-packages/airflow/example_dags/example_nested_branch_dag.py
[2025-02-26T01:47:24.153+0000] {processor.py:840} INFO - DAG(s) 'example_nested_branch_dag' retrieved from /home/airflow/.local/lib/python3.12/site-packages/airflow/example_dags/example_nested_branch_dag.py
[2025-02-26T01:47:24.176+0000] {logging_mixin.py:188} INFO - [2025-02-26T01:47:24.176+0000] {dag.py:3096} INFO - Sync 1 DAGs
[2025-02-26T01:47:24.200+0000] {logging_mixin.py:188} INFO - [2025-02-26T01:47:24.200+0000] {dag.py:3954} INFO - Setting next_dagrun for example_nested_branch_dag to 2025-02-25 00:00:00+00:00, run_after=2025-02-26 00:00:00+00:00
[2025-02-26T01:47:24.220+0000] {processor.py:183} INFO - Processing /home/airflow/.local/lib/python3.12/site-packages/airflow/example_dags/example_nested_branch_dag.py took 0.088 seconds
[2025-02-26T01:47:54.795+0000] {processor.py:161} INFO - Started process (PID=3444) to work on /home/airflow/.local/lib/python3.12/site-packages/airflow/example_dags/example_nested_branch_dag.py
[2025-02-26T01:47:54.796+0000] {processor.py:830} INFO - Processing file /home/airflow/.local/lib/python3.12/site-packages/airflow/example_dags/example_nested_branch_dag.py for tasks to queue
[2025-02-26T01:47:54.798+0000] {logging_mixin.py:188} INFO - [2025-02-26T01:47:54.798+0000] {dagbag.py:540} INFO - Filling up the DagBag from /home/airflow/.local/lib/python3.12/site-packages/airflow/example_dags/example_nested_branch_dag.py
[2025-02-26T01:47:54.809+0000] {processor.py:840} INFO - DAG(s) 'example_nested_branch_dag' retrieved from /home/airflow/.local/lib/python3.12/site-packages/airflow/example_dags/example_nested_branch_dag.py
[2025-02-26T01:47:54.832+0000] {logging_mixin.py:188} INFO - [2025-02-26T01:47:54.832+0000] {dag.py:3096} INFO - Sync 1 DAGs
[2025-02-26T01:47:54.856+0000] {logging_mixin.py:188} INFO - [2025-02-26T01:47:54.856+0000] {dag.py:3954} INFO - Setting next_dagrun for example_nested_branch_dag to 2025-02-25 00:00:00+00:00, run_after=2025-02-26 00:00:00+00:00
[2025-02-26T01:47:54.877+0000] {processor.py:183} INFO - Processing /home/airflow/.local/lib/python3.12/site-packages/airflow/example_dags/example_nested_branch_dag.py took 0.089 seconds
[2025-02-26T01:48:24.975+0000] {processor.py:161} INFO - Started process (PID=3504) to work on /home/airflow/.local/lib/python3.12/site-packages/airflow/example_dags/example_nested_branch_dag.py
[2025-02-26T01:48:24.976+0000] {processor.py:830} INFO - Processing file /home/airflow/.local/lib/python3.12/site-packages/airflow/example_dags/example_nested_branch_dag.py for tasks to queue
[2025-02-26T01:48:24.980+0000] {logging_mixin.py:188} INFO - [2025-02-26T01:48:24.980+0000] {dagbag.py:540} INFO - Filling up the DagBag from /home/airflow/.local/lib/python3.12/site-packages/airflow/example_dags/example_nested_branch_dag.py
[2025-02-26T01:48:24.993+0000] {processor.py:840} INFO - DAG(s) 'example_nested_branch_dag' retrieved from /home/airflow/.local/lib/python3.12/site-packages/airflow/example_dags/example_nested_branch_dag.py
[2025-02-26T01:48:25.028+0000] {logging_mixin.py:188} INFO - [2025-02-26T01:48:25.027+0000] {dag.py:3096} INFO - Sync 1 DAGs
[2025-02-26T01:48:25.069+0000] {logging_mixin.py:188} INFO - [2025-02-26T01:48:25.069+0000] {dag.py:3954} INFO - Setting next_dagrun for example_nested_branch_dag to 2025-02-25 00:00:00+00:00, run_after=2025-02-26 00:00:00+00:00
[2025-02-26T01:48:25.101+0000] {processor.py:183} INFO - Processing /home/airflow/.local/lib/python3.12/site-packages/airflow/example_dags/example_nested_branch_dag.py took 0.136 seconds
[2025-02-26T01:48:55.476+0000] {processor.py:161} INFO - Started process (PID=3564) to work on /home/airflow/.local/lib/python3.12/site-packages/airflow/example_dags/example_nested_branch_dag.py
[2025-02-26T01:48:55.477+0000] {processor.py:830} INFO - Processing file /home/airflow/.local/lib/python3.12/site-packages/airflow/example_dags/example_nested_branch_dag.py for tasks to queue
[2025-02-26T01:48:55.480+0000] {logging_mixin.py:188} INFO - [2025-02-26T01:48:55.479+0000] {dagbag.py:540} INFO - Filling up the DagBag from /home/airflow/.local/lib/python3.12/site-packages/airflow/example_dags/example_nested_branch_dag.py
[2025-02-26T01:48:55.499+0000] {processor.py:840} INFO - DAG(s) 'example_nested_branch_dag' retrieved from /home/airflow/.local/lib/python3.12/site-packages/airflow/example_dags/example_nested_branch_dag.py
[2025-02-26T01:48:55.525+0000] {logging_mixin.py:188} INFO - [2025-02-26T01:48:55.525+0000] {dag.py:3096} INFO - Sync 1 DAGs
[2025-02-26T01:48:55.551+0000] {logging_mixin.py:188} INFO - [2025-02-26T01:48:55.551+0000] {dag.py:3954} INFO - Setting next_dagrun for example_nested_branch_dag to 2025-02-25 00:00:00+00:00, run_after=2025-02-26 00:00:00+00:00
[2025-02-26T01:48:55.586+0000] {processor.py:183} INFO - Processing /home/airflow/.local/lib/python3.12/site-packages/airflow/example_dags/example_nested_branch_dag.py took 0.116 seconds
