[2025-02-26T01:14:26.909+0000] {processor.py:161} INFO - Started process (PID=79) to work on /home/airflow/.local/lib/python3.12/site-packages/airflow/example_dags/example_latest_only.py
[2025-02-26T01:14:26.914+0000] {processor.py:830} INFO - Processing file /home/airflow/.local/lib/python3.12/site-packages/airflow/example_dags/example_latest_only.py for tasks to queue
[2025-02-26T01:14:26.918+0000] {logging_mixin.py:188} INFO - [2025-02-26T01:14:26.917+0000] {dagbag.py:540} INFO - Filling up the DagBag from /home/airflow/.local/lib/python3.12/site-packages/airflow/example_dags/example_latest_only.py
[2025-02-26T01:14:26.932+0000] {processor.py:840} INFO - DAG(s) 'latest_only' retrieved from /home/airflow/.local/lib/python3.12/site-packages/airflow/example_dags/example_latest_only.py
[2025-02-26T01:14:26.984+0000] {logging_mixin.py:188} INFO - [2025-02-26T01:14:26.984+0000] {dag.py:3096} INFO - Sync 1 DAGs
[2025-02-26T01:14:27.032+0000] {logging_mixin.py:188} INFO - [2025-02-26T01:14:27.032+0000] {dag.py:3954} INFO - Setting next_dagrun for latest_only to 2025-02-25 20:00:00+00:00, run_after=2025-02-26 00:00:00+00:00
[2025-02-26T01:14:27.065+0000] {processor.py:183} INFO - Processing /home/airflow/.local/lib/python3.12/site-packages/airflow/example_dags/example_latest_only.py took 0.167 seconds
[2025-02-26T01:18:58.264+0000] {processor.py:161} INFO - Started process (PID=62) to work on /home/airflow/.local/lib/python3.12/site-packages/airflow/example_dags/example_latest_only.py
[2025-02-26T01:18:58.287+0000] {processor.py:830} INFO - Processing file /home/airflow/.local/lib/python3.12/site-packages/airflow/example_dags/example_latest_only.py for tasks to queue
[2025-02-26T01:18:58.290+0000] {logging_mixin.py:188} INFO - [2025-02-26T01:18:58.289+0000] {dagbag.py:540} INFO - Filling up the DagBag from /home/airflow/.local/lib/python3.12/site-packages/airflow/example_dags/example_latest_only.py
[2025-02-26T01:18:58.315+0000] {processor.py:840} INFO - DAG(s) 'latest_only' retrieved from /home/airflow/.local/lib/python3.12/site-packages/airflow/example_dags/example_latest_only.py
[2025-02-26T01:18:58.347+0000] {logging_mixin.py:188} INFO - [2025-02-26T01:18:58.347+0000] {dag.py:3096} INFO - Sync 1 DAGs
[2025-02-26T01:18:58.373+0000] {logging_mixin.py:188} INFO - [2025-02-26T01:18:58.373+0000] {dag.py:3954} INFO - Setting next_dagrun for latest_only to 2025-02-25 20:00:00+00:00, run_after=2025-02-26 00:00:00+00:00
[2025-02-26T01:18:58.448+0000] {processor.py:183} INFO - Processing /home/airflow/.local/lib/python3.12/site-packages/airflow/example_dags/example_latest_only.py took 0.190 seconds
[2025-02-26T01:19:39.872+0000] {processor.py:161} INFO - Started process (PID=122) to work on /home/airflow/.local/lib/python3.12/site-packages/airflow/example_dags/example_latest_only.py
[2025-02-26T01:19:39.876+0000] {processor.py:830} INFO - Processing file /home/airflow/.local/lib/python3.12/site-packages/airflow/example_dags/example_latest_only.py for tasks to queue
[2025-02-26T01:19:39.879+0000] {logging_mixin.py:188} INFO - [2025-02-26T01:19:39.879+0000] {dagbag.py:540} INFO - Filling up the DagBag from /home/airflow/.local/lib/python3.12/site-packages/airflow/example_dags/example_latest_only.py
[2025-02-26T01:19:39.885+0000] {processor.py:840} INFO - DAG(s) 'latest_only' retrieved from /home/airflow/.local/lib/python3.12/site-packages/airflow/example_dags/example_latest_only.py
[2025-02-26T01:19:39.906+0000] {logging_mixin.py:188} INFO - [2025-02-26T01:19:39.906+0000] {dag.py:3096} INFO - Sync 1 DAGs
[2025-02-26T01:19:39.929+0000] {logging_mixin.py:188} INFO - [2025-02-26T01:19:39.929+0000] {dag.py:3954} INFO - Setting next_dagrun for latest_only to 2025-02-25 20:00:00+00:00, run_after=2025-02-26 00:00:00+00:00
[2025-02-26T01:19:39.954+0000] {processor.py:183} INFO - Processing /home/airflow/.local/lib/python3.12/site-packages/airflow/example_dags/example_latest_only.py took 0.089 seconds
[2025-02-26T01:20:10.166+0000] {processor.py:161} INFO - Started process (PID=182) to work on /home/airflow/.local/lib/python3.12/site-packages/airflow/example_dags/example_latest_only.py
[2025-02-26T01:20:10.167+0000] {processor.py:830} INFO - Processing file /home/airflow/.local/lib/python3.12/site-packages/airflow/example_dags/example_latest_only.py for tasks to queue
[2025-02-26T01:20:10.170+0000] {logging_mixin.py:188} INFO - [2025-02-26T01:20:10.169+0000] {dagbag.py:540} INFO - Filling up the DagBag from /home/airflow/.local/lib/python3.12/site-packages/airflow/example_dags/example_latest_only.py
[2025-02-26T01:20:10.179+0000] {processor.py:840} INFO - DAG(s) 'latest_only' retrieved from /home/airflow/.local/lib/python3.12/site-packages/airflow/example_dags/example_latest_only.py
[2025-02-26T01:20:10.201+0000] {logging_mixin.py:188} INFO - [2025-02-26T01:20:10.200+0000] {dag.py:3096} INFO - Sync 1 DAGs
[2025-02-26T01:20:10.227+0000] {logging_mixin.py:188} INFO - [2025-02-26T01:20:10.227+0000] {dag.py:3954} INFO - Setting next_dagrun for latest_only to 2025-02-25 20:00:00+00:00, run_after=2025-02-26 00:00:00+00:00
[2025-02-26T01:20:10.247+0000] {processor.py:183} INFO - Processing /home/airflow/.local/lib/python3.12/site-packages/airflow/example_dags/example_latest_only.py took 0.088 seconds
[2025-02-26T01:20:40.720+0000] {processor.py:161} INFO - Started process (PID=242) to work on /home/airflow/.local/lib/python3.12/site-packages/airflow/example_dags/example_latest_only.py
[2025-02-26T01:20:40.721+0000] {processor.py:830} INFO - Processing file /home/airflow/.local/lib/python3.12/site-packages/airflow/example_dags/example_latest_only.py for tasks to queue
[2025-02-26T01:20:40.724+0000] {logging_mixin.py:188} INFO - [2025-02-26T01:20:40.724+0000] {dagbag.py:540} INFO - Filling up the DagBag from /home/airflow/.local/lib/python3.12/site-packages/airflow/example_dags/example_latest_only.py
[2025-02-26T01:20:40.732+0000] {processor.py:840} INFO - DAG(s) 'latest_only' retrieved from /home/airflow/.local/lib/python3.12/site-packages/airflow/example_dags/example_latest_only.py
[2025-02-26T01:20:40.757+0000] {logging_mixin.py:188} INFO - [2025-02-26T01:20:40.757+0000] {dag.py:3096} INFO - Sync 1 DAGs
[2025-02-26T01:20:40.792+0000] {logging_mixin.py:188} INFO - [2025-02-26T01:20:40.792+0000] {dag.py:3954} INFO - Setting next_dagrun for latest_only to 2025-02-25 20:00:00+00:00, run_after=2025-02-26 00:00:00+00:00
[2025-02-26T01:20:40.836+0000] {processor.py:183} INFO - Processing /home/airflow/.local/lib/python3.12/site-packages/airflow/example_dags/example_latest_only.py took 0.122 seconds
[2025-02-26T01:21:21.157+0000] {processor.py:161} INFO - Started process (PID=308) to work on /home/airflow/.local/lib/python3.12/site-packages/airflow/example_dags/example_latest_only.py
[2025-02-26T01:21:21.158+0000] {processor.py:830} INFO - Processing file /home/airflow/.local/lib/python3.12/site-packages/airflow/example_dags/example_latest_only.py for tasks to queue
[2025-02-26T01:21:21.162+0000] {logging_mixin.py:188} INFO - [2025-02-26T01:21:21.161+0000] {dagbag.py:540} INFO - Filling up the DagBag from /home/airflow/.local/lib/python3.12/site-packages/airflow/example_dags/example_latest_only.py
[2025-02-26T01:21:21.168+0000] {processor.py:840} INFO - DAG(s) 'latest_only' retrieved from /home/airflow/.local/lib/python3.12/site-packages/airflow/example_dags/example_latest_only.py
[2025-02-26T01:21:21.194+0000] {logging_mixin.py:188} INFO - [2025-02-26T01:21:21.194+0000] {dag.py:3096} INFO - Sync 1 DAGs
[2025-02-26T01:21:21.229+0000] {logging_mixin.py:188} INFO - [2025-02-26T01:21:21.228+0000] {dag.py:3954} INFO - Setting next_dagrun for latest_only to 2025-02-25 20:00:00+00:00, run_after=2025-02-26 00:00:00+00:00
[2025-02-26T01:21:21.256+0000] {processor.py:183} INFO - Processing /home/airflow/.local/lib/python3.12/site-packages/airflow/example_dags/example_latest_only.py took 0.106 seconds
[2025-02-26T01:21:52.611+0000] {processor.py:161} INFO - Started process (PID=368) to work on /home/airflow/.local/lib/python3.12/site-packages/airflow/example_dags/example_latest_only.py
[2025-02-26T01:21:52.655+0000] {processor.py:830} INFO - Processing file /home/airflow/.local/lib/python3.12/site-packages/airflow/example_dags/example_latest_only.py for tasks to queue
[2025-02-26T01:21:52.658+0000] {logging_mixin.py:188} INFO - [2025-02-26T01:21:52.657+0000] {dagbag.py:540} INFO - Filling up the DagBag from /home/airflow/.local/lib/python3.12/site-packages/airflow/example_dags/example_latest_only.py
[2025-02-26T01:21:52.663+0000] {processor.py:840} INFO - DAG(s) 'latest_only' retrieved from /home/airflow/.local/lib/python3.12/site-packages/airflow/example_dags/example_latest_only.py
[2025-02-26T01:21:52.744+0000] {logging_mixin.py:188} INFO - [2025-02-26T01:21:52.744+0000] {dag.py:3096} INFO - Sync 1 DAGs
[2025-02-26T01:21:52.776+0000] {logging_mixin.py:188} INFO - [2025-02-26T01:21:52.775+0000] {dag.py:3954} INFO - Setting next_dagrun for latest_only to 2025-02-25 20:00:00+00:00, run_after=2025-02-26 00:00:00+00:00
[2025-02-26T01:21:53.022+0000] {processor.py:183} INFO - Processing /home/airflow/.local/lib/python3.12/site-packages/airflow/example_dags/example_latest_only.py took 0.419 seconds
[2025-02-26T01:22:23.408+0000] {processor.py:161} INFO - Started process (PID=422) to work on /home/airflow/.local/lib/python3.12/site-packages/airflow/example_dags/example_latest_only.py
[2025-02-26T01:22:23.409+0000] {processor.py:830} INFO - Processing file /home/airflow/.local/lib/python3.12/site-packages/airflow/example_dags/example_latest_only.py for tasks to queue
[2025-02-26T01:22:23.412+0000] {logging_mixin.py:188} INFO - [2025-02-26T01:22:23.412+0000] {dagbag.py:540} INFO - Filling up the DagBag from /home/airflow/.local/lib/python3.12/site-packages/airflow/example_dags/example_latest_only.py
[2025-02-26T01:22:23.418+0000] {processor.py:840} INFO - DAG(s) 'latest_only' retrieved from /home/airflow/.local/lib/python3.12/site-packages/airflow/example_dags/example_latest_only.py
[2025-02-26T01:22:23.441+0000] {logging_mixin.py:188} INFO - [2025-02-26T01:22:23.441+0000] {dag.py:3096} INFO - Sync 1 DAGs
[2025-02-26T01:22:23.468+0000] {logging_mixin.py:188} INFO - [2025-02-26T01:22:23.468+0000] {dag.py:3954} INFO - Setting next_dagrun for latest_only to 2025-02-25 20:00:00+00:00, run_after=2025-02-26 00:00:00+00:00
[2025-02-26T01:22:23.497+0000] {processor.py:183} INFO - Processing /home/airflow/.local/lib/python3.12/site-packages/airflow/example_dags/example_latest_only.py took 0.097 seconds
[2025-02-26T01:22:53.846+0000] {processor.py:161} INFO - Started process (PID=486) to work on /home/airflow/.local/lib/python3.12/site-packages/airflow/example_dags/example_latest_only.py
[2025-02-26T01:22:53.848+0000] {processor.py:830} INFO - Processing file /home/airflow/.local/lib/python3.12/site-packages/airflow/example_dags/example_latest_only.py for tasks to queue
[2025-02-26T01:22:53.850+0000] {logging_mixin.py:188} INFO - [2025-02-26T01:22:53.850+0000] {dagbag.py:540} INFO - Filling up the DagBag from /home/airflow/.local/lib/python3.12/site-packages/airflow/example_dags/example_latest_only.py
[2025-02-26T01:22:53.855+0000] {processor.py:840} INFO - DAG(s) 'latest_only' retrieved from /home/airflow/.local/lib/python3.12/site-packages/airflow/example_dags/example_latest_only.py
[2025-02-26T01:22:53.879+0000] {logging_mixin.py:188} INFO - [2025-02-26T01:22:53.878+0000] {dag.py:3096} INFO - Sync 1 DAGs
[2025-02-26T01:22:53.904+0000] {logging_mixin.py:188} INFO - [2025-02-26T01:22:53.904+0000] {dag.py:3954} INFO - Setting next_dagrun for latest_only to 2025-02-25 20:00:00+00:00, run_after=2025-02-26 00:00:00+00:00
[2025-02-26T01:22:53.927+0000] {processor.py:183} INFO - Processing /home/airflow/.local/lib/python3.12/site-packages/airflow/example_dags/example_latest_only.py took 0.087 seconds
[2025-02-26T01:23:26.066+0000] {processor.py:161} INFO - Started process (PID=548) to work on /home/airflow/.local/lib/python3.12/site-packages/airflow/example_dags/example_latest_only.py
[2025-02-26T01:23:26.068+0000] {processor.py:830} INFO - Processing file /home/airflow/.local/lib/python3.12/site-packages/airflow/example_dags/example_latest_only.py for tasks to queue
[2025-02-26T01:23:26.070+0000] {logging_mixin.py:188} INFO - [2025-02-26T01:23:26.070+0000] {dagbag.py:540} INFO - Filling up the DagBag from /home/airflow/.local/lib/python3.12/site-packages/airflow/example_dags/example_latest_only.py
[2025-02-26T01:23:26.078+0000] {processor.py:840} INFO - DAG(s) 'latest_only' retrieved from /home/airflow/.local/lib/python3.12/site-packages/airflow/example_dags/example_latest_only.py
[2025-02-26T01:23:26.099+0000] {logging_mixin.py:188} INFO - [2025-02-26T01:23:26.099+0000] {dag.py:3096} INFO - Sync 1 DAGs
[2025-02-26T01:23:26.124+0000] {logging_mixin.py:188} INFO - [2025-02-26T01:23:26.124+0000] {dag.py:3954} INFO - Setting next_dagrun for latest_only to 2025-02-25 20:00:00+00:00, run_after=2025-02-26 00:00:00+00:00
[2025-02-26T01:23:26.148+0000] {processor.py:183} INFO - Processing /home/airflow/.local/lib/python3.12/site-packages/airflow/example_dags/example_latest_only.py took 0.088 seconds
[2025-02-26T01:23:57.179+0000] {processor.py:161} INFO - Started process (PID=608) to work on /home/airflow/.local/lib/python3.12/site-packages/airflow/example_dags/example_latest_only.py
[2025-02-26T01:23:57.181+0000] {processor.py:830} INFO - Processing file /home/airflow/.local/lib/python3.12/site-packages/airflow/example_dags/example_latest_only.py for tasks to queue
[2025-02-26T01:23:57.187+0000] {logging_mixin.py:188} INFO - [2025-02-26T01:23:57.186+0000] {dagbag.py:540} INFO - Filling up the DagBag from /home/airflow/.local/lib/python3.12/site-packages/airflow/example_dags/example_latest_only.py
[2025-02-26T01:23:57.194+0000] {processor.py:840} INFO - DAG(s) 'latest_only' retrieved from /home/airflow/.local/lib/python3.12/site-packages/airflow/example_dags/example_latest_only.py
[2025-02-26T01:23:57.228+0000] {logging_mixin.py:188} INFO - [2025-02-26T01:23:57.228+0000] {dag.py:3096} INFO - Sync 1 DAGs
[2025-02-26T01:23:57.258+0000] {logging_mixin.py:188} INFO - [2025-02-26T01:23:57.257+0000] {dag.py:3954} INFO - Setting next_dagrun for latest_only to 2025-02-25 20:00:00+00:00, run_after=2025-02-26 00:00:00+00:00
[2025-02-26T01:23:57.281+0000] {processor.py:183} INFO - Processing /home/airflow/.local/lib/python3.12/site-packages/airflow/example_dags/example_latest_only.py took 0.113 seconds
[2025-02-26T01:24:27.373+0000] {processor.py:161} INFO - Started process (PID=666) to work on /home/airflow/.local/lib/python3.12/site-packages/airflow/example_dags/example_latest_only.py
[2025-02-26T01:24:27.374+0000] {processor.py:830} INFO - Processing file /home/airflow/.local/lib/python3.12/site-packages/airflow/example_dags/example_latest_only.py for tasks to queue
[2025-02-26T01:24:27.376+0000] {logging_mixin.py:188} INFO - [2025-02-26T01:24:27.376+0000] {dagbag.py:540} INFO - Filling up the DagBag from /home/airflow/.local/lib/python3.12/site-packages/airflow/example_dags/example_latest_only.py
[2025-02-26T01:24:27.381+0000] {processor.py:840} INFO - DAG(s) 'latest_only' retrieved from /home/airflow/.local/lib/python3.12/site-packages/airflow/example_dags/example_latest_only.py
[2025-02-26T01:24:27.405+0000] {logging_mixin.py:188} INFO - [2025-02-26T01:24:27.404+0000] {dag.py:3096} INFO - Sync 1 DAGs
[2025-02-26T01:24:27.428+0000] {logging_mixin.py:188} INFO - [2025-02-26T01:24:27.427+0000] {dag.py:3954} INFO - Setting next_dagrun for latest_only to 2025-02-25 20:00:00+00:00, run_after=2025-02-26 00:00:00+00:00
[2025-02-26T01:24:27.451+0000] {processor.py:183} INFO - Processing /home/airflow/.local/lib/python3.12/site-packages/airflow/example_dags/example_latest_only.py took 0.085 seconds
[2025-02-26T01:24:57.713+0000] {processor.py:161} INFO - Started process (PID=726) to work on /home/airflow/.local/lib/python3.12/site-packages/airflow/example_dags/example_latest_only.py
[2025-02-26T01:24:57.715+0000] {processor.py:830} INFO - Processing file /home/airflow/.local/lib/python3.12/site-packages/airflow/example_dags/example_latest_only.py for tasks to queue
[2025-02-26T01:24:57.717+0000] {logging_mixin.py:188} INFO - [2025-02-26T01:24:57.717+0000] {dagbag.py:540} INFO - Filling up the DagBag from /home/airflow/.local/lib/python3.12/site-packages/airflow/example_dags/example_latest_only.py
[2025-02-26T01:24:57.723+0000] {processor.py:840} INFO - DAG(s) 'latest_only' retrieved from /home/airflow/.local/lib/python3.12/site-packages/airflow/example_dags/example_latest_only.py
[2025-02-26T01:24:57.748+0000] {logging_mixin.py:188} INFO - [2025-02-26T01:24:57.748+0000] {dag.py:3096} INFO - Sync 1 DAGs
[2025-02-26T01:24:57.779+0000] {logging_mixin.py:188} INFO - [2025-02-26T01:24:57.779+0000] {dag.py:3954} INFO - Setting next_dagrun for latest_only to 2025-02-25 20:00:00+00:00, run_after=2025-02-26 00:00:00+00:00
[2025-02-26T01:24:57.808+0000] {processor.py:183} INFO - Processing /home/airflow/.local/lib/python3.12/site-packages/airflow/example_dags/example_latest_only.py took 0.101 seconds
[2025-02-26T01:25:28.088+0000] {processor.py:161} INFO - Started process (PID=786) to work on /home/airflow/.local/lib/python3.12/site-packages/airflow/example_dags/example_latest_only.py
[2025-02-26T01:25:28.090+0000] {processor.py:830} INFO - Processing file /home/airflow/.local/lib/python3.12/site-packages/airflow/example_dags/example_latest_only.py for tasks to queue
[2025-02-26T01:25:28.094+0000] {logging_mixin.py:188} INFO - [2025-02-26T01:25:28.093+0000] {dagbag.py:540} INFO - Filling up the DagBag from /home/airflow/.local/lib/python3.12/site-packages/airflow/example_dags/example_latest_only.py
[2025-02-26T01:25:28.101+0000] {processor.py:840} INFO - DAG(s) 'latest_only' retrieved from /home/airflow/.local/lib/python3.12/site-packages/airflow/example_dags/example_latest_only.py
[2025-02-26T01:25:28.127+0000] {logging_mixin.py:188} INFO - [2025-02-26T01:25:28.126+0000] {dag.py:3096} INFO - Sync 1 DAGs
[2025-02-26T01:25:28.152+0000] {logging_mixin.py:188} INFO - [2025-02-26T01:25:28.152+0000] {dag.py:3954} INFO - Setting next_dagrun for latest_only to 2025-02-25 20:00:00+00:00, run_after=2025-02-26 00:00:00+00:00
[2025-02-26T01:25:28.194+0000] {processor.py:183} INFO - Processing /home/airflow/.local/lib/python3.12/site-packages/airflow/example_dags/example_latest_only.py took 0.112 seconds
[2025-02-26T01:25:58.527+0000] {processor.py:161} INFO - Started process (PID=846) to work on /home/airflow/.local/lib/python3.12/site-packages/airflow/example_dags/example_latest_only.py
[2025-02-26T01:25:58.528+0000] {processor.py:830} INFO - Processing file /home/airflow/.local/lib/python3.12/site-packages/airflow/example_dags/example_latest_only.py for tasks to queue
[2025-02-26T01:25:58.530+0000] {logging_mixin.py:188} INFO - [2025-02-26T01:25:58.530+0000] {dagbag.py:540} INFO - Filling up the DagBag from /home/airflow/.local/lib/python3.12/site-packages/airflow/example_dags/example_latest_only.py
[2025-02-26T01:25:58.536+0000] {processor.py:840} INFO - DAG(s) 'latest_only' retrieved from /home/airflow/.local/lib/python3.12/site-packages/airflow/example_dags/example_latest_only.py
[2025-02-26T01:25:58.564+0000] {logging_mixin.py:188} INFO - [2025-02-26T01:25:58.563+0000] {dag.py:3096} INFO - Sync 1 DAGs
[2025-02-26T01:25:58.590+0000] {logging_mixin.py:188} INFO - [2025-02-26T01:25:58.590+0000] {dag.py:3954} INFO - Setting next_dagrun for latest_only to 2025-02-25 20:00:00+00:00, run_after=2025-02-26 00:00:00+00:00
[2025-02-26T01:25:58.614+0000] {processor.py:183} INFO - Processing /home/airflow/.local/lib/python3.12/site-packages/airflow/example_dags/example_latest_only.py took 0.094 seconds
[2025-02-26T01:26:29.167+0000] {processor.py:161} INFO - Started process (PID=906) to work on /home/airflow/.local/lib/python3.12/site-packages/airflow/example_dags/example_latest_only.py
[2025-02-26T01:26:29.168+0000] {processor.py:830} INFO - Processing file /home/airflow/.local/lib/python3.12/site-packages/airflow/example_dags/example_latest_only.py for tasks to queue
[2025-02-26T01:26:29.171+0000] {logging_mixin.py:188} INFO - [2025-02-26T01:26:29.170+0000] {dagbag.py:540} INFO - Filling up the DagBag from /home/airflow/.local/lib/python3.12/site-packages/airflow/example_dags/example_latest_only.py
[2025-02-26T01:26:29.176+0000] {processor.py:840} INFO - DAG(s) 'latest_only' retrieved from /home/airflow/.local/lib/python3.12/site-packages/airflow/example_dags/example_latest_only.py
[2025-02-26T01:26:29.200+0000] {logging_mixin.py:188} INFO - [2025-02-26T01:26:29.200+0000] {dag.py:3096} INFO - Sync 1 DAGs
[2025-02-26T01:26:29.227+0000] {logging_mixin.py:188} INFO - [2025-02-26T01:26:29.227+0000] {dag.py:3954} INFO - Setting next_dagrun for latest_only to 2025-02-25 20:00:00+00:00, run_after=2025-02-26 00:00:00+00:00
[2025-02-26T01:26:29.254+0000] {processor.py:183} INFO - Processing /home/airflow/.local/lib/python3.12/site-packages/airflow/example_dags/example_latest_only.py took 0.094 seconds
[2025-02-26T01:26:59.520+0000] {processor.py:161} INFO - Started process (PID=966) to work on /home/airflow/.local/lib/python3.12/site-packages/airflow/example_dags/example_latest_only.py
[2025-02-26T01:26:59.522+0000] {processor.py:830} INFO - Processing file /home/airflow/.local/lib/python3.12/site-packages/airflow/example_dags/example_latest_only.py for tasks to queue
[2025-02-26T01:26:59.524+0000] {logging_mixin.py:188} INFO - [2025-02-26T01:26:59.524+0000] {dagbag.py:540} INFO - Filling up the DagBag from /home/airflow/.local/lib/python3.12/site-packages/airflow/example_dags/example_latest_only.py
[2025-02-26T01:26:59.530+0000] {processor.py:840} INFO - DAG(s) 'latest_only' retrieved from /home/airflow/.local/lib/python3.12/site-packages/airflow/example_dags/example_latest_only.py
[2025-02-26T01:26:59.553+0000] {logging_mixin.py:188} INFO - [2025-02-26T01:26:59.552+0000] {dag.py:3096} INFO - Sync 1 DAGs
[2025-02-26T01:26:59.578+0000] {logging_mixin.py:188} INFO - [2025-02-26T01:26:59.578+0000] {dag.py:3954} INFO - Setting next_dagrun for latest_only to 2025-02-25 20:00:00+00:00, run_after=2025-02-26 00:00:00+00:00
[2025-02-26T01:26:59.600+0000] {processor.py:183} INFO - Processing /home/airflow/.local/lib/python3.12/site-packages/airflow/example_dags/example_latest_only.py took 0.086 seconds
[2025-02-26T01:27:29.809+0000] {processor.py:161} INFO - Started process (PID=1025) to work on /home/airflow/.local/lib/python3.12/site-packages/airflow/example_dags/example_latest_only.py
[2025-02-26T01:27:29.810+0000] {processor.py:830} INFO - Processing file /home/airflow/.local/lib/python3.12/site-packages/airflow/example_dags/example_latest_only.py for tasks to queue
[2025-02-26T01:27:29.812+0000] {logging_mixin.py:188} INFO - [2025-02-26T01:27:29.812+0000] {dagbag.py:540} INFO - Filling up the DagBag from /home/airflow/.local/lib/python3.12/site-packages/airflow/example_dags/example_latest_only.py
[2025-02-26T01:27:29.818+0000] {processor.py:840} INFO - DAG(s) 'latest_only' retrieved from /home/airflow/.local/lib/python3.12/site-packages/airflow/example_dags/example_latest_only.py
[2025-02-26T01:27:29.839+0000] {logging_mixin.py:188} INFO - [2025-02-26T01:27:29.838+0000] {dag.py:3096} INFO - Sync 1 DAGs
[2025-02-26T01:27:29.862+0000] {logging_mixin.py:188} INFO - [2025-02-26T01:27:29.861+0000] {dag.py:3954} INFO - Setting next_dagrun for latest_only to 2025-02-25 20:00:00+00:00, run_after=2025-02-26 00:00:00+00:00
[2025-02-26T01:27:29.883+0000] {processor.py:183} INFO - Processing /home/airflow/.local/lib/python3.12/site-packages/airflow/example_dags/example_latest_only.py took 0.081 seconds
[2025-02-26T01:28:00.138+0000] {processor.py:161} INFO - Started process (PID=1085) to work on /home/airflow/.local/lib/python3.12/site-packages/airflow/example_dags/example_latest_only.py
[2025-02-26T01:28:00.141+0000] {processor.py:830} INFO - Processing file /home/airflow/.local/lib/python3.12/site-packages/airflow/example_dags/example_latest_only.py for tasks to queue
[2025-02-26T01:28:00.146+0000] {logging_mixin.py:188} INFO - [2025-02-26T01:28:00.145+0000] {dagbag.py:540} INFO - Filling up the DagBag from /home/airflow/.local/lib/python3.12/site-packages/airflow/example_dags/example_latest_only.py
[2025-02-26T01:28:00.164+0000] {processor.py:840} INFO - DAG(s) 'latest_only' retrieved from /home/airflow/.local/lib/python3.12/site-packages/airflow/example_dags/example_latest_only.py
[2025-02-26T01:28:00.214+0000] {logging_mixin.py:188} INFO - [2025-02-26T01:28:00.214+0000] {dag.py:3096} INFO - Sync 1 DAGs
[2025-02-26T01:28:00.267+0000] {logging_mixin.py:188} INFO - [2025-02-26T01:28:00.266+0000] {dag.py:3954} INFO - Setting next_dagrun for latest_only to 2025-02-25 20:00:00+00:00, run_after=2025-02-26 00:00:00+00:00
[2025-02-26T01:28:00.305+0000] {processor.py:183} INFO - Processing /home/airflow/.local/lib/python3.12/site-packages/airflow/example_dags/example_latest_only.py took 0.184 seconds
[2025-02-26T01:28:30.577+0000] {processor.py:161} INFO - Started process (PID=1145) to work on /home/airflow/.local/lib/python3.12/site-packages/airflow/example_dags/example_latest_only.py
[2025-02-26T01:28:30.578+0000] {processor.py:830} INFO - Processing file /home/airflow/.local/lib/python3.12/site-packages/airflow/example_dags/example_latest_only.py for tasks to queue
[2025-02-26T01:28:30.580+0000] {logging_mixin.py:188} INFO - [2025-02-26T01:28:30.580+0000] {dagbag.py:540} INFO - Filling up the DagBag from /home/airflow/.local/lib/python3.12/site-packages/airflow/example_dags/example_latest_only.py
[2025-02-26T01:28:30.585+0000] {processor.py:840} INFO - DAG(s) 'latest_only' retrieved from /home/airflow/.local/lib/python3.12/site-packages/airflow/example_dags/example_latest_only.py
[2025-02-26T01:28:30.607+0000] {logging_mixin.py:188} INFO - [2025-02-26T01:28:30.607+0000] {dag.py:3096} INFO - Sync 1 DAGs
[2025-02-26T01:28:30.790+0000] {logging_mixin.py:188} INFO - [2025-02-26T01:28:30.789+0000] {dag.py:3954} INFO - Setting next_dagrun for latest_only to 2025-02-25 20:00:00+00:00, run_after=2025-02-26 00:00:00+00:00
[2025-02-26T01:28:30.811+0000] {processor.py:183} INFO - Processing /home/airflow/.local/lib/python3.12/site-packages/airflow/example_dags/example_latest_only.py took 0.240 seconds
[2025-02-26T01:29:01.261+0000] {processor.py:161} INFO - Started process (PID=1205) to work on /home/airflow/.local/lib/python3.12/site-packages/airflow/example_dags/example_latest_only.py
[2025-02-26T01:29:01.262+0000] {processor.py:830} INFO - Processing file /home/airflow/.local/lib/python3.12/site-packages/airflow/example_dags/example_latest_only.py for tasks to queue
[2025-02-26T01:29:01.265+0000] {logging_mixin.py:188} INFO - [2025-02-26T01:29:01.265+0000] {dagbag.py:540} INFO - Filling up the DagBag from /home/airflow/.local/lib/python3.12/site-packages/airflow/example_dags/example_latest_only.py
[2025-02-26T01:29:01.273+0000] {processor.py:840} INFO - DAG(s) 'latest_only' retrieved from /home/airflow/.local/lib/python3.12/site-packages/airflow/example_dags/example_latest_only.py
[2025-02-26T01:29:01.298+0000] {logging_mixin.py:188} INFO - [2025-02-26T01:29:01.297+0000] {dag.py:3096} INFO - Sync 1 DAGs
[2025-02-26T01:29:01.538+0000] {logging_mixin.py:188} INFO - [2025-02-26T01:29:01.538+0000] {dag.py:3954} INFO - Setting next_dagrun for latest_only to 2025-02-25 20:00:00+00:00, run_after=2025-02-26 00:00:00+00:00
[2025-02-26T01:29:01.563+0000] {processor.py:183} INFO - Processing /home/airflow/.local/lib/python3.12/site-packages/airflow/example_dags/example_latest_only.py took 0.312 seconds
[2025-02-26T01:29:32.472+0000] {processor.py:161} INFO - Started process (PID=1265) to work on /home/airflow/.local/lib/python3.12/site-packages/airflow/example_dags/example_latest_only.py
[2025-02-26T01:29:32.473+0000] {processor.py:830} INFO - Processing file /home/airflow/.local/lib/python3.12/site-packages/airflow/example_dags/example_latest_only.py for tasks to queue
[2025-02-26T01:29:32.476+0000] {logging_mixin.py:188} INFO - [2025-02-26T01:29:32.476+0000] {dagbag.py:540} INFO - Filling up the DagBag from /home/airflow/.local/lib/python3.12/site-packages/airflow/example_dags/example_latest_only.py
[2025-02-26T01:29:32.481+0000] {processor.py:840} INFO - DAG(s) 'latest_only' retrieved from /home/airflow/.local/lib/python3.12/site-packages/airflow/example_dags/example_latest_only.py
[2025-02-26T01:29:32.503+0000] {logging_mixin.py:188} INFO - [2025-02-26T01:29:32.503+0000] {dag.py:3096} INFO - Sync 1 DAGs
[2025-02-26T01:29:32.529+0000] {logging_mixin.py:188} INFO - [2025-02-26T01:29:32.529+0000] {dag.py:3954} INFO - Setting next_dagrun for latest_only to 2025-02-25 20:00:00+00:00, run_after=2025-02-26 00:00:00+00:00
[2025-02-26T01:29:32.551+0000] {processor.py:183} INFO - Processing /home/airflow/.local/lib/python3.12/site-packages/airflow/example_dags/example_latest_only.py took 0.085 seconds
[2025-02-26T01:30:02.862+0000] {processor.py:161} INFO - Started process (PID=1325) to work on /home/airflow/.local/lib/python3.12/site-packages/airflow/example_dags/example_latest_only.py
[2025-02-26T01:30:02.863+0000] {processor.py:830} INFO - Processing file /home/airflow/.local/lib/python3.12/site-packages/airflow/example_dags/example_latest_only.py for tasks to queue
[2025-02-26T01:30:02.866+0000] {logging_mixin.py:188} INFO - [2025-02-26T01:30:02.866+0000] {dagbag.py:540} INFO - Filling up the DagBag from /home/airflow/.local/lib/python3.12/site-packages/airflow/example_dags/example_latest_only.py
[2025-02-26T01:30:02.871+0000] {processor.py:840} INFO - DAG(s) 'latest_only' retrieved from /home/airflow/.local/lib/python3.12/site-packages/airflow/example_dags/example_latest_only.py
[2025-02-26T01:30:02.894+0000] {logging_mixin.py:188} INFO - [2025-02-26T01:30:02.894+0000] {dag.py:3096} INFO - Sync 1 DAGs
[2025-02-26T01:30:02.919+0000] {logging_mixin.py:188} INFO - [2025-02-26T01:30:02.918+0000] {dag.py:3954} INFO - Setting next_dagrun for latest_only to 2025-02-25 20:00:00+00:00, run_after=2025-02-26 00:00:00+00:00
[2025-02-26T01:30:02.943+0000] {processor.py:183} INFO - Processing /home/airflow/.local/lib/python3.12/site-packages/airflow/example_dags/example_latest_only.py took 0.088 seconds
[2025-02-26T01:30:33.589+0000] {processor.py:161} INFO - Started process (PID=1390) to work on /home/airflow/.local/lib/python3.12/site-packages/airflow/example_dags/example_latest_only.py
[2025-02-26T01:30:33.590+0000] {processor.py:830} INFO - Processing file /home/airflow/.local/lib/python3.12/site-packages/airflow/example_dags/example_latest_only.py for tasks to queue
[2025-02-26T01:30:33.593+0000] {logging_mixin.py:188} INFO - [2025-02-26T01:30:33.592+0000] {dagbag.py:540} INFO - Filling up the DagBag from /home/airflow/.local/lib/python3.12/site-packages/airflow/example_dags/example_latest_only.py
[2025-02-26T01:30:33.599+0000] {processor.py:840} INFO - DAG(s) 'latest_only' retrieved from /home/airflow/.local/lib/python3.12/site-packages/airflow/example_dags/example_latest_only.py
[2025-02-26T01:30:33.621+0000] {logging_mixin.py:188} INFO - [2025-02-26T01:30:33.621+0000] {dag.py:3096} INFO - Sync 1 DAGs
[2025-02-26T01:30:33.646+0000] {logging_mixin.py:188} INFO - [2025-02-26T01:30:33.646+0000] {dag.py:3954} INFO - Setting next_dagrun for latest_only to 2025-02-25 20:00:00+00:00, run_after=2025-02-26 00:00:00+00:00
[2025-02-26T01:30:33.670+0000] {processor.py:183} INFO - Processing /home/airflow/.local/lib/python3.12/site-packages/airflow/example_dags/example_latest_only.py took 0.088 seconds
[2025-02-26T01:31:04.397+0000] {processor.py:161} INFO - Started process (PID=1450) to work on /home/airflow/.local/lib/python3.12/site-packages/airflow/example_dags/example_latest_only.py
[2025-02-26T01:31:04.399+0000] {processor.py:830} INFO - Processing file /home/airflow/.local/lib/python3.12/site-packages/airflow/example_dags/example_latest_only.py for tasks to queue
[2025-02-26T01:31:04.406+0000] {logging_mixin.py:188} INFO - [2025-02-26T01:31:04.405+0000] {dagbag.py:540} INFO - Filling up the DagBag from /home/airflow/.local/lib/python3.12/site-packages/airflow/example_dags/example_latest_only.py
[2025-02-26T01:31:04.422+0000] {processor.py:840} INFO - DAG(s) 'latest_only' retrieved from /home/airflow/.local/lib/python3.12/site-packages/airflow/example_dags/example_latest_only.py
[2025-02-26T01:31:04.483+0000] {logging_mixin.py:188} INFO - [2025-02-26T01:31:04.482+0000] {dag.py:3096} INFO - Sync 1 DAGs
[2025-02-26T01:31:04.584+0000] {logging_mixin.py:188} INFO - [2025-02-26T01:31:04.580+0000] {dag.py:3954} INFO - Setting next_dagrun for latest_only to 2025-02-25 20:00:00+00:00, run_after=2025-02-26 00:00:00+00:00
[2025-02-26T01:31:04.667+0000] {processor.py:183} INFO - Processing /home/airflow/.local/lib/python3.12/site-packages/airflow/example_dags/example_latest_only.py took 0.289 seconds
[2025-02-26T01:31:34.726+0000] {processor.py:161} INFO - Started process (PID=1510) to work on /home/airflow/.local/lib/python3.12/site-packages/airflow/example_dags/example_latest_only.py
[2025-02-26T01:31:34.727+0000] {processor.py:830} INFO - Processing file /home/airflow/.local/lib/python3.12/site-packages/airflow/example_dags/example_latest_only.py for tasks to queue
[2025-02-26T01:31:34.730+0000] {logging_mixin.py:188} INFO - [2025-02-26T01:31:34.730+0000] {dagbag.py:540} INFO - Filling up the DagBag from /home/airflow/.local/lib/python3.12/site-packages/airflow/example_dags/example_latest_only.py
[2025-02-26T01:31:34.737+0000] {processor.py:840} INFO - DAG(s) 'latest_only' retrieved from /home/airflow/.local/lib/python3.12/site-packages/airflow/example_dags/example_latest_only.py
[2025-02-26T01:31:34.764+0000] {logging_mixin.py:188} INFO - [2025-02-26T01:31:34.764+0000] {dag.py:3096} INFO - Sync 1 DAGs
[2025-02-26T01:31:35.547+0000] {logging_mixin.py:188} INFO - [2025-02-26T01:31:35.547+0000] {dag.py:3954} INFO - Setting next_dagrun for latest_only to 2025-02-25 20:00:00+00:00, run_after=2025-02-26 00:00:00+00:00
[2025-02-26T01:31:36.122+0000] {processor.py:183} INFO - Processing /home/airflow/.local/lib/python3.12/site-packages/airflow/example_dags/example_latest_only.py took 1.402 seconds
[2025-02-26T01:32:06.876+0000] {processor.py:161} INFO - Started process (PID=1571) to work on /home/airflow/.local/lib/python3.12/site-packages/airflow/example_dags/example_latest_only.py
[2025-02-26T01:32:06.878+0000] {processor.py:830} INFO - Processing file /home/airflow/.local/lib/python3.12/site-packages/airflow/example_dags/example_latest_only.py for tasks to queue
[2025-02-26T01:32:06.880+0000] {logging_mixin.py:188} INFO - [2025-02-26T01:32:06.880+0000] {dagbag.py:540} INFO - Filling up the DagBag from /home/airflow/.local/lib/python3.12/site-packages/airflow/example_dags/example_latest_only.py
[2025-02-26T01:32:06.885+0000] {processor.py:840} INFO - DAG(s) 'latest_only' retrieved from /home/airflow/.local/lib/python3.12/site-packages/airflow/example_dags/example_latest_only.py
[2025-02-26T01:32:06.912+0000] {logging_mixin.py:188} INFO - [2025-02-26T01:32:06.911+0000] {dag.py:3096} INFO - Sync 1 DAGs
[2025-02-26T01:32:06.948+0000] {logging_mixin.py:188} INFO - [2025-02-26T01:32:06.948+0000] {dag.py:3954} INFO - Setting next_dagrun for latest_only to 2025-02-25 20:00:00+00:00, run_after=2025-02-26 00:00:00+00:00
[2025-02-26T01:32:06.971+0000] {processor.py:183} INFO - Processing /home/airflow/.local/lib/python3.12/site-packages/airflow/example_dags/example_latest_only.py took 0.102 seconds
[2025-02-26T01:32:37.673+0000] {processor.py:161} INFO - Started process (PID=1632) to work on /home/airflow/.local/lib/python3.12/site-packages/airflow/example_dags/example_latest_only.py
[2025-02-26T01:32:37.675+0000] {processor.py:830} INFO - Processing file /home/airflow/.local/lib/python3.12/site-packages/airflow/example_dags/example_latest_only.py for tasks to queue
[2025-02-26T01:32:37.679+0000] {logging_mixin.py:188} INFO - [2025-02-26T01:32:37.679+0000] {dagbag.py:540} INFO - Filling up the DagBag from /home/airflow/.local/lib/python3.12/site-packages/airflow/example_dags/example_latest_only.py
[2025-02-26T01:32:37.687+0000] {processor.py:840} INFO - DAG(s) 'latest_only' retrieved from /home/airflow/.local/lib/python3.12/site-packages/airflow/example_dags/example_latest_only.py
[2025-02-26T01:32:37.723+0000] {logging_mixin.py:188} INFO - [2025-02-26T01:32:37.722+0000] {dag.py:3096} INFO - Sync 1 DAGs
[2025-02-26T01:32:37.760+0000] {logging_mixin.py:188} INFO - [2025-02-26T01:32:37.760+0000] {dag.py:3954} INFO - Setting next_dagrun for latest_only to 2025-02-25 20:00:00+00:00, run_after=2025-02-26 00:00:00+00:00
[2025-02-26T01:32:37.795+0000] {processor.py:183} INFO - Processing /home/airflow/.local/lib/python3.12/site-packages/airflow/example_dags/example_latest_only.py took 0.136 seconds
[2025-02-26T01:33:07.897+0000] {processor.py:161} INFO - Started process (PID=1691) to work on /home/airflow/.local/lib/python3.12/site-packages/airflow/example_dags/example_latest_only.py
[2025-02-26T01:33:07.899+0000] {processor.py:830} INFO - Processing file /home/airflow/.local/lib/python3.12/site-packages/airflow/example_dags/example_latest_only.py for tasks to queue
[2025-02-26T01:33:07.902+0000] {logging_mixin.py:188} INFO - [2025-02-26T01:33:07.901+0000] {dagbag.py:540} INFO - Filling up the DagBag from /home/airflow/.local/lib/python3.12/site-packages/airflow/example_dags/example_latest_only.py
[2025-02-26T01:33:07.908+0000] {processor.py:840} INFO - DAG(s) 'latest_only' retrieved from /home/airflow/.local/lib/python3.12/site-packages/airflow/example_dags/example_latest_only.py
[2025-02-26T01:33:07.931+0000] {logging_mixin.py:188} INFO - [2025-02-26T01:33:07.931+0000] {dag.py:3096} INFO - Sync 1 DAGs
[2025-02-26T01:33:07.959+0000] {logging_mixin.py:188} INFO - [2025-02-26T01:33:07.959+0000] {dag.py:3954} INFO - Setting next_dagrun for latest_only to 2025-02-25 20:00:00+00:00, run_after=2025-02-26 00:00:00+00:00
[2025-02-26T01:33:07.980+0000] {processor.py:183} INFO - Processing /home/airflow/.local/lib/python3.12/site-packages/airflow/example_dags/example_latest_only.py took 0.089 seconds
[2025-02-26T01:33:38.052+0000] {processor.py:161} INFO - Started process (PID=1751) to work on /home/airflow/.local/lib/python3.12/site-packages/airflow/example_dags/example_latest_only.py
[2025-02-26T01:33:38.054+0000] {processor.py:830} INFO - Processing file /home/airflow/.local/lib/python3.12/site-packages/airflow/example_dags/example_latest_only.py for tasks to queue
[2025-02-26T01:33:38.057+0000] {logging_mixin.py:188} INFO - [2025-02-26T01:33:38.057+0000] {dagbag.py:540} INFO - Filling up the DagBag from /home/airflow/.local/lib/python3.12/site-packages/airflow/example_dags/example_latest_only.py
[2025-02-26T01:33:38.062+0000] {processor.py:840} INFO - DAG(s) 'latest_only' retrieved from /home/airflow/.local/lib/python3.12/site-packages/airflow/example_dags/example_latest_only.py
[2025-02-26T01:33:38.085+0000] {logging_mixin.py:188} INFO - [2025-02-26T01:33:38.084+0000] {dag.py:3096} INFO - Sync 1 DAGs
[2025-02-26T01:33:38.107+0000] {logging_mixin.py:188} INFO - [2025-02-26T01:33:38.107+0000] {dag.py:3954} INFO - Setting next_dagrun for latest_only to 2025-02-25 20:00:00+00:00, run_after=2025-02-26 00:00:00+00:00
[2025-02-26T01:33:38.127+0000] {processor.py:183} INFO - Processing /home/airflow/.local/lib/python3.12/site-packages/airflow/example_dags/example_latest_only.py took 0.082 seconds
[2025-02-26T01:34:08.300+0000] {processor.py:161} INFO - Started process (PID=1811) to work on /home/airflow/.local/lib/python3.12/site-packages/airflow/example_dags/example_latest_only.py
[2025-02-26T01:34:08.302+0000] {processor.py:830} INFO - Processing file /home/airflow/.local/lib/python3.12/site-packages/airflow/example_dags/example_latest_only.py for tasks to queue
[2025-02-26T01:34:08.304+0000] {logging_mixin.py:188} INFO - [2025-02-26T01:34:08.304+0000] {dagbag.py:540} INFO - Filling up the DagBag from /home/airflow/.local/lib/python3.12/site-packages/airflow/example_dags/example_latest_only.py
[2025-02-26T01:34:08.311+0000] {processor.py:840} INFO - DAG(s) 'latest_only' retrieved from /home/airflow/.local/lib/python3.12/site-packages/airflow/example_dags/example_latest_only.py
[2025-02-26T01:34:08.333+0000] {logging_mixin.py:188} INFO - [2025-02-26T01:34:08.333+0000] {dag.py:3096} INFO - Sync 1 DAGs
[2025-02-26T01:34:08.357+0000] {logging_mixin.py:188} INFO - [2025-02-26T01:34:08.357+0000] {dag.py:3954} INFO - Setting next_dagrun for latest_only to 2025-02-25 20:00:00+00:00, run_after=2025-02-26 00:00:00+00:00
[2025-02-26T01:34:08.384+0000] {processor.py:183} INFO - Processing /home/airflow/.local/lib/python3.12/site-packages/airflow/example_dags/example_latest_only.py took 0.090 seconds
[2025-02-26T01:34:38.863+0000] {processor.py:161} INFO - Started process (PID=1872) to work on /home/airflow/.local/lib/python3.12/site-packages/airflow/example_dags/example_latest_only.py
[2025-02-26T01:34:38.864+0000] {processor.py:830} INFO - Processing file /home/airflow/.local/lib/python3.12/site-packages/airflow/example_dags/example_latest_only.py for tasks to queue
[2025-02-26T01:34:38.866+0000] {logging_mixin.py:188} INFO - [2025-02-26T01:34:38.866+0000] {dagbag.py:540} INFO - Filling up the DagBag from /home/airflow/.local/lib/python3.12/site-packages/airflow/example_dags/example_latest_only.py
[2025-02-26T01:34:38.872+0000] {processor.py:840} INFO - DAG(s) 'latest_only' retrieved from /home/airflow/.local/lib/python3.12/site-packages/airflow/example_dags/example_latest_only.py
[2025-02-26T01:34:38.894+0000] {logging_mixin.py:188} INFO - [2025-02-26T01:34:38.894+0000] {dag.py:3096} INFO - Sync 1 DAGs
[2025-02-26T01:34:38.917+0000] {logging_mixin.py:188} INFO - [2025-02-26T01:34:38.917+0000] {dag.py:3954} INFO - Setting next_dagrun for latest_only to 2025-02-25 20:00:00+00:00, run_after=2025-02-26 00:00:00+00:00
[2025-02-26T01:34:38.939+0000] {processor.py:183} INFO - Processing /home/airflow/.local/lib/python3.12/site-packages/airflow/example_dags/example_latest_only.py took 0.083 seconds
[2025-02-26T01:35:09.507+0000] {processor.py:161} INFO - Started process (PID=1932) to work on /home/airflow/.local/lib/python3.12/site-packages/airflow/example_dags/example_latest_only.py
[2025-02-26T01:35:09.509+0000] {processor.py:830} INFO - Processing file /home/airflow/.local/lib/python3.12/site-packages/airflow/example_dags/example_latest_only.py for tasks to queue
[2025-02-26T01:35:09.511+0000] {logging_mixin.py:188} INFO - [2025-02-26T01:35:09.511+0000] {dagbag.py:540} INFO - Filling up the DagBag from /home/airflow/.local/lib/python3.12/site-packages/airflow/example_dags/example_latest_only.py
[2025-02-26T01:35:09.518+0000] {processor.py:840} INFO - DAG(s) 'latest_only' retrieved from /home/airflow/.local/lib/python3.12/site-packages/airflow/example_dags/example_latest_only.py
[2025-02-26T01:35:09.545+0000] {logging_mixin.py:188} INFO - [2025-02-26T01:35:09.545+0000] {dag.py:3096} INFO - Sync 1 DAGs
[2025-02-26T01:35:09.577+0000] {logging_mixin.py:188} INFO - [2025-02-26T01:35:09.576+0000] {dag.py:3954} INFO - Setting next_dagrun for latest_only to 2025-02-25 20:00:00+00:00, run_after=2025-02-26 00:00:00+00:00
[2025-02-26T01:35:09.598+0000] {processor.py:183} INFO - Processing /home/airflow/.local/lib/python3.12/site-packages/airflow/example_dags/example_latest_only.py took 0.102 seconds
[2025-02-26T01:35:39.731+0000] {processor.py:161} INFO - Started process (PID=1991) to work on /home/airflow/.local/lib/python3.12/site-packages/airflow/example_dags/example_latest_only.py
[2025-02-26T01:35:39.732+0000] {processor.py:830} INFO - Processing file /home/airflow/.local/lib/python3.12/site-packages/airflow/example_dags/example_latest_only.py for tasks to queue
[2025-02-26T01:35:39.735+0000] {logging_mixin.py:188} INFO - [2025-02-26T01:35:39.734+0000] {dagbag.py:540} INFO - Filling up the DagBag from /home/airflow/.local/lib/python3.12/site-packages/airflow/example_dags/example_latest_only.py
[2025-02-26T01:35:39.741+0000] {processor.py:840} INFO - DAG(s) 'latest_only' retrieved from /home/airflow/.local/lib/python3.12/site-packages/airflow/example_dags/example_latest_only.py
[2025-02-26T01:35:39.764+0000] {logging_mixin.py:188} INFO - [2025-02-26T01:35:39.764+0000] {dag.py:3096} INFO - Sync 1 DAGs
[2025-02-26T01:35:39.788+0000] {logging_mixin.py:188} INFO - [2025-02-26T01:35:39.788+0000] {dag.py:3954} INFO - Setting next_dagrun for latest_only to 2025-02-25 20:00:00+00:00, run_after=2025-02-26 00:00:00+00:00
[2025-02-26T01:35:39.807+0000] {processor.py:183} INFO - Processing /home/airflow/.local/lib/python3.12/site-packages/airflow/example_dags/example_latest_only.py took 0.083 seconds
[2025-02-26T01:36:10.203+0000] {processor.py:161} INFO - Started process (PID=2050) to work on /home/airflow/.local/lib/python3.12/site-packages/airflow/example_dags/example_latest_only.py
[2025-02-26T01:36:10.205+0000] {processor.py:830} INFO - Processing file /home/airflow/.local/lib/python3.12/site-packages/airflow/example_dags/example_latest_only.py for tasks to queue
[2025-02-26T01:36:10.208+0000] {logging_mixin.py:188} INFO - [2025-02-26T01:36:10.207+0000] {dagbag.py:540} INFO - Filling up the DagBag from /home/airflow/.local/lib/python3.12/site-packages/airflow/example_dags/example_latest_only.py
[2025-02-26T01:36:10.217+0000] {processor.py:840} INFO - DAG(s) 'latest_only' retrieved from /home/airflow/.local/lib/python3.12/site-packages/airflow/example_dags/example_latest_only.py
[2025-02-26T01:36:10.244+0000] {logging_mixin.py:188} INFO - [2025-02-26T01:36:10.244+0000] {dag.py:3096} INFO - Sync 1 DAGs
[2025-02-26T01:36:10.269+0000] {logging_mixin.py:188} INFO - [2025-02-26T01:36:10.269+0000] {dag.py:3954} INFO - Setting next_dagrun for latest_only to 2025-02-25 20:00:00+00:00, run_after=2025-02-26 00:00:00+00:00
[2025-02-26T01:36:10.296+0000] {processor.py:183} INFO - Processing /home/airflow/.local/lib/python3.12/site-packages/airflow/example_dags/example_latest_only.py took 0.103 seconds
[2025-02-26T01:36:40.935+0000] {processor.py:161} INFO - Started process (PID=2110) to work on /home/airflow/.local/lib/python3.12/site-packages/airflow/example_dags/example_latest_only.py
[2025-02-26T01:36:40.936+0000] {processor.py:830} INFO - Processing file /home/airflow/.local/lib/python3.12/site-packages/airflow/example_dags/example_latest_only.py for tasks to queue
[2025-02-26T01:36:40.938+0000] {logging_mixin.py:188} INFO - [2025-02-26T01:36:40.938+0000] {dagbag.py:540} INFO - Filling up the DagBag from /home/airflow/.local/lib/python3.12/site-packages/airflow/example_dags/example_latest_only.py
[2025-02-26T01:36:40.945+0000] {processor.py:840} INFO - DAG(s) 'latest_only' retrieved from /home/airflow/.local/lib/python3.12/site-packages/airflow/example_dags/example_latest_only.py
[2025-02-26T01:36:40.974+0000] {logging_mixin.py:188} INFO - [2025-02-26T01:36:40.973+0000] {dag.py:3096} INFO - Sync 1 DAGs
[2025-02-26T01:36:41.010+0000] {logging_mixin.py:188} INFO - [2025-02-26T01:36:41.010+0000] {dag.py:3954} INFO - Setting next_dagrun for latest_only to 2025-02-25 20:00:00+00:00, run_after=2025-02-26 00:00:00+00:00
[2025-02-26T01:36:41.037+0000] {processor.py:183} INFO - Processing /home/airflow/.local/lib/python3.12/site-packages/airflow/example_dags/example_latest_only.py took 0.110 seconds
[2025-02-26T01:37:11.890+0000] {processor.py:161} INFO - Started process (PID=2170) to work on /home/airflow/.local/lib/python3.12/site-packages/airflow/example_dags/example_latest_only.py
[2025-02-26T01:37:11.891+0000] {processor.py:830} INFO - Processing file /home/airflow/.local/lib/python3.12/site-packages/airflow/example_dags/example_latest_only.py for tasks to queue
[2025-02-26T01:37:11.893+0000] {logging_mixin.py:188} INFO - [2025-02-26T01:37:11.893+0000] {dagbag.py:540} INFO - Filling up the DagBag from /home/airflow/.local/lib/python3.12/site-packages/airflow/example_dags/example_latest_only.py
[2025-02-26T01:37:11.899+0000] {processor.py:840} INFO - DAG(s) 'latest_only' retrieved from /home/airflow/.local/lib/python3.12/site-packages/airflow/example_dags/example_latest_only.py
[2025-02-26T01:37:11.922+0000] {logging_mixin.py:188} INFO - [2025-02-26T01:37:11.922+0000] {dag.py:3096} INFO - Sync 1 DAGs
[2025-02-26T01:37:11.955+0000] {logging_mixin.py:188} INFO - [2025-02-26T01:37:11.954+0000] {dag.py:3954} INFO - Setting next_dagrun for latest_only to 2025-02-25 20:00:00+00:00, run_after=2025-02-26 00:00:00+00:00
[2025-02-26T01:37:11.977+0000] {processor.py:183} INFO - Processing /home/airflow/.local/lib/python3.12/site-packages/airflow/example_dags/example_latest_only.py took 0.094 seconds
[2025-02-26T01:37:42.321+0000] {processor.py:161} INFO - Started process (PID=2230) to work on /home/airflow/.local/lib/python3.12/site-packages/airflow/example_dags/example_latest_only.py
[2025-02-26T01:37:42.322+0000] {processor.py:830} INFO - Processing file /home/airflow/.local/lib/python3.12/site-packages/airflow/example_dags/example_latest_only.py for tasks to queue
[2025-02-26T01:37:42.324+0000] {logging_mixin.py:188} INFO - [2025-02-26T01:37:42.324+0000] {dagbag.py:540} INFO - Filling up the DagBag from /home/airflow/.local/lib/python3.12/site-packages/airflow/example_dags/example_latest_only.py
[2025-02-26T01:37:42.329+0000] {processor.py:840} INFO - DAG(s) 'latest_only' retrieved from /home/airflow/.local/lib/python3.12/site-packages/airflow/example_dags/example_latest_only.py
[2025-02-26T01:37:42.353+0000] {logging_mixin.py:188} INFO - [2025-02-26T01:37:42.352+0000] {dag.py:3096} INFO - Sync 1 DAGs
[2025-02-26T01:37:42.376+0000] {logging_mixin.py:188} INFO - [2025-02-26T01:37:42.376+0000] {dag.py:3954} INFO - Setting next_dagrun for latest_only to 2025-02-25 20:00:00+00:00, run_after=2025-02-26 00:00:00+00:00
[2025-02-26T01:37:42.397+0000] {processor.py:183} INFO - Processing /home/airflow/.local/lib/python3.12/site-packages/airflow/example_dags/example_latest_only.py took 0.085 seconds
[2025-02-26T01:38:12.745+0000] {processor.py:161} INFO - Started process (PID=2290) to work on /home/airflow/.local/lib/python3.12/site-packages/airflow/example_dags/example_latest_only.py
[2025-02-26T01:38:12.746+0000] {processor.py:830} INFO - Processing file /home/airflow/.local/lib/python3.12/site-packages/airflow/example_dags/example_latest_only.py for tasks to queue
[2025-02-26T01:38:12.749+0000] {logging_mixin.py:188} INFO - [2025-02-26T01:38:12.748+0000] {dagbag.py:540} INFO - Filling up the DagBag from /home/airflow/.local/lib/python3.12/site-packages/airflow/example_dags/example_latest_only.py
[2025-02-26T01:38:12.756+0000] {processor.py:840} INFO - DAG(s) 'latest_only' retrieved from /home/airflow/.local/lib/python3.12/site-packages/airflow/example_dags/example_latest_only.py
[2025-02-26T01:38:12.785+0000] {logging_mixin.py:188} INFO - [2025-02-26T01:38:12.785+0000] {dag.py:3096} INFO - Sync 1 DAGs
[2025-02-26T01:38:12.844+0000] {logging_mixin.py:188} INFO - [2025-02-26T01:38:12.844+0000] {dag.py:3954} INFO - Setting next_dagrun for latest_only to 2025-02-25 20:00:00+00:00, run_after=2025-02-26 00:00:00+00:00
[2025-02-26T01:38:12.882+0000] {processor.py:183} INFO - Processing /home/airflow/.local/lib/python3.12/site-packages/airflow/example_dags/example_latest_only.py took 0.144 seconds
[2025-02-26T01:38:43.304+0000] {processor.py:161} INFO - Started process (PID=2356) to work on /home/airflow/.local/lib/python3.12/site-packages/airflow/example_dags/example_latest_only.py
[2025-02-26T01:38:43.305+0000] {processor.py:830} INFO - Processing file /home/airflow/.local/lib/python3.12/site-packages/airflow/example_dags/example_latest_only.py for tasks to queue
[2025-02-26T01:38:43.307+0000] {logging_mixin.py:188} INFO - [2025-02-26T01:38:43.307+0000] {dagbag.py:540} INFO - Filling up the DagBag from /home/airflow/.local/lib/python3.12/site-packages/airflow/example_dags/example_latest_only.py
[2025-02-26T01:38:43.313+0000] {processor.py:840} INFO - DAG(s) 'latest_only' retrieved from /home/airflow/.local/lib/python3.12/site-packages/airflow/example_dags/example_latest_only.py
[2025-02-26T01:38:43.339+0000] {logging_mixin.py:188} INFO - [2025-02-26T01:38:43.339+0000] {dag.py:3096} INFO - Sync 1 DAGs
[2025-02-26T01:38:43.363+0000] {logging_mixin.py:188} INFO - [2025-02-26T01:38:43.363+0000] {dag.py:3954} INFO - Setting next_dagrun for latest_only to 2025-02-25 20:00:00+00:00, run_after=2025-02-26 00:00:00+00:00
[2025-02-26T01:38:43.384+0000] {processor.py:183} INFO - Processing /home/airflow/.local/lib/python3.12/site-packages/airflow/example_dags/example_latest_only.py took 0.087 seconds
[2025-02-26T01:39:13.532+0000] {processor.py:161} INFO - Started process (PID=2416) to work on /home/airflow/.local/lib/python3.12/site-packages/airflow/example_dags/example_latest_only.py
[2025-02-26T01:39:13.533+0000] {processor.py:830} INFO - Processing file /home/airflow/.local/lib/python3.12/site-packages/airflow/example_dags/example_latest_only.py for tasks to queue
[2025-02-26T01:39:13.536+0000] {logging_mixin.py:188} INFO - [2025-02-26T01:39:13.535+0000] {dagbag.py:540} INFO - Filling up the DagBag from /home/airflow/.local/lib/python3.12/site-packages/airflow/example_dags/example_latest_only.py
[2025-02-26T01:39:13.541+0000] {processor.py:840} INFO - DAG(s) 'latest_only' retrieved from /home/airflow/.local/lib/python3.12/site-packages/airflow/example_dags/example_latest_only.py
[2025-02-26T01:39:13.565+0000] {logging_mixin.py:188} INFO - [2025-02-26T01:39:13.565+0000] {dag.py:3096} INFO - Sync 1 DAGs
[2025-02-26T01:39:13.590+0000] {logging_mixin.py:188} INFO - [2025-02-26T01:39:13.590+0000] {dag.py:3954} INFO - Setting next_dagrun for latest_only to 2025-02-25 20:00:00+00:00, run_after=2025-02-26 00:00:00+00:00
[2025-02-26T01:39:13.612+0000] {processor.py:183} INFO - Processing /home/airflow/.local/lib/python3.12/site-packages/airflow/example_dags/example_latest_only.py took 0.087 seconds
[2025-02-26T01:39:44.230+0000] {processor.py:161} INFO - Started process (PID=2476) to work on /home/airflow/.local/lib/python3.12/site-packages/airflow/example_dags/example_latest_only.py
[2025-02-26T01:39:44.231+0000] {processor.py:830} INFO - Processing file /home/airflow/.local/lib/python3.12/site-packages/airflow/example_dags/example_latest_only.py for tasks to queue
[2025-02-26T01:39:44.233+0000] {logging_mixin.py:188} INFO - [2025-02-26T01:39:44.233+0000] {dagbag.py:540} INFO - Filling up the DagBag from /home/airflow/.local/lib/python3.12/site-packages/airflow/example_dags/example_latest_only.py
[2025-02-26T01:39:44.239+0000] {processor.py:840} INFO - DAG(s) 'latest_only' retrieved from /home/airflow/.local/lib/python3.12/site-packages/airflow/example_dags/example_latest_only.py
[2025-02-26T01:39:44.269+0000] {logging_mixin.py:188} INFO - [2025-02-26T01:39:44.269+0000] {dag.py:3096} INFO - Sync 1 DAGs
[2025-02-26T01:39:44.299+0000] {logging_mixin.py:188} INFO - [2025-02-26T01:39:44.299+0000] {dag.py:3954} INFO - Setting next_dagrun for latest_only to 2025-02-25 20:00:00+00:00, run_after=2025-02-26 00:00:00+00:00
[2025-02-26T01:39:44.325+0000] {processor.py:183} INFO - Processing /home/airflow/.local/lib/python3.12/site-packages/airflow/example_dags/example_latest_only.py took 0.106 seconds
[2025-02-26T01:40:14.813+0000] {processor.py:161} INFO - Started process (PID=2536) to work on /home/airflow/.local/lib/python3.12/site-packages/airflow/example_dags/example_latest_only.py
[2025-02-26T01:40:14.814+0000] {processor.py:830} INFO - Processing file /home/airflow/.local/lib/python3.12/site-packages/airflow/example_dags/example_latest_only.py for tasks to queue
[2025-02-26T01:40:14.817+0000] {logging_mixin.py:188} INFO - [2025-02-26T01:40:14.816+0000] {dagbag.py:540} INFO - Filling up the DagBag from /home/airflow/.local/lib/python3.12/site-packages/airflow/example_dags/example_latest_only.py
[2025-02-26T01:40:14.822+0000] {processor.py:840} INFO - DAG(s) 'latest_only' retrieved from /home/airflow/.local/lib/python3.12/site-packages/airflow/example_dags/example_latest_only.py
[2025-02-26T01:40:14.846+0000] {logging_mixin.py:188} INFO - [2025-02-26T01:40:14.845+0000] {dag.py:3096} INFO - Sync 1 DAGs
[2025-02-26T01:40:14.870+0000] {logging_mixin.py:188} INFO - [2025-02-26T01:40:14.870+0000] {dag.py:3954} INFO - Setting next_dagrun for latest_only to 2025-02-25 20:00:00+00:00, run_after=2025-02-26 00:00:00+00:00
[2025-02-26T01:40:14.891+0000] {processor.py:183} INFO - Processing /home/airflow/.local/lib/python3.12/site-packages/airflow/example_dags/example_latest_only.py took 0.085 seconds
[2025-02-26T01:40:45.476+0000] {processor.py:161} INFO - Started process (PID=2596) to work on /home/airflow/.local/lib/python3.12/site-packages/airflow/example_dags/example_latest_only.py
[2025-02-26T01:40:45.477+0000] {processor.py:830} INFO - Processing file /home/airflow/.local/lib/python3.12/site-packages/airflow/example_dags/example_latest_only.py for tasks to queue
[2025-02-26T01:40:45.479+0000] {logging_mixin.py:188} INFO - [2025-02-26T01:40:45.479+0000] {dagbag.py:540} INFO - Filling up the DagBag from /home/airflow/.local/lib/python3.12/site-packages/airflow/example_dags/example_latest_only.py
[2025-02-26T01:40:45.486+0000] {processor.py:840} INFO - DAG(s) 'latest_only' retrieved from /home/airflow/.local/lib/python3.12/site-packages/airflow/example_dags/example_latest_only.py
[2025-02-26T01:40:45.515+0000] {logging_mixin.py:188} INFO - [2025-02-26T01:40:45.515+0000] {dag.py:3096} INFO - Sync 1 DAGs
[2025-02-26T01:40:45.546+0000] {logging_mixin.py:188} INFO - [2025-02-26T01:40:45.545+0000] {dag.py:3954} INFO - Setting next_dagrun for latest_only to 2025-02-25 20:00:00+00:00, run_after=2025-02-26 00:00:00+00:00
[2025-02-26T01:40:45.570+0000] {processor.py:183} INFO - Processing /home/airflow/.local/lib/python3.12/site-packages/airflow/example_dags/example_latest_only.py took 0.101 seconds
[2025-02-26T01:41:15.730+0000] {processor.py:161} INFO - Started process (PID=2656) to work on /home/airflow/.local/lib/python3.12/site-packages/airflow/example_dags/example_latest_only.py
[2025-02-26T01:41:15.731+0000] {processor.py:830} INFO - Processing file /home/airflow/.local/lib/python3.12/site-packages/airflow/example_dags/example_latest_only.py for tasks to queue
[2025-02-26T01:41:15.734+0000] {logging_mixin.py:188} INFO - [2025-02-26T01:41:15.733+0000] {dagbag.py:540} INFO - Filling up the DagBag from /home/airflow/.local/lib/python3.12/site-packages/airflow/example_dags/example_latest_only.py
[2025-02-26T01:41:15.741+0000] {processor.py:840} INFO - DAG(s) 'latest_only' retrieved from /home/airflow/.local/lib/python3.12/site-packages/airflow/example_dags/example_latest_only.py
[2025-02-26T01:41:15.769+0000] {logging_mixin.py:188} INFO - [2025-02-26T01:41:15.768+0000] {dag.py:3096} INFO - Sync 1 DAGs
[2025-02-26T01:41:15.795+0000] {logging_mixin.py:188} INFO - [2025-02-26T01:41:15.795+0000] {dag.py:3954} INFO - Setting next_dagrun for latest_only to 2025-02-25 20:00:00+00:00, run_after=2025-02-26 00:00:00+00:00
[2025-02-26T01:41:15.824+0000] {processor.py:183} INFO - Processing /home/airflow/.local/lib/python3.12/site-packages/airflow/example_dags/example_latest_only.py took 0.101 seconds
[2025-02-26T01:41:46.122+0000] {processor.py:161} INFO - Started process (PID=2716) to work on /home/airflow/.local/lib/python3.12/site-packages/airflow/example_dags/example_latest_only.py
[2025-02-26T01:41:46.123+0000] {processor.py:830} INFO - Processing file /home/airflow/.local/lib/python3.12/site-packages/airflow/example_dags/example_latest_only.py for tasks to queue
[2025-02-26T01:41:46.125+0000] {logging_mixin.py:188} INFO - [2025-02-26T01:41:46.125+0000] {dagbag.py:540} INFO - Filling up the DagBag from /home/airflow/.local/lib/python3.12/site-packages/airflow/example_dags/example_latest_only.py
[2025-02-26T01:41:46.131+0000] {processor.py:840} INFO - DAG(s) 'latest_only' retrieved from /home/airflow/.local/lib/python3.12/site-packages/airflow/example_dags/example_latest_only.py
[2025-02-26T01:41:46.153+0000] {logging_mixin.py:188} INFO - [2025-02-26T01:41:46.153+0000] {dag.py:3096} INFO - Sync 1 DAGs
[2025-02-26T01:41:46.177+0000] {logging_mixin.py:188} INFO - [2025-02-26T01:41:46.176+0000] {dag.py:3954} INFO - Setting next_dagrun for latest_only to 2025-02-25 20:00:00+00:00, run_after=2025-02-26 00:00:00+00:00
[2025-02-26T01:41:46.200+0000] {processor.py:183} INFO - Processing /home/airflow/.local/lib/python3.12/site-packages/airflow/example_dags/example_latest_only.py took 0.084 seconds
[2025-02-26T01:42:16.485+0000] {processor.py:161} INFO - Started process (PID=2776) to work on /home/airflow/.local/lib/python3.12/site-packages/airflow/example_dags/example_latest_only.py
[2025-02-26T01:42:16.487+0000] {processor.py:830} INFO - Processing file /home/airflow/.local/lib/python3.12/site-packages/airflow/example_dags/example_latest_only.py for tasks to queue
[2025-02-26T01:42:16.489+0000] {logging_mixin.py:188} INFO - [2025-02-26T01:42:16.489+0000] {dagbag.py:540} INFO - Filling up the DagBag from /home/airflow/.local/lib/python3.12/site-packages/airflow/example_dags/example_latest_only.py
[2025-02-26T01:42:16.495+0000] {processor.py:840} INFO - DAG(s) 'latest_only' retrieved from /home/airflow/.local/lib/python3.12/site-packages/airflow/example_dags/example_latest_only.py
[2025-02-26T01:42:16.519+0000] {logging_mixin.py:188} INFO - [2025-02-26T01:42:16.519+0000] {dag.py:3096} INFO - Sync 1 DAGs
[2025-02-26T01:42:16.543+0000] {logging_mixin.py:188} INFO - [2025-02-26T01:42:16.542+0000] {dag.py:3954} INFO - Setting next_dagrun for latest_only to 2025-02-25 20:00:00+00:00, run_after=2025-02-26 00:00:00+00:00
[2025-02-26T01:42:16.564+0000] {processor.py:183} INFO - Processing /home/airflow/.local/lib/python3.12/site-packages/airflow/example_dags/example_latest_only.py took 0.086 seconds
[2025-02-26T01:42:46.855+0000] {processor.py:161} INFO - Started process (PID=2836) to work on /home/airflow/.local/lib/python3.12/site-packages/airflow/example_dags/example_latest_only.py
[2025-02-26T01:42:46.857+0000] {processor.py:830} INFO - Processing file /home/airflow/.local/lib/python3.12/site-packages/airflow/example_dags/example_latest_only.py for tasks to queue
[2025-02-26T01:42:46.866+0000] {logging_mixin.py:188} INFO - [2025-02-26T01:42:46.864+0000] {dagbag.py:540} INFO - Filling up the DagBag from /home/airflow/.local/lib/python3.12/site-packages/airflow/example_dags/example_latest_only.py
[2025-02-26T01:42:46.884+0000] {processor.py:840} INFO - DAG(s) 'latest_only' retrieved from /home/airflow/.local/lib/python3.12/site-packages/airflow/example_dags/example_latest_only.py
[2025-02-26T01:42:46.919+0000] {logging_mixin.py:188} INFO - [2025-02-26T01:42:46.918+0000] {dag.py:3096} INFO - Sync 1 DAGs
[2025-02-26T01:42:46.956+0000] {logging_mixin.py:188} INFO - [2025-02-26T01:42:46.955+0000] {dag.py:3954} INFO - Setting next_dagrun for latest_only to 2025-02-25 20:00:00+00:00, run_after=2025-02-26 00:00:00+00:00
[2025-02-26T01:42:46.980+0000] {processor.py:183} INFO - Processing /home/airflow/.local/lib/python3.12/site-packages/airflow/example_dags/example_latest_only.py took 0.139 seconds
[2025-02-26T01:43:17.249+0000] {processor.py:161} INFO - Started process (PID=2896) to work on /home/airflow/.local/lib/python3.12/site-packages/airflow/example_dags/example_latest_only.py
[2025-02-26T01:43:17.251+0000] {processor.py:830} INFO - Processing file /home/airflow/.local/lib/python3.12/site-packages/airflow/example_dags/example_latest_only.py for tasks to queue
[2025-02-26T01:43:17.253+0000] {logging_mixin.py:188} INFO - [2025-02-26T01:43:17.253+0000] {dagbag.py:540} INFO - Filling up the DagBag from /home/airflow/.local/lib/python3.12/site-packages/airflow/example_dags/example_latest_only.py
[2025-02-26T01:43:17.260+0000] {processor.py:840} INFO - DAG(s) 'latest_only' retrieved from /home/airflow/.local/lib/python3.12/site-packages/airflow/example_dags/example_latest_only.py
[2025-02-26T01:43:17.290+0000] {logging_mixin.py:188} INFO - [2025-02-26T01:43:17.289+0000] {dag.py:3096} INFO - Sync 1 DAGs
[2025-02-26T01:43:17.316+0000] {logging_mixin.py:188} INFO - [2025-02-26T01:43:17.316+0000] {dag.py:3954} INFO - Setting next_dagrun for latest_only to 2025-02-25 20:00:00+00:00, run_after=2025-02-26 00:00:00+00:00
[2025-02-26T01:43:17.337+0000] {processor.py:183} INFO - Processing /home/airflow/.local/lib/python3.12/site-packages/airflow/example_dags/example_latest_only.py took 0.095 seconds
[2025-02-26T01:43:47.645+0000] {processor.py:161} INFO - Started process (PID=2956) to work on /home/airflow/.local/lib/python3.12/site-packages/airflow/example_dags/example_latest_only.py
[2025-02-26T01:43:47.646+0000] {processor.py:830} INFO - Processing file /home/airflow/.local/lib/python3.12/site-packages/airflow/example_dags/example_latest_only.py for tasks to queue
[2025-02-26T01:43:47.649+0000] {logging_mixin.py:188} INFO - [2025-02-26T01:43:47.648+0000] {dagbag.py:540} INFO - Filling up the DagBag from /home/airflow/.local/lib/python3.12/site-packages/airflow/example_dags/example_latest_only.py
[2025-02-26T01:43:47.656+0000] {processor.py:840} INFO - DAG(s) 'latest_only' retrieved from /home/airflow/.local/lib/python3.12/site-packages/airflow/example_dags/example_latest_only.py
[2025-02-26T01:43:47.692+0000] {logging_mixin.py:188} INFO - [2025-02-26T01:43:47.691+0000] {dag.py:3096} INFO - Sync 1 DAGs
[2025-02-26T01:43:47.728+0000] {logging_mixin.py:188} INFO - [2025-02-26T01:43:47.727+0000] {dag.py:3954} INFO - Setting next_dagrun for latest_only to 2025-02-25 20:00:00+00:00, run_after=2025-02-26 00:00:00+00:00
[2025-02-26T01:43:47.747+0000] {processor.py:183} INFO - Processing /home/airflow/.local/lib/python3.12/site-packages/airflow/example_dags/example_latest_only.py took 0.111 seconds
[2025-02-26T01:44:18.346+0000] {processor.py:161} INFO - Started process (PID=3016) to work on /home/airflow/.local/lib/python3.12/site-packages/airflow/example_dags/example_latest_only.py
[2025-02-26T01:44:18.347+0000] {processor.py:830} INFO - Processing file /home/airflow/.local/lib/python3.12/site-packages/airflow/example_dags/example_latest_only.py for tasks to queue
[2025-02-26T01:44:18.350+0000] {logging_mixin.py:188} INFO - [2025-02-26T01:44:18.350+0000] {dagbag.py:540} INFO - Filling up the DagBag from /home/airflow/.local/lib/python3.12/site-packages/airflow/example_dags/example_latest_only.py
[2025-02-26T01:44:18.359+0000] {processor.py:840} INFO - DAG(s) 'latest_only' retrieved from /home/airflow/.local/lib/python3.12/site-packages/airflow/example_dags/example_latest_only.py
[2025-02-26T01:44:18.399+0000] {logging_mixin.py:188} INFO - [2025-02-26T01:44:18.399+0000] {dag.py:3096} INFO - Sync 1 DAGs
[2025-02-26T01:44:18.441+0000] {logging_mixin.py:188} INFO - [2025-02-26T01:44:18.441+0000] {dag.py:3954} INFO - Setting next_dagrun for latest_only to 2025-02-25 20:00:00+00:00, run_after=2025-02-26 00:00:00+00:00
[2025-02-26T01:44:18.469+0000] {processor.py:183} INFO - Processing /home/airflow/.local/lib/python3.12/site-packages/airflow/example_dags/example_latest_only.py took 0.131 seconds
[2025-02-26T01:44:48.746+0000] {processor.py:161} INFO - Started process (PID=3076) to work on /home/airflow/.local/lib/python3.12/site-packages/airflow/example_dags/example_latest_only.py
[2025-02-26T01:44:48.747+0000] {processor.py:830} INFO - Processing file /home/airflow/.local/lib/python3.12/site-packages/airflow/example_dags/example_latest_only.py for tasks to queue
[2025-02-26T01:44:48.750+0000] {logging_mixin.py:188} INFO - [2025-02-26T01:44:48.750+0000] {dagbag.py:540} INFO - Filling up the DagBag from /home/airflow/.local/lib/python3.12/site-packages/airflow/example_dags/example_latest_only.py
[2025-02-26T01:44:48.759+0000] {processor.py:840} INFO - DAG(s) 'latest_only' retrieved from /home/airflow/.local/lib/python3.12/site-packages/airflow/example_dags/example_latest_only.py
[2025-02-26T01:44:48.795+0000] {logging_mixin.py:188} INFO - [2025-02-26T01:44:48.794+0000] {dag.py:3096} INFO - Sync 1 DAGs
[2025-02-26T01:44:48.828+0000] {logging_mixin.py:188} INFO - [2025-02-26T01:44:48.828+0000] {dag.py:3954} INFO - Setting next_dagrun for latest_only to 2025-02-25 20:00:00+00:00, run_after=2025-02-26 00:00:00+00:00
[2025-02-26T01:44:48.854+0000] {processor.py:183} INFO - Processing /home/airflow/.local/lib/python3.12/site-packages/airflow/example_dags/example_latest_only.py took 0.117 seconds
[2025-02-26T01:45:19.305+0000] {processor.py:161} INFO - Started process (PID=3136) to work on /home/airflow/.local/lib/python3.12/site-packages/airflow/example_dags/example_latest_only.py
[2025-02-26T01:45:19.306+0000] {processor.py:830} INFO - Processing file /home/airflow/.local/lib/python3.12/site-packages/airflow/example_dags/example_latest_only.py for tasks to queue
[2025-02-26T01:45:19.309+0000] {logging_mixin.py:188} INFO - [2025-02-26T01:45:19.309+0000] {dagbag.py:540} INFO - Filling up the DagBag from /home/airflow/.local/lib/python3.12/site-packages/airflow/example_dags/example_latest_only.py
[2025-02-26T01:45:19.317+0000] {processor.py:840} INFO - DAG(s) 'latest_only' retrieved from /home/airflow/.local/lib/python3.12/site-packages/airflow/example_dags/example_latest_only.py
[2025-02-26T01:45:19.350+0000] {logging_mixin.py:188} INFO - [2025-02-26T01:45:19.349+0000] {dag.py:3096} INFO - Sync 1 DAGs
[2025-02-26T01:45:19.384+0000] {logging_mixin.py:188} INFO - [2025-02-26T01:45:19.383+0000] {dag.py:3954} INFO - Setting next_dagrun for latest_only to 2025-02-25 20:00:00+00:00, run_after=2025-02-26 00:00:00+00:00
[2025-02-26T01:45:19.412+0000] {processor.py:183} INFO - Processing /home/airflow/.local/lib/python3.12/site-packages/airflow/example_dags/example_latest_only.py took 0.116 seconds
[2025-02-26T01:45:49.718+0000] {processor.py:161} INFO - Started process (PID=3196) to work on /home/airflow/.local/lib/python3.12/site-packages/airflow/example_dags/example_latest_only.py
[2025-02-26T01:45:49.719+0000] {processor.py:830} INFO - Processing file /home/airflow/.local/lib/python3.12/site-packages/airflow/example_dags/example_latest_only.py for tasks to queue
[2025-02-26T01:45:49.723+0000] {logging_mixin.py:188} INFO - [2025-02-26T01:45:49.722+0000] {dagbag.py:540} INFO - Filling up the DagBag from /home/airflow/.local/lib/python3.12/site-packages/airflow/example_dags/example_latest_only.py
[2025-02-26T01:45:49.729+0000] {processor.py:840} INFO - DAG(s) 'latest_only' retrieved from /home/airflow/.local/lib/python3.12/site-packages/airflow/example_dags/example_latest_only.py
[2025-02-26T01:45:49.759+0000] {logging_mixin.py:188} INFO - [2025-02-26T01:45:49.759+0000] {dag.py:3096} INFO - Sync 1 DAGs
[2025-02-26T01:45:49.801+0000] {logging_mixin.py:188} INFO - [2025-02-26T01:45:49.801+0000] {dag.py:3954} INFO - Setting next_dagrun for latest_only to 2025-02-25 20:00:00+00:00, run_after=2025-02-26 00:00:00+00:00
[2025-02-26T01:45:49.822+0000] {processor.py:183} INFO - Processing /home/airflow/.local/lib/python3.12/site-packages/airflow/example_dags/example_latest_only.py took 0.112 seconds
[2025-02-26T01:46:20.334+0000] {processor.py:161} INFO - Started process (PID=3256) to work on /home/airflow/.local/lib/python3.12/site-packages/airflow/example_dags/example_latest_only.py
[2025-02-26T01:46:20.335+0000] {processor.py:830} INFO - Processing file /home/airflow/.local/lib/python3.12/site-packages/airflow/example_dags/example_latest_only.py for tasks to queue
[2025-02-26T01:46:20.337+0000] {logging_mixin.py:188} INFO - [2025-02-26T01:46:20.337+0000] {dagbag.py:540} INFO - Filling up the DagBag from /home/airflow/.local/lib/python3.12/site-packages/airflow/example_dags/example_latest_only.py
[2025-02-26T01:46:20.343+0000] {processor.py:840} INFO - DAG(s) 'latest_only' retrieved from /home/airflow/.local/lib/python3.12/site-packages/airflow/example_dags/example_latest_only.py
[2025-02-26T01:46:20.366+0000] {logging_mixin.py:188} INFO - [2025-02-26T01:46:20.365+0000] {dag.py:3096} INFO - Sync 1 DAGs
[2025-02-26T01:46:20.388+0000] {logging_mixin.py:188} INFO - [2025-02-26T01:46:20.387+0000] {dag.py:3954} INFO - Setting next_dagrun for latest_only to 2025-02-25 20:00:00+00:00, run_after=2025-02-26 00:00:00+00:00
[2025-02-26T01:46:20.409+0000] {processor.py:183} INFO - Processing /home/airflow/.local/lib/python3.12/site-packages/airflow/example_dags/example_latest_only.py took 0.082 seconds
[2025-02-26T01:46:50.731+0000] {processor.py:161} INFO - Started process (PID=3316) to work on /home/airflow/.local/lib/python3.12/site-packages/airflow/example_dags/example_latest_only.py
[2025-02-26T01:46:50.732+0000] {processor.py:830} INFO - Processing file /home/airflow/.local/lib/python3.12/site-packages/airflow/example_dags/example_latest_only.py for tasks to queue
[2025-02-26T01:46:50.735+0000] {logging_mixin.py:188} INFO - [2025-02-26T01:46:50.735+0000] {dagbag.py:540} INFO - Filling up the DagBag from /home/airflow/.local/lib/python3.12/site-packages/airflow/example_dags/example_latest_only.py
[2025-02-26T01:46:50.742+0000] {processor.py:840} INFO - DAG(s) 'latest_only' retrieved from /home/airflow/.local/lib/python3.12/site-packages/airflow/example_dags/example_latest_only.py
[2025-02-26T01:46:50.773+0000] {logging_mixin.py:188} INFO - [2025-02-26T01:46:50.773+0000] {dag.py:3096} INFO - Sync 1 DAGs
[2025-02-26T01:46:50.823+0000] {logging_mixin.py:188} INFO - [2025-02-26T01:46:50.823+0000] {dag.py:3954} INFO - Setting next_dagrun for latest_only to 2025-02-25 20:00:00+00:00, run_after=2025-02-26 00:00:00+00:00
[2025-02-26T01:46:50.876+0000] {processor.py:183} INFO - Processing /home/airflow/.local/lib/python3.12/site-packages/airflow/example_dags/example_latest_only.py took 0.153 seconds
[2025-02-26T01:47:21.626+0000] {processor.py:161} INFO - Started process (PID=3376) to work on /home/airflow/.local/lib/python3.12/site-packages/airflow/example_dags/example_latest_only.py
[2025-02-26T01:47:21.627+0000] {processor.py:830} INFO - Processing file /home/airflow/.local/lib/python3.12/site-packages/airflow/example_dags/example_latest_only.py for tasks to queue
[2025-02-26T01:47:21.629+0000] {logging_mixin.py:188} INFO - [2025-02-26T01:47:21.629+0000] {dagbag.py:540} INFO - Filling up the DagBag from /home/airflow/.local/lib/python3.12/site-packages/airflow/example_dags/example_latest_only.py
[2025-02-26T01:47:21.636+0000] {processor.py:840} INFO - DAG(s) 'latest_only' retrieved from /home/airflow/.local/lib/python3.12/site-packages/airflow/example_dags/example_latest_only.py
[2025-02-26T01:47:21.660+0000] {logging_mixin.py:188} INFO - [2025-02-26T01:47:21.660+0000] {dag.py:3096} INFO - Sync 1 DAGs
[2025-02-26T01:47:21.685+0000] {logging_mixin.py:188} INFO - [2025-02-26T01:47:21.684+0000] {dag.py:3954} INFO - Setting next_dagrun for latest_only to 2025-02-25 20:00:00+00:00, run_after=2025-02-26 00:00:00+00:00
[2025-02-26T01:47:21.706+0000] {processor.py:183} INFO - Processing /home/airflow/.local/lib/python3.12/site-packages/airflow/example_dags/example_latest_only.py took 0.087 seconds
[2025-02-26T01:47:52.082+0000] {processor.py:161} INFO - Started process (PID=3436) to work on /home/airflow/.local/lib/python3.12/site-packages/airflow/example_dags/example_latest_only.py
[2025-02-26T01:47:52.084+0000] {processor.py:830} INFO - Processing file /home/airflow/.local/lib/python3.12/site-packages/airflow/example_dags/example_latest_only.py for tasks to queue
[2025-02-26T01:47:52.089+0000] {logging_mixin.py:188} INFO - [2025-02-26T01:47:52.089+0000] {dagbag.py:540} INFO - Filling up the DagBag from /home/airflow/.local/lib/python3.12/site-packages/airflow/example_dags/example_latest_only.py
[2025-02-26T01:47:52.099+0000] {processor.py:840} INFO - DAG(s) 'latest_only' retrieved from /home/airflow/.local/lib/python3.12/site-packages/airflow/example_dags/example_latest_only.py
[2025-02-26T01:47:52.146+0000] {logging_mixin.py:188} INFO - [2025-02-26T01:47:52.146+0000] {dag.py:3096} INFO - Sync 1 DAGs
[2025-02-26T01:47:52.195+0000] {logging_mixin.py:188} INFO - [2025-02-26T01:47:52.194+0000] {dag.py:3954} INFO - Setting next_dagrun for latest_only to 2025-02-25 20:00:00+00:00, run_after=2025-02-26 00:00:00+00:00
[2025-02-26T01:47:52.232+0000] {processor.py:183} INFO - Processing /home/airflow/.local/lib/python3.12/site-packages/airflow/example_dags/example_latest_only.py took 0.164 seconds
[2025-02-26T01:48:22.360+0000] {processor.py:161} INFO - Started process (PID=3495) to work on /home/airflow/.local/lib/python3.12/site-packages/airflow/example_dags/example_latest_only.py
[2025-02-26T01:48:22.361+0000] {processor.py:830} INFO - Processing file /home/airflow/.local/lib/python3.12/site-packages/airflow/example_dags/example_latest_only.py for tasks to queue
[2025-02-26T01:48:22.365+0000] {logging_mixin.py:188} INFO - [2025-02-26T01:48:22.364+0000] {dagbag.py:540} INFO - Filling up the DagBag from /home/airflow/.local/lib/python3.12/site-packages/airflow/example_dags/example_latest_only.py
[2025-02-26T01:48:22.372+0000] {processor.py:840} INFO - DAG(s) 'latest_only' retrieved from /home/airflow/.local/lib/python3.12/site-packages/airflow/example_dags/example_latest_only.py
[2025-02-26T01:48:22.397+0000] {logging_mixin.py:188} INFO - [2025-02-26T01:48:22.396+0000] {dag.py:3096} INFO - Sync 1 DAGs
[2025-02-26T01:48:22.422+0000] {logging_mixin.py:188} INFO - [2025-02-26T01:48:22.422+0000] {dag.py:3954} INFO - Setting next_dagrun for latest_only to 2025-02-25 20:00:00+00:00, run_after=2025-02-26 00:00:00+00:00
[2025-02-26T01:48:22.446+0000] {processor.py:183} INFO - Processing /home/airflow/.local/lib/python3.12/site-packages/airflow/example_dags/example_latest_only.py took 0.093 seconds
[2025-02-26T01:48:53.358+0000] {processor.py:161} INFO - Started process (PID=3556) to work on /home/airflow/.local/lib/python3.12/site-packages/airflow/example_dags/example_latest_only.py
[2025-02-26T01:48:53.359+0000] {processor.py:830} INFO - Processing file /home/airflow/.local/lib/python3.12/site-packages/airflow/example_dags/example_latest_only.py for tasks to queue
[2025-02-26T01:48:53.362+0000] {logging_mixin.py:188} INFO - [2025-02-26T01:48:53.362+0000] {dagbag.py:540} INFO - Filling up the DagBag from /home/airflow/.local/lib/python3.12/site-packages/airflow/example_dags/example_latest_only.py
[2025-02-26T01:48:53.371+0000] {processor.py:840} INFO - DAG(s) 'latest_only' retrieved from /home/airflow/.local/lib/python3.12/site-packages/airflow/example_dags/example_latest_only.py
[2025-02-26T01:48:53.413+0000] {logging_mixin.py:188} INFO - [2025-02-26T01:48:53.413+0000] {dag.py:3096} INFO - Sync 1 DAGs
[2025-02-26T01:48:53.462+0000] {logging_mixin.py:188} INFO - [2025-02-26T01:48:53.462+0000] {dag.py:3954} INFO - Setting next_dagrun for latest_only to 2025-02-25 20:00:00+00:00, run_after=2025-02-26 00:00:00+00:00
[2025-02-26T01:48:53.496+0000] {processor.py:183} INFO - Processing /home/airflow/.local/lib/python3.12/site-packages/airflow/example_dags/example_latest_only.py took 0.151 seconds
