[2025-02-26T01:14:39.999+0000] {processor.py:161} INFO - Started process (PID=119) to work on /home/airflow/.local/lib/python3.12/site-packages/airflow/example_dags/example_setup_teardown_taskflow.py
[2025-02-26T01:14:40.002+0000] {processor.py:830} INFO - Processing file /home/airflow/.local/lib/python3.12/site-packages/airflow/example_dags/example_setup_teardown_taskflow.py for tasks to queue
[2025-02-26T01:14:40.005+0000] {logging_mixin.py:188} INFO - [2025-02-26T01:14:40.004+0000] {dagbag.py:540} INFO - Filling up the DagBag from /home/airflow/.local/lib/python3.12/site-packages/airflow/example_dags/example_setup_teardown_taskflow.py
[2025-02-26T01:14:40.026+0000] {processor.py:840} INFO - DAG(s) 'example_setup_teardown_taskflow' retrieved from /home/airflow/.local/lib/python3.12/site-packages/airflow/example_dags/example_setup_teardown_taskflow.py
[2025-02-26T01:14:40.061+0000] {logging_mixin.py:188} INFO - [2025-02-26T01:14:40.061+0000] {dag.py:3096} INFO - Sync 1 DAGs
[2025-02-26T01:14:40.103+0000] {logging_mixin.py:188} INFO - [2025-02-26T01:14:40.103+0000] {dag.py:3954} INFO - Setting next_dagrun for example_setup_teardown_taskflow to 2025-02-25 00:00:00+00:00, run_after=2025-02-26 00:00:00+00:00
[2025-02-26T01:14:40.179+0000] {processor.py:183} INFO - Processing /home/airflow/.local/lib/python3.12/site-packages/airflow/example_dags/example_setup_teardown_taskflow.py took 0.190 seconds
[2025-02-26T01:19:15.408+0000] {processor.py:161} INFO - Started process (PID=102) to work on /home/airflow/.local/lib/python3.12/site-packages/airflow/example_dags/example_setup_teardown_taskflow.py
[2025-02-26T01:19:15.412+0000] {processor.py:830} INFO - Processing file /home/airflow/.local/lib/python3.12/site-packages/airflow/example_dags/example_setup_teardown_taskflow.py for tasks to queue
[2025-02-26T01:19:15.416+0000] {logging_mixin.py:188} INFO - [2025-02-26T01:19:15.415+0000] {dagbag.py:540} INFO - Filling up the DagBag from /home/airflow/.local/lib/python3.12/site-packages/airflow/example_dags/example_setup_teardown_taskflow.py
[2025-02-26T01:19:15.439+0000] {processor.py:840} INFO - DAG(s) 'example_setup_teardown_taskflow' retrieved from /home/airflow/.local/lib/python3.12/site-packages/airflow/example_dags/example_setup_teardown_taskflow.py
[2025-02-26T01:19:15.486+0000] {logging_mixin.py:188} INFO - [2025-02-26T01:19:15.485+0000] {dag.py:3096} INFO - Sync 1 DAGs
[2025-02-26T01:19:15.530+0000] {logging_mixin.py:188} INFO - [2025-02-26T01:19:15.529+0000] {dag.py:3954} INFO - Setting next_dagrun for example_setup_teardown_taskflow to 2025-02-25 00:00:00+00:00, run_after=2025-02-26 00:00:00+00:00
[2025-02-26T01:19:15.615+0000] {processor.py:183} INFO - Processing /home/airflow/.local/lib/python3.12/site-packages/airflow/example_dags/example_setup_teardown_taskflow.py took 0.216 seconds
[2025-02-26T01:19:46.585+0000] {processor.py:161} INFO - Started process (PID=162) to work on /home/airflow/.local/lib/python3.12/site-packages/airflow/example_dags/example_setup_teardown_taskflow.py
[2025-02-26T01:19:46.589+0000] {processor.py:830} INFO - Processing file /home/airflow/.local/lib/python3.12/site-packages/airflow/example_dags/example_setup_teardown_taskflow.py for tasks to queue
[2025-02-26T01:19:46.593+0000] {logging_mixin.py:188} INFO - [2025-02-26T01:19:46.592+0000] {dagbag.py:540} INFO - Filling up the DagBag from /home/airflow/.local/lib/python3.12/site-packages/airflow/example_dags/example_setup_teardown_taskflow.py
[2025-02-26T01:19:46.614+0000] {processor.py:840} INFO - DAG(s) 'example_setup_teardown_taskflow' retrieved from /home/airflow/.local/lib/python3.12/site-packages/airflow/example_dags/example_setup_teardown_taskflow.py
[2025-02-26T01:19:46.665+0000] {logging_mixin.py:188} INFO - [2025-02-26T01:19:46.664+0000] {dag.py:3096} INFO - Sync 1 DAGs
[2025-02-26T01:19:46.727+0000] {logging_mixin.py:188} INFO - [2025-02-26T01:19:46.726+0000] {dag.py:3954} INFO - Setting next_dagrun for example_setup_teardown_taskflow to 2025-02-25 00:00:00+00:00, run_after=2025-02-26 00:00:00+00:00
[2025-02-26T01:19:46.774+0000] {processor.py:183} INFO - Processing /home/airflow/.local/lib/python3.12/site-packages/airflow/example_dags/example_setup_teardown_taskflow.py took 0.200 seconds
[2025-02-26T01:20:17.619+0000] {processor.py:161} INFO - Started process (PID=222) to work on /home/airflow/.local/lib/python3.12/site-packages/airflow/example_dags/example_setup_teardown_taskflow.py
[2025-02-26T01:20:17.620+0000] {processor.py:830} INFO - Processing file /home/airflow/.local/lib/python3.12/site-packages/airflow/example_dags/example_setup_teardown_taskflow.py for tasks to queue
[2025-02-26T01:20:17.623+0000] {logging_mixin.py:188} INFO - [2025-02-26T01:20:17.622+0000] {dagbag.py:540} INFO - Filling up the DagBag from /home/airflow/.local/lib/python3.12/site-packages/airflow/example_dags/example_setup_teardown_taskflow.py
[2025-02-26T01:20:17.635+0000] {processor.py:840} INFO - DAG(s) 'example_setup_teardown_taskflow' retrieved from /home/airflow/.local/lib/python3.12/site-packages/airflow/example_dags/example_setup_teardown_taskflow.py
[2025-02-26T01:20:17.661+0000] {logging_mixin.py:188} INFO - [2025-02-26T01:20:17.661+0000] {dag.py:3096} INFO - Sync 1 DAGs
[2025-02-26T01:20:17.689+0000] {logging_mixin.py:188} INFO - [2025-02-26T01:20:17.689+0000] {dag.py:3954} INFO - Setting next_dagrun for example_setup_teardown_taskflow to 2025-02-25 00:00:00+00:00, run_after=2025-02-26 00:00:00+00:00
[2025-02-26T01:20:17.712+0000] {processor.py:183} INFO - Processing /home/airflow/.local/lib/python3.12/site-packages/airflow/example_dags/example_setup_teardown_taskflow.py took 0.102 seconds
[2025-02-26T01:20:48.859+0000] {processor.py:161} INFO - Started process (PID=282) to work on /home/airflow/.local/lib/python3.12/site-packages/airflow/example_dags/example_setup_teardown_taskflow.py
[2025-02-26T01:20:48.864+0000] {processor.py:830} INFO - Processing file /home/airflow/.local/lib/python3.12/site-packages/airflow/example_dags/example_setup_teardown_taskflow.py for tasks to queue
[2025-02-26T01:20:48.871+0000] {logging_mixin.py:188} INFO - [2025-02-26T01:20:48.871+0000] {dagbag.py:540} INFO - Filling up the DagBag from /home/airflow/.local/lib/python3.12/site-packages/airflow/example_dags/example_setup_teardown_taskflow.py
[2025-02-26T01:20:48.895+0000] {processor.py:840} INFO - DAG(s) 'example_setup_teardown_taskflow' retrieved from /home/airflow/.local/lib/python3.12/site-packages/airflow/example_dags/example_setup_teardown_taskflow.py
[2025-02-26T01:20:48.952+0000] {logging_mixin.py:188} INFO - [2025-02-26T01:20:48.952+0000] {dag.py:3096} INFO - Sync 1 DAGs
[2025-02-26T01:20:49.041+0000] {logging_mixin.py:188} INFO - [2025-02-26T01:20:49.040+0000] {dag.py:3954} INFO - Setting next_dagrun for example_setup_teardown_taskflow to 2025-02-25 00:00:00+00:00, run_after=2025-02-26 00:00:00+00:00
[2025-02-26T01:20:49.112+0000] {processor.py:183} INFO - Processing /home/airflow/.local/lib/python3.12/site-packages/airflow/example_dags/example_setup_teardown_taskflow.py took 0.267 seconds
[2025-02-26T01:21:24.509+0000] {processor.py:161} INFO - Started process (PID=342) to work on /home/airflow/.local/lib/python3.12/site-packages/airflow/example_dags/example_setup_teardown_taskflow.py
[2025-02-26T01:21:24.510+0000] {processor.py:830} INFO - Processing file /home/airflow/.local/lib/python3.12/site-packages/airflow/example_dags/example_setup_teardown_taskflow.py for tasks to queue
[2025-02-26T01:21:24.515+0000] {logging_mixin.py:188} INFO - [2025-02-26T01:21:24.514+0000] {dagbag.py:540} INFO - Filling up the DagBag from /home/airflow/.local/lib/python3.12/site-packages/airflow/example_dags/example_setup_teardown_taskflow.py
[2025-02-26T01:21:24.534+0000] {processor.py:840} INFO - DAG(s) 'example_setup_teardown_taskflow' retrieved from /home/airflow/.local/lib/python3.12/site-packages/airflow/example_dags/example_setup_teardown_taskflow.py
[2025-02-26T01:21:24.587+0000] {logging_mixin.py:188} INFO - [2025-02-26T01:21:24.587+0000] {dag.py:3096} INFO - Sync 1 DAGs
[2025-02-26T01:21:24.642+0000] {logging_mixin.py:188} INFO - [2025-02-26T01:21:24.642+0000] {dag.py:3954} INFO - Setting next_dagrun for example_setup_teardown_taskflow to 2025-02-25 00:00:00+00:00, run_after=2025-02-26 00:00:00+00:00
[2025-02-26T01:21:24.700+0000] {processor.py:183} INFO - Processing /home/airflow/.local/lib/python3.12/site-packages/airflow/example_dags/example_setup_teardown_taskflow.py took 0.199 seconds
[2025-02-26T01:21:59.903+0000] {processor.py:161} INFO - Started process (PID=406) to work on /home/airflow/.local/lib/python3.12/site-packages/airflow/example_dags/example_setup_teardown_taskflow.py
[2025-02-26T01:21:59.907+0000] {processor.py:830} INFO - Processing file /home/airflow/.local/lib/python3.12/site-packages/airflow/example_dags/example_setup_teardown_taskflow.py for tasks to queue
[2025-02-26T01:21:59.909+0000] {logging_mixin.py:188} INFO - [2025-02-26T01:21:59.909+0000] {dagbag.py:540} INFO - Filling up the DagBag from /home/airflow/.local/lib/python3.12/site-packages/airflow/example_dags/example_setup_teardown_taskflow.py
[2025-02-26T01:21:59.921+0000] {processor.py:840} INFO - DAG(s) 'example_setup_teardown_taskflow' retrieved from /home/airflow/.local/lib/python3.12/site-packages/airflow/example_dags/example_setup_teardown_taskflow.py
[2025-02-26T01:21:59.952+0000] {logging_mixin.py:188} INFO - [2025-02-26T01:21:59.952+0000] {dag.py:3096} INFO - Sync 1 DAGs
[2025-02-26T01:21:59.987+0000] {logging_mixin.py:188} INFO - [2025-02-26T01:21:59.986+0000] {dag.py:3954} INFO - Setting next_dagrun for example_setup_teardown_taskflow to 2025-02-25 00:00:00+00:00, run_after=2025-02-26 00:00:00+00:00
[2025-02-26T01:22:00.042+0000] {processor.py:183} INFO - Processing /home/airflow/.local/lib/python3.12/site-packages/airflow/example_dags/example_setup_teardown_taskflow.py took 0.148 seconds
[2025-02-26T01:22:30.864+0000] {processor.py:161} INFO - Started process (PID=466) to work on /home/airflow/.local/lib/python3.12/site-packages/airflow/example_dags/example_setup_teardown_taskflow.py
[2025-02-26T01:22:30.866+0000] {processor.py:830} INFO - Processing file /home/airflow/.local/lib/python3.12/site-packages/airflow/example_dags/example_setup_teardown_taskflow.py for tasks to queue
[2025-02-26T01:22:30.871+0000] {logging_mixin.py:188} INFO - [2025-02-26T01:22:30.870+0000] {dagbag.py:540} INFO - Filling up the DagBag from /home/airflow/.local/lib/python3.12/site-packages/airflow/example_dags/example_setup_teardown_taskflow.py
[2025-02-26T01:22:30.882+0000] {processor.py:840} INFO - DAG(s) 'example_setup_teardown_taskflow' retrieved from /home/airflow/.local/lib/python3.12/site-packages/airflow/example_dags/example_setup_teardown_taskflow.py
[2025-02-26T01:22:30.919+0000] {logging_mixin.py:188} INFO - [2025-02-26T01:22:30.919+0000] {dag.py:3096} INFO - Sync 1 DAGs
[2025-02-26T01:22:30.959+0000] {logging_mixin.py:188} INFO - [2025-02-26T01:22:30.959+0000] {dag.py:3954} INFO - Setting next_dagrun for example_setup_teardown_taskflow to 2025-02-25 00:00:00+00:00, run_after=2025-02-26 00:00:00+00:00
[2025-02-26T01:22:30.988+0000] {processor.py:183} INFO - Processing /home/airflow/.local/lib/python3.12/site-packages/airflow/example_dags/example_setup_teardown_taskflow.py took 0.138 seconds
[2025-02-26T01:23:01.076+0000] {processor.py:161} INFO - Started process (PID=526) to work on /home/airflow/.local/lib/python3.12/site-packages/airflow/example_dags/example_setup_teardown_taskflow.py
[2025-02-26T01:23:01.078+0000] {processor.py:830} INFO - Processing file /home/airflow/.local/lib/python3.12/site-packages/airflow/example_dags/example_setup_teardown_taskflow.py for tasks to queue
[2025-02-26T01:23:01.080+0000] {logging_mixin.py:188} INFO - [2025-02-26T01:23:01.080+0000] {dagbag.py:540} INFO - Filling up the DagBag from /home/airflow/.local/lib/python3.12/site-packages/airflow/example_dags/example_setup_teardown_taskflow.py
[2025-02-26T01:23:01.091+0000] {processor.py:840} INFO - DAG(s) 'example_setup_teardown_taskflow' retrieved from /home/airflow/.local/lib/python3.12/site-packages/airflow/example_dags/example_setup_teardown_taskflow.py
[2025-02-26T01:23:01.116+0000] {logging_mixin.py:188} INFO - [2025-02-26T01:23:01.115+0000] {dag.py:3096} INFO - Sync 1 DAGs
[2025-02-26T01:23:01.139+0000] {logging_mixin.py:188} INFO - [2025-02-26T01:23:01.138+0000] {dag.py:3954} INFO - Setting next_dagrun for example_setup_teardown_taskflow to 2025-02-25 00:00:00+00:00, run_after=2025-02-26 00:00:00+00:00
[2025-02-26T01:23:01.160+0000] {processor.py:183} INFO - Processing /home/airflow/.local/lib/python3.12/site-packages/airflow/example_dags/example_setup_teardown_taskflow.py took 0.092 seconds
[2025-02-26T01:23:31.343+0000] {processor.py:161} INFO - Started process (PID=586) to work on /home/airflow/.local/lib/python3.12/site-packages/airflow/example_dags/example_setup_teardown_taskflow.py
[2025-02-26T01:23:31.345+0000] {processor.py:830} INFO - Processing file /home/airflow/.local/lib/python3.12/site-packages/airflow/example_dags/example_setup_teardown_taskflow.py for tasks to queue
[2025-02-26T01:23:31.347+0000] {logging_mixin.py:188} INFO - [2025-02-26T01:23:31.347+0000] {dagbag.py:540} INFO - Filling up the DagBag from /home/airflow/.local/lib/python3.12/site-packages/airflow/example_dags/example_setup_teardown_taskflow.py
[2025-02-26T01:23:31.359+0000] {processor.py:840} INFO - DAG(s) 'example_setup_teardown_taskflow' retrieved from /home/airflow/.local/lib/python3.12/site-packages/airflow/example_dags/example_setup_teardown_taskflow.py
[2025-02-26T01:23:31.390+0000] {logging_mixin.py:188} INFO - [2025-02-26T01:23:31.390+0000] {dag.py:3096} INFO - Sync 1 DAGs
[2025-02-26T01:23:31.416+0000] {logging_mixin.py:188} INFO - [2025-02-26T01:23:31.416+0000] {dag.py:3954} INFO - Setting next_dagrun for example_setup_teardown_taskflow to 2025-02-25 00:00:00+00:00, run_after=2025-02-26 00:00:00+00:00
[2025-02-26T01:23:31.439+0000] {processor.py:183} INFO - Processing /home/airflow/.local/lib/python3.12/site-packages/airflow/example_dags/example_setup_teardown_taskflow.py took 0.104 seconds
[2025-02-26T01:24:01.934+0000] {processor.py:161} INFO - Started process (PID=646) to work on /home/airflow/.local/lib/python3.12/site-packages/airflow/example_dags/example_setup_teardown_taskflow.py
[2025-02-26T01:24:01.935+0000] {processor.py:830} INFO - Processing file /home/airflow/.local/lib/python3.12/site-packages/airflow/example_dags/example_setup_teardown_taskflow.py for tasks to queue
[2025-02-26T01:24:01.937+0000] {logging_mixin.py:188} INFO - [2025-02-26T01:24:01.937+0000] {dagbag.py:540} INFO - Filling up the DagBag from /home/airflow/.local/lib/python3.12/site-packages/airflow/example_dags/example_setup_teardown_taskflow.py
[2025-02-26T01:24:01.948+0000] {processor.py:840} INFO - DAG(s) 'example_setup_teardown_taskflow' retrieved from /home/airflow/.local/lib/python3.12/site-packages/airflow/example_dags/example_setup_teardown_taskflow.py
[2025-02-26T01:24:01.973+0000] {logging_mixin.py:188} INFO - [2025-02-26T01:24:01.973+0000] {dag.py:3096} INFO - Sync 1 DAGs
[2025-02-26T01:24:01.996+0000] {logging_mixin.py:188} INFO - [2025-02-26T01:24:01.996+0000] {dag.py:3954} INFO - Setting next_dagrun for example_setup_teardown_taskflow to 2025-02-25 00:00:00+00:00, run_after=2025-02-26 00:00:00+00:00
[2025-02-26T01:24:02.016+0000] {processor.py:183} INFO - Processing /home/airflow/.local/lib/python3.12/site-packages/airflow/example_dags/example_setup_teardown_taskflow.py took 0.088 seconds
[2025-02-26T01:24:32.710+0000] {processor.py:161} INFO - Started process (PID=706) to work on /home/airflow/.local/lib/python3.12/site-packages/airflow/example_dags/example_setup_teardown_taskflow.py
[2025-02-26T01:24:32.711+0000] {processor.py:830} INFO - Processing file /home/airflow/.local/lib/python3.12/site-packages/airflow/example_dags/example_setup_teardown_taskflow.py for tasks to queue
[2025-02-26T01:24:32.715+0000] {logging_mixin.py:188} INFO - [2025-02-26T01:24:32.715+0000] {dagbag.py:540} INFO - Filling up the DagBag from /home/airflow/.local/lib/python3.12/site-packages/airflow/example_dags/example_setup_teardown_taskflow.py
[2025-02-26T01:24:32.728+0000] {processor.py:840} INFO - DAG(s) 'example_setup_teardown_taskflow' retrieved from /home/airflow/.local/lib/python3.12/site-packages/airflow/example_dags/example_setup_teardown_taskflow.py
[2025-02-26T01:24:32.753+0000] {logging_mixin.py:188} INFO - [2025-02-26T01:24:32.753+0000] {dag.py:3096} INFO - Sync 1 DAGs
[2025-02-26T01:24:32.775+0000] {logging_mixin.py:188} INFO - [2025-02-26T01:24:32.775+0000] {dag.py:3954} INFO - Setting next_dagrun for example_setup_teardown_taskflow to 2025-02-25 00:00:00+00:00, run_after=2025-02-26 00:00:00+00:00
[2025-02-26T01:24:32.794+0000] {processor.py:183} INFO - Processing /home/airflow/.local/lib/python3.12/site-packages/airflow/example_dags/example_setup_teardown_taskflow.py took 0.091 seconds
[2025-02-26T01:25:03.636+0000] {processor.py:161} INFO - Started process (PID=766) to work on /home/airflow/.local/lib/python3.12/site-packages/airflow/example_dags/example_setup_teardown_taskflow.py
[2025-02-26T01:25:03.637+0000] {processor.py:830} INFO - Processing file /home/airflow/.local/lib/python3.12/site-packages/airflow/example_dags/example_setup_teardown_taskflow.py for tasks to queue
[2025-02-26T01:25:03.640+0000] {logging_mixin.py:188} INFO - [2025-02-26T01:25:03.639+0000] {dagbag.py:540} INFO - Filling up the DagBag from /home/airflow/.local/lib/python3.12/site-packages/airflow/example_dags/example_setup_teardown_taskflow.py
[2025-02-26T01:25:03.652+0000] {processor.py:840} INFO - DAG(s) 'example_setup_teardown_taskflow' retrieved from /home/airflow/.local/lib/python3.12/site-packages/airflow/example_dags/example_setup_teardown_taskflow.py
[2025-02-26T01:25:03.682+0000] {logging_mixin.py:188} INFO - [2025-02-26T01:25:03.681+0000] {dag.py:3096} INFO - Sync 1 DAGs
[2025-02-26T01:25:03.709+0000] {logging_mixin.py:188} INFO - [2025-02-26T01:25:03.709+0000] {dag.py:3954} INFO - Setting next_dagrun for example_setup_teardown_taskflow to 2025-02-25 00:00:00+00:00, run_after=2025-02-26 00:00:00+00:00
[2025-02-26T01:25:03.734+0000] {processor.py:183} INFO - Processing /home/airflow/.local/lib/python3.12/site-packages/airflow/example_dags/example_setup_teardown_taskflow.py took 0.106 seconds
[2025-02-26T01:25:34.221+0000] {processor.py:161} INFO - Started process (PID=826) to work on /home/airflow/.local/lib/python3.12/site-packages/airflow/example_dags/example_setup_teardown_taskflow.py
[2025-02-26T01:25:34.222+0000] {processor.py:830} INFO - Processing file /home/airflow/.local/lib/python3.12/site-packages/airflow/example_dags/example_setup_teardown_taskflow.py for tasks to queue
[2025-02-26T01:25:34.225+0000] {logging_mixin.py:188} INFO - [2025-02-26T01:25:34.224+0000] {dagbag.py:540} INFO - Filling up the DagBag from /home/airflow/.local/lib/python3.12/site-packages/airflow/example_dags/example_setup_teardown_taskflow.py
[2025-02-26T01:25:34.236+0000] {processor.py:840} INFO - DAG(s) 'example_setup_teardown_taskflow' retrieved from /home/airflow/.local/lib/python3.12/site-packages/airflow/example_dags/example_setup_teardown_taskflow.py
[2025-02-26T01:25:34.261+0000] {logging_mixin.py:188} INFO - [2025-02-26T01:25:34.260+0000] {dag.py:3096} INFO - Sync 1 DAGs
[2025-02-26T01:25:34.287+0000] {logging_mixin.py:188} INFO - [2025-02-26T01:25:34.287+0000] {dag.py:3954} INFO - Setting next_dagrun for example_setup_teardown_taskflow to 2025-02-25 00:00:00+00:00, run_after=2025-02-26 00:00:00+00:00
[2025-02-26T01:25:34.308+0000] {processor.py:183} INFO - Processing /home/airflow/.local/lib/python3.12/site-packages/airflow/example_dags/example_setup_teardown_taskflow.py took 0.095 seconds
[2025-02-26T01:26:04.847+0000] {processor.py:161} INFO - Started process (PID=886) to work on /home/airflow/.local/lib/python3.12/site-packages/airflow/example_dags/example_setup_teardown_taskflow.py
[2025-02-26T01:26:04.849+0000] {processor.py:830} INFO - Processing file /home/airflow/.local/lib/python3.12/site-packages/airflow/example_dags/example_setup_teardown_taskflow.py for tasks to queue
[2025-02-26T01:26:04.851+0000] {logging_mixin.py:188} INFO - [2025-02-26T01:26:04.850+0000] {dagbag.py:540} INFO - Filling up the DagBag from /home/airflow/.local/lib/python3.12/site-packages/airflow/example_dags/example_setup_teardown_taskflow.py
[2025-02-26T01:26:04.862+0000] {processor.py:840} INFO - DAG(s) 'example_setup_teardown_taskflow' retrieved from /home/airflow/.local/lib/python3.12/site-packages/airflow/example_dags/example_setup_teardown_taskflow.py
[2025-02-26T01:26:04.894+0000] {logging_mixin.py:188} INFO - [2025-02-26T01:26:04.894+0000] {dag.py:3096} INFO - Sync 1 DAGs
[2025-02-26T01:26:04.931+0000] {logging_mixin.py:188} INFO - [2025-02-26T01:26:04.931+0000] {dag.py:3954} INFO - Setting next_dagrun for example_setup_teardown_taskflow to 2025-02-25 00:00:00+00:00, run_after=2025-02-26 00:00:00+00:00
[2025-02-26T01:26:04.965+0000] {processor.py:183} INFO - Processing /home/airflow/.local/lib/python3.12/site-packages/airflow/example_dags/example_setup_teardown_taskflow.py took 0.124 seconds
[2025-02-26T01:26:38.443+0000] {processor.py:161} INFO - Started process (PID=946) to work on /home/airflow/.local/lib/python3.12/site-packages/airflow/example_dags/example_setup_teardown_taskflow.py
[2025-02-26T01:26:38.444+0000] {processor.py:830} INFO - Processing file /home/airflow/.local/lib/python3.12/site-packages/airflow/example_dags/example_setup_teardown_taskflow.py for tasks to queue
[2025-02-26T01:26:38.447+0000] {logging_mixin.py:188} INFO - [2025-02-26T01:26:38.447+0000] {dagbag.py:540} INFO - Filling up the DagBag from /home/airflow/.local/lib/python3.12/site-packages/airflow/example_dags/example_setup_teardown_taskflow.py
[2025-02-26T01:26:38.463+0000] {processor.py:840} INFO - DAG(s) 'example_setup_teardown_taskflow' retrieved from /home/airflow/.local/lib/python3.12/site-packages/airflow/example_dags/example_setup_teardown_taskflow.py
[2025-02-26T01:26:38.494+0000] {logging_mixin.py:188} INFO - [2025-02-26T01:26:38.494+0000] {dag.py:3096} INFO - Sync 1 DAGs
[2025-02-26T01:26:38.542+0000] {logging_mixin.py:188} INFO - [2025-02-26T01:26:38.542+0000] {dag.py:3954} INFO - Setting next_dagrun for example_setup_teardown_taskflow to 2025-02-25 00:00:00+00:00, run_after=2025-02-26 00:00:00+00:00
[2025-02-26T01:26:38.579+0000] {processor.py:183} INFO - Processing /home/airflow/.local/lib/python3.12/site-packages/airflow/example_dags/example_setup_teardown_taskflow.py took 0.148 seconds
[2025-02-26T01:27:09.173+0000] {processor.py:161} INFO - Started process (PID=1006) to work on /home/airflow/.local/lib/python3.12/site-packages/airflow/example_dags/example_setup_teardown_taskflow.py
[2025-02-26T01:27:09.174+0000] {processor.py:830} INFO - Processing file /home/airflow/.local/lib/python3.12/site-packages/airflow/example_dags/example_setup_teardown_taskflow.py for tasks to queue
[2025-02-26T01:27:09.176+0000] {logging_mixin.py:188} INFO - [2025-02-26T01:27:09.176+0000] {dagbag.py:540} INFO - Filling up the DagBag from /home/airflow/.local/lib/python3.12/site-packages/airflow/example_dags/example_setup_teardown_taskflow.py
[2025-02-26T01:27:09.187+0000] {processor.py:840} INFO - DAG(s) 'example_setup_teardown_taskflow' retrieved from /home/airflow/.local/lib/python3.12/site-packages/airflow/example_dags/example_setup_teardown_taskflow.py
[2025-02-26T01:27:09.211+0000] {logging_mixin.py:188} INFO - [2025-02-26T01:27:09.210+0000] {dag.py:3096} INFO - Sync 1 DAGs
[2025-02-26T01:27:09.235+0000] {logging_mixin.py:188} INFO - [2025-02-26T01:27:09.235+0000] {dag.py:3954} INFO - Setting next_dagrun for example_setup_teardown_taskflow to 2025-02-25 00:00:00+00:00, run_after=2025-02-26 00:00:00+00:00
[2025-02-26T01:27:09.263+0000] {processor.py:183} INFO - Processing /home/airflow/.local/lib/python3.12/site-packages/airflow/example_dags/example_setup_teardown_taskflow.py took 0.097 seconds
[2025-02-26T01:27:51.947+0000] {processor.py:161} INFO - Started process (PID=1072) to work on /home/airflow/.local/lib/python3.12/site-packages/airflow/example_dags/example_setup_teardown_taskflow.py
[2025-02-26T01:27:51.949+0000] {processor.py:830} INFO - Processing file /home/airflow/.local/lib/python3.12/site-packages/airflow/example_dags/example_setup_teardown_taskflow.py for tasks to queue
[2025-02-26T01:27:51.954+0000] {logging_mixin.py:188} INFO - [2025-02-26T01:27:51.953+0000] {dagbag.py:540} INFO - Filling up the DagBag from /home/airflow/.local/lib/python3.12/site-packages/airflow/example_dags/example_setup_teardown_taskflow.py
[2025-02-26T01:27:51.977+0000] {processor.py:840} INFO - DAG(s) 'example_setup_teardown_taskflow' retrieved from /home/airflow/.local/lib/python3.12/site-packages/airflow/example_dags/example_setup_teardown_taskflow.py
[2025-02-26T01:27:52.030+0000] {logging_mixin.py:188} INFO - [2025-02-26T01:27:52.030+0000] {dag.py:3096} INFO - Sync 1 DAGs
[2025-02-26T01:27:52.077+0000] {logging_mixin.py:188} INFO - [2025-02-26T01:27:52.077+0000] {dag.py:3954} INFO - Setting next_dagrun for example_setup_teardown_taskflow to 2025-02-25 00:00:00+00:00, run_after=2025-02-26 00:00:00+00:00
[2025-02-26T01:27:52.245+0000] {processor.py:183} INFO - Processing /home/airflow/.local/lib/python3.12/site-packages/airflow/example_dags/example_setup_teardown_taskflow.py took 0.311 seconds
[2025-02-26T01:28:22.436+0000] {processor.py:161} INFO - Started process (PID=1132) to work on /home/airflow/.local/lib/python3.12/site-packages/airflow/example_dags/example_setup_teardown_taskflow.py
[2025-02-26T01:28:22.438+0000] {processor.py:830} INFO - Processing file /home/airflow/.local/lib/python3.12/site-packages/airflow/example_dags/example_setup_teardown_taskflow.py for tasks to queue
[2025-02-26T01:28:22.440+0000] {logging_mixin.py:188} INFO - [2025-02-26T01:28:22.440+0000] {dagbag.py:540} INFO - Filling up the DagBag from /home/airflow/.local/lib/python3.12/site-packages/airflow/example_dags/example_setup_teardown_taskflow.py
[2025-02-26T01:28:22.451+0000] {processor.py:840} INFO - DAG(s) 'example_setup_teardown_taskflow' retrieved from /home/airflow/.local/lib/python3.12/site-packages/airflow/example_dags/example_setup_teardown_taskflow.py
[2025-02-26T01:28:22.476+0000] {logging_mixin.py:188} INFO - [2025-02-26T01:28:22.475+0000] {dag.py:3096} INFO - Sync 1 DAGs
[2025-02-26T01:28:22.509+0000] {logging_mixin.py:188} INFO - [2025-02-26T01:28:22.509+0000] {dag.py:3954} INFO - Setting next_dagrun for example_setup_teardown_taskflow to 2025-02-25 00:00:00+00:00, run_after=2025-02-26 00:00:00+00:00
[2025-02-26T01:28:22.010+0000] {processor.py:183} INFO - Processing /home/airflow/.local/lib/python3.12/site-packages/airflow/example_dags/example_setup_teardown_taskflow.py took 0.281 seconds
[2025-02-26T01:28:52.647+0000] {processor.py:161} INFO - Started process (PID=1192) to work on /home/airflow/.local/lib/python3.12/site-packages/airflow/example_dags/example_setup_teardown_taskflow.py
[2025-02-26T01:28:52.649+0000] {processor.py:830} INFO - Processing file /home/airflow/.local/lib/python3.12/site-packages/airflow/example_dags/example_setup_teardown_taskflow.py for tasks to queue
[2025-02-26T01:28:52.651+0000] {logging_mixin.py:188} INFO - [2025-02-26T01:28:52.651+0000] {dagbag.py:540} INFO - Filling up the DagBag from /home/airflow/.local/lib/python3.12/site-packages/airflow/example_dags/example_setup_teardown_taskflow.py
[2025-02-26T01:28:52.661+0000] {processor.py:840} INFO - DAG(s) 'example_setup_teardown_taskflow' retrieved from /home/airflow/.local/lib/python3.12/site-packages/airflow/example_dags/example_setup_teardown_taskflow.py
[2025-02-26T01:28:52.685+0000] {logging_mixin.py:188} INFO - [2025-02-26T01:28:52.684+0000] {dag.py:3096} INFO - Sync 1 DAGs
[2025-02-26T01:28:52.719+0000] {logging_mixin.py:188} INFO - [2025-02-26T01:28:52.718+0000] {dag.py:3954} INFO - Setting next_dagrun for example_setup_teardown_taskflow to 2025-02-25 00:00:00+00:00, run_after=2025-02-26 00:00:00+00:00
[2025-02-26T01:28:52.927+0000] {processor.py:183} INFO - Processing /home/airflow/.local/lib/python3.12/site-packages/airflow/example_dags/example_setup_teardown_taskflow.py took 0.285 seconds
[2025-02-26T01:29:23.319+0000] {processor.py:161} INFO - Started process (PID=1254) to work on /home/airflow/.local/lib/python3.12/site-packages/airflow/example_dags/example_setup_teardown_taskflow.py
[2025-02-26T01:29:23.320+0000] {processor.py:830} INFO - Processing file /home/airflow/.local/lib/python3.12/site-packages/airflow/example_dags/example_setup_teardown_taskflow.py for tasks to queue
[2025-02-26T01:29:23.324+0000] {logging_mixin.py:188} INFO - [2025-02-26T01:29:23.323+0000] {dagbag.py:540} INFO - Filling up the DagBag from /home/airflow/.local/lib/python3.12/site-packages/airflow/example_dags/example_setup_teardown_taskflow.py
[2025-02-26T01:29:23.356+0000] {processor.py:840} INFO - DAG(s) 'example_setup_teardown_taskflow' retrieved from /home/airflow/.local/lib/python3.12/site-packages/airflow/example_dags/example_setup_teardown_taskflow.py
[2025-02-26T01:29:23.409+0000] {logging_mixin.py:188} INFO - [2025-02-26T01:29:23.409+0000] {dag.py:3096} INFO - Sync 1 DAGs
[2025-02-26T01:29:23.447+0000] {logging_mixin.py:188} INFO - [2025-02-26T01:29:23.447+0000] {dag.py:3954} INFO - Setting next_dagrun for example_setup_teardown_taskflow to 2025-02-25 00:00:00+00:00, run_after=2025-02-26 00:00:00+00:00
[2025-02-26T01:29:23.473+0000] {processor.py:183} INFO - Processing /home/airflow/.local/lib/python3.12/site-packages/airflow/example_dags/example_setup_teardown_taskflow.py took 0.165 seconds
[2025-02-26T01:29:53.639+0000] {processor.py:161} INFO - Started process (PID=1314) to work on /home/airflow/.local/lib/python3.12/site-packages/airflow/example_dags/example_setup_teardown_taskflow.py
[2025-02-26T01:29:53.641+0000] {processor.py:830} INFO - Processing file /home/airflow/.local/lib/python3.12/site-packages/airflow/example_dags/example_setup_teardown_taskflow.py for tasks to queue
[2025-02-26T01:29:53.645+0000] {logging_mixin.py:188} INFO - [2025-02-26T01:29:53.645+0000] {dagbag.py:540} INFO - Filling up the DagBag from /home/airflow/.local/lib/python3.12/site-packages/airflow/example_dags/example_setup_teardown_taskflow.py
[2025-02-26T01:29:53.693+0000] {processor.py:840} INFO - DAG(s) 'example_setup_teardown_taskflow' retrieved from /home/airflow/.local/lib/python3.12/site-packages/airflow/example_dags/example_setup_teardown_taskflow.py
[2025-02-26T01:29:53.756+0000] {logging_mixin.py:188} INFO - [2025-02-26T01:29:53.755+0000] {dag.py:3096} INFO - Sync 1 DAGs
[2025-02-26T01:29:53.812+0000] {logging_mixin.py:188} INFO - [2025-02-26T01:29:53.812+0000] {dag.py:3954} INFO - Setting next_dagrun for example_setup_teardown_taskflow to 2025-02-25 00:00:00+00:00, run_after=2025-02-26 00:00:00+00:00
[2025-02-26T01:29:53.865+0000] {processor.py:183} INFO - Processing /home/airflow/.local/lib/python3.12/site-packages/airflow/example_dags/example_setup_teardown_taskflow.py took 0.237 seconds
[2025-02-26T01:30:24.594+0000] {processor.py:161} INFO - Started process (PID=1379) to work on /home/airflow/.local/lib/python3.12/site-packages/airflow/example_dags/example_setup_teardown_taskflow.py
[2025-02-26T01:30:24.596+0000] {processor.py:830} INFO - Processing file /home/airflow/.local/lib/python3.12/site-packages/airflow/example_dags/example_setup_teardown_taskflow.py for tasks to queue
[2025-02-26T01:30:24.600+0000] {logging_mixin.py:188} INFO - [2025-02-26T01:30:24.599+0000] {dagbag.py:540} INFO - Filling up the DagBag from /home/airflow/.local/lib/python3.12/site-packages/airflow/example_dags/example_setup_teardown_taskflow.py
[2025-02-26T01:30:24.624+0000] {processor.py:840} INFO - DAG(s) 'example_setup_teardown_taskflow' retrieved from /home/airflow/.local/lib/python3.12/site-packages/airflow/example_dags/example_setup_teardown_taskflow.py
[2025-02-26T01:30:24.670+0000] {logging_mixin.py:188} INFO - [2025-02-26T01:30:24.670+0000] {dag.py:3096} INFO - Sync 1 DAGs
[2025-02-26T01:30:24.725+0000] {logging_mixin.py:188} INFO - [2025-02-26T01:30:24.724+0000] {dag.py:3954} INFO - Setting next_dagrun for example_setup_teardown_taskflow to 2025-02-25 00:00:00+00:00, run_after=2025-02-26 00:00:00+00:00
[2025-02-26T01:30:24.784+0000] {processor.py:183} INFO - Processing /home/airflow/.local/lib/python3.12/site-packages/airflow/example_dags/example_setup_teardown_taskflow.py took 0.201 seconds
[2025-02-26T01:30:54.959+0000] {processor.py:161} INFO - Started process (PID=1440) to work on /home/airflow/.local/lib/python3.12/site-packages/airflow/example_dags/example_setup_teardown_taskflow.py
[2025-02-26T01:30:54.961+0000] {processor.py:830} INFO - Processing file /home/airflow/.local/lib/python3.12/site-packages/airflow/example_dags/example_setup_teardown_taskflow.py for tasks to queue
[2025-02-26T01:30:54.963+0000] {logging_mixin.py:188} INFO - [2025-02-26T01:30:54.963+0000] {dagbag.py:540} INFO - Filling up the DagBag from /home/airflow/.local/lib/python3.12/site-packages/airflow/example_dags/example_setup_teardown_taskflow.py
[2025-02-26T01:30:54.974+0000] {processor.py:840} INFO - DAG(s) 'example_setup_teardown_taskflow' retrieved from /home/airflow/.local/lib/python3.12/site-packages/airflow/example_dags/example_setup_teardown_taskflow.py
[2025-02-26T01:30:55.001+0000] {logging_mixin.py:188} INFO - [2025-02-26T01:30:55.001+0000] {dag.py:3096} INFO - Sync 1 DAGs
[2025-02-26T01:30:55.028+0000] {logging_mixin.py:188} INFO - [2025-02-26T01:30:55.028+0000] {dag.py:3954} INFO - Setting next_dagrun for example_setup_teardown_taskflow to 2025-02-25 00:00:00+00:00, run_after=2025-02-26 00:00:00+00:00
[2025-02-26T01:30:55.054+0000] {processor.py:183} INFO - Processing /home/airflow/.local/lib/python3.12/site-packages/airflow/example_dags/example_setup_teardown_taskflow.py took 0.101 seconds
[2025-02-26T01:31:25.126+0000] {processor.py:161} INFO - Started process (PID=1501) to work on /home/airflow/.local/lib/python3.12/site-packages/airflow/example_dags/example_setup_teardown_taskflow.py
[2025-02-26T01:31:25.128+0000] {processor.py:830} INFO - Processing file /home/airflow/.local/lib/python3.12/site-packages/airflow/example_dags/example_setup_teardown_taskflow.py for tasks to queue
[2025-02-26T01:31:25.131+0000] {logging_mixin.py:188} INFO - [2025-02-26T01:31:25.131+0000] {dagbag.py:540} INFO - Filling up the DagBag from /home/airflow/.local/lib/python3.12/site-packages/airflow/example_dags/example_setup_teardown_taskflow.py
[2025-02-26T01:31:25.142+0000] {processor.py:840} INFO - DAG(s) 'example_setup_teardown_taskflow' retrieved from /home/airflow/.local/lib/python3.12/site-packages/airflow/example_dags/example_setup_teardown_taskflow.py
[2025-02-26T01:31:25.165+0000] {logging_mixin.py:188} INFO - [2025-02-26T01:31:25.165+0000] {dag.py:3096} INFO - Sync 1 DAGs
[2025-02-26T01:31:25.190+0000] {logging_mixin.py:188} INFO - [2025-02-26T01:31:25.190+0000] {dag.py:3954} INFO - Setting next_dagrun for example_setup_teardown_taskflow to 2025-02-25 00:00:00+00:00, run_after=2025-02-26 00:00:00+00:00
[2025-02-26T01:31:25.213+0000] {processor.py:183} INFO - Processing /home/airflow/.local/lib/python3.12/site-packages/airflow/example_dags/example_setup_teardown_taskflow.py took 0.094 seconds
[2025-02-26T01:31:55.535+0000] {processor.py:161} INFO - Started process (PID=1561) to work on /home/airflow/.local/lib/python3.12/site-packages/airflow/example_dags/example_setup_teardown_taskflow.py
[2025-02-26T01:31:55.536+0000] {processor.py:830} INFO - Processing file /home/airflow/.local/lib/python3.12/site-packages/airflow/example_dags/example_setup_teardown_taskflow.py for tasks to queue
[2025-02-26T01:31:55.539+0000] {logging_mixin.py:188} INFO - [2025-02-26T01:31:55.538+0000] {dagbag.py:540} INFO - Filling up the DagBag from /home/airflow/.local/lib/python3.12/site-packages/airflow/example_dags/example_setup_teardown_taskflow.py
[2025-02-26T01:31:55.548+0000] {processor.py:840} INFO - DAG(s) 'example_setup_teardown_taskflow' retrieved from /home/airflow/.local/lib/python3.12/site-packages/airflow/example_dags/example_setup_teardown_taskflow.py
[2025-02-26T01:31:55.576+0000] {logging_mixin.py:188} INFO - [2025-02-26T01:31:55.575+0000] {dag.py:3096} INFO - Sync 1 DAGs
[2025-02-26T01:31:55.600+0000] {logging_mixin.py:188} INFO - [2025-02-26T01:31:55.600+0000] {dag.py:3954} INFO - Setting next_dagrun for example_setup_teardown_taskflow to 2025-02-25 00:00:00+00:00, run_after=2025-02-26 00:00:00+00:00
[2025-02-26T01:31:55.623+0000] {processor.py:183} INFO - Processing /home/airflow/.local/lib/python3.12/site-packages/airflow/example_dags/example_setup_teardown_taskflow.py took 0.096 seconds
[2025-02-26T01:32:26.394+0000] {processor.py:161} INFO - Started process (PID=1618) to work on /home/airflow/.local/lib/python3.12/site-packages/airflow/example_dags/example_setup_teardown_taskflow.py
[2025-02-26T01:32:26.396+0000] {processor.py:830} INFO - Processing file /home/airflow/.local/lib/python3.12/site-packages/airflow/example_dags/example_setup_teardown_taskflow.py for tasks to queue
[2025-02-26T01:32:26.399+0000] {logging_mixin.py:188} INFO - [2025-02-26T01:32:26.399+0000] {dagbag.py:540} INFO - Filling up the DagBag from /home/airflow/.local/lib/python3.12/site-packages/airflow/example_dags/example_setup_teardown_taskflow.py
[2025-02-26T01:32:26.419+0000] {processor.py:840} INFO - DAG(s) 'example_setup_teardown_taskflow' retrieved from /home/airflow/.local/lib/python3.12/site-packages/airflow/example_dags/example_setup_teardown_taskflow.py
[2025-02-26T01:32:26.461+0000] {logging_mixin.py:188} INFO - [2025-02-26T01:32:26.461+0000] {dag.py:3096} INFO - Sync 1 DAGs
[2025-02-26T01:32:26.495+0000] {logging_mixin.py:188} INFO - [2025-02-26T01:32:26.494+0000] {dag.py:3954} INFO - Setting next_dagrun for example_setup_teardown_taskflow to 2025-02-25 00:00:00+00:00, run_after=2025-02-26 00:00:00+00:00
[2025-02-26T01:32:26.527+0000] {processor.py:183} INFO - Processing /home/airflow/.local/lib/python3.12/site-packages/airflow/example_dags/example_setup_teardown_taskflow.py took 0.142 seconds
[2025-02-26T01:32:57.608+0000] {processor.py:161} INFO - Started process (PID=1679) to work on /home/airflow/.local/lib/python3.12/site-packages/airflow/example_dags/example_setup_teardown_taskflow.py
[2025-02-26T01:32:57.610+0000] {processor.py:830} INFO - Processing file /home/airflow/.local/lib/python3.12/site-packages/airflow/example_dags/example_setup_teardown_taskflow.py for tasks to queue
[2025-02-26T01:32:57.614+0000] {logging_mixin.py:188} INFO - [2025-02-26T01:32:57.613+0000] {dagbag.py:540} INFO - Filling up the DagBag from /home/airflow/.local/lib/python3.12/site-packages/airflow/example_dags/example_setup_teardown_taskflow.py
[2025-02-26T01:32:57.637+0000] {processor.py:840} INFO - DAG(s) 'example_setup_teardown_taskflow' retrieved from /home/airflow/.local/lib/python3.12/site-packages/airflow/example_dags/example_setup_teardown_taskflow.py
[2025-02-26T01:32:57.674+0000] {logging_mixin.py:188} INFO - [2025-02-26T01:32:57.674+0000] {dag.py:3096} INFO - Sync 1 DAGs
[2025-02-26T01:32:57.712+0000] {logging_mixin.py:188} INFO - [2025-02-26T01:32:57.712+0000] {dag.py:3954} INFO - Setting next_dagrun for example_setup_teardown_taskflow to 2025-02-25 00:00:00+00:00, run_after=2025-02-26 00:00:00+00:00
[2025-02-26T01:32:57.742+0000] {processor.py:183} INFO - Processing /home/airflow/.local/lib/python3.12/site-packages/airflow/example_dags/example_setup_teardown_taskflow.py took 0.150 seconds
[2025-02-26T01:33:28.359+0000] {processor.py:161} INFO - Started process (PID=1738) to work on /home/airflow/.local/lib/python3.12/site-packages/airflow/example_dags/example_setup_teardown_taskflow.py
[2025-02-26T01:33:28.360+0000] {processor.py:830} INFO - Processing file /home/airflow/.local/lib/python3.12/site-packages/airflow/example_dags/example_setup_teardown_taskflow.py for tasks to queue
[2025-02-26T01:33:28.363+0000] {logging_mixin.py:188} INFO - [2025-02-26T01:33:28.362+0000] {dagbag.py:540} INFO - Filling up the DagBag from /home/airflow/.local/lib/python3.12/site-packages/airflow/example_dags/example_setup_teardown_taskflow.py
[2025-02-26T01:33:28.378+0000] {processor.py:840} INFO - DAG(s) 'example_setup_teardown_taskflow' retrieved from /home/airflow/.local/lib/python3.12/site-packages/airflow/example_dags/example_setup_teardown_taskflow.py
[2025-02-26T01:33:28.402+0000] {logging_mixin.py:188} INFO - [2025-02-26T01:33:28.401+0000] {dag.py:3096} INFO - Sync 1 DAGs
[2025-02-26T01:33:28.431+0000] {logging_mixin.py:188} INFO - [2025-02-26T01:33:28.430+0000] {dag.py:3954} INFO - Setting next_dagrun for example_setup_teardown_taskflow to 2025-02-25 00:00:00+00:00, run_after=2025-02-26 00:00:00+00:00
[2025-02-26T01:33:28.453+0000] {processor.py:183} INFO - Processing /home/airflow/.local/lib/python3.12/site-packages/airflow/example_dags/example_setup_teardown_taskflow.py took 0.103 seconds
[2025-02-26T01:33:58.699+0000] {processor.py:161} INFO - Started process (PID=1798) to work on /home/airflow/.local/lib/python3.12/site-packages/airflow/example_dags/example_setup_teardown_taskflow.py
[2025-02-26T01:33:58.700+0000] {processor.py:830} INFO - Processing file /home/airflow/.local/lib/python3.12/site-packages/airflow/example_dags/example_setup_teardown_taskflow.py for tasks to queue
[2025-02-26T01:33:58.703+0000] {logging_mixin.py:188} INFO - [2025-02-26T01:33:58.702+0000] {dagbag.py:540} INFO - Filling up the DagBag from /home/airflow/.local/lib/python3.12/site-packages/airflow/example_dags/example_setup_teardown_taskflow.py
[2025-02-26T01:33:58.715+0000] {processor.py:840} INFO - DAG(s) 'example_setup_teardown_taskflow' retrieved from /home/airflow/.local/lib/python3.12/site-packages/airflow/example_dags/example_setup_teardown_taskflow.py
[2025-02-26T01:33:58.742+0000] {logging_mixin.py:188} INFO - [2025-02-26T01:33:58.741+0000] {dag.py:3096} INFO - Sync 1 DAGs
[2025-02-26T01:33:58.769+0000] {logging_mixin.py:188} INFO - [2025-02-26T01:33:58.769+0000] {dag.py:3954} INFO - Setting next_dagrun for example_setup_teardown_taskflow to 2025-02-25 00:00:00+00:00, run_after=2025-02-26 00:00:00+00:00
[2025-02-26T01:33:58.796+0000] {processor.py:183} INFO - Processing /home/airflow/.local/lib/python3.12/site-packages/airflow/example_dags/example_setup_teardown_taskflow.py took 0.104 seconds
[2025-02-26T01:34:29.678+0000] {processor.py:161} INFO - Started process (PID=1858) to work on /home/airflow/.local/lib/python3.12/site-packages/airflow/example_dags/example_setup_teardown_taskflow.py
[2025-02-26T01:34:29.681+0000] {processor.py:830} INFO - Processing file /home/airflow/.local/lib/python3.12/site-packages/airflow/example_dags/example_setup_teardown_taskflow.py for tasks to queue
[2025-02-26T01:34:29.685+0000] {logging_mixin.py:188} INFO - [2025-02-26T01:34:29.684+0000] {dagbag.py:540} INFO - Filling up the DagBag from /home/airflow/.local/lib/python3.12/site-packages/airflow/example_dags/example_setup_teardown_taskflow.py
[2025-02-26T01:34:29.704+0000] {processor.py:840} INFO - DAG(s) 'example_setup_teardown_taskflow' retrieved from /home/airflow/.local/lib/python3.12/site-packages/airflow/example_dags/example_setup_teardown_taskflow.py
[2025-02-26T01:34:29.759+0000] {logging_mixin.py:188} INFO - [2025-02-26T01:34:29.759+0000] {dag.py:3096} INFO - Sync 1 DAGs
[2025-02-26T01:34:29.797+0000] {logging_mixin.py:188} INFO - [2025-02-26T01:34:29.797+0000] {dag.py:3954} INFO - Setting next_dagrun for example_setup_teardown_taskflow to 2025-02-25 00:00:00+00:00, run_after=2025-02-26 00:00:00+00:00
[2025-02-26T01:34:29.829+0000] {processor.py:183} INFO - Processing /home/airflow/.local/lib/python3.12/site-packages/airflow/example_dags/example_setup_teardown_taskflow.py took 0.163 seconds
[2025-02-26T01:35:00.662+0000] {processor.py:161} INFO - Started process (PID=1918) to work on /home/airflow/.local/lib/python3.12/site-packages/airflow/example_dags/example_setup_teardown_taskflow.py
[2025-02-26T01:35:00.663+0000] {processor.py:830} INFO - Processing file /home/airflow/.local/lib/python3.12/site-packages/airflow/example_dags/example_setup_teardown_taskflow.py for tasks to queue
[2025-02-26T01:35:00.665+0000] {logging_mixin.py:188} INFO - [2025-02-26T01:35:00.665+0000] {dagbag.py:540} INFO - Filling up the DagBag from /home/airflow/.local/lib/python3.12/site-packages/airflow/example_dags/example_setup_teardown_taskflow.py
[2025-02-26T01:35:00.678+0000] {processor.py:840} INFO - DAG(s) 'example_setup_teardown_taskflow' retrieved from /home/airflow/.local/lib/python3.12/site-packages/airflow/example_dags/example_setup_teardown_taskflow.py
[2025-02-26T01:35:00.706+0000] {logging_mixin.py:188} INFO - [2025-02-26T01:35:00.705+0000] {dag.py:3096} INFO - Sync 1 DAGs
[2025-02-26T01:35:00.736+0000] {logging_mixin.py:188} INFO - [2025-02-26T01:35:00.735+0000] {dag.py:3954} INFO - Setting next_dagrun for example_setup_teardown_taskflow to 2025-02-25 00:00:00+00:00, run_after=2025-02-26 00:00:00+00:00
[2025-02-26T01:35:00.767+0000] {processor.py:183} INFO - Processing /home/airflow/.local/lib/python3.12/site-packages/airflow/example_dags/example_setup_teardown_taskflow.py took 0.112 seconds
[2025-02-26T01:35:31.045+0000] {processor.py:161} INFO - Started process (PID=1978) to work on /home/airflow/.local/lib/python3.12/site-packages/airflow/example_dags/example_setup_teardown_taskflow.py
[2025-02-26T01:35:31.047+0000] {processor.py:830} INFO - Processing file /home/airflow/.local/lib/python3.12/site-packages/airflow/example_dags/example_setup_teardown_taskflow.py for tasks to queue
[2025-02-26T01:35:31.049+0000] {logging_mixin.py:188} INFO - [2025-02-26T01:35:31.048+0000] {dagbag.py:540} INFO - Filling up the DagBag from /home/airflow/.local/lib/python3.12/site-packages/airflow/example_dags/example_setup_teardown_taskflow.py
[2025-02-26T01:35:31.059+0000] {processor.py:840} INFO - DAG(s) 'example_setup_teardown_taskflow' retrieved from /home/airflow/.local/lib/python3.12/site-packages/airflow/example_dags/example_setup_teardown_taskflow.py
[2025-02-26T01:35:31.085+0000] {logging_mixin.py:188} INFO - [2025-02-26T01:35:31.084+0000] {dag.py:3096} INFO - Sync 1 DAGs
[2025-02-26T01:35:31.108+0000] {logging_mixin.py:188} INFO - [2025-02-26T01:35:31.108+0000] {dag.py:3954} INFO - Setting next_dagrun for example_setup_teardown_taskflow to 2025-02-25 00:00:00+00:00, run_after=2025-02-26 00:00:00+00:00
[2025-02-26T01:35:31.132+0000] {processor.py:183} INFO - Processing /home/airflow/.local/lib/python3.12/site-packages/airflow/example_dags/example_setup_teardown_taskflow.py took 0.094 seconds
[2025-02-26T01:36:01.519+0000] {processor.py:161} INFO - Started process (PID=2038) to work on /home/airflow/.local/lib/python3.12/site-packages/airflow/example_dags/example_setup_teardown_taskflow.py
[2025-02-26T01:36:01.521+0000] {processor.py:830} INFO - Processing file /home/airflow/.local/lib/python3.12/site-packages/airflow/example_dags/example_setup_teardown_taskflow.py for tasks to queue
[2025-02-26T01:36:01.523+0000] {logging_mixin.py:188} INFO - [2025-02-26T01:36:01.523+0000] {dagbag.py:540} INFO - Filling up the DagBag from /home/airflow/.local/lib/python3.12/site-packages/airflow/example_dags/example_setup_teardown_taskflow.py
[2025-02-26T01:36:01.533+0000] {processor.py:840} INFO - DAG(s) 'example_setup_teardown_taskflow' retrieved from /home/airflow/.local/lib/python3.12/site-packages/airflow/example_dags/example_setup_teardown_taskflow.py
[2025-02-26T01:36:01.558+0000] {logging_mixin.py:188} INFO - [2025-02-26T01:36:01.558+0000] {dag.py:3096} INFO - Sync 1 DAGs
[2025-02-26T01:36:01.588+0000] {logging_mixin.py:188} INFO - [2025-02-26T01:36:01.588+0000] {dag.py:3954} INFO - Setting next_dagrun for example_setup_teardown_taskflow to 2025-02-25 00:00:00+00:00, run_after=2025-02-26 00:00:00+00:00
[2025-02-26T01:36:01.617+0000] {processor.py:183} INFO - Processing /home/airflow/.local/lib/python3.12/site-packages/airflow/example_dags/example_setup_teardown_taskflow.py took 0.105 seconds
[2025-02-26T01:36:32.352+0000] {processor.py:161} INFO - Started process (PID=2098) to work on /home/airflow/.local/lib/python3.12/site-packages/airflow/example_dags/example_setup_teardown_taskflow.py
[2025-02-26T01:36:32.354+0000] {processor.py:830} INFO - Processing file /home/airflow/.local/lib/python3.12/site-packages/airflow/example_dags/example_setup_teardown_taskflow.py for tasks to queue
[2025-02-26T01:36:32.356+0000] {logging_mixin.py:188} INFO - [2025-02-26T01:36:32.355+0000] {dagbag.py:540} INFO - Filling up the DagBag from /home/airflow/.local/lib/python3.12/site-packages/airflow/example_dags/example_setup_teardown_taskflow.py
[2025-02-26T01:36:32.366+0000] {processor.py:840} INFO - DAG(s) 'example_setup_teardown_taskflow' retrieved from /home/airflow/.local/lib/python3.12/site-packages/airflow/example_dags/example_setup_teardown_taskflow.py
[2025-02-26T01:36:32.391+0000] {logging_mixin.py:188} INFO - [2025-02-26T01:36:32.390+0000] {dag.py:3096} INFO - Sync 1 DAGs
[2025-02-26T01:36:32.417+0000] {logging_mixin.py:188} INFO - [2025-02-26T01:36:32.417+0000] {dag.py:3954} INFO - Setting next_dagrun for example_setup_teardown_taskflow to 2025-02-25 00:00:00+00:00, run_after=2025-02-26 00:00:00+00:00
[2025-02-26T01:36:32.438+0000] {processor.py:183} INFO - Processing /home/airflow/.local/lib/python3.12/site-packages/airflow/example_dags/example_setup_teardown_taskflow.py took 0.093 seconds
[2025-02-26T01:37:03.275+0000] {processor.py:161} INFO - Started process (PID=2158) to work on /home/airflow/.local/lib/python3.12/site-packages/airflow/example_dags/example_setup_teardown_taskflow.py
[2025-02-26T01:37:03.276+0000] {processor.py:830} INFO - Processing file /home/airflow/.local/lib/python3.12/site-packages/airflow/example_dags/example_setup_teardown_taskflow.py for tasks to queue
[2025-02-26T01:37:03.280+0000] {logging_mixin.py:188} INFO - [2025-02-26T01:37:03.279+0000] {dagbag.py:540} INFO - Filling up the DagBag from /home/airflow/.local/lib/python3.12/site-packages/airflow/example_dags/example_setup_teardown_taskflow.py
[2025-02-26T01:37:03.290+0000] {processor.py:840} INFO - DAG(s) 'example_setup_teardown_taskflow' retrieved from /home/airflow/.local/lib/python3.12/site-packages/airflow/example_dags/example_setup_teardown_taskflow.py
[2025-02-26T01:37:03.317+0000] {logging_mixin.py:188} INFO - [2025-02-26T01:37:03.316+0000] {dag.py:3096} INFO - Sync 1 DAGs
[2025-02-26T01:37:03.341+0000] {logging_mixin.py:188} INFO - [2025-02-26T01:37:03.340+0000] {dag.py:3954} INFO - Setting next_dagrun for example_setup_teardown_taskflow to 2025-02-25 00:00:00+00:00, run_after=2025-02-26 00:00:00+00:00
[2025-02-26T01:37:03.362+0000] {processor.py:183} INFO - Processing /home/airflow/.local/lib/python3.12/site-packages/airflow/example_dags/example_setup_teardown_taskflow.py took 0.094 seconds
[2025-02-26T01:37:33.629+0000] {processor.py:161} INFO - Started process (PID=2218) to work on /home/airflow/.local/lib/python3.12/site-packages/airflow/example_dags/example_setup_teardown_taskflow.py
[2025-02-26T01:37:33.630+0000] {processor.py:830} INFO - Processing file /home/airflow/.local/lib/python3.12/site-packages/airflow/example_dags/example_setup_teardown_taskflow.py for tasks to queue
[2025-02-26T01:37:33.632+0000] {logging_mixin.py:188} INFO - [2025-02-26T01:37:33.632+0000] {dagbag.py:540} INFO - Filling up the DagBag from /home/airflow/.local/lib/python3.12/site-packages/airflow/example_dags/example_setup_teardown_taskflow.py
[2025-02-26T01:37:33.643+0000] {processor.py:840} INFO - DAG(s) 'example_setup_teardown_taskflow' retrieved from /home/airflow/.local/lib/python3.12/site-packages/airflow/example_dags/example_setup_teardown_taskflow.py
[2025-02-26T01:37:33.668+0000] {logging_mixin.py:188} INFO - [2025-02-26T01:37:33.668+0000] {dag.py:3096} INFO - Sync 1 DAGs
[2025-02-26T01:37:33.691+0000] {logging_mixin.py:188} INFO - [2025-02-26T01:37:33.691+0000] {dag.py:3954} INFO - Setting next_dagrun for example_setup_teardown_taskflow to 2025-02-25 00:00:00+00:00, run_after=2025-02-26 00:00:00+00:00
[2025-02-26T01:37:33.711+0000] {processor.py:183} INFO - Processing /home/airflow/.local/lib/python3.12/site-packages/airflow/example_dags/example_setup_teardown_taskflow.py took 0.089 seconds
[2025-02-26T01:38:04.135+0000] {processor.py:161} INFO - Started process (PID=2278) to work on /home/airflow/.local/lib/python3.12/site-packages/airflow/example_dags/example_setup_teardown_taskflow.py
[2025-02-26T01:38:04.137+0000] {processor.py:830} INFO - Processing file /home/airflow/.local/lib/python3.12/site-packages/airflow/example_dags/example_setup_teardown_taskflow.py for tasks to queue
[2025-02-26T01:38:04.139+0000] {logging_mixin.py:188} INFO - [2025-02-26T01:38:04.138+0000] {dagbag.py:540} INFO - Filling up the DagBag from /home/airflow/.local/lib/python3.12/site-packages/airflow/example_dags/example_setup_teardown_taskflow.py
[2025-02-26T01:38:04.149+0000] {processor.py:840} INFO - DAG(s) 'example_setup_teardown_taskflow' retrieved from /home/airflow/.local/lib/python3.12/site-packages/airflow/example_dags/example_setup_teardown_taskflow.py
[2025-02-26T01:38:04.173+0000] {logging_mixin.py:188} INFO - [2025-02-26T01:38:04.173+0000] {dag.py:3096} INFO - Sync 1 DAGs
[2025-02-26T01:38:04.196+0000] {logging_mixin.py:188} INFO - [2025-02-26T01:38:04.196+0000] {dag.py:3954} INFO - Setting next_dagrun for example_setup_teardown_taskflow to 2025-02-25 00:00:00+00:00, run_after=2025-02-26 00:00:00+00:00
[2025-02-26T01:38:04.215+0000] {processor.py:183} INFO - Processing /home/airflow/.local/lib/python3.12/site-packages/airflow/example_dags/example_setup_teardown_taskflow.py took 0.087 seconds
[2025-02-26T01:38:34.616+0000] {processor.py:161} INFO - Started process (PID=2338) to work on /home/airflow/.local/lib/python3.12/site-packages/airflow/example_dags/example_setup_teardown_taskflow.py
[2025-02-26T01:38:34.617+0000] {processor.py:830} INFO - Processing file /home/airflow/.local/lib/python3.12/site-packages/airflow/example_dags/example_setup_teardown_taskflow.py for tasks to queue
[2025-02-26T01:38:34.619+0000] {logging_mixin.py:188} INFO - [2025-02-26T01:38:34.619+0000] {dagbag.py:540} INFO - Filling up the DagBag from /home/airflow/.local/lib/python3.12/site-packages/airflow/example_dags/example_setup_teardown_taskflow.py
[2025-02-26T01:38:34.630+0000] {processor.py:840} INFO - DAG(s) 'example_setup_teardown_taskflow' retrieved from /home/airflow/.local/lib/python3.12/site-packages/airflow/example_dags/example_setup_teardown_taskflow.py
[2025-02-26T01:38:34.653+0000] {logging_mixin.py:188} INFO - [2025-02-26T01:38:34.653+0000] {dag.py:3096} INFO - Sync 1 DAGs
[2025-02-26T01:38:34.678+0000] {logging_mixin.py:188} INFO - [2025-02-26T01:38:34.678+0000] {dag.py:3954} INFO - Setting next_dagrun for example_setup_teardown_taskflow to 2025-02-25 00:00:00+00:00, run_after=2025-02-26 00:00:00+00:00
[2025-02-26T01:38:34.699+0000] {processor.py:183} INFO - Processing /home/airflow/.local/lib/python3.12/site-packages/airflow/example_dags/example_setup_teardown_taskflow.py took 0.091 seconds
[2025-02-26T01:39:04.904+0000] {processor.py:161} INFO - Started process (PID=2398) to work on /home/airflow/.local/lib/python3.12/site-packages/airflow/example_dags/example_setup_teardown_taskflow.py
[2025-02-26T01:39:04.905+0000] {processor.py:830} INFO - Processing file /home/airflow/.local/lib/python3.12/site-packages/airflow/example_dags/example_setup_teardown_taskflow.py for tasks to queue
[2025-02-26T01:39:04.908+0000] {logging_mixin.py:188} INFO - [2025-02-26T01:39:04.907+0000] {dagbag.py:540} INFO - Filling up the DagBag from /home/airflow/.local/lib/python3.12/site-packages/airflow/example_dags/example_setup_teardown_taskflow.py
[2025-02-26T01:39:04.918+0000] {processor.py:840} INFO - DAG(s) 'example_setup_teardown_taskflow' retrieved from /home/airflow/.local/lib/python3.12/site-packages/airflow/example_dags/example_setup_teardown_taskflow.py
[2025-02-26T01:39:04.945+0000] {logging_mixin.py:188} INFO - [2025-02-26T01:39:04.944+0000] {dag.py:3096} INFO - Sync 1 DAGs
[2025-02-26T01:39:04.970+0000] {logging_mixin.py:188} INFO - [2025-02-26T01:39:04.970+0000] {dag.py:3954} INFO - Setting next_dagrun for example_setup_teardown_taskflow to 2025-02-25 00:00:00+00:00, run_after=2025-02-26 00:00:00+00:00
[2025-02-26T01:39:04.992+0000] {processor.py:183} INFO - Processing /home/airflow/.local/lib/python3.12/site-packages/airflow/example_dags/example_setup_teardown_taskflow.py took 0.095 seconds
[2025-02-26T01:39:35.537+0000] {processor.py:161} INFO - Started process (PID=2458) to work on /home/airflow/.local/lib/python3.12/site-packages/airflow/example_dags/example_setup_teardown_taskflow.py
[2025-02-26T01:39:35.539+0000] {processor.py:830} INFO - Processing file /home/airflow/.local/lib/python3.12/site-packages/airflow/example_dags/example_setup_teardown_taskflow.py for tasks to queue
[2025-02-26T01:39:35.541+0000] {logging_mixin.py:188} INFO - [2025-02-26T01:39:35.541+0000] {dagbag.py:540} INFO - Filling up the DagBag from /home/airflow/.local/lib/python3.12/site-packages/airflow/example_dags/example_setup_teardown_taskflow.py
[2025-02-26T01:39:35.551+0000] {processor.py:840} INFO - DAG(s) 'example_setup_teardown_taskflow' retrieved from /home/airflow/.local/lib/python3.12/site-packages/airflow/example_dags/example_setup_teardown_taskflow.py
[2025-02-26T01:39:35.575+0000] {logging_mixin.py:188} INFO - [2025-02-26T01:39:35.575+0000] {dag.py:3096} INFO - Sync 1 DAGs
[2025-02-26T01:39:35.599+0000] {logging_mixin.py:188} INFO - [2025-02-26T01:39:35.599+0000] {dag.py:3954} INFO - Setting next_dagrun for example_setup_teardown_taskflow to 2025-02-25 00:00:00+00:00, run_after=2025-02-26 00:00:00+00:00
[2025-02-26T01:39:35.620+0000] {processor.py:183} INFO - Processing /home/airflow/.local/lib/python3.12/site-packages/airflow/example_dags/example_setup_teardown_taskflow.py took 0.090 seconds
[2025-02-26T01:40:06.093+0000] {processor.py:161} INFO - Started process (PID=2518) to work on /home/airflow/.local/lib/python3.12/site-packages/airflow/example_dags/example_setup_teardown_taskflow.py
[2025-02-26T01:40:06.095+0000] {processor.py:830} INFO - Processing file /home/airflow/.local/lib/python3.12/site-packages/airflow/example_dags/example_setup_teardown_taskflow.py for tasks to queue
[2025-02-26T01:40:06.098+0000] {logging_mixin.py:188} INFO - [2025-02-26T01:40:06.097+0000] {dagbag.py:540} INFO - Filling up the DagBag from /home/airflow/.local/lib/python3.12/site-packages/airflow/example_dags/example_setup_teardown_taskflow.py
[2025-02-26T01:40:06.118+0000] {processor.py:840} INFO - DAG(s) 'example_setup_teardown_taskflow' retrieved from /home/airflow/.local/lib/python3.12/site-packages/airflow/example_dags/example_setup_teardown_taskflow.py
[2025-02-26T01:40:06.163+0000] {logging_mixin.py:188} INFO - [2025-02-26T01:40:06.162+0000] {dag.py:3096} INFO - Sync 1 DAGs
[2025-02-26T01:40:06.210+0000] {logging_mixin.py:188} INFO - [2025-02-26T01:40:06.210+0000] {dag.py:3954} INFO - Setting next_dagrun for example_setup_teardown_taskflow to 2025-02-25 00:00:00+00:00, run_after=2025-02-26 00:00:00+00:00
[2025-02-26T01:40:06.241+0000] {processor.py:183} INFO - Processing /home/airflow/.local/lib/python3.12/site-packages/airflow/example_dags/example_setup_teardown_taskflow.py took 0.156 seconds
[2025-02-26T01:40:40.977+0000] {processor.py:161} INFO - Started process (PID=2585) to work on /home/airflow/.local/lib/python3.12/site-packages/airflow/example_dags/example_setup_teardown_taskflow.py
[2025-02-26T01:40:40.979+0000] {processor.py:830} INFO - Processing file /home/airflow/.local/lib/python3.12/site-packages/airflow/example_dags/example_setup_teardown_taskflow.py for tasks to queue
[2025-02-26T01:40:40.981+0000] {logging_mixin.py:188} INFO - [2025-02-26T01:40:40.981+0000] {dagbag.py:540} INFO - Filling up the DagBag from /home/airflow/.local/lib/python3.12/site-packages/airflow/example_dags/example_setup_teardown_taskflow.py
[2025-02-26T01:40:40.992+0000] {processor.py:840} INFO - DAG(s) 'example_setup_teardown_taskflow' retrieved from /home/airflow/.local/lib/python3.12/site-packages/airflow/example_dags/example_setup_teardown_taskflow.py
[2025-02-26T01:40:41.021+0000] {logging_mixin.py:188} INFO - [2025-02-26T01:40:41.021+0000] {dag.py:3096} INFO - Sync 1 DAGs
[2025-02-26T01:40:41.046+0000] {logging_mixin.py:188} INFO - [2025-02-26T01:40:41.046+0000] {dag.py:3954} INFO - Setting next_dagrun for example_setup_teardown_taskflow to 2025-02-25 00:00:00+00:00, run_after=2025-02-26 00:00:00+00:00
[2025-02-26T01:40:41.075+0000] {processor.py:183} INFO - Processing /home/airflow/.local/lib/python3.12/site-packages/airflow/example_dags/example_setup_teardown_taskflow.py took 0.105 seconds
[2025-02-26T01:41:11.270+0000] {processor.py:161} INFO - Started process (PID=2646) to work on /home/airflow/.local/lib/python3.12/site-packages/airflow/example_dags/example_setup_teardown_taskflow.py
[2025-02-26T01:41:11.272+0000] {processor.py:830} INFO - Processing file /home/airflow/.local/lib/python3.12/site-packages/airflow/example_dags/example_setup_teardown_taskflow.py for tasks to queue
[2025-02-26T01:41:11.274+0000] {logging_mixin.py:188} INFO - [2025-02-26T01:41:11.274+0000] {dagbag.py:540} INFO - Filling up the DagBag from /home/airflow/.local/lib/python3.12/site-packages/airflow/example_dags/example_setup_teardown_taskflow.py
[2025-02-26T01:41:11.285+0000] {processor.py:840} INFO - DAG(s) 'example_setup_teardown_taskflow' retrieved from /home/airflow/.local/lib/python3.12/site-packages/airflow/example_dags/example_setup_teardown_taskflow.py
[2025-02-26T01:41:11.313+0000] {logging_mixin.py:188} INFO - [2025-02-26T01:41:11.313+0000] {dag.py:3096} INFO - Sync 1 DAGs
[2025-02-26T01:41:11.346+0000] {logging_mixin.py:188} INFO - [2025-02-26T01:41:11.346+0000] {dag.py:3954} INFO - Setting next_dagrun for example_setup_teardown_taskflow to 2025-02-25 00:00:00+00:00, run_after=2025-02-26 00:00:00+00:00
[2025-02-26T01:41:11.382+0000] {processor.py:183} INFO - Processing /home/airflow/.local/lib/python3.12/site-packages/airflow/example_dags/example_setup_teardown_taskflow.py took 0.120 seconds
[2025-02-26T01:41:41.784+0000] {processor.py:161} INFO - Started process (PID=2708) to work on /home/airflow/.local/lib/python3.12/site-packages/airflow/example_dags/example_setup_teardown_taskflow.py
[2025-02-26T01:41:41.785+0000] {processor.py:830} INFO - Processing file /home/airflow/.local/lib/python3.12/site-packages/airflow/example_dags/example_setup_teardown_taskflow.py for tasks to queue
[2025-02-26T01:41:41.789+0000] {logging_mixin.py:188} INFO - [2025-02-26T01:41:41.788+0000] {dagbag.py:540} INFO - Filling up the DagBag from /home/airflow/.local/lib/python3.12/site-packages/airflow/example_dags/example_setup_teardown_taskflow.py
[2025-02-26T01:41:41.806+0000] {processor.py:840} INFO - DAG(s) 'example_setup_teardown_taskflow' retrieved from /home/airflow/.local/lib/python3.12/site-packages/airflow/example_dags/example_setup_teardown_taskflow.py
[2025-02-26T01:41:41.844+0000] {logging_mixin.py:188} INFO - [2025-02-26T01:41:41.844+0000] {dag.py:3096} INFO - Sync 1 DAGs
[2025-02-26T01:41:41.886+0000] {logging_mixin.py:188} INFO - [2025-02-26T01:41:41.886+0000] {dag.py:3954} INFO - Setting next_dagrun for example_setup_teardown_taskflow to 2025-02-25 00:00:00+00:00, run_after=2025-02-26 00:00:00+00:00
[2025-02-26T01:41:41.905+0000] {processor.py:183} INFO - Processing /home/airflow/.local/lib/python3.12/site-packages/airflow/example_dags/example_setup_teardown_taskflow.py took 0.131 seconds
[2025-02-26T01:42:12.021+0000] {processor.py:161} INFO - Started process (PID=2765) to work on /home/airflow/.local/lib/python3.12/site-packages/airflow/example_dags/example_setup_teardown_taskflow.py
[2025-02-26T01:42:12.022+0000] {processor.py:830} INFO - Processing file /home/airflow/.local/lib/python3.12/site-packages/airflow/example_dags/example_setup_teardown_taskflow.py for tasks to queue
[2025-02-26T01:42:12.025+0000] {logging_mixin.py:188} INFO - [2025-02-26T01:42:12.025+0000] {dagbag.py:540} INFO - Filling up the DagBag from /home/airflow/.local/lib/python3.12/site-packages/airflow/example_dags/example_setup_teardown_taskflow.py
[2025-02-26T01:42:12.040+0000] {processor.py:840} INFO - DAG(s) 'example_setup_teardown_taskflow' retrieved from /home/airflow/.local/lib/python3.12/site-packages/airflow/example_dags/example_setup_teardown_taskflow.py
[2025-02-26T01:42:12.078+0000] {logging_mixin.py:188} INFO - [2025-02-26T01:42:12.078+0000] {dag.py:3096} INFO - Sync 1 DAGs
[2025-02-26T01:42:12.118+0000] {logging_mixin.py:188} INFO - [2025-02-26T01:42:12.117+0000] {dag.py:3954} INFO - Setting next_dagrun for example_setup_teardown_taskflow to 2025-02-25 00:00:00+00:00, run_after=2025-02-26 00:00:00+00:00
[2025-02-26T01:42:12.156+0000] {processor.py:183} INFO - Processing /home/airflow/.local/lib/python3.12/site-packages/airflow/example_dags/example_setup_teardown_taskflow.py took 0.145 seconds
[2025-02-26T01:42:43.201+0000] {processor.py:161} INFO - Started process (PID=2825) to work on /home/airflow/.local/lib/python3.12/site-packages/airflow/example_dags/example_setup_teardown_taskflow.py
[2025-02-26T01:42:43.203+0000] {processor.py:830} INFO - Processing file /home/airflow/.local/lib/python3.12/site-packages/airflow/example_dags/example_setup_teardown_taskflow.py for tasks to queue
[2025-02-26T01:42:43.205+0000] {logging_mixin.py:188} INFO - [2025-02-26T01:42:43.205+0000] {dagbag.py:540} INFO - Filling up the DagBag from /home/airflow/.local/lib/python3.12/site-packages/airflow/example_dags/example_setup_teardown_taskflow.py
[2025-02-26T01:42:43.218+0000] {processor.py:840} INFO - DAG(s) 'example_setup_teardown_taskflow' retrieved from /home/airflow/.local/lib/python3.12/site-packages/airflow/example_dags/example_setup_teardown_taskflow.py
[2025-02-26T01:42:43.244+0000] {logging_mixin.py:188} INFO - [2025-02-26T01:42:43.244+0000] {dag.py:3096} INFO - Sync 1 DAGs
[2025-02-26T01:42:43.269+0000] {logging_mixin.py:188} INFO - [2025-02-26T01:42:43.269+0000] {dag.py:3954} INFO - Setting next_dagrun for example_setup_teardown_taskflow to 2025-02-25 00:00:00+00:00, run_after=2025-02-26 00:00:00+00:00
[2025-02-26T01:42:43.291+0000] {processor.py:183} INFO - Processing /home/airflow/.local/lib/python3.12/site-packages/airflow/example_dags/example_setup_teardown_taskflow.py took 0.098 seconds
[2025-02-26T01:43:13.810+0000] {processor.py:161} INFO - Started process (PID=2886) to work on /home/airflow/.local/lib/python3.12/site-packages/airflow/example_dags/example_setup_teardown_taskflow.py
[2025-02-26T01:43:13.811+0000] {processor.py:830} INFO - Processing file /home/airflow/.local/lib/python3.12/site-packages/airflow/example_dags/example_setup_teardown_taskflow.py for tasks to queue
[2025-02-26T01:43:13.813+0000] {logging_mixin.py:188} INFO - [2025-02-26T01:43:13.813+0000] {dagbag.py:540} INFO - Filling up the DagBag from /home/airflow/.local/lib/python3.12/site-packages/airflow/example_dags/example_setup_teardown_taskflow.py
[2025-02-26T01:43:13.825+0000] {processor.py:840} INFO - DAG(s) 'example_setup_teardown_taskflow' retrieved from /home/airflow/.local/lib/python3.12/site-packages/airflow/example_dags/example_setup_teardown_taskflow.py
[2025-02-26T01:43:13.850+0000] {logging_mixin.py:188} INFO - [2025-02-26T01:43:13.850+0000] {dag.py:3096} INFO - Sync 1 DAGs
[2025-02-26T01:43:13.875+0000] {logging_mixin.py:188} INFO - [2025-02-26T01:43:13.875+0000] {dag.py:3954} INFO - Setting next_dagrun for example_setup_teardown_taskflow to 2025-02-25 00:00:00+00:00, run_after=2025-02-26 00:00:00+00:00
[2025-02-26T01:43:13.899+0000] {processor.py:183} INFO - Processing /home/airflow/.local/lib/python3.12/site-packages/airflow/example_dags/example_setup_teardown_taskflow.py took 0.095 seconds
[2025-02-26T01:43:44.190+0000] {processor.py:161} INFO - Started process (PID=2946) to work on /home/airflow/.local/lib/python3.12/site-packages/airflow/example_dags/example_setup_teardown_taskflow.py
[2025-02-26T01:43:44.192+0000] {processor.py:830} INFO - Processing file /home/airflow/.local/lib/python3.12/site-packages/airflow/example_dags/example_setup_teardown_taskflow.py for tasks to queue
[2025-02-26T01:43:44.194+0000] {logging_mixin.py:188} INFO - [2025-02-26T01:43:44.193+0000] {dagbag.py:540} INFO - Filling up the DagBag from /home/airflow/.local/lib/python3.12/site-packages/airflow/example_dags/example_setup_teardown_taskflow.py
[2025-02-26T01:43:44.205+0000] {processor.py:840} INFO - DAG(s) 'example_setup_teardown_taskflow' retrieved from /home/airflow/.local/lib/python3.12/site-packages/airflow/example_dags/example_setup_teardown_taskflow.py
[2025-02-26T01:43:44.231+0000] {logging_mixin.py:188} INFO - [2025-02-26T01:43:44.230+0000] {dag.py:3096} INFO - Sync 1 DAGs
[2025-02-26T01:43:44.254+0000] {logging_mixin.py:188} INFO - [2025-02-26T01:43:44.253+0000] {dag.py:3954} INFO - Setting next_dagrun for example_setup_teardown_taskflow to 2025-02-25 00:00:00+00:00, run_after=2025-02-26 00:00:00+00:00
[2025-02-26T01:43:44.275+0000] {processor.py:183} INFO - Processing /home/airflow/.local/lib/python3.12/site-packages/airflow/example_dags/example_setup_teardown_taskflow.py took 0.093 seconds
[2025-02-26T01:44:14.724+0000] {processor.py:161} INFO - Started process (PID=3006) to work on /home/airflow/.local/lib/python3.12/site-packages/airflow/example_dags/example_setup_teardown_taskflow.py
[2025-02-26T01:44:14.726+0000] {processor.py:830} INFO - Processing file /home/airflow/.local/lib/python3.12/site-packages/airflow/example_dags/example_setup_teardown_taskflow.py for tasks to queue
[2025-02-26T01:44:14.728+0000] {logging_mixin.py:188} INFO - [2025-02-26T01:44:14.727+0000] {dagbag.py:540} INFO - Filling up the DagBag from /home/airflow/.local/lib/python3.12/site-packages/airflow/example_dags/example_setup_teardown_taskflow.py
[2025-02-26T01:44:14.739+0000] {processor.py:840} INFO - DAG(s) 'example_setup_teardown_taskflow' retrieved from /home/airflow/.local/lib/python3.12/site-packages/airflow/example_dags/example_setup_teardown_taskflow.py
[2025-02-26T01:44:14.764+0000] {logging_mixin.py:188} INFO - [2025-02-26T01:44:14.763+0000] {dag.py:3096} INFO - Sync 1 DAGs
[2025-02-26T01:44:14.790+0000] {logging_mixin.py:188} INFO - [2025-02-26T01:44:14.790+0000] {dag.py:3954} INFO - Setting next_dagrun for example_setup_teardown_taskflow to 2025-02-25 00:00:00+00:00, run_after=2025-02-26 00:00:00+00:00
[2025-02-26T01:44:14.810+0000] {processor.py:183} INFO - Processing /home/airflow/.local/lib/python3.12/site-packages/airflow/example_dags/example_setup_teardown_taskflow.py took 0.093 seconds
[2025-02-26T01:44:45.127+0000] {processor.py:161} INFO - Started process (PID=3066) to work on /home/airflow/.local/lib/python3.12/site-packages/airflow/example_dags/example_setup_teardown_taskflow.py
[2025-02-26T01:44:45.128+0000] {processor.py:830} INFO - Processing file /home/airflow/.local/lib/python3.12/site-packages/airflow/example_dags/example_setup_teardown_taskflow.py for tasks to queue
[2025-02-26T01:44:45.131+0000] {logging_mixin.py:188} INFO - [2025-02-26T01:44:45.130+0000] {dagbag.py:540} INFO - Filling up the DagBag from /home/airflow/.local/lib/python3.12/site-packages/airflow/example_dags/example_setup_teardown_taskflow.py
[2025-02-26T01:44:45.149+0000] {processor.py:840} INFO - DAG(s) 'example_setup_teardown_taskflow' retrieved from /home/airflow/.local/lib/python3.12/site-packages/airflow/example_dags/example_setup_teardown_taskflow.py
[2025-02-26T01:44:45.190+0000] {logging_mixin.py:188} INFO - [2025-02-26T01:44:45.190+0000] {dag.py:3096} INFO - Sync 1 DAGs
[2025-02-26T01:44:45.225+0000] {logging_mixin.py:188} INFO - [2025-02-26T01:44:45.225+0000] {dag.py:3954} INFO - Setting next_dagrun for example_setup_teardown_taskflow to 2025-02-25 00:00:00+00:00, run_after=2025-02-26 00:00:00+00:00
[2025-02-26T01:44:45.253+0000] {processor.py:183} INFO - Processing /home/airflow/.local/lib/python3.12/site-packages/airflow/example_dags/example_setup_teardown_taskflow.py took 0.137 seconds
[2025-02-26T01:45:15.769+0000] {processor.py:161} INFO - Started process (PID=3127) to work on /home/airflow/.local/lib/python3.12/site-packages/airflow/example_dags/example_setup_teardown_taskflow.py
[2025-02-26T01:45:15.771+0000] {processor.py:830} INFO - Processing file /home/airflow/.local/lib/python3.12/site-packages/airflow/example_dags/example_setup_teardown_taskflow.py for tasks to queue
[2025-02-26T01:45:15.775+0000] {logging_mixin.py:188} INFO - [2025-02-26T01:45:15.774+0000] {dagbag.py:540} INFO - Filling up the DagBag from /home/airflow/.local/lib/python3.12/site-packages/airflow/example_dags/example_setup_teardown_taskflow.py
[2025-02-26T01:45:15.795+0000] {processor.py:840} INFO - DAG(s) 'example_setup_teardown_taskflow' retrieved from /home/airflow/.local/lib/python3.12/site-packages/airflow/example_dags/example_setup_teardown_taskflow.py
[2025-02-26T01:45:15.833+0000] {logging_mixin.py:188} INFO - [2025-02-26T01:45:15.833+0000] {dag.py:3096} INFO - Sync 1 DAGs
[2025-02-26T01:45:15.876+0000] {logging_mixin.py:188} INFO - [2025-02-26T01:45:15.876+0000] {dag.py:3954} INFO - Setting next_dagrun for example_setup_teardown_taskflow to 2025-02-25 00:00:00+00:00, run_after=2025-02-26 00:00:00+00:00
[2025-02-26T01:45:15.911+0000] {processor.py:183} INFO - Processing /home/airflow/.local/lib/python3.12/site-packages/airflow/example_dags/example_setup_teardown_taskflow.py took 0.152 seconds
[2025-02-26T01:45:46.340+0000] {processor.py:161} INFO - Started process (PID=3187) to work on /home/airflow/.local/lib/python3.12/site-packages/airflow/example_dags/example_setup_teardown_taskflow.py
[2025-02-26T01:45:46.341+0000] {processor.py:830} INFO - Processing file /home/airflow/.local/lib/python3.12/site-packages/airflow/example_dags/example_setup_teardown_taskflow.py for tasks to queue
[2025-02-26T01:45:46.345+0000] {logging_mixin.py:188} INFO - [2025-02-26T01:45:46.344+0000] {dagbag.py:540} INFO - Filling up the DagBag from /home/airflow/.local/lib/python3.12/site-packages/airflow/example_dags/example_setup_teardown_taskflow.py
[2025-02-26T01:45:46.366+0000] {processor.py:840} INFO - DAG(s) 'example_setup_teardown_taskflow' retrieved from /home/airflow/.local/lib/python3.12/site-packages/airflow/example_dags/example_setup_teardown_taskflow.py
[2025-02-26T01:45:46.394+0000] {logging_mixin.py:188} INFO - [2025-02-26T01:45:46.394+0000] {dag.py:3096} INFO - Sync 1 DAGs
[2025-02-26T01:45:46.434+0000] {logging_mixin.py:188} INFO - [2025-02-26T01:45:46.433+0000] {dag.py:3954} INFO - Setting next_dagrun for example_setup_teardown_taskflow to 2025-02-25 00:00:00+00:00, run_after=2025-02-26 00:00:00+00:00
[2025-02-26T01:45:46.464+0000] {processor.py:183} INFO - Processing /home/airflow/.local/lib/python3.12/site-packages/airflow/example_dags/example_setup_teardown_taskflow.py took 0.136 seconds
[2025-02-26T01:46:16.900+0000] {processor.py:161} INFO - Started process (PID=3247) to work on /home/airflow/.local/lib/python3.12/site-packages/airflow/example_dags/example_setup_teardown_taskflow.py
[2025-02-26T01:46:16.902+0000] {processor.py:830} INFO - Processing file /home/airflow/.local/lib/python3.12/site-packages/airflow/example_dags/example_setup_teardown_taskflow.py for tasks to queue
[2025-02-26T01:46:16.905+0000] {logging_mixin.py:188} INFO - [2025-02-26T01:46:16.904+0000] {dagbag.py:540} INFO - Filling up the DagBag from /home/airflow/.local/lib/python3.12/site-packages/airflow/example_dags/example_setup_teardown_taskflow.py
[2025-02-26T01:46:16.922+0000] {processor.py:840} INFO - DAG(s) 'example_setup_teardown_taskflow' retrieved from /home/airflow/.local/lib/python3.12/site-packages/airflow/example_dags/example_setup_teardown_taskflow.py
[2025-02-26T01:46:16.958+0000] {logging_mixin.py:188} INFO - [2025-02-26T01:46:16.957+0000] {dag.py:3096} INFO - Sync 1 DAGs
[2025-02-26T01:46:16.989+0000] {logging_mixin.py:188} INFO - [2025-02-26T01:46:16.989+0000] {dag.py:3954} INFO - Setting next_dagrun for example_setup_teardown_taskflow to 2025-02-25 00:00:00+00:00, run_after=2025-02-26 00:00:00+00:00
[2025-02-26T01:46:17.017+0000] {processor.py:183} INFO - Processing /home/airflow/.local/lib/python3.12/site-packages/airflow/example_dags/example_setup_teardown_taskflow.py took 0.128 seconds
[2025-02-26T01:46:47.872+0000] {processor.py:161} INFO - Started process (PID=3307) to work on /home/airflow/.local/lib/python3.12/site-packages/airflow/example_dags/example_setup_teardown_taskflow.py
[2025-02-26T01:46:47.874+0000] {processor.py:830} INFO - Processing file /home/airflow/.local/lib/python3.12/site-packages/airflow/example_dags/example_setup_teardown_taskflow.py for tasks to queue
[2025-02-26T01:46:47.877+0000] {logging_mixin.py:188} INFO - [2025-02-26T01:46:47.876+0000] {dagbag.py:540} INFO - Filling up the DagBag from /home/airflow/.local/lib/python3.12/site-packages/airflow/example_dags/example_setup_teardown_taskflow.py
[2025-02-26T01:46:47.892+0000] {processor.py:840} INFO - DAG(s) 'example_setup_teardown_taskflow' retrieved from /home/airflow/.local/lib/python3.12/site-packages/airflow/example_dags/example_setup_teardown_taskflow.py
[2025-02-26T01:46:47.922+0000] {logging_mixin.py:188} INFO - [2025-02-26T01:46:47.922+0000] {dag.py:3096} INFO - Sync 1 DAGs
[2025-02-26T01:46:47.948+0000] {logging_mixin.py:188} INFO - [2025-02-26T01:46:47.947+0000] {dag.py:3954} INFO - Setting next_dagrun for example_setup_teardown_taskflow to 2025-02-25 00:00:00+00:00, run_after=2025-02-26 00:00:00+00:00
[2025-02-26T01:46:47.967+0000] {processor.py:183} INFO - Processing /home/airflow/.local/lib/python3.12/site-packages/airflow/example_dags/example_setup_teardown_taskflow.py took 0.103 seconds
[2025-02-26T01:47:18.662+0000] {processor.py:161} INFO - Started process (PID=3366) to work on /home/airflow/.local/lib/python3.12/site-packages/airflow/example_dags/example_setup_teardown_taskflow.py
[2025-02-26T01:47:18.664+0000] {processor.py:830} INFO - Processing file /home/airflow/.local/lib/python3.12/site-packages/airflow/example_dags/example_setup_teardown_taskflow.py for tasks to queue
[2025-02-26T01:47:18.668+0000] {logging_mixin.py:188} INFO - [2025-02-26T01:47:18.667+0000] {dagbag.py:540} INFO - Filling up the DagBag from /home/airflow/.local/lib/python3.12/site-packages/airflow/example_dags/example_setup_teardown_taskflow.py
[2025-02-26T01:47:18.696+0000] {processor.py:840} INFO - DAG(s) 'example_setup_teardown_taskflow' retrieved from /home/airflow/.local/lib/python3.12/site-packages/airflow/example_dags/example_setup_teardown_taskflow.py
[2025-02-26T01:47:18.764+0000] {logging_mixin.py:188} INFO - [2025-02-26T01:47:18.764+0000] {dag.py:3096} INFO - Sync 1 DAGs
[2025-02-26T01:47:18.825+0000] {logging_mixin.py:188} INFO - [2025-02-26T01:47:18.825+0000] {dag.py:3954} INFO - Setting next_dagrun for example_setup_teardown_taskflow to 2025-02-25 00:00:00+00:00, run_after=2025-02-26 00:00:00+00:00
[2025-02-26T01:47:18.868+0000] {processor.py:183} INFO - Processing /home/airflow/.local/lib/python3.12/site-packages/airflow/example_dags/example_setup_teardown_taskflow.py took 0.222 seconds
[2025-02-26T01:47:49.355+0000] {processor.py:161} INFO - Started process (PID=3427) to work on /home/airflow/.local/lib/python3.12/site-packages/airflow/example_dags/example_setup_teardown_taskflow.py
[2025-02-26T01:47:49.356+0000] {processor.py:830} INFO - Processing file /home/airflow/.local/lib/python3.12/site-packages/airflow/example_dags/example_setup_teardown_taskflow.py for tasks to queue
[2025-02-26T01:47:49.358+0000] {logging_mixin.py:188} INFO - [2025-02-26T01:47:49.358+0000] {dagbag.py:540} INFO - Filling up the DagBag from /home/airflow/.local/lib/python3.12/site-packages/airflow/example_dags/example_setup_teardown_taskflow.py
[2025-02-26T01:47:49.370+0000] {processor.py:840} INFO - DAG(s) 'example_setup_teardown_taskflow' retrieved from /home/airflow/.local/lib/python3.12/site-packages/airflow/example_dags/example_setup_teardown_taskflow.py
[2025-02-26T01:47:49.394+0000] {logging_mixin.py:188} INFO - [2025-02-26T01:47:49.394+0000] {dag.py:3096} INFO - Sync 1 DAGs
[2025-02-26T01:47:49.418+0000] {logging_mixin.py:188} INFO - [2025-02-26T01:47:49.418+0000] {dag.py:3954} INFO - Setting next_dagrun for example_setup_teardown_taskflow to 2025-02-25 00:00:00+00:00, run_after=2025-02-26 00:00:00+00:00
[2025-02-26T01:47:49.443+0000] {processor.py:183} INFO - Processing /home/airflow/.local/lib/python3.12/site-packages/airflow/example_dags/example_setup_teardown_taskflow.py took 0.096 seconds
