[2025-02-26T01:14:30.242+0000] {processor.py:161} INFO - Started process (PID=90) to work on /home/airflow/.local/lib/python3.12/site-packages/airflow/example_dags/example_external_task_marker_dag.py
[2025-02-26T01:14:30.244+0000] {processor.py:830} INFO - Processing file /home/airflow/.local/lib/python3.12/site-packages/airflow/example_dags/example_external_task_marker_dag.py for tasks to queue
[2025-02-26T01:14:30.246+0000] {logging_mixin.py:188} INFO - [2025-02-26T01:14:30.246+0000] {dagbag.py:540} INFO - Filling up the DagBag from /home/airflow/.local/lib/python3.12/site-packages/airflow/example_dags/example_external_task_marker_dag.py
[2025-02-26T01:14:30.442+0000] {processor.py:840} INFO - DAG(s) 'example_external_task_marker_parent', 'example_external_task_marker_child' retrieved from /home/airflow/.local/lib/python3.12/site-packages/airflow/example_dags/example_external_task_marker_dag.py
[2025-02-26T01:14:30.262+0000] {logging_mixin.py:188} INFO - [2025-02-26T01:14:30.261+0000] {dag.py:3096} INFO - Sync 2 DAGs
[2025-02-26T01:14:30.277+0000] {logging_mixin.py:188} INFO - [2025-02-26T01:14:30.277+0000] {dag.py:3954} INFO - Setting next_dagrun for example_external_task_marker_child to None, run_after=None
[2025-02-26T01:14:30.282+0000] {logging_mixin.py:188} INFO - [2025-02-26T01:14:30.282+0000] {dag.py:3954} INFO - Setting next_dagrun for example_external_task_marker_parent to None, run_after=None
[2025-02-26T01:14:30.517+0000] {processor.py:183} INFO - Processing /home/airflow/.local/lib/python3.12/site-packages/airflow/example_dags/example_external_task_marker_dag.py took 0.693 seconds
[2025-02-26T01:19:12.730+0000] {processor.py:161} INFO - Started process (PID=79) to work on /home/airflow/.local/lib/python3.12/site-packages/airflow/example_dags/example_external_task_marker_dag.py
[2025-02-26T01:19:12.736+0000] {processor.py:830} INFO - Processing file /home/airflow/.local/lib/python3.12/site-packages/airflow/example_dags/example_external_task_marker_dag.py for tasks to queue
[2025-02-26T01:19:12.740+0000] {logging_mixin.py:188} INFO - [2025-02-26T01:19:12.740+0000] {dagbag.py:540} INFO - Filling up the DagBag from /home/airflow/.local/lib/python3.12/site-packages/airflow/example_dags/example_external_task_marker_dag.py
[2025-02-26T01:19:12.756+0000] {processor.py:840} INFO - DAG(s) 'example_external_task_marker_child', 'example_external_task_marker_parent' retrieved from /home/airflow/.local/lib/python3.12/site-packages/airflow/example_dags/example_external_task_marker_dag.py
[2025-02-26T01:19:12.806+0000] {logging_mixin.py:188} INFO - [2025-02-26T01:19:12.805+0000] {dag.py:3096} INFO - Sync 2 DAGs
[2025-02-26T01:19:12.829+0000] {logging_mixin.py:188} INFO - [2025-02-26T01:19:12.829+0000] {dag.py:3954} INFO - Setting next_dagrun for example_external_task_marker_child to None, run_after=None
[2025-02-26T01:19:12.834+0000] {logging_mixin.py:188} INFO - [2025-02-26T01:19:12.833+0000] {dag.py:3954} INFO - Setting next_dagrun for example_external_task_marker_parent to None, run_after=None
[2025-02-26T01:19:12.928+0000] {processor.py:183} INFO - Processing /home/airflow/.local/lib/python3.12/site-packages/airflow/example_dags/example_external_task_marker_dag.py took 0.212 seconds
[2025-02-26T01:19:43.655+0000] {processor.py:161} INFO - Started process (PID=133) to work on /home/airflow/.local/lib/python3.12/site-packages/airflow/example_dags/example_external_task_marker_dag.py
[2025-02-26T01:19:43.656+0000] {processor.py:830} INFO - Processing file /home/airflow/.local/lib/python3.12/site-packages/airflow/example_dags/example_external_task_marker_dag.py for tasks to queue
[2025-02-26T01:19:43.659+0000] {logging_mixin.py:188} INFO - [2025-02-26T01:19:43.658+0000] {dagbag.py:540} INFO - Filling up the DagBag from /home/airflow/.local/lib/python3.12/site-packages/airflow/example_dags/example_external_task_marker_dag.py
[2025-02-26T01:19:43.666+0000] {processor.py:840} INFO - DAG(s) 'example_external_task_marker_child', 'example_external_task_marker_parent' retrieved from /home/airflow/.local/lib/python3.12/site-packages/airflow/example_dags/example_external_task_marker_dag.py
[2025-02-26T01:19:43.696+0000] {logging_mixin.py:188} INFO - [2025-02-26T01:19:43.696+0000] {dag.py:3096} INFO - Sync 2 DAGs
[2025-02-26T01:19:43.712+0000] {logging_mixin.py:188} INFO - [2025-02-26T01:19:43.712+0000] {dag.py:3954} INFO - Setting next_dagrun for example_external_task_marker_child to None, run_after=None
[2025-02-26T01:19:43.717+0000] {logging_mixin.py:188} INFO - [2025-02-26T01:19:43.716+0000] {dag.py:3954} INFO - Setting next_dagrun for example_external_task_marker_parent to None, run_after=None
[2025-02-26T01:19:43.735+0000] {processor.py:183} INFO - Processing /home/airflow/.local/lib/python3.12/site-packages/airflow/example_dags/example_external_task_marker_dag.py took 0.088 seconds
[2025-02-26T01:20:13.975+0000] {processor.py:161} INFO - Started process (PID=199) to work on /home/airflow/.local/lib/python3.12/site-packages/airflow/example_dags/example_external_task_marker_dag.py
[2025-02-26T01:20:13.976+0000] {processor.py:830} INFO - Processing file /home/airflow/.local/lib/python3.12/site-packages/airflow/example_dags/example_external_task_marker_dag.py for tasks to queue
[2025-02-26T01:20:13.978+0000] {logging_mixin.py:188} INFO - [2025-02-26T01:20:13.978+0000] {dagbag.py:540} INFO - Filling up the DagBag from /home/airflow/.local/lib/python3.12/site-packages/airflow/example_dags/example_external_task_marker_dag.py
[2025-02-26T01:20:13.985+0000] {processor.py:840} INFO - DAG(s) 'example_external_task_marker_child', 'example_external_task_marker_parent' retrieved from /home/airflow/.local/lib/python3.12/site-packages/airflow/example_dags/example_external_task_marker_dag.py
[2025-02-26T01:20:14.012+0000] {logging_mixin.py:188} INFO - [2025-02-26T01:20:14.012+0000] {dag.py:3096} INFO - Sync 2 DAGs
[2025-02-26T01:20:14.027+0000] {logging_mixin.py:188} INFO - [2025-02-26T01:20:14.026+0000] {dag.py:3954} INFO - Setting next_dagrun for example_external_task_marker_child to None, run_after=None
[2025-02-26T01:20:14.031+0000] {logging_mixin.py:188} INFO - [2025-02-26T01:20:14.031+0000] {dag.py:3954} INFO - Setting next_dagrun for example_external_task_marker_parent to None, run_after=None
[2025-02-26T01:20:14.055+0000] {processor.py:183} INFO - Processing /home/airflow/.local/lib/python3.12/site-packages/airflow/example_dags/example_external_task_marker_dag.py took 0.087 seconds
[2025-02-26T01:20:44.922+0000] {processor.py:161} INFO - Started process (PID=259) to work on /home/airflow/.local/lib/python3.12/site-packages/airflow/example_dags/example_external_task_marker_dag.py
[2025-02-26T01:20:44.923+0000] {processor.py:830} INFO - Processing file /home/airflow/.local/lib/python3.12/site-packages/airflow/example_dags/example_external_task_marker_dag.py for tasks to queue
[2025-02-26T01:20:44.927+0000] {logging_mixin.py:188} INFO - [2025-02-26T01:20:44.926+0000] {dagbag.py:540} INFO - Filling up the DagBag from /home/airflow/.local/lib/python3.12/site-packages/airflow/example_dags/example_external_task_marker_dag.py
[2025-02-26T01:20:44.951+0000] {processor.py:840} INFO - DAG(s) 'example_external_task_marker_child', 'example_external_task_marker_parent' retrieved from /home/airflow/.local/lib/python3.12/site-packages/airflow/example_dags/example_external_task_marker_dag.py
[2025-02-26T01:20:45.031+0000] {logging_mixin.py:188} INFO - [2025-02-26T01:20:45.030+0000] {dag.py:3096} INFO - Sync 2 DAGs
[2025-02-26T01:20:45.080+0000] {logging_mixin.py:188} INFO - [2025-02-26T01:20:45.080+0000] {dag.py:3954} INFO - Setting next_dagrun for example_external_task_marker_child to None, run_after=None
[2025-02-26T01:20:45.088+0000] {logging_mixin.py:188} INFO - [2025-02-26T01:20:45.088+0000] {dag.py:3954} INFO - Setting next_dagrun for example_external_task_marker_parent to None, run_after=None
[2025-02-26T01:20:45.132+0000] {processor.py:183} INFO - Processing /home/airflow/.local/lib/python3.12/site-packages/airflow/example_dags/example_external_task_marker_dag.py took 0.223 seconds
[2025-02-26T01:21:22.283+0000] {processor.py:161} INFO - Started process (PID=319) to work on /home/airflow/.local/lib/python3.12/site-packages/airflow/example_dags/example_external_task_marker_dag.py
[2025-02-26T01:21:22.284+0000] {processor.py:830} INFO - Processing file /home/airflow/.local/lib/python3.12/site-packages/airflow/example_dags/example_external_task_marker_dag.py for tasks to queue
[2025-02-26T01:21:22.287+0000] {logging_mixin.py:188} INFO - [2025-02-26T01:21:22.286+0000] {dagbag.py:540} INFO - Filling up the DagBag from /home/airflow/.local/lib/python3.12/site-packages/airflow/example_dags/example_external_task_marker_dag.py
[2025-02-26T01:21:22.295+0000] {processor.py:840} INFO - DAG(s) 'example_external_task_marker_parent', 'example_external_task_marker_child' retrieved from /home/airflow/.local/lib/python3.12/site-packages/airflow/example_dags/example_external_task_marker_dag.py
[2025-02-26T01:21:22.326+0000] {logging_mixin.py:188} INFO - [2025-02-26T01:21:22.325+0000] {dag.py:3096} INFO - Sync 2 DAGs
[2025-02-26T01:21:22.352+0000] {logging_mixin.py:188} INFO - [2025-02-26T01:21:22.352+0000] {dag.py:3954} INFO - Setting next_dagrun for example_external_task_marker_child to None, run_after=None
[2025-02-26T01:21:22.358+0000] {logging_mixin.py:188} INFO - [2025-02-26T01:21:22.358+0000] {dag.py:3954} INFO - Setting next_dagrun for example_external_task_marker_parent to None, run_after=None
[2025-02-26T01:21:22.402+0000] {processor.py:183} INFO - Processing /home/airflow/.local/lib/python3.12/site-packages/airflow/example_dags/example_external_task_marker_dag.py took 0.126 seconds
[2025-02-26T01:21:55.845+0000] {processor.py:161} INFO - Started process (PID=379) to work on /home/airflow/.local/lib/python3.12/site-packages/airflow/example_dags/example_external_task_marker_dag.py
[2025-02-26T01:21:55.866+0000] {processor.py:830} INFO - Processing file /home/airflow/.local/lib/python3.12/site-packages/airflow/example_dags/example_external_task_marker_dag.py for tasks to queue
[2025-02-26T01:21:55.870+0000] {logging_mixin.py:188} INFO - [2025-02-26T01:21:55.869+0000] {dagbag.py:540} INFO - Filling up the DagBag from /home/airflow/.local/lib/python3.12/site-packages/airflow/example_dags/example_external_task_marker_dag.py
[2025-02-26T01:21:55.876+0000] {processor.py:840} INFO - DAG(s) 'example_external_task_marker_parent', 'example_external_task_marker_child' retrieved from /home/airflow/.local/lib/python3.12/site-packages/airflow/example_dags/example_external_task_marker_dag.py
[2025-02-26T01:21:55.901+0000] {logging_mixin.py:188} INFO - [2025-02-26T01:21:55.901+0000] {dag.py:3096} INFO - Sync 2 DAGs
[2025-02-26T01:21:55.915+0000] {logging_mixin.py:188} INFO - [2025-02-26T01:21:55.915+0000] {dag.py:3954} INFO - Setting next_dagrun for example_external_task_marker_child to None, run_after=None
[2025-02-26T01:21:55.920+0000] {logging_mixin.py:188} INFO - [2025-02-26T01:21:55.920+0000] {dag.py:3954} INFO - Setting next_dagrun for example_external_task_marker_parent to None, run_after=None
[2025-02-26T01:21:55.972+0000] {processor.py:183} INFO - Processing /home/airflow/.local/lib/python3.12/site-packages/airflow/example_dags/example_external_task_marker_dag.py took 0.134 seconds
[2025-02-26T01:22:26.601+0000] {processor.py:161} INFO - Started process (PID=439) to work on /home/airflow/.local/lib/python3.12/site-packages/airflow/example_dags/example_external_task_marker_dag.py
[2025-02-26T01:22:26.603+0000] {processor.py:830} INFO - Processing file /home/airflow/.local/lib/python3.12/site-packages/airflow/example_dags/example_external_task_marker_dag.py for tasks to queue
[2025-02-26T01:22:26.605+0000] {logging_mixin.py:188} INFO - [2025-02-26T01:22:26.605+0000] {dagbag.py:540} INFO - Filling up the DagBag from /home/airflow/.local/lib/python3.12/site-packages/airflow/example_dags/example_external_task_marker_dag.py
[2025-02-26T01:22:26.612+0000] {processor.py:840} INFO - DAG(s) 'example_external_task_marker_parent', 'example_external_task_marker_child' retrieved from /home/airflow/.local/lib/python3.12/site-packages/airflow/example_dags/example_external_task_marker_dag.py
[2025-02-26T01:22:26.639+0000] {logging_mixin.py:188} INFO - [2025-02-26T01:22:26.638+0000] {dag.py:3096} INFO - Sync 2 DAGs
[2025-02-26T01:22:26.655+0000] {logging_mixin.py:188} INFO - [2025-02-26T01:22:26.655+0000] {dag.py:3954} INFO - Setting next_dagrun for example_external_task_marker_child to None, run_after=None
[2025-02-26T01:22:26.660+0000] {logging_mixin.py:188} INFO - [2025-02-26T01:22:26.660+0000] {dag.py:3954} INFO - Setting next_dagrun for example_external_task_marker_parent to None, run_after=None
[2025-02-26T01:22:26.679+0000] {processor.py:183} INFO - Processing /home/airflow/.local/lib/python3.12/site-packages/airflow/example_dags/example_external_task_marker_dag.py took 0.084 seconds
[2025-02-26T01:22:56.825+0000] {processor.py:161} INFO - Started process (PID=499) to work on /home/airflow/.local/lib/python3.12/site-packages/airflow/example_dags/example_external_task_marker_dag.py
[2025-02-26T01:22:56.826+0000] {processor.py:830} INFO - Processing file /home/airflow/.local/lib/python3.12/site-packages/airflow/example_dags/example_external_task_marker_dag.py for tasks to queue
[2025-02-26T01:22:56.829+0000] {logging_mixin.py:188} INFO - [2025-02-26T01:22:56.828+0000] {dagbag.py:540} INFO - Filling up the DagBag from /home/airflow/.local/lib/python3.12/site-packages/airflow/example_dags/example_external_task_marker_dag.py
[2025-02-26T01:22:56.835+0000] {processor.py:840} INFO - DAG(s) 'example_external_task_marker_parent', 'example_external_task_marker_child' retrieved from /home/airflow/.local/lib/python3.12/site-packages/airflow/example_dags/example_external_task_marker_dag.py
[2025-02-26T01:22:56.862+0000] {logging_mixin.py:188} INFO - [2025-02-26T01:22:56.861+0000] {dag.py:3096} INFO - Sync 2 DAGs
[2025-02-26T01:22:56.877+0000] {logging_mixin.py:188} INFO - [2025-02-26T01:22:56.877+0000] {dag.py:3954} INFO - Setting next_dagrun for example_external_task_marker_child to None, run_after=None
[2025-02-26T01:22:56.881+0000] {logging_mixin.py:188} INFO - [2025-02-26T01:22:56.881+0000] {dag.py:3954} INFO - Setting next_dagrun for example_external_task_marker_parent to None, run_after=None
[2025-02-26T01:22:56.900+0000] {processor.py:183} INFO - Processing /home/airflow/.local/lib/python3.12/site-packages/airflow/example_dags/example_external_task_marker_dag.py took 0.081 seconds
[2025-02-26T01:23:26.997+0000] {processor.py:161} INFO - Started process (PID=558) to work on /home/airflow/.local/lib/python3.12/site-packages/airflow/example_dags/example_external_task_marker_dag.py
[2025-02-26T01:23:26.999+0000] {processor.py:830} INFO - Processing file /home/airflow/.local/lib/python3.12/site-packages/airflow/example_dags/example_external_task_marker_dag.py for tasks to queue
[2025-02-26T01:23:27.001+0000] {logging_mixin.py:188} INFO - [2025-02-26T01:23:27.001+0000] {dagbag.py:540} INFO - Filling up the DagBag from /home/airflow/.local/lib/python3.12/site-packages/airflow/example_dags/example_external_task_marker_dag.py
[2025-02-26T01:23:27.008+0000] {processor.py:840} INFO - DAG(s) 'example_external_task_marker_child', 'example_external_task_marker_parent' retrieved from /home/airflow/.local/lib/python3.12/site-packages/airflow/example_dags/example_external_task_marker_dag.py
[2025-02-26T01:23:27.035+0000] {logging_mixin.py:188} INFO - [2025-02-26T01:23:27.035+0000] {dag.py:3096} INFO - Sync 2 DAGs
[2025-02-26T01:23:27.050+0000] {logging_mixin.py:188} INFO - [2025-02-26T01:23:27.050+0000] {dag.py:3954} INFO - Setting next_dagrun for example_external_task_marker_child to None, run_after=None
[2025-02-26T01:23:27.055+0000] {logging_mixin.py:188} INFO - [2025-02-26T01:23:27.055+0000] {dag.py:3954} INFO - Setting next_dagrun for example_external_task_marker_parent to None, run_after=None
[2025-02-26T01:23:27.076+0000] {processor.py:183} INFO - Processing /home/airflow/.local/lib/python3.12/site-packages/airflow/example_dags/example_external_task_marker_dag.py took 0.086 seconds
[2025-02-26T01:23:58.094+0000] {processor.py:161} INFO - Started process (PID=618) to work on /home/airflow/.local/lib/python3.12/site-packages/airflow/example_dags/example_external_task_marker_dag.py
[2025-02-26T01:23:58.095+0000] {processor.py:830} INFO - Processing file /home/airflow/.local/lib/python3.12/site-packages/airflow/example_dags/example_external_task_marker_dag.py for tasks to queue
[2025-02-26T01:23:58.097+0000] {logging_mixin.py:188} INFO - [2025-02-26T01:23:58.097+0000] {dagbag.py:540} INFO - Filling up the DagBag from /home/airflow/.local/lib/python3.12/site-packages/airflow/example_dags/example_external_task_marker_dag.py
[2025-02-26T01:23:58.106+0000] {processor.py:840} INFO - DAG(s) 'example_external_task_marker_parent', 'example_external_task_marker_child' retrieved from /home/airflow/.local/lib/python3.12/site-packages/airflow/example_dags/example_external_task_marker_dag.py
[2025-02-26T01:23:58.139+0000] {logging_mixin.py:188} INFO - [2025-02-26T01:23:58.139+0000] {dag.py:3096} INFO - Sync 2 DAGs
[2025-02-26T01:23:58.154+0000] {logging_mixin.py:188} INFO - [2025-02-26T01:23:58.154+0000] {dag.py:3954} INFO - Setting next_dagrun for example_external_task_marker_child to None, run_after=None
[2025-02-26T01:23:58.158+0000] {logging_mixin.py:188} INFO - [2025-02-26T01:23:58.158+0000] {dag.py:3954} INFO - Setting next_dagrun for example_external_task_marker_parent to None, run_after=None
[2025-02-26T01:23:58.177+0000] {processor.py:183} INFO - Processing /home/airflow/.local/lib/python3.12/site-packages/airflow/example_dags/example_external_task_marker_dag.py took 0.089 seconds
[2025-02-26T01:24:28.512+0000] {processor.py:161} INFO - Started process (PID=678) to work on /home/airflow/.local/lib/python3.12/site-packages/airflow/example_dags/example_external_task_marker_dag.py
[2025-02-26T01:24:28.513+0000] {processor.py:830} INFO - Processing file /home/airflow/.local/lib/python3.12/site-packages/airflow/example_dags/example_external_task_marker_dag.py for tasks to queue
[2025-02-26T01:24:28.516+0000] {logging_mixin.py:188} INFO - [2025-02-26T01:24:28.515+0000] {dagbag.py:540} INFO - Filling up the DagBag from /home/airflow/.local/lib/python3.12/site-packages/airflow/example_dags/example_external_task_marker_dag.py
[2025-02-26T01:24:28.523+0000] {processor.py:840} INFO - DAG(s) 'example_external_task_marker_parent', 'example_external_task_marker_child' retrieved from /home/airflow/.local/lib/python3.12/site-packages/airflow/example_dags/example_external_task_marker_dag.py
[2025-02-26T01:24:28.548+0000] {logging_mixin.py:188} INFO - [2025-02-26T01:24:28.548+0000] {dag.py:3096} INFO - Sync 2 DAGs
[2025-02-26T01:24:28.565+0000] {logging_mixin.py:188} INFO - [2025-02-26T01:24:28.565+0000] {dag.py:3954} INFO - Setting next_dagrun for example_external_task_marker_child to None, run_after=None
[2025-02-26T01:24:28.569+0000] {logging_mixin.py:188} INFO - [2025-02-26T01:24:28.569+0000] {dag.py:3954} INFO - Setting next_dagrun for example_external_task_marker_parent to None, run_after=None
[2025-02-26T01:24:28.589+0000] {processor.py:183} INFO - Processing /home/airflow/.local/lib/python3.12/site-packages/airflow/example_dags/example_external_task_marker_dag.py took 0.084 seconds
[2025-02-26T01:24:59.870+0000] {processor.py:161} INFO - Started process (PID=738) to work on /home/airflow/.local/lib/python3.12/site-packages/airflow/example_dags/example_external_task_marker_dag.py
[2025-02-26T01:24:59.871+0000] {processor.py:830} INFO - Processing file /home/airflow/.local/lib/python3.12/site-packages/airflow/example_dags/example_external_task_marker_dag.py for tasks to queue
[2025-02-26T01:24:59.873+0000] {logging_mixin.py:188} INFO - [2025-02-26T01:24:59.873+0000] {dagbag.py:540} INFO - Filling up the DagBag from /home/airflow/.local/lib/python3.12/site-packages/airflow/example_dags/example_external_task_marker_dag.py
[2025-02-26T01:24:59.886+0000] {processor.py:840} INFO - DAG(s) 'example_external_task_marker_parent', 'example_external_task_marker_child' retrieved from /home/airflow/.local/lib/python3.12/site-packages/airflow/example_dags/example_external_task_marker_dag.py
[2025-02-26T01:24:59.934+0000] {logging_mixin.py:188} INFO - [2025-02-26T01:24:59.934+0000] {dag.py:3096} INFO - Sync 2 DAGs
[2025-02-26T01:24:59.954+0000] {logging_mixin.py:188} INFO - [2025-02-26T01:24:59.954+0000] {dag.py:3954} INFO - Setting next_dagrun for example_external_task_marker_child to None, run_after=None
[2025-02-26T01:24:59.961+0000] {logging_mixin.py:188} INFO - [2025-02-26T01:24:59.961+0000] {dag.py:3954} INFO - Setting next_dagrun for example_external_task_marker_parent to None, run_after=None
[2025-02-26T01:24:59.986+0000] {processor.py:183} INFO - Processing /home/airflow/.local/lib/python3.12/site-packages/airflow/example_dags/example_external_task_marker_dag.py took 0.128 seconds
[2025-02-26T01:25:30.283+0000] {processor.py:161} INFO - Started process (PID=798) to work on /home/airflow/.local/lib/python3.12/site-packages/airflow/example_dags/example_external_task_marker_dag.py
[2025-02-26T01:25:30.284+0000] {processor.py:830} INFO - Processing file /home/airflow/.local/lib/python3.12/site-packages/airflow/example_dags/example_external_task_marker_dag.py for tasks to queue
[2025-02-26T01:25:30.287+0000] {logging_mixin.py:188} INFO - [2025-02-26T01:25:30.286+0000] {dagbag.py:540} INFO - Filling up the DagBag from /home/airflow/.local/lib/python3.12/site-packages/airflow/example_dags/example_external_task_marker_dag.py
[2025-02-26T01:25:30.294+0000] {processor.py:840} INFO - DAG(s) 'example_external_task_marker_child', 'example_external_task_marker_parent' retrieved from /home/airflow/.local/lib/python3.12/site-packages/airflow/example_dags/example_external_task_marker_dag.py
[2025-02-26T01:25:30.322+0000] {logging_mixin.py:188} INFO - [2025-02-26T01:25:30.321+0000] {dag.py:3096} INFO - Sync 2 DAGs
[2025-02-26T01:25:30.335+0000] {logging_mixin.py:188} INFO - [2025-02-26T01:25:30.335+0000] {dag.py:3954} INFO - Setting next_dagrun for example_external_task_marker_child to None, run_after=None
[2025-02-26T01:25:30.340+0000] {logging_mixin.py:188} INFO - [2025-02-26T01:25:30.339+0000] {dag.py:3954} INFO - Setting next_dagrun for example_external_task_marker_parent to None, run_after=None
[2025-02-26T01:25:30.360+0000] {processor.py:183} INFO - Processing /home/airflow/.local/lib/python3.12/site-packages/airflow/example_dags/example_external_task_marker_dag.py took 0.084 seconds
[2025-02-26T01:26:00.537+0000] {processor.py:161} INFO - Started process (PID=856) to work on /home/airflow/.local/lib/python3.12/site-packages/airflow/example_dags/example_external_task_marker_dag.py
[2025-02-26T01:26:00.538+0000] {processor.py:830} INFO - Processing file /home/airflow/.local/lib/python3.12/site-packages/airflow/example_dags/example_external_task_marker_dag.py for tasks to queue
[2025-02-26T01:26:00.541+0000] {logging_mixin.py:188} INFO - [2025-02-26T01:26:00.540+0000] {dagbag.py:540} INFO - Filling up the DagBag from /home/airflow/.local/lib/python3.12/site-packages/airflow/example_dags/example_external_task_marker_dag.py
[2025-02-26T01:26:00.548+0000] {processor.py:840} INFO - DAG(s) 'example_external_task_marker_child', 'example_external_task_marker_parent' retrieved from /home/airflow/.local/lib/python3.12/site-packages/airflow/example_dags/example_external_task_marker_dag.py
[2025-02-26T01:26:00.576+0000] {logging_mixin.py:188} INFO - [2025-02-26T01:26:00.576+0000] {dag.py:3096} INFO - Sync 2 DAGs
[2025-02-26T01:26:00.596+0000] {logging_mixin.py:188} INFO - [2025-02-26T01:26:00.596+0000] {dag.py:3954} INFO - Setting next_dagrun for example_external_task_marker_child to None, run_after=None
[2025-02-26T01:26:00.603+0000] {logging_mixin.py:188} INFO - [2025-02-26T01:26:00.602+0000] {dag.py:3954} INFO - Setting next_dagrun for example_external_task_marker_parent to None, run_after=None
[2025-02-26T01:26:00.628+0000] {processor.py:183} INFO - Processing /home/airflow/.local/lib/python3.12/site-packages/airflow/example_dags/example_external_task_marker_dag.py took 0.097 seconds
[2025-02-26T01:26:31.306+0000] {processor.py:161} INFO - Started process (PID=916) to work on /home/airflow/.local/lib/python3.12/site-packages/airflow/example_dags/example_external_task_marker_dag.py
[2025-02-26T01:26:31.309+0000] {processor.py:830} INFO - Processing file /home/airflow/.local/lib/python3.12/site-packages/airflow/example_dags/example_external_task_marker_dag.py for tasks to queue
[2025-02-26T01:26:31.313+0000] {logging_mixin.py:188} INFO - [2025-02-26T01:26:31.312+0000] {dagbag.py:540} INFO - Filling up the DagBag from /home/airflow/.local/lib/python3.12/site-packages/airflow/example_dags/example_external_task_marker_dag.py
[2025-02-26T01:26:31.325+0000] {processor.py:840} INFO - DAG(s) 'example_external_task_marker_parent', 'example_external_task_marker_child' retrieved from /home/airflow/.local/lib/python3.12/site-packages/airflow/example_dags/example_external_task_marker_dag.py
[2025-02-26T01:26:31.390+0000] {logging_mixin.py:188} INFO - [2025-02-26T01:26:31.389+0000] {dag.py:3096} INFO - Sync 2 DAGs
[2025-02-26T01:26:31.422+0000] {logging_mixin.py:188} INFO - [2025-02-26T01:26:31.422+0000] {dag.py:3954} INFO - Setting next_dagrun for example_external_task_marker_child to None, run_after=None
[2025-02-26T01:26:31.433+0000] {logging_mixin.py:188} INFO - [2025-02-26T01:26:31.432+0000] {dag.py:3954} INFO - Setting next_dagrun for example_external_task_marker_parent to None, run_after=None
[2025-02-26T01:26:31.477+0000] {processor.py:183} INFO - Processing /home/airflow/.local/lib/python3.12/site-packages/airflow/example_dags/example_external_task_marker_dag.py took 0.183 seconds
[2025-02-26T01:27:01.597+0000] {processor.py:161} INFO - Started process (PID=976) to work on /home/airflow/.local/lib/python3.12/site-packages/airflow/example_dags/example_external_task_marker_dag.py
[2025-02-26T01:27:01.598+0000] {processor.py:830} INFO - Processing file /home/airflow/.local/lib/python3.12/site-packages/airflow/example_dags/example_external_task_marker_dag.py for tasks to queue
[2025-02-26T01:27:01.600+0000] {logging_mixin.py:188} INFO - [2025-02-26T01:27:01.600+0000] {dagbag.py:540} INFO - Filling up the DagBag from /home/airflow/.local/lib/python3.12/site-packages/airflow/example_dags/example_external_task_marker_dag.py
[2025-02-26T01:27:01.608+0000] {processor.py:840} INFO - DAG(s) 'example_external_task_marker_child', 'example_external_task_marker_parent' retrieved from /home/airflow/.local/lib/python3.12/site-packages/airflow/example_dags/example_external_task_marker_dag.py
[2025-02-26T01:27:01.632+0000] {logging_mixin.py:188} INFO - [2025-02-26T01:27:01.632+0000] {dag.py:3096} INFO - Sync 2 DAGs
[2025-02-26T01:27:01.647+0000] {logging_mixin.py:188} INFO - [2025-02-26T01:27:01.646+0000] {dag.py:3954} INFO - Setting next_dagrun for example_external_task_marker_child to None, run_after=None
[2025-02-26T01:27:01.651+0000] {logging_mixin.py:188} INFO - [2025-02-26T01:27:01.651+0000] {dag.py:3954} INFO - Setting next_dagrun for example_external_task_marker_parent to None, run_after=None
[2025-02-26T01:27:01.670+0000] {processor.py:183} INFO - Processing /home/airflow/.local/lib/python3.12/site-packages/airflow/example_dags/example_external_task_marker_dag.py took 0.082 seconds
[2025-02-26T01:27:31.789+0000] {processor.py:161} INFO - Started process (PID=1036) to work on /home/airflow/.local/lib/python3.12/site-packages/airflow/example_dags/example_external_task_marker_dag.py
[2025-02-26T01:27:31.791+0000] {processor.py:830} INFO - Processing file /home/airflow/.local/lib/python3.12/site-packages/airflow/example_dags/example_external_task_marker_dag.py for tasks to queue
[2025-02-26T01:27:31.794+0000] {logging_mixin.py:188} INFO - [2025-02-26T01:27:31.794+0000] {dagbag.py:540} INFO - Filling up the DagBag from /home/airflow/.local/lib/python3.12/site-packages/airflow/example_dags/example_external_task_marker_dag.py
[2025-02-26T01:27:31.807+0000] {processor.py:840} INFO - DAG(s) 'example_external_task_marker_child', 'example_external_task_marker_parent' retrieved from /home/airflow/.local/lib/python3.12/site-packages/airflow/example_dags/example_external_task_marker_dag.py
[2025-02-26T01:27:31.847+0000] {logging_mixin.py:188} INFO - [2025-02-26T01:27:31.847+0000] {dag.py:3096} INFO - Sync 2 DAGs
[2025-02-26T01:27:31.866+0000] {logging_mixin.py:188} INFO - [2025-02-26T01:27:31.866+0000] {dag.py:3954} INFO - Setting next_dagrun for example_external_task_marker_child to None, run_after=None
[2025-02-26T01:27:31.870+0000] {logging_mixin.py:188} INFO - [2025-02-26T01:27:31.870+0000] {dag.py:3954} INFO - Setting next_dagrun for example_external_task_marker_parent to None, run_after=None
[2025-02-26T01:27:31.891+0000] {processor.py:183} INFO - Processing /home/airflow/.local/lib/python3.12/site-packages/airflow/example_dags/example_external_task_marker_dag.py took 0.111 seconds
[2025-02-26T01:28:02.599+0000] {processor.py:161} INFO - Started process (PID=1096) to work on /home/airflow/.local/lib/python3.12/site-packages/airflow/example_dags/example_external_task_marker_dag.py
[2025-02-26T01:28:02.600+0000] {processor.py:830} INFO - Processing file /home/airflow/.local/lib/python3.12/site-packages/airflow/example_dags/example_external_task_marker_dag.py for tasks to queue
[2025-02-26T01:28:02.604+0000] {logging_mixin.py:188} INFO - [2025-02-26T01:28:02.603+0000] {dagbag.py:540} INFO - Filling up the DagBag from /home/airflow/.local/lib/python3.12/site-packages/airflow/example_dags/example_external_task_marker_dag.py
[2025-02-26T01:28:02.613+0000] {processor.py:840} INFO - DAG(s) 'example_external_task_marker_child', 'example_external_task_marker_parent' retrieved from /home/airflow/.local/lib/python3.12/site-packages/airflow/example_dags/example_external_task_marker_dag.py
[2025-02-26T01:28:02.657+0000] {logging_mixin.py:188} INFO - [2025-02-26T01:28:02.657+0000] {dag.py:3096} INFO - Sync 2 DAGs
[2025-02-26T01:28:02.682+0000] {logging_mixin.py:188} INFO - [2025-02-26T01:28:02.682+0000] {dag.py:3954} INFO - Setting next_dagrun for example_external_task_marker_child to None, run_after=None
[2025-02-26T01:28:02.688+0000] {logging_mixin.py:188} INFO - [2025-02-26T01:28:02.688+0000] {dag.py:3954} INFO - Setting next_dagrun for example_external_task_marker_parent to None, run_after=None
[2025-02-26T01:28:02.711+0000] {processor.py:183} INFO - Processing /home/airflow/.local/lib/python3.12/site-packages/airflow/example_dags/example_external_task_marker_dag.py took 0.123 seconds
[2025-02-26T01:28:33.612+0000] {processor.py:161} INFO - Started process (PID=1156) to work on /home/airflow/.local/lib/python3.12/site-packages/airflow/example_dags/example_external_task_marker_dag.py
[2025-02-26T01:28:33.613+0000] {processor.py:830} INFO - Processing file /home/airflow/.local/lib/python3.12/site-packages/airflow/example_dags/example_external_task_marker_dag.py for tasks to queue
[2025-02-26T01:28:33.615+0000] {logging_mixin.py:188} INFO - [2025-02-26T01:28:33.615+0000] {dagbag.py:540} INFO - Filling up the DagBag from /home/airflow/.local/lib/python3.12/site-packages/airflow/example_dags/example_external_task_marker_dag.py
[2025-02-26T01:28:33.621+0000] {processor.py:840} INFO - DAG(s) 'example_external_task_marker_parent', 'example_external_task_marker_child' retrieved from /home/airflow/.local/lib/python3.12/site-packages/airflow/example_dags/example_external_task_marker_dag.py
[2025-02-26T01:28:33.646+0000] {logging_mixin.py:188} INFO - [2025-02-26T01:28:33.645+0000] {dag.py:3096} INFO - Sync 2 DAGs
[2025-02-26T01:28:33.660+0000] {logging_mixin.py:188} INFO - [2025-02-26T01:28:33.659+0000] {dag.py:3954} INFO - Setting next_dagrun for example_external_task_marker_child to None, run_after=None
[2025-02-26T01:28:33.664+0000] {logging_mixin.py:188} INFO - [2025-02-26T01:28:33.664+0000] {dag.py:3954} INFO - Setting next_dagrun for example_external_task_marker_parent to None, run_after=None
[2025-02-26T01:28:33.684+0000] {processor.py:183} INFO - Processing /home/airflow/.local/lib/python3.12/site-packages/airflow/example_dags/example_external_task_marker_dag.py took 0.078 seconds
[2025-02-26T01:29:03.917+0000] {processor.py:161} INFO - Started process (PID=1216) to work on /home/airflow/.local/lib/python3.12/site-packages/airflow/example_dags/example_external_task_marker_dag.py
[2025-02-26T01:29:03.918+0000] {processor.py:830} INFO - Processing file /home/airflow/.local/lib/python3.12/site-packages/airflow/example_dags/example_external_task_marker_dag.py for tasks to queue
[2025-02-26T01:29:03.920+0000] {logging_mixin.py:188} INFO - [2025-02-26T01:29:03.920+0000] {dagbag.py:540} INFO - Filling up the DagBag from /home/airflow/.local/lib/python3.12/site-packages/airflow/example_dags/example_external_task_marker_dag.py
[2025-02-26T01:29:03.928+0000] {processor.py:840} INFO - DAG(s) 'example_external_task_marker_child', 'example_external_task_marker_parent' retrieved from /home/airflow/.local/lib/python3.12/site-packages/airflow/example_dags/example_external_task_marker_dag.py
[2025-02-26T01:29:03.954+0000] {logging_mixin.py:188} INFO - [2025-02-26T01:29:03.954+0000] {dag.py:3096} INFO - Sync 2 DAGs
[2025-02-26T01:29:03.970+0000] {logging_mixin.py:188} INFO - [2025-02-26T01:29:03.970+0000] {dag.py:3954} INFO - Setting next_dagrun for example_external_task_marker_child to None, run_after=None
[2025-02-26T01:29:03.975+0000] {logging_mixin.py:188} INFO - [2025-02-26T01:29:03.975+0000] {dag.py:3954} INFO - Setting next_dagrun for example_external_task_marker_parent to None, run_after=None
[2025-02-26T01:29:04.001+0000] {processor.py:183} INFO - Processing /home/airflow/.local/lib/python3.12/site-packages/airflow/example_dags/example_external_task_marker_dag.py took 0.091 seconds
[2025-02-26T01:29:34.236+0000] {processor.py:161} INFO - Started process (PID=1276) to work on /home/airflow/.local/lib/python3.12/site-packages/airflow/example_dags/example_external_task_marker_dag.py
[2025-02-26T01:29:34.237+0000] {processor.py:830} INFO - Processing file /home/airflow/.local/lib/python3.12/site-packages/airflow/example_dags/example_external_task_marker_dag.py for tasks to queue
[2025-02-26T01:29:34.242+0000] {logging_mixin.py:188} INFO - [2025-02-26T01:29:34.241+0000] {dagbag.py:540} INFO - Filling up the DagBag from /home/airflow/.local/lib/python3.12/site-packages/airflow/example_dags/example_external_task_marker_dag.py
[2025-02-26T01:29:34.249+0000] {processor.py:840} INFO - DAG(s) 'example_external_task_marker_parent', 'example_external_task_marker_child' retrieved from /home/airflow/.local/lib/python3.12/site-packages/airflow/example_dags/example_external_task_marker_dag.py
[2025-02-26T01:29:34.300+0000] {logging_mixin.py:188} INFO - [2025-02-26T01:29:34.300+0000] {dag.py:3096} INFO - Sync 2 DAGs
[2025-02-26T01:29:34.342+0000] {logging_mixin.py:188} INFO - [2025-02-26T01:29:34.342+0000] {dag.py:3954} INFO - Setting next_dagrun for example_external_task_marker_child to None, run_after=None
[2025-02-26T01:29:34.347+0000] {logging_mixin.py:188} INFO - [2025-02-26T01:29:34.347+0000] {dag.py:3954} INFO - Setting next_dagrun for example_external_task_marker_parent to None, run_after=None
[2025-02-26T01:29:34.372+0000] {processor.py:183} INFO - Processing /home/airflow/.local/lib/python3.12/site-packages/airflow/example_dags/example_external_task_marker_dag.py took 0.144 seconds
[2025-02-26T01:30:04.586+0000] {processor.py:161} INFO - Started process (PID=1336) to work on /home/airflow/.local/lib/python3.12/site-packages/airflow/example_dags/example_external_task_marker_dag.py
[2025-02-26T01:30:04.588+0000] {processor.py:830} INFO - Processing file /home/airflow/.local/lib/python3.12/site-packages/airflow/example_dags/example_external_task_marker_dag.py for tasks to queue
[2025-02-26T01:30:04.597+0000] {logging_mixin.py:188} INFO - [2025-02-26T01:30:04.596+0000] {dagbag.py:540} INFO - Filling up the DagBag from /home/airflow/.local/lib/python3.12/site-packages/airflow/example_dags/example_external_task_marker_dag.py
[2025-02-26T01:30:04.616+0000] {processor.py:840} INFO - DAG(s) 'example_external_task_marker_parent', 'example_external_task_marker_child' retrieved from /home/airflow/.local/lib/python3.12/site-packages/airflow/example_dags/example_external_task_marker_dag.py
[2025-02-26T01:30:04.667+0000] {logging_mixin.py:188} INFO - [2025-02-26T01:30:04.666+0000] {dag.py:3096} INFO - Sync 2 DAGs
[2025-02-26T01:30:04.696+0000] {logging_mixin.py:188} INFO - [2025-02-26T01:30:04.695+0000] {dag.py:3954} INFO - Setting next_dagrun for example_external_task_marker_child to None, run_after=None
[2025-02-26T01:30:04.703+0000] {logging_mixin.py:188} INFO - [2025-02-26T01:30:04.702+0000] {dag.py:3954} INFO - Setting next_dagrun for example_external_task_marker_parent to None, run_after=None
[2025-02-26T01:30:04.736+0000] {processor.py:183} INFO - Processing /home/airflow/.local/lib/python3.12/site-packages/airflow/example_dags/example_external_task_marker_dag.py took 0.160 seconds
[2025-02-26T01:30:35.616+0000] {processor.py:161} INFO - Started process (PID=1401) to work on /home/airflow/.local/lib/python3.12/site-packages/airflow/example_dags/example_external_task_marker_dag.py
[2025-02-26T01:30:35.618+0000] {processor.py:830} INFO - Processing file /home/airflow/.local/lib/python3.12/site-packages/airflow/example_dags/example_external_task_marker_dag.py for tasks to queue
[2025-02-26T01:30:35.622+0000] {logging_mixin.py:188} INFO - [2025-02-26T01:30:35.621+0000] {dagbag.py:540} INFO - Filling up the DagBag from /home/airflow/.local/lib/python3.12/site-packages/airflow/example_dags/example_external_task_marker_dag.py
[2025-02-26T01:30:35.638+0000] {processor.py:840} INFO - DAG(s) 'example_external_task_marker_child', 'example_external_task_marker_parent' retrieved from /home/airflow/.local/lib/python3.12/site-packages/airflow/example_dags/example_external_task_marker_dag.py
[2025-02-26T01:30:35.677+0000] {logging_mixin.py:188} INFO - [2025-02-26T01:30:35.676+0000] {dag.py:3096} INFO - Sync 2 DAGs
[2025-02-26T01:30:35.712+0000] {logging_mixin.py:188} INFO - [2025-02-26T01:30:35.712+0000] {dag.py:3954} INFO - Setting next_dagrun for example_external_task_marker_child to None, run_after=None
[2025-02-26T01:30:35.721+0000] {logging_mixin.py:188} INFO - [2025-02-26T01:30:35.721+0000] {dag.py:3954} INFO - Setting next_dagrun for example_external_task_marker_parent to None, run_after=None
[2025-02-26T01:30:35.754+0000] {processor.py:183} INFO - Processing /home/airflow/.local/lib/python3.12/site-packages/airflow/example_dags/example_external_task_marker_dag.py took 0.148 seconds
[2025-02-26T01:31:06.157+0000] {processor.py:161} INFO - Started process (PID=1461) to work on /home/airflow/.local/lib/python3.12/site-packages/airflow/example_dags/example_external_task_marker_dag.py
[2025-02-26T01:31:06.158+0000] {processor.py:830} INFO - Processing file /home/airflow/.local/lib/python3.12/site-packages/airflow/example_dags/example_external_task_marker_dag.py for tasks to queue
[2025-02-26T01:31:06.160+0000] {logging_mixin.py:188} INFO - [2025-02-26T01:31:06.160+0000] {dagbag.py:540} INFO - Filling up the DagBag from /home/airflow/.local/lib/python3.12/site-packages/airflow/example_dags/example_external_task_marker_dag.py
[2025-02-26T01:31:06.168+0000] {processor.py:840} INFO - DAG(s) 'example_external_task_marker_child', 'example_external_task_marker_parent' retrieved from /home/airflow/.local/lib/python3.12/site-packages/airflow/example_dags/example_external_task_marker_dag.py
[2025-02-26T01:31:06.197+0000] {logging_mixin.py:188} INFO - [2025-02-26T01:31:06.197+0000] {dag.py:3096} INFO - Sync 2 DAGs
[2025-02-26T01:31:06.217+0000] {logging_mixin.py:188} INFO - [2025-02-26T01:31:06.217+0000] {dag.py:3954} INFO - Setting next_dagrun for example_external_task_marker_child to None, run_after=None
[2025-02-26T01:31:06.227+0000] {logging_mixin.py:188} INFO - [2025-02-26T01:31:06.226+0000] {dag.py:3954} INFO - Setting next_dagrun for example_external_task_marker_parent to None, run_after=None
[2025-02-26T01:31:06.408+0000] {processor.py:183} INFO - Processing /home/airflow/.local/lib/python3.12/site-packages/airflow/example_dags/example_external_task_marker_dag.py took 0.259 seconds
[2025-02-26T01:31:37.338+0000] {processor.py:161} INFO - Started process (PID=1521) to work on /home/airflow/.local/lib/python3.12/site-packages/airflow/example_dags/example_external_task_marker_dag.py
[2025-02-26T01:31:37.340+0000] {processor.py:830} INFO - Processing file /home/airflow/.local/lib/python3.12/site-packages/airflow/example_dags/example_external_task_marker_dag.py for tasks to queue
[2025-02-26T01:31:37.342+0000] {logging_mixin.py:188} INFO - [2025-02-26T01:31:37.342+0000] {dagbag.py:540} INFO - Filling up the DagBag from /home/airflow/.local/lib/python3.12/site-packages/airflow/example_dags/example_external_task_marker_dag.py
[2025-02-26T01:31:37.349+0000] {processor.py:840} INFO - DAG(s) 'example_external_task_marker_parent', 'example_external_task_marker_child' retrieved from /home/airflow/.local/lib/python3.12/site-packages/airflow/example_dags/example_external_task_marker_dag.py
[2025-02-26T01:31:37.383+0000] {logging_mixin.py:188} INFO - [2025-02-26T01:31:37.382+0000] {dag.py:3096} INFO - Sync 2 DAGs
[2025-02-26T01:31:37.406+0000] {logging_mixin.py:188} INFO - [2025-02-26T01:31:37.405+0000] {dag.py:3954} INFO - Setting next_dagrun for example_external_task_marker_child to None, run_after=None
[2025-02-26T01:31:37.410+0000] {logging_mixin.py:188} INFO - [2025-02-26T01:31:37.410+0000] {dag.py:3954} INFO - Setting next_dagrun for example_external_task_marker_parent to None, run_after=None
[2025-02-26T01:31:37.446+0000] {processor.py:183} INFO - Processing /home/airflow/.local/lib/python3.12/site-packages/airflow/example_dags/example_external_task_marker_dag.py took 0.114 seconds
[2025-02-26T01:32:07.696+0000] {processor.py:161} INFO - Started process (PID=1581) to work on /home/airflow/.local/lib/python3.12/site-packages/airflow/example_dags/example_external_task_marker_dag.py
[2025-02-26T01:32:07.697+0000] {processor.py:830} INFO - Processing file /home/airflow/.local/lib/python3.12/site-packages/airflow/example_dags/example_external_task_marker_dag.py for tasks to queue
[2025-02-26T01:32:07.699+0000] {logging_mixin.py:188} INFO - [2025-02-26T01:32:07.699+0000] {dagbag.py:540} INFO - Filling up the DagBag from /home/airflow/.local/lib/python3.12/site-packages/airflow/example_dags/example_external_task_marker_dag.py
[2025-02-26T01:32:07.706+0000] {processor.py:840} INFO - DAG(s) 'example_external_task_marker_child', 'example_external_task_marker_parent' retrieved from /home/airflow/.local/lib/python3.12/site-packages/airflow/example_dags/example_external_task_marker_dag.py
[2025-02-26T01:32:07.736+0000] {logging_mixin.py:188} INFO - [2025-02-26T01:32:07.736+0000] {dag.py:3096} INFO - Sync 2 DAGs
[2025-02-26T01:32:07.750+0000] {logging_mixin.py:188} INFO - [2025-02-26T01:32:07.750+0000] {dag.py:3954} INFO - Setting next_dagrun for example_external_task_marker_child to None, run_after=None
[2025-02-26T01:32:07.755+0000] {logging_mixin.py:188} INFO - [2025-02-26T01:32:07.754+0000] {dag.py:3954} INFO - Setting next_dagrun for example_external_task_marker_parent to None, run_after=None
[2025-02-26T01:32:07.782+0000] {processor.py:183} INFO - Processing /home/airflow/.local/lib/python3.12/site-packages/airflow/example_dags/example_external_task_marker_dag.py took 0.094 seconds
[2025-02-26T01:32:39.566+0000] {processor.py:161} INFO - Started process (PID=1642) to work on /home/airflow/.local/lib/python3.12/site-packages/airflow/example_dags/example_external_task_marker_dag.py
[2025-02-26T01:32:39.570+0000] {processor.py:830} INFO - Processing file /home/airflow/.local/lib/python3.12/site-packages/airflow/example_dags/example_external_task_marker_dag.py for tasks to queue
[2025-02-26T01:32:39.576+0000] {logging_mixin.py:188} INFO - [2025-02-26T01:32:39.575+0000] {dagbag.py:540} INFO - Filling up the DagBag from /home/airflow/.local/lib/python3.12/site-packages/airflow/example_dags/example_external_task_marker_dag.py
[2025-02-26T01:32:39.604+0000] {processor.py:840} INFO - DAG(s) 'example_external_task_marker_child', 'example_external_task_marker_parent' retrieved from /home/airflow/.local/lib/python3.12/site-packages/airflow/example_dags/example_external_task_marker_dag.py
[2025-02-26T01:32:39.704+0000] {logging_mixin.py:188} INFO - [2025-02-26T01:32:39.703+0000] {dag.py:3096} INFO - Sync 2 DAGs
[2025-02-26T01:32:39.788+0000] {logging_mixin.py:188} INFO - [2025-02-26T01:32:39.787+0000] {dag.py:3954} INFO - Setting next_dagrun for example_external_task_marker_child to None, run_after=None
[2025-02-26T01:32:39.808+0000] {logging_mixin.py:188} INFO - [2025-02-26T01:32:39.807+0000] {dag.py:3954} INFO - Setting next_dagrun for example_external_task_marker_parent to None, run_after=None
[2025-02-26T01:32:39.876+0000] {processor.py:183} INFO - Processing /home/airflow/.local/lib/python3.12/site-packages/airflow/example_dags/example_external_task_marker_dag.py took 0.342 seconds
[2025-02-26T01:33:10.818+0000] {processor.py:161} INFO - Started process (PID=1702) to work on /home/airflow/.local/lib/python3.12/site-packages/airflow/example_dags/example_external_task_marker_dag.py
[2025-02-26T01:33:10.819+0000] {processor.py:830} INFO - Processing file /home/airflow/.local/lib/python3.12/site-packages/airflow/example_dags/example_external_task_marker_dag.py for tasks to queue
[2025-02-26T01:33:10.821+0000] {logging_mixin.py:188} INFO - [2025-02-26T01:33:10.821+0000] {dagbag.py:540} INFO - Filling up the DagBag from /home/airflow/.local/lib/python3.12/site-packages/airflow/example_dags/example_external_task_marker_dag.py
[2025-02-26T01:33:10.828+0000] {processor.py:840} INFO - DAG(s) 'example_external_task_marker_child', 'example_external_task_marker_parent' retrieved from /home/airflow/.local/lib/python3.12/site-packages/airflow/example_dags/example_external_task_marker_dag.py
[2025-02-26T01:33:10.854+0000] {logging_mixin.py:188} INFO - [2025-02-26T01:33:10.854+0000] {dag.py:3096} INFO - Sync 2 DAGs
[2025-02-26T01:33:10.868+0000] {logging_mixin.py:188} INFO - [2025-02-26T01:33:10.868+0000] {dag.py:3954} INFO - Setting next_dagrun for example_external_task_marker_child to None, run_after=None
[2025-02-26T01:33:10.872+0000] {logging_mixin.py:188} INFO - [2025-02-26T01:33:10.872+0000] {dag.py:3954} INFO - Setting next_dagrun for example_external_task_marker_parent to None, run_after=None
[2025-02-26T01:33:10.891+0000] {processor.py:183} INFO - Processing /home/airflow/.local/lib/python3.12/site-packages/airflow/example_dags/example_external_task_marker_dag.py took 0.079 seconds
[2025-02-26T01:33:41.534+0000] {processor.py:161} INFO - Started process (PID=1763) to work on /home/airflow/.local/lib/python3.12/site-packages/airflow/example_dags/example_external_task_marker_dag.py
[2025-02-26T01:33:41.535+0000] {processor.py:830} INFO - Processing file /home/airflow/.local/lib/python3.12/site-packages/airflow/example_dags/example_external_task_marker_dag.py for tasks to queue
[2025-02-26T01:33:41.538+0000] {logging_mixin.py:188} INFO - [2025-02-26T01:33:41.538+0000] {dagbag.py:540} INFO - Filling up the DagBag from /home/airflow/.local/lib/python3.12/site-packages/airflow/example_dags/example_external_task_marker_dag.py
[2025-02-26T01:33:41.547+0000] {processor.py:840} INFO - DAG(s) 'example_external_task_marker_parent', 'example_external_task_marker_child' retrieved from /home/airflow/.local/lib/python3.12/site-packages/airflow/example_dags/example_external_task_marker_dag.py
[2025-02-26T01:33:41.581+0000] {logging_mixin.py:188} INFO - [2025-02-26T01:33:41.581+0000] {dag.py:3096} INFO - Sync 2 DAGs
[2025-02-26T01:33:41.600+0000] {logging_mixin.py:188} INFO - [2025-02-26T01:33:41.599+0000] {dag.py:3954} INFO - Setting next_dagrun for example_external_task_marker_child to None, run_after=None
[2025-02-26T01:33:41.606+0000] {logging_mixin.py:188} INFO - [2025-02-26T01:33:41.605+0000] {dag.py:3954} INFO - Setting next_dagrun for example_external_task_marker_parent to None, run_after=None
[2025-02-26T01:33:41.629+0000] {processor.py:183} INFO - Processing /home/airflow/.local/lib/python3.12/site-packages/airflow/example_dags/example_external_task_marker_dag.py took 0.103 seconds
[2025-02-26T01:34:11.832+0000] {processor.py:161} INFO - Started process (PID=1823) to work on /home/airflow/.local/lib/python3.12/site-packages/airflow/example_dags/example_external_task_marker_dag.py
[2025-02-26T01:34:11.833+0000] {processor.py:830} INFO - Processing file /home/airflow/.local/lib/python3.12/site-packages/airflow/example_dags/example_external_task_marker_dag.py for tasks to queue
[2025-02-26T01:34:11.836+0000] {logging_mixin.py:188} INFO - [2025-02-26T01:34:11.836+0000] {dagbag.py:540} INFO - Filling up the DagBag from /home/airflow/.local/lib/python3.12/site-packages/airflow/example_dags/example_external_task_marker_dag.py
[2025-02-26T01:34:11.845+0000] {processor.py:840} INFO - DAG(s) 'example_external_task_marker_parent', 'example_external_task_marker_child' retrieved from /home/airflow/.local/lib/python3.12/site-packages/airflow/example_dags/example_external_task_marker_dag.py
[2025-02-26T01:34:11.874+0000] {logging_mixin.py:188} INFO - [2025-02-26T01:34:11.874+0000] {dag.py:3096} INFO - Sync 2 DAGs
[2025-02-26T01:34:11.890+0000] {logging_mixin.py:188} INFO - [2025-02-26T01:34:11.890+0000] {dag.py:3954} INFO - Setting next_dagrun for example_external_task_marker_child to None, run_after=None
[2025-02-26T01:34:11.896+0000] {logging_mixin.py:188} INFO - [2025-02-26T01:34:11.896+0000] {dag.py:3954} INFO - Setting next_dagrun for example_external_task_marker_parent to None, run_after=None
[2025-02-26T01:34:11.928+0000] {processor.py:183} INFO - Processing /home/airflow/.local/lib/python3.12/site-packages/airflow/example_dags/example_external_task_marker_dag.py took 0.103 seconds
[2025-02-26T01:34:42.200+0000] {processor.py:161} INFO - Started process (PID=1883) to work on /home/airflow/.local/lib/python3.12/site-packages/airflow/example_dags/example_external_task_marker_dag.py
[2025-02-26T01:34:42.201+0000] {processor.py:830} INFO - Processing file /home/airflow/.local/lib/python3.12/site-packages/airflow/example_dags/example_external_task_marker_dag.py for tasks to queue
[2025-02-26T01:34:42.204+0000] {logging_mixin.py:188} INFO - [2025-02-26T01:34:42.203+0000] {dagbag.py:540} INFO - Filling up the DagBag from /home/airflow/.local/lib/python3.12/site-packages/airflow/example_dags/example_external_task_marker_dag.py
[2025-02-26T01:34:42.215+0000] {processor.py:840} INFO - DAG(s) 'example_external_task_marker_child', 'example_external_task_marker_parent' retrieved from /home/airflow/.local/lib/python3.12/site-packages/airflow/example_dags/example_external_task_marker_dag.py
[2025-02-26T01:34:42.242+0000] {logging_mixin.py:188} INFO - [2025-02-26T01:34:42.242+0000] {dag.py:3096} INFO - Sync 2 DAGs
[2025-02-26T01:34:42.263+0000] {logging_mixin.py:188} INFO - [2025-02-26T01:34:42.262+0000] {dag.py:3954} INFO - Setting next_dagrun for example_external_task_marker_child to None, run_after=None
[2025-02-26T01:34:42.268+0000] {logging_mixin.py:188} INFO - [2025-02-26T01:34:42.267+0000] {dag.py:3954} INFO - Setting next_dagrun for example_external_task_marker_parent to None, run_after=None
[2025-02-26T01:34:42.291+0000] {processor.py:183} INFO - Processing /home/airflow/.local/lib/python3.12/site-packages/airflow/example_dags/example_external_task_marker_dag.py took 0.100 seconds
[2025-02-26T01:35:12.472+0000] {processor.py:161} INFO - Started process (PID=1943) to work on /home/airflow/.local/lib/python3.12/site-packages/airflow/example_dags/example_external_task_marker_dag.py
[2025-02-26T01:35:12.473+0000] {processor.py:830} INFO - Processing file /home/airflow/.local/lib/python3.12/site-packages/airflow/example_dags/example_external_task_marker_dag.py for tasks to queue
[2025-02-26T01:35:12.475+0000] {logging_mixin.py:188} INFO - [2025-02-26T01:35:12.475+0000] {dagbag.py:540} INFO - Filling up the DagBag from /home/airflow/.local/lib/python3.12/site-packages/airflow/example_dags/example_external_task_marker_dag.py
[2025-02-26T01:35:12.483+0000] {processor.py:840} INFO - DAG(s) 'example_external_task_marker_parent', 'example_external_task_marker_child' retrieved from /home/airflow/.local/lib/python3.12/site-packages/airflow/example_dags/example_external_task_marker_dag.py
[2025-02-26T01:35:12.513+0000] {logging_mixin.py:188} INFO - [2025-02-26T01:35:12.513+0000] {dag.py:3096} INFO - Sync 2 DAGs
[2025-02-26T01:35:12.530+0000] {logging_mixin.py:188} INFO - [2025-02-26T01:35:12.529+0000] {dag.py:3954} INFO - Setting next_dagrun for example_external_task_marker_child to None, run_after=None
[2025-02-26T01:35:12.534+0000] {logging_mixin.py:188} INFO - [2025-02-26T01:35:12.534+0000] {dag.py:3954} INFO - Setting next_dagrun for example_external_task_marker_parent to None, run_after=None
[2025-02-26T01:35:12.554+0000] {processor.py:183} INFO - Processing /home/airflow/.local/lib/python3.12/site-packages/airflow/example_dags/example_external_task_marker_dag.py took 0.089 seconds
[2025-02-26T01:35:42.725+0000] {processor.py:161} INFO - Started process (PID=2003) to work on /home/airflow/.local/lib/python3.12/site-packages/airflow/example_dags/example_external_task_marker_dag.py
[2025-02-26T01:35:42.727+0000] {processor.py:830} INFO - Processing file /home/airflow/.local/lib/python3.12/site-packages/airflow/example_dags/example_external_task_marker_dag.py for tasks to queue
[2025-02-26T01:35:42.730+0000] {logging_mixin.py:188} INFO - [2025-02-26T01:35:42.730+0000] {dagbag.py:540} INFO - Filling up the DagBag from /home/airflow/.local/lib/python3.12/site-packages/airflow/example_dags/example_external_task_marker_dag.py
[2025-02-26T01:35:42.741+0000] {processor.py:840} INFO - DAG(s) 'example_external_task_marker_parent', 'example_external_task_marker_child' retrieved from /home/airflow/.local/lib/python3.12/site-packages/airflow/example_dags/example_external_task_marker_dag.py
[2025-02-26T01:35:42.773+0000] {logging_mixin.py:188} INFO - [2025-02-26T01:35:42.772+0000] {dag.py:3096} INFO - Sync 2 DAGs
[2025-02-26T01:35:42.794+0000] {logging_mixin.py:188} INFO - [2025-02-26T01:35:42.794+0000] {dag.py:3954} INFO - Setting next_dagrun for example_external_task_marker_child to None, run_after=None
[2025-02-26T01:35:42.801+0000] {logging_mixin.py:188} INFO - [2025-02-26T01:35:42.801+0000] {dag.py:3954} INFO - Setting next_dagrun for example_external_task_marker_parent to None, run_after=None
[2025-02-26T01:35:42.823+0000] {processor.py:183} INFO - Processing /home/airflow/.local/lib/python3.12/site-packages/airflow/example_dags/example_external_task_marker_dag.py took 0.109 seconds
[2025-02-26T01:36:13.719+0000] {processor.py:161} INFO - Started process (PID=2063) to work on /home/airflow/.local/lib/python3.12/site-packages/airflow/example_dags/example_external_task_marker_dag.py
[2025-02-26T01:36:13.720+0000] {processor.py:830} INFO - Processing file /home/airflow/.local/lib/python3.12/site-packages/airflow/example_dags/example_external_task_marker_dag.py for tasks to queue
[2025-02-26T01:36:13.723+0000] {logging_mixin.py:188} INFO - [2025-02-26T01:36:13.722+0000] {dagbag.py:540} INFO - Filling up the DagBag from /home/airflow/.local/lib/python3.12/site-packages/airflow/example_dags/example_external_task_marker_dag.py
[2025-02-26T01:36:13.731+0000] {processor.py:840} INFO - DAG(s) 'example_external_task_marker_parent', 'example_external_task_marker_child' retrieved from /home/airflow/.local/lib/python3.12/site-packages/airflow/example_dags/example_external_task_marker_dag.py
[2025-02-26T01:36:13.765+0000] {logging_mixin.py:188} INFO - [2025-02-26T01:36:13.765+0000] {dag.py:3096} INFO - Sync 2 DAGs
[2025-02-26T01:36:13.784+0000] {logging_mixin.py:188} INFO - [2025-02-26T01:36:13.784+0000] {dag.py:3954} INFO - Setting next_dagrun for example_external_task_marker_child to None, run_after=None
[2025-02-26T01:36:13.790+0000] {logging_mixin.py:188} INFO - [2025-02-26T01:36:13.790+0000] {dag.py:3954} INFO - Setting next_dagrun for example_external_task_marker_parent to None, run_after=None
[2025-02-26T01:36:13.822+0000] {processor.py:183} INFO - Processing /home/airflow/.local/lib/python3.12/site-packages/airflow/example_dags/example_external_task_marker_dag.py took 0.112 seconds
[2025-02-26T01:36:44.723+0000] {processor.py:161} INFO - Started process (PID=2123) to work on /home/airflow/.local/lib/python3.12/site-packages/airflow/example_dags/example_external_task_marker_dag.py
[2025-02-26T01:36:44.724+0000] {processor.py:830} INFO - Processing file /home/airflow/.local/lib/python3.12/site-packages/airflow/example_dags/example_external_task_marker_dag.py for tasks to queue
[2025-02-26T01:36:44.726+0000] {logging_mixin.py:188} INFO - [2025-02-26T01:36:44.726+0000] {dagbag.py:540} INFO - Filling up the DagBag from /home/airflow/.local/lib/python3.12/site-packages/airflow/example_dags/example_external_task_marker_dag.py
[2025-02-26T01:36:44.734+0000] {processor.py:840} INFO - DAG(s) 'example_external_task_marker_child', 'example_external_task_marker_parent' retrieved from /home/airflow/.local/lib/python3.12/site-packages/airflow/example_dags/example_external_task_marker_dag.py
[2025-02-26T01:36:44.765+0000] {logging_mixin.py:188} INFO - [2025-02-26T01:36:44.765+0000] {dag.py:3096} INFO - Sync 2 DAGs
[2025-02-26T01:36:44.782+0000] {logging_mixin.py:188} INFO - [2025-02-26T01:36:44.782+0000] {dag.py:3954} INFO - Setting next_dagrun for example_external_task_marker_child to None, run_after=None
[2025-02-26T01:36:44.786+0000] {logging_mixin.py:188} INFO - [2025-02-26T01:36:44.786+0000] {dag.py:3954} INFO - Setting next_dagrun for example_external_task_marker_parent to None, run_after=None
[2025-02-26T01:36:44.806+0000] {processor.py:183} INFO - Processing /home/airflow/.local/lib/python3.12/site-packages/airflow/example_dags/example_external_task_marker_dag.py took 0.101 seconds
[2025-02-26T01:37:15.778+0000] {processor.py:161} INFO - Started process (PID=2189) to work on /home/airflow/.local/lib/python3.12/site-packages/airflow/example_dags/example_external_task_marker_dag.py
[2025-02-26T01:37:15.780+0000] {processor.py:830} INFO - Processing file /home/airflow/.local/lib/python3.12/site-packages/airflow/example_dags/example_external_task_marker_dag.py for tasks to queue
[2025-02-26T01:37:15.785+0000] {logging_mixin.py:188} INFO - [2025-02-26T01:37:15.784+0000] {dagbag.py:540} INFO - Filling up the DagBag from /home/airflow/.local/lib/python3.12/site-packages/airflow/example_dags/example_external_task_marker_dag.py
[2025-02-26T01:37:15.795+0000] {processor.py:840} INFO - DAG(s) 'example_external_task_marker_child', 'example_external_task_marker_parent' retrieved from /home/airflow/.local/lib/python3.12/site-packages/airflow/example_dags/example_external_task_marker_dag.py
[2025-02-26T01:37:15.825+0000] {logging_mixin.py:188} INFO - [2025-02-26T01:37:15.825+0000] {dag.py:3096} INFO - Sync 2 DAGs
[2025-02-26T01:37:15.840+0000] {logging_mixin.py:188} INFO - [2025-02-26T01:37:15.839+0000] {dag.py:3954} INFO - Setting next_dagrun for example_external_task_marker_child to None, run_after=None
[2025-02-26T01:37:15.844+0000] {logging_mixin.py:188} INFO - [2025-02-26T01:37:15.844+0000] {dag.py:3954} INFO - Setting next_dagrun for example_external_task_marker_parent to None, run_after=None
[2025-02-26T01:37:15.864+0000] {processor.py:183} INFO - Processing /home/airflow/.local/lib/python3.12/site-packages/airflow/example_dags/example_external_task_marker_dag.py took 0.095 seconds
[2025-02-26T01:37:46.186+0000] {processor.py:161} INFO - Started process (PID=2249) to work on /home/airflow/.local/lib/python3.12/site-packages/airflow/example_dags/example_external_task_marker_dag.py
[2025-02-26T01:37:46.187+0000] {processor.py:830} INFO - Processing file /home/airflow/.local/lib/python3.12/site-packages/airflow/example_dags/example_external_task_marker_dag.py for tasks to queue
[2025-02-26T01:37:46.190+0000] {logging_mixin.py:188} INFO - [2025-02-26T01:37:46.189+0000] {dagbag.py:540} INFO - Filling up the DagBag from /home/airflow/.local/lib/python3.12/site-packages/airflow/example_dags/example_external_task_marker_dag.py
[2025-02-26T01:37:46.197+0000] {processor.py:840} INFO - DAG(s) 'example_external_task_marker_child', 'example_external_task_marker_parent' retrieved from /home/airflow/.local/lib/python3.12/site-packages/airflow/example_dags/example_external_task_marker_dag.py
[2025-02-26T01:37:46.223+0000] {logging_mixin.py:188} INFO - [2025-02-26T01:37:46.222+0000] {dag.py:3096} INFO - Sync 2 DAGs
[2025-02-26T01:37:46.240+0000] {logging_mixin.py:188} INFO - [2025-02-26T01:37:46.239+0000] {dag.py:3954} INFO - Setting next_dagrun for example_external_task_marker_child to None, run_after=None
[2025-02-26T01:37:46.245+0000] {logging_mixin.py:188} INFO - [2025-02-26T01:37:46.245+0000] {dag.py:3954} INFO - Setting next_dagrun for example_external_task_marker_parent to None, run_after=None
[2025-02-26T01:37:46.266+0000] {processor.py:183} INFO - Processing /home/airflow/.local/lib/python3.12/site-packages/airflow/example_dags/example_external_task_marker_dag.py took 0.086 seconds
[2025-02-26T01:38:16.603+0000] {processor.py:161} INFO - Started process (PID=2309) to work on /home/airflow/.local/lib/python3.12/site-packages/airflow/example_dags/example_external_task_marker_dag.py
[2025-02-26T01:38:16.604+0000] {processor.py:830} INFO - Processing file /home/airflow/.local/lib/python3.12/site-packages/airflow/example_dags/example_external_task_marker_dag.py for tasks to queue
[2025-02-26T01:38:16.607+0000] {logging_mixin.py:188} INFO - [2025-02-26T01:38:16.606+0000] {dagbag.py:540} INFO - Filling up the DagBag from /home/airflow/.local/lib/python3.12/site-packages/airflow/example_dags/example_external_task_marker_dag.py
[2025-02-26T01:38:16.614+0000] {processor.py:840} INFO - DAG(s) 'example_external_task_marker_child', 'example_external_task_marker_parent' retrieved from /home/airflow/.local/lib/python3.12/site-packages/airflow/example_dags/example_external_task_marker_dag.py
[2025-02-26T01:38:16.639+0000] {logging_mixin.py:188} INFO - [2025-02-26T01:38:16.639+0000] {dag.py:3096} INFO - Sync 2 DAGs
[2025-02-26T01:38:16.652+0000] {logging_mixin.py:188} INFO - [2025-02-26T01:38:16.652+0000] {dag.py:3954} INFO - Setting next_dagrun for example_external_task_marker_child to None, run_after=None
[2025-02-26T01:38:16.657+0000] {logging_mixin.py:188} INFO - [2025-02-26T01:38:16.657+0000] {dag.py:3954} INFO - Setting next_dagrun for example_external_task_marker_parent to None, run_after=None
[2025-02-26T01:38:16.677+0000] {processor.py:183} INFO - Processing /home/airflow/.local/lib/python3.12/site-packages/airflow/example_dags/example_external_task_marker_dag.py took 0.082 seconds
[2025-02-26T01:38:47.182+0000] {processor.py:161} INFO - Started process (PID=2369) to work on /home/airflow/.local/lib/python3.12/site-packages/airflow/example_dags/example_external_task_marker_dag.py
[2025-02-26T01:38:47.184+0000] {processor.py:830} INFO - Processing file /home/airflow/.local/lib/python3.12/site-packages/airflow/example_dags/example_external_task_marker_dag.py for tasks to queue
[2025-02-26T01:38:47.186+0000] {logging_mixin.py:188} INFO - [2025-02-26T01:38:47.185+0000] {dagbag.py:540} INFO - Filling up the DagBag from /home/airflow/.local/lib/python3.12/site-packages/airflow/example_dags/example_external_task_marker_dag.py
[2025-02-26T01:38:47.193+0000] {processor.py:840} INFO - DAG(s) 'example_external_task_marker_parent', 'example_external_task_marker_child' retrieved from /home/airflow/.local/lib/python3.12/site-packages/airflow/example_dags/example_external_task_marker_dag.py
[2025-02-26T01:38:47.219+0000] {logging_mixin.py:188} INFO - [2025-02-26T01:38:47.219+0000] {dag.py:3096} INFO - Sync 2 DAGs
[2025-02-26T01:38:47.235+0000] {logging_mixin.py:188} INFO - [2025-02-26T01:38:47.234+0000] {dag.py:3954} INFO - Setting next_dagrun for example_external_task_marker_child to None, run_after=None
[2025-02-26T01:38:47.246+0000] {logging_mixin.py:188} INFO - [2025-02-26T01:38:47.245+0000] {dag.py:3954} INFO - Setting next_dagrun for example_external_task_marker_parent to None, run_after=None
[2025-02-26T01:38:47.269+0000] {processor.py:183} INFO - Processing /home/airflow/.local/lib/python3.12/site-packages/airflow/example_dags/example_external_task_marker_dag.py took 0.094 seconds
[2025-02-26T01:39:17.760+0000] {processor.py:161} INFO - Started process (PID=2429) to work on /home/airflow/.local/lib/python3.12/site-packages/airflow/example_dags/example_external_task_marker_dag.py
[2025-02-26T01:39:17.761+0000] {processor.py:830} INFO - Processing file /home/airflow/.local/lib/python3.12/site-packages/airflow/example_dags/example_external_task_marker_dag.py for tasks to queue
[2025-02-26T01:39:17.763+0000] {logging_mixin.py:188} INFO - [2025-02-26T01:39:17.763+0000] {dagbag.py:540} INFO - Filling up the DagBag from /home/airflow/.local/lib/python3.12/site-packages/airflow/example_dags/example_external_task_marker_dag.py
[2025-02-26T01:39:17.771+0000] {processor.py:840} INFO - DAG(s) 'example_external_task_marker_parent', 'example_external_task_marker_child' retrieved from /home/airflow/.local/lib/python3.12/site-packages/airflow/example_dags/example_external_task_marker_dag.py
[2025-02-26T01:39:17.800+0000] {logging_mixin.py:188} INFO - [2025-02-26T01:39:17.799+0000] {dag.py:3096} INFO - Sync 2 DAGs
[2025-02-26T01:39:17.817+0000] {logging_mixin.py:188} INFO - [2025-02-26T01:39:17.817+0000] {dag.py:3954} INFO - Setting next_dagrun for example_external_task_marker_child to None, run_after=None
[2025-02-26T01:39:17.822+0000] {logging_mixin.py:188} INFO - [2025-02-26T01:39:17.822+0000] {dag.py:3954} INFO - Setting next_dagrun for example_external_task_marker_parent to None, run_after=None
[2025-02-26T01:39:17.842+0000] {processor.py:183} INFO - Processing /home/airflow/.local/lib/python3.12/site-packages/airflow/example_dags/example_external_task_marker_dag.py took 0.091 seconds
[2025-02-26T01:39:48.243+0000] {processor.py:161} INFO - Started process (PID=2489) to work on /home/airflow/.local/lib/python3.12/site-packages/airflow/example_dags/example_external_task_marker_dag.py
[2025-02-26T01:39:48.244+0000] {processor.py:830} INFO - Processing file /home/airflow/.local/lib/python3.12/site-packages/airflow/example_dags/example_external_task_marker_dag.py for tasks to queue
[2025-02-26T01:39:48.247+0000] {logging_mixin.py:188} INFO - [2025-02-26T01:39:48.247+0000] {dagbag.py:540} INFO - Filling up the DagBag from /home/airflow/.local/lib/python3.12/site-packages/airflow/example_dags/example_external_task_marker_dag.py
[2025-02-26T01:39:48.256+0000] {processor.py:840} INFO - DAG(s) 'example_external_task_marker_parent', 'example_external_task_marker_child' retrieved from /home/airflow/.local/lib/python3.12/site-packages/airflow/example_dags/example_external_task_marker_dag.py
[2025-02-26T01:39:48.284+0000] {logging_mixin.py:188} INFO - [2025-02-26T01:39:48.284+0000] {dag.py:3096} INFO - Sync 2 DAGs
[2025-02-26T01:39:48.298+0000] {logging_mixin.py:188} INFO - [2025-02-26T01:39:48.298+0000] {dag.py:3954} INFO - Setting next_dagrun for example_external_task_marker_child to None, run_after=None
[2025-02-26T01:39:48.303+0000] {logging_mixin.py:188} INFO - [2025-02-26T01:39:48.302+0000] {dag.py:3954} INFO - Setting next_dagrun for example_external_task_marker_parent to None, run_after=None
[2025-02-26T01:39:48.319+0000] {processor.py:183} INFO - Processing /home/airflow/.local/lib/python3.12/site-packages/airflow/example_dags/example_external_task_marker_dag.py took 0.083 seconds
[2025-02-26T01:40:18.785+0000] {processor.py:161} INFO - Started process (PID=2549) to work on /home/airflow/.local/lib/python3.12/site-packages/airflow/example_dags/example_external_task_marker_dag.py
[2025-02-26T01:40:18.786+0000] {processor.py:830} INFO - Processing file /home/airflow/.local/lib/python3.12/site-packages/airflow/example_dags/example_external_task_marker_dag.py for tasks to queue
[2025-02-26T01:40:18.788+0000] {logging_mixin.py:188} INFO - [2025-02-26T01:40:18.788+0000] {dagbag.py:540} INFO - Filling up the DagBag from /home/airflow/.local/lib/python3.12/site-packages/airflow/example_dags/example_external_task_marker_dag.py
[2025-02-26T01:40:18.795+0000] {processor.py:840} INFO - DAG(s) 'example_external_task_marker_child', 'example_external_task_marker_parent' retrieved from /home/airflow/.local/lib/python3.12/site-packages/airflow/example_dags/example_external_task_marker_dag.py
[2025-02-26T01:40:18.821+0000] {logging_mixin.py:188} INFO - [2025-02-26T01:40:18.821+0000] {dag.py:3096} INFO - Sync 2 DAGs
[2025-02-26T01:40:18.835+0000] {logging_mixin.py:188} INFO - [2025-02-26T01:40:18.835+0000] {dag.py:3954} INFO - Setting next_dagrun for example_external_task_marker_child to None, run_after=None
[2025-02-26T01:40:18.840+0000] {logging_mixin.py:188} INFO - [2025-02-26T01:40:18.840+0000] {dag.py:3954} INFO - Setting next_dagrun for example_external_task_marker_parent to None, run_after=None
[2025-02-26T01:40:18.861+0000] {processor.py:183} INFO - Processing /home/airflow/.local/lib/python3.12/site-packages/airflow/example_dags/example_external_task_marker_dag.py took 0.083 seconds
[2025-02-26T01:40:49.962+0000] {processor.py:161} INFO - Started process (PID=2609) to work on /home/airflow/.local/lib/python3.12/site-packages/airflow/example_dags/example_external_task_marker_dag.py
[2025-02-26T01:40:49.964+0000] {processor.py:830} INFO - Processing file /home/airflow/.local/lib/python3.12/site-packages/airflow/example_dags/example_external_task_marker_dag.py for tasks to queue
[2025-02-26T01:40:49.967+0000] {logging_mixin.py:188} INFO - [2025-02-26T01:40:49.966+0000] {dagbag.py:540} INFO - Filling up the DagBag from /home/airflow/.local/lib/python3.12/site-packages/airflow/example_dags/example_external_task_marker_dag.py
[2025-02-26T01:40:49.980+0000] {processor.py:840} INFO - DAG(s) 'example_external_task_marker_parent', 'example_external_task_marker_child' retrieved from /home/airflow/.local/lib/python3.12/site-packages/airflow/example_dags/example_external_task_marker_dag.py
[2025-02-26T01:40:50.028+0000] {logging_mixin.py:188} INFO - [2025-02-26T01:40:50.028+0000] {dag.py:3096} INFO - Sync 2 DAGs
[2025-02-26T01:40:50.066+0000] {logging_mixin.py:188} INFO - [2025-02-26T01:40:50.065+0000] {dag.py:3954} INFO - Setting next_dagrun for example_external_task_marker_child to None, run_after=None
[2025-02-26T01:40:50.071+0000] {logging_mixin.py:188} INFO - [2025-02-26T01:40:50.070+0000] {dag.py:3954} INFO - Setting next_dagrun for example_external_task_marker_parent to None, run_after=None
[2025-02-26T01:40:50.103+0000] {processor.py:183} INFO - Processing /home/airflow/.local/lib/python3.12/site-packages/airflow/example_dags/example_external_task_marker_dag.py took 0.154 seconds
[2025-02-26T01:41:20.698+0000] {processor.py:161} INFO - Started process (PID=2669) to work on /home/airflow/.local/lib/python3.12/site-packages/airflow/example_dags/example_external_task_marker_dag.py
[2025-02-26T01:41:20.700+0000] {processor.py:830} INFO - Processing file /home/airflow/.local/lib/python3.12/site-packages/airflow/example_dags/example_external_task_marker_dag.py for tasks to queue
[2025-02-26T01:41:20.703+0000] {logging_mixin.py:188} INFO - [2025-02-26T01:41:20.703+0000] {dagbag.py:540} INFO - Filling up the DagBag from /home/airflow/.local/lib/python3.12/site-packages/airflow/example_dags/example_external_task_marker_dag.py
[2025-02-26T01:41:20.711+0000] {processor.py:840} INFO - DAG(s) 'example_external_task_marker_child', 'example_external_task_marker_parent' retrieved from /home/airflow/.local/lib/python3.12/site-packages/airflow/example_dags/example_external_task_marker_dag.py
[2025-02-26T01:41:20.735+0000] {logging_mixin.py:188} INFO - [2025-02-26T01:41:20.735+0000] {dag.py:3096} INFO - Sync 2 DAGs
[2025-02-26T01:41:20.749+0000] {logging_mixin.py:188} INFO - [2025-02-26T01:41:20.748+0000] {dag.py:3954} INFO - Setting next_dagrun for example_external_task_marker_child to None, run_after=None
[2025-02-26T01:41:20.753+0000] {logging_mixin.py:188} INFO - [2025-02-26T01:41:20.753+0000] {dag.py:3954} INFO - Setting next_dagrun for example_external_task_marker_parent to None, run_after=None
[2025-02-26T01:41:20.773+0000] {processor.py:183} INFO - Processing /home/airflow/.local/lib/python3.12/site-packages/airflow/example_dags/example_external_task_marker_dag.py took 0.082 seconds
[2025-02-26T01:41:50.896+0000] {processor.py:161} INFO - Started process (PID=2729) to work on /home/airflow/.local/lib/python3.12/site-packages/airflow/example_dags/example_external_task_marker_dag.py
[2025-02-26T01:41:50.898+0000] {processor.py:830} INFO - Processing file /home/airflow/.local/lib/python3.12/site-packages/airflow/example_dags/example_external_task_marker_dag.py for tasks to queue
[2025-02-26T01:41:50.900+0000] {logging_mixin.py:188} INFO - [2025-02-26T01:41:50.900+0000] {dagbag.py:540} INFO - Filling up the DagBag from /home/airflow/.local/lib/python3.12/site-packages/airflow/example_dags/example_external_task_marker_dag.py
[2025-02-26T01:41:50.907+0000] {processor.py:840} INFO - DAG(s) 'example_external_task_marker_child', 'example_external_task_marker_parent' retrieved from /home/airflow/.local/lib/python3.12/site-packages/airflow/example_dags/example_external_task_marker_dag.py
[2025-02-26T01:41:50.934+0000] {logging_mixin.py:188} INFO - [2025-02-26T01:41:50.934+0000] {dag.py:3096} INFO - Sync 2 DAGs
[2025-02-26T01:41:50.949+0000] {logging_mixin.py:188} INFO - [2025-02-26T01:41:50.949+0000] {dag.py:3954} INFO - Setting next_dagrun for example_external_task_marker_child to None, run_after=None
[2025-02-26T01:41:50.954+0000] {logging_mixin.py:188} INFO - [2025-02-26T01:41:50.953+0000] {dag.py:3954} INFO - Setting next_dagrun for example_external_task_marker_parent to None, run_after=None
[2025-02-26T01:41:50.973+0000] {processor.py:183} INFO - Processing /home/airflow/.local/lib/python3.12/site-packages/airflow/example_dags/example_external_task_marker_dag.py took 0.083 seconds
[2025-02-26T01:42:21.329+0000] {processor.py:161} INFO - Started process (PID=2789) to work on /home/airflow/.local/lib/python3.12/site-packages/airflow/example_dags/example_external_task_marker_dag.py
[2025-02-26T01:42:21.330+0000] {processor.py:830} INFO - Processing file /home/airflow/.local/lib/python3.12/site-packages/airflow/example_dags/example_external_task_marker_dag.py for tasks to queue
[2025-02-26T01:42:21.333+0000] {logging_mixin.py:188} INFO - [2025-02-26T01:42:21.332+0000] {dagbag.py:540} INFO - Filling up the DagBag from /home/airflow/.local/lib/python3.12/site-packages/airflow/example_dags/example_external_task_marker_dag.py
[2025-02-26T01:42:21.339+0000] {processor.py:840} INFO - DAG(s) 'example_external_task_marker_child', 'example_external_task_marker_parent' retrieved from /home/airflow/.local/lib/python3.12/site-packages/airflow/example_dags/example_external_task_marker_dag.py
[2025-02-26T01:42:21.365+0000] {logging_mixin.py:188} INFO - [2025-02-26T01:42:21.365+0000] {dag.py:3096} INFO - Sync 2 DAGs
[2025-02-26T01:42:21.379+0000] {logging_mixin.py:188} INFO - [2025-02-26T01:42:21.379+0000] {dag.py:3954} INFO - Setting next_dagrun for example_external_task_marker_child to None, run_after=None
[2025-02-26T01:42:21.384+0000] {logging_mixin.py:188} INFO - [2025-02-26T01:42:21.383+0000] {dag.py:3954} INFO - Setting next_dagrun for example_external_task_marker_parent to None, run_after=None
[2025-02-26T01:42:21.401+0000] {processor.py:183} INFO - Processing /home/airflow/.local/lib/python3.12/site-packages/airflow/example_dags/example_external_task_marker_dag.py took 0.079 seconds
[2025-02-26T01:42:51.673+0000] {processor.py:161} INFO - Started process (PID=2847) to work on /home/airflow/.local/lib/python3.12/site-packages/airflow/example_dags/example_external_task_marker_dag.py
[2025-02-26T01:42:51.674+0000] {processor.py:830} INFO - Processing file /home/airflow/.local/lib/python3.12/site-packages/airflow/example_dags/example_external_task_marker_dag.py for tasks to queue
[2025-02-26T01:42:51.677+0000] {logging_mixin.py:188} INFO - [2025-02-26T01:42:51.676+0000] {dagbag.py:540} INFO - Filling up the DagBag from /home/airflow/.local/lib/python3.12/site-packages/airflow/example_dags/example_external_task_marker_dag.py
[2025-02-26T01:42:51.684+0000] {processor.py:840} INFO - DAG(s) 'example_external_task_marker_child', 'example_external_task_marker_parent' retrieved from /home/airflow/.local/lib/python3.12/site-packages/airflow/example_dags/example_external_task_marker_dag.py
[2025-02-26T01:42:51.711+0000] {logging_mixin.py:188} INFO - [2025-02-26T01:42:51.710+0000] {dag.py:3096} INFO - Sync 2 DAGs
[2025-02-26T01:42:51.725+0000] {logging_mixin.py:188} INFO - [2025-02-26T01:42:51.724+0000] {dag.py:3954} INFO - Setting next_dagrun for example_external_task_marker_child to None, run_after=None
[2025-02-26T01:42:51.729+0000] {logging_mixin.py:188} INFO - [2025-02-26T01:42:51.729+0000] {dag.py:3954} INFO - Setting next_dagrun for example_external_task_marker_parent to None, run_after=None
[2025-02-26T01:42:51.747+0000] {processor.py:183} INFO - Processing /home/airflow/.local/lib/python3.12/site-packages/airflow/example_dags/example_external_task_marker_dag.py took 0.083 seconds
[2025-02-26T01:43:22.130+0000] {processor.py:161} INFO - Started process (PID=2908) to work on /home/airflow/.local/lib/python3.12/site-packages/airflow/example_dags/example_external_task_marker_dag.py
[2025-02-26T01:43:22.131+0000] {processor.py:830} INFO - Processing file /home/airflow/.local/lib/python3.12/site-packages/airflow/example_dags/example_external_task_marker_dag.py for tasks to queue
[2025-02-26T01:43:22.133+0000] {logging_mixin.py:188} INFO - [2025-02-26T01:43:22.133+0000] {dagbag.py:540} INFO - Filling up the DagBag from /home/airflow/.local/lib/python3.12/site-packages/airflow/example_dags/example_external_task_marker_dag.py
[2025-02-26T01:43:22.140+0000] {processor.py:840} INFO - DAG(s) 'example_external_task_marker_child', 'example_external_task_marker_parent' retrieved from /home/airflow/.local/lib/python3.12/site-packages/airflow/example_dags/example_external_task_marker_dag.py
[2025-02-26T01:43:22.167+0000] {logging_mixin.py:188} INFO - [2025-02-26T01:43:22.166+0000] {dag.py:3096} INFO - Sync 2 DAGs
[2025-02-26T01:43:22.182+0000] {logging_mixin.py:188} INFO - [2025-02-26T01:43:22.181+0000] {dag.py:3954} INFO - Setting next_dagrun for example_external_task_marker_child to None, run_after=None
[2025-02-26T01:43:22.186+0000] {logging_mixin.py:188} INFO - [2025-02-26T01:43:22.185+0000] {dag.py:3954} INFO - Setting next_dagrun for example_external_task_marker_parent to None, run_after=None
[2025-02-26T01:43:22.208+0000] {processor.py:183} INFO - Processing /home/airflow/.local/lib/python3.12/site-packages/airflow/example_dags/example_external_task_marker_dag.py took 0.085 seconds
[2025-02-26T01:43:52.614+0000] {processor.py:161} INFO - Started process (PID=2968) to work on /home/airflow/.local/lib/python3.12/site-packages/airflow/example_dags/example_external_task_marker_dag.py
[2025-02-26T01:43:52.615+0000] {processor.py:830} INFO - Processing file /home/airflow/.local/lib/python3.12/site-packages/airflow/example_dags/example_external_task_marker_dag.py for tasks to queue
[2025-02-26T01:43:52.618+0000] {logging_mixin.py:188} INFO - [2025-02-26T01:43:52.617+0000] {dagbag.py:540} INFO - Filling up the DagBag from /home/airflow/.local/lib/python3.12/site-packages/airflow/example_dags/example_external_task_marker_dag.py
[2025-02-26T01:43:52.625+0000] {processor.py:840} INFO - DAG(s) 'example_external_task_marker_parent', 'example_external_task_marker_child' retrieved from /home/airflow/.local/lib/python3.12/site-packages/airflow/example_dags/example_external_task_marker_dag.py
[2025-02-26T01:43:52.653+0000] {logging_mixin.py:188} INFO - [2025-02-26T01:43:52.652+0000] {dag.py:3096} INFO - Sync 2 DAGs
[2025-02-26T01:43:52.668+0000] {logging_mixin.py:188} INFO - [2025-02-26T01:43:52.668+0000] {dag.py:3954} INFO - Setting next_dagrun for example_external_task_marker_child to None, run_after=None
[2025-02-26T01:43:52.673+0000] {logging_mixin.py:188} INFO - [2025-02-26T01:43:52.673+0000] {dag.py:3954} INFO - Setting next_dagrun for example_external_task_marker_parent to None, run_after=None
[2025-02-26T01:43:52.693+0000] {processor.py:183} INFO - Processing /home/airflow/.local/lib/python3.12/site-packages/airflow/example_dags/example_external_task_marker_dag.py took 0.087 seconds
[2025-02-26T01:44:23.446+0000] {processor.py:161} INFO - Started process (PID=3028) to work on /home/airflow/.local/lib/python3.12/site-packages/airflow/example_dags/example_external_task_marker_dag.py
[2025-02-26T01:44:23.447+0000] {processor.py:830} INFO - Processing file /home/airflow/.local/lib/python3.12/site-packages/airflow/example_dags/example_external_task_marker_dag.py for tasks to queue
[2025-02-26T01:44:23.450+0000] {logging_mixin.py:188} INFO - [2025-02-26T01:44:23.449+0000] {dagbag.py:540} INFO - Filling up the DagBag from /home/airflow/.local/lib/python3.12/site-packages/airflow/example_dags/example_external_task_marker_dag.py
[2025-02-26T01:44:23.457+0000] {processor.py:840} INFO - DAG(s) 'example_external_task_marker_parent', 'example_external_task_marker_child' retrieved from /home/airflow/.local/lib/python3.12/site-packages/airflow/example_dags/example_external_task_marker_dag.py
[2025-02-26T01:44:23.489+0000] {logging_mixin.py:188} INFO - [2025-02-26T01:44:23.488+0000] {dag.py:3096} INFO - Sync 2 DAGs
[2025-02-26T01:44:23.506+0000] {logging_mixin.py:188} INFO - [2025-02-26T01:44:23.506+0000] {dag.py:3954} INFO - Setting next_dagrun for example_external_task_marker_child to None, run_after=None
[2025-02-26T01:44:23.512+0000] {logging_mixin.py:188} INFO - [2025-02-26T01:44:23.511+0000] {dag.py:3954} INFO - Setting next_dagrun for example_external_task_marker_parent to None, run_after=None
[2025-02-26T01:44:23.545+0000] {processor.py:183} INFO - Processing /home/airflow/.local/lib/python3.12/site-packages/airflow/example_dags/example_external_task_marker_dag.py took 0.108 seconds
[2025-02-26T01:44:54.513+0000] {processor.py:161} INFO - Started process (PID=3088) to work on /home/airflow/.local/lib/python3.12/site-packages/airflow/example_dags/example_external_task_marker_dag.py
[2025-02-26T01:44:54.515+0000] {processor.py:830} INFO - Processing file /home/airflow/.local/lib/python3.12/site-packages/airflow/example_dags/example_external_task_marker_dag.py for tasks to queue
[2025-02-26T01:44:54.517+0000] {logging_mixin.py:188} INFO - [2025-02-26T01:44:54.516+0000] {dagbag.py:540} INFO - Filling up the DagBag from /home/airflow/.local/lib/python3.12/site-packages/airflow/example_dags/example_external_task_marker_dag.py
[2025-02-26T01:44:54.524+0000] {processor.py:840} INFO - DAG(s) 'example_external_task_marker_parent', 'example_external_task_marker_child' retrieved from /home/airflow/.local/lib/python3.12/site-packages/airflow/example_dags/example_external_task_marker_dag.py
[2025-02-26T01:44:54.549+0000] {logging_mixin.py:188} INFO - [2025-02-26T01:44:54.549+0000] {dag.py:3096} INFO - Sync 2 DAGs
[2025-02-26T01:44:54.563+0000] {logging_mixin.py:188} INFO - [2025-02-26T01:44:54.563+0000] {dag.py:3954} INFO - Setting next_dagrun for example_external_task_marker_child to None, run_after=None
[2025-02-26T01:44:54.567+0000] {logging_mixin.py:188} INFO - [2025-02-26T01:44:54.567+0000] {dag.py:3954} INFO - Setting next_dagrun for example_external_task_marker_parent to None, run_after=None
[2025-02-26T01:44:54.586+0000] {processor.py:183} INFO - Processing /home/airflow/.local/lib/python3.12/site-packages/airflow/example_dags/example_external_task_marker_dag.py took 0.079 seconds
[2025-02-26T01:45:25.193+0000] {processor.py:161} INFO - Started process (PID=3148) to work on /home/airflow/.local/lib/python3.12/site-packages/airflow/example_dags/example_external_task_marker_dag.py
[2025-02-26T01:45:25.194+0000] {processor.py:830} INFO - Processing file /home/airflow/.local/lib/python3.12/site-packages/airflow/example_dags/example_external_task_marker_dag.py for tasks to queue
[2025-02-26T01:45:25.196+0000] {logging_mixin.py:188} INFO - [2025-02-26T01:45:25.196+0000] {dagbag.py:540} INFO - Filling up the DagBag from /home/airflow/.local/lib/python3.12/site-packages/airflow/example_dags/example_external_task_marker_dag.py
[2025-02-26T01:45:25.204+0000] {processor.py:840} INFO - DAG(s) 'example_external_task_marker_parent', 'example_external_task_marker_child' retrieved from /home/airflow/.local/lib/python3.12/site-packages/airflow/example_dags/example_external_task_marker_dag.py
[2025-02-26T01:45:25.229+0000] {logging_mixin.py:188} INFO - [2025-02-26T01:45:25.229+0000] {dag.py:3096} INFO - Sync 2 DAGs
[2025-02-26T01:45:25.243+0000] {logging_mixin.py:188} INFO - [2025-02-26T01:45:25.242+0000] {dag.py:3954} INFO - Setting next_dagrun for example_external_task_marker_child to None, run_after=None
[2025-02-26T01:45:25.247+0000] {logging_mixin.py:188} INFO - [2025-02-26T01:45:25.247+0000] {dag.py:3954} INFO - Setting next_dagrun for example_external_task_marker_parent to None, run_after=None
[2025-02-26T01:45:25.266+0000] {processor.py:183} INFO - Processing /home/airflow/.local/lib/python3.12/site-packages/airflow/example_dags/example_external_task_marker_dag.py took 0.080 seconds
[2025-02-26T01:45:55.575+0000] {processor.py:161} INFO - Started process (PID=3208) to work on /home/airflow/.local/lib/python3.12/site-packages/airflow/example_dags/example_external_task_marker_dag.py
[2025-02-26T01:45:55.576+0000] {processor.py:830} INFO - Processing file /home/airflow/.local/lib/python3.12/site-packages/airflow/example_dags/example_external_task_marker_dag.py for tasks to queue
[2025-02-26T01:45:55.579+0000] {logging_mixin.py:188} INFO - [2025-02-26T01:45:55.578+0000] {dagbag.py:540} INFO - Filling up the DagBag from /home/airflow/.local/lib/python3.12/site-packages/airflow/example_dags/example_external_task_marker_dag.py
[2025-02-26T01:45:55.585+0000] {processor.py:840} INFO - DAG(s) 'example_external_task_marker_child', 'example_external_task_marker_parent' retrieved from /home/airflow/.local/lib/python3.12/site-packages/airflow/example_dags/example_external_task_marker_dag.py
[2025-02-26T01:45:55.611+0000] {logging_mixin.py:188} INFO - [2025-02-26T01:45:55.611+0000] {dag.py:3096} INFO - Sync 2 DAGs
[2025-02-26T01:45:55.625+0000] {logging_mixin.py:188} INFO - [2025-02-26T01:45:55.625+0000] {dag.py:3954} INFO - Setting next_dagrun for example_external_task_marker_child to None, run_after=None
[2025-02-26T01:45:55.629+0000] {logging_mixin.py:188} INFO - [2025-02-26T01:45:55.629+0000] {dag.py:3954} INFO - Setting next_dagrun for example_external_task_marker_parent to None, run_after=None
[2025-02-26T01:45:55.649+0000] {processor.py:183} INFO - Processing /home/airflow/.local/lib/python3.12/site-packages/airflow/example_dags/example_external_task_marker_dag.py took 0.081 seconds
[2025-02-26T01:46:26.302+0000] {processor.py:161} INFO - Started process (PID=3269) to work on /home/airflow/.local/lib/python3.12/site-packages/airflow/example_dags/example_external_task_marker_dag.py
[2025-02-26T01:46:26.303+0000] {processor.py:830} INFO - Processing file /home/airflow/.local/lib/python3.12/site-packages/airflow/example_dags/example_external_task_marker_dag.py for tasks to queue
[2025-02-26T01:46:26.305+0000] {logging_mixin.py:188} INFO - [2025-02-26T01:46:26.305+0000] {dagbag.py:540} INFO - Filling up the DagBag from /home/airflow/.local/lib/python3.12/site-packages/airflow/example_dags/example_external_task_marker_dag.py
[2025-02-26T01:46:26.312+0000] {processor.py:840} INFO - DAG(s) 'example_external_task_marker_child', 'example_external_task_marker_parent' retrieved from /home/airflow/.local/lib/python3.12/site-packages/airflow/example_dags/example_external_task_marker_dag.py
[2025-02-26T01:46:26.339+0000] {logging_mixin.py:188} INFO - [2025-02-26T01:46:26.338+0000] {dag.py:3096} INFO - Sync 2 DAGs
[2025-02-26T01:46:26.352+0000] {logging_mixin.py:188} INFO - [2025-02-26T01:46:26.352+0000] {dag.py:3954} INFO - Setting next_dagrun for example_external_task_marker_child to None, run_after=None
[2025-02-26T01:46:26.357+0000] {logging_mixin.py:188} INFO - [2025-02-26T01:46:26.357+0000] {dag.py:3954} INFO - Setting next_dagrun for example_external_task_marker_parent to None, run_after=None
[2025-02-26T01:46:26.376+0000] {processor.py:183} INFO - Processing /home/airflow/.local/lib/python3.12/site-packages/airflow/example_dags/example_external_task_marker_dag.py took 0.081 seconds
[2025-02-26T01:46:56.864+0000] {processor.py:161} INFO - Started process (PID=3329) to work on /home/airflow/.local/lib/python3.12/site-packages/airflow/example_dags/example_external_task_marker_dag.py
[2025-02-26T01:46:56.866+0000] {processor.py:830} INFO - Processing file /home/airflow/.local/lib/python3.12/site-packages/airflow/example_dags/example_external_task_marker_dag.py for tasks to queue
[2025-02-26T01:46:56.868+0000] {logging_mixin.py:188} INFO - [2025-02-26T01:46:56.867+0000] {dagbag.py:540} INFO - Filling up the DagBag from /home/airflow/.local/lib/python3.12/site-packages/airflow/example_dags/example_external_task_marker_dag.py
[2025-02-26T01:46:56.874+0000] {processor.py:840} INFO - DAG(s) 'example_external_task_marker_parent', 'example_external_task_marker_child' retrieved from /home/airflow/.local/lib/python3.12/site-packages/airflow/example_dags/example_external_task_marker_dag.py
[2025-02-26T01:46:56.902+0000] {logging_mixin.py:188} INFO - [2025-02-26T01:46:56.902+0000] {dag.py:3096} INFO - Sync 2 DAGs
[2025-02-26T01:46:56.916+0000] {logging_mixin.py:188} INFO - [2025-02-26T01:46:56.916+0000] {dag.py:3954} INFO - Setting next_dagrun for example_external_task_marker_child to None, run_after=None
[2025-02-26T01:46:56.922+0000] {logging_mixin.py:188} INFO - [2025-02-26T01:46:56.922+0000] {dag.py:3954} INFO - Setting next_dagrun for example_external_task_marker_parent to None, run_after=None
[2025-02-26T01:46:56.944+0000] {processor.py:183} INFO - Processing /home/airflow/.local/lib/python3.12/site-packages/airflow/example_dags/example_external_task_marker_dag.py took 0.086 seconds
[2025-02-26T01:47:27.687+0000] {processor.py:161} INFO - Started process (PID=3390) to work on /home/airflow/.local/lib/python3.12/site-packages/airflow/example_dags/example_external_task_marker_dag.py
[2025-02-26T01:47:27.688+0000] {processor.py:830} INFO - Processing file /home/airflow/.local/lib/python3.12/site-packages/airflow/example_dags/example_external_task_marker_dag.py for tasks to queue
[2025-02-26T01:47:27.690+0000] {logging_mixin.py:188} INFO - [2025-02-26T01:47:27.690+0000] {dagbag.py:540} INFO - Filling up the DagBag from /home/airflow/.local/lib/python3.12/site-packages/airflow/example_dags/example_external_task_marker_dag.py
[2025-02-26T01:47:27.697+0000] {processor.py:840} INFO - DAG(s) 'example_external_task_marker_parent', 'example_external_task_marker_child' retrieved from /home/airflow/.local/lib/python3.12/site-packages/airflow/example_dags/example_external_task_marker_dag.py
[2025-02-26T01:47:27.723+0000] {logging_mixin.py:188} INFO - [2025-02-26T01:47:27.723+0000] {dag.py:3096} INFO - Sync 2 DAGs
[2025-02-26T01:47:27.737+0000] {logging_mixin.py:188} INFO - [2025-02-26T01:47:27.737+0000] {dag.py:3954} INFO - Setting next_dagrun for example_external_task_marker_child to None, run_after=None
[2025-02-26T01:47:27.741+0000] {logging_mixin.py:188} INFO - [2025-02-26T01:47:27.741+0000] {dag.py:3954} INFO - Setting next_dagrun for example_external_task_marker_parent to None, run_after=None
[2025-02-26T01:47:27.761+0000] {processor.py:183} INFO - Processing /home/airflow/.local/lib/python3.12/site-packages/airflow/example_dags/example_external_task_marker_dag.py took 0.080 seconds
[2025-02-26T01:47:58.558+0000] {processor.py:161} INFO - Started process (PID=3450) to work on /home/airflow/.local/lib/python3.12/site-packages/airflow/example_dags/example_external_task_marker_dag.py
[2025-02-26T01:47:58.560+0000] {processor.py:830} INFO - Processing file /home/airflow/.local/lib/python3.12/site-packages/airflow/example_dags/example_external_task_marker_dag.py for tasks to queue
[2025-02-26T01:47:58.562+0000] {logging_mixin.py:188} INFO - [2025-02-26T01:47:58.562+0000] {dagbag.py:540} INFO - Filling up the DagBag from /home/airflow/.local/lib/python3.12/site-packages/airflow/example_dags/example_external_task_marker_dag.py
[2025-02-26T01:47:58.570+0000] {processor.py:840} INFO - DAG(s) 'example_external_task_marker_child', 'example_external_task_marker_parent' retrieved from /home/airflow/.local/lib/python3.12/site-packages/airflow/example_dags/example_external_task_marker_dag.py
[2025-02-26T01:47:58.598+0000] {logging_mixin.py:188} INFO - [2025-02-26T01:47:58.598+0000] {dag.py:3096} INFO - Sync 2 DAGs
[2025-02-26T01:47:58.615+0000] {logging_mixin.py:188} INFO - [2025-02-26T01:47:58.615+0000] {dag.py:3954} INFO - Setting next_dagrun for example_external_task_marker_child to None, run_after=None
[2025-02-26T01:47:58.620+0000] {logging_mixin.py:188} INFO - [2025-02-26T01:47:58.619+0000] {dag.py:3954} INFO - Setting next_dagrun for example_external_task_marker_parent to None, run_after=None
[2025-02-26T01:47:58.716+0000] {processor.py:183} INFO - Processing /home/airflow/.local/lib/python3.12/site-packages/airflow/example_dags/example_external_task_marker_dag.py took 0.168 seconds
[2025-02-26T01:48:28.785+0000] {processor.py:161} INFO - Started process (PID=3510) to work on /home/airflow/.local/lib/python3.12/site-packages/airflow/example_dags/example_external_task_marker_dag.py
[2025-02-26T01:48:28.786+0000] {processor.py:830} INFO - Processing file /home/airflow/.local/lib/python3.12/site-packages/airflow/example_dags/example_external_task_marker_dag.py for tasks to queue
[2025-02-26T01:48:28.789+0000] {logging_mixin.py:188} INFO - [2025-02-26T01:48:28.789+0000] {dagbag.py:540} INFO - Filling up the DagBag from /home/airflow/.local/lib/python3.12/site-packages/airflow/example_dags/example_external_task_marker_dag.py
[2025-02-26T01:48:28.797+0000] {processor.py:840} INFO - DAG(s) 'example_external_task_marker_child', 'example_external_task_marker_parent' retrieved from /home/airflow/.local/lib/python3.12/site-packages/airflow/example_dags/example_external_task_marker_dag.py
[2025-02-26T01:48:28.826+0000] {logging_mixin.py:188} INFO - [2025-02-26T01:48:28.825+0000] {dag.py:3096} INFO - Sync 2 DAGs
[2025-02-26T01:48:28.841+0000] {logging_mixin.py:188} INFO - [2025-02-26T01:48:28.841+0000] {dag.py:3954} INFO - Setting next_dagrun for example_external_task_marker_child to None, run_after=None
[2025-02-26T01:48:28.847+0000] {logging_mixin.py:188} INFO - [2025-02-26T01:48:28.846+0000] {dag.py:3954} INFO - Setting next_dagrun for example_external_task_marker_parent to None, run_after=None
[2025-02-26T01:48:28.883+0000] {processor.py:183} INFO - Processing /home/airflow/.local/lib/python3.12/site-packages/airflow/example_dags/example_external_task_marker_dag.py took 0.109 seconds
[2025-02-26T01:48:59.232+0000] {processor.py:161} INFO - Started process (PID=3570) to work on /home/airflow/.local/lib/python3.12/site-packages/airflow/example_dags/example_external_task_marker_dag.py
[2025-02-26T01:48:59.233+0000] {processor.py:830} INFO - Processing file /home/airflow/.local/lib/python3.12/site-packages/airflow/example_dags/example_external_task_marker_dag.py for tasks to queue
[2025-02-26T01:48:59.235+0000] {logging_mixin.py:188} INFO - [2025-02-26T01:48:59.235+0000] {dagbag.py:540} INFO - Filling up the DagBag from /home/airflow/.local/lib/python3.12/site-packages/airflow/example_dags/example_external_task_marker_dag.py
[2025-02-26T01:48:59.242+0000] {processor.py:840} INFO - DAG(s) 'example_external_task_marker_child', 'example_external_task_marker_parent' retrieved from /home/airflow/.local/lib/python3.12/site-packages/airflow/example_dags/example_external_task_marker_dag.py
[2025-02-26T01:48:59.270+0000] {logging_mixin.py:188} INFO - [2025-02-26T01:48:59.270+0000] {dag.py:3096} INFO - Sync 2 DAGs
[2025-02-26T01:48:59.286+0000] {logging_mixin.py:188} INFO - [2025-02-26T01:48:59.286+0000] {dag.py:3954} INFO - Setting next_dagrun for example_external_task_marker_child to None, run_after=None
[2025-02-26T01:48:59.292+0000] {logging_mixin.py:188} INFO - [2025-02-26T01:48:59.291+0000] {dag.py:3954} INFO - Setting next_dagrun for example_external_task_marker_parent to None, run_after=None
[2025-02-26T01:48:59.315+0000] {processor.py:183} INFO - Processing /home/airflow/.local/lib/python3.12/site-packages/airflow/example_dags/example_external_task_marker_dag.py took 0.091 seconds
