[2025-02-26T01:14:33.694+0000] {processor.py:161} INFO - Started process (PID=96) to work on /home/airflow/.local/lib/python3.12/site-packages/airflow/example_dags/example_python_operator.py
[2025-02-26T01:14:33.746+0000] {processor.py:830} INFO - Processing file /home/airflow/.local/lib/python3.12/site-packages/airflow/example_dags/example_python_operator.py for tasks to queue
[2025-02-26T01:14:33.749+0000] {logging_mixin.py:188} INFO - [2025-02-26T01:14:33.748+0000] {dagbag.py:540} INFO - Filling up the DagBag from /home/airflow/.local/lib/python3.12/site-packages/airflow/example_dags/example_python_operator.py
[2025-02-26T01:14:34.122+0000] {processor.py:840} INFO - DAG(s) 'example_python_operator' retrieved from /home/airflow/.local/lib/python3.12/site-packages/airflow/example_dags/example_python_operator.py
[2025-02-26T01:14:35.708+0000] {logging_mixin.py:188} INFO - [2025-02-26T01:14:35.708+0000] {dag.py:3096} INFO - Sync 1 DAGs
[2025-02-26T01:14:35.727+0000] {logging_mixin.py:188} INFO - [2025-02-26T01:14:35.727+0000] {dag.py:3954} INFO - Setting next_dagrun for example_python_operator to None, run_after=None
[2025-02-26T01:14:35.831+0000] {processor.py:183} INFO - Processing /home/airflow/.local/lib/python3.12/site-packages/airflow/example_dags/example_python_operator.py took 2.966 seconds
[2025-02-26T01:19:13.432+0000] {processor.py:161} INFO - Started process (PID=85) to work on /home/airflow/.local/lib/python3.12/site-packages/airflow/example_dags/example_python_operator.py
[2025-02-26T01:19:13.438+0000] {processor.py:830} INFO - Processing file /home/airflow/.local/lib/python3.12/site-packages/airflow/example_dags/example_python_operator.py for tasks to queue
[2025-02-26T01:19:13.441+0000] {logging_mixin.py:188} INFO - [2025-02-26T01:19:13.440+0000] {dagbag.py:540} INFO - Filling up the DagBag from /home/airflow/.local/lib/python3.12/site-packages/airflow/example_dags/example_python_operator.py
[2025-02-26T01:19:13.458+0000] {processor.py:840} INFO - DAG(s) 'example_python_operator' retrieved from /home/airflow/.local/lib/python3.12/site-packages/airflow/example_dags/example_python_operator.py
[2025-02-26T01:19:13.606+0000] {logging_mixin.py:188} INFO - [2025-02-26T01:19:13.606+0000] {dag.py:3096} INFO - Sync 1 DAGs
[2025-02-26T01:19:13.618+0000] {logging_mixin.py:188} INFO - [2025-02-26T01:19:13.618+0000] {dag.py:3954} INFO - Setting next_dagrun for example_python_operator to None, run_after=None
[2025-02-26T01:19:13.653+0000] {processor.py:183} INFO - Processing /home/airflow/.local/lib/python3.12/site-packages/airflow/example_dags/example_python_operator.py took 0.231 seconds
[2025-02-26T01:19:44.332+0000] {processor.py:161} INFO - Started process (PID=145) to work on /home/airflow/.local/lib/python3.12/site-packages/airflow/example_dags/example_python_operator.py
[2025-02-26T01:19:44.333+0000] {processor.py:830} INFO - Processing file /home/airflow/.local/lib/python3.12/site-packages/airflow/example_dags/example_python_operator.py for tasks to queue
[2025-02-26T01:19:44.335+0000] {logging_mixin.py:188} INFO - [2025-02-26T01:19:44.335+0000] {dagbag.py:540} INFO - Filling up the DagBag from /home/airflow/.local/lib/python3.12/site-packages/airflow/example_dags/example_python_operator.py
[2025-02-26T01:19:44.347+0000] {processor.py:840} INFO - DAG(s) 'example_python_operator' retrieved from /home/airflow/.local/lib/python3.12/site-packages/airflow/example_dags/example_python_operator.py
[2025-02-26T01:19:44.371+0000] {logging_mixin.py:188} INFO - [2025-02-26T01:19:44.370+0000] {dag.py:3096} INFO - Sync 1 DAGs
[2025-02-26T01:19:44.384+0000] {logging_mixin.py:188} INFO - [2025-02-26T01:19:44.384+0000] {dag.py:3954} INFO - Setting next_dagrun for example_python_operator to None, run_after=None
[2025-02-26T01:19:44.408+0000] {processor.py:183} INFO - Processing /home/airflow/.local/lib/python3.12/site-packages/airflow/example_dags/example_python_operator.py took 0.083 seconds
[2025-02-26T01:20:14.465+0000] {processor.py:161} INFO - Started process (PID=205) to work on /home/airflow/.local/lib/python3.12/site-packages/airflow/example_dags/example_python_operator.py
[2025-02-26T01:20:14.466+0000] {processor.py:830} INFO - Processing file /home/airflow/.local/lib/python3.12/site-packages/airflow/example_dags/example_python_operator.py for tasks to queue
[2025-02-26T01:20:14.468+0000] {logging_mixin.py:188} INFO - [2025-02-26T01:20:14.468+0000] {dagbag.py:540} INFO - Filling up the DagBag from /home/airflow/.local/lib/python3.12/site-packages/airflow/example_dags/example_python_operator.py
[2025-02-26T01:20:14.479+0000] {processor.py:840} INFO - DAG(s) 'example_python_operator' retrieved from /home/airflow/.local/lib/python3.12/site-packages/airflow/example_dags/example_python_operator.py
[2025-02-26T01:20:14.504+0000] {logging_mixin.py:188} INFO - [2025-02-26T01:20:14.504+0000] {dag.py:3096} INFO - Sync 1 DAGs
[2025-02-26T01:20:14.518+0000] {logging_mixin.py:188} INFO - [2025-02-26T01:20:14.518+0000] {dag.py:3954} INFO - Setting next_dagrun for example_python_operator to None, run_after=None
[2025-02-26T01:20:14.537+0000] {processor.py:183} INFO - Processing /home/airflow/.local/lib/python3.12/site-packages/airflow/example_dags/example_python_operator.py took 0.079 seconds
[2025-02-26T01:20:46.078+0000] {processor.py:161} INFO - Started process (PID=265) to work on /home/airflow/.local/lib/python3.12/site-packages/airflow/example_dags/example_python_operator.py
[2025-02-26T01:20:46.083+0000] {processor.py:830} INFO - Processing file /home/airflow/.local/lib/python3.12/site-packages/airflow/example_dags/example_python_operator.py for tasks to queue
[2025-02-26T01:20:46.090+0000] {logging_mixin.py:188} INFO - [2025-02-26T01:20:46.089+0000] {dagbag.py:540} INFO - Filling up the DagBag from /home/airflow/.local/lib/python3.12/site-packages/airflow/example_dags/example_python_operator.py
[2025-02-26T01:20:46.121+0000] {processor.py:840} INFO - DAG(s) 'example_python_operator' retrieved from /home/airflow/.local/lib/python3.12/site-packages/airflow/example_dags/example_python_operator.py
[2025-02-26T01:20:46.188+0000] {logging_mixin.py:188} INFO - [2025-02-26T01:20:46.187+0000] {dag.py:3096} INFO - Sync 1 DAGs
[2025-02-26T01:20:46.232+0000] {logging_mixin.py:188} INFO - [2025-02-26T01:20:46.229+0000] {dag.py:3954} INFO - Setting next_dagrun for example_python_operator to None, run_after=None
[2025-02-26T01:20:46.323+0000] {processor.py:183} INFO - Processing /home/airflow/.local/lib/python3.12/site-packages/airflow/example_dags/example_python_operator.py took 0.262 seconds
[2025-02-26T01:21:22.870+0000] {processor.py:161} INFO - Started process (PID=325) to work on /home/airflow/.local/lib/python3.12/site-packages/airflow/example_dags/example_python_operator.py
[2025-02-26T01:21:22.871+0000] {processor.py:830} INFO - Processing file /home/airflow/.local/lib/python3.12/site-packages/airflow/example_dags/example_python_operator.py for tasks to queue
[2025-02-26T01:21:22.874+0000] {logging_mixin.py:188} INFO - [2025-02-26T01:21:22.873+0000] {dagbag.py:540} INFO - Filling up the DagBag from /home/airflow/.local/lib/python3.12/site-packages/airflow/example_dags/example_python_operator.py
[2025-02-26T01:21:22.893+0000] {processor.py:840} INFO - DAG(s) 'example_python_operator' retrieved from /home/airflow/.local/lib/python3.12/site-packages/airflow/example_dags/example_python_operator.py
[2025-02-26T01:21:22.931+0000] {logging_mixin.py:188} INFO - [2025-02-26T01:21:22.931+0000] {dag.py:3096} INFO - Sync 1 DAGs
[2025-02-26T01:21:22.947+0000] {logging_mixin.py:188} INFO - [2025-02-26T01:21:22.947+0000] {dag.py:3954} INFO - Setting next_dagrun for example_python_operator to None, run_after=None
[2025-02-26T01:21:22.969+0000] {processor.py:183} INFO - Processing /home/airflow/.local/lib/python3.12/site-packages/airflow/example_dags/example_python_operator.py took 0.109 seconds
[2025-02-26T01:21:56.705+0000] {processor.py:161} INFO - Started process (PID=385) to work on /home/airflow/.local/lib/python3.12/site-packages/airflow/example_dags/example_python_operator.py
[2025-02-26T01:21:56.757+0000] {processor.py:830} INFO - Processing file /home/airflow/.local/lib/python3.12/site-packages/airflow/example_dags/example_python_operator.py for tasks to queue
[2025-02-26T01:21:56.759+0000] {logging_mixin.py:188} INFO - [2025-02-26T01:21:56.759+0000] {dagbag.py:540} INFO - Filling up the DagBag from /home/airflow/.local/lib/python3.12/site-packages/airflow/example_dags/example_python_operator.py
[2025-02-26T01:21:56.772+0000] {processor.py:840} INFO - DAG(s) 'example_python_operator' retrieved from /home/airflow/.local/lib/python3.12/site-packages/airflow/example_dags/example_python_operator.py
[2025-02-26T01:21:56.799+0000] {logging_mixin.py:188} INFO - [2025-02-26T01:21:56.799+0000] {dag.py:3096} INFO - Sync 1 DAGs
[2025-02-26T01:21:56.819+0000] {logging_mixin.py:188} INFO - [2025-02-26T01:21:56.818+0000] {dag.py:3954} INFO - Setting next_dagrun for example_python_operator to None, run_after=None
[2025-02-26T01:21:56.857+0000] {processor.py:183} INFO - Processing /home/airflow/.local/lib/python3.12/site-packages/airflow/example_dags/example_python_operator.py took 0.160 seconds
[2025-02-26T01:22:27.018+0000] {processor.py:161} INFO - Started process (PID=445) to work on /home/airflow/.local/lib/python3.12/site-packages/airflow/example_dags/example_python_operator.py
[2025-02-26T01:22:27.019+0000] {processor.py:830} INFO - Processing file /home/airflow/.local/lib/python3.12/site-packages/airflow/example_dags/example_python_operator.py for tasks to queue
[2025-02-26T01:22:27.021+0000] {logging_mixin.py:188} INFO - [2025-02-26T01:22:27.021+0000] {dagbag.py:540} INFO - Filling up the DagBag from /home/airflow/.local/lib/python3.12/site-packages/airflow/example_dags/example_python_operator.py
[2025-02-26T01:22:27.032+0000] {processor.py:840} INFO - DAG(s) 'example_python_operator' retrieved from /home/airflow/.local/lib/python3.12/site-packages/airflow/example_dags/example_python_operator.py
[2025-02-26T01:22:27.058+0000] {logging_mixin.py:188} INFO - [2025-02-26T01:22:27.058+0000] {dag.py:3096} INFO - Sync 1 DAGs
[2025-02-26T01:22:27.075+0000] {logging_mixin.py:188} INFO - [2025-02-26T01:22:27.075+0000] {dag.py:3954} INFO - Setting next_dagrun for example_python_operator to None, run_after=None
[2025-02-26T01:22:27.099+0000] {processor.py:183} INFO - Processing /home/airflow/.local/lib/python3.12/site-packages/airflow/example_dags/example_python_operator.py took 0.087 seconds
[2025-02-26T01:22:57.392+0000] {processor.py:161} INFO - Started process (PID=505) to work on /home/airflow/.local/lib/python3.12/site-packages/airflow/example_dags/example_python_operator.py
[2025-02-26T01:22:57.394+0000] {processor.py:830} INFO - Processing file /home/airflow/.local/lib/python3.12/site-packages/airflow/example_dags/example_python_operator.py for tasks to queue
[2025-02-26T01:22:57.396+0000] {logging_mixin.py:188} INFO - [2025-02-26T01:22:57.396+0000] {dagbag.py:540} INFO - Filling up the DagBag from /home/airflow/.local/lib/python3.12/site-packages/airflow/example_dags/example_python_operator.py
[2025-02-26T01:22:57.407+0000] {processor.py:840} INFO - DAG(s) 'example_python_operator' retrieved from /home/airflow/.local/lib/python3.12/site-packages/airflow/example_dags/example_python_operator.py
[2025-02-26T01:22:57.432+0000] {logging_mixin.py:188} INFO - [2025-02-26T01:22:57.432+0000] {dag.py:3096} INFO - Sync 1 DAGs
[2025-02-26T01:22:57.446+0000] {logging_mixin.py:188} INFO - [2025-02-26T01:22:57.445+0000] {dag.py:3954} INFO - Setting next_dagrun for example_python_operator to None, run_after=None
[2025-02-26T01:22:57.467+0000] {processor.py:183} INFO - Processing /home/airflow/.local/lib/python3.12/site-packages/airflow/example_dags/example_python_operator.py took 0.081 seconds
[2025-02-26T01:23:27.904+0000] {processor.py:161} INFO - Started process (PID=565) to work on /home/airflow/.local/lib/python3.12/site-packages/airflow/example_dags/example_python_operator.py
[2025-02-26T01:23:27.905+0000] {processor.py:830} INFO - Processing file /home/airflow/.local/lib/python3.12/site-packages/airflow/example_dags/example_python_operator.py for tasks to queue
[2025-02-26T01:23:27.908+0000] {logging_mixin.py:188} INFO - [2025-02-26T01:23:27.907+0000] {dagbag.py:540} INFO - Filling up the DagBag from /home/airflow/.local/lib/python3.12/site-packages/airflow/example_dags/example_python_operator.py
[2025-02-26T01:23:27.920+0000] {processor.py:840} INFO - DAG(s) 'example_python_operator' retrieved from /home/airflow/.local/lib/python3.12/site-packages/airflow/example_dags/example_python_operator.py
[2025-02-26T01:23:27.947+0000] {logging_mixin.py:188} INFO - [2025-02-26T01:23:27.946+0000] {dag.py:3096} INFO - Sync 1 DAGs
[2025-02-26T01:23:27.962+0000] {logging_mixin.py:188} INFO - [2025-02-26T01:23:27.962+0000] {dag.py:3954} INFO - Setting next_dagrun for example_python_operator to None, run_after=None
[2025-02-26T01:23:27.988+0000] {processor.py:183} INFO - Processing /home/airflow/.local/lib/python3.12/site-packages/airflow/example_dags/example_python_operator.py took 0.092 seconds
[2025-02-26T01:23:58.546+0000] {processor.py:161} INFO - Started process (PID=625) to work on /home/airflow/.local/lib/python3.12/site-packages/airflow/example_dags/example_python_operator.py
[2025-02-26T01:23:58.548+0000] {processor.py:830} INFO - Processing file /home/airflow/.local/lib/python3.12/site-packages/airflow/example_dags/example_python_operator.py for tasks to queue
[2025-02-26T01:23:58.550+0000] {logging_mixin.py:188} INFO - [2025-02-26T01:23:58.550+0000] {dagbag.py:540} INFO - Filling up the DagBag from /home/airflow/.local/lib/python3.12/site-packages/airflow/example_dags/example_python_operator.py
[2025-02-26T01:23:58.560+0000] {processor.py:840} INFO - DAG(s) 'example_python_operator' retrieved from /home/airflow/.local/lib/python3.12/site-packages/airflow/example_dags/example_python_operator.py
[2025-02-26T01:23:58.586+0000] {logging_mixin.py:188} INFO - [2025-02-26T01:23:58.586+0000] {dag.py:3096} INFO - Sync 1 DAGs
[2025-02-26T01:23:58.599+0000] {logging_mixin.py:188} INFO - [2025-02-26T01:23:58.599+0000] {dag.py:3954} INFO - Setting next_dagrun for example_python_operator to None, run_after=None
[2025-02-26T01:23:58.623+0000] {processor.py:183} INFO - Processing /home/airflow/.local/lib/python3.12/site-packages/airflow/example_dags/example_python_operator.py took 0.083 seconds
[2025-02-26T01:24:28.939+0000] {processor.py:161} INFO - Started process (PID=685) to work on /home/airflow/.local/lib/python3.12/site-packages/airflow/example_dags/example_python_operator.py
[2025-02-26T01:24:28.940+0000] {processor.py:830} INFO - Processing file /home/airflow/.local/lib/python3.12/site-packages/airflow/example_dags/example_python_operator.py for tasks to queue
[2025-02-26T01:24:28.942+0000] {logging_mixin.py:188} INFO - [2025-02-26T01:24:28.941+0000] {dagbag.py:540} INFO - Filling up the DagBag from /home/airflow/.local/lib/python3.12/site-packages/airflow/example_dags/example_python_operator.py
[2025-02-26T01:24:28.953+0000] {processor.py:840} INFO - DAG(s) 'example_python_operator' retrieved from /home/airflow/.local/lib/python3.12/site-packages/airflow/example_dags/example_python_operator.py
[2025-02-26T01:24:28.977+0000] {logging_mixin.py:188} INFO - [2025-02-26T01:24:28.976+0000] {dag.py:3096} INFO - Sync 1 DAGs
[2025-02-26T01:24:28.991+0000] {logging_mixin.py:188} INFO - [2025-02-26T01:24:28.991+0000] {dag.py:3954} INFO - Setting next_dagrun for example_python_operator to None, run_after=None
[2025-02-26T01:24:29.013+0000] {processor.py:183} INFO - Processing /home/airflow/.local/lib/python3.12/site-packages/airflow/example_dags/example_python_operator.py took 0.081 seconds
[2025-02-26T01:25:00.403+0000] {processor.py:161} INFO - Started process (PID=744) to work on /home/airflow/.local/lib/python3.12/site-packages/airflow/example_dags/example_python_operator.py
[2025-02-26T01:25:00.405+0000] {processor.py:830} INFO - Processing file /home/airflow/.local/lib/python3.12/site-packages/airflow/example_dags/example_python_operator.py for tasks to queue
[2025-02-26T01:25:00.408+0000] {logging_mixin.py:188} INFO - [2025-02-26T01:25:00.407+0000] {dagbag.py:540} INFO - Filling up the DagBag from /home/airflow/.local/lib/python3.12/site-packages/airflow/example_dags/example_python_operator.py
[2025-02-26T01:25:00.423+0000] {processor.py:840} INFO - DAG(s) 'example_python_operator' retrieved from /home/airflow/.local/lib/python3.12/site-packages/airflow/example_dags/example_python_operator.py
[2025-02-26T01:25:00.459+0000] {logging_mixin.py:188} INFO - [2025-02-26T01:25:00.458+0000] {dag.py:3096} INFO - Sync 1 DAGs
[2025-02-26T01:25:00.474+0000] {logging_mixin.py:188} INFO - [2025-02-26T01:25:00.474+0000] {dag.py:3954} INFO - Setting next_dagrun for example_python_operator to None, run_after=None
[2025-02-26T01:25:00.499+0000] {processor.py:183} INFO - Processing /home/airflow/.local/lib/python3.12/site-packages/airflow/example_dags/example_python_operator.py took 0.104 seconds
[2025-02-26T01:25:30.818+0000] {processor.py:161} INFO - Started process (PID=804) to work on /home/airflow/.local/lib/python3.12/site-packages/airflow/example_dags/example_python_operator.py
[2025-02-26T01:25:30.820+0000] {processor.py:830} INFO - Processing file /home/airflow/.local/lib/python3.12/site-packages/airflow/example_dags/example_python_operator.py for tasks to queue
[2025-02-26T01:25:30.822+0000] {logging_mixin.py:188} INFO - [2025-02-26T01:25:30.822+0000] {dagbag.py:540} INFO - Filling up the DagBag from /home/airflow/.local/lib/python3.12/site-packages/airflow/example_dags/example_python_operator.py
[2025-02-26T01:25:30.836+0000] {processor.py:840} INFO - DAG(s) 'example_python_operator' retrieved from /home/airflow/.local/lib/python3.12/site-packages/airflow/example_dags/example_python_operator.py
[2025-02-26T01:25:30.863+0000] {logging_mixin.py:188} INFO - [2025-02-26T01:25:30.863+0000] {dag.py:3096} INFO - Sync 1 DAGs
[2025-02-26T01:25:30.879+0000] {logging_mixin.py:188} INFO - [2025-02-26T01:25:30.879+0000] {dag.py:3954} INFO - Setting next_dagrun for example_python_operator to None, run_after=None
[2025-02-26T01:25:30.900+0000] {processor.py:183} INFO - Processing /home/airflow/.local/lib/python3.12/site-packages/airflow/example_dags/example_python_operator.py took 0.089 seconds
[2025-02-26T01:26:01.340+0000] {processor.py:161} INFO - Started process (PID=865) to work on /home/airflow/.local/lib/python3.12/site-packages/airflow/example_dags/example_python_operator.py
[2025-02-26T01:26:01.341+0000] {processor.py:830} INFO - Processing file /home/airflow/.local/lib/python3.12/site-packages/airflow/example_dags/example_python_operator.py for tasks to queue
[2025-02-26T01:26:01.343+0000] {logging_mixin.py:188} INFO - [2025-02-26T01:26:01.343+0000] {dagbag.py:540} INFO - Filling up the DagBag from /home/airflow/.local/lib/python3.12/site-packages/airflow/example_dags/example_python_operator.py
[2025-02-26T01:26:01.355+0000] {processor.py:840} INFO - DAG(s) 'example_python_operator' retrieved from /home/airflow/.local/lib/python3.12/site-packages/airflow/example_dags/example_python_operator.py
[2025-02-26T01:26:01.380+0000] {logging_mixin.py:188} INFO - [2025-02-26T01:26:01.379+0000] {dag.py:3096} INFO - Sync 1 DAGs
[2025-02-26T01:26:01.393+0000] {logging_mixin.py:188} INFO - [2025-02-26T01:26:01.393+0000] {dag.py:3954} INFO - Setting next_dagrun for example_python_operator to None, run_after=None
[2025-02-26T01:26:01.415+0000] {processor.py:183} INFO - Processing /home/airflow/.local/lib/python3.12/site-packages/airflow/example_dags/example_python_operator.py took 0.082 seconds
[2025-02-26T01:26:35.124+0000] {processor.py:161} INFO - Started process (PID=928) to work on /home/airflow/.local/lib/python3.12/site-packages/airflow/example_dags/example_python_operator.py
[2025-02-26T01:26:35.131+0000] {processor.py:830} INFO - Processing file /home/airflow/.local/lib/python3.12/site-packages/airflow/example_dags/example_python_operator.py for tasks to queue
[2025-02-26T01:26:35.135+0000] {logging_mixin.py:188} INFO - [2025-02-26T01:26:35.135+0000] {dagbag.py:540} INFO - Filling up the DagBag from /home/airflow/.local/lib/python3.12/site-packages/airflow/example_dags/example_python_operator.py
[2025-02-26T01:26:35.160+0000] {processor.py:840} INFO - DAG(s) 'example_python_operator' retrieved from /home/airflow/.local/lib/python3.12/site-packages/airflow/example_dags/example_python_operator.py
[2025-02-26T01:26:35.214+0000] {logging_mixin.py:188} INFO - [2025-02-26T01:26:35.214+0000] {dag.py:3096} INFO - Sync 1 DAGs
[2025-02-26T01:26:35.245+0000] {logging_mixin.py:188} INFO - [2025-02-26T01:26:35.244+0000] {dag.py:3954} INFO - Setting next_dagrun for example_python_operator to None, run_after=None
[2025-02-26T01:26:35.283+0000] {processor.py:183} INFO - Processing /home/airflow/.local/lib/python3.12/site-packages/airflow/example_dags/example_python_operator.py took 0.175 seconds
[2025-02-26T01:27:05.932+0000] {processor.py:161} INFO - Started process (PID=988) to work on /home/airflow/.local/lib/python3.12/site-packages/airflow/example_dags/example_python_operator.py
[2025-02-26T01:27:05.933+0000] {processor.py:830} INFO - Processing file /home/airflow/.local/lib/python3.12/site-packages/airflow/example_dags/example_python_operator.py for tasks to queue
[2025-02-26T01:27:05.936+0000] {logging_mixin.py:188} INFO - [2025-02-26T01:27:05.935+0000] {dagbag.py:540} INFO - Filling up the DagBag from /home/airflow/.local/lib/python3.12/site-packages/airflow/example_dags/example_python_operator.py
[2025-02-26T01:27:05.947+0000] {processor.py:840} INFO - DAG(s) 'example_python_operator' retrieved from /home/airflow/.local/lib/python3.12/site-packages/airflow/example_dags/example_python_operator.py
[2025-02-26T01:27:05.971+0000] {logging_mixin.py:188} INFO - [2025-02-26T01:27:05.971+0000] {dag.py:3096} INFO - Sync 1 DAGs
[2025-02-26T01:27:05.986+0000] {logging_mixin.py:188} INFO - [2025-02-26T01:27:05.986+0000] {dag.py:3954} INFO - Setting next_dagrun for example_python_operator to None, run_after=None
[2025-02-26T01:27:06.007+0000] {processor.py:183} INFO - Processing /home/airflow/.local/lib/python3.12/site-packages/airflow/example_dags/example_python_operator.py took 0.082 seconds
[2025-02-26T01:27:38.511+0000] {processor.py:161} INFO - Started process (PID=1048) to work on /home/airflow/.local/lib/python3.12/site-packages/airflow/example_dags/example_python_operator.py
[2025-02-26T01:27:38.514+0000] {processor.py:830} INFO - Processing file /home/airflow/.local/lib/python3.12/site-packages/airflow/example_dags/example_python_operator.py for tasks to queue
[2025-02-26T01:27:38.521+0000] {logging_mixin.py:188} INFO - [2025-02-26T01:27:38.520+0000] {dagbag.py:540} INFO - Filling up the DagBag from /home/airflow/.local/lib/python3.12/site-packages/airflow/example_dags/example_python_operator.py
[2025-02-26T01:27:38.551+0000] {processor.py:840} INFO - DAG(s) 'example_python_operator' retrieved from /home/airflow/.local/lib/python3.12/site-packages/airflow/example_dags/example_python_operator.py
[2025-02-26T01:27:38.656+0000] {logging_mixin.py:188} INFO - [2025-02-26T01:27:38.655+0000] {dag.py:3096} INFO - Sync 1 DAGs
[2025-02-26T01:27:38.683+0000] {logging_mixin.py:188} INFO - [2025-02-26T01:27:38.683+0000] {dag.py:3954} INFO - Setting next_dagrun for example_python_operator to None, run_after=None
[2025-02-26T01:27:40.608+0000] {processor.py:183} INFO - Processing /home/airflow/.local/lib/python3.12/site-packages/airflow/example_dags/example_python_operator.py took 2.120 seconds
[2025-02-26T01:28:10.863+0000] {processor.py:161} INFO - Started process (PID=1108) to work on /home/airflow/.local/lib/python3.12/site-packages/airflow/example_dags/example_python_operator.py
[2025-02-26T01:28:10.864+0000] {processor.py:830} INFO - Processing file /home/airflow/.local/lib/python3.12/site-packages/airflow/example_dags/example_python_operator.py for tasks to queue
[2025-02-26T01:28:10.867+0000] {logging_mixin.py:188} INFO - [2025-02-26T01:28:10.866+0000] {dagbag.py:540} INFO - Filling up the DagBag from /home/airflow/.local/lib/python3.12/site-packages/airflow/example_dags/example_python_operator.py
[2025-02-26T01:28:10.879+0000] {processor.py:840} INFO - DAG(s) 'example_python_operator' retrieved from /home/airflow/.local/lib/python3.12/site-packages/airflow/example_dags/example_python_operator.py
[2025-02-26T01:28:10.906+0000] {logging_mixin.py:188} INFO - [2025-02-26T01:28:10.906+0000] {dag.py:3096} INFO - Sync 1 DAGs
[2025-02-26T01:28:10.922+0000] {logging_mixin.py:188} INFO - [2025-02-26T01:28:10.922+0000] {dag.py:3954} INFO - Setting next_dagrun for example_python_operator to None, run_after=None
[2025-02-26T01:28:10.950+0000] {processor.py:183} INFO - Processing /home/airflow/.local/lib/python3.12/site-packages/airflow/example_dags/example_python_operator.py took 0.094 seconds
[2025-02-26T01:28:41.420+0000] {processor.py:161} INFO - Started process (PID=1168) to work on /home/airflow/.local/lib/python3.12/site-packages/airflow/example_dags/example_python_operator.py
[2025-02-26T01:28:41.421+0000] {processor.py:830} INFO - Processing file /home/airflow/.local/lib/python3.12/site-packages/airflow/example_dags/example_python_operator.py for tasks to queue
[2025-02-26T01:28:41.424+0000] {logging_mixin.py:188} INFO - [2025-02-26T01:28:41.423+0000] {dagbag.py:540} INFO - Filling up the DagBag from /home/airflow/.local/lib/python3.12/site-packages/airflow/example_dags/example_python_operator.py
[2025-02-26T01:28:41.434+0000] {processor.py:840} INFO - DAG(s) 'example_python_operator' retrieved from /home/airflow/.local/lib/python3.12/site-packages/airflow/example_dags/example_python_operator.py
[2025-02-26T01:28:41.459+0000] {logging_mixin.py:188} INFO - [2025-02-26T01:28:41.459+0000] {dag.py:3096} INFO - Sync 1 DAGs
[2025-02-26T01:28:41.475+0000] {logging_mixin.py:188} INFO - [2025-02-26T01:28:41.474+0000] {dag.py:3954} INFO - Setting next_dagrun for example_python_operator to None, run_after=None
[2025-02-26T01:28:41.497+0000] {processor.py:183} INFO - Processing /home/airflow/.local/lib/python3.12/site-packages/airflow/example_dags/example_python_operator.py took 0.084 seconds
[2025-02-26T01:29:11.951+0000] {processor.py:161} INFO - Started process (PID=1228) to work on /home/airflow/.local/lib/python3.12/site-packages/airflow/example_dags/example_python_operator.py
[2025-02-26T01:29:11.952+0000] {processor.py:830} INFO - Processing file /home/airflow/.local/lib/python3.12/site-packages/airflow/example_dags/example_python_operator.py for tasks to queue
[2025-02-26T01:29:11.955+0000] {logging_mixin.py:188} INFO - [2025-02-26T01:29:11.955+0000] {dagbag.py:540} INFO - Filling up the DagBag from /home/airflow/.local/lib/python3.12/site-packages/airflow/example_dags/example_python_operator.py
[2025-02-26T01:29:11.973+0000] {processor.py:840} INFO - DAG(s) 'example_python_operator' retrieved from /home/airflow/.local/lib/python3.12/site-packages/airflow/example_dags/example_python_operator.py
[2025-02-26T01:29:12.016+0000] {logging_mixin.py:188} INFO - [2025-02-26T01:29:12.015+0000] {dag.py:3096} INFO - Sync 1 DAGs
[2025-02-26T01:29:12.036+0000] {logging_mixin.py:188} INFO - [2025-02-26T01:29:12.035+0000] {dag.py:3954} INFO - Setting next_dagrun for example_python_operator to None, run_after=None
[2025-02-26T01:29:12.062+0000] {processor.py:183} INFO - Processing /home/airflow/.local/lib/python3.12/site-packages/airflow/example_dags/example_python_operator.py took 0.122 seconds
[2025-02-26T01:29:42.153+0000] {processor.py:161} INFO - Started process (PID=1287) to work on /home/airflow/.local/lib/python3.12/site-packages/airflow/example_dags/example_python_operator.py
[2025-02-26T01:29:42.155+0000] {processor.py:830} INFO - Processing file /home/airflow/.local/lib/python3.12/site-packages/airflow/example_dags/example_python_operator.py for tasks to queue
[2025-02-26T01:29:42.157+0000] {logging_mixin.py:188} INFO - [2025-02-26T01:29:42.157+0000] {dagbag.py:540} INFO - Filling up the DagBag from /home/airflow/.local/lib/python3.12/site-packages/airflow/example_dags/example_python_operator.py
[2025-02-26T01:29:42.169+0000] {processor.py:840} INFO - DAG(s) 'example_python_operator' retrieved from /home/airflow/.local/lib/python3.12/site-packages/airflow/example_dags/example_python_operator.py
[2025-02-26T01:29:42.196+0000] {logging_mixin.py:188} INFO - [2025-02-26T01:29:42.195+0000] {dag.py:3096} INFO - Sync 1 DAGs
[2025-02-26T01:29:42.213+0000] {logging_mixin.py:188} INFO - [2025-02-26T01:29:42.213+0000] {dag.py:3954} INFO - Setting next_dagrun for example_python_operator to None, run_after=None
[2025-02-26T01:29:42.235+0000] {processor.py:183} INFO - Processing /home/airflow/.local/lib/python3.12/site-packages/airflow/example_dags/example_python_operator.py took 0.092 seconds
[2025-02-26T01:30:12.471+0000] {processor.py:161} INFO - Started process (PID=1346) to work on /home/airflow/.local/lib/python3.12/site-packages/airflow/example_dags/example_python_operator.py
[2025-02-26T01:30:12.472+0000] {processor.py:830} INFO - Processing file /home/airflow/.local/lib/python3.12/site-packages/airflow/example_dags/example_python_operator.py for tasks to queue
[2025-02-26T01:30:12.474+0000] {logging_mixin.py:188} INFO - [2025-02-26T01:30:12.473+0000] {dagbag.py:540} INFO - Filling up the DagBag from /home/airflow/.local/lib/python3.12/site-packages/airflow/example_dags/example_python_operator.py
[2025-02-26T01:30:12.484+0000] {processor.py:840} INFO - DAG(s) 'example_python_operator' retrieved from /home/airflow/.local/lib/python3.12/site-packages/airflow/example_dags/example_python_operator.py
[2025-02-26T01:30:12.509+0000] {logging_mixin.py:188} INFO - [2025-02-26T01:30:12.509+0000] {dag.py:3096} INFO - Sync 1 DAGs
[2025-02-26T01:30:12.522+0000] {logging_mixin.py:188} INFO - [2025-02-26T01:30:12.522+0000] {dag.py:3954} INFO - Setting next_dagrun for example_python_operator to None, run_after=None
[2025-02-26T01:30:12.548+0000] {processor.py:183} INFO - Processing /home/airflow/.local/lib/python3.12/site-packages/airflow/example_dags/example_python_operator.py took 0.083 seconds
[2025-02-26T01:30:42.679+0000] {processor.py:161} INFO - Started process (PID=1411) to work on /home/airflow/.local/lib/python3.12/site-packages/airflow/example_dags/example_python_operator.py
[2025-02-26T01:30:42.680+0000] {processor.py:830} INFO - Processing file /home/airflow/.local/lib/python3.12/site-packages/airflow/example_dags/example_python_operator.py for tasks to queue
[2025-02-26T01:30:42.682+0000] {logging_mixin.py:188} INFO - [2025-02-26T01:30:42.682+0000] {dagbag.py:540} INFO - Filling up the DagBag from /home/airflow/.local/lib/python3.12/site-packages/airflow/example_dags/example_python_operator.py
[2025-02-26T01:30:42.694+0000] {processor.py:840} INFO - DAG(s) 'example_python_operator' retrieved from /home/airflow/.local/lib/python3.12/site-packages/airflow/example_dags/example_python_operator.py
[2025-02-26T01:30:42.719+0000] {logging_mixin.py:188} INFO - [2025-02-26T01:30:42.719+0000] {dag.py:3096} INFO - Sync 1 DAGs
[2025-02-26T01:30:42.734+0000] {logging_mixin.py:188} INFO - [2025-02-26T01:30:42.734+0000] {dag.py:3954} INFO - Setting next_dagrun for example_python_operator to None, run_after=None
[2025-02-26T01:30:42.760+0000] {processor.py:183} INFO - Processing /home/airflow/.local/lib/python3.12/site-packages/airflow/example_dags/example_python_operator.py took 0.087 seconds
[2025-02-26T01:31:13.024+0000] {processor.py:161} INFO - Started process (PID=1471) to work on /home/airflow/.local/lib/python3.12/site-packages/airflow/example_dags/example_python_operator.py
[2025-02-26T01:31:13.026+0000] {processor.py:830} INFO - Processing file /home/airflow/.local/lib/python3.12/site-packages/airflow/example_dags/example_python_operator.py for tasks to queue
[2025-02-26T01:31:13.028+0000] {logging_mixin.py:188} INFO - [2025-02-26T01:31:13.028+0000] {dagbag.py:540} INFO - Filling up the DagBag from /home/airflow/.local/lib/python3.12/site-packages/airflow/example_dags/example_python_operator.py
[2025-02-26T01:31:13.044+0000] {processor.py:840} INFO - DAG(s) 'example_python_operator' retrieved from /home/airflow/.local/lib/python3.12/site-packages/airflow/example_dags/example_python_operator.py
[2025-02-26T01:31:13.077+0000] {logging_mixin.py:188} INFO - [2025-02-26T01:31:13.077+0000] {dag.py:3096} INFO - Sync 1 DAGs
[2025-02-26T01:31:13.094+0000] {logging_mixin.py:188} INFO - [2025-02-26T01:31:13.094+0000] {dag.py:3954} INFO - Setting next_dagrun for example_python_operator to None, run_after=None
[2025-02-26T01:31:13.129+0000] {processor.py:183} INFO - Processing /home/airflow/.local/lib/python3.12/site-packages/airflow/example_dags/example_python_operator.py took 0.114 seconds
[2025-02-26T01:31:43.581+0000] {processor.py:161} INFO - Started process (PID=1531) to work on /home/airflow/.local/lib/python3.12/site-packages/airflow/example_dags/example_python_operator.py
[2025-02-26T01:31:43.582+0000] {processor.py:830} INFO - Processing file /home/airflow/.local/lib/python3.12/site-packages/airflow/example_dags/example_python_operator.py for tasks to queue
[2025-02-26T01:31:43.585+0000] {logging_mixin.py:188} INFO - [2025-02-26T01:31:43.584+0000] {dagbag.py:540} INFO - Filling up the DagBag from /home/airflow/.local/lib/python3.12/site-packages/airflow/example_dags/example_python_operator.py
[2025-02-26T01:31:43.596+0000] {processor.py:840} INFO - DAG(s) 'example_python_operator' retrieved from /home/airflow/.local/lib/python3.12/site-packages/airflow/example_dags/example_python_operator.py
[2025-02-26T01:31:43.629+0000] {logging_mixin.py:188} INFO - [2025-02-26T01:31:43.629+0000] {dag.py:3096} INFO - Sync 1 DAGs
[2025-02-26T01:31:43.645+0000] {logging_mixin.py:188} INFO - [2025-02-26T01:31:43.644+0000] {dag.py:3954} INFO - Setting next_dagrun for example_python_operator to None, run_after=None
[2025-02-26T01:31:43.667+0000] {processor.py:183} INFO - Processing /home/airflow/.local/lib/python3.12/site-packages/airflow/example_dags/example_python_operator.py took 0.093 seconds
[2025-02-26T01:32:14.660+0000] {processor.py:161} INFO - Started process (PID=1591) to work on /home/airflow/.local/lib/python3.12/site-packages/airflow/example_dags/example_python_operator.py
[2025-02-26T01:32:14.661+0000] {processor.py:830} INFO - Processing file /home/airflow/.local/lib/python3.12/site-packages/airflow/example_dags/example_python_operator.py for tasks to queue
[2025-02-26T01:32:14.664+0000] {logging_mixin.py:188} INFO - [2025-02-26T01:32:14.664+0000] {dagbag.py:540} INFO - Filling up the DagBag from /home/airflow/.local/lib/python3.12/site-packages/airflow/example_dags/example_python_operator.py
[2025-02-26T01:32:14.688+0000] {processor.py:840} INFO - DAG(s) 'example_python_operator' retrieved from /home/airflow/.local/lib/python3.12/site-packages/airflow/example_dags/example_python_operator.py
[2025-02-26T01:32:14.739+0000] {logging_mixin.py:188} INFO - [2025-02-26T01:32:14.738+0000] {dag.py:3096} INFO - Sync 1 DAGs
[2025-02-26T01:32:14.761+0000] {logging_mixin.py:188} INFO - [2025-02-26T01:32:14.761+0000] {dag.py:3954} INFO - Setting next_dagrun for example_python_operator to None, run_after=None
[2025-02-26T01:32:14.811+0000] {processor.py:183} INFO - Processing /home/airflow/.local/lib/python3.12/site-packages/airflow/example_dags/example_python_operator.py took 0.167 seconds
[2025-02-26T01:32:44.989+0000] {processor.py:161} INFO - Started process (PID=1652) to work on /home/airflow/.local/lib/python3.12/site-packages/airflow/example_dags/example_python_operator.py
[2025-02-26T01:32:44.991+0000] {processor.py:830} INFO - Processing file /home/airflow/.local/lib/python3.12/site-packages/airflow/example_dags/example_python_operator.py for tasks to queue
[2025-02-26T01:32:44.996+0000] {logging_mixin.py:188} INFO - [2025-02-26T01:32:44.995+0000] {dagbag.py:540} INFO - Filling up the DagBag from /home/airflow/.local/lib/python3.12/site-packages/airflow/example_dags/example_python_operator.py
[2025-02-26T01:32:45.022+0000] {processor.py:840} INFO - DAG(s) 'example_python_operator' retrieved from /home/airflow/.local/lib/python3.12/site-packages/airflow/example_dags/example_python_operator.py
[2025-02-26T01:32:45.081+0000] {logging_mixin.py:188} INFO - [2025-02-26T01:32:45.081+0000] {dag.py:3096} INFO - Sync 1 DAGs
[2025-02-26T01:32:45.112+0000] {logging_mixin.py:188} INFO - [2025-02-26T01:32:45.111+0000] {dag.py:3954} INFO - Setting next_dagrun for example_python_operator to None, run_after=None
[2025-02-26T01:32:45.156+0000] {processor.py:183} INFO - Processing /home/airflow/.local/lib/python3.12/site-packages/airflow/example_dags/example_python_operator.py took 0.184 seconds
[2025-02-26T01:33:15.674+0000] {processor.py:161} INFO - Started process (PID=1718) to work on /home/airflow/.local/lib/python3.12/site-packages/airflow/example_dags/example_python_operator.py
[2025-02-26T01:33:15.676+0000] {processor.py:830} INFO - Processing file /home/airflow/.local/lib/python3.12/site-packages/airflow/example_dags/example_python_operator.py for tasks to queue
[2025-02-26T01:33:15.679+0000] {logging_mixin.py:188} INFO - [2025-02-26T01:33:15.679+0000] {dagbag.py:540} INFO - Filling up the DagBag from /home/airflow/.local/lib/python3.12/site-packages/airflow/example_dags/example_python_operator.py
[2025-02-26T01:33:15.692+0000] {processor.py:840} INFO - DAG(s) 'example_python_operator' retrieved from /home/airflow/.local/lib/python3.12/site-packages/airflow/example_dags/example_python_operator.py
[2025-02-26T01:33:15.718+0000] {logging_mixin.py:188} INFO - [2025-02-26T01:33:15.717+0000] {dag.py:3096} INFO - Sync 1 DAGs
[2025-02-26T01:33:15.733+0000] {logging_mixin.py:188} INFO - [2025-02-26T01:33:15.732+0000] {dag.py:3954} INFO - Setting next_dagrun for example_python_operator to None, run_after=None
[2025-02-26T01:33:17.125+0000] {processor.py:183} INFO - Processing /home/airflow/.local/lib/python3.12/site-packages/airflow/example_dags/example_python_operator.py took 1.461 seconds
[2025-02-26T01:33:47.176+0000] {processor.py:161} INFO - Started process (PID=1771) to work on /home/airflow/.local/lib/python3.12/site-packages/airflow/example_dags/example_python_operator.py
[2025-02-26T01:33:47.177+0000] {processor.py:830} INFO - Processing file /home/airflow/.local/lib/python3.12/site-packages/airflow/example_dags/example_python_operator.py for tasks to queue
[2025-02-26T01:33:47.179+0000] {logging_mixin.py:188} INFO - [2025-02-26T01:33:47.179+0000] {dagbag.py:540} INFO - Filling up the DagBag from /home/airflow/.local/lib/python3.12/site-packages/airflow/example_dags/example_python_operator.py
[2025-02-26T01:33:47.191+0000] {processor.py:840} INFO - DAG(s) 'example_python_operator' retrieved from /home/airflow/.local/lib/python3.12/site-packages/airflow/example_dags/example_python_operator.py
[2025-02-26T01:33:47.217+0000] {logging_mixin.py:188} INFO - [2025-02-26T01:33:47.216+0000] {dag.py:3096} INFO - Sync 1 DAGs
[2025-02-26T01:33:47.231+0000] {logging_mixin.py:188} INFO - [2025-02-26T01:33:47.231+0000] {dag.py:3954} INFO - Setting next_dagrun for example_python_operator to None, run_after=None
[2025-02-26T01:33:47.256+0000] {processor.py:183} INFO - Processing /home/airflow/.local/lib/python3.12/site-packages/airflow/example_dags/example_python_operator.py took 0.089 seconds
[2025-02-26T01:34:17.686+0000] {processor.py:161} INFO - Started process (PID=1838) to work on /home/airflow/.local/lib/python3.12/site-packages/airflow/example_dags/example_python_operator.py
[2025-02-26T01:34:17.687+0000] {processor.py:830} INFO - Processing file /home/airflow/.local/lib/python3.12/site-packages/airflow/example_dags/example_python_operator.py for tasks to queue
[2025-02-26T01:34:17.691+0000] {logging_mixin.py:188} INFO - [2025-02-26T01:34:17.691+0000] {dagbag.py:540} INFO - Filling up the DagBag from /home/airflow/.local/lib/python3.12/site-packages/airflow/example_dags/example_python_operator.py
[2025-02-26T01:34:17.708+0000] {processor.py:840} INFO - DAG(s) 'example_python_operator' retrieved from /home/airflow/.local/lib/python3.12/site-packages/airflow/example_dags/example_python_operator.py
[2025-02-26T01:34:17.754+0000] {logging_mixin.py:188} INFO - [2025-02-26T01:34:17.754+0000] {dag.py:3096} INFO - Sync 1 DAGs
[2025-02-26T01:34:17.778+0000] {logging_mixin.py:188} INFO - [2025-02-26T01:34:17.777+0000] {dag.py:3954} INFO - Setting next_dagrun for example_python_operator to None, run_after=None
[2025-02-26T01:34:17.813+0000] {processor.py:183} INFO - Processing /home/airflow/.local/lib/python3.12/site-packages/airflow/example_dags/example_python_operator.py took 0.138 seconds
[2025-02-26T01:34:48.049+0000] {processor.py:161} INFO - Started process (PID=1898) to work on /home/airflow/.local/lib/python3.12/site-packages/airflow/example_dags/example_python_operator.py
[2025-02-26T01:34:48.050+0000] {processor.py:830} INFO - Processing file /home/airflow/.local/lib/python3.12/site-packages/airflow/example_dags/example_python_operator.py for tasks to queue
[2025-02-26T01:34:48.052+0000] {logging_mixin.py:188} INFO - [2025-02-26T01:34:48.052+0000] {dagbag.py:540} INFO - Filling up the DagBag from /home/airflow/.local/lib/python3.12/site-packages/airflow/example_dags/example_python_operator.py
[2025-02-26T01:34:48.064+0000] {processor.py:840} INFO - DAG(s) 'example_python_operator' retrieved from /home/airflow/.local/lib/python3.12/site-packages/airflow/example_dags/example_python_operator.py
[2025-02-26T01:34:48.090+0000] {logging_mixin.py:188} INFO - [2025-02-26T01:34:48.090+0000] {dag.py:3096} INFO - Sync 1 DAGs
[2025-02-26T01:34:48.104+0000] {logging_mixin.py:188} INFO - [2025-02-26T01:34:48.104+0000] {dag.py:3954} INFO - Setting next_dagrun for example_python_operator to None, run_after=None
[2025-02-26T01:34:48.128+0000] {processor.py:183} INFO - Processing /home/airflow/.local/lib/python3.12/site-packages/airflow/example_dags/example_python_operator.py took 0.086 seconds
[2025-02-26T01:35:18.483+0000] {processor.py:161} INFO - Started process (PID=1958) to work on /home/airflow/.local/lib/python3.12/site-packages/airflow/example_dags/example_python_operator.py
[2025-02-26T01:35:18.484+0000] {processor.py:830} INFO - Processing file /home/airflow/.local/lib/python3.12/site-packages/airflow/example_dags/example_python_operator.py for tasks to queue
[2025-02-26T01:35:18.486+0000] {logging_mixin.py:188} INFO - [2025-02-26T01:35:18.486+0000] {dagbag.py:540} INFO - Filling up the DagBag from /home/airflow/.local/lib/python3.12/site-packages/airflow/example_dags/example_python_operator.py
[2025-02-26T01:35:18.497+0000] {processor.py:840} INFO - DAG(s) 'example_python_operator' retrieved from /home/airflow/.local/lib/python3.12/site-packages/airflow/example_dags/example_python_operator.py
[2025-02-26T01:35:18.522+0000] {logging_mixin.py:188} INFO - [2025-02-26T01:35:18.521+0000] {dag.py:3096} INFO - Sync 1 DAGs
[2025-02-26T01:35:18.536+0000] {logging_mixin.py:188} INFO - [2025-02-26T01:35:18.535+0000] {dag.py:3954} INFO - Setting next_dagrun for example_python_operator to None, run_after=None
[2025-02-26T01:35:18.560+0000] {processor.py:183} INFO - Processing /home/airflow/.local/lib/python3.12/site-packages/airflow/example_dags/example_python_operator.py took 0.087 seconds
[2025-02-26T01:35:48.654+0000] {processor.py:161} INFO - Started process (PID=2018) to work on /home/airflow/.local/lib/python3.12/site-packages/airflow/example_dags/example_python_operator.py
[2025-02-26T01:35:48.655+0000] {processor.py:830} INFO - Processing file /home/airflow/.local/lib/python3.12/site-packages/airflow/example_dags/example_python_operator.py for tasks to queue
[2025-02-26T01:35:48.657+0000] {logging_mixin.py:188} INFO - [2025-02-26T01:35:48.657+0000] {dagbag.py:540} INFO - Filling up the DagBag from /home/airflow/.local/lib/python3.12/site-packages/airflow/example_dags/example_python_operator.py
[2025-02-26T01:35:48.669+0000] {processor.py:840} INFO - DAG(s) 'example_python_operator' retrieved from /home/airflow/.local/lib/python3.12/site-packages/airflow/example_dags/example_python_operator.py
[2025-02-26T01:35:48.694+0000] {logging_mixin.py:188} INFO - [2025-02-26T01:35:48.693+0000] {dag.py:3096} INFO - Sync 1 DAGs
[2025-02-26T01:35:48.708+0000] {logging_mixin.py:188} INFO - [2025-02-26T01:35:48.707+0000] {dag.py:3954} INFO - Setting next_dagrun for example_python_operator to None, run_after=None
[2025-02-26T01:35:48.729+0000] {processor.py:183} INFO - Processing /home/airflow/.local/lib/python3.12/site-packages/airflow/example_dags/example_python_operator.py took 0.082 seconds
[2025-02-26T01:36:18.997+0000] {processor.py:161} INFO - Started process (PID=2078) to work on /home/airflow/.local/lib/python3.12/site-packages/airflow/example_dags/example_python_operator.py
[2025-02-26T01:36:18.998+0000] {processor.py:830} INFO - Processing file /home/airflow/.local/lib/python3.12/site-packages/airflow/example_dags/example_python_operator.py for tasks to queue
[2025-02-26T01:36:19.001+0000] {logging_mixin.py:188} INFO - [2025-02-26T01:36:19.001+0000] {dagbag.py:540} INFO - Filling up the DagBag from /home/airflow/.local/lib/python3.12/site-packages/airflow/example_dags/example_python_operator.py
[2025-02-26T01:36:19.013+0000] {processor.py:840} INFO - DAG(s) 'example_python_operator' retrieved from /home/airflow/.local/lib/python3.12/site-packages/airflow/example_dags/example_python_operator.py
[2025-02-26T01:36:19.041+0000] {logging_mixin.py:188} INFO - [2025-02-26T01:36:19.041+0000] {dag.py:3096} INFO - Sync 1 DAGs
[2025-02-26T01:36:19.057+0000] {logging_mixin.py:188} INFO - [2025-02-26T01:36:19.056+0000] {dag.py:3954} INFO - Setting next_dagrun for example_python_operator to None, run_after=None
[2025-02-26T01:36:19.081+0000] {processor.py:183} INFO - Processing /home/airflow/.local/lib/python3.12/site-packages/airflow/example_dags/example_python_operator.py took 0.092 seconds
[2025-02-26T01:36:49.778+0000] {processor.py:161} INFO - Started process (PID=2138) to work on /home/airflow/.local/lib/python3.12/site-packages/airflow/example_dags/example_python_operator.py
[2025-02-26T01:36:49.779+0000] {processor.py:830} INFO - Processing file /home/airflow/.local/lib/python3.12/site-packages/airflow/example_dags/example_python_operator.py for tasks to queue
[2025-02-26T01:36:49.781+0000] {logging_mixin.py:188} INFO - [2025-02-26T01:36:49.781+0000] {dagbag.py:540} INFO - Filling up the DagBag from /home/airflow/.local/lib/python3.12/site-packages/airflow/example_dags/example_python_operator.py
[2025-02-26T01:36:49.793+0000] {processor.py:840} INFO - DAG(s) 'example_python_operator' retrieved from /home/airflow/.local/lib/python3.12/site-packages/airflow/example_dags/example_python_operator.py
[2025-02-26T01:36:49.821+0000] {logging_mixin.py:188} INFO - [2025-02-26T01:36:49.820+0000] {dag.py:3096} INFO - Sync 1 DAGs
[2025-02-26T01:36:49.837+0000] {logging_mixin.py:188} INFO - [2025-02-26T01:36:49.837+0000] {dag.py:3954} INFO - Setting next_dagrun for example_python_operator to None, run_after=None
[2025-02-26T01:36:49.864+0000] {processor.py:183} INFO - Processing /home/airflow/.local/lib/python3.12/site-packages/airflow/example_dags/example_python_operator.py took 0.094 seconds
[2025-02-26T01:37:20.667+0000] {processor.py:161} INFO - Started process (PID=2198) to work on /home/airflow/.local/lib/python3.12/site-packages/airflow/example_dags/example_python_operator.py
[2025-02-26T01:37:20.668+0000] {processor.py:830} INFO - Processing file /home/airflow/.local/lib/python3.12/site-packages/airflow/example_dags/example_python_operator.py for tasks to queue
[2025-02-26T01:37:20.671+0000] {logging_mixin.py:188} INFO - [2025-02-26T01:37:20.671+0000] {dagbag.py:540} INFO - Filling up the DagBag from /home/airflow/.local/lib/python3.12/site-packages/airflow/example_dags/example_python_operator.py
[2025-02-26T01:37:20.683+0000] {processor.py:840} INFO - DAG(s) 'example_python_operator' retrieved from /home/airflow/.local/lib/python3.12/site-packages/airflow/example_dags/example_python_operator.py
[2025-02-26T01:37:20.713+0000] {logging_mixin.py:188} INFO - [2025-02-26T01:37:20.713+0000] {dag.py:3096} INFO - Sync 1 DAGs
[2025-02-26T01:37:20.729+0000] {logging_mixin.py:188} INFO - [2025-02-26T01:37:20.729+0000] {dag.py:3954} INFO - Setting next_dagrun for example_python_operator to None, run_after=None
[2025-02-26T01:37:20.752+0000] {processor.py:183} INFO - Processing /home/airflow/.local/lib/python3.12/site-packages/airflow/example_dags/example_python_operator.py took 0.093 seconds
[2025-02-26T01:37:50.822+0000] {processor.py:161} INFO - Started process (PID=2258) to work on /home/airflow/.local/lib/python3.12/site-packages/airflow/example_dags/example_python_operator.py
[2025-02-26T01:37:50.824+0000] {processor.py:830} INFO - Processing file /home/airflow/.local/lib/python3.12/site-packages/airflow/example_dags/example_python_operator.py for tasks to queue
[2025-02-26T01:37:50.826+0000] {logging_mixin.py:188} INFO - [2025-02-26T01:37:50.826+0000] {dagbag.py:540} INFO - Filling up the DagBag from /home/airflow/.local/lib/python3.12/site-packages/airflow/example_dags/example_python_operator.py
[2025-02-26T01:37:50.840+0000] {processor.py:840} INFO - DAG(s) 'example_python_operator' retrieved from /home/airflow/.local/lib/python3.12/site-packages/airflow/example_dags/example_python_operator.py
[2025-02-26T01:37:50.869+0000] {logging_mixin.py:188} INFO - [2025-02-26T01:37:50.869+0000] {dag.py:3096} INFO - Sync 1 DAGs
[2025-02-26T01:37:50.887+0000] {logging_mixin.py:188} INFO - [2025-02-26T01:37:50.887+0000] {dag.py:3954} INFO - Setting next_dagrun for example_python_operator to None, run_after=None
[2025-02-26T01:37:50.911+0000] {processor.py:183} INFO - Processing /home/airflow/.local/lib/python3.12/site-packages/airflow/example_dags/example_python_operator.py took 0.100 seconds
[2025-02-26T01:38:21.197+0000] {processor.py:161} INFO - Started process (PID=2318) to work on /home/airflow/.local/lib/python3.12/site-packages/airflow/example_dags/example_python_operator.py
[2025-02-26T01:38:21.198+0000] {processor.py:830} INFO - Processing file /home/airflow/.local/lib/python3.12/site-packages/airflow/example_dags/example_python_operator.py for tasks to queue
[2025-02-26T01:38:21.200+0000] {logging_mixin.py:188} INFO - [2025-02-26T01:38:21.200+0000] {dagbag.py:540} INFO - Filling up the DagBag from /home/airflow/.local/lib/python3.12/site-packages/airflow/example_dags/example_python_operator.py
[2025-02-26T01:38:21.212+0000] {processor.py:840} INFO - DAG(s) 'example_python_operator' retrieved from /home/airflow/.local/lib/python3.12/site-packages/airflow/example_dags/example_python_operator.py
[2025-02-26T01:38:21.241+0000] {logging_mixin.py:188} INFO - [2025-02-26T01:38:21.241+0000] {dag.py:3096} INFO - Sync 1 DAGs
[2025-02-26T01:38:21.258+0000] {logging_mixin.py:188} INFO - [2025-02-26T01:38:21.258+0000] {dag.py:3954} INFO - Setting next_dagrun for example_python_operator to None, run_after=None
[2025-02-26T01:38:21.284+0000] {processor.py:183} INFO - Processing /home/airflow/.local/lib/python3.12/site-packages/airflow/example_dags/example_python_operator.py took 0.096 seconds
[2025-02-26T01:38:51.898+0000] {processor.py:161} INFO - Started process (PID=2378) to work on /home/airflow/.local/lib/python3.12/site-packages/airflow/example_dags/example_python_operator.py
[2025-02-26T01:38:51.900+0000] {processor.py:830} INFO - Processing file /home/airflow/.local/lib/python3.12/site-packages/airflow/example_dags/example_python_operator.py for tasks to queue
[2025-02-26T01:38:51.902+0000] {logging_mixin.py:188} INFO - [2025-02-26T01:38:51.902+0000] {dagbag.py:540} INFO - Filling up the DagBag from /home/airflow/.local/lib/python3.12/site-packages/airflow/example_dags/example_python_operator.py
[2025-02-26T01:38:51.913+0000] {processor.py:840} INFO - DAG(s) 'example_python_operator' retrieved from /home/airflow/.local/lib/python3.12/site-packages/airflow/example_dags/example_python_operator.py
[2025-02-26T01:38:51.939+0000] {logging_mixin.py:188} INFO - [2025-02-26T01:38:51.939+0000] {dag.py:3096} INFO - Sync 1 DAGs
[2025-02-26T01:38:51.954+0000] {logging_mixin.py:188} INFO - [2025-02-26T01:38:51.954+0000] {dag.py:3954} INFO - Setting next_dagrun for example_python_operator to None, run_after=None
[2025-02-26T01:38:51.979+0000] {processor.py:183} INFO - Processing /home/airflow/.local/lib/python3.12/site-packages/airflow/example_dags/example_python_operator.py took 0.087 seconds
[2025-02-26T01:39:22.315+0000] {processor.py:161} INFO - Started process (PID=2438) to work on /home/airflow/.local/lib/python3.12/site-packages/airflow/example_dags/example_python_operator.py
[2025-02-26T01:39:22.317+0000] {processor.py:830} INFO - Processing file /home/airflow/.local/lib/python3.12/site-packages/airflow/example_dags/example_python_operator.py for tasks to queue
[2025-02-26T01:39:22.321+0000] {logging_mixin.py:188} INFO - [2025-02-26T01:39:22.321+0000] {dagbag.py:540} INFO - Filling up the DagBag from /home/airflow/.local/lib/python3.12/site-packages/airflow/example_dags/example_python_operator.py
[2025-02-26T01:39:22.334+0000] {processor.py:840} INFO - DAG(s) 'example_python_operator' retrieved from /home/airflow/.local/lib/python3.12/site-packages/airflow/example_dags/example_python_operator.py
[2025-02-26T01:39:22.368+0000] {logging_mixin.py:188} INFO - [2025-02-26T01:39:22.367+0000] {dag.py:3096} INFO - Sync 1 DAGs
[2025-02-26T01:39:22.383+0000] {logging_mixin.py:188} INFO - [2025-02-26T01:39:22.383+0000] {dag.py:3954} INFO - Setting next_dagrun for example_python_operator to None, run_after=None
[2025-02-26T01:39:22.408+0000] {processor.py:183} INFO - Processing /home/airflow/.local/lib/python3.12/site-packages/airflow/example_dags/example_python_operator.py took 0.100 seconds
[2025-02-26T01:39:52.816+0000] {processor.py:161} INFO - Started process (PID=2498) to work on /home/airflow/.local/lib/python3.12/site-packages/airflow/example_dags/example_python_operator.py
[2025-02-26T01:39:52.818+0000] {processor.py:830} INFO - Processing file /home/airflow/.local/lib/python3.12/site-packages/airflow/example_dags/example_python_operator.py for tasks to queue
[2025-02-26T01:39:52.820+0000] {logging_mixin.py:188} INFO - [2025-02-26T01:39:52.819+0000] {dagbag.py:540} INFO - Filling up the DagBag from /home/airflow/.local/lib/python3.12/site-packages/airflow/example_dags/example_python_operator.py
[2025-02-26T01:39:52.831+0000] {processor.py:840} INFO - DAG(s) 'example_python_operator' retrieved from /home/airflow/.local/lib/python3.12/site-packages/airflow/example_dags/example_python_operator.py
[2025-02-26T01:39:52.856+0000] {logging_mixin.py:188} INFO - [2025-02-26T01:39:52.855+0000] {dag.py:3096} INFO - Sync 1 DAGs
[2025-02-26T01:39:52.869+0000] {logging_mixin.py:188} INFO - [2025-02-26T01:39:52.869+0000] {dag.py:3954} INFO - Setting next_dagrun for example_python_operator to None, run_after=None
[2025-02-26T01:39:52.892+0000] {processor.py:183} INFO - Processing /home/airflow/.local/lib/python3.12/site-packages/airflow/example_dags/example_python_operator.py took 0.082 seconds
[2025-02-26T01:40:23.378+0000] {processor.py:161} INFO - Started process (PID=2558) to work on /home/airflow/.local/lib/python3.12/site-packages/airflow/example_dags/example_python_operator.py
[2025-02-26T01:40:23.379+0000] {processor.py:830} INFO - Processing file /home/airflow/.local/lib/python3.12/site-packages/airflow/example_dags/example_python_operator.py for tasks to queue
[2025-02-26T01:40:23.382+0000] {logging_mixin.py:188} INFO - [2025-02-26T01:40:23.381+0000] {dagbag.py:540} INFO - Filling up the DagBag from /home/airflow/.local/lib/python3.12/site-packages/airflow/example_dags/example_python_operator.py
[2025-02-26T01:40:23.393+0000] {processor.py:840} INFO - DAG(s) 'example_python_operator' retrieved from /home/airflow/.local/lib/python3.12/site-packages/airflow/example_dags/example_python_operator.py
[2025-02-26T01:40:23.418+0000] {logging_mixin.py:188} INFO - [2025-02-26T01:40:23.418+0000] {dag.py:3096} INFO - Sync 1 DAGs
[2025-02-26T01:40:23.431+0000] {logging_mixin.py:188} INFO - [2025-02-26T01:40:23.431+0000] {dag.py:3954} INFO - Setting next_dagrun for example_python_operator to None, run_after=None
[2025-02-26T01:40:23.453+0000] {processor.py:183} INFO - Processing /home/airflow/.local/lib/python3.12/site-packages/airflow/example_dags/example_python_operator.py took 0.081 seconds
[2025-02-26T01:40:53.861+0000] {processor.py:161} INFO - Started process (PID=2618) to work on /home/airflow/.local/lib/python3.12/site-packages/airflow/example_dags/example_python_operator.py
[2025-02-26T01:40:53.863+0000] {processor.py:830} INFO - Processing file /home/airflow/.local/lib/python3.12/site-packages/airflow/example_dags/example_python_operator.py for tasks to queue
[2025-02-26T01:40:53.867+0000] {logging_mixin.py:188} INFO - [2025-02-26T01:40:53.866+0000] {dagbag.py:540} INFO - Filling up the DagBag from /home/airflow/.local/lib/python3.12/site-packages/airflow/example_dags/example_python_operator.py
[2025-02-26T01:40:53.904+0000] {processor.py:840} INFO - DAG(s) 'example_python_operator' retrieved from /home/airflow/.local/lib/python3.12/site-packages/airflow/example_dags/example_python_operator.py
[2025-02-26T01:40:53.955+0000] {logging_mixin.py:188} INFO - [2025-02-26T01:40:53.955+0000] {dag.py:3096} INFO - Sync 1 DAGs
[2025-02-26T01:40:53.986+0000] {logging_mixin.py:188} INFO - [2025-02-26T01:40:53.985+0000] {dag.py:3954} INFO - Setting next_dagrun for example_python_operator to None, run_after=None
[2025-02-26T01:40:54.040+0000] {processor.py:183} INFO - Processing /home/airflow/.local/lib/python3.12/site-packages/airflow/example_dags/example_python_operator.py took 0.198 seconds
[2025-02-26T01:41:24.350+0000] {processor.py:161} INFO - Started process (PID=2678) to work on /home/airflow/.local/lib/python3.12/site-packages/airflow/example_dags/example_python_operator.py
[2025-02-26T01:41:24.351+0000] {processor.py:830} INFO - Processing file /home/airflow/.local/lib/python3.12/site-packages/airflow/example_dags/example_python_operator.py for tasks to queue
[2025-02-26T01:41:24.353+0000] {logging_mixin.py:188} INFO - [2025-02-26T01:41:24.352+0000] {dagbag.py:540} INFO - Filling up the DagBag from /home/airflow/.local/lib/python3.12/site-packages/airflow/example_dags/example_python_operator.py
[2025-02-26T01:41:24.363+0000] {processor.py:840} INFO - DAG(s) 'example_python_operator' retrieved from /home/airflow/.local/lib/python3.12/site-packages/airflow/example_dags/example_python_operator.py
[2025-02-26T01:41:24.388+0000] {logging_mixin.py:188} INFO - [2025-02-26T01:41:24.388+0000] {dag.py:3096} INFO - Sync 1 DAGs
[2025-02-26T01:41:24.401+0000] {logging_mixin.py:188} INFO - [2025-02-26T01:41:24.401+0000] {dag.py:3954} INFO - Setting next_dagrun for example_python_operator to None, run_after=None
[2025-02-26T01:41:24.422+0000] {processor.py:183} INFO - Processing /home/airflow/.local/lib/python3.12/site-packages/airflow/example_dags/example_python_operator.py took 0.079 seconds
[2025-02-26T01:41:54.550+0000] {processor.py:161} INFO - Started process (PID=2738) to work on /home/airflow/.local/lib/python3.12/site-packages/airflow/example_dags/example_python_operator.py
[2025-02-26T01:41:54.552+0000] {processor.py:830} INFO - Processing file /home/airflow/.local/lib/python3.12/site-packages/airflow/example_dags/example_python_operator.py for tasks to queue
[2025-02-26T01:41:54.555+0000] {logging_mixin.py:188} INFO - [2025-02-26T01:41:54.554+0000] {dagbag.py:540} INFO - Filling up the DagBag from /home/airflow/.local/lib/python3.12/site-packages/airflow/example_dags/example_python_operator.py
[2025-02-26T01:41:54.569+0000] {processor.py:840} INFO - DAG(s) 'example_python_operator' retrieved from /home/airflow/.local/lib/python3.12/site-packages/airflow/example_dags/example_python_operator.py
[2025-02-26T01:41:54.604+0000] {logging_mixin.py:188} INFO - [2025-02-26T01:41:54.603+0000] {dag.py:3096} INFO - Sync 1 DAGs
[2025-02-26T01:41:54.623+0000] {logging_mixin.py:188} INFO - [2025-02-26T01:41:54.623+0000] {dag.py:3954} INFO - Setting next_dagrun for example_python_operator to None, run_after=None
[2025-02-26T01:41:54.653+0000] {processor.py:183} INFO - Processing /home/airflow/.local/lib/python3.12/site-packages/airflow/example_dags/example_python_operator.py took 0.111 seconds
[2025-02-26T01:42:24.887+0000] {processor.py:161} INFO - Started process (PID=2798) to work on /home/airflow/.local/lib/python3.12/site-packages/airflow/example_dags/example_python_operator.py
[2025-02-26T01:42:24.888+0000] {processor.py:830} INFO - Processing file /home/airflow/.local/lib/python3.12/site-packages/airflow/example_dags/example_python_operator.py for tasks to queue
[2025-02-26T01:42:24.891+0000] {logging_mixin.py:188} INFO - [2025-02-26T01:42:24.890+0000] {dagbag.py:540} INFO - Filling up the DagBag from /home/airflow/.local/lib/python3.12/site-packages/airflow/example_dags/example_python_operator.py
[2025-02-26T01:42:24.903+0000] {processor.py:840} INFO - DAG(s) 'example_python_operator' retrieved from /home/airflow/.local/lib/python3.12/site-packages/airflow/example_dags/example_python_operator.py
[2025-02-26T01:42:24.929+0000] {logging_mixin.py:188} INFO - [2025-02-26T01:42:24.929+0000] {dag.py:3096} INFO - Sync 1 DAGs
[2025-02-26T01:42:24.943+0000] {logging_mixin.py:188} INFO - [2025-02-26T01:42:24.943+0000] {dag.py:3954} INFO - Setting next_dagrun for example_python_operator to None, run_after=None
[2025-02-26T01:42:24.965+0000] {processor.py:183} INFO - Processing /home/airflow/.local/lib/python3.12/site-packages/airflow/example_dags/example_python_operator.py took 0.084 seconds
[2025-02-26T01:42:55.428+0000] {processor.py:161} INFO - Started process (PID=2858) to work on /home/airflow/.local/lib/python3.12/site-packages/airflow/example_dags/example_python_operator.py
[2025-02-26T01:42:55.430+0000] {processor.py:830} INFO - Processing file /home/airflow/.local/lib/python3.12/site-packages/airflow/example_dags/example_python_operator.py for tasks to queue
[2025-02-26T01:42:55.432+0000] {logging_mixin.py:188} INFO - [2025-02-26T01:42:55.432+0000] {dagbag.py:540} INFO - Filling up the DagBag from /home/airflow/.local/lib/python3.12/site-packages/airflow/example_dags/example_python_operator.py
[2025-02-26T01:42:55.443+0000] {processor.py:840} INFO - DAG(s) 'example_python_operator' retrieved from /home/airflow/.local/lib/python3.12/site-packages/airflow/example_dags/example_python_operator.py
[2025-02-26T01:42:55.467+0000] {logging_mixin.py:188} INFO - [2025-02-26T01:42:55.467+0000] {dag.py:3096} INFO - Sync 1 DAGs
[2025-02-26T01:42:55.480+0000] {logging_mixin.py:188} INFO - [2025-02-26T01:42:55.480+0000] {dag.py:3954} INFO - Setting next_dagrun for example_python_operator to None, run_after=None
[2025-02-26T01:42:55.502+0000] {processor.py:183} INFO - Processing /home/airflow/.local/lib/python3.12/site-packages/airflow/example_dags/example_python_operator.py took 0.081 seconds
[2025-02-26T01:43:25.850+0000] {processor.py:161} INFO - Started process (PID=2918) to work on /home/airflow/.local/lib/python3.12/site-packages/airflow/example_dags/example_python_operator.py
[2025-02-26T01:43:25.851+0000] {processor.py:830} INFO - Processing file /home/airflow/.local/lib/python3.12/site-packages/airflow/example_dags/example_python_operator.py for tasks to queue
[2025-02-26T01:43:25.853+0000] {logging_mixin.py:188} INFO - [2025-02-26T01:43:25.853+0000] {dagbag.py:540} INFO - Filling up the DagBag from /home/airflow/.local/lib/python3.12/site-packages/airflow/example_dags/example_python_operator.py
[2025-02-26T01:43:25.864+0000] {processor.py:840} INFO - DAG(s) 'example_python_operator' retrieved from /home/airflow/.local/lib/python3.12/site-packages/airflow/example_dags/example_python_operator.py
[2025-02-26T01:43:25.890+0000] {logging_mixin.py:188} INFO - [2025-02-26T01:43:25.890+0000] {dag.py:3096} INFO - Sync 1 DAGs
[2025-02-26T01:43:25.904+0000] {logging_mixin.py:188} INFO - [2025-02-26T01:43:25.904+0000] {dag.py:3954} INFO - Setting next_dagrun for example_python_operator to None, run_after=None
[2025-02-26T01:43:25.925+0000] {processor.py:183} INFO - Processing /home/airflow/.local/lib/python3.12/site-packages/airflow/example_dags/example_python_operator.py took 0.082 seconds
[2025-02-26T01:43:56.264+0000] {processor.py:161} INFO - Started process (PID=2978) to work on /home/airflow/.local/lib/python3.12/site-packages/airflow/example_dags/example_python_operator.py
[2025-02-26T01:43:56.265+0000] {processor.py:830} INFO - Processing file /home/airflow/.local/lib/python3.12/site-packages/airflow/example_dags/example_python_operator.py for tasks to queue
[2025-02-26T01:43:56.267+0000] {logging_mixin.py:188} INFO - [2025-02-26T01:43:56.267+0000] {dagbag.py:540} INFO - Filling up the DagBag from /home/airflow/.local/lib/python3.12/site-packages/airflow/example_dags/example_python_operator.py
[2025-02-26T01:43:56.278+0000] {processor.py:840} INFO - DAG(s) 'example_python_operator' retrieved from /home/airflow/.local/lib/python3.12/site-packages/airflow/example_dags/example_python_operator.py
[2025-02-26T01:43:56.303+0000] {logging_mixin.py:188} INFO - [2025-02-26T01:43:56.302+0000] {dag.py:3096} INFO - Sync 1 DAGs
[2025-02-26T01:43:56.317+0000] {logging_mixin.py:188} INFO - [2025-02-26T01:43:56.316+0000] {dag.py:3954} INFO - Setting next_dagrun for example_python_operator to None, run_after=None
[2025-02-26T01:43:56.338+0000] {processor.py:183} INFO - Processing /home/airflow/.local/lib/python3.12/site-packages/airflow/example_dags/example_python_operator.py took 0.081 seconds
[2025-02-26T01:44:26.939+0000] {processor.py:161} INFO - Started process (PID=3038) to work on /home/airflow/.local/lib/python3.12/site-packages/airflow/example_dags/example_python_operator.py
[2025-02-26T01:44:26.940+0000] {processor.py:830} INFO - Processing file /home/airflow/.local/lib/python3.12/site-packages/airflow/example_dags/example_python_operator.py for tasks to queue
[2025-02-26T01:44:26.942+0000] {logging_mixin.py:188} INFO - [2025-02-26T01:44:26.942+0000] {dagbag.py:540} INFO - Filling up the DagBag from /home/airflow/.local/lib/python3.12/site-packages/airflow/example_dags/example_python_operator.py
[2025-02-26T01:44:26.954+0000] {processor.py:840} INFO - DAG(s) 'example_python_operator' retrieved from /home/airflow/.local/lib/python3.12/site-packages/airflow/example_dags/example_python_operator.py
[2025-02-26T01:44:26.978+0000] {logging_mixin.py:188} INFO - [2025-02-26T01:44:26.977+0000] {dag.py:3096} INFO - Sync 1 DAGs
[2025-02-26T01:44:26.992+0000] {logging_mixin.py:188} INFO - [2025-02-26T01:44:26.992+0000] {dag.py:3954} INFO - Setting next_dagrun for example_python_operator to None, run_after=None
[2025-02-26T01:44:27.025+0000] {processor.py:183} INFO - Processing /home/airflow/.local/lib/python3.12/site-packages/airflow/example_dags/example_python_operator.py took 0.093 seconds
[2025-02-26T01:44:57.355+0000] {processor.py:161} INFO - Started process (PID=3098) to work on /home/airflow/.local/lib/python3.12/site-packages/airflow/example_dags/example_python_operator.py
[2025-02-26T01:44:57.356+0000] {processor.py:830} INFO - Processing file /home/airflow/.local/lib/python3.12/site-packages/airflow/example_dags/example_python_operator.py for tasks to queue
[2025-02-26T01:44:57.359+0000] {logging_mixin.py:188} INFO - [2025-02-26T01:44:57.358+0000] {dagbag.py:540} INFO - Filling up the DagBag from /home/airflow/.local/lib/python3.12/site-packages/airflow/example_dags/example_python_operator.py
[2025-02-26T01:44:57.371+0000] {processor.py:840} INFO - DAG(s) 'example_python_operator' retrieved from /home/airflow/.local/lib/python3.12/site-packages/airflow/example_dags/example_python_operator.py
[2025-02-26T01:44:57.398+0000] {logging_mixin.py:188} INFO - [2025-02-26T01:44:57.398+0000] {dag.py:3096} INFO - Sync 1 DAGs
[2025-02-26T01:44:57.411+0000] {logging_mixin.py:188} INFO - [2025-02-26T01:44:57.411+0000] {dag.py:3954} INFO - Setting next_dagrun for example_python_operator to None, run_after=None
[2025-02-26T01:44:57.435+0000] {processor.py:183} INFO - Processing /home/airflow/.local/lib/python3.12/site-packages/airflow/example_dags/example_python_operator.py took 0.086 seconds
[2025-02-26T01:45:27.848+0000] {processor.py:161} INFO - Started process (PID=3158) to work on /home/airflow/.local/lib/python3.12/site-packages/airflow/example_dags/example_python_operator.py
[2025-02-26T01:45:27.849+0000] {processor.py:830} INFO - Processing file /home/airflow/.local/lib/python3.12/site-packages/airflow/example_dags/example_python_operator.py for tasks to queue
[2025-02-26T01:45:27.851+0000] {logging_mixin.py:188} INFO - [2025-02-26T01:45:27.851+0000] {dagbag.py:540} INFO - Filling up the DagBag from /home/airflow/.local/lib/python3.12/site-packages/airflow/example_dags/example_python_operator.py
[2025-02-26T01:45:27.863+0000] {processor.py:840} INFO - DAG(s) 'example_python_operator' retrieved from /home/airflow/.local/lib/python3.12/site-packages/airflow/example_dags/example_python_operator.py
[2025-02-26T01:45:27.888+0000] {logging_mixin.py:188} INFO - [2025-02-26T01:45:27.888+0000] {dag.py:3096} INFO - Sync 1 DAGs
[2025-02-26T01:45:27.902+0000] {logging_mixin.py:188} INFO - [2025-02-26T01:45:27.902+0000] {dag.py:3954} INFO - Setting next_dagrun for example_python_operator to None, run_after=None
[2025-02-26T01:45:27.924+0000] {processor.py:183} INFO - Processing /home/airflow/.local/lib/python3.12/site-packages/airflow/example_dags/example_python_operator.py took 0.083 seconds
[2025-02-26T01:45:58.227+0000] {processor.py:161} INFO - Started process (PID=3218) to work on /home/airflow/.local/lib/python3.12/site-packages/airflow/example_dags/example_python_operator.py
[2025-02-26T01:45:58.228+0000] {processor.py:830} INFO - Processing file /home/airflow/.local/lib/python3.12/site-packages/airflow/example_dags/example_python_operator.py for tasks to queue
[2025-02-26T01:45:58.230+0000] {logging_mixin.py:188} INFO - [2025-02-26T01:45:58.230+0000] {dagbag.py:540} INFO - Filling up the DagBag from /home/airflow/.local/lib/python3.12/site-packages/airflow/example_dags/example_python_operator.py
[2025-02-26T01:45:58.241+0000] {processor.py:840} INFO - DAG(s) 'example_python_operator' retrieved from /home/airflow/.local/lib/python3.12/site-packages/airflow/example_dags/example_python_operator.py
[2025-02-26T01:45:58.267+0000] {logging_mixin.py:188} INFO - [2025-02-26T01:45:58.267+0000] {dag.py:3096} INFO - Sync 1 DAGs
[2025-02-26T01:45:58.280+0000] {logging_mixin.py:188} INFO - [2025-02-26T01:45:58.279+0000] {dag.py:3954} INFO - Setting next_dagrun for example_python_operator to None, run_after=None
[2025-02-26T01:45:58.300+0000] {processor.py:183} INFO - Processing /home/airflow/.local/lib/python3.12/site-packages/airflow/example_dags/example_python_operator.py took 0.079 seconds
[2025-02-26T01:46:28.834+0000] {processor.py:161} INFO - Started process (PID=3278) to work on /home/airflow/.local/lib/python3.12/site-packages/airflow/example_dags/example_python_operator.py
[2025-02-26T01:46:28.835+0000] {processor.py:830} INFO - Processing file /home/airflow/.local/lib/python3.12/site-packages/airflow/example_dags/example_python_operator.py for tasks to queue
[2025-02-26T01:46:28.838+0000] {logging_mixin.py:188} INFO - [2025-02-26T01:46:28.837+0000] {dagbag.py:540} INFO - Filling up the DagBag from /home/airflow/.local/lib/python3.12/site-packages/airflow/example_dags/example_python_operator.py
[2025-02-26T01:46:28.849+0000] {processor.py:840} INFO - DAG(s) 'example_python_operator' retrieved from /home/airflow/.local/lib/python3.12/site-packages/airflow/example_dags/example_python_operator.py
[2025-02-26T01:46:28.875+0000] {logging_mixin.py:188} INFO - [2025-02-26T01:46:28.875+0000] {dag.py:3096} INFO - Sync 1 DAGs
[2025-02-26T01:46:28.888+0000] {logging_mixin.py:188} INFO - [2025-02-26T01:46:28.888+0000] {dag.py:3954} INFO - Setting next_dagrun for example_python_operator to None, run_after=None
[2025-02-26T01:46:28.909+0000] {processor.py:183} INFO - Processing /home/airflow/.local/lib/python3.12/site-packages/airflow/example_dags/example_python_operator.py took 0.082 seconds
[2025-02-26T01:46:59.469+0000] {processor.py:161} INFO - Started process (PID=3338) to work on /home/airflow/.local/lib/python3.12/site-packages/airflow/example_dags/example_python_operator.py
[2025-02-26T01:46:59.471+0000] {processor.py:830} INFO - Processing file /home/airflow/.local/lib/python3.12/site-packages/airflow/example_dags/example_python_operator.py for tasks to queue
[2025-02-26T01:46:59.473+0000] {logging_mixin.py:188} INFO - [2025-02-26T01:46:59.473+0000] {dagbag.py:540} INFO - Filling up the DagBag from /home/airflow/.local/lib/python3.12/site-packages/airflow/example_dags/example_python_operator.py
[2025-02-26T01:46:59.486+0000] {processor.py:840} INFO - DAG(s) 'example_python_operator' retrieved from /home/airflow/.local/lib/python3.12/site-packages/airflow/example_dags/example_python_operator.py
[2025-02-26T01:46:59.512+0000] {logging_mixin.py:188} INFO - [2025-02-26T01:46:59.511+0000] {dag.py:3096} INFO - Sync 1 DAGs
[2025-02-26T01:46:59.525+0000] {logging_mixin.py:188} INFO - [2025-02-26T01:46:59.525+0000] {dag.py:3954} INFO - Setting next_dagrun for example_python_operator to None, run_after=None
[2025-02-26T01:46:59.562+0000] {processor.py:183} INFO - Processing /home/airflow/.local/lib/python3.12/site-packages/airflow/example_dags/example_python_operator.py took 0.099 seconds
[2025-02-26T01:47:30.114+0000] {processor.py:161} INFO - Started process (PID=3398) to work on /home/airflow/.local/lib/python3.12/site-packages/airflow/example_dags/example_python_operator.py
[2025-02-26T01:47:30.118+0000] {processor.py:830} INFO - Processing file /home/airflow/.local/lib/python3.12/site-packages/airflow/example_dags/example_python_operator.py for tasks to queue
[2025-02-26T01:47:30.124+0000] {logging_mixin.py:188} INFO - [2025-02-26T01:47:30.123+0000] {dagbag.py:540} INFO - Filling up the DagBag from /home/airflow/.local/lib/python3.12/site-packages/airflow/example_dags/example_python_operator.py
[2025-02-26T01:47:30.153+0000] {processor.py:840} INFO - DAG(s) 'example_python_operator' retrieved from /home/airflow/.local/lib/python3.12/site-packages/airflow/example_dags/example_python_operator.py
[2025-02-26T01:47:30.207+0000] {logging_mixin.py:188} INFO - [2025-02-26T01:47:30.206+0000] {dag.py:3096} INFO - Sync 1 DAGs
[2025-02-26T01:47:30.224+0000] {logging_mixin.py:188} INFO - [2025-02-26T01:47:30.223+0000] {dag.py:3954} INFO - Setting next_dagrun for example_python_operator to None, run_after=None
[2025-02-26T01:47:30.249+0000] {processor.py:183} INFO - Processing /home/airflow/.local/lib/python3.12/site-packages/airflow/example_dags/example_python_operator.py took 0.144 seconds
[2025-02-26T01:48:02.694+0000] {processor.py:161} INFO - Started process (PID=3458) to work on /home/airflow/.local/lib/python3.12/site-packages/airflow/example_dags/example_python_operator.py
[2025-02-26T01:48:02.696+0000] {processor.py:830} INFO - Processing file /home/airflow/.local/lib/python3.12/site-packages/airflow/example_dags/example_python_operator.py for tasks to queue
[2025-02-26T01:48:02.699+0000] {logging_mixin.py:188} INFO - [2025-02-26T01:48:02.698+0000] {dagbag.py:540} INFO - Filling up the DagBag from /home/airflow/.local/lib/python3.12/site-packages/airflow/example_dags/example_python_operator.py
[2025-02-26T01:48:02.720+0000] {processor.py:840} INFO - DAG(s) 'example_python_operator' retrieved from /home/airflow/.local/lib/python3.12/site-packages/airflow/example_dags/example_python_operator.py
[2025-02-26T01:48:02.771+0000] {logging_mixin.py:188} INFO - [2025-02-26T01:48:02.771+0000] {dag.py:3096} INFO - Sync 1 DAGs
[2025-02-26T01:48:02.798+0000] {logging_mixin.py:188} INFO - [2025-02-26T01:48:02.798+0000] {dag.py:3954} INFO - Setting next_dagrun for example_python_operator to None, run_after=None
[2025-02-26T01:48:02.831+0000] {processor.py:183} INFO - Processing /home/airflow/.local/lib/python3.12/site-packages/airflow/example_dags/example_python_operator.py took 0.149 seconds
[2025-02-26T01:48:33.276+0000] {processor.py:161} INFO - Started process (PID=3516) to work on /home/airflow/.local/lib/python3.12/site-packages/airflow/example_dags/example_python_operator.py
[2025-02-26T01:48:33.277+0000] {processor.py:830} INFO - Processing file /home/airflow/.local/lib/python3.12/site-packages/airflow/example_dags/example_python_operator.py for tasks to queue
[2025-02-26T01:48:33.279+0000] {logging_mixin.py:188} INFO - [2025-02-26T01:48:33.278+0000] {dagbag.py:540} INFO - Filling up the DagBag from /home/airflow/.local/lib/python3.12/site-packages/airflow/example_dags/example_python_operator.py
[2025-02-26T01:48:33.296+0000] {processor.py:840} INFO - DAG(s) 'example_python_operator' retrieved from /home/airflow/.local/lib/python3.12/site-packages/airflow/example_dags/example_python_operator.py
[2025-02-26T01:48:33.336+0000] {logging_mixin.py:188} INFO - [2025-02-26T01:48:33.335+0000] {dag.py:3096} INFO - Sync 1 DAGs
[2025-02-26T01:48:33.361+0000] {logging_mixin.py:188} INFO - [2025-02-26T01:48:33.361+0000] {dag.py:3954} INFO - Setting next_dagrun for example_python_operator to None, run_after=None
[2025-02-26T01:48:33.408+0000] {processor.py:183} INFO - Processing /home/airflow/.local/lib/python3.12/site-packages/airflow/example_dags/example_python_operator.py took 0.139 seconds
