[2025-02-26T01:14:27.757+0000] {processor.py:161} INFO - Started process (PID=83) to work on /home/airflow/.local/lib/python3.12/site-packages/airflow/example_dags/example_setup_teardown.py
[2025-02-26T01:14:27.759+0000] {processor.py:830} INFO - Processing file /home/airflow/.local/lib/python3.12/site-packages/airflow/example_dags/example_setup_teardown.py for tasks to queue
[2025-02-26T01:14:27.772+0000] {logging_mixin.py:188} INFO - [2025-02-26T01:14:27.770+0000] {dagbag.py:540} INFO - Filling up the DagBag from /home/airflow/.local/lib/python3.12/site-packages/airflow/example_dags/example_setup_teardown.py
[2025-02-26T01:14:27.800+0000] {processor.py:840} INFO - DAG(s) 'example_setup_teardown' retrieved from /home/airflow/.local/lib/python3.12/site-packages/airflow/example_dags/example_setup_teardown.py
[2025-02-26T01:14:27.882+0000] {logging_mixin.py:188} INFO - [2025-02-26T01:14:27.881+0000] {dag.py:3096} INFO - Sync 1 DAGs
[2025-02-26T01:14:27.930+0000] {logging_mixin.py:188} INFO - [2025-02-26T01:14:27.929+0000] {dag.py:3954} INFO - Setting next_dagrun for example_setup_teardown to 2025-02-25 00:00:00+00:00, run_after=2025-02-26 00:00:00+00:00
[2025-02-26T01:14:28.100+0000] {processor.py:183} INFO - Processing /home/airflow/.local/lib/python3.12/site-packages/airflow/example_dags/example_setup_teardown.py took 0.362 seconds
[2025-02-26T01:19:10.296+0000] {processor.py:161} INFO - Started process (PID=72) to work on /home/airflow/.local/lib/python3.12/site-packages/airflow/example_dags/example_setup_teardown.py
[2025-02-26T01:19:10.319+0000] {processor.py:830} INFO - Processing file /home/airflow/.local/lib/python3.12/site-packages/airflow/example_dags/example_setup_teardown.py for tasks to queue
[2025-02-26T01:19:10.321+0000] {logging_mixin.py:188} INFO - [2025-02-26T01:19:10.321+0000] {dagbag.py:540} INFO - Filling up the DagBag from /home/airflow/.local/lib/python3.12/site-packages/airflow/example_dags/example_setup_teardown.py
[2025-02-26T01:19:10.365+0000] {processor.py:840} INFO - DAG(s) 'example_setup_teardown' retrieved from /home/airflow/.local/lib/python3.12/site-packages/airflow/example_dags/example_setup_teardown.py
[2025-02-26T01:19:10.394+0000] {logging_mixin.py:188} INFO - [2025-02-26T01:19:10.393+0000] {dag.py:3096} INFO - Sync 1 DAGs
[2025-02-26T01:19:10.516+0000] {logging_mixin.py:188} INFO - [2025-02-26T01:19:10.516+0000] {dag.py:3954} INFO - Setting next_dagrun for example_setup_teardown to 2025-02-25 00:00:00+00:00, run_after=2025-02-26 00:00:00+00:00
[2025-02-26T01:19:11.323+0000] {processor.py:183} INFO - Processing /home/airflow/.local/lib/python3.12/site-packages/airflow/example_dags/example_setup_teardown.py took 1.034 seconds
[2025-02-26T01:19:42.050+0000] {processor.py:161} INFO - Started process (PID=126) to work on /home/airflow/.local/lib/python3.12/site-packages/airflow/example_dags/example_setup_teardown.py
[2025-02-26T01:19:42.052+0000] {processor.py:830} INFO - Processing file /home/airflow/.local/lib/python3.12/site-packages/airflow/example_dags/example_setup_teardown.py for tasks to queue
[2025-02-26T01:19:42.054+0000] {logging_mixin.py:188} INFO - [2025-02-26T01:19:42.053+0000] {dagbag.py:540} INFO - Filling up the DagBag from /home/airflow/.local/lib/python3.12/site-packages/airflow/example_dags/example_setup_teardown.py
[2025-02-26T01:19:42.061+0000] {processor.py:840} INFO - DAG(s) 'example_setup_teardown' retrieved from /home/airflow/.local/lib/python3.12/site-packages/airflow/example_dags/example_setup_teardown.py
[2025-02-26T01:19:42.086+0000] {logging_mixin.py:188} INFO - [2025-02-26T01:19:42.086+0000] {dag.py:3096} INFO - Sync 1 DAGs
[2025-02-26T01:19:42.115+0000] {logging_mixin.py:188} INFO - [2025-02-26T01:19:42.115+0000] {dag.py:3954} INFO - Setting next_dagrun for example_setup_teardown to 2025-02-25 00:00:00+00:00, run_after=2025-02-26 00:00:00+00:00
[2025-02-26T01:19:42.139+0000] {processor.py:183} INFO - Processing /home/airflow/.local/lib/python3.12/site-packages/airflow/example_dags/example_setup_teardown.py took 0.095 seconds
[2025-02-26T01:20:12.359+0000] {processor.py:161} INFO - Started process (PID=186) to work on /home/airflow/.local/lib/python3.12/site-packages/airflow/example_dags/example_setup_teardown.py
[2025-02-26T01:20:12.361+0000] {processor.py:830} INFO - Processing file /home/airflow/.local/lib/python3.12/site-packages/airflow/example_dags/example_setup_teardown.py for tasks to queue
[2025-02-26T01:20:12.363+0000] {logging_mixin.py:188} INFO - [2025-02-26T01:20:12.362+0000] {dagbag.py:540} INFO - Filling up the DagBag from /home/airflow/.local/lib/python3.12/site-packages/airflow/example_dags/example_setup_teardown.py
[2025-02-26T01:20:12.370+0000] {processor.py:840} INFO - DAG(s) 'example_setup_teardown' retrieved from /home/airflow/.local/lib/python3.12/site-packages/airflow/example_dags/example_setup_teardown.py
[2025-02-26T01:20:12.394+0000] {logging_mixin.py:188} INFO - [2025-02-26T01:20:12.394+0000] {dag.py:3096} INFO - Sync 1 DAGs
[2025-02-26T01:20:12.418+0000] {logging_mixin.py:188} INFO - [2025-02-26T01:20:12.417+0000] {dag.py:3954} INFO - Setting next_dagrun for example_setup_teardown to 2025-02-25 00:00:00+00:00, run_after=2025-02-26 00:00:00+00:00
[2025-02-26T01:20:12.440+0000] {processor.py:183} INFO - Processing /home/airflow/.local/lib/python3.12/site-packages/airflow/example_dags/example_setup_teardown.py took 0.087 seconds
[2025-02-26T01:20:42.876+0000] {processor.py:161} INFO - Started process (PID=247) to work on /home/airflow/.local/lib/python3.12/site-packages/airflow/example_dags/example_setup_teardown.py
[2025-02-26T01:20:42.878+0000] {processor.py:830} INFO - Processing file /home/airflow/.local/lib/python3.12/site-packages/airflow/example_dags/example_setup_teardown.py for tasks to queue
[2025-02-26T01:20:42.881+0000] {logging_mixin.py:188} INFO - [2025-02-26T01:20:42.880+0000] {dagbag.py:540} INFO - Filling up the DagBag from /home/airflow/.local/lib/python3.12/site-packages/airflow/example_dags/example_setup_teardown.py
[2025-02-26T01:20:42.901+0000] {processor.py:840} INFO - DAG(s) 'example_setup_teardown' retrieved from /home/airflow/.local/lib/python3.12/site-packages/airflow/example_dags/example_setup_teardown.py
[2025-02-26T01:20:42.965+0000] {logging_mixin.py:188} INFO - [2025-02-26T01:20:42.964+0000] {dag.py:3096} INFO - Sync 1 DAGs
[2025-02-26T01:20:43.036+0000] {logging_mixin.py:188} INFO - [2025-02-26T01:20:43.036+0000] {dag.py:3954} INFO - Setting next_dagrun for example_setup_teardown to 2025-02-25 00:00:00+00:00, run_after=2025-02-26 00:00:00+00:00
[2025-02-26T01:20:43.075+0000] {processor.py:183} INFO - Processing /home/airflow/.local/lib/python3.12/site-packages/airflow/example_dags/example_setup_teardown.py took 0.210 seconds
[2025-02-26T01:21:21.587+0000] {processor.py:161} INFO - Started process (PID=312) to work on /home/airflow/.local/lib/python3.12/site-packages/airflow/example_dags/example_setup_teardown.py
[2025-02-26T01:21:21.588+0000] {processor.py:830} INFO - Processing file /home/airflow/.local/lib/python3.12/site-packages/airflow/example_dags/example_setup_teardown.py for tasks to queue
[2025-02-26T01:21:21.590+0000] {logging_mixin.py:188} INFO - [2025-02-26T01:21:21.590+0000] {dagbag.py:540} INFO - Filling up the DagBag from /home/airflow/.local/lib/python3.12/site-packages/airflow/example_dags/example_setup_teardown.py
[2025-02-26T01:21:21.598+0000] {processor.py:840} INFO - DAG(s) 'example_setup_teardown' retrieved from /home/airflow/.local/lib/python3.12/site-packages/airflow/example_dags/example_setup_teardown.py
[2025-02-26T01:21:21.628+0000] {logging_mixin.py:188} INFO - [2025-02-26T01:21:21.627+0000] {dag.py:3096} INFO - Sync 1 DAGs
[2025-02-26T01:21:21.665+0000] {logging_mixin.py:188} INFO - [2025-02-26T01:21:21.665+0000] {dag.py:3954} INFO - Setting next_dagrun for example_setup_teardown to 2025-02-25 00:00:00+00:00, run_after=2025-02-26 00:00:00+00:00
[2025-02-26T01:21:21.690+0000] {processor.py:183} INFO - Processing /home/airflow/.local/lib/python3.12/site-packages/airflow/example_dags/example_setup_teardown.py took 0.111 seconds
[2025-02-26T01:21:54.386+0000] {processor.py:161} INFO - Started process (PID=372) to work on /home/airflow/.local/lib/python3.12/site-packages/airflow/example_dags/example_setup_teardown.py
[2025-02-26T01:21:54.409+0000] {processor.py:830} INFO - Processing file /home/airflow/.local/lib/python3.12/site-packages/airflow/example_dags/example_setup_teardown.py for tasks to queue
[2025-02-26T01:21:54.411+0000] {logging_mixin.py:188} INFO - [2025-02-26T01:21:54.411+0000] {dagbag.py:540} INFO - Filling up the DagBag from /home/airflow/.local/lib/python3.12/site-packages/airflow/example_dags/example_setup_teardown.py
[2025-02-26T01:21:54.419+0000] {processor.py:840} INFO - DAG(s) 'example_setup_teardown' retrieved from /home/airflow/.local/lib/python3.12/site-packages/airflow/example_dags/example_setup_teardown.py
[2025-02-26T01:21:54.499+0000] {logging_mixin.py:188} INFO - [2025-02-26T01:21:54.499+0000] {dag.py:3096} INFO - Sync 1 DAGs
[2025-02-26T01:21:54.539+0000] {logging_mixin.py:188} INFO - [2025-02-26T01:21:54.539+0000] {dag.py:3954} INFO - Setting next_dagrun for example_setup_teardown to 2025-02-25 00:00:00+00:00, run_after=2025-02-26 00:00:00+00:00
[2025-02-26T01:21:54.722+0000] {processor.py:183} INFO - Processing /home/airflow/.local/lib/python3.12/site-packages/airflow/example_dags/example_setup_teardown.py took 0.344 seconds
[2025-02-26T01:22:24.847+0000] {processor.py:161} INFO - Started process (PID=432) to work on /home/airflow/.local/lib/python3.12/site-packages/airflow/example_dags/example_setup_teardown.py
[2025-02-26T01:22:24.849+0000] {processor.py:830} INFO - Processing file /home/airflow/.local/lib/python3.12/site-packages/airflow/example_dags/example_setup_teardown.py for tasks to queue
[2025-02-26T01:22:24.851+0000] {logging_mixin.py:188} INFO - [2025-02-26T01:22:24.850+0000] {dagbag.py:540} INFO - Filling up the DagBag from /home/airflow/.local/lib/python3.12/site-packages/airflow/example_dags/example_setup_teardown.py
[2025-02-26T01:22:24.858+0000] {processor.py:840} INFO - DAG(s) 'example_setup_teardown' retrieved from /home/airflow/.local/lib/python3.12/site-packages/airflow/example_dags/example_setup_teardown.py
[2025-02-26T01:22:24.885+0000] {logging_mixin.py:188} INFO - [2025-02-26T01:22:24.885+0000] {dag.py:3096} INFO - Sync 1 DAGs
[2025-02-26T01:22:24.914+0000] {logging_mixin.py:188} INFO - [2025-02-26T01:22:24.914+0000] {dag.py:3954} INFO - Setting next_dagrun for example_setup_teardown to 2025-02-25 00:00:00+00:00, run_after=2025-02-26 00:00:00+00:00
[2025-02-26T01:22:24.937+0000] {processor.py:183} INFO - Processing /home/airflow/.local/lib/python3.12/site-packages/airflow/example_dags/example_setup_teardown.py took 0.098 seconds
[2025-02-26T01:22:55.117+0000] {processor.py:161} INFO - Started process (PID=492) to work on /home/airflow/.local/lib/python3.12/site-packages/airflow/example_dags/example_setup_teardown.py
[2025-02-26T01:22:55.118+0000] {processor.py:830} INFO - Processing file /home/airflow/.local/lib/python3.12/site-packages/airflow/example_dags/example_setup_teardown.py for tasks to queue
[2025-02-26T01:22:55.121+0000] {logging_mixin.py:188} INFO - [2025-02-26T01:22:55.120+0000] {dagbag.py:540} INFO - Filling up the DagBag from /home/airflow/.local/lib/python3.12/site-packages/airflow/example_dags/example_setup_teardown.py
[2025-02-26T01:22:55.128+0000] {processor.py:840} INFO - DAG(s) 'example_setup_teardown' retrieved from /home/airflow/.local/lib/python3.12/site-packages/airflow/example_dags/example_setup_teardown.py
[2025-02-26T01:22:55.150+0000] {logging_mixin.py:188} INFO - [2025-02-26T01:22:55.150+0000] {dag.py:3096} INFO - Sync 1 DAGs
[2025-02-26T01:22:55.176+0000] {logging_mixin.py:188} INFO - [2025-02-26T01:22:55.175+0000] {dag.py:3954} INFO - Setting next_dagrun for example_setup_teardown to 2025-02-25 00:00:00+00:00, run_after=2025-02-26 00:00:00+00:00
[2025-02-26T01:22:55.208+0000] {processor.py:183} INFO - Processing /home/airflow/.local/lib/python3.12/site-packages/airflow/example_dags/example_setup_teardown.py took 0.098 seconds
[2025-02-26T01:23:26.433+0000] {processor.py:161} INFO - Started process (PID=552) to work on /home/airflow/.local/lib/python3.12/site-packages/airflow/example_dags/example_setup_teardown.py
[2025-02-26T01:23:26.434+0000] {processor.py:830} INFO - Processing file /home/airflow/.local/lib/python3.12/site-packages/airflow/example_dags/example_setup_teardown.py for tasks to queue
[2025-02-26T01:23:26.436+0000] {logging_mixin.py:188} INFO - [2025-02-26T01:23:26.436+0000] {dagbag.py:540} INFO - Filling up the DagBag from /home/airflow/.local/lib/python3.12/site-packages/airflow/example_dags/example_setup_teardown.py
[2025-02-26T01:23:26.444+0000] {processor.py:840} INFO - DAG(s) 'example_setup_teardown' retrieved from /home/airflow/.local/lib/python3.12/site-packages/airflow/example_dags/example_setup_teardown.py
[2025-02-26T01:23:26.466+0000] {logging_mixin.py:188} INFO - [2025-02-26T01:23:26.466+0000] {dag.py:3096} INFO - Sync 1 DAGs
[2025-02-26T01:23:26.491+0000] {logging_mixin.py:188} INFO - [2025-02-26T01:23:26.491+0000] {dag.py:3954} INFO - Setting next_dagrun for example_setup_teardown to 2025-02-25 00:00:00+00:00, run_after=2025-02-26 00:00:00+00:00
[2025-02-26T01:23:26.517+0000] {processor.py:183} INFO - Processing /home/airflow/.local/lib/python3.12/site-packages/airflow/example_dags/example_setup_teardown.py took 0.090 seconds
[2025-02-26T01:23:57.663+0000] {processor.py:161} INFO - Started process (PID=612) to work on /home/airflow/.local/lib/python3.12/site-packages/airflow/example_dags/example_setup_teardown.py
[2025-02-26T01:23:57.664+0000] {processor.py:830} INFO - Processing file /home/airflow/.local/lib/python3.12/site-packages/airflow/example_dags/example_setup_teardown.py for tasks to queue
[2025-02-26T01:23:57.667+0000] {logging_mixin.py:188} INFO - [2025-02-26T01:23:57.666+0000] {dagbag.py:540} INFO - Filling up the DagBag from /home/airflow/.local/lib/python3.12/site-packages/airflow/example_dags/example_setup_teardown.py
[2025-02-26T01:23:57.674+0000] {processor.py:840} INFO - DAG(s) 'example_setup_teardown' retrieved from /home/airflow/.local/lib/python3.12/site-packages/airflow/example_dags/example_setup_teardown.py
[2025-02-26T01:23:57.697+0000] {logging_mixin.py:188} INFO - [2025-02-26T01:23:57.697+0000] {dag.py:3096} INFO - Sync 1 DAGs
[2025-02-26T01:23:57.720+0000] {logging_mixin.py:188} INFO - [2025-02-26T01:23:57.719+0000] {dag.py:3954} INFO - Setting next_dagrun for example_setup_teardown to 2025-02-25 00:00:00+00:00, run_after=2025-02-26 00:00:00+00:00
[2025-02-26T01:23:57.740+0000] {processor.py:183} INFO - Processing /home/airflow/.local/lib/python3.12/site-packages/airflow/example_dags/example_setup_teardown.py took 0.083 seconds
[2025-02-26T01:24:27.845+0000] {processor.py:161} INFO - Started process (PID=672) to work on /home/airflow/.local/lib/python3.12/site-packages/airflow/example_dags/example_setup_teardown.py
[2025-02-26T01:24:27.846+0000] {processor.py:830} INFO - Processing file /home/airflow/.local/lib/python3.12/site-packages/airflow/example_dags/example_setup_teardown.py for tasks to queue
[2025-02-26T01:24:27.849+0000] {logging_mixin.py:188} INFO - [2025-02-26T01:24:27.848+0000] {dagbag.py:540} INFO - Filling up the DagBag from /home/airflow/.local/lib/python3.12/site-packages/airflow/example_dags/example_setup_teardown.py
[2025-02-26T01:24:27.860+0000] {processor.py:840} INFO - DAG(s) 'example_setup_teardown' retrieved from /home/airflow/.local/lib/python3.12/site-packages/airflow/example_dags/example_setup_teardown.py
[2025-02-26T01:24:27.887+0000] {logging_mixin.py:188} INFO - [2025-02-26T01:24:27.887+0000] {dag.py:3096} INFO - Sync 1 DAGs
[2025-02-26T01:24:27.913+0000] {logging_mixin.py:188} INFO - [2025-02-26T01:24:27.913+0000] {dag.py:3954} INFO - Setting next_dagrun for example_setup_teardown to 2025-02-25 00:00:00+00:00, run_after=2025-02-26 00:00:00+00:00
[2025-02-26T01:24:27.936+0000] {processor.py:183} INFO - Processing /home/airflow/.local/lib/python3.12/site-packages/airflow/example_dags/example_setup_teardown.py took 0.098 seconds
[2025-02-26T01:24:57.987+0000] {processor.py:161} INFO - Started process (PID=730) to work on /home/airflow/.local/lib/python3.12/site-packages/airflow/example_dags/example_setup_teardown.py
[2025-02-26T01:24:57.988+0000] {processor.py:830} INFO - Processing file /home/airflow/.local/lib/python3.12/site-packages/airflow/example_dags/example_setup_teardown.py for tasks to queue
[2025-02-26T01:24:57.991+0000] {logging_mixin.py:188} INFO - [2025-02-26T01:24:57.990+0000] {dagbag.py:540} INFO - Filling up the DagBag from /home/airflow/.local/lib/python3.12/site-packages/airflow/example_dags/example_setup_teardown.py
[2025-02-26T01:24:57.999+0000] {processor.py:840} INFO - DAG(s) 'example_setup_teardown' retrieved from /home/airflow/.local/lib/python3.12/site-packages/airflow/example_dags/example_setup_teardown.py
[2025-02-26T01:24:58.024+0000] {logging_mixin.py:188} INFO - [2025-02-26T01:24:58.024+0000] {dag.py:3096} INFO - Sync 1 DAGs
[2025-02-26T01:24:58.057+0000] {logging_mixin.py:188} INFO - [2025-02-26T01:24:58.057+0000] {dag.py:3954} INFO - Setting next_dagrun for example_setup_teardown to 2025-02-25 00:00:00+00:00, run_after=2025-02-26 00:00:00+00:00
[2025-02-26T01:24:58.083+0000] {processor.py:183} INFO - Processing /home/airflow/.local/lib/python3.12/site-packages/airflow/example_dags/example_setup_teardown.py took 0.104 seconds
[2025-02-26T01:25:28.631+0000] {processor.py:161} INFO - Started process (PID=790) to work on /home/airflow/.local/lib/python3.12/site-packages/airflow/example_dags/example_setup_teardown.py
[2025-02-26T01:25:28.633+0000] {processor.py:830} INFO - Processing file /home/airflow/.local/lib/python3.12/site-packages/airflow/example_dags/example_setup_teardown.py for tasks to queue
[2025-02-26T01:25:28.635+0000] {logging_mixin.py:188} INFO - [2025-02-26T01:25:28.635+0000] {dagbag.py:540} INFO - Filling up the DagBag from /home/airflow/.local/lib/python3.12/site-packages/airflow/example_dags/example_setup_teardown.py
[2025-02-26T01:25:28.645+0000] {processor.py:840} INFO - DAG(s) 'example_setup_teardown' retrieved from /home/airflow/.local/lib/python3.12/site-packages/airflow/example_dags/example_setup_teardown.py
[2025-02-26T01:25:28.677+0000] {logging_mixin.py:188} INFO - [2025-02-26T01:25:28.676+0000] {dag.py:3096} INFO - Sync 1 DAGs
[2025-02-26T01:25:28.713+0000] {logging_mixin.py:188} INFO - [2025-02-26T01:25:28.713+0000] {dag.py:3954} INFO - Setting next_dagrun for example_setup_teardown to 2025-02-25 00:00:00+00:00, run_after=2025-02-26 00:00:00+00:00
[2025-02-26T01:25:28.753+0000] {processor.py:183} INFO - Processing /home/airflow/.local/lib/python3.12/site-packages/airflow/example_dags/example_setup_teardown.py took 0.130 seconds
[2025-02-26T01:25:58.809+0000] {processor.py:161} INFO - Started process (PID=850) to work on /home/airflow/.local/lib/python3.12/site-packages/airflow/example_dags/example_setup_teardown.py
[2025-02-26T01:25:58.810+0000] {processor.py:830} INFO - Processing file /home/airflow/.local/lib/python3.12/site-packages/airflow/example_dags/example_setup_teardown.py for tasks to queue
[2025-02-26T01:25:58.813+0000] {logging_mixin.py:188} INFO - [2025-02-26T01:25:58.813+0000] {dagbag.py:540} INFO - Filling up the DagBag from /home/airflow/.local/lib/python3.12/site-packages/airflow/example_dags/example_setup_teardown.py
[2025-02-26T01:25:58.825+0000] {processor.py:840} INFO - DAG(s) 'example_setup_teardown' retrieved from /home/airflow/.local/lib/python3.12/site-packages/airflow/example_dags/example_setup_teardown.py
[2025-02-26T01:25:58.854+0000] {logging_mixin.py:188} INFO - [2025-02-26T01:25:58.853+0000] {dag.py:3096} INFO - Sync 1 DAGs
[2025-02-26T01:25:58.885+0000] {logging_mixin.py:188} INFO - [2025-02-26T01:25:58.885+0000] {dag.py:3954} INFO - Setting next_dagrun for example_setup_teardown to 2025-02-25 00:00:00+00:00, run_after=2025-02-26 00:00:00+00:00
[2025-02-26T01:25:58.913+0000] {processor.py:183} INFO - Processing /home/airflow/.local/lib/python3.12/site-packages/airflow/example_dags/example_setup_teardown.py took 0.111 seconds
[2025-02-26T01:26:29.431+0000] {processor.py:161} INFO - Started process (PID=910) to work on /home/airflow/.local/lib/python3.12/site-packages/airflow/example_dags/example_setup_teardown.py
[2025-02-26T01:26:29.432+0000] {processor.py:830} INFO - Processing file /home/airflow/.local/lib/python3.12/site-packages/airflow/example_dags/example_setup_teardown.py for tasks to queue
[2025-02-26T01:26:29.434+0000] {logging_mixin.py:188} INFO - [2025-02-26T01:26:29.433+0000] {dagbag.py:540} INFO - Filling up the DagBag from /home/airflow/.local/lib/python3.12/site-packages/airflow/example_dags/example_setup_teardown.py
[2025-02-26T01:26:29.441+0000] {processor.py:840} INFO - DAG(s) 'example_setup_teardown' retrieved from /home/airflow/.local/lib/python3.12/site-packages/airflow/example_dags/example_setup_teardown.py
[2025-02-26T01:26:29.467+0000] {logging_mixin.py:188} INFO - [2025-02-26T01:26:29.467+0000] {dag.py:3096} INFO - Sync 1 DAGs
[2025-02-26T01:26:29.496+0000] {logging_mixin.py:188} INFO - [2025-02-26T01:26:29.496+0000] {dag.py:3954} INFO - Setting next_dagrun for example_setup_teardown to 2025-02-25 00:00:00+00:00, run_after=2025-02-26 00:00:00+00:00
[2025-02-26T01:26:29.517+0000] {processor.py:183} INFO - Processing /home/airflow/.local/lib/python3.12/site-packages/airflow/example_dags/example_setup_teardown.py took 0.094 seconds
[2025-02-26T01:26:59.992+0000] {processor.py:161} INFO - Started process (PID=970) to work on /home/airflow/.local/lib/python3.12/site-packages/airflow/example_dags/example_setup_teardown.py
[2025-02-26T01:26:59.995+0000] {processor.py:830} INFO - Processing file /home/airflow/.local/lib/python3.12/site-packages/airflow/example_dags/example_setup_teardown.py for tasks to queue
[2025-02-26T01:27:00.000+0000] {logging_mixin.py:188} INFO - [2025-02-26T01:26:59.999+0000] {dagbag.py:540} INFO - Filling up the DagBag from /home/airflow/.local/lib/python3.12/site-packages/airflow/example_dags/example_setup_teardown.py
[2025-02-26T01:27:00.017+0000] {processor.py:840} INFO - DAG(s) 'example_setup_teardown' retrieved from /home/airflow/.local/lib/python3.12/site-packages/airflow/example_dags/example_setup_teardown.py
[2025-02-26T01:27:00.063+0000] {logging_mixin.py:188} INFO - [2025-02-26T01:27:00.062+0000] {dag.py:3096} INFO - Sync 1 DAGs
[2025-02-26T01:27:00.092+0000] {logging_mixin.py:188} INFO - [2025-02-26T01:27:00.091+0000] {dag.py:3954} INFO - Setting next_dagrun for example_setup_teardown to 2025-02-25 00:00:00+00:00, run_after=2025-02-26 00:00:00+00:00
[2025-02-26T01:27:00.111+0000] {processor.py:183} INFO - Processing /home/airflow/.local/lib/python3.12/site-packages/airflow/example_dags/example_setup_teardown.py took 0.140 seconds
[2025-02-26T01:27:30.340+0000] {processor.py:161} INFO - Started process (PID=1030) to work on /home/airflow/.local/lib/python3.12/site-packages/airflow/example_dags/example_setup_teardown.py
[2025-02-26T01:27:30.341+0000] {processor.py:830} INFO - Processing file /home/airflow/.local/lib/python3.12/site-packages/airflow/example_dags/example_setup_teardown.py for tasks to queue
[2025-02-26T01:27:30.345+0000] {logging_mixin.py:188} INFO - [2025-02-26T01:27:30.344+0000] {dagbag.py:540} INFO - Filling up the DagBag from /home/airflow/.local/lib/python3.12/site-packages/airflow/example_dags/example_setup_teardown.py
[2025-02-26T01:27:30.355+0000] {processor.py:840} INFO - DAG(s) 'example_setup_teardown' retrieved from /home/airflow/.local/lib/python3.12/site-packages/airflow/example_dags/example_setup_teardown.py
[2025-02-26T01:27:30.383+0000] {logging_mixin.py:188} INFO - [2025-02-26T01:27:30.383+0000] {dag.py:3096} INFO - Sync 1 DAGs
[2025-02-26T01:27:30.414+0000] {logging_mixin.py:188} INFO - [2025-02-26T01:27:30.414+0000] {dag.py:3954} INFO - Setting next_dagrun for example_setup_teardown to 2025-02-25 00:00:00+00:00, run_after=2025-02-26 00:00:00+00:00
[2025-02-26T01:27:30.436+0000] {processor.py:183} INFO - Processing /home/airflow/.local/lib/python3.12/site-packages/airflow/example_dags/example_setup_teardown.py took 0.102 seconds
[2025-02-26T01:28:01.045+0000] {processor.py:161} INFO - Started process (PID=1090) to work on /home/airflow/.local/lib/python3.12/site-packages/airflow/example_dags/example_setup_teardown.py
[2025-02-26T01:28:01.047+0000] {processor.py:830} INFO - Processing file /home/airflow/.local/lib/python3.12/site-packages/airflow/example_dags/example_setup_teardown.py for tasks to queue
[2025-02-26T01:28:01.051+0000] {logging_mixin.py:188} INFO - [2025-02-26T01:28:01.050+0000] {dagbag.py:540} INFO - Filling up the DagBag from /home/airflow/.local/lib/python3.12/site-packages/airflow/example_dags/example_setup_teardown.py
[2025-02-26T01:28:01.063+0000] {processor.py:840} INFO - DAG(s) 'example_setup_teardown' retrieved from /home/airflow/.local/lib/python3.12/site-packages/airflow/example_dags/example_setup_teardown.py
[2025-02-26T01:28:01.100+0000] {logging_mixin.py:188} INFO - [2025-02-26T01:28:01.100+0000] {dag.py:3096} INFO - Sync 1 DAGs
[2025-02-26T01:28:01.146+0000] {logging_mixin.py:188} INFO - [2025-02-26T01:28:01.146+0000] {dag.py:3954} INFO - Setting next_dagrun for example_setup_teardown to 2025-02-25 00:00:00+00:00, run_after=2025-02-26 00:00:00+00:00
[2025-02-26T01:28:01.176+0000] {processor.py:183} INFO - Processing /home/airflow/.local/lib/python3.12/site-packages/airflow/example_dags/example_setup_teardown.py took 0.143 seconds
[2025-02-26T01:28:32.103+0000] {processor.py:161} INFO - Started process (PID=1150) to work on /home/airflow/.local/lib/python3.12/site-packages/airflow/example_dags/example_setup_teardown.py
[2025-02-26T01:28:32.104+0000] {processor.py:830} INFO - Processing file /home/airflow/.local/lib/python3.12/site-packages/airflow/example_dags/example_setup_teardown.py for tasks to queue
[2025-02-26T01:28:32.107+0000] {logging_mixin.py:188} INFO - [2025-02-26T01:28:32.106+0000] {dagbag.py:540} INFO - Filling up the DagBag from /home/airflow/.local/lib/python3.12/site-packages/airflow/example_dags/example_setup_teardown.py
[2025-02-26T01:28:32.115+0000] {processor.py:840} INFO - DAG(s) 'example_setup_teardown' retrieved from /home/airflow/.local/lib/python3.12/site-packages/airflow/example_dags/example_setup_teardown.py
[2025-02-26T01:28:32.138+0000] {logging_mixin.py:188} INFO - [2025-02-26T01:28:32.138+0000] {dag.py:3096} INFO - Sync 1 DAGs
[2025-02-26T01:28:32.163+0000] {logging_mixin.py:188} INFO - [2025-02-26T01:28:32.163+0000] {dag.py:3954} INFO - Setting next_dagrun for example_setup_teardown to 2025-02-25 00:00:00+00:00, run_after=2025-02-26 00:00:00+00:00
[2025-02-26T01:28:32.188+0000] {processor.py:183} INFO - Processing /home/airflow/.local/lib/python3.12/site-packages/airflow/example_dags/example_setup_teardown.py took 0.092 seconds
[2025-02-26T01:29:02.995+0000] {processor.py:161} INFO - Started process (PID=1210) to work on /home/airflow/.local/lib/python3.12/site-packages/airflow/example_dags/example_setup_teardown.py
[2025-02-26T01:29:02.996+0000] {processor.py:830} INFO - Processing file /home/airflow/.local/lib/python3.12/site-packages/airflow/example_dags/example_setup_teardown.py for tasks to queue
[2025-02-26T01:29:02.998+0000] {logging_mixin.py:188} INFO - [2025-02-26T01:29:02.998+0000] {dagbag.py:540} INFO - Filling up the DagBag from /home/airflow/.local/lib/python3.12/site-packages/airflow/example_dags/example_setup_teardown.py
[2025-02-26T01:29:03.006+0000] {processor.py:840} INFO - DAG(s) 'example_setup_teardown' retrieved from /home/airflow/.local/lib/python3.12/site-packages/airflow/example_dags/example_setup_teardown.py
[2025-02-26T01:29:03.222+0000] {logging_mixin.py:188} INFO - [2025-02-26T01:29:03.222+0000] {dag.py:3096} INFO - Sync 1 DAGs
[2025-02-26T01:29:03.245+0000] {logging_mixin.py:188} INFO - [2025-02-26T01:29:03.245+0000] {dag.py:3954} INFO - Setting next_dagrun for example_setup_teardown to 2025-02-25 00:00:00+00:00, run_after=2025-02-26 00:00:00+00:00
[2025-02-26T01:29:03.266+0000] {processor.py:183} INFO - Processing /home/airflow/.local/lib/python3.12/site-packages/airflow/example_dags/example_setup_teardown.py took 0.279 seconds
[2025-02-26T01:29:33.773+0000] {processor.py:161} INFO - Started process (PID=1270) to work on /home/airflow/.local/lib/python3.12/site-packages/airflow/example_dags/example_setup_teardown.py
[2025-02-26T01:29:33.775+0000] {processor.py:830} INFO - Processing file /home/airflow/.local/lib/python3.12/site-packages/airflow/example_dags/example_setup_teardown.py for tasks to queue
[2025-02-26T01:29:33.777+0000] {logging_mixin.py:188} INFO - [2025-02-26T01:29:33.776+0000] {dagbag.py:540} INFO - Filling up the DagBag from /home/airflow/.local/lib/python3.12/site-packages/airflow/example_dags/example_setup_teardown.py
[2025-02-26T01:29:33.785+0000] {processor.py:840} INFO - DAG(s) 'example_setup_teardown' retrieved from /home/airflow/.local/lib/python3.12/site-packages/airflow/example_dags/example_setup_teardown.py
[2025-02-26T01:29:33.808+0000] {logging_mixin.py:188} INFO - [2025-02-26T01:29:33.807+0000] {dag.py:3096} INFO - Sync 1 DAGs
[2025-02-26T01:29:33.833+0000] {logging_mixin.py:188} INFO - [2025-02-26T01:29:33.833+0000] {dag.py:3954} INFO - Setting next_dagrun for example_setup_teardown to 2025-02-25 00:00:00+00:00, run_after=2025-02-26 00:00:00+00:00
[2025-02-26T01:29:33.857+0000] {processor.py:183} INFO - Processing /home/airflow/.local/lib/python3.12/site-packages/airflow/example_dags/example_setup_teardown.py took 0.092 seconds
[2025-02-26T01:30:04.134+0000] {processor.py:161} INFO - Started process (PID=1330) to work on /home/airflow/.local/lib/python3.12/site-packages/airflow/example_dags/example_setup_teardown.py
[2025-02-26T01:30:04.135+0000] {processor.py:830} INFO - Processing file /home/airflow/.local/lib/python3.12/site-packages/airflow/example_dags/example_setup_teardown.py for tasks to queue
[2025-02-26T01:30:04.137+0000] {logging_mixin.py:188} INFO - [2025-02-26T01:30:04.136+0000] {dagbag.py:540} INFO - Filling up the DagBag from /home/airflow/.local/lib/python3.12/site-packages/airflow/example_dags/example_setup_teardown.py
[2025-02-26T01:30:04.145+0000] {processor.py:840} INFO - DAG(s) 'example_setup_teardown' retrieved from /home/airflow/.local/lib/python3.12/site-packages/airflow/example_dags/example_setup_teardown.py
[2025-02-26T01:30:04.168+0000] {logging_mixin.py:188} INFO - [2025-02-26T01:30:04.168+0000] {dag.py:3096} INFO - Sync 1 DAGs
[2025-02-26T01:30:04.193+0000] {logging_mixin.py:188} INFO - [2025-02-26T01:30:04.193+0000] {dag.py:3954} INFO - Setting next_dagrun for example_setup_teardown to 2025-02-25 00:00:00+00:00, run_after=2025-02-26 00:00:00+00:00
[2025-02-26T01:30:04.217+0000] {processor.py:183} INFO - Processing /home/airflow/.local/lib/python3.12/site-packages/airflow/example_dags/example_setup_teardown.py took 0.090 seconds
[2025-02-26T01:30:34.865+0000] {processor.py:161} INFO - Started process (PID=1395) to work on /home/airflow/.local/lib/python3.12/site-packages/airflow/example_dags/example_setup_teardown.py
[2025-02-26T01:30:34.867+0000] {processor.py:830} INFO - Processing file /home/airflow/.local/lib/python3.12/site-packages/airflow/example_dags/example_setup_teardown.py for tasks to queue
[2025-02-26T01:30:34.870+0000] {logging_mixin.py:188} INFO - [2025-02-26T01:30:34.869+0000] {dagbag.py:540} INFO - Filling up the DagBag from /home/airflow/.local/lib/python3.12/site-packages/airflow/example_dags/example_setup_teardown.py
[2025-02-26T01:30:34.880+0000] {processor.py:840} INFO - DAG(s) 'example_setup_teardown' retrieved from /home/airflow/.local/lib/python3.12/site-packages/airflow/example_dags/example_setup_teardown.py
[2025-02-26T01:30:34.915+0000] {logging_mixin.py:188} INFO - [2025-02-26T01:30:34.915+0000] {dag.py:3096} INFO - Sync 1 DAGs
[2025-02-26T01:30:34.956+0000] {logging_mixin.py:188} INFO - [2025-02-26T01:30:34.956+0000] {dag.py:3954} INFO - Setting next_dagrun for example_setup_teardown to 2025-02-25 00:00:00+00:00, run_after=2025-02-26 00:00:00+00:00
[2025-02-26T01:30:34.993+0000] {processor.py:183} INFO - Processing /home/airflow/.local/lib/python3.12/site-packages/airflow/example_dags/example_setup_teardown.py took 0.137 seconds
[2025-02-26T01:31:05.351+0000] {processor.py:161} INFO - Started process (PID=1455) to work on /home/airflow/.local/lib/python3.12/site-packages/airflow/example_dags/example_setup_teardown.py
[2025-02-26T01:31:05.352+0000] {processor.py:830} INFO - Processing file /home/airflow/.local/lib/python3.12/site-packages/airflow/example_dags/example_setup_teardown.py for tasks to queue
[2025-02-26T01:31:05.359+0000] {logging_mixin.py:188} INFO - [2025-02-26T01:31:05.358+0000] {dagbag.py:540} INFO - Filling up the DagBag from /home/airflow/.local/lib/python3.12/site-packages/airflow/example_dags/example_setup_teardown.py
[2025-02-26T01:31:05.368+0000] {processor.py:840} INFO - DAG(s) 'example_setup_teardown' retrieved from /home/airflow/.local/lib/python3.12/site-packages/airflow/example_dags/example_setup_teardown.py
[2025-02-26T01:31:05.395+0000] {logging_mixin.py:188} INFO - [2025-02-26T01:31:05.394+0000] {dag.py:3096} INFO - Sync 1 DAGs
[2025-02-26T01:31:05.426+0000] {logging_mixin.py:188} INFO - [2025-02-26T01:31:05.425+0000] {dag.py:3954} INFO - Setting next_dagrun for example_setup_teardown to 2025-02-25 00:00:00+00:00, run_after=2025-02-26 00:00:00+00:00
[2025-02-26T01:31:05.606+0000] {processor.py:183} INFO - Processing /home/airflow/.local/lib/python3.12/site-packages/airflow/example_dags/example_setup_teardown.py took 0.266 seconds
[2025-02-26T01:31:36.657+0000] {processor.py:161} INFO - Started process (PID=1515) to work on /home/airflow/.local/lib/python3.12/site-packages/airflow/example_dags/example_setup_teardown.py
[2025-02-26T01:31:36.659+0000] {processor.py:830} INFO - Processing file /home/airflow/.local/lib/python3.12/site-packages/airflow/example_dags/example_setup_teardown.py for tasks to queue
[2025-02-26T01:31:36.662+0000] {logging_mixin.py:188} INFO - [2025-02-26T01:31:36.661+0000] {dagbag.py:540} INFO - Filling up the DagBag from /home/airflow/.local/lib/python3.12/site-packages/airflow/example_dags/example_setup_teardown.py
[2025-02-26T01:31:36.671+0000] {processor.py:840} INFO - DAG(s) 'example_setup_teardown' retrieved from /home/airflow/.local/lib/python3.12/site-packages/airflow/example_dags/example_setup_teardown.py
[2025-02-26T01:31:36.697+0000] {logging_mixin.py:188} INFO - [2025-02-26T01:31:36.697+0000] {dag.py:3096} INFO - Sync 1 DAGs
[2025-02-26T01:31:36.724+0000] {logging_mixin.py:188} INFO - [2025-02-26T01:31:36.724+0000] {dag.py:3954} INFO - Setting next_dagrun for example_setup_teardown to 2025-02-25 00:00:00+00:00, run_after=2025-02-26 00:00:00+00:00
[2025-02-26T01:31:36.769+0000] {processor.py:183} INFO - Processing /home/airflow/.local/lib/python3.12/site-packages/airflow/example_dags/example_setup_teardown.py took 0.119 seconds
[2025-02-26T01:32:07.275+0000] {processor.py:161} INFO - Started process (PID=1575) to work on /home/airflow/.local/lib/python3.12/site-packages/airflow/example_dags/example_setup_teardown.py
[2025-02-26T01:32:07.276+0000] {processor.py:830} INFO - Processing file /home/airflow/.local/lib/python3.12/site-packages/airflow/example_dags/example_setup_teardown.py for tasks to queue
[2025-02-26T01:32:07.279+0000] {logging_mixin.py:188} INFO - [2025-02-26T01:32:07.278+0000] {dagbag.py:540} INFO - Filling up the DagBag from /home/airflow/.local/lib/python3.12/site-packages/airflow/example_dags/example_setup_teardown.py
[2025-02-26T01:32:07.287+0000] {processor.py:840} INFO - DAG(s) 'example_setup_teardown' retrieved from /home/airflow/.local/lib/python3.12/site-packages/airflow/example_dags/example_setup_teardown.py
[2025-02-26T01:32:07.308+0000] {logging_mixin.py:188} INFO - [2025-02-26T01:32:07.308+0000] {dag.py:3096} INFO - Sync 1 DAGs
[2025-02-26T01:32:07.333+0000] {logging_mixin.py:188} INFO - [2025-02-26T01:32:07.333+0000] {dag.py:3954} INFO - Setting next_dagrun for example_setup_teardown to 2025-02-25 00:00:00+00:00, run_after=2025-02-26 00:00:00+00:00
[2025-02-26T01:32:07.353+0000] {processor.py:183} INFO - Processing /home/airflow/.local/lib/python3.12/site-packages/airflow/example_dags/example_setup_teardown.py took 0.087 seconds
[2025-02-26T01:32:38.223+0000] {processor.py:161} INFO - Started process (PID=1636) to work on /home/airflow/.local/lib/python3.12/site-packages/airflow/example_dags/example_setup_teardown.py
[2025-02-26T01:32:38.225+0000] {processor.py:830} INFO - Processing file /home/airflow/.local/lib/python3.12/site-packages/airflow/example_dags/example_setup_teardown.py for tasks to queue
[2025-02-26T01:32:38.229+0000] {logging_mixin.py:188} INFO - [2025-02-26T01:32:38.228+0000] {dagbag.py:540} INFO - Filling up the DagBag from /home/airflow/.local/lib/python3.12/site-packages/airflow/example_dags/example_setup_teardown.py
[2025-02-26T01:32:38.244+0000] {processor.py:840} INFO - DAG(s) 'example_setup_teardown' retrieved from /home/airflow/.local/lib/python3.12/site-packages/airflow/example_dags/example_setup_teardown.py
[2025-02-26T01:32:38.285+0000] {logging_mixin.py:188} INFO - [2025-02-26T01:32:38.285+0000] {dag.py:3096} INFO - Sync 1 DAGs
[2025-02-26T01:32:38.333+0000] {logging_mixin.py:188} INFO - [2025-02-26T01:32:38.332+0000] {dag.py:3954} INFO - Setting next_dagrun for example_setup_teardown to 2025-02-25 00:00:00+00:00, run_after=2025-02-26 00:00:00+00:00
[2025-02-26T01:32:38.379+0000] {processor.py:183} INFO - Processing /home/airflow/.local/lib/python3.12/site-packages/airflow/example_dags/example_setup_teardown.py took 0.168 seconds
[2025-02-26T01:33:09.366+0000] {processor.py:161} INFO - Started process (PID=1696) to work on /home/airflow/.local/lib/python3.12/site-packages/airflow/example_dags/example_setup_teardown.py
[2025-02-26T01:33:09.367+0000] {processor.py:830} INFO - Processing file /home/airflow/.local/lib/python3.12/site-packages/airflow/example_dags/example_setup_teardown.py for tasks to queue
[2025-02-26T01:33:09.369+0000] {logging_mixin.py:188} INFO - [2025-02-26T01:33:09.369+0000] {dagbag.py:540} INFO - Filling up the DagBag from /home/airflow/.local/lib/python3.12/site-packages/airflow/example_dags/example_setup_teardown.py
[2025-02-26T01:33:09.377+0000] {processor.py:840} INFO - DAG(s) 'example_setup_teardown' retrieved from /home/airflow/.local/lib/python3.12/site-packages/airflow/example_dags/example_setup_teardown.py
[2025-02-26T01:33:09.400+0000] {logging_mixin.py:188} INFO - [2025-02-26T01:33:09.400+0000] {dag.py:3096} INFO - Sync 1 DAGs
[2025-02-26T01:33:09.425+0000] {logging_mixin.py:188} INFO - [2025-02-26T01:33:09.425+0000] {dag.py:3954} INFO - Setting next_dagrun for example_setup_teardown to 2025-02-25 00:00:00+00:00, run_after=2025-02-26 00:00:00+00:00
[2025-02-26T01:33:09.447+0000] {processor.py:183} INFO - Processing /home/airflow/.local/lib/python3.12/site-packages/airflow/example_dags/example_setup_teardown.py took 0.087 seconds
[2025-02-26T01:33:39.929+0000] {processor.py:161} INFO - Started process (PID=1756) to work on /home/airflow/.local/lib/python3.12/site-packages/airflow/example_dags/example_setup_teardown.py
[2025-02-26T01:33:39.931+0000] {processor.py:830} INFO - Processing file /home/airflow/.local/lib/python3.12/site-packages/airflow/example_dags/example_setup_teardown.py for tasks to queue
[2025-02-26T01:33:39.934+0000] {logging_mixin.py:188} INFO - [2025-02-26T01:33:39.933+0000] {dagbag.py:540} INFO - Filling up the DagBag from /home/airflow/.local/lib/python3.12/site-packages/airflow/example_dags/example_setup_teardown.py
[2025-02-26T01:33:39.941+0000] {processor.py:840} INFO - DAG(s) 'example_setup_teardown' retrieved from /home/airflow/.local/lib/python3.12/site-packages/airflow/example_dags/example_setup_teardown.py
[2025-02-26T01:33:39.965+0000] {logging_mixin.py:188} INFO - [2025-02-26T01:33:39.965+0000] {dag.py:3096} INFO - Sync 1 DAGs
[2025-02-26T01:33:39.987+0000] {logging_mixin.py:188} INFO - [2025-02-26T01:33:39.987+0000] {dag.py:3954} INFO - Setting next_dagrun for example_setup_teardown to 2025-02-25 00:00:00+00:00, run_after=2025-02-26 00:00:00+00:00
[2025-02-26T01:33:40.010+0000] {processor.py:183} INFO - Processing /home/airflow/.local/lib/python3.12/site-packages/airflow/example_dags/example_setup_teardown.py took 0.089 seconds
[2025-02-26T01:34:10.195+0000] {processor.py:161} INFO - Started process (PID=1816) to work on /home/airflow/.local/lib/python3.12/site-packages/airflow/example_dags/example_setup_teardown.py
[2025-02-26T01:34:10.197+0000] {processor.py:830} INFO - Processing file /home/airflow/.local/lib/python3.12/site-packages/airflow/example_dags/example_setup_teardown.py for tasks to queue
[2025-02-26T01:34:10.200+0000] {logging_mixin.py:188} INFO - [2025-02-26T01:34:10.200+0000] {dagbag.py:540} INFO - Filling up the DagBag from /home/airflow/.local/lib/python3.12/site-packages/airflow/example_dags/example_setup_teardown.py
[2025-02-26T01:34:10.208+0000] {processor.py:840} INFO - DAG(s) 'example_setup_teardown' retrieved from /home/airflow/.local/lib/python3.12/site-packages/airflow/example_dags/example_setup_teardown.py
[2025-02-26T01:34:10.234+0000] {logging_mixin.py:188} INFO - [2025-02-26T01:34:10.234+0000] {dag.py:3096} INFO - Sync 1 DAGs
[2025-02-26T01:34:10.272+0000] {logging_mixin.py:188} INFO - [2025-02-26T01:34:10.272+0000] {dag.py:3954} INFO - Setting next_dagrun for example_setup_teardown to 2025-02-25 00:00:00+00:00, run_after=2025-02-26 00:00:00+00:00
[2025-02-26T01:34:10.299+0000] {processor.py:183} INFO - Processing /home/airflow/.local/lib/python3.12/site-packages/airflow/example_dags/example_setup_teardown.py took 0.115 seconds
[2025-02-26T01:34:41.219+0000] {processor.py:161} INFO - Started process (PID=1876) to work on /home/airflow/.local/lib/python3.12/site-packages/airflow/example_dags/example_setup_teardown.py
[2025-02-26T01:34:41.220+0000] {processor.py:830} INFO - Processing file /home/airflow/.local/lib/python3.12/site-packages/airflow/example_dags/example_setup_teardown.py for tasks to queue
[2025-02-26T01:34:41.222+0000] {logging_mixin.py:188} INFO - [2025-02-26T01:34:41.222+0000] {dagbag.py:540} INFO - Filling up the DagBag from /home/airflow/.local/lib/python3.12/site-packages/airflow/example_dags/example_setup_teardown.py
[2025-02-26T01:34:41.233+0000] {processor.py:840} INFO - DAG(s) 'example_setup_teardown' retrieved from /home/airflow/.local/lib/python3.12/site-packages/airflow/example_dags/example_setup_teardown.py
[2025-02-26T01:34:41.256+0000] {logging_mixin.py:188} INFO - [2025-02-26T01:34:41.256+0000] {dag.py:3096} INFO - Sync 1 DAGs
[2025-02-26T01:34:41.285+0000] {logging_mixin.py:188} INFO - [2025-02-26T01:34:41.284+0000] {dag.py:3954} INFO - Setting next_dagrun for example_setup_teardown to 2025-02-25 00:00:00+00:00, run_after=2025-02-26 00:00:00+00:00
[2025-02-26T01:34:41.307+0000] {processor.py:183} INFO - Processing /home/airflow/.local/lib/python3.12/site-packages/airflow/example_dags/example_setup_teardown.py took 0.096 seconds
[2025-02-26T01:35:11.880+0000] {processor.py:161} INFO - Started process (PID=1936) to work on /home/airflow/.local/lib/python3.12/site-packages/airflow/example_dags/example_setup_teardown.py
[2025-02-26T01:35:11.881+0000] {processor.py:830} INFO - Processing file /home/airflow/.local/lib/python3.12/site-packages/airflow/example_dags/example_setup_teardown.py for tasks to queue
[2025-02-26T01:35:11.883+0000] {logging_mixin.py:188} INFO - [2025-02-26T01:35:11.883+0000] {dagbag.py:540} INFO - Filling up the DagBag from /home/airflow/.local/lib/python3.12/site-packages/airflow/example_dags/example_setup_teardown.py
[2025-02-26T01:35:11.891+0000] {processor.py:840} INFO - DAG(s) 'example_setup_teardown' retrieved from /home/airflow/.local/lib/python3.12/site-packages/airflow/example_dags/example_setup_teardown.py
[2025-02-26T01:35:11.915+0000] {logging_mixin.py:188} INFO - [2025-02-26T01:35:11.915+0000] {dag.py:3096} INFO - Sync 1 DAGs
[2025-02-26T01:35:11.943+0000] {logging_mixin.py:188} INFO - [2025-02-26T01:35:11.942+0000] {dag.py:3954} INFO - Setting next_dagrun for example_setup_teardown to 2025-02-25 00:00:00+00:00, run_after=2025-02-26 00:00:00+00:00
[2025-02-26T01:35:11.965+0000] {processor.py:183} INFO - Processing /home/airflow/.local/lib/python3.12/site-packages/airflow/example_dags/example_setup_teardown.py took 0.092 seconds
[2025-02-26T01:35:42.147+0000] {processor.py:161} INFO - Started process (PID=1996) to work on /home/airflow/.local/lib/python3.12/site-packages/airflow/example_dags/example_setup_teardown.py
[2025-02-26T01:35:42.148+0000] {processor.py:830} INFO - Processing file /home/airflow/.local/lib/python3.12/site-packages/airflow/example_dags/example_setup_teardown.py for tasks to queue
[2025-02-26T01:35:42.151+0000] {logging_mixin.py:188} INFO - [2025-02-26T01:35:42.151+0000] {dagbag.py:540} INFO - Filling up the DagBag from /home/airflow/.local/lib/python3.12/site-packages/airflow/example_dags/example_setup_teardown.py
[2025-02-26T01:35:42.161+0000] {processor.py:840} INFO - DAG(s) 'example_setup_teardown' retrieved from /home/airflow/.local/lib/python3.12/site-packages/airflow/example_dags/example_setup_teardown.py
[2025-02-26T01:35:42.193+0000] {logging_mixin.py:188} INFO - [2025-02-26T01:35:42.193+0000] {dag.py:3096} INFO - Sync 1 DAGs
[2025-02-26T01:35:42.226+0000] {logging_mixin.py:188} INFO - [2025-02-26T01:35:42.226+0000] {dag.py:3954} INFO - Setting next_dagrun for example_setup_teardown to 2025-02-25 00:00:00+00:00, run_after=2025-02-26 00:00:00+00:00
[2025-02-26T01:35:42.263+0000] {processor.py:183} INFO - Processing /home/airflow/.local/lib/python3.12/site-packages/airflow/example_dags/example_setup_teardown.py took 0.134 seconds
[2025-02-26T01:36:12.728+0000] {processor.py:161} INFO - Started process (PID=2057) to work on /home/airflow/.local/lib/python3.12/site-packages/airflow/example_dags/example_setup_teardown.py
[2025-02-26T01:36:12.730+0000] {processor.py:830} INFO - Processing file /home/airflow/.local/lib/python3.12/site-packages/airflow/example_dags/example_setup_teardown.py for tasks to queue
[2025-02-26T01:36:12.733+0000] {logging_mixin.py:188} INFO - [2025-02-26T01:36:12.732+0000] {dagbag.py:540} INFO - Filling up the DagBag from /home/airflow/.local/lib/python3.12/site-packages/airflow/example_dags/example_setup_teardown.py
[2025-02-26T01:36:12.742+0000] {processor.py:840} INFO - DAG(s) 'example_setup_teardown' retrieved from /home/airflow/.local/lib/python3.12/site-packages/airflow/example_dags/example_setup_teardown.py
[2025-02-26T01:36:12.772+0000] {logging_mixin.py:188} INFO - [2025-02-26T01:36:12.772+0000] {dag.py:3096} INFO - Sync 1 DAGs
[2025-02-26T01:36:12.803+0000] {logging_mixin.py:188} INFO - [2025-02-26T01:36:12.803+0000] {dag.py:3954} INFO - Setting next_dagrun for example_setup_teardown to 2025-02-25 00:00:00+00:00, run_after=2025-02-26 00:00:00+00:00
[2025-02-26T01:36:12.831+0000] {processor.py:183} INFO - Processing /home/airflow/.local/lib/python3.12/site-packages/airflow/example_dags/example_setup_teardown.py took 0.114 seconds
[2025-02-26T01:36:43.019+0000] {processor.py:161} INFO - Started process (PID=2117) to work on /home/airflow/.local/lib/python3.12/site-packages/airflow/example_dags/example_setup_teardown.py
[2025-02-26T01:36:43.024+0000] {processor.py:830} INFO - Processing file /home/airflow/.local/lib/python3.12/site-packages/airflow/example_dags/example_setup_teardown.py for tasks to queue
[2025-02-26T01:36:43.028+0000] {logging_mixin.py:188} INFO - [2025-02-26T01:36:43.027+0000] {dagbag.py:540} INFO - Filling up the DagBag from /home/airflow/.local/lib/python3.12/site-packages/airflow/example_dags/example_setup_teardown.py
[2025-02-26T01:36:43.047+0000] {processor.py:840} INFO - DAG(s) 'example_setup_teardown' retrieved from /home/airflow/.local/lib/python3.12/site-packages/airflow/example_dags/example_setup_teardown.py
[2025-02-26T01:36:43.090+0000] {logging_mixin.py:188} INFO - [2025-02-26T01:36:43.090+0000] {dag.py:3096} INFO - Sync 1 DAGs
[2025-02-26T01:36:43.143+0000] {logging_mixin.py:188} INFO - [2025-02-26T01:36:43.143+0000] {dag.py:3954} INFO - Setting next_dagrun for example_setup_teardown to 2025-02-25 00:00:00+00:00, run_after=2025-02-26 00:00:00+00:00
[2025-02-26T01:36:43.178+0000] {processor.py:183} INFO - Processing /home/airflow/.local/lib/python3.12/site-packages/airflow/example_dags/example_setup_teardown.py took 0.172 seconds
[2025-02-26T01:37:13.326+0000] {processor.py:161} INFO - Started process (PID=2177) to work on /home/airflow/.local/lib/python3.12/site-packages/airflow/example_dags/example_setup_teardown.py
[2025-02-26T01:37:13.327+0000] {processor.py:830} INFO - Processing file /home/airflow/.local/lib/python3.12/site-packages/airflow/example_dags/example_setup_teardown.py for tasks to queue
[2025-02-26T01:37:13.329+0000] {logging_mixin.py:188} INFO - [2025-02-26T01:37:13.329+0000] {dagbag.py:540} INFO - Filling up the DagBag from /home/airflow/.local/lib/python3.12/site-packages/airflow/example_dags/example_setup_teardown.py
[2025-02-26T01:37:13.337+0000] {processor.py:840} INFO - DAG(s) 'example_setup_teardown' retrieved from /home/airflow/.local/lib/python3.12/site-packages/airflow/example_dags/example_setup_teardown.py
[2025-02-26T01:37:13.360+0000] {logging_mixin.py:188} INFO - [2025-02-26T01:37:13.360+0000] {dag.py:3096} INFO - Sync 1 DAGs
[2025-02-26T01:37:13.383+0000] {logging_mixin.py:188} INFO - [2025-02-26T01:37:13.383+0000] {dag.py:3954} INFO - Setting next_dagrun for example_setup_teardown to 2025-02-25 00:00:00+00:00, run_after=2025-02-26 00:00:00+00:00
[2025-02-26T01:37:13.405+0000] {processor.py:183} INFO - Processing /home/airflow/.local/lib/python3.12/site-packages/airflow/example_dags/example_setup_teardown.py took 0.086 seconds
[2025-02-26T01:37:43.708+0000] {processor.py:161} INFO - Started process (PID=2237) to work on /home/airflow/.local/lib/python3.12/site-packages/airflow/example_dags/example_setup_teardown.py
[2025-02-26T01:37:43.710+0000] {processor.py:830} INFO - Processing file /home/airflow/.local/lib/python3.12/site-packages/airflow/example_dags/example_setup_teardown.py for tasks to queue
[2025-02-26T01:37:43.712+0000] {logging_mixin.py:188} INFO - [2025-02-26T01:37:43.712+0000] {dagbag.py:540} INFO - Filling up the DagBag from /home/airflow/.local/lib/python3.12/site-packages/airflow/example_dags/example_setup_teardown.py
[2025-02-26T01:37:43.720+0000] {processor.py:840} INFO - DAG(s) 'example_setup_teardown' retrieved from /home/airflow/.local/lib/python3.12/site-packages/airflow/example_dags/example_setup_teardown.py
[2025-02-26T01:37:43.743+0000] {logging_mixin.py:188} INFO - [2025-02-26T01:37:43.743+0000] {dag.py:3096} INFO - Sync 1 DAGs
[2025-02-26T01:37:43.767+0000] {logging_mixin.py:188} INFO - [2025-02-26T01:37:43.767+0000] {dag.py:3954} INFO - Setting next_dagrun for example_setup_teardown to 2025-02-25 00:00:00+00:00, run_after=2025-02-26 00:00:00+00:00
[2025-02-26T01:37:43.788+0000] {processor.py:183} INFO - Processing /home/airflow/.local/lib/python3.12/site-packages/airflow/example_dags/example_setup_teardown.py took 0.086 seconds
[2025-02-26T01:38:14.146+0000] {processor.py:161} INFO - Started process (PID=2303) to work on /home/airflow/.local/lib/python3.12/site-packages/airflow/example_dags/example_setup_teardown.py
[2025-02-26T01:38:14.147+0000] {processor.py:830} INFO - Processing file /home/airflow/.local/lib/python3.12/site-packages/airflow/example_dags/example_setup_teardown.py for tasks to queue
[2025-02-26T01:38:14.149+0000] {logging_mixin.py:188} INFO - [2025-02-26T01:38:14.149+0000] {dagbag.py:540} INFO - Filling up the DagBag from /home/airflow/.local/lib/python3.12/site-packages/airflow/example_dags/example_setup_teardown.py
[2025-02-26T01:38:14.157+0000] {processor.py:840} INFO - DAG(s) 'example_setup_teardown' retrieved from /home/airflow/.local/lib/python3.12/site-packages/airflow/example_dags/example_setup_teardown.py
[2025-02-26T01:38:14.180+0000] {logging_mixin.py:188} INFO - [2025-02-26T01:38:14.180+0000] {dag.py:3096} INFO - Sync 1 DAGs
[2025-02-26T01:38:14.203+0000] {logging_mixin.py:188} INFO - [2025-02-26T01:38:14.203+0000] {dag.py:3954} INFO - Setting next_dagrun for example_setup_teardown to 2025-02-25 00:00:00+00:00, run_after=2025-02-26 00:00:00+00:00
[2025-02-26T01:38:14.226+0000] {processor.py:183} INFO - Processing /home/airflow/.local/lib/python3.12/site-packages/airflow/example_dags/example_setup_teardown.py took 0.086 seconds
[2025-02-26T01:38:44.704+0000] {processor.py:161} INFO - Started process (PID=2363) to work on /home/airflow/.local/lib/python3.12/site-packages/airflow/example_dags/example_setup_teardown.py
[2025-02-26T01:38:44.705+0000] {processor.py:830} INFO - Processing file /home/airflow/.local/lib/python3.12/site-packages/airflow/example_dags/example_setup_teardown.py for tasks to queue
[2025-02-26T01:38:44.708+0000] {logging_mixin.py:188} INFO - [2025-02-26T01:38:44.707+0000] {dagbag.py:540} INFO - Filling up the DagBag from /home/airflow/.local/lib/python3.12/site-packages/airflow/example_dags/example_setup_teardown.py
[2025-02-26T01:38:44.715+0000] {processor.py:840} INFO - DAG(s) 'example_setup_teardown' retrieved from /home/airflow/.local/lib/python3.12/site-packages/airflow/example_dags/example_setup_teardown.py
[2025-02-26T01:38:44.739+0000] {logging_mixin.py:188} INFO - [2025-02-26T01:38:44.739+0000] {dag.py:3096} INFO - Sync 1 DAGs
[2025-02-26T01:38:44.762+0000] {logging_mixin.py:188} INFO - [2025-02-26T01:38:44.762+0000] {dag.py:3954} INFO - Setting next_dagrun for example_setup_teardown to 2025-02-25 00:00:00+00:00, run_after=2025-02-26 00:00:00+00:00
[2025-02-26T01:38:44.785+0000] {processor.py:183} INFO - Processing /home/airflow/.local/lib/python3.12/site-packages/airflow/example_dags/example_setup_teardown.py took 0.087 seconds
[2025-02-26T01:39:14.898+0000] {processor.py:161} INFO - Started process (PID=2421) to work on /home/airflow/.local/lib/python3.12/site-packages/airflow/example_dags/example_setup_teardown.py
[2025-02-26T01:39:14.899+0000] {processor.py:830} INFO - Processing file /home/airflow/.local/lib/python3.12/site-packages/airflow/example_dags/example_setup_teardown.py for tasks to queue
[2025-02-26T01:39:14.901+0000] {logging_mixin.py:188} INFO - [2025-02-26T01:39:14.901+0000] {dagbag.py:540} INFO - Filling up the DagBag from /home/airflow/.local/lib/python3.12/site-packages/airflow/example_dags/example_setup_teardown.py
[2025-02-26T01:39:14.909+0000] {processor.py:840} INFO - DAG(s) 'example_setup_teardown' retrieved from /home/airflow/.local/lib/python3.12/site-packages/airflow/example_dags/example_setup_teardown.py
[2025-02-26T01:39:14.932+0000] {logging_mixin.py:188} INFO - [2025-02-26T01:39:14.931+0000] {dag.py:3096} INFO - Sync 1 DAGs
[2025-02-26T01:39:14.955+0000] {logging_mixin.py:188} INFO - [2025-02-26T01:39:14.954+0000] {dag.py:3954} INFO - Setting next_dagrun for example_setup_teardown to 2025-02-25 00:00:00+00:00, run_after=2025-02-26 00:00:00+00:00
[2025-02-26T01:39:14.976+0000] {processor.py:183} INFO - Processing /home/airflow/.local/lib/python3.12/site-packages/airflow/example_dags/example_setup_teardown.py took 0.084 seconds
[2025-02-26T01:39:45.644+0000] {processor.py:161} INFO - Started process (PID=2481) to work on /home/airflow/.local/lib/python3.12/site-packages/airflow/example_dags/example_setup_teardown.py
[2025-02-26T01:39:45.646+0000] {processor.py:830} INFO - Processing file /home/airflow/.local/lib/python3.12/site-packages/airflow/example_dags/example_setup_teardown.py for tasks to queue
[2025-02-26T01:39:45.649+0000] {logging_mixin.py:188} INFO - [2025-02-26T01:39:45.648+0000] {dagbag.py:540} INFO - Filling up the DagBag from /home/airflow/.local/lib/python3.12/site-packages/airflow/example_dags/example_setup_teardown.py
[2025-02-26T01:39:45.679+0000] {processor.py:840} INFO - DAG(s) 'example_setup_teardown' retrieved from /home/airflow/.local/lib/python3.12/site-packages/airflow/example_dags/example_setup_teardown.py
[2025-02-26T01:39:45.711+0000] {logging_mixin.py:188} INFO - [2025-02-26T01:39:45.711+0000] {dag.py:3096} INFO - Sync 1 DAGs
[2025-02-26T01:39:45.737+0000] {logging_mixin.py:188} INFO - [2025-02-26T01:39:45.737+0000] {dag.py:3954} INFO - Setting next_dagrun for example_setup_teardown to 2025-02-25 00:00:00+00:00, run_after=2025-02-26 00:00:00+00:00
[2025-02-26T01:39:45.758+0000] {processor.py:183} INFO - Processing /home/airflow/.local/lib/python3.12/site-packages/airflow/example_dags/example_setup_teardown.py took 0.130 seconds
[2025-02-26T01:40:16.162+0000] {processor.py:161} INFO - Started process (PID=2541) to work on /home/airflow/.local/lib/python3.12/site-packages/airflow/example_dags/example_setup_teardown.py
[2025-02-26T01:40:16.163+0000] {processor.py:830} INFO - Processing file /home/airflow/.local/lib/python3.12/site-packages/airflow/example_dags/example_setup_teardown.py for tasks to queue
[2025-02-26T01:40:16.165+0000] {logging_mixin.py:188} INFO - [2025-02-26T01:40:16.165+0000] {dagbag.py:540} INFO - Filling up the DagBag from /home/airflow/.local/lib/python3.12/site-packages/airflow/example_dags/example_setup_teardown.py
[2025-02-26T01:40:16.176+0000] {processor.py:840} INFO - DAG(s) 'example_setup_teardown' retrieved from /home/airflow/.local/lib/python3.12/site-packages/airflow/example_dags/example_setup_teardown.py
[2025-02-26T01:40:16.204+0000] {logging_mixin.py:188} INFO - [2025-02-26T01:40:16.203+0000] {dag.py:3096} INFO - Sync 1 DAGs
[2025-02-26T01:40:16.233+0000] {logging_mixin.py:188} INFO - [2025-02-26T01:40:16.233+0000] {dag.py:3954} INFO - Setting next_dagrun for example_setup_teardown to 2025-02-25 00:00:00+00:00, run_after=2025-02-26 00:00:00+00:00
[2025-02-26T01:40:16.259+0000] {processor.py:183} INFO - Processing /home/airflow/.local/lib/python3.12/site-packages/airflow/example_dags/example_setup_teardown.py took 0.106 seconds
[2025-02-26T01:40:46.891+0000] {processor.py:161} INFO - Started process (PID=2601) to work on /home/airflow/.local/lib/python3.12/site-packages/airflow/example_dags/example_setup_teardown.py
[2025-02-26T01:40:46.892+0000] {processor.py:830} INFO - Processing file /home/airflow/.local/lib/python3.12/site-packages/airflow/example_dags/example_setup_teardown.py for tasks to queue
[2025-02-26T01:40:46.894+0000] {logging_mixin.py:188} INFO - [2025-02-26T01:40:46.894+0000] {dagbag.py:540} INFO - Filling up the DagBag from /home/airflow/.local/lib/python3.12/site-packages/airflow/example_dags/example_setup_teardown.py
[2025-02-26T01:40:46.904+0000] {processor.py:840} INFO - DAG(s) 'example_setup_teardown' retrieved from /home/airflow/.local/lib/python3.12/site-packages/airflow/example_dags/example_setup_teardown.py
[2025-02-26T01:40:46.936+0000] {logging_mixin.py:188} INFO - [2025-02-26T01:40:46.936+0000] {dag.py:3096} INFO - Sync 1 DAGs
[2025-02-26T01:40:46.963+0000] {logging_mixin.py:188} INFO - [2025-02-26T01:40:46.963+0000] {dag.py:3954} INFO - Setting next_dagrun for example_setup_teardown to 2025-02-25 00:00:00+00:00, run_after=2025-02-26 00:00:00+00:00
[2025-02-26T01:40:46.987+0000] {processor.py:183} INFO - Processing /home/airflow/.local/lib/python3.12/site-packages/airflow/example_dags/example_setup_teardown.py took 0.105 seconds
[2025-02-26T01:41:17.098+0000] {processor.py:161} INFO - Started process (PID=2661) to work on /home/airflow/.local/lib/python3.12/site-packages/airflow/example_dags/example_setup_teardown.py
[2025-02-26T01:41:17.100+0000] {processor.py:830} INFO - Processing file /home/airflow/.local/lib/python3.12/site-packages/airflow/example_dags/example_setup_teardown.py for tasks to queue
[2025-02-26T01:41:17.104+0000] {logging_mixin.py:188} INFO - [2025-02-26T01:41:17.103+0000] {dagbag.py:540} INFO - Filling up the DagBag from /home/airflow/.local/lib/python3.12/site-packages/airflow/example_dags/example_setup_teardown.py
[2025-02-26T01:41:17.112+0000] {processor.py:840} INFO - DAG(s) 'example_setup_teardown' retrieved from /home/airflow/.local/lib/python3.12/site-packages/airflow/example_dags/example_setup_teardown.py
[2025-02-26T01:41:17.139+0000] {logging_mixin.py:188} INFO - [2025-02-26T01:41:17.139+0000] {dag.py:3096} INFO - Sync 1 DAGs
[2025-02-26T01:41:17.165+0000] {logging_mixin.py:188} INFO - [2025-02-26T01:41:17.165+0000] {dag.py:3954} INFO - Setting next_dagrun for example_setup_teardown to 2025-02-25 00:00:00+00:00, run_after=2025-02-26 00:00:00+00:00
[2025-02-26T01:41:17.192+0000] {processor.py:183} INFO - Processing /home/airflow/.local/lib/python3.12/site-packages/airflow/example_dags/example_setup_teardown.py took 0.105 seconds
[2025-02-26T01:41:47.370+0000] {processor.py:161} INFO - Started process (PID=2721) to work on /home/airflow/.local/lib/python3.12/site-packages/airflow/example_dags/example_setup_teardown.py
[2025-02-26T01:41:47.372+0000] {processor.py:830} INFO - Processing file /home/airflow/.local/lib/python3.12/site-packages/airflow/example_dags/example_setup_teardown.py for tasks to queue
[2025-02-26T01:41:47.374+0000] {logging_mixin.py:188} INFO - [2025-02-26T01:41:47.373+0000] {dagbag.py:540} INFO - Filling up the DagBag from /home/airflow/.local/lib/python3.12/site-packages/airflow/example_dags/example_setup_teardown.py
[2025-02-26T01:41:47.382+0000] {processor.py:840} INFO - DAG(s) 'example_setup_teardown' retrieved from /home/airflow/.local/lib/python3.12/site-packages/airflow/example_dags/example_setup_teardown.py
[2025-02-26T01:41:47.407+0000] {logging_mixin.py:188} INFO - [2025-02-26T01:41:47.406+0000] {dag.py:3096} INFO - Sync 1 DAGs
[2025-02-26T01:41:47.431+0000] {logging_mixin.py:188} INFO - [2025-02-26T01:41:47.430+0000] {dag.py:3954} INFO - Setting next_dagrun for example_setup_teardown to 2025-02-25 00:00:00+00:00, run_after=2025-02-26 00:00:00+00:00
[2025-02-26T01:41:47.452+0000] {processor.py:183} INFO - Processing /home/airflow/.local/lib/python3.12/site-packages/airflow/example_dags/example_setup_teardown.py took 0.088 seconds
[2025-02-26T01:42:17.849+0000] {processor.py:161} INFO - Started process (PID=2781) to work on /home/airflow/.local/lib/python3.12/site-packages/airflow/example_dags/example_setup_teardown.py
[2025-02-26T01:42:17.851+0000] {processor.py:830} INFO - Processing file /home/airflow/.local/lib/python3.12/site-packages/airflow/example_dags/example_setup_teardown.py for tasks to queue
[2025-02-26T01:42:17.853+0000] {logging_mixin.py:188} INFO - [2025-02-26T01:42:17.852+0000] {dagbag.py:540} INFO - Filling up the DagBag from /home/airflow/.local/lib/python3.12/site-packages/airflow/example_dags/example_setup_teardown.py
[2025-02-26T01:42:17.861+0000] {processor.py:840} INFO - DAG(s) 'example_setup_teardown' retrieved from /home/airflow/.local/lib/python3.12/site-packages/airflow/example_dags/example_setup_teardown.py
[2025-02-26T01:42:17.885+0000] {logging_mixin.py:188} INFO - [2025-02-26T01:42:17.885+0000] {dag.py:3096} INFO - Sync 1 DAGs
[2025-02-26T01:42:17.907+0000] {logging_mixin.py:188} INFO - [2025-02-26T01:42:17.907+0000] {dag.py:3954} INFO - Setting next_dagrun for example_setup_teardown to 2025-02-25 00:00:00+00:00, run_after=2025-02-26 00:00:00+00:00
[2025-02-26T01:42:17.929+0000] {processor.py:183} INFO - Processing /home/airflow/.local/lib/python3.12/site-packages/airflow/example_dags/example_setup_teardown.py took 0.086 seconds
[2025-02-26T01:42:48.154+0000] {processor.py:161} INFO - Started process (PID=2841) to work on /home/airflow/.local/lib/python3.12/site-packages/airflow/example_dags/example_setup_teardown.py
[2025-02-26T01:42:48.155+0000] {processor.py:830} INFO - Processing file /home/airflow/.local/lib/python3.12/site-packages/airflow/example_dags/example_setup_teardown.py for tasks to queue
[2025-02-26T01:42:48.157+0000] {logging_mixin.py:188} INFO - [2025-02-26T01:42:48.157+0000] {dagbag.py:540} INFO - Filling up the DagBag from /home/airflow/.local/lib/python3.12/site-packages/airflow/example_dags/example_setup_teardown.py
[2025-02-26T01:42:48.165+0000] {processor.py:840} INFO - DAG(s) 'example_setup_teardown' retrieved from /home/airflow/.local/lib/python3.12/site-packages/airflow/example_dags/example_setup_teardown.py
[2025-02-26T01:42:48.191+0000] {logging_mixin.py:188} INFO - [2025-02-26T01:42:48.190+0000] {dag.py:3096} INFO - Sync 1 DAGs
[2025-02-26T01:42:48.218+0000] {logging_mixin.py:188} INFO - [2025-02-26T01:42:48.218+0000] {dag.py:3954} INFO - Setting next_dagrun for example_setup_teardown to 2025-02-25 00:00:00+00:00, run_after=2025-02-26 00:00:00+00:00
[2025-02-26T01:42:48.243+0000] {processor.py:183} INFO - Processing /home/airflow/.local/lib/python3.12/site-packages/airflow/example_dags/example_setup_teardown.py took 0.096 seconds
[2025-02-26T01:43:18.616+0000] {processor.py:161} INFO - Started process (PID=2901) to work on /home/airflow/.local/lib/python3.12/site-packages/airflow/example_dags/example_setup_teardown.py
[2025-02-26T01:43:18.617+0000] {processor.py:830} INFO - Processing file /home/airflow/.local/lib/python3.12/site-packages/airflow/example_dags/example_setup_teardown.py for tasks to queue
[2025-02-26T01:43:18.620+0000] {logging_mixin.py:188} INFO - [2025-02-26T01:43:18.619+0000] {dagbag.py:540} INFO - Filling up the DagBag from /home/airflow/.local/lib/python3.12/site-packages/airflow/example_dags/example_setup_teardown.py
[2025-02-26T01:43:18.635+0000] {processor.py:840} INFO - DAG(s) 'example_setup_teardown' retrieved from /home/airflow/.local/lib/python3.12/site-packages/airflow/example_dags/example_setup_teardown.py
[2025-02-26T01:43:18.676+0000] {logging_mixin.py:188} INFO - [2025-02-26T01:43:18.675+0000] {dag.py:3096} INFO - Sync 1 DAGs
[2025-02-26T01:43:18.715+0000] {logging_mixin.py:188} INFO - [2025-02-26T01:43:18.714+0000] {dag.py:3954} INFO - Setting next_dagrun for example_setup_teardown to 2025-02-25 00:00:00+00:00, run_after=2025-02-26 00:00:00+00:00
[2025-02-26T01:43:18.743+0000] {processor.py:183} INFO - Processing /home/airflow/.local/lib/python3.12/site-packages/airflow/example_dags/example_setup_teardown.py took 0.133 seconds
[2025-02-26T01:43:49.127+0000] {processor.py:161} INFO - Started process (PID=2961) to work on /home/airflow/.local/lib/python3.12/site-packages/airflow/example_dags/example_setup_teardown.py
[2025-02-26T01:43:49.128+0000] {processor.py:830} INFO - Processing file /home/airflow/.local/lib/python3.12/site-packages/airflow/example_dags/example_setup_teardown.py for tasks to queue
[2025-02-26T01:43:49.130+0000] {logging_mixin.py:188} INFO - [2025-02-26T01:43:49.130+0000] {dagbag.py:540} INFO - Filling up the DagBag from /home/airflow/.local/lib/python3.12/site-packages/airflow/example_dags/example_setup_teardown.py
[2025-02-26T01:43:49.138+0000] {processor.py:840} INFO - DAG(s) 'example_setup_teardown' retrieved from /home/airflow/.local/lib/python3.12/site-packages/airflow/example_dags/example_setup_teardown.py
[2025-02-26T01:43:49.162+0000] {logging_mixin.py:188} INFO - [2025-02-26T01:43:49.162+0000] {dag.py:3096} INFO - Sync 1 DAGs
[2025-02-26T01:43:49.186+0000] {logging_mixin.py:188} INFO - [2025-02-26T01:43:49.186+0000] {dag.py:3954} INFO - Setting next_dagrun for example_setup_teardown to 2025-02-25 00:00:00+00:00, run_after=2025-02-26 00:00:00+00:00
[2025-02-26T01:43:49.208+0000] {processor.py:183} INFO - Processing /home/airflow/.local/lib/python3.12/site-packages/airflow/example_dags/example_setup_teardown.py took 0.087 seconds
[2025-02-26T01:44:19.829+0000] {processor.py:161} INFO - Started process (PID=3021) to work on /home/airflow/.local/lib/python3.12/site-packages/airflow/example_dags/example_setup_teardown.py
[2025-02-26T01:44:19.830+0000] {processor.py:830} INFO - Processing file /home/airflow/.local/lib/python3.12/site-packages/airflow/example_dags/example_setup_teardown.py for tasks to queue
[2025-02-26T01:44:19.833+0000] {logging_mixin.py:188} INFO - [2025-02-26T01:44:19.832+0000] {dagbag.py:540} INFO - Filling up the DagBag from /home/airflow/.local/lib/python3.12/site-packages/airflow/example_dags/example_setup_teardown.py
[2025-02-26T01:44:19.840+0000] {processor.py:840} INFO - DAG(s) 'example_setup_teardown' retrieved from /home/airflow/.local/lib/python3.12/site-packages/airflow/example_dags/example_setup_teardown.py
[2025-02-26T01:44:19.865+0000] {logging_mixin.py:188} INFO - [2025-02-26T01:44:19.864+0000] {dag.py:3096} INFO - Sync 1 DAGs
[2025-02-26T01:44:19.887+0000] {logging_mixin.py:188} INFO - [2025-02-26T01:44:19.887+0000] {dag.py:3954} INFO - Setting next_dagrun for example_setup_teardown to 2025-02-25 00:00:00+00:00, run_after=2025-02-26 00:00:00+00:00
[2025-02-26T01:44:19.910+0000] {processor.py:183} INFO - Processing /home/airflow/.local/lib/python3.12/site-packages/airflow/example_dags/example_setup_teardown.py took 0.087 seconds
[2025-02-26T01:44:50.051+0000] {processor.py:161} INFO - Started process (PID=3081) to work on /home/airflow/.local/lib/python3.12/site-packages/airflow/example_dags/example_setup_teardown.py
[2025-02-26T01:44:50.052+0000] {processor.py:830} INFO - Processing file /home/airflow/.local/lib/python3.12/site-packages/airflow/example_dags/example_setup_teardown.py for tasks to queue
[2025-02-26T01:44:50.054+0000] {logging_mixin.py:188} INFO - [2025-02-26T01:44:50.054+0000] {dagbag.py:540} INFO - Filling up the DagBag from /home/airflow/.local/lib/python3.12/site-packages/airflow/example_dags/example_setup_teardown.py
[2025-02-26T01:44:50.062+0000] {processor.py:840} INFO - DAG(s) 'example_setup_teardown' retrieved from /home/airflow/.local/lib/python3.12/site-packages/airflow/example_dags/example_setup_teardown.py
[2025-02-26T01:44:50.091+0000] {logging_mixin.py:188} INFO - [2025-02-26T01:44:50.090+0000] {dag.py:3096} INFO - Sync 1 DAGs
[2025-02-26T01:44:50.119+0000] {logging_mixin.py:188} INFO - [2025-02-26T01:44:50.118+0000] {dag.py:3954} INFO - Setting next_dagrun for example_setup_teardown to 2025-02-25 00:00:00+00:00, run_after=2025-02-26 00:00:00+00:00
[2025-02-26T01:44:50.142+0000] {processor.py:183} INFO - Processing /home/airflow/.local/lib/python3.12/site-packages/airflow/example_dags/example_setup_teardown.py took 0.099 seconds
[2025-02-26T01:45:20.682+0000] {processor.py:161} INFO - Started process (PID=3141) to work on /home/airflow/.local/lib/python3.12/site-packages/airflow/example_dags/example_setup_teardown.py
[2025-02-26T01:45:20.684+0000] {processor.py:830} INFO - Processing file /home/airflow/.local/lib/python3.12/site-packages/airflow/example_dags/example_setup_teardown.py for tasks to queue
[2025-02-26T01:45:20.686+0000] {logging_mixin.py:188} INFO - [2025-02-26T01:45:20.685+0000] {dagbag.py:540} INFO - Filling up the DagBag from /home/airflow/.local/lib/python3.12/site-packages/airflow/example_dags/example_setup_teardown.py
[2025-02-26T01:45:20.693+0000] {processor.py:840} INFO - DAG(s) 'example_setup_teardown' retrieved from /home/airflow/.local/lib/python3.12/site-packages/airflow/example_dags/example_setup_teardown.py
[2025-02-26T01:45:20.717+0000] {logging_mixin.py:188} INFO - [2025-02-26T01:45:20.717+0000] {dag.py:3096} INFO - Sync 1 DAGs
[2025-02-26T01:45:20.740+0000] {logging_mixin.py:188} INFO - [2025-02-26T01:45:20.739+0000] {dag.py:3954} INFO - Setting next_dagrun for example_setup_teardown to 2025-02-25 00:00:00+00:00, run_after=2025-02-26 00:00:00+00:00
[2025-02-26T01:45:20.761+0000] {processor.py:183} INFO - Processing /home/airflow/.local/lib/python3.12/site-packages/airflow/example_dags/example_setup_teardown.py took 0.085 seconds
[2025-02-26T01:45:51.068+0000] {processor.py:161} INFO - Started process (PID=3201) to work on /home/airflow/.local/lib/python3.12/site-packages/airflow/example_dags/example_setup_teardown.py
[2025-02-26T01:45:51.069+0000] {processor.py:830} INFO - Processing file /home/airflow/.local/lib/python3.12/site-packages/airflow/example_dags/example_setup_teardown.py for tasks to queue
[2025-02-26T01:45:51.071+0000] {logging_mixin.py:188} INFO - [2025-02-26T01:45:51.070+0000] {dagbag.py:540} INFO - Filling up the DagBag from /home/airflow/.local/lib/python3.12/site-packages/airflow/example_dags/example_setup_teardown.py
[2025-02-26T01:45:51.079+0000] {processor.py:840} INFO - DAG(s) 'example_setup_teardown' retrieved from /home/airflow/.local/lib/python3.12/site-packages/airflow/example_dags/example_setup_teardown.py
[2025-02-26T01:45:51.103+0000] {logging_mixin.py:188} INFO - [2025-02-26T01:45:51.103+0000] {dag.py:3096} INFO - Sync 1 DAGs
[2025-02-26T01:45:51.137+0000] {logging_mixin.py:188} INFO - [2025-02-26T01:45:51.136+0000] {dag.py:3954} INFO - Setting next_dagrun for example_setup_teardown to 2025-02-25 00:00:00+00:00, run_after=2025-02-26 00:00:00+00:00
[2025-02-26T01:45:51.159+0000] {processor.py:183} INFO - Processing /home/airflow/.local/lib/python3.12/site-packages/airflow/example_dags/example_setup_teardown.py took 0.097 seconds
[2025-02-26T01:46:21.650+0000] {processor.py:161} INFO - Started process (PID=3261) to work on /home/airflow/.local/lib/python3.12/site-packages/airflow/example_dags/example_setup_teardown.py
[2025-02-26T01:46:21.651+0000] {processor.py:830} INFO - Processing file /home/airflow/.local/lib/python3.12/site-packages/airflow/example_dags/example_setup_teardown.py for tasks to queue
[2025-02-26T01:46:21.653+0000] {logging_mixin.py:188} INFO - [2025-02-26T01:46:21.653+0000] {dagbag.py:540} INFO - Filling up the DagBag from /home/airflow/.local/lib/python3.12/site-packages/airflow/example_dags/example_setup_teardown.py
[2025-02-26T01:46:21.661+0000] {processor.py:840} INFO - DAG(s) 'example_setup_teardown' retrieved from /home/airflow/.local/lib/python3.12/site-packages/airflow/example_dags/example_setup_teardown.py
[2025-02-26T01:46:21.684+0000] {logging_mixin.py:188} INFO - [2025-02-26T01:46:21.684+0000] {dag.py:3096} INFO - Sync 1 DAGs
[2025-02-26T01:46:21.709+0000] {logging_mixin.py:188} INFO - [2025-02-26T01:46:21.709+0000] {dag.py:3954} INFO - Setting next_dagrun for example_setup_teardown to 2025-02-25 00:00:00+00:00, run_after=2025-02-26 00:00:00+00:00
[2025-02-26T01:46:21.733+0000] {processor.py:183} INFO - Processing /home/airflow/.local/lib/python3.12/site-packages/airflow/example_dags/example_setup_teardown.py took 0.090 seconds
[2025-02-26T01:46:52.277+0000] {processor.py:161} INFO - Started process (PID=3321) to work on /home/airflow/.local/lib/python3.12/site-packages/airflow/example_dags/example_setup_teardown.py
[2025-02-26T01:46:52.278+0000] {processor.py:830} INFO - Processing file /home/airflow/.local/lib/python3.12/site-packages/airflow/example_dags/example_setup_teardown.py for tasks to queue
[2025-02-26T01:46:52.280+0000] {logging_mixin.py:188} INFO - [2025-02-26T01:46:52.280+0000] {dagbag.py:540} INFO - Filling up the DagBag from /home/airflow/.local/lib/python3.12/site-packages/airflow/example_dags/example_setup_teardown.py
[2025-02-26T01:46:52.288+0000] {processor.py:840} INFO - DAG(s) 'example_setup_teardown' retrieved from /home/airflow/.local/lib/python3.12/site-packages/airflow/example_dags/example_setup_teardown.py
[2025-02-26T01:46:52.312+0000] {logging_mixin.py:188} INFO - [2025-02-26T01:46:52.312+0000] {dag.py:3096} INFO - Sync 1 DAGs
[2025-02-26T01:46:52.336+0000] {logging_mixin.py:188} INFO - [2025-02-26T01:46:52.336+0000] {dag.py:3954} INFO - Setting next_dagrun for example_setup_teardown to 2025-02-25 00:00:00+00:00, run_after=2025-02-26 00:00:00+00:00
[2025-02-26T01:46:52.359+0000] {processor.py:183} INFO - Processing /home/airflow/.local/lib/python3.12/site-packages/airflow/example_dags/example_setup_teardown.py took 0.088 seconds
[2025-02-26T01:47:22.972+0000] {processor.py:161} INFO - Started process (PID=3381) to work on /home/airflow/.local/lib/python3.12/site-packages/airflow/example_dags/example_setup_teardown.py
[2025-02-26T01:47:22.973+0000] {processor.py:830} INFO - Processing file /home/airflow/.local/lib/python3.12/site-packages/airflow/example_dags/example_setup_teardown.py for tasks to queue
[2025-02-26T01:47:22.975+0000] {logging_mixin.py:188} INFO - [2025-02-26T01:47:22.975+0000] {dagbag.py:540} INFO - Filling up the DagBag from /home/airflow/.local/lib/python3.12/site-packages/airflow/example_dags/example_setup_teardown.py
[2025-02-26T01:47:22.984+0000] {processor.py:840} INFO - DAG(s) 'example_setup_teardown' retrieved from /home/airflow/.local/lib/python3.12/site-packages/airflow/example_dags/example_setup_teardown.py
[2025-02-26T01:47:23.007+0000] {logging_mixin.py:188} INFO - [2025-02-26T01:47:23.006+0000] {dag.py:3096} INFO - Sync 1 DAGs
[2025-02-26T01:47:23.030+0000] {logging_mixin.py:188} INFO - [2025-02-26T01:47:23.029+0000] {dag.py:3954} INFO - Setting next_dagrun for example_setup_teardown to 2025-02-25 00:00:00+00:00, run_after=2025-02-26 00:00:00+00:00
[2025-02-26T01:47:23.052+0000] {processor.py:183} INFO - Processing /home/airflow/.local/lib/python3.12/site-packages/airflow/example_dags/example_setup_teardown.py took 0.086 seconds
[2025-02-26T01:47:53.635+0000] {processor.py:161} INFO - Started process (PID=3441) to work on /home/airflow/.local/lib/python3.12/site-packages/airflow/example_dags/example_setup_teardown.py
[2025-02-26T01:47:53.636+0000] {processor.py:830} INFO - Processing file /home/airflow/.local/lib/python3.12/site-packages/airflow/example_dags/example_setup_teardown.py for tasks to queue
[2025-02-26T01:47:53.638+0000] {logging_mixin.py:188} INFO - [2025-02-26T01:47:53.637+0000] {dagbag.py:540} INFO - Filling up the DagBag from /home/airflow/.local/lib/python3.12/site-packages/airflow/example_dags/example_setup_teardown.py
[2025-02-26T01:47:53.646+0000] {processor.py:840} INFO - DAG(s) 'example_setup_teardown' retrieved from /home/airflow/.local/lib/python3.12/site-packages/airflow/example_dags/example_setup_teardown.py
[2025-02-26T01:47:53.673+0000] {logging_mixin.py:188} INFO - [2025-02-26T01:47:53.672+0000] {dag.py:3096} INFO - Sync 1 DAGs
[2025-02-26T01:47:53.703+0000] {logging_mixin.py:188} INFO - [2025-02-26T01:47:53.703+0000] {dag.py:3954} INFO - Setting next_dagrun for example_setup_teardown to 2025-02-25 00:00:00+00:00, run_after=2025-02-26 00:00:00+00:00
[2025-02-26T01:47:53.730+0000] {processor.py:183} INFO - Processing /home/airflow/.local/lib/python3.12/site-packages/airflow/example_dags/example_setup_teardown.py took 0.102 seconds
