[2025-02-26T01:14:30.803+0000] {processor.py:161} INFO - Started process (PID=92) to work on /home/airflow/.local/lib/python3.12/site-packages/airflow/example_dags/example_complex.py
[2025-02-26T01:14:30.805+0000] {processor.py:830} INFO - Processing file /home/airflow/.local/lib/python3.12/site-packages/airflow/example_dags/example_complex.py for tasks to queue
[2025-02-26T01:14:30.807+0000] {logging_mixin.py:188} INFO - [2025-02-26T01:14:30.807+0000] {dagbag.py:540} INFO - Filling up the DagBag from /home/airflow/.local/lib/python3.12/site-packages/airflow/example_dags/example_complex.py
[2025-02-26T01:14:30.876+0000] {processor.py:840} INFO - DAG(s) 'example_complex' retrieved from /home/airflow/.local/lib/python3.12/site-packages/airflow/example_dags/example_complex.py
[2025-02-26T01:14:30.924+0000] {logging_mixin.py:188} INFO - [2025-02-26T01:14:30.924+0000] {dag.py:3096} INFO - Sync 1 DAGs
[2025-02-26T01:14:30.941+0000] {logging_mixin.py:188} INFO - [2025-02-26T01:14:30.940+0000] {dag.py:3954} INFO - Setting next_dagrun for example_complex to None, run_after=None
[2025-02-26T01:14:30.995+0000] {processor.py:183} INFO - Processing /home/airflow/.local/lib/python3.12/site-packages/airflow/example_dags/example_complex.py took 0.200 seconds
[2025-02-26T01:19:13.107+0000] {processor.py:161} INFO - Started process (PID=81) to work on /home/airflow/.local/lib/python3.12/site-packages/airflow/example_dags/example_complex.py
[2025-02-26T01:19:13.111+0000] {processor.py:830} INFO - Processing file /home/airflow/.local/lib/python3.12/site-packages/airflow/example_dags/example_complex.py for tasks to queue
[2025-02-26T01:19:13.113+0000] {logging_mixin.py:188} INFO - [2025-02-26T01:19:13.113+0000] {dagbag.py:540} INFO - Filling up the DagBag from /home/airflow/.local/lib/python3.12/site-packages/airflow/example_dags/example_complex.py
[2025-02-26T01:19:13.132+0000] {processor.py:840} INFO - DAG(s) 'example_complex' retrieved from /home/airflow/.local/lib/python3.12/site-packages/airflow/example_dags/example_complex.py
[2025-02-26T01:19:13.190+0000] {logging_mixin.py:188} INFO - [2025-02-26T01:19:13.189+0000] {dag.py:3096} INFO - Sync 1 DAGs
[2025-02-26T01:19:13.209+0000] {logging_mixin.py:188} INFO - [2025-02-26T01:19:13.209+0000] {dag.py:3954} INFO - Setting next_dagrun for example_complex to None, run_after=None
[2025-02-26T01:19:13.245+0000] {processor.py:183} INFO - Processing /home/airflow/.local/lib/python3.12/site-packages/airflow/example_dags/example_complex.py took 0.145 seconds
[2025-02-26T01:19:43.825+0000] {processor.py:161} INFO - Started process (PID=135) to work on /home/airflow/.local/lib/python3.12/site-packages/airflow/example_dags/example_complex.py
[2025-02-26T01:19:43.826+0000] {processor.py:830} INFO - Processing file /home/airflow/.local/lib/python3.12/site-packages/airflow/example_dags/example_complex.py for tasks to queue
[2025-02-26T01:19:43.829+0000] {logging_mixin.py:188} INFO - [2025-02-26T01:19:43.828+0000] {dagbag.py:540} INFO - Filling up the DagBag from /home/airflow/.local/lib/python3.12/site-packages/airflow/example_dags/example_complex.py
[2025-02-26T01:19:43.845+0000] {processor.py:840} INFO - DAG(s) 'example_complex' retrieved from /home/airflow/.local/lib/python3.12/site-packages/airflow/example_dags/example_complex.py
[2025-02-26T01:19:43.902+0000] {logging_mixin.py:188} INFO - [2025-02-26T01:19:43.901+0000] {dag.py:3096} INFO - Sync 1 DAGs
[2025-02-26T01:19:43.937+0000] {logging_mixin.py:188} INFO - [2025-02-26T01:19:43.937+0000] {dag.py:3954} INFO - Setting next_dagrun for example_complex to None, run_after=None
[2025-02-26T01:19:43.966+0000] {processor.py:183} INFO - Processing /home/airflow/.local/lib/python3.12/site-packages/airflow/example_dags/example_complex.py took 0.150 seconds
[2025-02-26T01:20:14.208+0000] {processor.py:161} INFO - Started process (PID=201) to work on /home/airflow/.local/lib/python3.12/site-packages/airflow/example_dags/example_complex.py
[2025-02-26T01:20:14.210+0000] {processor.py:830} INFO - Processing file /home/airflow/.local/lib/python3.12/site-packages/airflow/example_dags/example_complex.py for tasks to queue
[2025-02-26T01:20:14.212+0000] {logging_mixin.py:188} INFO - [2025-02-26T01:20:14.212+0000] {dagbag.py:540} INFO - Filling up the DagBag from /home/airflow/.local/lib/python3.12/site-packages/airflow/example_dags/example_complex.py
[2025-02-26T01:20:14.227+0000] {processor.py:840} INFO - DAG(s) 'example_complex' retrieved from /home/airflow/.local/lib/python3.12/site-packages/airflow/example_dags/example_complex.py
[2025-02-26T01:20:14.264+0000] {logging_mixin.py:188} INFO - [2025-02-26T01:20:14.263+0000] {dag.py:3096} INFO - Sync 1 DAGs
[2025-02-26T01:20:14.280+0000] {logging_mixin.py:188} INFO - [2025-02-26T01:20:14.280+0000] {dag.py:3954} INFO - Setting next_dagrun for example_complex to None, run_after=None
[2025-02-26T01:20:14.304+0000] {processor.py:183} INFO - Processing /home/airflow/.local/lib/python3.12/site-packages/airflow/example_dags/example_complex.py took 0.103 seconds
[2025-02-26T01:20:45.441+0000] {processor.py:161} INFO - Started process (PID=261) to work on /home/airflow/.local/lib/python3.12/site-packages/airflow/example_dags/example_complex.py
[2025-02-26T01:20:45.444+0000] {processor.py:830} INFO - Processing file /home/airflow/.local/lib/python3.12/site-packages/airflow/example_dags/example_complex.py for tasks to queue
[2025-02-26T01:20:45.448+0000] {logging_mixin.py:188} INFO - [2025-02-26T01:20:45.447+0000] {dagbag.py:540} INFO - Filling up the DagBag from /home/airflow/.local/lib/python3.12/site-packages/airflow/example_dags/example_complex.py
[2025-02-26T01:20:45.488+0000] {processor.py:840} INFO - DAG(s) 'example_complex' retrieved from /home/airflow/.local/lib/python3.12/site-packages/airflow/example_dags/example_complex.py
[2025-02-26T01:20:45.559+0000] {logging_mixin.py:188} INFO - [2025-02-26T01:20:45.559+0000] {dag.py:3096} INFO - Sync 1 DAGs
[2025-02-26T01:20:45.582+0000] {logging_mixin.py:188} INFO - [2025-02-26T01:20:45.582+0000] {dag.py:3954} INFO - Setting next_dagrun for example_complex to None, run_after=None
[2025-02-26T01:20:45.618+0000] {processor.py:183} INFO - Processing /home/airflow/.local/lib/python3.12/site-packages/airflow/example_dags/example_complex.py took 0.191 seconds
[2025-02-26T01:21:22.545+0000] {processor.py:161} INFO - Started process (PID=321) to work on /home/airflow/.local/lib/python3.12/site-packages/airflow/example_dags/example_complex.py
[2025-02-26T01:21:22.546+0000] {processor.py:830} INFO - Processing file /home/airflow/.local/lib/python3.12/site-packages/airflow/example_dags/example_complex.py for tasks to queue
[2025-02-26T01:21:22.548+0000] {logging_mixin.py:188} INFO - [2025-02-26T01:21:22.548+0000] {dagbag.py:540} INFO - Filling up the DagBag from /home/airflow/.local/lib/python3.12/site-packages/airflow/example_dags/example_complex.py
[2025-02-26T01:21:22.568+0000] {processor.py:840} INFO - DAG(s) 'example_complex' retrieved from /home/airflow/.local/lib/python3.12/site-packages/airflow/example_dags/example_complex.py
[2025-02-26T01:21:22.615+0000] {logging_mixin.py:188} INFO - [2025-02-26T01:21:22.615+0000] {dag.py:3096} INFO - Sync 1 DAGs
[2025-02-26T01:21:22.635+0000] {logging_mixin.py:188} INFO - [2025-02-26T01:21:22.635+0000] {dag.py:3954} INFO - Setting next_dagrun for example_complex to None, run_after=None
[2025-02-26T01:21:22.664+0000] {processor.py:183} INFO - Processing /home/airflow/.local/lib/python3.12/site-packages/airflow/example_dags/example_complex.py took 0.126 seconds
[2025-02-26T01:21:56.284+0000] {processor.py:161} INFO - Started process (PID=381) to work on /home/airflow/.local/lib/python3.12/site-packages/airflow/example_dags/example_complex.py
[2025-02-26T01:21:56.313+0000] {processor.py:830} INFO - Processing file /home/airflow/.local/lib/python3.12/site-packages/airflow/example_dags/example_complex.py for tasks to queue
[2025-02-26T01:21:56.318+0000] {logging_mixin.py:188} INFO - [2025-02-26T01:21:56.317+0000] {dagbag.py:540} INFO - Filling up the DagBag from /home/airflow/.local/lib/python3.12/site-packages/airflow/example_dags/example_complex.py
[2025-02-26T01:21:56.332+0000] {processor.py:840} INFO - DAG(s) 'example_complex' retrieved from /home/airflow/.local/lib/python3.12/site-packages/airflow/example_dags/example_complex.py
[2025-02-26T01:21:56.376+0000] {logging_mixin.py:188} INFO - [2025-02-26T01:21:56.375+0000] {dag.py:3096} INFO - Sync 1 DAGs
[2025-02-26T01:21:56.394+0000] {logging_mixin.py:188} INFO - [2025-02-26T01:21:56.394+0000] {dag.py:3954} INFO - Setting next_dagrun for example_complex to None, run_after=None
[2025-02-26T01:21:56.474+0000] {processor.py:183} INFO - Processing /home/airflow/.local/lib/python3.12/site-packages/airflow/example_dags/example_complex.py took 0.197 seconds
[2025-02-26T01:22:26.768+0000] {processor.py:161} INFO - Started process (PID=441) to work on /home/airflow/.local/lib/python3.12/site-packages/airflow/example_dags/example_complex.py
[2025-02-26T01:22:26.769+0000] {processor.py:830} INFO - Processing file /home/airflow/.local/lib/python3.12/site-packages/airflow/example_dags/example_complex.py for tasks to queue
[2025-02-26T01:22:26.771+0000] {logging_mixin.py:188} INFO - [2025-02-26T01:22:26.770+0000] {dagbag.py:540} INFO - Filling up the DagBag from /home/airflow/.local/lib/python3.12/site-packages/airflow/example_dags/example_complex.py
[2025-02-26T01:22:26.783+0000] {processor.py:840} INFO - DAG(s) 'example_complex' retrieved from /home/airflow/.local/lib/python3.12/site-packages/airflow/example_dags/example_complex.py
[2025-02-26T01:22:26.827+0000] {logging_mixin.py:188} INFO - [2025-02-26T01:22:26.826+0000] {dag.py:3096} INFO - Sync 1 DAGs
[2025-02-26T01:22:26.844+0000] {logging_mixin.py:188} INFO - [2025-02-26T01:22:26.844+0000] {dag.py:3954} INFO - Setting next_dagrun for example_complex to None, run_after=None
[2025-02-26T01:22:26.865+0000] {processor.py:183} INFO - Processing /home/airflow/.local/lib/python3.12/site-packages/airflow/example_dags/example_complex.py took 0.105 seconds
[2025-02-26T01:22:57.047+0000] {processor.py:161} INFO - Started process (PID=501) to work on /home/airflow/.local/lib/python3.12/site-packages/airflow/example_dags/example_complex.py
[2025-02-26T01:22:57.048+0000] {processor.py:830} INFO - Processing file /home/airflow/.local/lib/python3.12/site-packages/airflow/example_dags/example_complex.py for tasks to queue
[2025-02-26T01:22:57.051+0000] {logging_mixin.py:188} INFO - [2025-02-26T01:22:57.050+0000] {dagbag.py:540} INFO - Filling up the DagBag from /home/airflow/.local/lib/python3.12/site-packages/airflow/example_dags/example_complex.py
[2025-02-26T01:22:57.061+0000] {processor.py:840} INFO - DAG(s) 'example_complex' retrieved from /home/airflow/.local/lib/python3.12/site-packages/airflow/example_dags/example_complex.py
[2025-02-26T01:22:57.099+0000] {logging_mixin.py:188} INFO - [2025-02-26T01:22:57.099+0000] {dag.py:3096} INFO - Sync 1 DAGs
[2025-02-26T01:22:57.123+0000] {logging_mixin.py:188} INFO - [2025-02-26T01:22:57.123+0000] {dag.py:3954} INFO - Setting next_dagrun for example_complex to None, run_after=None
[2025-02-26T01:22:57.151+0000] {processor.py:183} INFO - Processing /home/airflow/.local/lib/python3.12/site-packages/airflow/example_dags/example_complex.py took 0.110 seconds
[2025-02-26T01:23:27.244+0000] {processor.py:161} INFO - Started process (PID=560) to work on /home/airflow/.local/lib/python3.12/site-packages/airflow/example_dags/example_complex.py
[2025-02-26T01:23:27.245+0000] {processor.py:830} INFO - Processing file /home/airflow/.local/lib/python3.12/site-packages/airflow/example_dags/example_complex.py for tasks to queue
[2025-02-26T01:23:27.248+0000] {logging_mixin.py:188} INFO - [2025-02-26T01:23:27.247+0000] {dagbag.py:540} INFO - Filling up the DagBag from /home/airflow/.local/lib/python3.12/site-packages/airflow/example_dags/example_complex.py
[2025-02-26T01:23:27.263+0000] {processor.py:840} INFO - DAG(s) 'example_complex' retrieved from /home/airflow/.local/lib/python3.12/site-packages/airflow/example_dags/example_complex.py
[2025-02-26T01:23:27.303+0000] {logging_mixin.py:188} INFO - [2025-02-26T01:23:27.303+0000] {dag.py:3096} INFO - Sync 1 DAGs
[2025-02-26T01:23:27.325+0000] {logging_mixin.py:188} INFO - [2025-02-26T01:23:27.325+0000] {dag.py:3954} INFO - Setting next_dagrun for example_complex to None, run_after=None
[2025-02-26T01:23:27.358+0000] {processor.py:183} INFO - Processing /home/airflow/.local/lib/python3.12/site-packages/airflow/example_dags/example_complex.py took 0.124 seconds
[2025-02-26T01:23:58.212+0000] {processor.py:161} INFO - Started process (PID=620) to work on /home/airflow/.local/lib/python3.12/site-packages/airflow/example_dags/example_complex.py
[2025-02-26T01:23:58.213+0000] {processor.py:830} INFO - Processing file /home/airflow/.local/lib/python3.12/site-packages/airflow/example_dags/example_complex.py for tasks to queue
[2025-02-26T01:23:58.215+0000] {logging_mixin.py:188} INFO - [2025-02-26T01:23:58.215+0000] {dagbag.py:540} INFO - Filling up the DagBag from /home/airflow/.local/lib/python3.12/site-packages/airflow/example_dags/example_complex.py
[2025-02-26T01:23:58.226+0000] {processor.py:840} INFO - DAG(s) 'example_complex' retrieved from /home/airflow/.local/lib/python3.12/site-packages/airflow/example_dags/example_complex.py
[2025-02-26T01:23:58.260+0000] {logging_mixin.py:188} INFO - [2025-02-26T01:23:58.259+0000] {dag.py:3096} INFO - Sync 1 DAGs
[2025-02-26T01:23:58.275+0000] {logging_mixin.py:188} INFO - [2025-02-26T01:23:58.275+0000] {dag.py:3954} INFO - Setting next_dagrun for example_complex to None, run_after=None
[2025-02-26T01:23:58.296+0000] {processor.py:183} INFO - Processing /home/airflow/.local/lib/python3.12/site-packages/airflow/example_dags/example_complex.py took 0.090 seconds
[2025-02-26T01:24:28.636+0000] {processor.py:161} INFO - Started process (PID=680) to work on /home/airflow/.local/lib/python3.12/site-packages/airflow/example_dags/example_complex.py
[2025-02-26T01:24:28.637+0000] {processor.py:830} INFO - Processing file /home/airflow/.local/lib/python3.12/site-packages/airflow/example_dags/example_complex.py for tasks to queue
[2025-02-26T01:24:28.639+0000] {logging_mixin.py:188} INFO - [2025-02-26T01:24:28.639+0000] {dagbag.py:540} INFO - Filling up the DagBag from /home/airflow/.local/lib/python3.12/site-packages/airflow/example_dags/example_complex.py
[2025-02-26T01:24:28.658+0000] {processor.py:840} INFO - DAG(s) 'example_complex' retrieved from /home/airflow/.local/lib/python3.12/site-packages/airflow/example_dags/example_complex.py
[2025-02-26T01:24:28.696+0000] {logging_mixin.py:188} INFO - [2025-02-26T01:24:28.695+0000] {dag.py:3096} INFO - Sync 1 DAGs
[2025-02-26T01:24:28.710+0000] {logging_mixin.py:188} INFO - [2025-02-26T01:24:28.710+0000] {dag.py:3954} INFO - Setting next_dagrun for example_complex to None, run_after=None
[2025-02-26T01:24:28.733+0000] {processor.py:183} INFO - Processing /home/airflow/.local/lib/python3.12/site-packages/airflow/example_dags/example_complex.py took 0.106 seconds
[2025-02-26T01:25:00.044+0000] {processor.py:161} INFO - Started process (PID=740) to work on /home/airflow/.local/lib/python3.12/site-packages/airflow/example_dags/example_complex.py
[2025-02-26T01:25:00.046+0000] {processor.py:830} INFO - Processing file /home/airflow/.local/lib/python3.12/site-packages/airflow/example_dags/example_complex.py for tasks to queue
[2025-02-26T01:25:00.049+0000] {logging_mixin.py:188} INFO - [2025-02-26T01:25:00.049+0000] {dagbag.py:540} INFO - Filling up the DagBag from /home/airflow/.local/lib/python3.12/site-packages/airflow/example_dags/example_complex.py
[2025-02-26T01:25:00.064+0000] {processor.py:840} INFO - DAG(s) 'example_complex' retrieved from /home/airflow/.local/lib/python3.12/site-packages/airflow/example_dags/example_complex.py
[2025-02-26T01:25:00.108+0000] {logging_mixin.py:188} INFO - [2025-02-26T01:25:00.108+0000] {dag.py:3096} INFO - Sync 1 DAGs
[2025-02-26T01:25:00.128+0000] {logging_mixin.py:188} INFO - [2025-02-26T01:25:00.127+0000] {dag.py:3954} INFO - Setting next_dagrun for example_complex to None, run_after=None
[2025-02-26T01:25:00.156+0000] {processor.py:183} INFO - Processing /home/airflow/.local/lib/python3.12/site-packages/airflow/example_dags/example_complex.py took 0.124 seconds
[2025-02-26T01:25:30.524+0000] {processor.py:161} INFO - Started process (PID=800) to work on /home/airflow/.local/lib/python3.12/site-packages/airflow/example_dags/example_complex.py
[2025-02-26T01:25:30.526+0000] {processor.py:830} INFO - Processing file /home/airflow/.local/lib/python3.12/site-packages/airflow/example_dags/example_complex.py for tasks to queue
[2025-02-26T01:25:30.529+0000] {logging_mixin.py:188} INFO - [2025-02-26T01:25:30.529+0000] {dagbag.py:540} INFO - Filling up the DagBag from /home/airflow/.local/lib/python3.12/site-packages/airflow/example_dags/example_complex.py
[2025-02-26T01:25:30.543+0000] {processor.py:840} INFO - DAG(s) 'example_complex' retrieved from /home/airflow/.local/lib/python3.12/site-packages/airflow/example_dags/example_complex.py
[2025-02-26T01:25:30.584+0000] {logging_mixin.py:188} INFO - [2025-02-26T01:25:30.583+0000] {dag.py:3096} INFO - Sync 1 DAGs
[2025-02-26T01:25:30.600+0000] {logging_mixin.py:188} INFO - [2025-02-26T01:25:30.600+0000] {dag.py:3954} INFO - Setting next_dagrun for example_complex to None, run_after=None
[2025-02-26T01:25:30.628+0000] {processor.py:183} INFO - Processing /home/airflow/.local/lib/python3.12/site-packages/airflow/example_dags/example_complex.py took 0.113 seconds
[2025-02-26T01:26:00.673+0000] {processor.py:161} INFO - Started process (PID=859) to work on /home/airflow/.local/lib/python3.12/site-packages/airflow/example_dags/example_complex.py
[2025-02-26T01:26:00.674+0000] {processor.py:830} INFO - Processing file /home/airflow/.local/lib/python3.12/site-packages/airflow/example_dags/example_complex.py for tasks to queue
[2025-02-26T01:26:00.677+0000] {logging_mixin.py:188} INFO - [2025-02-26T01:26:00.676+0000] {dagbag.py:540} INFO - Filling up the DagBag from /home/airflow/.local/lib/python3.12/site-packages/airflow/example_dags/example_complex.py
[2025-02-26T01:26:00.692+0000] {processor.py:840} INFO - DAG(s) 'example_complex' retrieved from /home/airflow/.local/lib/python3.12/site-packages/airflow/example_dags/example_complex.py
[2025-02-26T01:26:00.737+0000] {logging_mixin.py:188} INFO - [2025-02-26T01:26:00.736+0000] {dag.py:3096} INFO - Sync 1 DAGs
[2025-02-26T01:26:00.752+0000] {logging_mixin.py:188} INFO - [2025-02-26T01:26:00.751+0000] {dag.py:3954} INFO - Setting next_dagrun for example_complex to None, run_after=None
[2025-02-26T01:26:00.773+0000] {processor.py:183} INFO - Processing /home/airflow/.local/lib/python3.12/site-packages/airflow/example_dags/example_complex.py took 0.107 seconds
[2025-02-26T01:26:31.535+0000] {processor.py:161} INFO - Started process (PID=918) to work on /home/airflow/.local/lib/python3.12/site-packages/airflow/example_dags/example_complex.py
[2025-02-26T01:26:31.537+0000] {processor.py:830} INFO - Processing file /home/airflow/.local/lib/python3.12/site-packages/airflow/example_dags/example_complex.py for tasks to queue
[2025-02-26T01:26:31.542+0000] {logging_mixin.py:188} INFO - [2025-02-26T01:26:31.541+0000] {dagbag.py:540} INFO - Filling up the DagBag from /home/airflow/.local/lib/python3.12/site-packages/airflow/example_dags/example_complex.py
[2025-02-26T01:26:31.577+0000] {processor.py:840} INFO - DAG(s) 'example_complex' retrieved from /home/airflow/.local/lib/python3.12/site-packages/airflow/example_dags/example_complex.py
[2025-02-26T01:26:31.671+0000] {logging_mixin.py:188} INFO - [2025-02-26T01:26:31.670+0000] {dag.py:3096} INFO - Sync 1 DAGs
[2025-02-26T01:26:31.693+0000] {logging_mixin.py:188} INFO - [2025-02-26T01:26:31.693+0000] {dag.py:3954} INFO - Setting next_dagrun for example_complex to None, run_after=None
[2025-02-26T01:26:31.804+0000] {processor.py:183} INFO - Processing /home/airflow/.local/lib/python3.12/site-packages/airflow/example_dags/example_complex.py took 0.285 seconds
[2025-02-26T01:27:02.733+0000] {processor.py:161} INFO - Started process (PID=978) to work on /home/airflow/.local/lib/python3.12/site-packages/airflow/example_dags/example_complex.py
[2025-02-26T01:27:02.734+0000] {processor.py:830} INFO - Processing file /home/airflow/.local/lib/python3.12/site-packages/airflow/example_dags/example_complex.py for tasks to queue
[2025-02-26T01:27:02.736+0000] {logging_mixin.py:188} INFO - [2025-02-26T01:27:02.736+0000] {dagbag.py:540} INFO - Filling up the DagBag from /home/airflow/.local/lib/python3.12/site-packages/airflow/example_dags/example_complex.py
[2025-02-26T01:27:02.747+0000] {processor.py:840} INFO - DAG(s) 'example_complex' retrieved from /home/airflow/.local/lib/python3.12/site-packages/airflow/example_dags/example_complex.py
[2025-02-26T01:27:02.794+0000] {logging_mixin.py:188} INFO - [2025-02-26T01:27:02.794+0000] {dag.py:3096} INFO - Sync 1 DAGs
[2025-02-26T01:27:02.811+0000] {logging_mixin.py:188} INFO - [2025-02-26T01:27:02.811+0000] {dag.py:3954} INFO - Setting next_dagrun for example_complex to None, run_after=None
[2025-02-26T01:27:02.838+0000] {processor.py:183} INFO - Processing /home/airflow/.local/lib/python3.12/site-packages/airflow/example_dags/example_complex.py took 0.111 seconds
[2025-02-26T01:27:32.953+0000] {processor.py:161} INFO - Started process (PID=1038) to work on /home/airflow/.local/lib/python3.12/site-packages/airflow/example_dags/example_complex.py
[2025-02-26T01:27:32.955+0000] {processor.py:830} INFO - Processing file /home/airflow/.local/lib/python3.12/site-packages/airflow/example_dags/example_complex.py for tasks to queue
[2025-02-26T01:27:32.958+0000] {logging_mixin.py:188} INFO - [2025-02-26T01:27:32.957+0000] {dagbag.py:540} INFO - Filling up the DagBag from /home/airflow/.local/lib/python3.12/site-packages/airflow/example_dags/example_complex.py
[2025-02-26T01:27:32.973+0000] {processor.py:840} INFO - DAG(s) 'example_complex' retrieved from /home/airflow/.local/lib/python3.12/site-packages/airflow/example_dags/example_complex.py
[2025-02-26T01:27:33.024+0000] {logging_mixin.py:188} INFO - [2025-02-26T01:27:33.024+0000] {dag.py:3096} INFO - Sync 1 DAGs
[2025-02-26T01:27:33.042+0000] {logging_mixin.py:188} INFO - [2025-02-26T01:27:33.042+0000] {dag.py:3954} INFO - Setting next_dagrun for example_complex to None, run_after=None
[2025-02-26T01:27:33.071+0000] {processor.py:183} INFO - Processing /home/airflow/.local/lib/python3.12/site-packages/airflow/example_dags/example_complex.py took 0.126 seconds
[2025-02-26T01:28:03.771+0000] {processor.py:161} INFO - Started process (PID=1098) to work on /home/airflow/.local/lib/python3.12/site-packages/airflow/example_dags/example_complex.py
[2025-02-26T01:28:03.772+0000] {processor.py:830} INFO - Processing file /home/airflow/.local/lib/python3.12/site-packages/airflow/example_dags/example_complex.py for tasks to queue
[2025-02-26T01:28:03.775+0000] {logging_mixin.py:188} INFO - [2025-02-26T01:28:03.774+0000] {dagbag.py:540} INFO - Filling up the DagBag from /home/airflow/.local/lib/python3.12/site-packages/airflow/example_dags/example_complex.py
[2025-02-26T01:28:03.790+0000] {processor.py:840} INFO - DAG(s) 'example_complex' retrieved from /home/airflow/.local/lib/python3.12/site-packages/airflow/example_dags/example_complex.py
[2025-02-26T01:28:03.838+0000] {logging_mixin.py:188} INFO - [2025-02-26T01:28:03.838+0000] {dag.py:3096} INFO - Sync 1 DAGs
[2025-02-26T01:28:03.857+0000] {logging_mixin.py:188} INFO - [2025-02-26T01:28:03.856+0000] {dag.py:3954} INFO - Setting next_dagrun for example_complex to None, run_after=None
[2025-02-26T01:28:03.885+0000] {processor.py:183} INFO - Processing /home/airflow/.local/lib/python3.12/site-packages/airflow/example_dags/example_complex.py took 0.122 seconds
[2025-02-26T01:28:34.770+0000] {processor.py:161} INFO - Started process (PID=1158) to work on /home/airflow/.local/lib/python3.12/site-packages/airflow/example_dags/example_complex.py
[2025-02-26T01:28:34.771+0000] {processor.py:830} INFO - Processing file /home/airflow/.local/lib/python3.12/site-packages/airflow/example_dags/example_complex.py for tasks to queue
[2025-02-26T01:28:34.773+0000] {logging_mixin.py:188} INFO - [2025-02-26T01:28:34.773+0000] {dagbag.py:540} INFO - Filling up the DagBag from /home/airflow/.local/lib/python3.12/site-packages/airflow/example_dags/example_complex.py
[2025-02-26T01:28:34.785+0000] {processor.py:840} INFO - DAG(s) 'example_complex' retrieved from /home/airflow/.local/lib/python3.12/site-packages/airflow/example_dags/example_complex.py
[2025-02-26T01:28:34.821+0000] {logging_mixin.py:188} INFO - [2025-02-26T01:28:34.821+0000] {dag.py:3096} INFO - Sync 1 DAGs
[2025-02-26T01:28:34.839+0000] {logging_mixin.py:188} INFO - [2025-02-26T01:28:34.838+0000] {dag.py:3954} INFO - Setting next_dagrun for example_complex to None, run_after=None
[2025-02-26T01:28:34.861+0000] {processor.py:183} INFO - Processing /home/airflow/.local/lib/python3.12/site-packages/airflow/example_dags/example_complex.py took 0.098 seconds
[2025-02-26T01:29:05.085+0000] {processor.py:161} INFO - Started process (PID=1218) to work on /home/airflow/.local/lib/python3.12/site-packages/airflow/example_dags/example_complex.py
[2025-02-26T01:29:05.087+0000] {processor.py:830} INFO - Processing file /home/airflow/.local/lib/python3.12/site-packages/airflow/example_dags/example_complex.py for tasks to queue
[2025-02-26T01:29:05.090+0000] {logging_mixin.py:188} INFO - [2025-02-26T01:29:05.090+0000] {dagbag.py:540} INFO - Filling up the DagBag from /home/airflow/.local/lib/python3.12/site-packages/airflow/example_dags/example_complex.py
[2025-02-26T01:29:05.492+0000] {processor.py:840} INFO - DAG(s) 'example_complex' retrieved from /home/airflow/.local/lib/python3.12/site-packages/airflow/example_dags/example_complex.py
[2025-02-26T01:29:05.596+0000] {logging_mixin.py:188} INFO - [2025-02-26T01:29:05.596+0000] {dag.py:3096} INFO - Sync 1 DAGs
[2025-02-26T01:29:05.615+0000] {logging_mixin.py:188} INFO - [2025-02-26T01:29:05.615+0000] {dag.py:3954} INFO - Setting next_dagrun for example_complex to None, run_after=None
[2025-02-26T01:29:05.645+0000] {processor.py:183} INFO - Processing /home/airflow/.local/lib/python3.12/site-packages/airflow/example_dags/example_complex.py took 0.571 seconds
[2025-02-26T01:29:36.436+0000] {processor.py:161} INFO - Started process (PID=1278) to work on /home/airflow/.local/lib/python3.12/site-packages/airflow/example_dags/example_complex.py
[2025-02-26T01:29:36.438+0000] {processor.py:830} INFO - Processing file /home/airflow/.local/lib/python3.12/site-packages/airflow/example_dags/example_complex.py for tasks to queue
[2025-02-26T01:29:36.440+0000] {logging_mixin.py:188} INFO - [2025-02-26T01:29:36.439+0000] {dagbag.py:540} INFO - Filling up the DagBag from /home/airflow/.local/lib/python3.12/site-packages/airflow/example_dags/example_complex.py
[2025-02-26T01:29:36.451+0000] {processor.py:840} INFO - DAG(s) 'example_complex' retrieved from /home/airflow/.local/lib/python3.12/site-packages/airflow/example_dags/example_complex.py
[2025-02-26T01:29:36.487+0000] {logging_mixin.py:188} INFO - [2025-02-26T01:29:36.487+0000] {dag.py:3096} INFO - Sync 1 DAGs
[2025-02-26T01:29:36.504+0000] {logging_mixin.py:188} INFO - [2025-02-26T01:29:36.504+0000] {dag.py:3954} INFO - Setting next_dagrun for example_complex to None, run_after=None
[2025-02-26T01:29:36.528+0000] {processor.py:183} INFO - Processing /home/airflow/.local/lib/python3.12/site-packages/airflow/example_dags/example_complex.py took 0.099 seconds
[2025-02-26T01:30:06.798+0000] {processor.py:161} INFO - Started process (PID=1338) to work on /home/airflow/.local/lib/python3.12/site-packages/airflow/example_dags/example_complex.py
[2025-02-26T01:30:06.799+0000] {processor.py:830} INFO - Processing file /home/airflow/.local/lib/python3.12/site-packages/airflow/example_dags/example_complex.py for tasks to queue
[2025-02-26T01:30:06.801+0000] {logging_mixin.py:188} INFO - [2025-02-26T01:30:06.801+0000] {dagbag.py:540} INFO - Filling up the DagBag from /home/airflow/.local/lib/python3.12/site-packages/airflow/example_dags/example_complex.py
[2025-02-26T01:30:06.813+0000] {processor.py:840} INFO - DAG(s) 'example_complex' retrieved from /home/airflow/.local/lib/python3.12/site-packages/airflow/example_dags/example_complex.py
[2025-02-26T01:30:06.851+0000] {logging_mixin.py:188} INFO - [2025-02-26T01:30:06.851+0000] {dag.py:3096} INFO - Sync 1 DAGs
[2025-02-26T01:30:06.865+0000] {logging_mixin.py:188} INFO - [2025-02-26T01:30:06.865+0000] {dag.py:3954} INFO - Setting next_dagrun for example_complex to None, run_after=None
[2025-02-26T01:30:06.887+0000] {processor.py:183} INFO - Processing /home/airflow/.local/lib/python3.12/site-packages/airflow/example_dags/example_complex.py took 0.096 seconds
[2025-02-26T01:30:36.972+0000] {processor.py:161} INFO - Started process (PID=1403) to work on /home/airflow/.local/lib/python3.12/site-packages/airflow/example_dags/example_complex.py
[2025-02-26T01:30:36.975+0000] {processor.py:830} INFO - Processing file /home/airflow/.local/lib/python3.12/site-packages/airflow/example_dags/example_complex.py for tasks to queue
[2025-02-26T01:30:36.982+0000] {logging_mixin.py:188} INFO - [2025-02-26T01:30:36.982+0000] {dagbag.py:540} INFO - Filling up the DagBag from /home/airflow/.local/lib/python3.12/site-packages/airflow/example_dags/example_complex.py
[2025-02-26T01:30:37.019+0000] {processor.py:840} INFO - DAG(s) 'example_complex' retrieved from /home/airflow/.local/lib/python3.12/site-packages/airflow/example_dags/example_complex.py
[2025-02-26T01:30:37.125+0000] {logging_mixin.py:188} INFO - [2025-02-26T01:30:37.124+0000] {dag.py:3096} INFO - Sync 1 DAGs
[2025-02-26T01:30:37.158+0000] {logging_mixin.py:188} INFO - [2025-02-26T01:30:37.157+0000] {dag.py:3954} INFO - Setting next_dagrun for example_complex to None, run_after=None
[2025-02-26T01:30:37.203+0000] {processor.py:183} INFO - Processing /home/airflow/.local/lib/python3.12/site-packages/airflow/example_dags/example_complex.py took 0.253 seconds
[2025-02-26T01:31:07.279+0000] {processor.py:161} INFO - Started process (PID=1463) to work on /home/airflow/.local/lib/python3.12/site-packages/airflow/example_dags/example_complex.py
[2025-02-26T01:31:07.281+0000] {processor.py:830} INFO - Processing file /home/airflow/.local/lib/python3.12/site-packages/airflow/example_dags/example_complex.py for tasks to queue
[2025-02-26T01:31:07.285+0000] {logging_mixin.py:188} INFO - [2025-02-26T01:31:07.284+0000] {dagbag.py:540} INFO - Filling up the DagBag from /home/airflow/.local/lib/python3.12/site-packages/airflow/example_dags/example_complex.py
[2025-02-26T01:31:07.312+0000] {processor.py:840} INFO - DAG(s) 'example_complex' retrieved from /home/airflow/.local/lib/python3.12/site-packages/airflow/example_dags/example_complex.py
[2025-02-26T01:31:07.407+0000] {logging_mixin.py:188} INFO - [2025-02-26T01:31:07.407+0000] {dag.py:3096} INFO - Sync 1 DAGs
[2025-02-26T01:31:07.439+0000] {logging_mixin.py:188} INFO - [2025-02-26T01:31:07.439+0000] {dag.py:3954} INFO - Setting next_dagrun for example_complex to None, run_after=None
[2025-02-26T01:31:07.559+0000] {processor.py:183} INFO - Processing /home/airflow/.local/lib/python3.12/site-packages/airflow/example_dags/example_complex.py took 0.293 seconds
[2025-02-26T01:31:38.197+0000] {processor.py:161} INFO - Started process (PID=1523) to work on /home/airflow/.local/lib/python3.12/site-packages/airflow/example_dags/example_complex.py
[2025-02-26T01:31:38.199+0000] {processor.py:830} INFO - Processing file /home/airflow/.local/lib/python3.12/site-packages/airflow/example_dags/example_complex.py for tasks to queue
[2025-02-26T01:31:38.202+0000] {logging_mixin.py:188} INFO - [2025-02-26T01:31:38.202+0000] {dagbag.py:540} INFO - Filling up the DagBag from /home/airflow/.local/lib/python3.12/site-packages/airflow/example_dags/example_complex.py
[2025-02-26T01:31:38.221+0000] {processor.py:840} INFO - DAG(s) 'example_complex' retrieved from /home/airflow/.local/lib/python3.12/site-packages/airflow/example_dags/example_complex.py
[2025-02-26T01:31:38.300+0000] {logging_mixin.py:188} INFO - [2025-02-26T01:31:38.298+0000] {dag.py:3096} INFO - Sync 1 DAGs
[2025-02-26T01:31:38.338+0000] {logging_mixin.py:188} INFO - [2025-02-26T01:31:38.338+0000] {dag.py:3954} INFO - Setting next_dagrun for example_complex to None, run_after=None
[2025-02-26T01:31:38.373+0000] {processor.py:183} INFO - Processing /home/airflow/.local/lib/python3.12/site-packages/airflow/example_dags/example_complex.py took 0.187 seconds
[2025-02-26T01:32:08.836+0000] {processor.py:161} INFO - Started process (PID=1583) to work on /home/airflow/.local/lib/python3.12/site-packages/airflow/example_dags/example_complex.py
[2025-02-26T01:32:08.837+0000] {processor.py:830} INFO - Processing file /home/airflow/.local/lib/python3.12/site-packages/airflow/example_dags/example_complex.py for tasks to queue
[2025-02-26T01:32:08.840+0000] {logging_mixin.py:188} INFO - [2025-02-26T01:32:08.840+0000] {dagbag.py:540} INFO - Filling up the DagBag from /home/airflow/.local/lib/python3.12/site-packages/airflow/example_dags/example_complex.py
[2025-02-26T01:32:08.861+0000] {processor.py:840} INFO - DAG(s) 'example_complex' retrieved from /home/airflow/.local/lib/python3.12/site-packages/airflow/example_dags/example_complex.py
[2025-02-26T01:32:08.923+0000] {logging_mixin.py:188} INFO - [2025-02-26T01:32:08.923+0000] {dag.py:3096} INFO - Sync 1 DAGs
[2025-02-26T01:32:08.953+0000] {logging_mixin.py:188} INFO - [2025-02-26T01:32:08.952+0000] {dag.py:3954} INFO - Setting next_dagrun for example_complex to None, run_after=None
[2025-02-26T01:32:08.987+0000] {processor.py:183} INFO - Processing /home/airflow/.local/lib/python3.12/site-packages/airflow/example_dags/example_complex.py took 0.160 seconds
[2025-02-26T01:32:40.151+0000] {processor.py:161} INFO - Started process (PID=1644) to work on /home/airflow/.local/lib/python3.12/site-packages/airflow/example_dags/example_complex.py
[2025-02-26T01:32:40.155+0000] {processor.py:830} INFO - Processing file /home/airflow/.local/lib/python3.12/site-packages/airflow/example_dags/example_complex.py for tasks to queue
[2025-02-26T01:32:40.163+0000] {logging_mixin.py:188} INFO - [2025-02-26T01:32:40.162+0000] {dagbag.py:540} INFO - Filling up the DagBag from /home/airflow/.local/lib/python3.12/site-packages/airflow/example_dags/example_complex.py
[2025-02-26T01:32:40.215+0000] {processor.py:840} INFO - DAG(s) 'example_complex' retrieved from /home/airflow/.local/lib/python3.12/site-packages/airflow/example_dags/example_complex.py
[2025-02-26T01:32:40.388+0000] {logging_mixin.py:188} INFO - [2025-02-26T01:32:40.387+0000] {dag.py:3096} INFO - Sync 1 DAGs
[2025-02-26T01:32:40.445+0000] {logging_mixin.py:188} INFO - [2025-02-26T01:32:40.444+0000] {dag.py:3954} INFO - Setting next_dagrun for example_complex to None, run_after=None
[2025-02-26T01:32:40.521+0000] {processor.py:183} INFO - Processing /home/airflow/.local/lib/python3.12/site-packages/airflow/example_dags/example_complex.py took 0.394 seconds
[2025-02-26T01:33:10.957+0000] {processor.py:161} INFO - Started process (PID=1704) to work on /home/airflow/.local/lib/python3.12/site-packages/airflow/example_dags/example_complex.py
[2025-02-26T01:33:10.958+0000] {processor.py:830} INFO - Processing file /home/airflow/.local/lib/python3.12/site-packages/airflow/example_dags/example_complex.py for tasks to queue
[2025-02-26T01:33:10.961+0000] {logging_mixin.py:188} INFO - [2025-02-26T01:33:10.960+0000] {dagbag.py:540} INFO - Filling up the DagBag from /home/airflow/.local/lib/python3.12/site-packages/airflow/example_dags/example_complex.py
[2025-02-26T01:33:10.971+0000] {processor.py:840} INFO - DAG(s) 'example_complex' retrieved from /home/airflow/.local/lib/python3.12/site-packages/airflow/example_dags/example_complex.py
[2025-02-26T01:33:11.011+0000] {logging_mixin.py:188} INFO - [2025-02-26T01:33:11.010+0000] {dag.py:3096} INFO - Sync 1 DAGs
[2025-02-26T01:33:11.029+0000] {logging_mixin.py:188} INFO - [2025-02-26T01:33:11.028+0000] {dag.py:3954} INFO - Setting next_dagrun for example_complex to None, run_after=None
[2025-02-26T01:33:11.057+0000] {processor.py:183} INFO - Processing /home/airflow/.local/lib/python3.12/site-packages/airflow/example_dags/example_complex.py took 0.106 seconds
[2025-02-26T01:33:41.672+0000] {processor.py:161} INFO - Started process (PID=1765) to work on /home/airflow/.local/lib/python3.12/site-packages/airflow/example_dags/example_complex.py
[2025-02-26T01:33:41.673+0000] {processor.py:830} INFO - Processing file /home/airflow/.local/lib/python3.12/site-packages/airflow/example_dags/example_complex.py for tasks to queue
[2025-02-26T01:33:41.675+0000] {logging_mixin.py:188} INFO - [2025-02-26T01:33:41.675+0000] {dagbag.py:540} INFO - Filling up the DagBag from /home/airflow/.local/lib/python3.12/site-packages/airflow/example_dags/example_complex.py
[2025-02-26T01:33:41.689+0000] {processor.py:840} INFO - DAG(s) 'example_complex' retrieved from /home/airflow/.local/lib/python3.12/site-packages/airflow/example_dags/example_complex.py
[2025-02-26T01:33:41.754+0000] {logging_mixin.py:188} INFO - [2025-02-26T01:33:41.754+0000] {dag.py:3096} INFO - Sync 1 DAGs
[2025-02-26T01:33:41.769+0000] {logging_mixin.py:188} INFO - [2025-02-26T01:33:41.768+0000] {dag.py:3954} INFO - Setting next_dagrun for example_complex to None, run_after=None
[2025-02-26T01:33:41.789+0000] {processor.py:183} INFO - Processing /home/airflow/.local/lib/python3.12/site-packages/airflow/example_dags/example_complex.py took 0.126 seconds
[2025-02-26T01:34:11.978+0000] {processor.py:161} INFO - Started process (PID=1825) to work on /home/airflow/.local/lib/python3.12/site-packages/airflow/example_dags/example_complex.py
[2025-02-26T01:34:11.980+0000] {processor.py:830} INFO - Processing file /home/airflow/.local/lib/python3.12/site-packages/airflow/example_dags/example_complex.py for tasks to queue
[2025-02-26T01:34:11.983+0000] {logging_mixin.py:188} INFO - [2025-02-26T01:34:11.983+0000] {dagbag.py:540} INFO - Filling up the DagBag from /home/airflow/.local/lib/python3.12/site-packages/airflow/example_dags/example_complex.py
[2025-02-26T01:34:12.004+0000] {processor.py:840} INFO - DAG(s) 'example_complex' retrieved from /home/airflow/.local/lib/python3.12/site-packages/airflow/example_dags/example_complex.py
[2025-02-26T01:34:12.050+0000] {logging_mixin.py:188} INFO - [2025-02-26T01:34:12.050+0000] {dag.py:3096} INFO - Sync 1 DAGs
[2025-02-26T01:34:12.064+0000] {logging_mixin.py:188} INFO - [2025-02-26T01:34:12.064+0000] {dag.py:3954} INFO - Setting next_dagrun for example_complex to None, run_after=None
[2025-02-26T01:34:12.085+0000] {processor.py:183} INFO - Processing /home/airflow/.local/lib/python3.12/site-packages/airflow/example_dags/example_complex.py took 0.115 seconds
[2025-02-26T01:34:42.343+0000] {processor.py:161} INFO - Started process (PID=1885) to work on /home/airflow/.local/lib/python3.12/site-packages/airflow/example_dags/example_complex.py
[2025-02-26T01:34:42.344+0000] {processor.py:830} INFO - Processing file /home/airflow/.local/lib/python3.12/site-packages/airflow/example_dags/example_complex.py for tasks to queue
[2025-02-26T01:34:42.347+0000] {logging_mixin.py:188} INFO - [2025-02-26T01:34:42.347+0000] {dagbag.py:540} INFO - Filling up the DagBag from /home/airflow/.local/lib/python3.12/site-packages/airflow/example_dags/example_complex.py
[2025-02-26T01:34:42.358+0000] {processor.py:840} INFO - DAG(s) 'example_complex' retrieved from /home/airflow/.local/lib/python3.12/site-packages/airflow/example_dags/example_complex.py
[2025-02-26T01:34:42.409+0000] {logging_mixin.py:188} INFO - [2025-02-26T01:34:42.409+0000] {dag.py:3096} INFO - Sync 1 DAGs
[2025-02-26T01:34:42.434+0000] {logging_mixin.py:188} INFO - [2025-02-26T01:34:42.433+0000] {dag.py:3954} INFO - Setting next_dagrun for example_complex to None, run_after=None
[2025-02-26T01:34:42.468+0000] {processor.py:183} INFO - Processing /home/airflow/.local/lib/python3.12/site-packages/airflow/example_dags/example_complex.py took 0.135 seconds
[2025-02-26T01:35:12.612+0000] {processor.py:161} INFO - Started process (PID=1945) to work on /home/airflow/.local/lib/python3.12/site-packages/airflow/example_dags/example_complex.py
[2025-02-26T01:35:12.614+0000] {processor.py:830} INFO - Processing file /home/airflow/.local/lib/python3.12/site-packages/airflow/example_dags/example_complex.py for tasks to queue
[2025-02-26T01:35:12.616+0000] {logging_mixin.py:188} INFO - [2025-02-26T01:35:12.616+0000] {dagbag.py:540} INFO - Filling up the DagBag from /home/airflow/.local/lib/python3.12/site-packages/airflow/example_dags/example_complex.py
[2025-02-26T01:35:12.628+0000] {processor.py:840} INFO - DAG(s) 'example_complex' retrieved from /home/airflow/.local/lib/python3.12/site-packages/airflow/example_dags/example_complex.py
[2025-02-26T01:35:12.670+0000] {logging_mixin.py:188} INFO - [2025-02-26T01:35:12.670+0000] {dag.py:3096} INFO - Sync 1 DAGs
[2025-02-26T01:35:12.684+0000] {logging_mixin.py:188} INFO - [2025-02-26T01:35:12.684+0000] {dag.py:3954} INFO - Setting next_dagrun for example_complex to None, run_after=None
[2025-02-26T01:35:12.706+0000] {processor.py:183} INFO - Processing /home/airflow/.local/lib/python3.12/site-packages/airflow/example_dags/example_complex.py took 0.101 seconds
[2025-02-26T01:35:42.864+0000] {processor.py:161} INFO - Started process (PID=2005) to work on /home/airflow/.local/lib/python3.12/site-packages/airflow/example_dags/example_complex.py
[2025-02-26T01:35:42.865+0000] {processor.py:830} INFO - Processing file /home/airflow/.local/lib/python3.12/site-packages/airflow/example_dags/example_complex.py for tasks to queue
[2025-02-26T01:35:42.867+0000] {logging_mixin.py:188} INFO - [2025-02-26T01:35:42.867+0000] {dagbag.py:540} INFO - Filling up the DagBag from /home/airflow/.local/lib/python3.12/site-packages/airflow/example_dags/example_complex.py
[2025-02-26T01:35:42.880+0000] {processor.py:840} INFO - DAG(s) 'example_complex' retrieved from /home/airflow/.local/lib/python3.12/site-packages/airflow/example_dags/example_complex.py
[2025-02-26T01:35:42.922+0000] {logging_mixin.py:188} INFO - [2025-02-26T01:35:42.921+0000] {dag.py:3096} INFO - Sync 1 DAGs
[2025-02-26T01:35:42.939+0000] {logging_mixin.py:188} INFO - [2025-02-26T01:35:42.939+0000] {dag.py:3954} INFO - Setting next_dagrun for example_complex to None, run_after=None
[2025-02-26T01:35:42.960+0000] {processor.py:183} INFO - Processing /home/airflow/.local/lib/python3.12/site-packages/airflow/example_dags/example_complex.py took 0.103 seconds
[2025-02-26T01:36:13.971+0000] {processor.py:161} INFO - Started process (PID=2065) to work on /home/airflow/.local/lib/python3.12/site-packages/airflow/example_dags/example_complex.py
[2025-02-26T01:36:13.972+0000] {processor.py:830} INFO - Processing file /home/airflow/.local/lib/python3.12/site-packages/airflow/example_dags/example_complex.py for tasks to queue
[2025-02-26T01:36:13.974+0000] {logging_mixin.py:188} INFO - [2025-02-26T01:36:13.974+0000] {dagbag.py:540} INFO - Filling up the DagBag from /home/airflow/.local/lib/python3.12/site-packages/airflow/example_dags/example_complex.py
[2025-02-26T01:36:13.998+0000] {processor.py:840} INFO - DAG(s) 'example_complex' retrieved from /home/airflow/.local/lib/python3.12/site-packages/airflow/example_dags/example_complex.py
[2025-02-26T01:36:14.062+0000] {logging_mixin.py:188} INFO - [2025-02-26T01:36:14.061+0000] {dag.py:3096} INFO - Sync 1 DAGs
[2025-02-26T01:36:14.087+0000] {logging_mixin.py:188} INFO - [2025-02-26T01:36:14.087+0000] {dag.py:3954} INFO - Setting next_dagrun for example_complex to None, run_after=None
[2025-02-26T01:36:14.112+0000] {processor.py:183} INFO - Processing /home/airflow/.local/lib/python3.12/site-packages/airflow/example_dags/example_complex.py took 0.155 seconds
[2025-02-26T01:36:44.860+0000] {processor.py:161} INFO - Started process (PID=2125) to work on /home/airflow/.local/lib/python3.12/site-packages/airflow/example_dags/example_complex.py
[2025-02-26T01:36:44.861+0000] {processor.py:830} INFO - Processing file /home/airflow/.local/lib/python3.12/site-packages/airflow/example_dags/example_complex.py for tasks to queue
[2025-02-26T01:36:44.863+0000] {logging_mixin.py:188} INFO - [2025-02-26T01:36:44.863+0000] {dagbag.py:540} INFO - Filling up the DagBag from /home/airflow/.local/lib/python3.12/site-packages/airflow/example_dags/example_complex.py
[2025-02-26T01:36:44.882+0000] {processor.py:840} INFO - DAG(s) 'example_complex' retrieved from /home/airflow/.local/lib/python3.12/site-packages/airflow/example_dags/example_complex.py
[2025-02-26T01:36:44.934+0000] {logging_mixin.py:188} INFO - [2025-02-26T01:36:44.933+0000] {dag.py:3096} INFO - Sync 1 DAGs
[2025-02-26T01:36:44.960+0000] {logging_mixin.py:188} INFO - [2025-02-26T01:36:44.960+0000] {dag.py:3954} INFO - Setting next_dagrun for example_complex to None, run_after=None
[2025-02-26T01:36:44.991+0000] {processor.py:183} INFO - Processing /home/airflow/.local/lib/python3.12/site-packages/airflow/example_dags/example_complex.py took 0.142 seconds
[2025-02-26T01:37:15.909+0000] {processor.py:161} INFO - Started process (PID=2191) to work on /home/airflow/.local/lib/python3.12/site-packages/airflow/example_dags/example_complex.py
[2025-02-26T01:37:15.910+0000] {processor.py:830} INFO - Processing file /home/airflow/.local/lib/python3.12/site-packages/airflow/example_dags/example_complex.py for tasks to queue
[2025-02-26T01:37:15.912+0000] {logging_mixin.py:188} INFO - [2025-02-26T01:37:15.912+0000] {dagbag.py:540} INFO - Filling up the DagBag from /home/airflow/.local/lib/python3.12/site-packages/airflow/example_dags/example_complex.py
[2025-02-26T01:37:15.923+0000] {processor.py:840} INFO - DAG(s) 'example_complex' retrieved from /home/airflow/.local/lib/python3.12/site-packages/airflow/example_dags/example_complex.py
[2025-02-26T01:37:15.961+0000] {logging_mixin.py:188} INFO - [2025-02-26T01:37:15.961+0000] {dag.py:3096} INFO - Sync 1 DAGs
[2025-02-26T01:37:15.975+0000] {logging_mixin.py:188} INFO - [2025-02-26T01:37:15.975+0000] {dag.py:3954} INFO - Setting next_dagrun for example_complex to None, run_after=None
[2025-02-26T01:37:15.997+0000] {processor.py:183} INFO - Processing /home/airflow/.local/lib/python3.12/site-packages/airflow/example_dags/example_complex.py took 0.094 seconds
[2025-02-26T01:37:46.304+0000] {processor.py:161} INFO - Started process (PID=2251) to work on /home/airflow/.local/lib/python3.12/site-packages/airflow/example_dags/example_complex.py
[2025-02-26T01:37:46.305+0000] {processor.py:830} INFO - Processing file /home/airflow/.local/lib/python3.12/site-packages/airflow/example_dags/example_complex.py for tasks to queue
[2025-02-26T01:37:46.307+0000] {logging_mixin.py:188} INFO - [2025-02-26T01:37:46.307+0000] {dagbag.py:540} INFO - Filling up the DagBag from /home/airflow/.local/lib/python3.12/site-packages/airflow/example_dags/example_complex.py
[2025-02-26T01:37:46.318+0000] {processor.py:840} INFO - DAG(s) 'example_complex' retrieved from /home/airflow/.local/lib/python3.12/site-packages/airflow/example_dags/example_complex.py
[2025-02-26T01:37:46.354+0000] {logging_mixin.py:188} INFO - [2025-02-26T01:37:46.353+0000] {dag.py:3096} INFO - Sync 1 DAGs
[2025-02-26T01:37:46.370+0000] {logging_mixin.py:188} INFO - [2025-02-26T01:37:46.370+0000] {dag.py:3954} INFO - Setting next_dagrun for example_complex to None, run_after=None
[2025-02-26T01:37:46.401+0000] {processor.py:183} INFO - Processing /home/airflow/.local/lib/python3.12/site-packages/airflow/example_dags/example_complex.py took 0.104 seconds
[2025-02-26T01:38:16.725+0000] {processor.py:161} INFO - Started process (PID=2311) to work on /home/airflow/.local/lib/python3.12/site-packages/airflow/example_dags/example_complex.py
[2025-02-26T01:38:16.727+0000] {processor.py:830} INFO - Processing file /home/airflow/.local/lib/python3.12/site-packages/airflow/example_dags/example_complex.py for tasks to queue
[2025-02-26T01:38:16.729+0000] {logging_mixin.py:188} INFO - [2025-02-26T01:38:16.728+0000] {dagbag.py:540} INFO - Filling up the DagBag from /home/airflow/.local/lib/python3.12/site-packages/airflow/example_dags/example_complex.py
[2025-02-26T01:38:16.741+0000] {processor.py:840} INFO - DAG(s) 'example_complex' retrieved from /home/airflow/.local/lib/python3.12/site-packages/airflow/example_dags/example_complex.py
[2025-02-26T01:38:16.776+0000] {logging_mixin.py:188} INFO - [2025-02-26T01:38:16.776+0000] {dag.py:3096} INFO - Sync 1 DAGs
[2025-02-26T01:38:16.791+0000] {logging_mixin.py:188} INFO - [2025-02-26T01:38:16.790+0000] {dag.py:3954} INFO - Setting next_dagrun for example_complex to None, run_after=None
[2025-02-26T01:38:16.815+0000] {processor.py:183} INFO - Processing /home/airflow/.local/lib/python3.12/site-packages/airflow/example_dags/example_complex.py took 0.097 seconds
[2025-02-26T01:38:47.317+0000] {processor.py:161} INFO - Started process (PID=2371) to work on /home/airflow/.local/lib/python3.12/site-packages/airflow/example_dags/example_complex.py
[2025-02-26T01:38:47.318+0000] {processor.py:830} INFO - Processing file /home/airflow/.local/lib/python3.12/site-packages/airflow/example_dags/example_complex.py for tasks to queue
[2025-02-26T01:38:47.320+0000] {logging_mixin.py:188} INFO - [2025-02-26T01:38:47.320+0000] {dagbag.py:540} INFO - Filling up the DagBag from /home/airflow/.local/lib/python3.12/site-packages/airflow/example_dags/example_complex.py
[2025-02-26T01:38:47.332+0000] {processor.py:840} INFO - DAG(s) 'example_complex' retrieved from /home/airflow/.local/lib/python3.12/site-packages/airflow/example_dags/example_complex.py
[2025-02-26T01:38:47.370+0000] {logging_mixin.py:188} INFO - [2025-02-26T01:38:47.370+0000] {dag.py:3096} INFO - Sync 1 DAGs
[2025-02-26T01:38:47.387+0000] {logging_mixin.py:188} INFO - [2025-02-26T01:38:47.387+0000] {dag.py:3954} INFO - Setting next_dagrun for example_complex to None, run_after=None
[2025-02-26T01:38:47.411+0000] {processor.py:183} INFO - Processing /home/airflow/.local/lib/python3.12/site-packages/airflow/example_dags/example_complex.py took 0.102 seconds
[2025-02-26T01:39:17.888+0000] {processor.py:161} INFO - Started process (PID=2431) to work on /home/airflow/.local/lib/python3.12/site-packages/airflow/example_dags/example_complex.py
[2025-02-26T01:39:17.889+0000] {processor.py:830} INFO - Processing file /home/airflow/.local/lib/python3.12/site-packages/airflow/example_dags/example_complex.py for tasks to queue
[2025-02-26T01:39:17.891+0000] {logging_mixin.py:188} INFO - [2025-02-26T01:39:17.891+0000] {dagbag.py:540} INFO - Filling up the DagBag from /home/airflow/.local/lib/python3.12/site-packages/airflow/example_dags/example_complex.py
[2025-02-26T01:39:17.902+0000] {processor.py:840} INFO - DAG(s) 'example_complex' retrieved from /home/airflow/.local/lib/python3.12/site-packages/airflow/example_dags/example_complex.py
[2025-02-26T01:39:17.938+0000] {logging_mixin.py:188} INFO - [2025-02-26T01:39:17.937+0000] {dag.py:3096} INFO - Sync 1 DAGs
[2025-02-26T01:39:17.953+0000] {logging_mixin.py:188} INFO - [2025-02-26T01:39:17.953+0000] {dag.py:3954} INFO - Setting next_dagrun for example_complex to None, run_after=None
[2025-02-26T01:39:17.976+0000] {processor.py:183} INFO - Processing /home/airflow/.local/lib/python3.12/site-packages/airflow/example_dags/example_complex.py took 0.095 seconds
[2025-02-26T01:39:48.362+0000] {processor.py:161} INFO - Started process (PID=2491) to work on /home/airflow/.local/lib/python3.12/site-packages/airflow/example_dags/example_complex.py
[2025-02-26T01:39:48.363+0000] {processor.py:830} INFO - Processing file /home/airflow/.local/lib/python3.12/site-packages/airflow/example_dags/example_complex.py for tasks to queue
[2025-02-26T01:39:48.366+0000] {logging_mixin.py:188} INFO - [2025-02-26T01:39:48.366+0000] {dagbag.py:540} INFO - Filling up the DagBag from /home/airflow/.local/lib/python3.12/site-packages/airflow/example_dags/example_complex.py
[2025-02-26T01:39:48.378+0000] {processor.py:840} INFO - DAG(s) 'example_complex' retrieved from /home/airflow/.local/lib/python3.12/site-packages/airflow/example_dags/example_complex.py
[2025-02-26T01:39:48.420+0000] {logging_mixin.py:188} INFO - [2025-02-26T01:39:48.420+0000] {dag.py:3096} INFO - Sync 1 DAGs
[2025-02-26T01:39:48.434+0000] {logging_mixin.py:188} INFO - [2025-02-26T01:39:48.434+0000] {dag.py:3954} INFO - Setting next_dagrun for example_complex to None, run_after=None
[2025-02-26T01:39:48.456+0000] {processor.py:183} INFO - Processing /home/airflow/.local/lib/python3.12/site-packages/airflow/example_dags/example_complex.py took 0.103 seconds
[2025-02-26T01:40:18.909+0000] {processor.py:161} INFO - Started process (PID=2551) to work on /home/airflow/.local/lib/python3.12/site-packages/airflow/example_dags/example_complex.py
[2025-02-26T01:40:18.910+0000] {processor.py:830} INFO - Processing file /home/airflow/.local/lib/python3.12/site-packages/airflow/example_dags/example_complex.py for tasks to queue
[2025-02-26T01:40:18.912+0000] {logging_mixin.py:188} INFO - [2025-02-26T01:40:18.912+0000] {dagbag.py:540} INFO - Filling up the DagBag from /home/airflow/.local/lib/python3.12/site-packages/airflow/example_dags/example_complex.py
[2025-02-26T01:40:18.923+0000] {processor.py:840} INFO - DAG(s) 'example_complex' retrieved from /home/airflow/.local/lib/python3.12/site-packages/airflow/example_dags/example_complex.py
[2025-02-26T01:40:18.958+0000] {logging_mixin.py:188} INFO - [2025-02-26T01:40:18.958+0000] {dag.py:3096} INFO - Sync 1 DAGs
[2025-02-26T01:40:18.973+0000] {logging_mixin.py:188} INFO - [2025-02-26T01:40:18.973+0000] {dag.py:3954} INFO - Setting next_dagrun for example_complex to None, run_after=None
[2025-02-26T01:40:19.000+0000] {processor.py:183} INFO - Processing /home/airflow/.local/lib/python3.12/site-packages/airflow/example_dags/example_complex.py took 0.098 seconds
[2025-02-26T01:40:50.172+0000] {processor.py:161} INFO - Started process (PID=2611) to work on /home/airflow/.local/lib/python3.12/site-packages/airflow/example_dags/example_complex.py
[2025-02-26T01:40:50.173+0000] {processor.py:830} INFO - Processing file /home/airflow/.local/lib/python3.12/site-packages/airflow/example_dags/example_complex.py for tasks to queue
[2025-02-26T01:40:50.176+0000] {logging_mixin.py:188} INFO - [2025-02-26T01:40:50.175+0000] {dagbag.py:540} INFO - Filling up the DagBag from /home/airflow/.local/lib/python3.12/site-packages/airflow/example_dags/example_complex.py
[2025-02-26T01:40:50.189+0000] {processor.py:840} INFO - DAG(s) 'example_complex' retrieved from /home/airflow/.local/lib/python3.12/site-packages/airflow/example_dags/example_complex.py
[2025-02-26T01:40:50.233+0000] {logging_mixin.py:188} INFO - [2025-02-26T01:40:50.232+0000] {dag.py:3096} INFO - Sync 1 DAGs
[2025-02-26T01:40:50.255+0000] {logging_mixin.py:188} INFO - [2025-02-26T01:40:50.255+0000] {dag.py:3954} INFO - Setting next_dagrun for example_complex to None, run_after=None
[2025-02-26T01:40:50.288+0000] {processor.py:183} INFO - Processing /home/airflow/.local/lib/python3.12/site-packages/airflow/example_dags/example_complex.py took 0.126 seconds
[2025-02-26T01:41:20.820+0000] {processor.py:161} INFO - Started process (PID=2671) to work on /home/airflow/.local/lib/python3.12/site-packages/airflow/example_dags/example_complex.py
[2025-02-26T01:41:20.821+0000] {processor.py:830} INFO - Processing file /home/airflow/.local/lib/python3.12/site-packages/airflow/example_dags/example_complex.py for tasks to queue
[2025-02-26T01:41:20.823+0000] {logging_mixin.py:188} INFO - [2025-02-26T01:41:20.823+0000] {dagbag.py:540} INFO - Filling up the DagBag from /home/airflow/.local/lib/python3.12/site-packages/airflow/example_dags/example_complex.py
[2025-02-26T01:41:20.834+0000] {processor.py:840} INFO - DAG(s) 'example_complex' retrieved from /home/airflow/.local/lib/python3.12/site-packages/airflow/example_dags/example_complex.py
[2025-02-26T01:41:20.870+0000] {logging_mixin.py:188} INFO - [2025-02-26T01:41:20.870+0000] {dag.py:3096} INFO - Sync 1 DAGs
[2025-02-26T01:41:20.889+0000] {logging_mixin.py:188} INFO - [2025-02-26T01:41:20.889+0000] {dag.py:3954} INFO - Setting next_dagrun for example_complex to None, run_after=None
[2025-02-26T01:41:20.915+0000] {processor.py:183} INFO - Processing /home/airflow/.local/lib/python3.12/site-packages/airflow/example_dags/example_complex.py took 0.102 seconds
[2025-02-26T01:41:51.022+0000] {processor.py:161} INFO - Started process (PID=2731) to work on /home/airflow/.local/lib/python3.12/site-packages/airflow/example_dags/example_complex.py
[2025-02-26T01:41:51.023+0000] {processor.py:830} INFO - Processing file /home/airflow/.local/lib/python3.12/site-packages/airflow/example_dags/example_complex.py for tasks to queue
[2025-02-26T01:41:51.025+0000] {logging_mixin.py:188} INFO - [2025-02-26T01:41:51.025+0000] {dagbag.py:540} INFO - Filling up the DagBag from /home/airflow/.local/lib/python3.12/site-packages/airflow/example_dags/example_complex.py
[2025-02-26T01:41:51.037+0000] {processor.py:840} INFO - DAG(s) 'example_complex' retrieved from /home/airflow/.local/lib/python3.12/site-packages/airflow/example_dags/example_complex.py
[2025-02-26T01:41:51.073+0000] {logging_mixin.py:188} INFO - [2025-02-26T01:41:51.073+0000] {dag.py:3096} INFO - Sync 1 DAGs
[2025-02-26T01:41:51.088+0000] {logging_mixin.py:188} INFO - [2025-02-26T01:41:51.088+0000] {dag.py:3954} INFO - Setting next_dagrun for example_complex to None, run_after=None
[2025-02-26T01:41:51.116+0000] {processor.py:183} INFO - Processing /home/airflow/.local/lib/python3.12/site-packages/airflow/example_dags/example_complex.py took 0.101 seconds
[2025-02-26T01:42:21.447+0000] {processor.py:161} INFO - Started process (PID=2791) to work on /home/airflow/.local/lib/python3.12/site-packages/airflow/example_dags/example_complex.py
[2025-02-26T01:42:21.449+0000] {processor.py:830} INFO - Processing file /home/airflow/.local/lib/python3.12/site-packages/airflow/example_dags/example_complex.py for tasks to queue
[2025-02-26T01:42:21.451+0000] {logging_mixin.py:188} INFO - [2025-02-26T01:42:21.450+0000] {dagbag.py:540} INFO - Filling up the DagBag from /home/airflow/.local/lib/python3.12/site-packages/airflow/example_dags/example_complex.py
[2025-02-26T01:42:21.462+0000] {processor.py:840} INFO - DAG(s) 'example_complex' retrieved from /home/airflow/.local/lib/python3.12/site-packages/airflow/example_dags/example_complex.py
[2025-02-26T01:42:21.497+0000] {logging_mixin.py:188} INFO - [2025-02-26T01:42:21.497+0000] {dag.py:3096} INFO - Sync 1 DAGs
[2025-02-26T01:42:21.512+0000] {logging_mixin.py:188} INFO - [2025-02-26T01:42:21.511+0000] {dag.py:3954} INFO - Setting next_dagrun for example_complex to None, run_after=None
[2025-02-26T01:42:21.539+0000] {processor.py:183} INFO - Processing /home/airflow/.local/lib/python3.12/site-packages/airflow/example_dags/example_complex.py took 0.099 seconds
[2025-02-26T01:42:52.009+0000] {processor.py:161} INFO - Started process (PID=2852) to work on /home/airflow/.local/lib/python3.12/site-packages/airflow/example_dags/example_complex.py
[2025-02-26T01:42:52.011+0000] {processor.py:830} INFO - Processing file /home/airflow/.local/lib/python3.12/site-packages/airflow/example_dags/example_complex.py for tasks to queue
[2025-02-26T01:42:52.013+0000] {logging_mixin.py:188} INFO - [2025-02-26T01:42:52.013+0000] {dagbag.py:540} INFO - Filling up the DagBag from /home/airflow/.local/lib/python3.12/site-packages/airflow/example_dags/example_complex.py
[2025-02-26T01:42:52.024+0000] {processor.py:840} INFO - DAG(s) 'example_complex' retrieved from /home/airflow/.local/lib/python3.12/site-packages/airflow/example_dags/example_complex.py
[2025-02-26T01:42:52.063+0000] {logging_mixin.py:188} INFO - [2025-02-26T01:42:52.063+0000] {dag.py:3096} INFO - Sync 1 DAGs
[2025-02-26T01:42:52.077+0000] {logging_mixin.py:188} INFO - [2025-02-26T01:42:52.077+0000] {dag.py:3954} INFO - Setting next_dagrun for example_complex to None, run_after=None
[2025-02-26T01:42:52.098+0000] {processor.py:183} INFO - Processing /home/airflow/.local/lib/python3.12/site-packages/airflow/example_dags/example_complex.py took 0.095 seconds
[2025-02-26T01:43:22.385+0000] {processor.py:161} INFO - Started process (PID=2910) to work on /home/airflow/.local/lib/python3.12/site-packages/airflow/example_dags/example_complex.py
[2025-02-26T01:43:22.386+0000] {processor.py:830} INFO - Processing file /home/airflow/.local/lib/python3.12/site-packages/airflow/example_dags/example_complex.py for tasks to queue
[2025-02-26T01:43:22.389+0000] {logging_mixin.py:188} INFO - [2025-02-26T01:43:22.389+0000] {dagbag.py:540} INFO - Filling up the DagBag from /home/airflow/.local/lib/python3.12/site-packages/airflow/example_dags/example_complex.py
[2025-02-26T01:43:22.403+0000] {processor.py:840} INFO - DAG(s) 'example_complex' retrieved from /home/airflow/.local/lib/python3.12/site-packages/airflow/example_dags/example_complex.py
[2025-02-26T01:43:22.442+0000] {logging_mixin.py:188} INFO - [2025-02-26T01:43:22.442+0000] {dag.py:3096} INFO - Sync 1 DAGs
[2025-02-26T01:43:22.456+0000] {logging_mixin.py:188} INFO - [2025-02-26T01:43:22.456+0000] {dag.py:3954} INFO - Setting next_dagrun for example_complex to None, run_after=None
[2025-02-26T01:43:22.482+0000] {processor.py:183} INFO - Processing /home/airflow/.local/lib/python3.12/site-packages/airflow/example_dags/example_complex.py took 0.104 seconds
[2025-02-26T01:43:52.845+0000] {processor.py:161} INFO - Started process (PID=2970) to work on /home/airflow/.local/lib/python3.12/site-packages/airflow/example_dags/example_complex.py
[2025-02-26T01:43:52.846+0000] {processor.py:830} INFO - Processing file /home/airflow/.local/lib/python3.12/site-packages/airflow/example_dags/example_complex.py for tasks to queue
[2025-02-26T01:43:52.848+0000] {logging_mixin.py:188} INFO - [2025-02-26T01:43:52.848+0000] {dagbag.py:540} INFO - Filling up the DagBag from /home/airflow/.local/lib/python3.12/site-packages/airflow/example_dags/example_complex.py
[2025-02-26T01:43:52.859+0000] {processor.py:840} INFO - DAG(s) 'example_complex' retrieved from /home/airflow/.local/lib/python3.12/site-packages/airflow/example_dags/example_complex.py
[2025-02-26T01:43:52.895+0000] {logging_mixin.py:188} INFO - [2025-02-26T01:43:52.895+0000] {dag.py:3096} INFO - Sync 1 DAGs
[2025-02-26T01:43:52.908+0000] {logging_mixin.py:188} INFO - [2025-02-26T01:43:52.908+0000] {dag.py:3954} INFO - Setting next_dagrun for example_complex to None, run_after=None
[2025-02-26T01:43:52.929+0000] {processor.py:183} INFO - Processing /home/airflow/.local/lib/python3.12/site-packages/airflow/example_dags/example_complex.py took 0.091 seconds
[2025-02-26T01:44:23.590+0000] {processor.py:161} INFO - Started process (PID=3030) to work on /home/airflow/.local/lib/python3.12/site-packages/airflow/example_dags/example_complex.py
[2025-02-26T01:44:23.591+0000] {processor.py:830} INFO - Processing file /home/airflow/.local/lib/python3.12/site-packages/airflow/example_dags/example_complex.py for tasks to queue
[2025-02-26T01:44:23.593+0000] {logging_mixin.py:188} INFO - [2025-02-26T01:44:23.593+0000] {dagbag.py:540} INFO - Filling up the DagBag from /home/airflow/.local/lib/python3.12/site-packages/airflow/example_dags/example_complex.py
[2025-02-26T01:44:23.609+0000] {processor.py:840} INFO - DAG(s) 'example_complex' retrieved from /home/airflow/.local/lib/python3.12/site-packages/airflow/example_dags/example_complex.py
[2025-02-26T01:44:23.651+0000] {logging_mixin.py:188} INFO - [2025-02-26T01:44:23.651+0000] {dag.py:3096} INFO - Sync 1 DAGs
[2025-02-26T01:44:23.669+0000] {logging_mixin.py:188} INFO - [2025-02-26T01:44:23.669+0000] {dag.py:3954} INFO - Setting next_dagrun for example_complex to None, run_after=None
[2025-02-26T01:44:23.723+0000] {processor.py:183} INFO - Processing /home/airflow/.local/lib/python3.12/site-packages/airflow/example_dags/example_complex.py took 0.142 seconds
[2025-02-26T01:44:54.632+0000] {processor.py:161} INFO - Started process (PID=3090) to work on /home/airflow/.local/lib/python3.12/site-packages/airflow/example_dags/example_complex.py
[2025-02-26T01:44:54.633+0000] {processor.py:830} INFO - Processing file /home/airflow/.local/lib/python3.12/site-packages/airflow/example_dags/example_complex.py for tasks to queue
[2025-02-26T01:44:54.635+0000] {logging_mixin.py:188} INFO - [2025-02-26T01:44:54.635+0000] {dagbag.py:540} INFO - Filling up the DagBag from /home/airflow/.local/lib/python3.12/site-packages/airflow/example_dags/example_complex.py
[2025-02-26T01:44:54.646+0000] {processor.py:840} INFO - DAG(s) 'example_complex' retrieved from /home/airflow/.local/lib/python3.12/site-packages/airflow/example_dags/example_complex.py
[2025-02-26T01:44:54.682+0000] {logging_mixin.py:188} INFO - [2025-02-26T01:44:54.681+0000] {dag.py:3096} INFO - Sync 1 DAGs
[2025-02-26T01:44:54.696+0000] {logging_mixin.py:188} INFO - [2025-02-26T01:44:54.696+0000] {dag.py:3954} INFO - Setting next_dagrun for example_complex to None, run_after=None
[2025-02-26T01:44:54.719+0000] {processor.py:183} INFO - Processing /home/airflow/.local/lib/python3.12/site-packages/airflow/example_dags/example_complex.py took 0.094 seconds
[2025-02-26T01:45:25.424+0000] {processor.py:161} INFO - Started process (PID=3150) to work on /home/airflow/.local/lib/python3.12/site-packages/airflow/example_dags/example_complex.py
[2025-02-26T01:45:25.426+0000] {processor.py:830} INFO - Processing file /home/airflow/.local/lib/python3.12/site-packages/airflow/example_dags/example_complex.py for tasks to queue
[2025-02-26T01:45:25.428+0000] {logging_mixin.py:188} INFO - [2025-02-26T01:45:25.428+0000] {dagbag.py:540} INFO - Filling up the DagBag from /home/airflow/.local/lib/python3.12/site-packages/airflow/example_dags/example_complex.py
[2025-02-26T01:45:25.438+0000] {processor.py:840} INFO - DAG(s) 'example_complex' retrieved from /home/airflow/.local/lib/python3.12/site-packages/airflow/example_dags/example_complex.py
[2025-02-26T01:45:25.474+0000] {logging_mixin.py:188} INFO - [2025-02-26T01:45:25.474+0000] {dag.py:3096} INFO - Sync 1 DAGs
[2025-02-26T01:45:25.487+0000] {logging_mixin.py:188} INFO - [2025-02-26T01:45:25.487+0000] {dag.py:3954} INFO - Setting next_dagrun for example_complex to None, run_after=None
[2025-02-26T01:45:25.508+0000] {processor.py:183} INFO - Processing /home/airflow/.local/lib/python3.12/site-packages/airflow/example_dags/example_complex.py took 0.090 seconds
[2025-02-26T01:45:55.814+0000] {processor.py:161} INFO - Started process (PID=3211) to work on /home/airflow/.local/lib/python3.12/site-packages/airflow/example_dags/example_complex.py
[2025-02-26T01:45:55.815+0000] {processor.py:830} INFO - Processing file /home/airflow/.local/lib/python3.12/site-packages/airflow/example_dags/example_complex.py for tasks to queue
[2025-02-26T01:45:55.817+0000] {logging_mixin.py:188} INFO - [2025-02-26T01:45:55.817+0000] {dagbag.py:540} INFO - Filling up the DagBag from /home/airflow/.local/lib/python3.12/site-packages/airflow/example_dags/example_complex.py
[2025-02-26T01:45:55.829+0000] {processor.py:840} INFO - DAG(s) 'example_complex' retrieved from /home/airflow/.local/lib/python3.12/site-packages/airflow/example_dags/example_complex.py
[2025-02-26T01:45:55.864+0000] {logging_mixin.py:188} INFO - [2025-02-26T01:45:55.864+0000] {dag.py:3096} INFO - Sync 1 DAGs
[2025-02-26T01:45:55.878+0000] {logging_mixin.py:188} INFO - [2025-02-26T01:45:55.878+0000] {dag.py:3954} INFO - Setting next_dagrun for example_complex to None, run_after=None
[2025-02-26T01:45:55.900+0000] {processor.py:183} INFO - Processing /home/airflow/.local/lib/python3.12/site-packages/airflow/example_dags/example_complex.py took 0.093 seconds
[2025-02-26T01:46:26.445+0000] {processor.py:161} INFO - Started process (PID=3271) to work on /home/airflow/.local/lib/python3.12/site-packages/airflow/example_dags/example_complex.py
[2025-02-26T01:46:26.446+0000] {processor.py:830} INFO - Processing file /home/airflow/.local/lib/python3.12/site-packages/airflow/example_dags/example_complex.py for tasks to queue
[2025-02-26T01:46:26.448+0000] {logging_mixin.py:188} INFO - [2025-02-26T01:46:26.448+0000] {dagbag.py:540} INFO - Filling up the DagBag from /home/airflow/.local/lib/python3.12/site-packages/airflow/example_dags/example_complex.py
[2025-02-26T01:46:26.459+0000] {processor.py:840} INFO - DAG(s) 'example_complex' retrieved from /home/airflow/.local/lib/python3.12/site-packages/airflow/example_dags/example_complex.py
[2025-02-26T01:46:26.496+0000] {logging_mixin.py:188} INFO - [2025-02-26T01:46:26.495+0000] {dag.py:3096} INFO - Sync 1 DAGs
[2025-02-26T01:46:26.510+0000] {logging_mixin.py:188} INFO - [2025-02-26T01:46:26.510+0000] {dag.py:3954} INFO - Setting next_dagrun for example_complex to None, run_after=None
[2025-02-26T01:46:26.533+0000] {processor.py:183} INFO - Processing /home/airflow/.local/lib/python3.12/site-packages/airflow/example_dags/example_complex.py took 0.095 seconds
[2025-02-26T01:46:57.023+0000] {processor.py:161} INFO - Started process (PID=3331) to work on /home/airflow/.local/lib/python3.12/site-packages/airflow/example_dags/example_complex.py
[2025-02-26T01:46:57.024+0000] {processor.py:830} INFO - Processing file /home/airflow/.local/lib/python3.12/site-packages/airflow/example_dags/example_complex.py for tasks to queue
[2025-02-26T01:46:57.027+0000] {logging_mixin.py:188} INFO - [2025-02-26T01:46:57.026+0000] {dagbag.py:540} INFO - Filling up the DagBag from /home/airflow/.local/lib/python3.12/site-packages/airflow/example_dags/example_complex.py
[2025-02-26T01:46:57.045+0000] {processor.py:840} INFO - DAG(s) 'example_complex' retrieved from /home/airflow/.local/lib/python3.12/site-packages/airflow/example_dags/example_complex.py
[2025-02-26T01:46:57.083+0000] {logging_mixin.py:188} INFO - [2025-02-26T01:46:57.083+0000] {dag.py:3096} INFO - Sync 1 DAGs
[2025-02-26T01:46:57.100+0000] {logging_mixin.py:188} INFO - [2025-02-26T01:46:57.100+0000] {dag.py:3954} INFO - Setting next_dagrun for example_complex to None, run_after=None
[2025-02-26T01:46:57.122+0000] {processor.py:183} INFO - Processing /home/airflow/.local/lib/python3.12/site-packages/airflow/example_dags/example_complex.py took 0.106 seconds
[2025-02-26T01:47:27.802+0000] {processor.py:161} INFO - Started process (PID=3392) to work on /home/airflow/.local/lib/python3.12/site-packages/airflow/example_dags/example_complex.py
[2025-02-26T01:47:27.803+0000] {processor.py:830} INFO - Processing file /home/airflow/.local/lib/python3.12/site-packages/airflow/example_dags/example_complex.py for tasks to queue
[2025-02-26T01:47:27.805+0000] {logging_mixin.py:188} INFO - [2025-02-26T01:47:27.805+0000] {dagbag.py:540} INFO - Filling up the DagBag from /home/airflow/.local/lib/python3.12/site-packages/airflow/example_dags/example_complex.py
[2025-02-26T01:47:27.816+0000] {processor.py:840} INFO - DAG(s) 'example_complex' retrieved from /home/airflow/.local/lib/python3.12/site-packages/airflow/example_dags/example_complex.py
[2025-02-26T01:47:27.850+0000] {logging_mixin.py:188} INFO - [2025-02-26T01:47:27.849+0000] {dag.py:3096} INFO - Sync 1 DAGs
[2025-02-26T01:47:27.863+0000] {logging_mixin.py:188} INFO - [2025-02-26T01:47:27.863+0000] {dag.py:3954} INFO - Setting next_dagrun for example_complex to None, run_after=None
[2025-02-26T01:47:27.883+0000] {processor.py:183} INFO - Processing /home/airflow/.local/lib/python3.12/site-packages/airflow/example_dags/example_complex.py took 0.088 seconds
