[2025-02-26T01:14:38.142+0000] {processor.py:161} INFO - Started process (PID=109) to work on /home/airflow/.local/lib/python3.12/site-packages/airflow/example_dags/example_branch_python_dop_operator_3.py
[2025-02-26T01:14:38.143+0000] {processor.py:830} INFO - Processing file /home/airflow/.local/lib/python3.12/site-packages/airflow/example_dags/example_branch_python_dop_operator_3.py for tasks to queue
[2025-02-26T01:14:38.146+0000] {logging_mixin.py:188} INFO - [2025-02-26T01:14:38.145+0000] {dagbag.py:540} INFO - Filling up the DagBag from /home/airflow/.local/lib/python3.12/site-packages/airflow/example_dags/example_branch_python_dop_operator_3.py
[2025-02-26T01:14:38.188+0000] {processor.py:840} INFO - DAG(s) 'example_branch_dop_operator_v3' retrieved from /home/airflow/.local/lib/python3.12/site-packages/airflow/example_dags/example_branch_python_dop_operator_3.py
[2025-02-26T01:14:38.284+0000] {logging_mixin.py:188} INFO - [2025-02-26T01:14:38.284+0000] {dag.py:3096} INFO - Sync 1 DAGs
[2025-02-26T01:14:38.701+0000] {logging_mixin.py:188} INFO - [2025-02-26T01:14:38.701+0000] {dag.py:3954} INFO - Setting next_dagrun for example_branch_dop_operator_v3 to 2025-02-26 01:13:00+00:00, run_after=2025-02-26 01:14:00+00:00
[2025-02-26T01:14:38.831+0000] {processor.py:183} INFO - Processing /home/airflow/.local/lib/python3.12/site-packages/airflow/example_dags/example_branch_python_dop_operator_3.py took 0.696 seconds
[2025-02-26T01:19:14.503+0000] {processor.py:161} INFO - Started process (PID=92) to work on /home/airflow/.local/lib/python3.12/site-packages/airflow/example_dags/example_branch_python_dop_operator_3.py
[2025-02-26T01:19:14.506+0000] {processor.py:830} INFO - Processing file /home/airflow/.local/lib/python3.12/site-packages/airflow/example_dags/example_branch_python_dop_operator_3.py for tasks to queue
[2025-02-26T01:19:14.509+0000] {logging_mixin.py:188} INFO - [2025-02-26T01:19:14.508+0000] {dagbag.py:540} INFO - Filling up the DagBag from /home/airflow/.local/lib/python3.12/site-packages/airflow/example_dags/example_branch_python_dop_operator_3.py
[2025-02-26T01:19:14.521+0000] {processor.py:840} INFO - DAG(s) 'example_branch_dop_operator_v3' retrieved from /home/airflow/.local/lib/python3.12/site-packages/airflow/example_dags/example_branch_python_dop_operator_3.py
[2025-02-26T01:19:14.544+0000] {logging_mixin.py:188} INFO - [2025-02-26T01:19:14.543+0000] {dag.py:3096} INFO - Sync 1 DAGs
[2025-02-26T01:19:14.579+0000] {logging_mixin.py:188} INFO - [2025-02-26T01:19:14.579+0000] {dag.py:3954} INFO - Setting next_dagrun for example_branch_dop_operator_v3 to 2025-02-26 01:18:00+00:00, run_after=2025-02-26 01:19:00+00:00
[2025-02-26T01:19:14.604+0000] {processor.py:183} INFO - Processing /home/airflow/.local/lib/python3.12/site-packages/airflow/example_dags/example_branch_python_dop_operator_3.py took 0.111 seconds
[2025-02-26T01:19:44.824+0000] {processor.py:161} INFO - Started process (PID=152) to work on /home/airflow/.local/lib/python3.12/site-packages/airflow/example_dags/example_branch_python_dop_operator_3.py
[2025-02-26T01:19:44.826+0000] {processor.py:830} INFO - Processing file /home/airflow/.local/lib/python3.12/site-packages/airflow/example_dags/example_branch_python_dop_operator_3.py for tasks to queue
[2025-02-26T01:19:44.829+0000] {logging_mixin.py:188} INFO - [2025-02-26T01:19:44.828+0000] {dagbag.py:540} INFO - Filling up the DagBag from /home/airflow/.local/lib/python3.12/site-packages/airflow/example_dags/example_branch_python_dop_operator_3.py
[2025-02-26T01:19:44.838+0000] {processor.py:840} INFO - DAG(s) 'example_branch_dop_operator_v3' retrieved from /home/airflow/.local/lib/python3.12/site-packages/airflow/example_dags/example_branch_python_dop_operator_3.py
[2025-02-26T01:19:44.862+0000] {logging_mixin.py:188} INFO - [2025-02-26T01:19:44.862+0000] {dag.py:3096} INFO - Sync 1 DAGs
[2025-02-26T01:19:44.891+0000] {logging_mixin.py:188} INFO - [2025-02-26T01:19:44.891+0000] {dag.py:3954} INFO - Setting next_dagrun for example_branch_dop_operator_v3 to 2025-02-26 01:18:00+00:00, run_after=2025-02-26 01:19:00+00:00
[2025-02-26T01:19:44.916+0000] {processor.py:183} INFO - Processing /home/airflow/.local/lib/python3.12/site-packages/airflow/example_dags/example_branch_python_dop_operator_3.py took 0.098 seconds
[2025-02-26T01:20:15.006+0000] {processor.py:161} INFO - Started process (PID=212) to work on /home/airflow/.local/lib/python3.12/site-packages/airflow/example_dags/example_branch_python_dop_operator_3.py
[2025-02-26T01:20:15.007+0000] {processor.py:830} INFO - Processing file /home/airflow/.local/lib/python3.12/site-packages/airflow/example_dags/example_branch_python_dop_operator_3.py for tasks to queue
[2025-02-26T01:20:15.010+0000] {logging_mixin.py:188} INFO - [2025-02-26T01:20:15.009+0000] {dagbag.py:540} INFO - Filling up the DagBag from /home/airflow/.local/lib/python3.12/site-packages/airflow/example_dags/example_branch_python_dop_operator_3.py
[2025-02-26T01:20:15.019+0000] {processor.py:840} INFO - DAG(s) 'example_branch_dop_operator_v3' retrieved from /home/airflow/.local/lib/python3.12/site-packages/airflow/example_dags/example_branch_python_dop_operator_3.py
[2025-02-26T01:20:15.046+0000] {logging_mixin.py:188} INFO - [2025-02-26T01:20:15.046+0000] {dag.py:3096} INFO - Sync 1 DAGs
[2025-02-26T01:20:15.079+0000] {logging_mixin.py:188} INFO - [2025-02-26T01:20:15.078+0000] {dag.py:3954} INFO - Setting next_dagrun for example_branch_dop_operator_v3 to 2025-02-26 01:19:00+00:00, run_after=2025-02-26 01:20:00+00:00
[2025-02-26T01:20:15.105+0000] {processor.py:183} INFO - Processing /home/airflow/.local/lib/python3.12/site-packages/airflow/example_dags/example_branch_python_dop_operator_3.py took 0.106 seconds
[2025-02-26T01:20:47.553+0000] {processor.py:161} INFO - Started process (PID=272) to work on /home/airflow/.local/lib/python3.12/site-packages/airflow/example_dags/example_branch_python_dop_operator_3.py
[2025-02-26T01:20:47.555+0000] {processor.py:830} INFO - Processing file /home/airflow/.local/lib/python3.12/site-packages/airflow/example_dags/example_branch_python_dop_operator_3.py for tasks to queue
[2025-02-26T01:20:47.560+0000] {logging_mixin.py:188} INFO - [2025-02-26T01:20:47.559+0000] {dagbag.py:540} INFO - Filling up the DagBag from /home/airflow/.local/lib/python3.12/site-packages/airflow/example_dags/example_branch_python_dop_operator_3.py
[2025-02-26T01:20:47.579+0000] {processor.py:840} INFO - DAG(s) 'example_branch_dop_operator_v3' retrieved from /home/airflow/.local/lib/python3.12/site-packages/airflow/example_dags/example_branch_python_dop_operator_3.py
[2025-02-26T01:20:47.614+0000] {logging_mixin.py:188} INFO - [2025-02-26T01:20:47.614+0000] {dag.py:3096} INFO - Sync 1 DAGs
[2025-02-26T01:20:47.677+0000] {logging_mixin.py:188} INFO - [2025-02-26T01:20:47.677+0000] {dag.py:3954} INFO - Setting next_dagrun for example_branch_dop_operator_v3 to 2025-02-26 01:19:00+00:00, run_after=2025-02-26 01:20:00+00:00
[2025-02-26T01:20:47.711+0000] {processor.py:183} INFO - Processing /home/airflow/.local/lib/python3.12/site-packages/airflow/example_dags/example_branch_python_dop_operator_3.py took 0.178 seconds
[2025-02-26T01:21:23.424+0000] {processor.py:161} INFO - Started process (PID=332) to work on /home/airflow/.local/lib/python3.12/site-packages/airflow/example_dags/example_branch_python_dop_operator_3.py
[2025-02-26T01:21:23.426+0000] {processor.py:830} INFO - Processing file /home/airflow/.local/lib/python3.12/site-packages/airflow/example_dags/example_branch_python_dop_operator_3.py for tasks to queue
[2025-02-26T01:21:23.429+0000] {logging_mixin.py:188} INFO - [2025-02-26T01:21:23.429+0000] {dagbag.py:540} INFO - Filling up the DagBag from /home/airflow/.local/lib/python3.12/site-packages/airflow/example_dags/example_branch_python_dop_operator_3.py
[2025-02-26T01:21:23.446+0000] {processor.py:840} INFO - DAG(s) 'example_branch_dop_operator_v3' retrieved from /home/airflow/.local/lib/python3.12/site-packages/airflow/example_dags/example_branch_python_dop_operator_3.py
[2025-02-26T01:21:23.483+0000] {logging_mixin.py:188} INFO - [2025-02-26T01:21:23.482+0000] {dag.py:3096} INFO - Sync 1 DAGs
[2025-02-26T01:21:23.521+0000] {logging_mixin.py:188} INFO - [2025-02-26T01:21:23.521+0000] {dag.py:3954} INFO - Setting next_dagrun for example_branch_dop_operator_v3 to 2025-02-26 01:20:00+00:00, run_after=2025-02-26 01:21:00+00:00
[2025-02-26T01:21:23.547+0000] {processor.py:183} INFO - Processing /home/airflow/.local/lib/python3.12/site-packages/airflow/example_dags/example_branch_python_dop_operator_3.py took 0.131 seconds
[2025-02-26T01:21:58.203+0000] {processor.py:161} INFO - Started process (PID=396) to work on /home/airflow/.local/lib/python3.12/site-packages/airflow/example_dags/example_branch_python_dop_operator_3.py
[2025-02-26T01:21:58.234+0000] {processor.py:830} INFO - Processing file /home/airflow/.local/lib/python3.12/site-packages/airflow/example_dags/example_branch_python_dop_operator_3.py for tasks to queue
[2025-02-26T01:21:58.237+0000] {logging_mixin.py:188} INFO - [2025-02-26T01:21:58.236+0000] {dagbag.py:540} INFO - Filling up the DagBag from /home/airflow/.local/lib/python3.12/site-packages/airflow/example_dags/example_branch_python_dop_operator_3.py
[2025-02-26T01:21:58.246+0000] {processor.py:840} INFO - DAG(s) 'example_branch_dop_operator_v3' retrieved from /home/airflow/.local/lib/python3.12/site-packages/airflow/example_dags/example_branch_python_dop_operator_3.py
[2025-02-26T01:21:58.270+0000] {logging_mixin.py:188} INFO - [2025-02-26T01:21:58.270+0000] {dag.py:3096} INFO - Sync 1 DAGs
[2025-02-26T01:21:58.298+0000] {logging_mixin.py:188} INFO - [2025-02-26T01:21:58.298+0000] {dag.py:3954} INFO - Setting next_dagrun for example_branch_dop_operator_v3 to 2025-02-26 01:20:00+00:00, run_after=2025-02-26 01:21:00+00:00
[2025-02-26T01:21:58.385+0000] {processor.py:183} INFO - Processing /home/airflow/.local/lib/python3.12/site-packages/airflow/example_dags/example_branch_python_dop_operator_3.py took 0.191 seconds
[2025-02-26T01:22:29.066+0000] {processor.py:161} INFO - Started process (PID=456) to work on /home/airflow/.local/lib/python3.12/site-packages/airflow/example_dags/example_branch_python_dop_operator_3.py
[2025-02-26T01:22:29.067+0000] {processor.py:830} INFO - Processing file /home/airflow/.local/lib/python3.12/site-packages/airflow/example_dags/example_branch_python_dop_operator_3.py for tasks to queue
[2025-02-26T01:22:29.070+0000] {logging_mixin.py:188} INFO - [2025-02-26T01:22:29.070+0000] {dagbag.py:540} INFO - Filling up the DagBag from /home/airflow/.local/lib/python3.12/site-packages/airflow/example_dags/example_branch_python_dop_operator_3.py
[2025-02-26T01:22:29.089+0000] {processor.py:840} INFO - DAG(s) 'example_branch_dop_operator_v3' retrieved from /home/airflow/.local/lib/python3.12/site-packages/airflow/example_dags/example_branch_python_dop_operator_3.py
[2025-02-26T01:22:29.123+0000] {logging_mixin.py:188} INFO - [2025-02-26T01:22:29.123+0000] {dag.py:3096} INFO - Sync 1 DAGs
[2025-02-26T01:22:29.173+0000] {logging_mixin.py:188} INFO - [2025-02-26T01:22:29.172+0000] {dag.py:3954} INFO - Setting next_dagrun for example_branch_dop_operator_v3 to 2025-02-26 01:21:00+00:00, run_after=2025-02-26 01:22:00+00:00
[2025-02-26T01:22:29.206+0000] {processor.py:183} INFO - Processing /home/airflow/.local/lib/python3.12/site-packages/airflow/example_dags/example_branch_python_dop_operator_3.py took 0.149 seconds
[2025-02-26T01:22:59.426+0000] {processor.py:161} INFO - Started process (PID=516) to work on /home/airflow/.local/lib/python3.12/site-packages/airflow/example_dags/example_branch_python_dop_operator_3.py
[2025-02-26T01:22:59.427+0000] {processor.py:830} INFO - Processing file /home/airflow/.local/lib/python3.12/site-packages/airflow/example_dags/example_branch_python_dop_operator_3.py for tasks to queue
[2025-02-26T01:22:59.430+0000] {logging_mixin.py:188} INFO - [2025-02-26T01:22:59.429+0000] {dagbag.py:540} INFO - Filling up the DagBag from /home/airflow/.local/lib/python3.12/site-packages/airflow/example_dags/example_branch_python_dop_operator_3.py
[2025-02-26T01:22:59.441+0000] {processor.py:840} INFO - DAG(s) 'example_branch_dop_operator_v3' retrieved from /home/airflow/.local/lib/python3.12/site-packages/airflow/example_dags/example_branch_python_dop_operator_3.py
[2025-02-26T01:22:59.471+0000] {logging_mixin.py:188} INFO - [2025-02-26T01:22:59.470+0000] {dag.py:3096} INFO - Sync 1 DAGs
[2025-02-26T01:22:59.508+0000] {logging_mixin.py:188} INFO - [2025-02-26T01:22:59.508+0000] {dag.py:3954} INFO - Setting next_dagrun for example_branch_dop_operator_v3 to 2025-02-26 01:21:00+00:00, run_after=2025-02-26 01:22:00+00:00
[2025-02-26T01:22:59.544+0000] {processor.py:183} INFO - Processing /home/airflow/.local/lib/python3.12/site-packages/airflow/example_dags/example_branch_python_dop_operator_3.py took 0.125 seconds
[2025-02-26T01:23:29.846+0000] {processor.py:161} INFO - Started process (PID=576) to work on /home/airflow/.local/lib/python3.12/site-packages/airflow/example_dags/example_branch_python_dop_operator_3.py
[2025-02-26T01:23:29.847+0000] {processor.py:830} INFO - Processing file /home/airflow/.local/lib/python3.12/site-packages/airflow/example_dags/example_branch_python_dop_operator_3.py for tasks to queue
[2025-02-26T01:23:29.849+0000] {logging_mixin.py:188} INFO - [2025-02-26T01:23:29.849+0000] {dagbag.py:540} INFO - Filling up the DagBag from /home/airflow/.local/lib/python3.12/site-packages/airflow/example_dags/example_branch_python_dop_operator_3.py
[2025-02-26T01:23:29.859+0000] {processor.py:840} INFO - DAG(s) 'example_branch_dop_operator_v3' retrieved from /home/airflow/.local/lib/python3.12/site-packages/airflow/example_dags/example_branch_python_dop_operator_3.py
[2025-02-26T01:23:29.881+0000] {logging_mixin.py:188} INFO - [2025-02-26T01:23:29.880+0000] {dag.py:3096} INFO - Sync 1 DAGs
[2025-02-26T01:23:29.907+0000] {logging_mixin.py:188} INFO - [2025-02-26T01:23:29.907+0000] {dag.py:3954} INFO - Setting next_dagrun for example_branch_dop_operator_v3 to 2025-02-26 01:22:00+00:00, run_after=2025-02-26 01:23:00+00:00
[2025-02-26T01:23:29.928+0000] {processor.py:183} INFO - Processing /home/airflow/.local/lib/python3.12/site-packages/airflow/example_dags/example_branch_python_dop_operator_3.py took 0.091 seconds
[2025-02-26T01:24:00.438+0000] {processor.py:161} INFO - Started process (PID=636) to work on /home/airflow/.local/lib/python3.12/site-packages/airflow/example_dags/example_branch_python_dop_operator_3.py
[2025-02-26T01:24:00.440+0000] {processor.py:830} INFO - Processing file /home/airflow/.local/lib/python3.12/site-packages/airflow/example_dags/example_branch_python_dop_operator_3.py for tasks to queue
[2025-02-26T01:24:00.442+0000] {logging_mixin.py:188} INFO - [2025-02-26T01:24:00.441+0000] {dagbag.py:540} INFO - Filling up the DagBag from /home/airflow/.local/lib/python3.12/site-packages/airflow/example_dags/example_branch_python_dop_operator_3.py
[2025-02-26T01:24:00.452+0000] {processor.py:840} INFO - DAG(s) 'example_branch_dop_operator_v3' retrieved from /home/airflow/.local/lib/python3.12/site-packages/airflow/example_dags/example_branch_python_dop_operator_3.py
[2025-02-26T01:24:00.476+0000] {logging_mixin.py:188} INFO - [2025-02-26T01:24:00.476+0000] {dag.py:3096} INFO - Sync 1 DAGs
[2025-02-26T01:24:00.505+0000] {logging_mixin.py:188} INFO - [2025-02-26T01:24:00.505+0000] {dag.py:3954} INFO - Setting next_dagrun for example_branch_dop_operator_v3 to 2025-02-26 01:23:00+00:00, run_after=2025-02-26 01:24:00+00:00
[2025-02-26T01:24:00.526+0000] {processor.py:183} INFO - Processing /home/airflow/.local/lib/python3.12/site-packages/airflow/example_dags/example_branch_python_dop_operator_3.py took 0.094 seconds
[2025-02-26T01:24:30.995+0000] {processor.py:161} INFO - Started process (PID=696) to work on /home/airflow/.local/lib/python3.12/site-packages/airflow/example_dags/example_branch_python_dop_operator_3.py
[2025-02-26T01:24:30.997+0000] {processor.py:830} INFO - Processing file /home/airflow/.local/lib/python3.12/site-packages/airflow/example_dags/example_branch_python_dop_operator_3.py for tasks to queue
[2025-02-26T01:24:30.999+0000] {logging_mixin.py:188} INFO - [2025-02-26T01:24:30.999+0000] {dagbag.py:540} INFO - Filling up the DagBag from /home/airflow/.local/lib/python3.12/site-packages/airflow/example_dags/example_branch_python_dop_operator_3.py
[2025-02-26T01:24:31.008+0000] {processor.py:840} INFO - DAG(s) 'example_branch_dop_operator_v3' retrieved from /home/airflow/.local/lib/python3.12/site-packages/airflow/example_dags/example_branch_python_dop_operator_3.py
[2025-02-26T01:24:31.030+0000] {logging_mixin.py:188} INFO - [2025-02-26T01:24:31.030+0000] {dag.py:3096} INFO - Sync 1 DAGs
[2025-02-26T01:24:31.057+0000] {logging_mixin.py:188} INFO - [2025-02-26T01:24:31.056+0000] {dag.py:3954} INFO - Setting next_dagrun for example_branch_dop_operator_v3 to 2025-02-26 01:23:00+00:00, run_after=2025-02-26 01:24:00+00:00
[2025-02-26T01:24:31.087+0000] {processor.py:183} INFO - Processing /home/airflow/.local/lib/python3.12/site-packages/airflow/example_dags/example_branch_python_dop_operator_3.py took 0.098 seconds
[2025-02-26T01:25:02.560+0000] {processor.py:161} INFO - Started process (PID=756) to work on /home/airflow/.local/lib/python3.12/site-packages/airflow/example_dags/example_branch_python_dop_operator_3.py
[2025-02-26T01:25:02.562+0000] {processor.py:830} INFO - Processing file /home/airflow/.local/lib/python3.12/site-packages/airflow/example_dags/example_branch_python_dop_operator_3.py for tasks to queue
[2025-02-26T01:25:02.566+0000] {logging_mixin.py:188} INFO - [2025-02-26T01:25:02.565+0000] {dagbag.py:540} INFO - Filling up the DagBag from /home/airflow/.local/lib/python3.12/site-packages/airflow/example_dags/example_branch_python_dop_operator_3.py
[2025-02-26T01:25:02.584+0000] {processor.py:840} INFO - DAG(s) 'example_branch_dop_operator_v3' retrieved from /home/airflow/.local/lib/python3.12/site-packages/airflow/example_dags/example_branch_python_dop_operator_3.py
[2025-02-26T01:25:02.625+0000] {logging_mixin.py:188} INFO - [2025-02-26T01:25:02.624+0000] {dag.py:3096} INFO - Sync 1 DAGs
[2025-02-26T01:25:02.680+0000] {logging_mixin.py:188} INFO - [2025-02-26T01:25:02.679+0000] {dag.py:3954} INFO - Setting next_dagrun for example_branch_dop_operator_v3 to 2025-02-26 01:24:00+00:00, run_after=2025-02-26 01:25:00+00:00
[2025-02-26T01:25:02.720+0000] {processor.py:183} INFO - Processing /home/airflow/.local/lib/python3.12/site-packages/airflow/example_dags/example_branch_python_dop_operator_3.py took 0.172 seconds
[2025-02-26T01:25:33.457+0000] {processor.py:161} INFO - Started process (PID=816) to work on /home/airflow/.local/lib/python3.12/site-packages/airflow/example_dags/example_branch_python_dop_operator_3.py
[2025-02-26T01:25:33.458+0000] {processor.py:830} INFO - Processing file /home/airflow/.local/lib/python3.12/site-packages/airflow/example_dags/example_branch_python_dop_operator_3.py for tasks to queue
[2025-02-26T01:25:33.460+0000] {logging_mixin.py:188} INFO - [2025-02-26T01:25:33.460+0000] {dagbag.py:540} INFO - Filling up the DagBag from /home/airflow/.local/lib/python3.12/site-packages/airflow/example_dags/example_branch_python_dop_operator_3.py
[2025-02-26T01:25:33.475+0000] {processor.py:840} INFO - DAG(s) 'example_branch_dop_operator_v3' retrieved from /home/airflow/.local/lib/python3.12/site-packages/airflow/example_dags/example_branch_python_dop_operator_3.py
[2025-02-26T01:25:33.497+0000] {logging_mixin.py:188} INFO - [2025-02-26T01:25:33.496+0000] {dag.py:3096} INFO - Sync 1 DAGs
[2025-02-26T01:25:33.526+0000] {logging_mixin.py:188} INFO - [2025-02-26T01:25:33.526+0000] {dag.py:3954} INFO - Setting next_dagrun for example_branch_dop_operator_v3 to 2025-02-26 01:24:00+00:00, run_after=2025-02-26 01:25:00+00:00
[2025-02-26T01:25:33.547+0000] {processor.py:183} INFO - Processing /home/airflow/.local/lib/python3.12/site-packages/airflow/example_dags/example_branch_python_dop_operator_3.py took 0.098 seconds
[2025-02-26T01:26:04.222+0000] {processor.py:161} INFO - Started process (PID=876) to work on /home/airflow/.local/lib/python3.12/site-packages/airflow/example_dags/example_branch_python_dop_operator_3.py
[2025-02-26T01:26:04.223+0000] {processor.py:830} INFO - Processing file /home/airflow/.local/lib/python3.12/site-packages/airflow/example_dags/example_branch_python_dop_operator_3.py for tasks to queue
[2025-02-26T01:26:04.225+0000] {logging_mixin.py:188} INFO - [2025-02-26T01:26:04.225+0000] {dagbag.py:540} INFO - Filling up the DagBag from /home/airflow/.local/lib/python3.12/site-packages/airflow/example_dags/example_branch_python_dop_operator_3.py
[2025-02-26T01:26:04.235+0000] {processor.py:840} INFO - DAG(s) 'example_branch_dop_operator_v3' retrieved from /home/airflow/.local/lib/python3.12/site-packages/airflow/example_dags/example_branch_python_dop_operator_3.py
[2025-02-26T01:26:04.272+0000] {logging_mixin.py:188} INFO - [2025-02-26T01:26:04.271+0000] {dag.py:3096} INFO - Sync 1 DAGs
[2025-02-26T01:26:04.307+0000] {logging_mixin.py:188} INFO - [2025-02-26T01:26:04.307+0000] {dag.py:3954} INFO - Setting next_dagrun for example_branch_dop_operator_v3 to 2025-02-26 01:25:00+00:00, run_after=2025-02-26 01:26:00+00:00
[2025-02-26T01:26:04.329+0000] {processor.py:183} INFO - Processing /home/airflow/.local/lib/python3.12/site-packages/airflow/example_dags/example_branch_python_dop_operator_3.py took 0.114 seconds
[2025-02-26T01:26:36.640+0000] {processor.py:161} INFO - Started process (PID=936) to work on /home/airflow/.local/lib/python3.12/site-packages/airflow/example_dags/example_branch_python_dop_operator_3.py
[2025-02-26T01:26:36.641+0000] {processor.py:830} INFO - Processing file /home/airflow/.local/lib/python3.12/site-packages/airflow/example_dags/example_branch_python_dop_operator_3.py for tasks to queue
[2025-02-26T01:26:36.644+0000] {logging_mixin.py:188} INFO - [2025-02-26T01:26:36.643+0000] {dagbag.py:540} INFO - Filling up the DagBag from /home/airflow/.local/lib/python3.12/site-packages/airflow/example_dags/example_branch_python_dop_operator_3.py
[2025-02-26T01:26:36.656+0000] {processor.py:840} INFO - DAG(s) 'example_branch_dop_operator_v3' retrieved from /home/airflow/.local/lib/python3.12/site-packages/airflow/example_dags/example_branch_python_dop_operator_3.py
[2025-02-26T01:26:36.682+0000] {logging_mixin.py:188} INFO - [2025-02-26T01:26:36.682+0000] {dag.py:3096} INFO - Sync 1 DAGs
[2025-02-26T01:26:36.765+0000] {logging_mixin.py:188} INFO - [2025-02-26T01:26:36.765+0000] {dag.py:3954} INFO - Setting next_dagrun for example_branch_dop_operator_v3 to 2025-02-26 01:25:00+00:00, run_after=2025-02-26 01:26:00+00:00
[2025-02-26T01:26:37.033+0000] {processor.py:183} INFO - Processing /home/airflow/.local/lib/python3.12/site-packages/airflow/example_dags/example_branch_python_dop_operator_3.py took 0.401 seconds
[2025-02-26T01:27:07.279+0000] {processor.py:161} INFO - Started process (PID=996) to work on /home/airflow/.local/lib/python3.12/site-packages/airflow/example_dags/example_branch_python_dop_operator_3.py
[2025-02-26T01:27:07.281+0000] {processor.py:830} INFO - Processing file /home/airflow/.local/lib/python3.12/site-packages/airflow/example_dags/example_branch_python_dop_operator_3.py for tasks to queue
[2025-02-26T01:27:07.283+0000] {logging_mixin.py:188} INFO - [2025-02-26T01:27:07.283+0000] {dagbag.py:540} INFO - Filling up the DagBag from /home/airflow/.local/lib/python3.12/site-packages/airflow/example_dags/example_branch_python_dop_operator_3.py
[2025-02-26T01:27:07.294+0000] {processor.py:840} INFO - DAG(s) 'example_branch_dop_operator_v3' retrieved from /home/airflow/.local/lib/python3.12/site-packages/airflow/example_dags/example_branch_python_dop_operator_3.py
[2025-02-26T01:27:07.319+0000] {logging_mixin.py:188} INFO - [2025-02-26T01:27:07.319+0000] {dag.py:3096} INFO - Sync 1 DAGs
[2025-02-26T01:27:07.349+0000] {logging_mixin.py:188} INFO - [2025-02-26T01:27:07.349+0000] {dag.py:3954} INFO - Setting next_dagrun for example_branch_dop_operator_v3 to 2025-02-26 01:26:00+00:00, run_after=2025-02-26 01:27:00+00:00
[2025-02-26T01:27:07.371+0000] {processor.py:183} INFO - Processing /home/airflow/.local/lib/python3.12/site-packages/airflow/example_dags/example_branch_python_dop_operator_3.py took 0.099 seconds
[2025-02-26T01:27:48.255+0000] {processor.py:161} INFO - Started process (PID=1056) to work on /home/airflow/.local/lib/python3.12/site-packages/airflow/example_dags/example_branch_python_dop_operator_3.py
[2025-02-26T01:27:48.256+0000] {processor.py:830} INFO - Processing file /home/airflow/.local/lib/python3.12/site-packages/airflow/example_dags/example_branch_python_dop_operator_3.py for tasks to queue
[2025-02-26T01:27:48.259+0000] {logging_mixin.py:188} INFO - [2025-02-26T01:27:48.259+0000] {dagbag.py:540} INFO - Filling up the DagBag from /home/airflow/.local/lib/python3.12/site-packages/airflow/example_dags/example_branch_python_dop_operator_3.py
[2025-02-26T01:27:48.270+0000] {processor.py:840} INFO - DAG(s) 'example_branch_dop_operator_v3' retrieved from /home/airflow/.local/lib/python3.12/site-packages/airflow/example_dags/example_branch_python_dop_operator_3.py
[2025-02-26T01:27:48.293+0000] {logging_mixin.py:188} INFO - [2025-02-26T01:27:48.293+0000] {dag.py:3096} INFO - Sync 1 DAGs
[2025-02-26T01:27:48.323+0000] {logging_mixin.py:188} INFO - [2025-02-26T01:27:48.323+0000] {dag.py:3954} INFO - Setting next_dagrun for example_branch_dop_operator_v3 to 2025-02-26 01:26:00+00:00, run_after=2025-02-26 01:27:00+00:00
[2025-02-26T01:27:50.667+0000] {processor.py:183} INFO - Processing /home/airflow/.local/lib/python3.12/site-packages/airflow/example_dags/example_branch_python_dop_operator_3.py took 3.055 seconds
[2025-02-26T01:28:21.554+0000] {processor.py:161} INFO - Started process (PID=1122) to work on /home/airflow/.local/lib/python3.12/site-packages/airflow/example_dags/example_branch_python_dop_operator_3.py
[2025-02-26T01:28:21.556+0000] {processor.py:830} INFO - Processing file /home/airflow/.local/lib/python3.12/site-packages/airflow/example_dags/example_branch_python_dop_operator_3.py for tasks to queue
[2025-02-26T01:28:21.558+0000] {logging_mixin.py:188} INFO - [2025-02-26T01:28:21.558+0000] {dagbag.py:540} INFO - Filling up the DagBag from /home/airflow/.local/lib/python3.12/site-packages/airflow/example_dags/example_branch_python_dop_operator_3.py
[2025-02-26T01:28:21.567+0000] {processor.py:840} INFO - DAG(s) 'example_branch_dop_operator_v3' retrieved from /home/airflow/.local/lib/python3.12/site-packages/airflow/example_dags/example_branch_python_dop_operator_3.py
[2025-02-26T01:28:21.588+0000] {logging_mixin.py:188} INFO - [2025-02-26T01:28:21.588+0000] {dag.py:3096} INFO - Sync 1 DAGs
[2025-02-26T01:28:21.614+0000] {logging_mixin.py:188} INFO - [2025-02-26T01:28:21.614+0000] {dag.py:3954} INFO - Setting next_dagrun for example_branch_dop_operator_v3 to 2025-02-26 01:27:00+00:00, run_after=2025-02-26 01:28:00+00:00
[2025-02-26T01:28:21.641+0000] {processor.py:183} INFO - Processing /home/airflow/.local/lib/python3.12/site-packages/airflow/example_dags/example_branch_python_dop_operator_3.py took 0.093 seconds
[2025-02-26T01:28:52.049+0000] {processor.py:161} INFO - Started process (PID=1182) to work on /home/airflow/.local/lib/python3.12/site-packages/airflow/example_dags/example_branch_python_dop_operator_3.py
[2025-02-26T01:28:52.050+0000] {processor.py:830} INFO - Processing file /home/airflow/.local/lib/python3.12/site-packages/airflow/example_dags/example_branch_python_dop_operator_3.py for tasks to queue
[2025-02-26T01:28:52.053+0000] {logging_mixin.py:188} INFO - [2025-02-26T01:28:52.052+0000] {dagbag.py:540} INFO - Filling up the DagBag from /home/airflow/.local/lib/python3.12/site-packages/airflow/example_dags/example_branch_python_dop_operator_3.py
[2025-02-26T01:28:52.063+0000] {processor.py:840} INFO - DAG(s) 'example_branch_dop_operator_v3' retrieved from /home/airflow/.local/lib/python3.12/site-packages/airflow/example_dags/example_branch_python_dop_operator_3.py
[2025-02-26T01:28:52.087+0000] {logging_mixin.py:188} INFO - [2025-02-26T01:28:52.087+0000] {dag.py:3096} INFO - Sync 1 DAGs
[2025-02-26T01:28:52.123+0000] {logging_mixin.py:188} INFO - [2025-02-26T01:28:52.123+0000] {dag.py:3954} INFO - Setting next_dagrun for example_branch_dop_operator_v3 to 2025-02-26 01:27:00+00:00, run_after=2025-02-26 01:28:00+00:00
[2025-02-26T01:28:52.150+0000] {processor.py:183} INFO - Processing /home/airflow/.local/lib/python3.12/site-packages/airflow/example_dags/example_branch_python_dop_operator_3.py took 0.108 seconds
[2025-02-26T01:29:22.518+0000] {processor.py:161} INFO - Started process (PID=1242) to work on /home/airflow/.local/lib/python3.12/site-packages/airflow/example_dags/example_branch_python_dop_operator_3.py
[2025-02-26T01:29:22.520+0000] {processor.py:830} INFO - Processing file /home/airflow/.local/lib/python3.12/site-packages/airflow/example_dags/example_branch_python_dop_operator_3.py for tasks to queue
[2025-02-26T01:29:22.522+0000] {logging_mixin.py:188} INFO - [2025-02-26T01:29:22.522+0000] {dagbag.py:540} INFO - Filling up the DagBag from /home/airflow/.local/lib/python3.12/site-packages/airflow/example_dags/example_branch_python_dop_operator_3.py
[2025-02-26T01:29:22.534+0000] {processor.py:840} INFO - DAG(s) 'example_branch_dop_operator_v3' retrieved from /home/airflow/.local/lib/python3.12/site-packages/airflow/example_dags/example_branch_python_dop_operator_3.py
[2025-02-26T01:29:22.560+0000] {logging_mixin.py:188} INFO - [2025-02-26T01:29:22.560+0000] {dag.py:3096} INFO - Sync 1 DAGs
[2025-02-26T01:29:22.589+0000] {logging_mixin.py:188} INFO - [2025-02-26T01:29:22.589+0000] {dag.py:3954} INFO - Setting next_dagrun for example_branch_dop_operator_v3 to 2025-02-26 01:28:00+00:00, run_after=2025-02-26 01:29:00+00:00
[2025-02-26T01:29:22.615+0000] {processor.py:183} INFO - Processing /home/airflow/.local/lib/python3.12/site-packages/airflow/example_dags/example_branch_python_dop_operator_3.py took 0.105 seconds
[2025-02-26T01:29:52.885+0000] {processor.py:161} INFO - Started process (PID=1302) to work on /home/airflow/.local/lib/python3.12/site-packages/airflow/example_dags/example_branch_python_dop_operator_3.py
[2025-02-26T01:29:52.887+0000] {processor.py:830} INFO - Processing file /home/airflow/.local/lib/python3.12/site-packages/airflow/example_dags/example_branch_python_dop_operator_3.py for tasks to queue
[2025-02-26T01:29:52.889+0000] {logging_mixin.py:188} INFO - [2025-02-26T01:29:52.889+0000] {dagbag.py:540} INFO - Filling up the DagBag from /home/airflow/.local/lib/python3.12/site-packages/airflow/example_dags/example_branch_python_dop_operator_3.py
[2025-02-26T01:29:52.898+0000] {processor.py:840} INFO - DAG(s) 'example_branch_dop_operator_v3' retrieved from /home/airflow/.local/lib/python3.12/site-packages/airflow/example_dags/example_branch_python_dop_operator_3.py
[2025-02-26T01:29:52.921+0000] {logging_mixin.py:188} INFO - [2025-02-26T01:29:52.921+0000] {dag.py:3096} INFO - Sync 1 DAGs
[2025-02-26T01:29:52.950+0000] {logging_mixin.py:188} INFO - [2025-02-26T01:29:52.949+0000] {dag.py:3954} INFO - Setting next_dagrun for example_branch_dop_operator_v3 to 2025-02-26 01:28:00+00:00, run_after=2025-02-26 01:29:00+00:00
[2025-02-26T01:29:52.971+0000] {processor.py:183} INFO - Processing /home/airflow/.local/lib/python3.12/site-packages/airflow/example_dags/example_branch_python_dop_operator_3.py took 0.092 seconds
[2025-02-26T01:30:23.712+0000] {processor.py:161} INFO - Started process (PID=1367) to work on /home/airflow/.local/lib/python3.12/site-packages/airflow/example_dags/example_branch_python_dop_operator_3.py
[2025-02-26T01:30:23.713+0000] {processor.py:830} INFO - Processing file /home/airflow/.local/lib/python3.12/site-packages/airflow/example_dags/example_branch_python_dop_operator_3.py for tasks to queue
[2025-02-26T01:30:23.716+0000] {logging_mixin.py:188} INFO - [2025-02-26T01:30:23.715+0000] {dagbag.py:540} INFO - Filling up the DagBag from /home/airflow/.local/lib/python3.12/site-packages/airflow/example_dags/example_branch_python_dop_operator_3.py
[2025-02-26T01:30:23.726+0000] {processor.py:840} INFO - DAG(s) 'example_branch_dop_operator_v3' retrieved from /home/airflow/.local/lib/python3.12/site-packages/airflow/example_dags/example_branch_python_dop_operator_3.py
[2025-02-26T01:30:23.748+0000] {logging_mixin.py:188} INFO - [2025-02-26T01:30:23.748+0000] {dag.py:3096} INFO - Sync 1 DAGs
[2025-02-26T01:30:23.776+0000] {logging_mixin.py:188} INFO - [2025-02-26T01:30:23.776+0000] {dag.py:3954} INFO - Setting next_dagrun for example_branch_dop_operator_v3 to 2025-02-26 01:29:00+00:00, run_after=2025-02-26 01:30:00+00:00
[2025-02-26T01:30:23.871+0000] {processor.py:183} INFO - Processing /home/airflow/.local/lib/python3.12/site-packages/airflow/example_dags/example_branch_python_dop_operator_3.py took 0.166 seconds
[2025-02-26T01:30:53.995+0000] {processor.py:161} INFO - Started process (PID=1428) to work on /home/airflow/.local/lib/python3.12/site-packages/airflow/example_dags/example_branch_python_dop_operator_3.py
[2025-02-26T01:30:53.996+0000] {processor.py:830} INFO - Processing file /home/airflow/.local/lib/python3.12/site-packages/airflow/example_dags/example_branch_python_dop_operator_3.py for tasks to queue
[2025-02-26T01:30:54.000+0000] {logging_mixin.py:188} INFO - [2025-02-26T01:30:53.999+0000] {dagbag.py:540} INFO - Filling up the DagBag from /home/airflow/.local/lib/python3.12/site-packages/airflow/example_dags/example_branch_python_dop_operator_3.py
[2025-02-26T01:30:54.009+0000] {processor.py:840} INFO - DAG(s) 'example_branch_dop_operator_v3' retrieved from /home/airflow/.local/lib/python3.12/site-packages/airflow/example_dags/example_branch_python_dop_operator_3.py
[2025-02-26T01:30:54.033+0000] {logging_mixin.py:188} INFO - [2025-02-26T01:30:54.033+0000] {dag.py:3096} INFO - Sync 1 DAGs
[2025-02-26T01:30:54.059+0000] {logging_mixin.py:188} INFO - [2025-02-26T01:30:54.059+0000] {dag.py:3954} INFO - Setting next_dagrun for example_branch_dop_operator_v3 to 2025-02-26 01:29:00+00:00, run_after=2025-02-26 01:30:00+00:00
[2025-02-26T01:30:54.080+0000] {processor.py:183} INFO - Processing /home/airflow/.local/lib/python3.12/site-packages/airflow/example_dags/example_branch_python_dop_operator_3.py took 0.092 seconds
[2025-02-26T01:31:24.172+0000] {processor.py:161} INFO - Started process (PID=1487) to work on /home/airflow/.local/lib/python3.12/site-packages/airflow/example_dags/example_branch_python_dop_operator_3.py
[2025-02-26T01:31:24.174+0000] {processor.py:830} INFO - Processing file /home/airflow/.local/lib/python3.12/site-packages/airflow/example_dags/example_branch_python_dop_operator_3.py for tasks to queue
[2025-02-26T01:31:24.180+0000] {logging_mixin.py:188} INFO - [2025-02-26T01:31:24.179+0000] {dagbag.py:540} INFO - Filling up the DagBag from /home/airflow/.local/lib/python3.12/site-packages/airflow/example_dags/example_branch_python_dop_operator_3.py
[2025-02-26T01:31:24.200+0000] {processor.py:840} INFO - DAG(s) 'example_branch_dop_operator_v3' retrieved from /home/airflow/.local/lib/python3.12/site-packages/airflow/example_dags/example_branch_python_dop_operator_3.py
[2025-02-26T01:31:24.234+0000] {logging_mixin.py:188} INFO - [2025-02-26T01:31:24.234+0000] {dag.py:3096} INFO - Sync 1 DAGs
[2025-02-26T01:31:24.270+0000] {logging_mixin.py:188} INFO - [2025-02-26T01:31:24.269+0000] {dag.py:3954} INFO - Setting next_dagrun for example_branch_dop_operator_v3 to 2025-02-26 01:30:00+00:00, run_after=2025-02-26 01:31:00+00:00
[2025-02-26T01:31:24.317+0000] {processor.py:183} INFO - Processing /home/airflow/.local/lib/python3.12/site-packages/airflow/example_dags/example_branch_python_dop_operator_3.py took 0.158 seconds
[2025-02-26T01:31:54.837+0000] {processor.py:161} INFO - Started process (PID=1547) to work on /home/airflow/.local/lib/python3.12/site-packages/airflow/example_dags/example_branch_python_dop_operator_3.py
[2025-02-26T01:31:54.838+0000] {processor.py:830} INFO - Processing file /home/airflow/.local/lib/python3.12/site-packages/airflow/example_dags/example_branch_python_dop_operator_3.py for tasks to queue
[2025-02-26T01:31:54.840+0000] {logging_mixin.py:188} INFO - [2025-02-26T01:31:54.840+0000] {dagbag.py:540} INFO - Filling up the DagBag from /home/airflow/.local/lib/python3.12/site-packages/airflow/example_dags/example_branch_python_dop_operator_3.py
[2025-02-26T01:31:54.852+0000] {processor.py:840} INFO - DAG(s) 'example_branch_dop_operator_v3' retrieved from /home/airflow/.local/lib/python3.12/site-packages/airflow/example_dags/example_branch_python_dop_operator_3.py
[2025-02-26T01:31:54.874+0000] {logging_mixin.py:188} INFO - [2025-02-26T01:31:54.874+0000] {dag.py:3096} INFO - Sync 1 DAGs
[2025-02-26T01:31:54.903+0000] {logging_mixin.py:188} INFO - [2025-02-26T01:31:54.902+0000] {dag.py:3954} INFO - Setting next_dagrun for example_branch_dop_operator_v3 to 2025-02-26 01:30:00+00:00, run_after=2025-02-26 01:31:00+00:00
[2025-02-26T01:31:54.926+0000] {processor.py:183} INFO - Processing /home/airflow/.local/lib/python3.12/site-packages/airflow/example_dags/example_branch_python_dop_operator_3.py took 0.095 seconds
[2025-02-26T01:32:25.747+0000] {processor.py:161} INFO - Started process (PID=1608) to work on /home/airflow/.local/lib/python3.12/site-packages/airflow/example_dags/example_branch_python_dop_operator_3.py
[2025-02-26T01:32:25.749+0000] {processor.py:830} INFO - Processing file /home/airflow/.local/lib/python3.12/site-packages/airflow/example_dags/example_branch_python_dop_operator_3.py for tasks to queue
[2025-02-26T01:32:25.751+0000] {logging_mixin.py:188} INFO - [2025-02-26T01:32:25.751+0000] {dagbag.py:540} INFO - Filling up the DagBag from /home/airflow/.local/lib/python3.12/site-packages/airflow/example_dags/example_branch_python_dop_operator_3.py
[2025-02-26T01:32:25.761+0000] {processor.py:840} INFO - DAG(s) 'example_branch_dop_operator_v3' retrieved from /home/airflow/.local/lib/python3.12/site-packages/airflow/example_dags/example_branch_python_dop_operator_3.py
[2025-02-26T01:32:25.787+0000] {logging_mixin.py:188} INFO - [2025-02-26T01:32:25.787+0000] {dag.py:3096} INFO - Sync 1 DAGs
[2025-02-26T01:32:25.816+0000] {logging_mixin.py:188} INFO - [2025-02-26T01:32:25.816+0000] {dag.py:3954} INFO - Setting next_dagrun for example_branch_dop_operator_v3 to 2025-02-26 01:31:00+00:00, run_after=2025-02-26 01:32:00+00:00
[2025-02-26T01:32:25.840+0000] {processor.py:183} INFO - Processing /home/airflow/.local/lib/python3.12/site-packages/airflow/example_dags/example_branch_python_dop_operator_3.py took 0.100 seconds
[2025-02-26T01:32:56.541+0000] {processor.py:161} INFO - Started process (PID=1668) to work on /home/airflow/.local/lib/python3.12/site-packages/airflow/example_dags/example_branch_python_dop_operator_3.py
[2025-02-26T01:32:56.543+0000] {processor.py:830} INFO - Processing file /home/airflow/.local/lib/python3.12/site-packages/airflow/example_dags/example_branch_python_dop_operator_3.py for tasks to queue
[2025-02-26T01:32:56.546+0000] {logging_mixin.py:188} INFO - [2025-02-26T01:32:56.546+0000] {dagbag.py:540} INFO - Filling up the DagBag from /home/airflow/.local/lib/python3.12/site-packages/airflow/example_dags/example_branch_python_dop_operator_3.py
[2025-02-26T01:32:56.565+0000] {processor.py:840} INFO - DAG(s) 'example_branch_dop_operator_v3' retrieved from /home/airflow/.local/lib/python3.12/site-packages/airflow/example_dags/example_branch_python_dop_operator_3.py
[2025-02-26T01:32:56.598+0000] {logging_mixin.py:188} INFO - [2025-02-26T01:32:56.597+0000] {dag.py:3096} INFO - Sync 1 DAGs
[2025-02-26T01:32:56.638+0000] {logging_mixin.py:188} INFO - [2025-02-26T01:32:56.637+0000] {dag.py:3954} INFO - Setting next_dagrun for example_branch_dop_operator_v3 to 2025-02-26 01:31:00+00:00, run_after=2025-02-26 01:32:00+00:00
[2025-02-26T01:32:56.671+0000] {processor.py:183} INFO - Processing /home/airflow/.local/lib/python3.12/site-packages/airflow/example_dags/example_branch_python_dop_operator_3.py took 0.139 seconds
[2025-02-26T01:33:27.572+0000] {processor.py:161} INFO - Started process (PID=1728) to work on /home/airflow/.local/lib/python3.12/site-packages/airflow/example_dags/example_branch_python_dop_operator_3.py
[2025-02-26T01:33:27.574+0000] {processor.py:830} INFO - Processing file /home/airflow/.local/lib/python3.12/site-packages/airflow/example_dags/example_branch_python_dop_operator_3.py for tasks to queue
[2025-02-26T01:33:27.576+0000] {logging_mixin.py:188} INFO - [2025-02-26T01:33:27.576+0000] {dagbag.py:540} INFO - Filling up the DagBag from /home/airflow/.local/lib/python3.12/site-packages/airflow/example_dags/example_branch_python_dop_operator_3.py
[2025-02-26T01:33:27.586+0000] {processor.py:840} INFO - DAG(s) 'example_branch_dop_operator_v3' retrieved from /home/airflow/.local/lib/python3.12/site-packages/airflow/example_dags/example_branch_python_dop_operator_3.py
[2025-02-26T01:33:27.609+0000] {logging_mixin.py:188} INFO - [2025-02-26T01:33:27.609+0000] {dag.py:3096} INFO - Sync 1 DAGs
[2025-02-26T01:33:27.637+0000] {logging_mixin.py:188} INFO - [2025-02-26T01:33:27.636+0000] {dag.py:3954} INFO - Setting next_dagrun for example_branch_dop_operator_v3 to 2025-02-26 01:32:00+00:00, run_after=2025-02-26 01:33:00+00:00
[2025-02-26T01:33:27.664+0000] {processor.py:183} INFO - Processing /home/airflow/.local/lib/python3.12/site-packages/airflow/example_dags/example_branch_python_dop_operator_3.py took 0.099 seconds
[2025-02-26T01:33:57.807+0000] {processor.py:161} INFO - Started process (PID=1788) to work on /home/airflow/.local/lib/python3.12/site-packages/airflow/example_dags/example_branch_python_dop_operator_3.py
[2025-02-26T01:33:57.808+0000] {processor.py:830} INFO - Processing file /home/airflow/.local/lib/python3.12/site-packages/airflow/example_dags/example_branch_python_dop_operator_3.py for tasks to queue
[2025-02-26T01:33:57.811+0000] {logging_mixin.py:188} INFO - [2025-02-26T01:33:57.811+0000] {dagbag.py:540} INFO - Filling up the DagBag from /home/airflow/.local/lib/python3.12/site-packages/airflow/example_dags/example_branch_python_dop_operator_3.py
[2025-02-26T01:33:57.824+0000] {processor.py:840} INFO - DAG(s) 'example_branch_dop_operator_v3' retrieved from /home/airflow/.local/lib/python3.12/site-packages/airflow/example_dags/example_branch_python_dop_operator_3.py
[2025-02-26T01:33:57.850+0000] {logging_mixin.py:188} INFO - [2025-02-26T01:33:57.849+0000] {dag.py:3096} INFO - Sync 1 DAGs
[2025-02-26T01:33:57.879+0000] {logging_mixin.py:188} INFO - [2025-02-26T01:33:57.879+0000] {dag.py:3954} INFO - Setting next_dagrun for example_branch_dop_operator_v3 to 2025-02-26 01:32:00+00:00, run_after=2025-02-26 01:33:00+00:00
[2025-02-26T01:33:57.909+0000] {processor.py:183} INFO - Processing /home/airflow/.local/lib/python3.12/site-packages/airflow/example_dags/example_branch_python_dop_operator_3.py took 0.108 seconds
[2025-02-26T01:34:28.638+0000] {processor.py:161} INFO - Started process (PID=1848) to work on /home/airflow/.local/lib/python3.12/site-packages/airflow/example_dags/example_branch_python_dop_operator_3.py
[2025-02-26T01:34:28.639+0000] {processor.py:830} INFO - Processing file /home/airflow/.local/lib/python3.12/site-packages/airflow/example_dags/example_branch_python_dop_operator_3.py for tasks to queue
[2025-02-26T01:34:28.641+0000] {logging_mixin.py:188} INFO - [2025-02-26T01:34:28.641+0000] {dagbag.py:540} INFO - Filling up the DagBag from /home/airflow/.local/lib/python3.12/site-packages/airflow/example_dags/example_branch_python_dop_operator_3.py
[2025-02-26T01:34:28.651+0000] {processor.py:840} INFO - DAG(s) 'example_branch_dop_operator_v3' retrieved from /home/airflow/.local/lib/python3.12/site-packages/airflow/example_dags/example_branch_python_dop_operator_3.py
[2025-02-26T01:34:28.674+0000] {logging_mixin.py:188} INFO - [2025-02-26T01:34:28.674+0000] {dag.py:3096} INFO - Sync 1 DAGs
[2025-02-26T01:34:28.701+0000] {logging_mixin.py:188} INFO - [2025-02-26T01:34:28.701+0000] {dag.py:3954} INFO - Setting next_dagrun for example_branch_dop_operator_v3 to 2025-02-26 01:33:00+00:00, run_after=2025-02-26 01:34:00+00:00
[2025-02-26T01:34:28.726+0000] {processor.py:183} INFO - Processing /home/airflow/.local/lib/python3.12/site-packages/airflow/example_dags/example_branch_python_dop_operator_3.py took 0.095 seconds
[2025-02-26T01:34:59.039+0000] {processor.py:161} INFO - Started process (PID=1908) to work on /home/airflow/.local/lib/python3.12/site-packages/airflow/example_dags/example_branch_python_dop_operator_3.py
[2025-02-26T01:34:59.040+0000] {processor.py:830} INFO - Processing file /home/airflow/.local/lib/python3.12/site-packages/airflow/example_dags/example_branch_python_dop_operator_3.py for tasks to queue
[2025-02-26T01:34:59.043+0000] {logging_mixin.py:188} INFO - [2025-02-26T01:34:59.042+0000] {dagbag.py:540} INFO - Filling up the DagBag from /home/airflow/.local/lib/python3.12/site-packages/airflow/example_dags/example_branch_python_dop_operator_3.py
[2025-02-26T01:34:59.053+0000] {processor.py:840} INFO - DAG(s) 'example_branch_dop_operator_v3' retrieved from /home/airflow/.local/lib/python3.12/site-packages/airflow/example_dags/example_branch_python_dop_operator_3.py
[2025-02-26T01:34:59.076+0000] {logging_mixin.py:188} INFO - [2025-02-26T01:34:59.075+0000] {dag.py:3096} INFO - Sync 1 DAGs
[2025-02-26T01:34:59.101+0000] {logging_mixin.py:188} INFO - [2025-02-26T01:34:59.101+0000] {dag.py:3954} INFO - Setting next_dagrun for example_branch_dop_operator_v3 to 2025-02-26 01:33:00+00:00, run_after=2025-02-26 01:34:00+00:00
[2025-02-26T01:34:59.124+0000] {processor.py:183} INFO - Processing /home/airflow/.local/lib/python3.12/site-packages/airflow/example_dags/example_branch_python_dop_operator_3.py took 0.095 seconds
[2025-02-26T01:35:29.421+0000] {processor.py:161} INFO - Started process (PID=1968) to work on /home/airflow/.local/lib/python3.12/site-packages/airflow/example_dags/example_branch_python_dop_operator_3.py
[2025-02-26T01:35:29.423+0000] {processor.py:830} INFO - Processing file /home/airflow/.local/lib/python3.12/site-packages/airflow/example_dags/example_branch_python_dop_operator_3.py for tasks to queue
[2025-02-26T01:35:29.426+0000] {logging_mixin.py:188} INFO - [2025-02-26T01:35:29.425+0000] {dagbag.py:540} INFO - Filling up the DagBag from /home/airflow/.local/lib/python3.12/site-packages/airflow/example_dags/example_branch_python_dop_operator_3.py
[2025-02-26T01:35:29.439+0000] {processor.py:840} INFO - DAG(s) 'example_branch_dop_operator_v3' retrieved from /home/airflow/.local/lib/python3.12/site-packages/airflow/example_dags/example_branch_python_dop_operator_3.py
[2025-02-26T01:35:29.464+0000] {logging_mixin.py:188} INFO - [2025-02-26T01:35:29.463+0000] {dag.py:3096} INFO - Sync 1 DAGs
[2025-02-26T01:35:29.492+0000] {logging_mixin.py:188} INFO - [2025-02-26T01:35:29.491+0000] {dag.py:3954} INFO - Setting next_dagrun for example_branch_dop_operator_v3 to 2025-02-26 01:34:00+00:00, run_after=2025-02-26 01:35:00+00:00
[2025-02-26T01:35:29.516+0000] {processor.py:183} INFO - Processing /home/airflow/.local/lib/python3.12/site-packages/airflow/example_dags/example_branch_python_dop_operator_3.py took 0.104 seconds
[2025-02-26T01:35:59.850+0000] {processor.py:161} INFO - Started process (PID=2028) to work on /home/airflow/.local/lib/python3.12/site-packages/airflow/example_dags/example_branch_python_dop_operator_3.py
[2025-02-26T01:35:59.851+0000] {processor.py:830} INFO - Processing file /home/airflow/.local/lib/python3.12/site-packages/airflow/example_dags/example_branch_python_dop_operator_3.py for tasks to queue
[2025-02-26T01:35:59.855+0000] {logging_mixin.py:188} INFO - [2025-02-26T01:35:59.854+0000] {dagbag.py:540} INFO - Filling up the DagBag from /home/airflow/.local/lib/python3.12/site-packages/airflow/example_dags/example_branch_python_dop_operator_3.py
[2025-02-26T01:35:59.869+0000] {processor.py:840} INFO - DAG(s) 'example_branch_dop_operator_v3' retrieved from /home/airflow/.local/lib/python3.12/site-packages/airflow/example_dags/example_branch_python_dop_operator_3.py
[2025-02-26T01:35:59.902+0000] {logging_mixin.py:188} INFO - [2025-02-26T01:35:59.901+0000] {dag.py:3096} INFO - Sync 1 DAGs
[2025-02-26T01:35:59.931+0000] {logging_mixin.py:188} INFO - [2025-02-26T01:35:59.931+0000] {dag.py:3954} INFO - Setting next_dagrun for example_branch_dop_operator_v3 to 2025-02-26 01:34:00+00:00, run_after=2025-02-26 01:35:00+00:00
[2025-02-26T01:35:59.952+0000] {processor.py:183} INFO - Processing /home/airflow/.local/lib/python3.12/site-packages/airflow/example_dags/example_branch_python_dop_operator_3.py took 0.113 seconds
[2025-02-26T01:36:30.683+0000] {processor.py:161} INFO - Started process (PID=2088) to work on /home/airflow/.local/lib/python3.12/site-packages/airflow/example_dags/example_branch_python_dop_operator_3.py
[2025-02-26T01:36:30.685+0000] {processor.py:830} INFO - Processing file /home/airflow/.local/lib/python3.12/site-packages/airflow/example_dags/example_branch_python_dop_operator_3.py for tasks to queue
[2025-02-26T01:36:30.687+0000] {logging_mixin.py:188} INFO - [2025-02-26T01:36:30.687+0000] {dagbag.py:540} INFO - Filling up the DagBag from /home/airflow/.local/lib/python3.12/site-packages/airflow/example_dags/example_branch_python_dop_operator_3.py
[2025-02-26T01:36:30.701+0000] {processor.py:840} INFO - DAG(s) 'example_branch_dop_operator_v3' retrieved from /home/airflow/.local/lib/python3.12/site-packages/airflow/example_dags/example_branch_python_dop_operator_3.py
[2025-02-26T01:36:30.729+0000] {logging_mixin.py:188} INFO - [2025-02-26T01:36:30.729+0000] {dag.py:3096} INFO - Sync 1 DAGs
[2025-02-26T01:36:30.758+0000] {logging_mixin.py:188} INFO - [2025-02-26T01:36:30.758+0000] {dag.py:3954} INFO - Setting next_dagrun for example_branch_dop_operator_v3 to 2025-02-26 01:35:00+00:00, run_after=2025-02-26 01:36:00+00:00
[2025-02-26T01:36:30.781+0000] {processor.py:183} INFO - Processing /home/airflow/.local/lib/python3.12/site-packages/airflow/example_dags/example_branch_python_dop_operator_3.py took 0.105 seconds
[2025-02-26T01:37:01.593+0000] {processor.py:161} INFO - Started process (PID=2148) to work on /home/airflow/.local/lib/python3.12/site-packages/airflow/example_dags/example_branch_python_dop_operator_3.py
[2025-02-26T01:37:01.594+0000] {processor.py:830} INFO - Processing file /home/airflow/.local/lib/python3.12/site-packages/airflow/example_dags/example_branch_python_dop_operator_3.py for tasks to queue
[2025-02-26T01:37:01.598+0000] {logging_mixin.py:188} INFO - [2025-02-26T01:37:01.597+0000] {dagbag.py:540} INFO - Filling up the DagBag from /home/airflow/.local/lib/python3.12/site-packages/airflow/example_dags/example_branch_python_dop_operator_3.py
[2025-02-26T01:37:01.609+0000] {processor.py:840} INFO - DAG(s) 'example_branch_dop_operator_v3' retrieved from /home/airflow/.local/lib/python3.12/site-packages/airflow/example_dags/example_branch_python_dop_operator_3.py
[2025-02-26T01:37:01.633+0000] {logging_mixin.py:188} INFO - [2025-02-26T01:37:01.633+0000] {dag.py:3096} INFO - Sync 1 DAGs
[2025-02-26T01:37:01.662+0000] {logging_mixin.py:188} INFO - [2025-02-26T01:37:01.662+0000] {dag.py:3954} INFO - Setting next_dagrun for example_branch_dop_operator_v3 to 2025-02-26 01:36:00+00:00, run_after=2025-02-26 01:37:00+00:00
[2025-02-26T01:37:01.702+0000] {processor.py:183} INFO - Processing /home/airflow/.local/lib/python3.12/site-packages/airflow/example_dags/example_branch_python_dop_operator_3.py took 0.116 seconds
[2025-02-26T01:37:32.019+0000] {processor.py:161} INFO - Started process (PID=2208) to work on /home/airflow/.local/lib/python3.12/site-packages/airflow/example_dags/example_branch_python_dop_operator_3.py
[2025-02-26T01:37:32.020+0000] {processor.py:830} INFO - Processing file /home/airflow/.local/lib/python3.12/site-packages/airflow/example_dags/example_branch_python_dop_operator_3.py for tasks to queue
[2025-02-26T01:37:32.023+0000] {logging_mixin.py:188} INFO - [2025-02-26T01:37:32.023+0000] {dagbag.py:540} INFO - Filling up the DagBag from /home/airflow/.local/lib/python3.12/site-packages/airflow/example_dags/example_branch_python_dop_operator_3.py
[2025-02-26T01:37:32.033+0000] {processor.py:840} INFO - DAG(s) 'example_branch_dop_operator_v3' retrieved from /home/airflow/.local/lib/python3.12/site-packages/airflow/example_dags/example_branch_python_dop_operator_3.py
[2025-02-26T01:37:32.061+0000] {logging_mixin.py:188} INFO - [2025-02-26T01:37:32.061+0000] {dag.py:3096} INFO - Sync 1 DAGs
[2025-02-26T01:37:32.089+0000] {logging_mixin.py:188} INFO - [2025-02-26T01:37:32.088+0000] {dag.py:3954} INFO - Setting next_dagrun for example_branch_dop_operator_v3 to 2025-02-26 01:36:00+00:00, run_after=2025-02-26 01:37:00+00:00
[2025-02-26T01:37:32.111+0000] {processor.py:183} INFO - Processing /home/airflow/.local/lib/python3.12/site-packages/airflow/example_dags/example_branch_python_dop_operator_3.py took 0.101 seconds
[2025-02-26T01:38:02.530+0000] {processor.py:161} INFO - Started process (PID=2268) to work on /home/airflow/.local/lib/python3.12/site-packages/airflow/example_dags/example_branch_python_dop_operator_3.py
[2025-02-26T01:38:02.532+0000] {processor.py:830} INFO - Processing file /home/airflow/.local/lib/python3.12/site-packages/airflow/example_dags/example_branch_python_dop_operator_3.py for tasks to queue
[2025-02-26T01:38:02.534+0000] {logging_mixin.py:188} INFO - [2025-02-26T01:38:02.534+0000] {dagbag.py:540} INFO - Filling up the DagBag from /home/airflow/.local/lib/python3.12/site-packages/airflow/example_dags/example_branch_python_dop_operator_3.py
[2025-02-26T01:38:02.545+0000] {processor.py:840} INFO - DAG(s) 'example_branch_dop_operator_v3' retrieved from /home/airflow/.local/lib/python3.12/site-packages/airflow/example_dags/example_branch_python_dop_operator_3.py
[2025-02-26T01:38:02.568+0000] {logging_mixin.py:188} INFO - [2025-02-26T01:38:02.567+0000] {dag.py:3096} INFO - Sync 1 DAGs
[2025-02-26T01:38:02.594+0000] {logging_mixin.py:188} INFO - [2025-02-26T01:38:02.594+0000] {dag.py:3954} INFO - Setting next_dagrun for example_branch_dop_operator_v3 to 2025-02-26 01:37:00+00:00, run_after=2025-02-26 01:38:00+00:00
[2025-02-26T01:38:02.618+0000] {processor.py:183} INFO - Processing /home/airflow/.local/lib/python3.12/site-packages/airflow/example_dags/example_branch_python_dop_operator_3.py took 0.096 seconds
[2025-02-26T01:38:32.797+0000] {processor.py:161} INFO - Started process (PID=2328) to work on /home/airflow/.local/lib/python3.12/site-packages/airflow/example_dags/example_branch_python_dop_operator_3.py
[2025-02-26T01:38:32.798+0000] {processor.py:830} INFO - Processing file /home/airflow/.local/lib/python3.12/site-packages/airflow/example_dags/example_branch_python_dop_operator_3.py for tasks to queue
[2025-02-26T01:38:32.800+0000] {logging_mixin.py:188} INFO - [2025-02-26T01:38:32.800+0000] {dagbag.py:540} INFO - Filling up the DagBag from /home/airflow/.local/lib/python3.12/site-packages/airflow/example_dags/example_branch_python_dop_operator_3.py
[2025-02-26T01:38:32.813+0000] {processor.py:840} INFO - DAG(s) 'example_branch_dop_operator_v3' retrieved from /home/airflow/.local/lib/python3.12/site-packages/airflow/example_dags/example_branch_python_dop_operator_3.py
[2025-02-26T01:38:32.836+0000] {logging_mixin.py:188} INFO - [2025-02-26T01:38:32.835+0000] {dag.py:3096} INFO - Sync 1 DAGs
[2025-02-26T01:38:32.864+0000] {logging_mixin.py:188} INFO - [2025-02-26T01:38:32.864+0000] {dag.py:3954} INFO - Setting next_dagrun for example_branch_dop_operator_v3 to 2025-02-26 01:37:00+00:00, run_after=2025-02-26 01:38:00+00:00
[2025-02-26T01:38:32.885+0000] {processor.py:183} INFO - Processing /home/airflow/.local/lib/python3.12/site-packages/airflow/example_dags/example_branch_python_dop_operator_3.py took 0.095 seconds
[2025-02-26T01:39:03.285+0000] {processor.py:161} INFO - Started process (PID=2388) to work on /home/airflow/.local/lib/python3.12/site-packages/airflow/example_dags/example_branch_python_dop_operator_3.py
[2025-02-26T01:39:03.287+0000] {processor.py:830} INFO - Processing file /home/airflow/.local/lib/python3.12/site-packages/airflow/example_dags/example_branch_python_dop_operator_3.py for tasks to queue
[2025-02-26T01:39:03.289+0000] {logging_mixin.py:188} INFO - [2025-02-26T01:39:03.288+0000] {dagbag.py:540} INFO - Filling up the DagBag from /home/airflow/.local/lib/python3.12/site-packages/airflow/example_dags/example_branch_python_dop_operator_3.py
[2025-02-26T01:39:03.298+0000] {processor.py:840} INFO - DAG(s) 'example_branch_dop_operator_v3' retrieved from /home/airflow/.local/lib/python3.12/site-packages/airflow/example_dags/example_branch_python_dop_operator_3.py
[2025-02-26T01:39:03.320+0000] {logging_mixin.py:188} INFO - [2025-02-26T01:39:03.319+0000] {dag.py:3096} INFO - Sync 1 DAGs
[2025-02-26T01:39:03.346+0000] {logging_mixin.py:188} INFO - [2025-02-26T01:39:03.345+0000] {dag.py:3954} INFO - Setting next_dagrun for example_branch_dop_operator_v3 to 2025-02-26 01:38:00+00:00, run_after=2025-02-26 01:39:00+00:00
[2025-02-26T01:39:03.368+0000] {processor.py:183} INFO - Processing /home/airflow/.local/lib/python3.12/site-packages/airflow/example_dags/example_branch_python_dop_operator_3.py took 0.089 seconds
[2025-02-26T01:39:33.863+0000] {processor.py:161} INFO - Started process (PID=2448) to work on /home/airflow/.local/lib/python3.12/site-packages/airflow/example_dags/example_branch_python_dop_operator_3.py
[2025-02-26T01:39:33.865+0000] {processor.py:830} INFO - Processing file /home/airflow/.local/lib/python3.12/site-packages/airflow/example_dags/example_branch_python_dop_operator_3.py for tasks to queue
[2025-02-26T01:39:33.867+0000] {logging_mixin.py:188} INFO - [2025-02-26T01:39:33.867+0000] {dagbag.py:540} INFO - Filling up the DagBag from /home/airflow/.local/lib/python3.12/site-packages/airflow/example_dags/example_branch_python_dop_operator_3.py
[2025-02-26T01:39:33.880+0000] {processor.py:840} INFO - DAG(s) 'example_branch_dop_operator_v3' retrieved from /home/airflow/.local/lib/python3.12/site-packages/airflow/example_dags/example_branch_python_dop_operator_3.py
[2025-02-26T01:39:33.911+0000] {logging_mixin.py:188} INFO - [2025-02-26T01:39:33.911+0000] {dag.py:3096} INFO - Sync 1 DAGs
[2025-02-26T01:39:33.938+0000] {logging_mixin.py:188} INFO - [2025-02-26T01:39:33.938+0000] {dag.py:3954} INFO - Setting next_dagrun for example_branch_dop_operator_v3 to 2025-02-26 01:38:00+00:00, run_after=2025-02-26 01:39:00+00:00
[2025-02-26T01:39:33.961+0000] {processor.py:183} INFO - Processing /home/airflow/.local/lib/python3.12/site-packages/airflow/example_dags/example_branch_python_dop_operator_3.py took 0.104 seconds
[2025-02-26T01:40:04.143+0000] {processor.py:161} INFO - Started process (PID=2508) to work on /home/airflow/.local/lib/python3.12/site-packages/airflow/example_dags/example_branch_python_dop_operator_3.py
[2025-02-26T01:40:04.158+0000] {processor.py:830} INFO - Processing file /home/airflow/.local/lib/python3.12/site-packages/airflow/example_dags/example_branch_python_dop_operator_3.py for tasks to queue
[2025-02-26T01:40:04.161+0000] {logging_mixin.py:188} INFO - [2025-02-26T01:40:04.161+0000] {dagbag.py:540} INFO - Filling up the DagBag from /home/airflow/.local/lib/python3.12/site-packages/airflow/example_dags/example_branch_python_dop_operator_3.py
[2025-02-26T01:40:04.180+0000] {processor.py:840} INFO - DAG(s) 'example_branch_dop_operator_v3' retrieved from /home/airflow/.local/lib/python3.12/site-packages/airflow/example_dags/example_branch_python_dop_operator_3.py
[2025-02-26T01:40:04.218+0000] {logging_mixin.py:188} INFO - [2025-02-26T01:40:04.218+0000] {dag.py:3096} INFO - Sync 1 DAGs
[2025-02-26T01:40:04.257+0000] {logging_mixin.py:188} INFO - [2025-02-26T01:40:04.256+0000] {dag.py:3954} INFO - Setting next_dagrun for example_branch_dop_operator_v3 to 2025-02-26 01:39:00+00:00, run_after=2025-02-26 01:40:00+00:00
[2025-02-26T01:40:04.279+0000] {processor.py:183} INFO - Processing /home/airflow/.local/lib/python3.12/site-packages/airflow/example_dags/example_branch_python_dop_operator_3.py took 0.149 seconds
[2025-02-26T01:40:40.049+0000] {processor.py:161} INFO - Started process (PID=2569) to work on /home/airflow/.local/lib/python3.12/site-packages/airflow/example_dags/example_branch_python_dop_operator_3.py
[2025-02-26T01:40:40.050+0000] {processor.py:830} INFO - Processing file /home/airflow/.local/lib/python3.12/site-packages/airflow/example_dags/example_branch_python_dop_operator_3.py for tasks to queue
[2025-02-26T01:40:40.052+0000] {logging_mixin.py:188} INFO - [2025-02-26T01:40:40.051+0000] {dagbag.py:540} INFO - Filling up the DagBag from /home/airflow/.local/lib/python3.12/site-packages/airflow/example_dags/example_branch_python_dop_operator_3.py
[2025-02-26T01:40:40.062+0000] {processor.py:840} INFO - DAG(s) 'example_branch_dop_operator_v3' retrieved from /home/airflow/.local/lib/python3.12/site-packages/airflow/example_dags/example_branch_python_dop_operator_3.py
[2025-02-26T01:40:40.084+0000] {logging_mixin.py:188} INFO - [2025-02-26T01:40:40.083+0000] {dag.py:3096} INFO - Sync 1 DAGs
[2025-02-26T01:40:40.113+0000] {logging_mixin.py:188} INFO - [2025-02-26T01:40:40.112+0000] {dag.py:3954} INFO - Setting next_dagrun for example_branch_dop_operator_v3 to 2025-02-26 01:39:00+00:00, run_after=2025-02-26 01:40:00+00:00
[2025-02-26T01:40:40.161+0000] {processor.py:183} INFO - Processing /home/airflow/.local/lib/python3.12/site-packages/airflow/example_dags/example_branch_python_dop_operator_3.py took 0.119 seconds
[2025-02-26T01:41:10.385+0000] {processor.py:161} INFO - Started process (PID=2635) to work on /home/airflow/.local/lib/python3.12/site-packages/airflow/example_dags/example_branch_python_dop_operator_3.py
[2025-02-26T01:41:10.386+0000] {processor.py:830} INFO - Processing file /home/airflow/.local/lib/python3.12/site-packages/airflow/example_dags/example_branch_python_dop_operator_3.py for tasks to queue
[2025-02-26T01:41:10.388+0000] {logging_mixin.py:188} INFO - [2025-02-26T01:41:10.388+0000] {dagbag.py:540} INFO - Filling up the DagBag from /home/airflow/.local/lib/python3.12/site-packages/airflow/example_dags/example_branch_python_dop_operator_3.py
[2025-02-26T01:41:10.399+0000] {processor.py:840} INFO - DAG(s) 'example_branch_dop_operator_v3' retrieved from /home/airflow/.local/lib/python3.12/site-packages/airflow/example_dags/example_branch_python_dop_operator_3.py
[2025-02-26T01:41:10.422+0000] {logging_mixin.py:188} INFO - [2025-02-26T01:41:10.422+0000] {dag.py:3096} INFO - Sync 1 DAGs
[2025-02-26T01:41:10.457+0000] {logging_mixin.py:188} INFO - [2025-02-26T01:41:10.457+0000] {dag.py:3954} INFO - Setting next_dagrun for example_branch_dop_operator_v3 to 2025-02-26 01:40:00+00:00, run_after=2025-02-26 01:41:00+00:00
[2025-02-26T01:41:10.491+0000] {processor.py:183} INFO - Processing /home/airflow/.local/lib/python3.12/site-packages/airflow/example_dags/example_branch_python_dop_operator_3.py took 0.114 seconds
[2025-02-26T01:41:40.937+0000] {processor.py:161} INFO - Started process (PID=2695) to work on /home/airflow/.local/lib/python3.12/site-packages/airflow/example_dags/example_branch_python_dop_operator_3.py
[2025-02-26T01:41:40.939+0000] {processor.py:830} INFO - Processing file /home/airflow/.local/lib/python3.12/site-packages/airflow/example_dags/example_branch_python_dop_operator_3.py for tasks to queue
[2025-02-26T01:41:40.942+0000] {logging_mixin.py:188} INFO - [2025-02-26T01:41:40.941+0000] {dagbag.py:540} INFO - Filling up the DagBag from /home/airflow/.local/lib/python3.12/site-packages/airflow/example_dags/example_branch_python_dop_operator_3.py
[2025-02-26T01:41:40.952+0000] {processor.py:840} INFO - DAG(s) 'example_branch_dop_operator_v3' retrieved from /home/airflow/.local/lib/python3.12/site-packages/airflow/example_dags/example_branch_python_dop_operator_3.py
[2025-02-26T01:41:40.980+0000] {logging_mixin.py:188} INFO - [2025-02-26T01:41:40.980+0000] {dag.py:3096} INFO - Sync 1 DAGs
[2025-02-26T01:41:41.020+0000] {logging_mixin.py:188} INFO - [2025-02-26T01:41:41.020+0000] {dag.py:3954} INFO - Setting next_dagrun for example_branch_dop_operator_v3 to 2025-02-26 01:40:00+00:00, run_after=2025-02-26 01:41:00+00:00
[2025-02-26T01:41:41.090+0000] {processor.py:183} INFO - Processing /home/airflow/.local/lib/python3.12/site-packages/airflow/example_dags/example_branch_python_dop_operator_3.py took 0.162 seconds
[2025-02-26T01:42:11.150+0000] {processor.py:161} INFO - Started process (PID=2755) to work on /home/airflow/.local/lib/python3.12/site-packages/airflow/example_dags/example_branch_python_dop_operator_3.py
[2025-02-26T01:42:11.152+0000] {processor.py:830} INFO - Processing file /home/airflow/.local/lib/python3.12/site-packages/airflow/example_dags/example_branch_python_dop_operator_3.py for tasks to queue
[2025-02-26T01:42:11.154+0000] {logging_mixin.py:188} INFO - [2025-02-26T01:42:11.154+0000] {dagbag.py:540} INFO - Filling up the DagBag from /home/airflow/.local/lib/python3.12/site-packages/airflow/example_dags/example_branch_python_dop_operator_3.py
[2025-02-26T01:42:11.164+0000] {processor.py:840} INFO - DAG(s) 'example_branch_dop_operator_v3' retrieved from /home/airflow/.local/lib/python3.12/site-packages/airflow/example_dags/example_branch_python_dop_operator_3.py
[2025-02-26T01:42:11.186+0000] {logging_mixin.py:188} INFO - [2025-02-26T01:42:11.186+0000] {dag.py:3096} INFO - Sync 1 DAGs
[2025-02-26T01:42:11.212+0000] {logging_mixin.py:188} INFO - [2025-02-26T01:42:11.212+0000] {dag.py:3954} INFO - Setting next_dagrun for example_branch_dop_operator_v3 to 2025-02-26 01:41:00+00:00, run_after=2025-02-26 01:42:00+00:00
[2025-02-26T01:42:11.235+0000] {processor.py:183} INFO - Processing /home/airflow/.local/lib/python3.12/site-packages/airflow/example_dags/example_branch_python_dop_operator_3.py took 0.092 seconds
[2025-02-26T01:42:42.462+0000] {processor.py:161} INFO - Started process (PID=2815) to work on /home/airflow/.local/lib/python3.12/site-packages/airflow/example_dags/example_branch_python_dop_operator_3.py
[2025-02-26T01:42:42.463+0000] {processor.py:830} INFO - Processing file /home/airflow/.local/lib/python3.12/site-packages/airflow/example_dags/example_branch_python_dop_operator_3.py for tasks to queue
[2025-02-26T01:42:42.466+0000] {logging_mixin.py:188} INFO - [2025-02-26T01:42:42.465+0000] {dagbag.py:540} INFO - Filling up the DagBag from /home/airflow/.local/lib/python3.12/site-packages/airflow/example_dags/example_branch_python_dop_operator_3.py
[2025-02-26T01:42:42.480+0000] {processor.py:840} INFO - DAG(s) 'example_branch_dop_operator_v3' retrieved from /home/airflow/.local/lib/python3.12/site-packages/airflow/example_dags/example_branch_python_dop_operator_3.py
[2025-02-26T01:42:42.510+0000] {logging_mixin.py:188} INFO - [2025-02-26T01:42:42.510+0000] {dag.py:3096} INFO - Sync 1 DAGs
[2025-02-26T01:42:42.553+0000] {logging_mixin.py:188} INFO - [2025-02-26T01:42:42.552+0000] {dag.py:3954} INFO - Setting next_dagrun for example_branch_dop_operator_v3 to 2025-02-26 01:41:00+00:00, run_after=2025-02-26 01:42:00+00:00
[2025-02-26T01:42:42.582+0000] {processor.py:183} INFO - Processing /home/airflow/.local/lib/python3.12/site-packages/airflow/example_dags/example_branch_python_dop_operator_3.py took 0.128 seconds
[2025-02-26T01:43:13.069+0000] {processor.py:161} INFO - Started process (PID=2875) to work on /home/airflow/.local/lib/python3.12/site-packages/airflow/example_dags/example_branch_python_dop_operator_3.py
[2025-02-26T01:43:13.070+0000] {processor.py:830} INFO - Processing file /home/airflow/.local/lib/python3.12/site-packages/airflow/example_dags/example_branch_python_dop_operator_3.py for tasks to queue
[2025-02-26T01:43:13.073+0000] {logging_mixin.py:188} INFO - [2025-02-26T01:43:13.073+0000] {dagbag.py:540} INFO - Filling up the DagBag from /home/airflow/.local/lib/python3.12/site-packages/airflow/example_dags/example_branch_python_dop_operator_3.py
[2025-02-26T01:43:13.087+0000] {processor.py:840} INFO - DAG(s) 'example_branch_dop_operator_v3' retrieved from /home/airflow/.local/lib/python3.12/site-packages/airflow/example_dags/example_branch_python_dop_operator_3.py
[2025-02-26T01:43:13.113+0000] {logging_mixin.py:188} INFO - [2025-02-26T01:43:13.112+0000] {dag.py:3096} INFO - Sync 1 DAGs
[2025-02-26T01:43:13.153+0000] {logging_mixin.py:188} INFO - [2025-02-26T01:43:13.153+0000] {dag.py:3954} INFO - Setting next_dagrun for example_branch_dop_operator_v3 to 2025-02-26 01:42:00+00:00, run_after=2025-02-26 01:43:00+00:00
[2025-02-26T01:43:13.178+0000] {processor.py:183} INFO - Processing /home/airflow/.local/lib/python3.12/site-packages/airflow/example_dags/example_branch_python_dop_operator_3.py took 0.117 seconds
[2025-02-26T01:43:43.490+0000] {processor.py:161} INFO - Started process (PID=2935) to work on /home/airflow/.local/lib/python3.12/site-packages/airflow/example_dags/example_branch_python_dop_operator_3.py
[2025-02-26T01:43:43.491+0000] {processor.py:830} INFO - Processing file /home/airflow/.local/lib/python3.12/site-packages/airflow/example_dags/example_branch_python_dop_operator_3.py for tasks to queue
[2025-02-26T01:43:43.493+0000] {logging_mixin.py:188} INFO - [2025-02-26T01:43:43.493+0000] {dagbag.py:540} INFO - Filling up the DagBag from /home/airflow/.local/lib/python3.12/site-packages/airflow/example_dags/example_branch_python_dop_operator_3.py
[2025-02-26T01:43:43.503+0000] {processor.py:840} INFO - DAG(s) 'example_branch_dop_operator_v3' retrieved from /home/airflow/.local/lib/python3.12/site-packages/airflow/example_dags/example_branch_python_dop_operator_3.py
[2025-02-26T01:43:43.524+0000] {logging_mixin.py:188} INFO - [2025-02-26T01:43:43.523+0000] {dag.py:3096} INFO - Sync 1 DAGs
[2025-02-26T01:43:43.551+0000] {logging_mixin.py:188} INFO - [2025-02-26T01:43:43.551+0000] {dag.py:3954} INFO - Setting next_dagrun for example_branch_dop_operator_v3 to 2025-02-26 01:42:00+00:00, run_after=2025-02-26 01:43:00+00:00
[2025-02-26T01:43:43.574+0000] {processor.py:183} INFO - Processing /home/airflow/.local/lib/python3.12/site-packages/airflow/example_dags/example_branch_python_dop_operator_3.py took 0.091 seconds
[2025-02-26T01:44:13.672+0000] {processor.py:161} INFO - Started process (PID=2994) to work on /home/airflow/.local/lib/python3.12/site-packages/airflow/example_dags/example_branch_python_dop_operator_3.py
[2025-02-26T01:44:13.673+0000] {processor.py:830} INFO - Processing file /home/airflow/.local/lib/python3.12/site-packages/airflow/example_dags/example_branch_python_dop_operator_3.py for tasks to queue
[2025-02-26T01:44:13.675+0000] {logging_mixin.py:188} INFO - [2025-02-26T01:44:13.674+0000] {dagbag.py:540} INFO - Filling up the DagBag from /home/airflow/.local/lib/python3.12/site-packages/airflow/example_dags/example_branch_python_dop_operator_3.py
[2025-02-26T01:44:13.687+0000] {processor.py:840} INFO - DAG(s) 'example_branch_dop_operator_v3' retrieved from /home/airflow/.local/lib/python3.12/site-packages/airflow/example_dags/example_branch_python_dop_operator_3.py
[2025-02-26T01:44:13.711+0000] {logging_mixin.py:188} INFO - [2025-02-26T01:44:13.710+0000] {dag.py:3096} INFO - Sync 1 DAGs
[2025-02-26T01:44:13.738+0000] {logging_mixin.py:188} INFO - [2025-02-26T01:44:13.737+0000] {dag.py:3954} INFO - Setting next_dagrun for example_branch_dop_operator_v3 to 2025-02-26 01:43:00+00:00, run_after=2025-02-26 01:44:00+00:00
[2025-02-26T01:44:13.760+0000] {processor.py:183} INFO - Processing /home/airflow/.local/lib/python3.12/site-packages/airflow/example_dags/example_branch_python_dop_operator_3.py took 0.096 seconds
[2025-02-26T01:44:44.221+0000] {processor.py:161} INFO - Started process (PID=3053) to work on /home/airflow/.local/lib/python3.12/site-packages/airflow/example_dags/example_branch_python_dop_operator_3.py
[2025-02-26T01:44:44.222+0000] {processor.py:830} INFO - Processing file /home/airflow/.local/lib/python3.12/site-packages/airflow/example_dags/example_branch_python_dop_operator_3.py for tasks to queue
[2025-02-26T01:44:44.225+0000] {logging_mixin.py:188} INFO - [2025-02-26T01:44:44.224+0000] {dagbag.py:540} INFO - Filling up the DagBag from /home/airflow/.local/lib/python3.12/site-packages/airflow/example_dags/example_branch_python_dop_operator_3.py
[2025-02-26T01:44:44.236+0000] {processor.py:840} INFO - DAG(s) 'example_branch_dop_operator_v3' retrieved from /home/airflow/.local/lib/python3.12/site-packages/airflow/example_dags/example_branch_python_dop_operator_3.py
[2025-02-26T01:44:44.258+0000] {logging_mixin.py:188} INFO - [2025-02-26T01:44:44.257+0000] {dag.py:3096} INFO - Sync 1 DAGs
[2025-02-26T01:44:44.286+0000] {logging_mixin.py:188} INFO - [2025-02-26T01:44:44.286+0000] {dag.py:3954} INFO - Setting next_dagrun for example_branch_dop_operator_v3 to 2025-02-26 01:43:00+00:00, run_after=2025-02-26 01:44:00+00:00
[2025-02-26T01:44:44.307+0000] {processor.py:183} INFO - Processing /home/airflow/.local/lib/python3.12/site-packages/airflow/example_dags/example_branch_python_dop_operator_3.py took 0.093 seconds
[2025-02-26T01:45:14.676+0000] {processor.py:161} INFO - Started process (PID=3113) to work on /home/airflow/.local/lib/python3.12/site-packages/airflow/example_dags/example_branch_python_dop_operator_3.py
[2025-02-26T01:45:14.677+0000] {processor.py:830} INFO - Processing file /home/airflow/.local/lib/python3.12/site-packages/airflow/example_dags/example_branch_python_dop_operator_3.py for tasks to queue
[2025-02-26T01:45:14.679+0000] {logging_mixin.py:188} INFO - [2025-02-26T01:45:14.679+0000] {dagbag.py:540} INFO - Filling up the DagBag from /home/airflow/.local/lib/python3.12/site-packages/airflow/example_dags/example_branch_python_dop_operator_3.py
[2025-02-26T01:45:14.689+0000] {processor.py:840} INFO - DAG(s) 'example_branch_dop_operator_v3' retrieved from /home/airflow/.local/lib/python3.12/site-packages/airflow/example_dags/example_branch_python_dop_operator_3.py
[2025-02-26T01:45:14.713+0000] {logging_mixin.py:188} INFO - [2025-02-26T01:45:14.712+0000] {dag.py:3096} INFO - Sync 1 DAGs
[2025-02-26T01:45:14.744+0000] {logging_mixin.py:188} INFO - [2025-02-26T01:45:14.744+0000] {dag.py:3954} INFO - Setting next_dagrun for example_branch_dop_operator_v3 to 2025-02-26 01:44:00+00:00, run_after=2025-02-26 01:45:00+00:00
[2025-02-26T01:45:14.769+0000] {processor.py:183} INFO - Processing /home/airflow/.local/lib/python3.12/site-packages/airflow/example_dags/example_branch_python_dop_operator_3.py took 0.100 seconds
[2025-02-26T01:45:45.049+0000] {processor.py:161} INFO - Started process (PID=3173) to work on /home/airflow/.local/lib/python3.12/site-packages/airflow/example_dags/example_branch_python_dop_operator_3.py
[2025-02-26T01:45:45.050+0000] {processor.py:830} INFO - Processing file /home/airflow/.local/lib/python3.12/site-packages/airflow/example_dags/example_branch_python_dop_operator_3.py for tasks to queue
[2025-02-26T01:45:45.052+0000] {logging_mixin.py:188} INFO - [2025-02-26T01:45:45.052+0000] {dagbag.py:540} INFO - Filling up the DagBag from /home/airflow/.local/lib/python3.12/site-packages/airflow/example_dags/example_branch_python_dop_operator_3.py
[2025-02-26T01:45:45.062+0000] {processor.py:840} INFO - DAG(s) 'example_branch_dop_operator_v3' retrieved from /home/airflow/.local/lib/python3.12/site-packages/airflow/example_dags/example_branch_python_dop_operator_3.py
[2025-02-26T01:45:45.084+0000] {logging_mixin.py:188} INFO - [2025-02-26T01:45:45.083+0000] {dag.py:3096} INFO - Sync 1 DAGs
[2025-02-26T01:45:45.115+0000] {logging_mixin.py:188} INFO - [2025-02-26T01:45:45.115+0000] {dag.py:3954} INFO - Setting next_dagrun for example_branch_dop_operator_v3 to 2025-02-26 01:44:00+00:00, run_after=2025-02-26 01:45:00+00:00
[2025-02-26T01:45:45.137+0000] {processor.py:183} INFO - Processing /home/airflow/.local/lib/python3.12/site-packages/airflow/example_dags/example_branch_python_dop_operator_3.py took 0.094 seconds
[2025-02-26T01:46:16.371+0000] {processor.py:161} INFO - Started process (PID=3234) to work on /home/airflow/.local/lib/python3.12/site-packages/airflow/example_dags/example_branch_python_dop_operator_3.py
[2025-02-26T01:46:16.373+0000] {processor.py:830} INFO - Processing file /home/airflow/.local/lib/python3.12/site-packages/airflow/example_dags/example_branch_python_dop_operator_3.py for tasks to queue
[2025-02-26T01:46:16.375+0000] {logging_mixin.py:188} INFO - [2025-02-26T01:46:16.374+0000] {dagbag.py:540} INFO - Filling up the DagBag from /home/airflow/.local/lib/python3.12/site-packages/airflow/example_dags/example_branch_python_dop_operator_3.py
[2025-02-26T01:46:16.384+0000] {processor.py:840} INFO - DAG(s) 'example_branch_dop_operator_v3' retrieved from /home/airflow/.local/lib/python3.12/site-packages/airflow/example_dags/example_branch_python_dop_operator_3.py
[2025-02-26T01:46:16.405+0000] {logging_mixin.py:188} INFO - [2025-02-26T01:46:16.405+0000] {dag.py:3096} INFO - Sync 1 DAGs
[2025-02-26T01:46:16.432+0000] {logging_mixin.py:188} INFO - [2025-02-26T01:46:16.432+0000] {dag.py:3954} INFO - Setting next_dagrun for example_branch_dop_operator_v3 to 2025-02-26 01:45:00+00:00, run_after=2025-02-26 01:46:00+00:00
[2025-02-26T01:46:16.453+0000] {processor.py:183} INFO - Processing /home/airflow/.local/lib/python3.12/site-packages/airflow/example_dags/example_branch_python_dop_operator_3.py took 0.088 seconds
[2025-02-26T01:46:47.347+0000] {processor.py:161} INFO - Started process (PID=3299) to work on /home/airflow/.local/lib/python3.12/site-packages/airflow/example_dags/example_branch_python_dop_operator_3.py
[2025-02-26T01:46:47.349+0000] {processor.py:830} INFO - Processing file /home/airflow/.local/lib/python3.12/site-packages/airflow/example_dags/example_branch_python_dop_operator_3.py for tasks to queue
[2025-02-26T01:46:47.351+0000] {logging_mixin.py:188} INFO - [2025-02-26T01:46:47.351+0000] {dagbag.py:540} INFO - Filling up the DagBag from /home/airflow/.local/lib/python3.12/site-packages/airflow/example_dags/example_branch_python_dop_operator_3.py
[2025-02-26T01:46:47.361+0000] {processor.py:840} INFO - DAG(s) 'example_branch_dop_operator_v3' retrieved from /home/airflow/.local/lib/python3.12/site-packages/airflow/example_dags/example_branch_python_dop_operator_3.py
[2025-02-26T01:46:47.385+0000] {logging_mixin.py:188} INFO - [2025-02-26T01:46:47.384+0000] {dag.py:3096} INFO - Sync 1 DAGs
[2025-02-26T01:46:47.431+0000] {logging_mixin.py:188} INFO - [2025-02-26T01:46:47.430+0000] {dag.py:3954} INFO - Setting next_dagrun for example_branch_dop_operator_v3 to 2025-02-26 01:45:00+00:00, run_after=2025-02-26 01:46:00+00:00
[2025-02-26T01:46:47.458+0000] {processor.py:183} INFO - Processing /home/airflow/.local/lib/python3.12/site-packages/airflow/example_dags/example_branch_python_dop_operator_3.py took 0.117 seconds
[2025-02-26T01:47:17.643+0000] {processor.py:161} INFO - Started process (PID=3356) to work on /home/airflow/.local/lib/python3.12/site-packages/airflow/example_dags/example_branch_python_dop_operator_3.py
[2025-02-26T01:47:17.644+0000] {processor.py:830} INFO - Processing file /home/airflow/.local/lib/python3.12/site-packages/airflow/example_dags/example_branch_python_dop_operator_3.py for tasks to queue
[2025-02-26T01:47:17.648+0000] {logging_mixin.py:188} INFO - [2025-02-26T01:47:17.647+0000] {dagbag.py:540} INFO - Filling up the DagBag from /home/airflow/.local/lib/python3.12/site-packages/airflow/example_dags/example_branch_python_dop_operator_3.py
[2025-02-26T01:47:17.659+0000] {processor.py:840} INFO - DAG(s) 'example_branch_dop_operator_v3' retrieved from /home/airflow/.local/lib/python3.12/site-packages/airflow/example_dags/example_branch_python_dop_operator_3.py
[2025-02-26T01:47:17.687+0000] {logging_mixin.py:188} INFO - [2025-02-26T01:47:17.686+0000] {dag.py:3096} INFO - Sync 1 DAGs
[2025-02-26T01:47:17.716+0000] {logging_mixin.py:188} INFO - [2025-02-26T01:47:17.716+0000] {dag.py:3954} INFO - Setting next_dagrun for example_branch_dop_operator_v3 to 2025-02-26 01:46:00+00:00, run_after=2025-02-26 01:47:00+00:00
[2025-02-26T01:47:17.738+0000] {processor.py:183} INFO - Processing /home/airflow/.local/lib/python3.12/site-packages/airflow/example_dags/example_branch_python_dop_operator_3.py took 0.101 seconds
[2025-02-26T01:47:48.302+0000] {processor.py:161} INFO - Started process (PID=3416) to work on /home/airflow/.local/lib/python3.12/site-packages/airflow/example_dags/example_branch_python_dop_operator_3.py
[2025-02-26T01:47:48.303+0000] {processor.py:830} INFO - Processing file /home/airflow/.local/lib/python3.12/site-packages/airflow/example_dags/example_branch_python_dop_operator_3.py for tasks to queue
[2025-02-26T01:47:48.306+0000] {logging_mixin.py:188} INFO - [2025-02-26T01:47:48.305+0000] {dagbag.py:540} INFO - Filling up the DagBag from /home/airflow/.local/lib/python3.12/site-packages/airflow/example_dags/example_branch_python_dop_operator_3.py
[2025-02-26T01:47:48.318+0000] {processor.py:840} INFO - DAG(s) 'example_branch_dop_operator_v3' retrieved from /home/airflow/.local/lib/python3.12/site-packages/airflow/example_dags/example_branch_python_dop_operator_3.py
[2025-02-26T01:47:48.340+0000] {logging_mixin.py:188} INFO - [2025-02-26T01:47:48.340+0000] {dag.py:3096} INFO - Sync 1 DAGs
[2025-02-26T01:47:48.369+0000] {logging_mixin.py:188} INFO - [2025-02-26T01:47:48.369+0000] {dag.py:3954} INFO - Setting next_dagrun for example_branch_dop_operator_v3 to 2025-02-26 01:46:00+00:00, run_after=2025-02-26 01:47:00+00:00
[2025-02-26T01:47:48.390+0000] {processor.py:183} INFO - Processing /home/airflow/.local/lib/python3.12/site-packages/airflow/example_dags/example_branch_python_dop_operator_3.py took 0.095 seconds
[2025-02-26T01:48:18.723+0000] {processor.py:161} INFO - Started process (PID=3475) to work on /home/airflow/.local/lib/python3.12/site-packages/airflow/example_dags/example_branch_python_dop_operator_3.py
[2025-02-26T01:48:18.725+0000] {processor.py:830} INFO - Processing file /home/airflow/.local/lib/python3.12/site-packages/airflow/example_dags/example_branch_python_dop_operator_3.py for tasks to queue
[2025-02-26T01:48:18.727+0000] {logging_mixin.py:188} INFO - [2025-02-26T01:48:18.726+0000] {dagbag.py:540} INFO - Filling up the DagBag from /home/airflow/.local/lib/python3.12/site-packages/airflow/example_dags/example_branch_python_dop_operator_3.py
[2025-02-26T01:48:18.736+0000] {processor.py:840} INFO - DAG(s) 'example_branch_dop_operator_v3' retrieved from /home/airflow/.local/lib/python3.12/site-packages/airflow/example_dags/example_branch_python_dop_operator_3.py
[2025-02-26T01:48:18.760+0000] {logging_mixin.py:188} INFO - [2025-02-26T01:48:18.760+0000] {dag.py:3096} INFO - Sync 1 DAGs
[2025-02-26T01:48:18.788+0000] {logging_mixin.py:188} INFO - [2025-02-26T01:48:18.788+0000] {dag.py:3954} INFO - Setting next_dagrun for example_branch_dop_operator_v3 to 2025-02-26 01:47:00+00:00, run_after=2025-02-26 01:48:00+00:00
[2025-02-26T01:48:18.810+0000] {processor.py:183} INFO - Processing /home/airflow/.local/lib/python3.12/site-packages/airflow/example_dags/example_branch_python_dop_operator_3.py took 0.094 seconds
[2025-02-26T01:48:48.932+0000] {processor.py:161} INFO - Started process (PID=3535) to work on /home/airflow/.local/lib/python3.12/site-packages/airflow/example_dags/example_branch_python_dop_operator_3.py
[2025-02-26T01:48:48.933+0000] {processor.py:830} INFO - Processing file /home/airflow/.local/lib/python3.12/site-packages/airflow/example_dags/example_branch_python_dop_operator_3.py for tasks to queue
[2025-02-26T01:48:48.936+0000] {logging_mixin.py:188} INFO - [2025-02-26T01:48:48.935+0000] {dagbag.py:540} INFO - Filling up the DagBag from /home/airflow/.local/lib/python3.12/site-packages/airflow/example_dags/example_branch_python_dop_operator_3.py
[2025-02-26T01:48:48.950+0000] {processor.py:840} INFO - DAG(s) 'example_branch_dop_operator_v3' retrieved from /home/airflow/.local/lib/python3.12/site-packages/airflow/example_dags/example_branch_python_dop_operator_3.py
[2025-02-26T01:48:48.977+0000] {logging_mixin.py:188} INFO - [2025-02-26T01:48:48.977+0000] {dag.py:3096} INFO - Sync 1 DAGs
[2025-02-26T01:48:49.010+0000] {logging_mixin.py:188} INFO - [2025-02-26T01:48:49.009+0000] {dag.py:3954} INFO - Setting next_dagrun for example_branch_dop_operator_v3 to 2025-02-26 01:47:00+00:00, run_after=2025-02-26 01:48:00+00:00
[2025-02-26T01:48:49.030+0000] {processor.py:183} INFO - Processing /home/airflow/.local/lib/python3.12/site-packages/airflow/example_dags/example_branch_python_dop_operator_3.py took 0.107 seconds
