[2025-02-26T01:14:39.126+0000] {processor.py:161} INFO - Started process (PID=112) to work on /home/airflow/.local/lib/python3.12/site-packages/airflow/example_dags/example_time_delta_sensor_async.py
[2025-02-26T01:14:39.128+0000] {processor.py:830} INFO - Processing file /home/airflow/.local/lib/python3.12/site-packages/airflow/example_dags/example_time_delta_sensor_async.py for tasks to queue
[2025-02-26T01:14:39.131+0000] {logging_mixin.py:188} INFO - [2025-02-26T01:14:39.131+0000] {dagbag.py:540} INFO - Filling up the DagBag from /home/airflow/.local/lib/python3.12/site-packages/airflow/example_dags/example_time_delta_sensor_async.py
[2025-02-26T01:14:39.145+0000] {processor.py:840} INFO - DAG(s) 'example_time_delta_sensor_async' retrieved from /home/airflow/.local/lib/python3.12/site-packages/airflow/example_dags/example_time_delta_sensor_async.py
[2025-02-26T01:14:39.189+0000] {logging_mixin.py:188} INFO - [2025-02-26T01:14:39.189+0000] {dag.py:3096} INFO - Sync 1 DAGs
[2025-02-26T01:14:39.262+0000] {logging_mixin.py:188} INFO - [2025-02-26T01:14:39.261+0000] {dag.py:3954} INFO - Setting next_dagrun for example_time_delta_sensor_async to None, run_after=None
[2025-02-26T01:14:39.387+0000] {processor.py:183} INFO - Processing /home/airflow/.local/lib/python3.12/site-packages/airflow/example_dags/example_time_delta_sensor_async.py took 0.276 seconds
[2025-02-26T01:19:14.815+0000] {processor.py:161} INFO - Started process (PID=95) to work on /home/airflow/.local/lib/python3.12/site-packages/airflow/example_dags/example_time_delta_sensor_async.py
[2025-02-26T01:19:14.823+0000] {processor.py:830} INFO - Processing file /home/airflow/.local/lib/python3.12/site-packages/airflow/example_dags/example_time_delta_sensor_async.py for tasks to queue
[2025-02-26T01:19:14.825+0000] {logging_mixin.py:188} INFO - [2025-02-26T01:19:14.825+0000] {dagbag.py:540} INFO - Filling up the DagBag from /home/airflow/.local/lib/python3.12/site-packages/airflow/example_dags/example_time_delta_sensor_async.py
[2025-02-26T01:19:14.832+0000] {processor.py:840} INFO - DAG(s) 'example_time_delta_sensor_async' retrieved from /home/airflow/.local/lib/python3.12/site-packages/airflow/example_dags/example_time_delta_sensor_async.py
[2025-02-26T01:19:14.862+0000] {logging_mixin.py:188} INFO - [2025-02-26T01:19:14.862+0000] {dag.py:3096} INFO - Sync 1 DAGs
[2025-02-26T01:19:14.885+0000] {logging_mixin.py:188} INFO - [2025-02-26T01:19:14.885+0000] {dag.py:3954} INFO - Setting next_dagrun for example_time_delta_sensor_async to None, run_after=None
[2025-02-26T01:19:14.913+0000] {processor.py:183} INFO - Processing /home/airflow/.local/lib/python3.12/site-packages/airflow/example_dags/example_time_delta_sensor_async.py took 0.106 seconds
[2025-02-26T01:19:44.982+0000] {processor.py:161} INFO - Started process (PID=155) to work on /home/airflow/.local/lib/python3.12/site-packages/airflow/example_dags/example_time_delta_sensor_async.py
[2025-02-26T01:19:44.984+0000] {processor.py:830} INFO - Processing file /home/airflow/.local/lib/python3.12/site-packages/airflow/example_dags/example_time_delta_sensor_async.py for tasks to queue
[2025-02-26T01:19:44.986+0000] {logging_mixin.py:188} INFO - [2025-02-26T01:19:44.986+0000] {dagbag.py:540} INFO - Filling up the DagBag from /home/airflow/.local/lib/python3.12/site-packages/airflow/example_dags/example_time_delta_sensor_async.py
[2025-02-26T01:19:44.991+0000] {processor.py:840} INFO - DAG(s) 'example_time_delta_sensor_async' retrieved from /home/airflow/.local/lib/python3.12/site-packages/airflow/example_dags/example_time_delta_sensor_async.py
[2025-02-26T01:19:45.013+0000] {logging_mixin.py:188} INFO - [2025-02-26T01:19:45.013+0000] {dag.py:3096} INFO - Sync 1 DAGs
[2025-02-26T01:19:45.028+0000] {logging_mixin.py:188} INFO - [2025-02-26T01:19:45.027+0000] {dag.py:3954} INFO - Setting next_dagrun for example_time_delta_sensor_async to None, run_after=None
[2025-02-26T01:19:45.049+0000] {processor.py:183} INFO - Processing /home/airflow/.local/lib/python3.12/site-packages/airflow/example_dags/example_time_delta_sensor_async.py took 0.072 seconds
[2025-02-26T01:20:15.217+0000] {processor.py:161} INFO - Started process (PID=215) to work on /home/airflow/.local/lib/python3.12/site-packages/airflow/example_dags/example_time_delta_sensor_async.py
[2025-02-26T01:20:15.219+0000] {processor.py:830} INFO - Processing file /home/airflow/.local/lib/python3.12/site-packages/airflow/example_dags/example_time_delta_sensor_async.py for tasks to queue
[2025-02-26T01:20:15.221+0000] {logging_mixin.py:188} INFO - [2025-02-26T01:20:15.221+0000] {dagbag.py:540} INFO - Filling up the DagBag from /home/airflow/.local/lib/python3.12/site-packages/airflow/example_dags/example_time_delta_sensor_async.py
[2025-02-26T01:20:15.226+0000] {processor.py:840} INFO - DAG(s) 'example_time_delta_sensor_async' retrieved from /home/airflow/.local/lib/python3.12/site-packages/airflow/example_dags/example_time_delta_sensor_async.py
[2025-02-26T01:20:15.248+0000] {logging_mixin.py:188} INFO - [2025-02-26T01:20:15.247+0000] {dag.py:3096} INFO - Sync 1 DAGs
[2025-02-26T01:20:15.262+0000] {logging_mixin.py:188} INFO - [2025-02-26T01:20:15.261+0000] {dag.py:3954} INFO - Setting next_dagrun for example_time_delta_sensor_async to None, run_after=None
[2025-02-26T01:20:15.283+0000] {processor.py:183} INFO - Processing /home/airflow/.local/lib/python3.12/site-packages/airflow/example_dags/example_time_delta_sensor_async.py took 0.071 seconds
[2025-02-26T01:20:47.854+0000] {processor.py:161} INFO - Started process (PID=275) to work on /home/airflow/.local/lib/python3.12/site-packages/airflow/example_dags/example_time_delta_sensor_async.py
[2025-02-26T01:20:47.856+0000] {processor.py:830} INFO - Processing file /home/airflow/.local/lib/python3.12/site-packages/airflow/example_dags/example_time_delta_sensor_async.py for tasks to queue
[2025-02-26T01:20:47.860+0000] {logging_mixin.py:188} INFO - [2025-02-26T01:20:47.859+0000] {dagbag.py:540} INFO - Filling up the DagBag from /home/airflow/.local/lib/python3.12/site-packages/airflow/example_dags/example_time_delta_sensor_async.py
[2025-02-26T01:20:47.872+0000] {processor.py:840} INFO - DAG(s) 'example_time_delta_sensor_async' retrieved from /home/airflow/.local/lib/python3.12/site-packages/airflow/example_dags/example_time_delta_sensor_async.py
[2025-02-26T01:20:47.923+0000] {logging_mixin.py:188} INFO - [2025-02-26T01:20:47.923+0000] {dag.py:3096} INFO - Sync 1 DAGs
[2025-02-26T01:20:47.952+0000] {logging_mixin.py:188} INFO - [2025-02-26T01:20:47.951+0000] {dag.py:3954} INFO - Setting next_dagrun for example_time_delta_sensor_async to None, run_after=None
[2025-02-26T01:20:47.995+0000] {processor.py:183} INFO - Processing /home/airflow/.local/lib/python3.12/site-packages/airflow/example_dags/example_time_delta_sensor_async.py took 0.159 seconds
[2025-02-26T01:21:23.610+0000] {processor.py:161} INFO - Started process (PID=335) to work on /home/airflow/.local/lib/python3.12/site-packages/airflow/example_dags/example_time_delta_sensor_async.py
[2025-02-26T01:21:23.612+0000] {processor.py:830} INFO - Processing file /home/airflow/.local/lib/python3.12/site-packages/airflow/example_dags/example_time_delta_sensor_async.py for tasks to queue
[2025-02-26T01:21:23.614+0000] {logging_mixin.py:188} INFO - [2025-02-26T01:21:23.614+0000] {dagbag.py:540} INFO - Filling up the DagBag from /home/airflow/.local/lib/python3.12/site-packages/airflow/example_dags/example_time_delta_sensor_async.py
[2025-02-26T01:21:23.626+0000] {processor.py:840} INFO - DAG(s) 'example_time_delta_sensor_async' retrieved from /home/airflow/.local/lib/python3.12/site-packages/airflow/example_dags/example_time_delta_sensor_async.py
[2025-02-26T01:21:23.674+0000] {logging_mixin.py:188} INFO - [2025-02-26T01:21:23.674+0000] {dag.py:3096} INFO - Sync 1 DAGs
[2025-02-26T01:21:23.703+0000] {logging_mixin.py:188} INFO - [2025-02-26T01:21:23.702+0000] {dag.py:3954} INFO - Setting next_dagrun for example_time_delta_sensor_async to None, run_after=None
[2025-02-26T01:21:23.733+0000] {processor.py:183} INFO - Processing /home/airflow/.local/lib/python3.12/site-packages/airflow/example_dags/example_time_delta_sensor_async.py took 0.130 seconds
[2025-02-26T01:21:58.782+0000] {processor.py:161} INFO - Started process (PID=399) to work on /home/airflow/.local/lib/python3.12/site-packages/airflow/example_dags/example_time_delta_sensor_async.py
[2025-02-26T01:21:58.804+0000] {processor.py:830} INFO - Processing file /home/airflow/.local/lib/python3.12/site-packages/airflow/example_dags/example_time_delta_sensor_async.py for tasks to queue
[2025-02-26T01:21:58.809+0000] {logging_mixin.py:188} INFO - [2025-02-26T01:21:58.808+0000] {dagbag.py:540} INFO - Filling up the DagBag from /home/airflow/.local/lib/python3.12/site-packages/airflow/example_dags/example_time_delta_sensor_async.py
[2025-02-26T01:21:58.819+0000] {processor.py:840} INFO - DAG(s) 'example_time_delta_sensor_async' retrieved from /home/airflow/.local/lib/python3.12/site-packages/airflow/example_dags/example_time_delta_sensor_async.py
[2025-02-26T01:21:58.887+0000] {logging_mixin.py:188} INFO - [2025-02-26T01:21:58.887+0000] {dag.py:3096} INFO - Sync 1 DAGs
[2025-02-26T01:21:58.922+0000] {logging_mixin.py:188} INFO - [2025-02-26T01:21:58.922+0000] {dag.py:3954} INFO - Setting next_dagrun for example_time_delta_sensor_async to None, run_after=None
[2025-02-26T01:21:58.988+0000] {processor.py:183} INFO - Processing /home/airflow/.local/lib/python3.12/site-packages/airflow/example_dags/example_time_delta_sensor_async.py took 0.216 seconds
[2025-02-26T01:22:29.358+0000] {processor.py:161} INFO - Started process (PID=459) to work on /home/airflow/.local/lib/python3.12/site-packages/airflow/example_dags/example_time_delta_sensor_async.py
[2025-02-26T01:22:29.359+0000] {processor.py:830} INFO - Processing file /home/airflow/.local/lib/python3.12/site-packages/airflow/example_dags/example_time_delta_sensor_async.py for tasks to queue
[2025-02-26T01:22:29.362+0000] {logging_mixin.py:188} INFO - [2025-02-26T01:22:29.362+0000] {dagbag.py:540} INFO - Filling up the DagBag from /home/airflow/.local/lib/python3.12/site-packages/airflow/example_dags/example_time_delta_sensor_async.py
[2025-02-26T01:22:29.369+0000] {processor.py:840} INFO - DAG(s) 'example_time_delta_sensor_async' retrieved from /home/airflow/.local/lib/python3.12/site-packages/airflow/example_dags/example_time_delta_sensor_async.py
[2025-02-26T01:22:29.406+0000] {logging_mixin.py:188} INFO - [2025-02-26T01:22:29.405+0000] {dag.py:3096} INFO - Sync 1 DAGs
[2025-02-26T01:22:29.428+0000] {logging_mixin.py:188} INFO - [2025-02-26T01:22:29.427+0000] {dag.py:3954} INFO - Setting next_dagrun for example_time_delta_sensor_async to None, run_after=None
[2025-02-26T01:22:29.453+0000] {processor.py:183} INFO - Processing /home/airflow/.local/lib/python3.12/site-packages/airflow/example_dags/example_time_delta_sensor_async.py took 0.116 seconds
[2025-02-26T01:22:59.820+0000] {processor.py:161} INFO - Started process (PID=519) to work on /home/airflow/.local/lib/python3.12/site-packages/airflow/example_dags/example_time_delta_sensor_async.py
[2025-02-26T01:22:59.822+0000] {processor.py:830} INFO - Processing file /home/airflow/.local/lib/python3.12/site-packages/airflow/example_dags/example_time_delta_sensor_async.py for tasks to queue
[2025-02-26T01:22:59.824+0000] {logging_mixin.py:188} INFO - [2025-02-26T01:22:59.823+0000] {dagbag.py:540} INFO - Filling up the DagBag from /home/airflow/.local/lib/python3.12/site-packages/airflow/example_dags/example_time_delta_sensor_async.py
[2025-02-26T01:22:59.829+0000] {processor.py:840} INFO - DAG(s) 'example_time_delta_sensor_async' retrieved from /home/airflow/.local/lib/python3.12/site-packages/airflow/example_dags/example_time_delta_sensor_async.py
[2025-02-26T01:22:59.851+0000] {logging_mixin.py:188} INFO - [2025-02-26T01:22:59.851+0000] {dag.py:3096} INFO - Sync 1 DAGs
[2025-02-26T01:22:59.865+0000] {logging_mixin.py:188} INFO - [2025-02-26T01:22:59.864+0000] {dag.py:3954} INFO - Setting next_dagrun for example_time_delta_sensor_async to None, run_after=None
[2025-02-26T01:22:59.885+0000] {processor.py:183} INFO - Processing /home/airflow/.local/lib/python3.12/site-packages/airflow/example_dags/example_time_delta_sensor_async.py took 0.073 seconds
[2025-02-26T01:23:29.981+0000] {processor.py:161} INFO - Started process (PID=579) to work on /home/airflow/.local/lib/python3.12/site-packages/airflow/example_dags/example_time_delta_sensor_async.py
[2025-02-26T01:23:29.983+0000] {processor.py:830} INFO - Processing file /home/airflow/.local/lib/python3.12/site-packages/airflow/example_dags/example_time_delta_sensor_async.py for tasks to queue
[2025-02-26T01:23:29.985+0000] {logging_mixin.py:188} INFO - [2025-02-26T01:23:29.985+0000] {dagbag.py:540} INFO - Filling up the DagBag from /home/airflow/.local/lib/python3.12/site-packages/airflow/example_dags/example_time_delta_sensor_async.py
[2025-02-26T01:23:29.990+0000] {processor.py:840} INFO - DAG(s) 'example_time_delta_sensor_async' retrieved from /home/airflow/.local/lib/python3.12/site-packages/airflow/example_dags/example_time_delta_sensor_async.py
[2025-02-26T01:23:30.012+0000] {logging_mixin.py:188} INFO - [2025-02-26T01:23:30.012+0000] {dag.py:3096} INFO - Sync 1 DAGs
[2025-02-26T01:23:30.026+0000] {logging_mixin.py:188} INFO - [2025-02-26T01:23:30.026+0000] {dag.py:3954} INFO - Setting next_dagrun for example_time_delta_sensor_async to None, run_after=None
[2025-02-26T01:23:30.049+0000] {processor.py:183} INFO - Processing /home/airflow/.local/lib/python3.12/site-packages/airflow/example_dags/example_time_delta_sensor_async.py took 0.074 seconds
[2025-02-26T01:24:00.584+0000] {processor.py:161} INFO - Started process (PID=639) to work on /home/airflow/.local/lib/python3.12/site-packages/airflow/example_dags/example_time_delta_sensor_async.py
[2025-02-26T01:24:00.585+0000] {processor.py:830} INFO - Processing file /home/airflow/.local/lib/python3.12/site-packages/airflow/example_dags/example_time_delta_sensor_async.py for tasks to queue
[2025-02-26T01:24:00.587+0000] {logging_mixin.py:188} INFO - [2025-02-26T01:24:00.587+0000] {dagbag.py:540} INFO - Filling up the DagBag from /home/airflow/.local/lib/python3.12/site-packages/airflow/example_dags/example_time_delta_sensor_async.py
[2025-02-26T01:24:00.592+0000] {processor.py:840} INFO - DAG(s) 'example_time_delta_sensor_async' retrieved from /home/airflow/.local/lib/python3.12/site-packages/airflow/example_dags/example_time_delta_sensor_async.py
[2025-02-26T01:24:00.614+0000] {logging_mixin.py:188} INFO - [2025-02-26T01:24:00.614+0000] {dag.py:3096} INFO - Sync 1 DAGs
[2025-02-26T01:24:00.629+0000] {logging_mixin.py:188} INFO - [2025-02-26T01:24:00.628+0000] {dag.py:3954} INFO - Setting next_dagrun for example_time_delta_sensor_async to None, run_after=None
[2025-02-26T01:24:00.653+0000] {processor.py:183} INFO - Processing /home/airflow/.local/lib/python3.12/site-packages/airflow/example_dags/example_time_delta_sensor_async.py took 0.075 seconds
[2025-02-26T01:24:31.125+0000] {processor.py:161} INFO - Started process (PID=699) to work on /home/airflow/.local/lib/python3.12/site-packages/airflow/example_dags/example_time_delta_sensor_async.py
[2025-02-26T01:24:31.127+0000] {processor.py:830} INFO - Processing file /home/airflow/.local/lib/python3.12/site-packages/airflow/example_dags/example_time_delta_sensor_async.py for tasks to queue
[2025-02-26T01:24:31.129+0000] {logging_mixin.py:188} INFO - [2025-02-26T01:24:31.129+0000] {dagbag.py:540} INFO - Filling up the DagBag from /home/airflow/.local/lib/python3.12/site-packages/airflow/example_dags/example_time_delta_sensor_async.py
[2025-02-26T01:24:31.135+0000] {processor.py:840} INFO - DAG(s) 'example_time_delta_sensor_async' retrieved from /home/airflow/.local/lib/python3.12/site-packages/airflow/example_dags/example_time_delta_sensor_async.py
[2025-02-26T01:24:31.169+0000] {logging_mixin.py:188} INFO - [2025-02-26T01:24:31.168+0000] {dag.py:3096} INFO - Sync 1 DAGs
[2025-02-26T01:24:31.191+0000] {logging_mixin.py:188} INFO - [2025-02-26T01:24:31.191+0000] {dag.py:3954} INFO - Setting next_dagrun for example_time_delta_sensor_async to None, run_after=None
[2025-02-26T01:24:31.229+0000] {processor.py:183} INFO - Processing /home/airflow/.local/lib/python3.12/site-packages/airflow/example_dags/example_time_delta_sensor_async.py took 0.111 seconds
[2025-02-26T01:25:02.930+0000] {processor.py:161} INFO - Started process (PID=759) to work on /home/airflow/.local/lib/python3.12/site-packages/airflow/example_dags/example_time_delta_sensor_async.py
[2025-02-26T01:25:02.932+0000] {processor.py:830} INFO - Processing file /home/airflow/.local/lib/python3.12/site-packages/airflow/example_dags/example_time_delta_sensor_async.py for tasks to queue
[2025-02-26T01:25:02.935+0000] {logging_mixin.py:188} INFO - [2025-02-26T01:25:02.935+0000] {dagbag.py:540} INFO - Filling up the DagBag from /home/airflow/.local/lib/python3.12/site-packages/airflow/example_dags/example_time_delta_sensor_async.py
[2025-02-26T01:25:02.945+0000] {processor.py:840} INFO - DAG(s) 'example_time_delta_sensor_async' retrieved from /home/airflow/.local/lib/python3.12/site-packages/airflow/example_dags/example_time_delta_sensor_async.py
[2025-02-26T01:25:02.976+0000] {logging_mixin.py:188} INFO - [2025-02-26T01:25:02.975+0000] {dag.py:3096} INFO - Sync 1 DAGs
[2025-02-26T01:25:02.996+0000] {logging_mixin.py:188} INFO - [2025-02-26T01:25:02.996+0000] {dag.py:3954} INFO - Setting next_dagrun for example_time_delta_sensor_async to None, run_after=None
[2025-02-26T01:25:03.036+0000] {processor.py:183} INFO - Processing /home/airflow/.local/lib/python3.12/site-packages/airflow/example_dags/example_time_delta_sensor_async.py took 0.118 seconds
[2025-02-26T01:25:33.597+0000] {processor.py:161} INFO - Started process (PID=819) to work on /home/airflow/.local/lib/python3.12/site-packages/airflow/example_dags/example_time_delta_sensor_async.py
[2025-02-26T01:25:33.599+0000] {processor.py:830} INFO - Processing file /home/airflow/.local/lib/python3.12/site-packages/airflow/example_dags/example_time_delta_sensor_async.py for tasks to queue
[2025-02-26T01:25:33.601+0000] {logging_mixin.py:188} INFO - [2025-02-26T01:25:33.601+0000] {dagbag.py:540} INFO - Filling up the DagBag from /home/airflow/.local/lib/python3.12/site-packages/airflow/example_dags/example_time_delta_sensor_async.py
[2025-02-26T01:25:33.608+0000] {processor.py:840} INFO - DAG(s) 'example_time_delta_sensor_async' retrieved from /home/airflow/.local/lib/python3.12/site-packages/airflow/example_dags/example_time_delta_sensor_async.py
[2025-02-26T01:25:33.632+0000] {logging_mixin.py:188} INFO - [2025-02-26T01:25:33.632+0000] {dag.py:3096} INFO - Sync 1 DAGs
[2025-02-26T01:25:33.648+0000] {logging_mixin.py:188} INFO - [2025-02-26T01:25:33.648+0000] {dag.py:3954} INFO - Setting next_dagrun for example_time_delta_sensor_async to None, run_after=None
[2025-02-26T01:25:33.668+0000] {processor.py:183} INFO - Processing /home/airflow/.local/lib/python3.12/site-packages/airflow/example_dags/example_time_delta_sensor_async.py took 0.077 seconds
[2025-02-26T01:26:04.405+0000] {processor.py:161} INFO - Started process (PID=879) to work on /home/airflow/.local/lib/python3.12/site-packages/airflow/example_dags/example_time_delta_sensor_async.py
[2025-02-26T01:26:04.407+0000] {processor.py:830} INFO - Processing file /home/airflow/.local/lib/python3.12/site-packages/airflow/example_dags/example_time_delta_sensor_async.py for tasks to queue
[2025-02-26T01:26:04.409+0000] {logging_mixin.py:188} INFO - [2025-02-26T01:26:04.409+0000] {dagbag.py:540} INFO - Filling up the DagBag from /home/airflow/.local/lib/python3.12/site-packages/airflow/example_dags/example_time_delta_sensor_async.py
[2025-02-26T01:26:04.416+0000] {processor.py:840} INFO - DAG(s) 'example_time_delta_sensor_async' retrieved from /home/airflow/.local/lib/python3.12/site-packages/airflow/example_dags/example_time_delta_sensor_async.py
[2025-02-26T01:26:04.437+0000] {logging_mixin.py:188} INFO - [2025-02-26T01:26:04.437+0000] {dag.py:3096} INFO - Sync 1 DAGs
[2025-02-26T01:26:04.451+0000] {logging_mixin.py:188} INFO - [2025-02-26T01:26:04.451+0000] {dag.py:3954} INFO - Setting next_dagrun for example_time_delta_sensor_async to None, run_after=None
[2025-02-26T01:26:04.474+0000] {processor.py:183} INFO - Processing /home/airflow/.local/lib/python3.12/site-packages/airflow/example_dags/example_time_delta_sensor_async.py took 0.076 seconds
[2025-02-26T01:26:37.334+0000] {processor.py:161} INFO - Started process (PID=939) to work on /home/airflow/.local/lib/python3.12/site-packages/airflow/example_dags/example_time_delta_sensor_async.py
[2025-02-26T01:26:37.335+0000] {processor.py:830} INFO - Processing file /home/airflow/.local/lib/python3.12/site-packages/airflow/example_dags/example_time_delta_sensor_async.py for tasks to queue
[2025-02-26T01:26:37.338+0000] {logging_mixin.py:188} INFO - [2025-02-26T01:26:37.337+0000] {dagbag.py:540} INFO - Filling up the DagBag from /home/airflow/.local/lib/python3.12/site-packages/airflow/example_dags/example_time_delta_sensor_async.py
[2025-02-26T01:26:37.344+0000] {processor.py:840} INFO - DAG(s) 'example_time_delta_sensor_async' retrieved from /home/airflow/.local/lib/python3.12/site-packages/airflow/example_dags/example_time_delta_sensor_async.py
[2025-02-26T01:26:37.372+0000] {logging_mixin.py:188} INFO - [2025-02-26T01:26:37.372+0000] {dag.py:3096} INFO - Sync 1 DAGs
[2025-02-26T01:26:37.393+0000] {logging_mixin.py:188} INFO - [2025-02-26T01:26:37.392+0000] {dag.py:3954} INFO - Setting next_dagrun for example_time_delta_sensor_async to None, run_after=None
[2025-02-26T01:26:37.539+0000] {processor.py:183} INFO - Processing /home/airflow/.local/lib/python3.12/site-packages/airflow/example_dags/example_time_delta_sensor_async.py took 0.213 seconds
[2025-02-26T01:27:07.633+0000] {processor.py:161} INFO - Started process (PID=999) to work on /home/airflow/.local/lib/python3.12/site-packages/airflow/example_dags/example_time_delta_sensor_async.py
[2025-02-26T01:27:07.634+0000] {processor.py:830} INFO - Processing file /home/airflow/.local/lib/python3.12/site-packages/airflow/example_dags/example_time_delta_sensor_async.py for tasks to queue
[2025-02-26T01:27:07.636+0000] {logging_mixin.py:188} INFO - [2025-02-26T01:27:07.636+0000] {dagbag.py:540} INFO - Filling up the DagBag from /home/airflow/.local/lib/python3.12/site-packages/airflow/example_dags/example_time_delta_sensor_async.py
[2025-02-26T01:27:07.641+0000] {processor.py:840} INFO - DAG(s) 'example_time_delta_sensor_async' retrieved from /home/airflow/.local/lib/python3.12/site-packages/airflow/example_dags/example_time_delta_sensor_async.py
[2025-02-26T01:27:07.664+0000] {logging_mixin.py:188} INFO - [2025-02-26T01:27:07.663+0000] {dag.py:3096} INFO - Sync 1 DAGs
[2025-02-26T01:27:07.680+0000] {logging_mixin.py:188} INFO - [2025-02-26T01:27:07.680+0000] {dag.py:3954} INFO - Setting next_dagrun for example_time_delta_sensor_async to None, run_after=None
[2025-02-26T01:27:07.710+0000] {processor.py:183} INFO - Processing /home/airflow/.local/lib/python3.12/site-packages/airflow/example_dags/example_time_delta_sensor_async.py took 0.084 seconds
[2025-02-26T01:27:50.962+0000] {processor.py:161} INFO - Started process (PID=1065) to work on /home/airflow/.local/lib/python3.12/site-packages/airflow/example_dags/example_time_delta_sensor_async.py
[2025-02-26T01:27:50.964+0000] {processor.py:830} INFO - Processing file /home/airflow/.local/lib/python3.12/site-packages/airflow/example_dags/example_time_delta_sensor_async.py for tasks to queue
[2025-02-26T01:27:50.969+0000] {logging_mixin.py:188} INFO - [2025-02-26T01:27:50.968+0000] {dagbag.py:540} INFO - Filling up the DagBag from /home/airflow/.local/lib/python3.12/site-packages/airflow/example_dags/example_time_delta_sensor_async.py
[2025-02-26T01:27:50.982+0000] {processor.py:840} INFO - DAG(s) 'example_time_delta_sensor_async' retrieved from /home/airflow/.local/lib/python3.12/site-packages/airflow/example_dags/example_time_delta_sensor_async.py
[2025-02-26T01:27:51.032+0000] {logging_mixin.py:188} INFO - [2025-02-26T01:27:51.032+0000] {dag.py:3096} INFO - Sync 1 DAGs
[2025-02-26T01:27:51.068+0000] {logging_mixin.py:188} INFO - [2025-02-26T01:27:51.067+0000] {dag.py:3954} INFO - Setting next_dagrun for example_time_delta_sensor_async to None, run_after=None
[2025-02-26T01:27:51.113+0000] {processor.py:183} INFO - Processing /home/airflow/.local/lib/python3.12/site-packages/airflow/example_dags/example_time_delta_sensor_async.py took 0.166 seconds
[2025-02-26T01:28:21.676+0000] {processor.py:161} INFO - Started process (PID=1125) to work on /home/airflow/.local/lib/python3.12/site-packages/airflow/example_dags/example_time_delta_sensor_async.py
[2025-02-26T01:28:21.678+0000] {processor.py:830} INFO - Processing file /home/airflow/.local/lib/python3.12/site-packages/airflow/example_dags/example_time_delta_sensor_async.py for tasks to queue
[2025-02-26T01:28:21.680+0000] {logging_mixin.py:188} INFO - [2025-02-26T01:28:21.679+0000] {dagbag.py:540} INFO - Filling up the DagBag from /home/airflow/.local/lib/python3.12/site-packages/airflow/example_dags/example_time_delta_sensor_async.py
[2025-02-26T01:28:21.685+0000] {processor.py:840} INFO - DAG(s) 'example_time_delta_sensor_async' retrieved from /home/airflow/.local/lib/python3.12/site-packages/airflow/example_dags/example_time_delta_sensor_async.py
[2025-02-26T01:28:21.710+0000] {logging_mixin.py:188} INFO - [2025-02-26T01:28:21.709+0000] {dag.py:3096} INFO - Sync 1 DAGs
[2025-02-26T01:28:21.727+0000] {logging_mixin.py:188} INFO - [2025-02-26T01:28:21.727+0000] {dag.py:3954} INFO - Setting next_dagrun for example_time_delta_sensor_async to None, run_after=None
[2025-02-26T01:28:21.768+0000] {processor.py:183} INFO - Processing /home/airflow/.local/lib/python3.12/site-packages/airflow/example_dags/example_time_delta_sensor_async.py took 0.097 seconds
[2025-02-26T01:28:52.184+0000] {processor.py:161} INFO - Started process (PID=1185) to work on /home/airflow/.local/lib/python3.12/site-packages/airflow/example_dags/example_time_delta_sensor_async.py
[2025-02-26T01:28:52.185+0000] {processor.py:830} INFO - Processing file /home/airflow/.local/lib/python3.12/site-packages/airflow/example_dags/example_time_delta_sensor_async.py for tasks to queue
[2025-02-26T01:28:52.188+0000] {logging_mixin.py:188} INFO - [2025-02-26T01:28:52.188+0000] {dagbag.py:540} INFO - Filling up the DagBag from /home/airflow/.local/lib/python3.12/site-packages/airflow/example_dags/example_time_delta_sensor_async.py
[2025-02-26T01:28:52.195+0000] {processor.py:840} INFO - DAG(s) 'example_time_delta_sensor_async' retrieved from /home/airflow/.local/lib/python3.12/site-packages/airflow/example_dags/example_time_delta_sensor_async.py
[2025-02-26T01:28:52.218+0000] {logging_mixin.py:188} INFO - [2025-02-26T01:28:52.218+0000] {dag.py:3096} INFO - Sync 1 DAGs
[2025-02-26T01:28:52.233+0000] {logging_mixin.py:188} INFO - [2025-02-26T01:28:52.233+0000] {dag.py:3954} INFO - Setting next_dagrun for example_time_delta_sensor_async to None, run_after=None
[2025-02-26T01:28:52.262+0000] {processor.py:183} INFO - Processing /home/airflow/.local/lib/python3.12/site-packages/airflow/example_dags/example_time_delta_sensor_async.py took 0.084 seconds
[2025-02-26T01:29:22.658+0000] {processor.py:161} INFO - Started process (PID=1245) to work on /home/airflow/.local/lib/python3.12/site-packages/airflow/example_dags/example_time_delta_sensor_async.py
[2025-02-26T01:29:22.659+0000] {processor.py:830} INFO - Processing file /home/airflow/.local/lib/python3.12/site-packages/airflow/example_dags/example_time_delta_sensor_async.py for tasks to queue
[2025-02-26T01:29:22.663+0000] {logging_mixin.py:188} INFO - [2025-02-26T01:29:22.663+0000] {dagbag.py:540} INFO - Filling up the DagBag from /home/airflow/.local/lib/python3.12/site-packages/airflow/example_dags/example_time_delta_sensor_async.py
[2025-02-26T01:29:22.671+0000] {processor.py:840} INFO - DAG(s) 'example_time_delta_sensor_async' retrieved from /home/airflow/.local/lib/python3.12/site-packages/airflow/example_dags/example_time_delta_sensor_async.py
[2025-02-26T01:29:22.699+0000] {logging_mixin.py:188} INFO - [2025-02-26T01:29:22.699+0000] {dag.py:3096} INFO - Sync 1 DAGs
[2025-02-26T01:29:22.728+0000] {logging_mixin.py:188} INFO - [2025-02-26T01:29:22.728+0000] {dag.py:3954} INFO - Setting next_dagrun for example_time_delta_sensor_async to None, run_after=None
[2025-02-26T01:29:22.764+0000] {processor.py:183} INFO - Processing /home/airflow/.local/lib/python3.12/site-packages/airflow/example_dags/example_time_delta_sensor_async.py took 0.114 seconds
[2025-02-26T01:29:53.008+0000] {processor.py:161} INFO - Started process (PID=1305) to work on /home/airflow/.local/lib/python3.12/site-packages/airflow/example_dags/example_time_delta_sensor_async.py
[2025-02-26T01:29:53.010+0000] {processor.py:830} INFO - Processing file /home/airflow/.local/lib/python3.12/site-packages/airflow/example_dags/example_time_delta_sensor_async.py for tasks to queue
[2025-02-26T01:29:53.013+0000] {logging_mixin.py:188} INFO - [2025-02-26T01:29:53.013+0000] {dagbag.py:540} INFO - Filling up the DagBag from /home/airflow/.local/lib/python3.12/site-packages/airflow/example_dags/example_time_delta_sensor_async.py
[2025-02-26T01:29:53.018+0000] {processor.py:840} INFO - DAG(s) 'example_time_delta_sensor_async' retrieved from /home/airflow/.local/lib/python3.12/site-packages/airflow/example_dags/example_time_delta_sensor_async.py
[2025-02-26T01:29:53.039+0000] {logging_mixin.py:188} INFO - [2025-02-26T01:29:53.039+0000] {dag.py:3096} INFO - Sync 1 DAGs
[2025-02-26T01:29:53.053+0000] {logging_mixin.py:188} INFO - [2025-02-26T01:29:53.053+0000] {dag.py:3954} INFO - Setting next_dagrun for example_time_delta_sensor_async to None, run_after=None
[2025-02-26T01:29:53.075+0000] {processor.py:183} INFO - Processing /home/airflow/.local/lib/python3.12/site-packages/airflow/example_dags/example_time_delta_sensor_async.py took 0.073 seconds
[2025-02-26T01:30:23.912+0000] {processor.py:161} INFO - Started process (PID=1370) to work on /home/airflow/.local/lib/python3.12/site-packages/airflow/example_dags/example_time_delta_sensor_async.py
[2025-02-26T01:30:23.913+0000] {processor.py:830} INFO - Processing file /home/airflow/.local/lib/python3.12/site-packages/airflow/example_dags/example_time_delta_sensor_async.py for tasks to queue
[2025-02-26T01:30:23.916+0000] {logging_mixin.py:188} INFO - [2025-02-26T01:30:23.916+0000] {dagbag.py:540} INFO - Filling up the DagBag from /home/airflow/.local/lib/python3.12/site-packages/airflow/example_dags/example_time_delta_sensor_async.py
[2025-02-26T01:30:23.922+0000] {processor.py:840} INFO - DAG(s) 'example_time_delta_sensor_async' retrieved from /home/airflow/.local/lib/python3.12/site-packages/airflow/example_dags/example_time_delta_sensor_async.py
[2025-02-26T01:30:23.948+0000] {logging_mixin.py:188} INFO - [2025-02-26T01:30:23.947+0000] {dag.py:3096} INFO - Sync 1 DAGs
[2025-02-26T01:30:23.966+0000] {logging_mixin.py:188} INFO - [2025-02-26T01:30:23.966+0000] {dag.py:3954} INFO - Setting next_dagrun for example_time_delta_sensor_async to None, run_after=None
[2025-02-26T01:30:23.993+0000] {processor.py:183} INFO - Processing /home/airflow/.local/lib/python3.12/site-packages/airflow/example_dags/example_time_delta_sensor_async.py took 0.090 seconds
[2025-02-26T01:30:54.122+0000] {processor.py:161} INFO - Started process (PID=1430) to work on /home/airflow/.local/lib/python3.12/site-packages/airflow/example_dags/example_time_delta_sensor_async.py
[2025-02-26T01:30:54.124+0000] {processor.py:830} INFO - Processing file /home/airflow/.local/lib/python3.12/site-packages/airflow/example_dags/example_time_delta_sensor_async.py for tasks to queue
[2025-02-26T01:30:54.127+0000] {logging_mixin.py:188} INFO - [2025-02-26T01:30:54.127+0000] {dagbag.py:540} INFO - Filling up the DagBag from /home/airflow/.local/lib/python3.12/site-packages/airflow/example_dags/example_time_delta_sensor_async.py
[2025-02-26T01:30:54.132+0000] {processor.py:840} INFO - DAG(s) 'example_time_delta_sensor_async' retrieved from /home/airflow/.local/lib/python3.12/site-packages/airflow/example_dags/example_time_delta_sensor_async.py
[2025-02-26T01:30:54.155+0000] {logging_mixin.py:188} INFO - [2025-02-26T01:30:54.154+0000] {dag.py:3096} INFO - Sync 1 DAGs
[2025-02-26T01:30:54.168+0000] {logging_mixin.py:188} INFO - [2025-02-26T01:30:54.168+0000] {dag.py:3954} INFO - Setting next_dagrun for example_time_delta_sensor_async to None, run_after=None
[2025-02-26T01:30:54.191+0000] {processor.py:183} INFO - Processing /home/airflow/.local/lib/python3.12/site-packages/airflow/example_dags/example_time_delta_sensor_async.py took 0.074 seconds
[2025-02-26T01:31:24.390+0000] {processor.py:161} INFO - Started process (PID=1490) to work on /home/airflow/.local/lib/python3.12/site-packages/airflow/example_dags/example_time_delta_sensor_async.py
[2025-02-26T01:31:24.393+0000] {processor.py:830} INFO - Processing file /home/airflow/.local/lib/python3.12/site-packages/airflow/example_dags/example_time_delta_sensor_async.py for tasks to queue
[2025-02-26T01:31:24.397+0000] {logging_mixin.py:188} INFO - [2025-02-26T01:31:24.397+0000] {dagbag.py:540} INFO - Filling up the DagBag from /home/airflow/.local/lib/python3.12/site-packages/airflow/example_dags/example_time_delta_sensor_async.py
[2025-02-26T01:31:24.409+0000] {processor.py:840} INFO - DAG(s) 'example_time_delta_sensor_async' retrieved from /home/airflow/.local/lib/python3.12/site-packages/airflow/example_dags/example_time_delta_sensor_async.py
[2025-02-26T01:31:24.460+0000] {logging_mixin.py:188} INFO - [2025-02-26T01:31:24.459+0000] {dag.py:3096} INFO - Sync 1 DAGs
[2025-02-26T01:31:24.483+0000] {logging_mixin.py:188} INFO - [2025-02-26T01:31:24.482+0000] {dag.py:3954} INFO - Setting next_dagrun for example_time_delta_sensor_async to None, run_after=None
[2025-02-26T01:31:24.533+0000] {processor.py:183} INFO - Processing /home/airflow/.local/lib/python3.12/site-packages/airflow/example_dags/example_time_delta_sensor_async.py took 0.164 seconds
[2025-02-26T01:31:54.967+0000] {processor.py:161} INFO - Started process (PID=1550) to work on /home/airflow/.local/lib/python3.12/site-packages/airflow/example_dags/example_time_delta_sensor_async.py
[2025-02-26T01:31:54.968+0000] {processor.py:830} INFO - Processing file /home/airflow/.local/lib/python3.12/site-packages/airflow/example_dags/example_time_delta_sensor_async.py for tasks to queue
[2025-02-26T01:31:54.972+0000] {logging_mixin.py:188} INFO - [2025-02-26T01:31:54.971+0000] {dagbag.py:540} INFO - Filling up the DagBag from /home/airflow/.local/lib/python3.12/site-packages/airflow/example_dags/example_time_delta_sensor_async.py
[2025-02-26T01:31:54.978+0000] {processor.py:840} INFO - DAG(s) 'example_time_delta_sensor_async' retrieved from /home/airflow/.local/lib/python3.12/site-packages/airflow/example_dags/example_time_delta_sensor_async.py
[2025-02-26T01:31:55.000+0000] {logging_mixin.py:188} INFO - [2025-02-26T01:31:55.000+0000] {dag.py:3096} INFO - Sync 1 DAGs
[2025-02-26T01:31:55.015+0000] {logging_mixin.py:188} INFO - [2025-02-26T01:31:55.015+0000] {dag.py:3954} INFO - Setting next_dagrun for example_time_delta_sensor_async to None, run_after=None
[2025-02-26T01:31:55.037+0000] {processor.py:183} INFO - Processing /home/airflow/.local/lib/python3.12/site-packages/airflow/example_dags/example_time_delta_sensor_async.py took 0.077 seconds
[2025-02-26T01:32:25.879+0000] {processor.py:161} INFO - Started process (PID=1611) to work on /home/airflow/.local/lib/python3.12/site-packages/airflow/example_dags/example_time_delta_sensor_async.py
[2025-02-26T01:32:25.880+0000] {processor.py:830} INFO - Processing file /home/airflow/.local/lib/python3.12/site-packages/airflow/example_dags/example_time_delta_sensor_async.py for tasks to queue
[2025-02-26T01:32:25.883+0000] {logging_mixin.py:188} INFO - [2025-02-26T01:32:25.883+0000] {dagbag.py:540} INFO - Filling up the DagBag from /home/airflow/.local/lib/python3.12/site-packages/airflow/example_dags/example_time_delta_sensor_async.py
[2025-02-26T01:32:25.889+0000] {processor.py:840} INFO - DAG(s) 'example_time_delta_sensor_async' retrieved from /home/airflow/.local/lib/python3.12/site-packages/airflow/example_dags/example_time_delta_sensor_async.py
[2025-02-26T01:32:25.913+0000] {logging_mixin.py:188} INFO - [2025-02-26T01:32:25.912+0000] {dag.py:3096} INFO - Sync 1 DAGs
[2025-02-26T01:32:25.928+0000] {logging_mixin.py:188} INFO - [2025-02-26T01:32:25.927+0000] {dag.py:3954} INFO - Setting next_dagrun for example_time_delta_sensor_async to None, run_after=None
[2025-02-26T01:32:25.953+0000] {processor.py:183} INFO - Processing /home/airflow/.local/lib/python3.12/site-packages/airflow/example_dags/example_time_delta_sensor_async.py took 0.081 seconds
[2025-02-26T01:32:56.720+0000] {processor.py:161} INFO - Started process (PID=1671) to work on /home/airflow/.local/lib/python3.12/site-packages/airflow/example_dags/example_time_delta_sensor_async.py
[2025-02-26T01:32:56.722+0000] {processor.py:830} INFO - Processing file /home/airflow/.local/lib/python3.12/site-packages/airflow/example_dags/example_time_delta_sensor_async.py for tasks to queue
[2025-02-26T01:32:56.727+0000] {logging_mixin.py:188} INFO - [2025-02-26T01:32:56.726+0000] {dagbag.py:540} INFO - Filling up the DagBag from /home/airflow/.local/lib/python3.12/site-packages/airflow/example_dags/example_time_delta_sensor_async.py
[2025-02-26T01:32:56.735+0000] {processor.py:840} INFO - DAG(s) 'example_time_delta_sensor_async' retrieved from /home/airflow/.local/lib/python3.12/site-packages/airflow/example_dags/example_time_delta_sensor_async.py
[2025-02-26T01:32:56.814+0000] {logging_mixin.py:188} INFO - [2025-02-26T01:32:56.807+0000] {dag.py:3096} INFO - Sync 1 DAGs
[2025-02-26T01:32:56.888+0000] {logging_mixin.py:188} INFO - [2025-02-26T01:32:56.887+0000] {dag.py:3954} INFO - Setting next_dagrun for example_time_delta_sensor_async to None, run_after=None
[2025-02-26T01:32:56.921+0000] {processor.py:183} INFO - Processing /home/airflow/.local/lib/python3.12/site-packages/airflow/example_dags/example_time_delta_sensor_async.py took 0.210 seconds
[2025-02-26T01:33:27.824+0000] {processor.py:161} INFO - Started process (PID=1731) to work on /home/airflow/.local/lib/python3.12/site-packages/airflow/example_dags/example_time_delta_sensor_async.py
[2025-02-26T01:33:27.825+0000] {processor.py:830} INFO - Processing file /home/airflow/.local/lib/python3.12/site-packages/airflow/example_dags/example_time_delta_sensor_async.py for tasks to queue
[2025-02-26T01:33:27.829+0000] {logging_mixin.py:188} INFO - [2025-02-26T01:33:27.828+0000] {dagbag.py:540} INFO - Filling up the DagBag from /home/airflow/.local/lib/python3.12/site-packages/airflow/example_dags/example_time_delta_sensor_async.py
[2025-02-26T01:33:27.835+0000] {processor.py:840} INFO - DAG(s) 'example_time_delta_sensor_async' retrieved from /home/airflow/.local/lib/python3.12/site-packages/airflow/example_dags/example_time_delta_sensor_async.py
[2025-02-26T01:33:27.858+0000] {logging_mixin.py:188} INFO - [2025-02-26T01:33:27.858+0000] {dag.py:3096} INFO - Sync 1 DAGs
[2025-02-26T01:33:27.874+0000] {logging_mixin.py:188} INFO - [2025-02-26T01:33:27.874+0000] {dag.py:3954} INFO - Setting next_dagrun for example_time_delta_sensor_async to None, run_after=None
[2025-02-26T01:33:27.899+0000] {processor.py:183} INFO - Processing /home/airflow/.local/lib/python3.12/site-packages/airflow/example_dags/example_time_delta_sensor_async.py took 0.085 seconds
[2025-02-26T01:33:57.956+0000] {processor.py:161} INFO - Started process (PID=1791) to work on /home/airflow/.local/lib/python3.12/site-packages/airflow/example_dags/example_time_delta_sensor_async.py
[2025-02-26T01:33:57.957+0000] {processor.py:830} INFO - Processing file /home/airflow/.local/lib/python3.12/site-packages/airflow/example_dags/example_time_delta_sensor_async.py for tasks to queue
[2025-02-26T01:33:57.960+0000] {logging_mixin.py:188} INFO - [2025-02-26T01:33:57.959+0000] {dagbag.py:540} INFO - Filling up the DagBag from /home/airflow/.local/lib/python3.12/site-packages/airflow/example_dags/example_time_delta_sensor_async.py
[2025-02-26T01:33:57.966+0000] {processor.py:840} INFO - DAG(s) 'example_time_delta_sensor_async' retrieved from /home/airflow/.local/lib/python3.12/site-packages/airflow/example_dags/example_time_delta_sensor_async.py
[2025-02-26T01:33:57.990+0000] {logging_mixin.py:188} INFO - [2025-02-26T01:33:57.989+0000] {dag.py:3096} INFO - Sync 1 DAGs
[2025-02-26T01:33:58.004+0000] {logging_mixin.py:188} INFO - [2025-02-26T01:33:58.004+0000] {dag.py:3954} INFO - Setting next_dagrun for example_time_delta_sensor_async to None, run_after=None
[2025-02-26T01:33:58.029+0000] {processor.py:183} INFO - Processing /home/airflow/.local/lib/python3.12/site-packages/airflow/example_dags/example_time_delta_sensor_async.py took 0.081 seconds
[2025-02-26T01:34:28.777+0000] {processor.py:161} INFO - Started process (PID=1851) to work on /home/airflow/.local/lib/python3.12/site-packages/airflow/example_dags/example_time_delta_sensor_async.py
[2025-02-26T01:34:28.779+0000] {processor.py:830} INFO - Processing file /home/airflow/.local/lib/python3.12/site-packages/airflow/example_dags/example_time_delta_sensor_async.py for tasks to queue
[2025-02-26T01:34:28.782+0000] {logging_mixin.py:188} INFO - [2025-02-26T01:34:28.781+0000] {dagbag.py:540} INFO - Filling up the DagBag from /home/airflow/.local/lib/python3.12/site-packages/airflow/example_dags/example_time_delta_sensor_async.py
[2025-02-26T01:34:28.791+0000] {processor.py:840} INFO - DAG(s) 'example_time_delta_sensor_async' retrieved from /home/airflow/.local/lib/python3.12/site-packages/airflow/example_dags/example_time_delta_sensor_async.py
[2025-02-26T01:34:28.818+0000] {logging_mixin.py:188} INFO - [2025-02-26T01:34:28.818+0000] {dag.py:3096} INFO - Sync 1 DAGs
[2025-02-26T01:34:28.847+0000] {logging_mixin.py:188} INFO - [2025-02-26T01:34:28.843+0000] {dag.py:3954} INFO - Setting next_dagrun for example_time_delta_sensor_async to None, run_after=None
[2025-02-26T01:34:28.884+0000] {processor.py:183} INFO - Processing /home/airflow/.local/lib/python3.12/site-packages/airflow/example_dags/example_time_delta_sensor_async.py took 0.119 seconds
[2025-02-26T01:34:59.162+0000] {processor.py:161} INFO - Started process (PID=1911) to work on /home/airflow/.local/lib/python3.12/site-packages/airflow/example_dags/example_time_delta_sensor_async.py
[2025-02-26T01:34:59.164+0000] {processor.py:830} INFO - Processing file /home/airflow/.local/lib/python3.12/site-packages/airflow/example_dags/example_time_delta_sensor_async.py for tasks to queue
[2025-02-26T01:34:59.166+0000] {logging_mixin.py:188} INFO - [2025-02-26T01:34:59.166+0000] {dagbag.py:540} INFO - Filling up the DagBag from /home/airflow/.local/lib/python3.12/site-packages/airflow/example_dags/example_time_delta_sensor_async.py
[2025-02-26T01:34:59.172+0000] {processor.py:840} INFO - DAG(s) 'example_time_delta_sensor_async' retrieved from /home/airflow/.local/lib/python3.12/site-packages/airflow/example_dags/example_time_delta_sensor_async.py
[2025-02-26T01:34:59.195+0000] {logging_mixin.py:188} INFO - [2025-02-26T01:34:59.195+0000] {dag.py:3096} INFO - Sync 1 DAGs
[2025-02-26T01:34:59.212+0000] {logging_mixin.py:188} INFO - [2025-02-26T01:34:59.211+0000] {dag.py:3954} INFO - Setting next_dagrun for example_time_delta_sensor_async to None, run_after=None
[2025-02-26T01:34:59.238+0000] {processor.py:183} INFO - Processing /home/airflow/.local/lib/python3.12/site-packages/airflow/example_dags/example_time_delta_sensor_async.py took 0.082 seconds
[2025-02-26T01:35:29.554+0000] {processor.py:161} INFO - Started process (PID=1971) to work on /home/airflow/.local/lib/python3.12/site-packages/airflow/example_dags/example_time_delta_sensor_async.py
[2025-02-26T01:35:29.555+0000] {processor.py:830} INFO - Processing file /home/airflow/.local/lib/python3.12/site-packages/airflow/example_dags/example_time_delta_sensor_async.py for tasks to queue
[2025-02-26T01:35:29.558+0000] {logging_mixin.py:188} INFO - [2025-02-26T01:35:29.557+0000] {dagbag.py:540} INFO - Filling up the DagBag from /home/airflow/.local/lib/python3.12/site-packages/airflow/example_dags/example_time_delta_sensor_async.py
[2025-02-26T01:35:29.564+0000] {processor.py:840} INFO - DAG(s) 'example_time_delta_sensor_async' retrieved from /home/airflow/.local/lib/python3.12/site-packages/airflow/example_dags/example_time_delta_sensor_async.py
[2025-02-26T01:35:29.586+0000] {logging_mixin.py:188} INFO - [2025-02-26T01:35:29.586+0000] {dag.py:3096} INFO - Sync 1 DAGs
[2025-02-26T01:35:29.602+0000] {logging_mixin.py:188} INFO - [2025-02-26T01:35:29.602+0000] {dag.py:3954} INFO - Setting next_dagrun for example_time_delta_sensor_async to None, run_after=None
[2025-02-26T01:35:29.630+0000] {processor.py:183} INFO - Processing /home/airflow/.local/lib/python3.12/site-packages/airflow/example_dags/example_time_delta_sensor_async.py took 0.083 seconds
[2025-02-26T01:35:59.986+0000] {processor.py:161} INFO - Started process (PID=2031) to work on /home/airflow/.local/lib/python3.12/site-packages/airflow/example_dags/example_time_delta_sensor_async.py
[2025-02-26T01:35:59.987+0000] {processor.py:830} INFO - Processing file /home/airflow/.local/lib/python3.12/site-packages/airflow/example_dags/example_time_delta_sensor_async.py for tasks to queue
[2025-02-26T01:35:59.989+0000] {logging_mixin.py:188} INFO - [2025-02-26T01:35:59.989+0000] {dagbag.py:540} INFO - Filling up the DagBag from /home/airflow/.local/lib/python3.12/site-packages/airflow/example_dags/example_time_delta_sensor_async.py
[2025-02-26T01:35:59.994+0000] {processor.py:840} INFO - DAG(s) 'example_time_delta_sensor_async' retrieved from /home/airflow/.local/lib/python3.12/site-packages/airflow/example_dags/example_time_delta_sensor_async.py
[2025-02-26T01:36:00.016+0000] {logging_mixin.py:188} INFO - [2025-02-26T01:36:00.015+0000] {dag.py:3096} INFO - Sync 1 DAGs
[2025-02-26T01:36:00.032+0000] {logging_mixin.py:188} INFO - [2025-02-26T01:36:00.031+0000] {dag.py:3954} INFO - Setting next_dagrun for example_time_delta_sensor_async to None, run_after=None
[2025-02-26T01:36:00.054+0000] {processor.py:183} INFO - Processing /home/airflow/.local/lib/python3.12/site-packages/airflow/example_dags/example_time_delta_sensor_async.py took 0.074 seconds
[2025-02-26T01:36:30.820+0000] {processor.py:161} INFO - Started process (PID=2091) to work on /home/airflow/.local/lib/python3.12/site-packages/airflow/example_dags/example_time_delta_sensor_async.py
[2025-02-26T01:36:30.821+0000] {processor.py:830} INFO - Processing file /home/airflow/.local/lib/python3.12/site-packages/airflow/example_dags/example_time_delta_sensor_async.py for tasks to queue
[2025-02-26T01:36:30.823+0000] {logging_mixin.py:188} INFO - [2025-02-26T01:36:30.823+0000] {dagbag.py:540} INFO - Filling up the DagBag from /home/airflow/.local/lib/python3.12/site-packages/airflow/example_dags/example_time_delta_sensor_async.py
[2025-02-26T01:36:30.829+0000] {processor.py:840} INFO - DAG(s) 'example_time_delta_sensor_async' retrieved from /home/airflow/.local/lib/python3.12/site-packages/airflow/example_dags/example_time_delta_sensor_async.py
[2025-02-26T01:36:30.852+0000] {logging_mixin.py:188} INFO - [2025-02-26T01:36:30.851+0000] {dag.py:3096} INFO - Sync 1 DAGs
[2025-02-26T01:36:30.867+0000] {logging_mixin.py:188} INFO - [2025-02-26T01:36:30.867+0000] {dag.py:3954} INFO - Setting next_dagrun for example_time_delta_sensor_async to None, run_after=None
[2025-02-26T01:36:30.892+0000] {processor.py:183} INFO - Processing /home/airflow/.local/lib/python3.12/site-packages/airflow/example_dags/example_time_delta_sensor_async.py took 0.078 seconds
[2025-02-26T01:37:01.747+0000] {processor.py:161} INFO - Started process (PID=2151) to work on /home/airflow/.local/lib/python3.12/site-packages/airflow/example_dags/example_time_delta_sensor_async.py
[2025-02-26T01:37:01.749+0000] {processor.py:830} INFO - Processing file /home/airflow/.local/lib/python3.12/site-packages/airflow/example_dags/example_time_delta_sensor_async.py for tasks to queue
[2025-02-26T01:37:01.753+0000] {logging_mixin.py:188} INFO - [2025-02-26T01:37:01.752+0000] {dagbag.py:540} INFO - Filling up the DagBag from /home/airflow/.local/lib/python3.12/site-packages/airflow/example_dags/example_time_delta_sensor_async.py
[2025-02-26T01:37:01.758+0000] {processor.py:840} INFO - DAG(s) 'example_time_delta_sensor_async' retrieved from /home/airflow/.local/lib/python3.12/site-packages/airflow/example_dags/example_time_delta_sensor_async.py
[2025-02-26T01:37:01.784+0000] {logging_mixin.py:188} INFO - [2025-02-26T01:37:01.784+0000] {dag.py:3096} INFO - Sync 1 DAGs
[2025-02-26T01:37:01.799+0000] {logging_mixin.py:188} INFO - [2025-02-26T01:37:01.799+0000] {dag.py:3954} INFO - Setting next_dagrun for example_time_delta_sensor_async to None, run_after=None
[2025-02-26T01:37:01.827+0000] {processor.py:183} INFO - Processing /home/airflow/.local/lib/python3.12/site-packages/airflow/example_dags/example_time_delta_sensor_async.py took 0.088 seconds
[2025-02-26T01:37:32.148+0000] {processor.py:161} INFO - Started process (PID=2211) to work on /home/airflow/.local/lib/python3.12/site-packages/airflow/example_dags/example_time_delta_sensor_async.py
[2025-02-26T01:37:32.150+0000] {processor.py:830} INFO - Processing file /home/airflow/.local/lib/python3.12/site-packages/airflow/example_dags/example_time_delta_sensor_async.py for tasks to queue
[2025-02-26T01:37:32.152+0000] {logging_mixin.py:188} INFO - [2025-02-26T01:37:32.152+0000] {dagbag.py:540} INFO - Filling up the DagBag from /home/airflow/.local/lib/python3.12/site-packages/airflow/example_dags/example_time_delta_sensor_async.py
[2025-02-26T01:37:32.158+0000] {processor.py:840} INFO - DAG(s) 'example_time_delta_sensor_async' retrieved from /home/airflow/.local/lib/python3.12/site-packages/airflow/example_dags/example_time_delta_sensor_async.py
[2025-02-26T01:37:32.179+0000] {logging_mixin.py:188} INFO - [2025-02-26T01:37:32.179+0000] {dag.py:3096} INFO - Sync 1 DAGs
[2025-02-26T01:37:32.194+0000] {logging_mixin.py:188} INFO - [2025-02-26T01:37:32.194+0000] {dag.py:3954} INFO - Setting next_dagrun for example_time_delta_sensor_async to None, run_after=None
[2025-02-26T01:37:32.217+0000] {processor.py:183} INFO - Processing /home/airflow/.local/lib/python3.12/site-packages/airflow/example_dags/example_time_delta_sensor_async.py took 0.075 seconds
[2025-02-26T01:38:02.655+0000] {processor.py:161} INFO - Started process (PID=2271) to work on /home/airflow/.local/lib/python3.12/site-packages/airflow/example_dags/example_time_delta_sensor_async.py
[2025-02-26T01:38:02.656+0000] {processor.py:830} INFO - Processing file /home/airflow/.local/lib/python3.12/site-packages/airflow/example_dags/example_time_delta_sensor_async.py for tasks to queue
[2025-02-26T01:38:02.659+0000] {logging_mixin.py:188} INFO - [2025-02-26T01:38:02.658+0000] {dagbag.py:540} INFO - Filling up the DagBag from /home/airflow/.local/lib/python3.12/site-packages/airflow/example_dags/example_time_delta_sensor_async.py
[2025-02-26T01:38:02.664+0000] {processor.py:840} INFO - DAG(s) 'example_time_delta_sensor_async' retrieved from /home/airflow/.local/lib/python3.12/site-packages/airflow/example_dags/example_time_delta_sensor_async.py
[2025-02-26T01:38:02.687+0000] {logging_mixin.py:188} INFO - [2025-02-26T01:38:02.686+0000] {dag.py:3096} INFO - Sync 1 DAGs
[2025-02-26T01:38:02.702+0000] {logging_mixin.py:188} INFO - [2025-02-26T01:38:02.702+0000] {dag.py:3954} INFO - Setting next_dagrun for example_time_delta_sensor_async to None, run_after=None
[2025-02-26T01:38:02.727+0000] {processor.py:183} INFO - Processing /home/airflow/.local/lib/python3.12/site-packages/airflow/example_dags/example_time_delta_sensor_async.py took 0.080 seconds
[2025-02-26T01:38:33.048+0000] {processor.py:161} INFO - Started process (PID=2331) to work on /home/airflow/.local/lib/python3.12/site-packages/airflow/example_dags/example_time_delta_sensor_async.py
[2025-02-26T01:38:33.050+0000] {processor.py:830} INFO - Processing file /home/airflow/.local/lib/python3.12/site-packages/airflow/example_dags/example_time_delta_sensor_async.py for tasks to queue
[2025-02-26T01:38:33.052+0000] {logging_mixin.py:188} INFO - [2025-02-26T01:38:33.052+0000] {dagbag.py:540} INFO - Filling up the DagBag from /home/airflow/.local/lib/python3.12/site-packages/airflow/example_dags/example_time_delta_sensor_async.py
[2025-02-26T01:38:33.058+0000] {processor.py:840} INFO - DAG(s) 'example_time_delta_sensor_async' retrieved from /home/airflow/.local/lib/python3.12/site-packages/airflow/example_dags/example_time_delta_sensor_async.py
[2025-02-26T01:38:33.080+0000] {logging_mixin.py:188} INFO - [2025-02-26T01:38:33.080+0000] {dag.py:3096} INFO - Sync 1 DAGs
[2025-02-26T01:38:33.094+0000] {logging_mixin.py:188} INFO - [2025-02-26T01:38:33.094+0000] {dag.py:3954} INFO - Setting next_dagrun for example_time_delta_sensor_async to None, run_after=None
[2025-02-26T01:38:33.114+0000] {processor.py:183} INFO - Processing /home/airflow/.local/lib/python3.12/site-packages/airflow/example_dags/example_time_delta_sensor_async.py took 0.072 seconds
[2025-02-26T01:39:03.408+0000] {processor.py:161} INFO - Started process (PID=2391) to work on /home/airflow/.local/lib/python3.12/site-packages/airflow/example_dags/example_time_delta_sensor_async.py
[2025-02-26T01:39:03.409+0000] {processor.py:830} INFO - Processing file /home/airflow/.local/lib/python3.12/site-packages/airflow/example_dags/example_time_delta_sensor_async.py for tasks to queue
[2025-02-26T01:39:03.412+0000] {logging_mixin.py:188} INFO - [2025-02-26T01:39:03.412+0000] {dagbag.py:540} INFO - Filling up the DagBag from /home/airflow/.local/lib/python3.12/site-packages/airflow/example_dags/example_time_delta_sensor_async.py
[2025-02-26T01:39:03.419+0000] {processor.py:840} INFO - DAG(s) 'example_time_delta_sensor_async' retrieved from /home/airflow/.local/lib/python3.12/site-packages/airflow/example_dags/example_time_delta_sensor_async.py
[2025-02-26T01:39:03.444+0000] {logging_mixin.py:188} INFO - [2025-02-26T01:39:03.444+0000] {dag.py:3096} INFO - Sync 1 DAGs
[2025-02-26T01:39:03.459+0000] {logging_mixin.py:188} INFO - [2025-02-26T01:39:03.458+0000] {dag.py:3954} INFO - Setting next_dagrun for example_time_delta_sensor_async to None, run_after=None
[2025-02-26T01:39:03.485+0000] {processor.py:183} INFO - Processing /home/airflow/.local/lib/python3.12/site-packages/airflow/example_dags/example_time_delta_sensor_async.py took 0.084 seconds
[2025-02-26T01:39:34.005+0000] {processor.py:161} INFO - Started process (PID=2451) to work on /home/airflow/.local/lib/python3.12/site-packages/airflow/example_dags/example_time_delta_sensor_async.py
[2025-02-26T01:39:34.006+0000] {processor.py:830} INFO - Processing file /home/airflow/.local/lib/python3.12/site-packages/airflow/example_dags/example_time_delta_sensor_async.py for tasks to queue
[2025-02-26T01:39:34.010+0000] {logging_mixin.py:188} INFO - [2025-02-26T01:39:34.009+0000] {dagbag.py:540} INFO - Filling up the DagBag from /home/airflow/.local/lib/python3.12/site-packages/airflow/example_dags/example_time_delta_sensor_async.py
[2025-02-26T01:39:34.016+0000] {processor.py:840} INFO - DAG(s) 'example_time_delta_sensor_async' retrieved from /home/airflow/.local/lib/python3.12/site-packages/airflow/example_dags/example_time_delta_sensor_async.py
[2025-02-26T01:39:34.038+0000] {logging_mixin.py:188} INFO - [2025-02-26T01:39:34.038+0000] {dag.py:3096} INFO - Sync 1 DAGs
[2025-02-26T01:39:34.053+0000] {logging_mixin.py:188} INFO - [2025-02-26T01:39:34.053+0000] {dag.py:3954} INFO - Setting next_dagrun for example_time_delta_sensor_async to None, run_after=None
[2025-02-26T01:39:34.075+0000] {processor.py:183} INFO - Processing /home/airflow/.local/lib/python3.12/site-packages/airflow/example_dags/example_time_delta_sensor_async.py took 0.078 seconds
[2025-02-26T01:40:04.456+0000] {processor.py:161} INFO - Started process (PID=2511) to work on /home/airflow/.local/lib/python3.12/site-packages/airflow/example_dags/example_time_delta_sensor_async.py
[2025-02-26T01:40:04.457+0000] {processor.py:830} INFO - Processing file /home/airflow/.local/lib/python3.12/site-packages/airflow/example_dags/example_time_delta_sensor_async.py for tasks to queue
[2025-02-26T01:40:04.461+0000] {logging_mixin.py:188} INFO - [2025-02-26T01:40:04.460+0000] {dagbag.py:540} INFO - Filling up the DagBag from /home/airflow/.local/lib/python3.12/site-packages/airflow/example_dags/example_time_delta_sensor_async.py
[2025-02-26T01:40:04.468+0000] {processor.py:840} INFO - DAG(s) 'example_time_delta_sensor_async' retrieved from /home/airflow/.local/lib/python3.12/site-packages/airflow/example_dags/example_time_delta_sensor_async.py
[2025-02-26T01:40:04.501+0000] {logging_mixin.py:188} INFO - [2025-02-26T01:40:04.500+0000] {dag.py:3096} INFO - Sync 1 DAGs
[2025-02-26T01:40:04.524+0000] {logging_mixin.py:188} INFO - [2025-02-26T01:40:04.524+0000] {dag.py:3954} INFO - Setting next_dagrun for example_time_delta_sensor_async to None, run_after=None
[2025-02-26T01:40:04.556+0000] {processor.py:183} INFO - Processing /home/airflow/.local/lib/python3.12/site-packages/airflow/example_dags/example_time_delta_sensor_async.py took 0.110 seconds
[2025-02-26T01:40:40.329+0000] {processor.py:161} INFO - Started process (PID=2572) to work on /home/airflow/.local/lib/python3.12/site-packages/airflow/example_dags/example_time_delta_sensor_async.py
[2025-02-26T01:40:40.330+0000] {processor.py:830} INFO - Processing file /home/airflow/.local/lib/python3.12/site-packages/airflow/example_dags/example_time_delta_sensor_async.py for tasks to queue
[2025-02-26T01:40:40.332+0000] {logging_mixin.py:188} INFO - [2025-02-26T01:40:40.332+0000] {dagbag.py:540} INFO - Filling up the DagBag from /home/airflow/.local/lib/python3.12/site-packages/airflow/example_dags/example_time_delta_sensor_async.py
[2025-02-26T01:40:40.337+0000] {processor.py:840} INFO - DAG(s) 'example_time_delta_sensor_async' retrieved from /home/airflow/.local/lib/python3.12/site-packages/airflow/example_dags/example_time_delta_sensor_async.py
[2025-02-26T01:40:40.361+0000] {logging_mixin.py:188} INFO - [2025-02-26T01:40:40.361+0000] {dag.py:3096} INFO - Sync 1 DAGs
[2025-02-26T01:40:40.383+0000] {logging_mixin.py:188} INFO - [2025-02-26T01:40:40.382+0000] {dag.py:3954} INFO - Setting next_dagrun for example_time_delta_sensor_async to None, run_after=None
[2025-02-26T01:40:40.406+0000] {processor.py:183} INFO - Processing /home/airflow/.local/lib/python3.12/site-packages/airflow/example_dags/example_time_delta_sensor_async.py took 0.084 seconds
[2025-02-26T01:41:10.533+0000] {processor.py:161} INFO - Started process (PID=2638) to work on /home/airflow/.local/lib/python3.12/site-packages/airflow/example_dags/example_time_delta_sensor_async.py
[2025-02-26T01:41:10.535+0000] {processor.py:830} INFO - Processing file /home/airflow/.local/lib/python3.12/site-packages/airflow/example_dags/example_time_delta_sensor_async.py for tasks to queue
[2025-02-26T01:41:10.537+0000] {logging_mixin.py:188} INFO - [2025-02-26T01:41:10.537+0000] {dagbag.py:540} INFO - Filling up the DagBag from /home/airflow/.local/lib/python3.12/site-packages/airflow/example_dags/example_time_delta_sensor_async.py
[2025-02-26T01:41:10.542+0000] {processor.py:840} INFO - DAG(s) 'example_time_delta_sensor_async' retrieved from /home/airflow/.local/lib/python3.12/site-packages/airflow/example_dags/example_time_delta_sensor_async.py
[2025-02-26T01:41:10.566+0000] {logging_mixin.py:188} INFO - [2025-02-26T01:41:10.566+0000] {dag.py:3096} INFO - Sync 1 DAGs
[2025-02-26T01:41:10.584+0000] {logging_mixin.py:188} INFO - [2025-02-26T01:41:10.583+0000] {dag.py:3954} INFO - Setting next_dagrun for example_time_delta_sensor_async to None, run_after=None
[2025-02-26T01:41:10.621+0000] {processor.py:183} INFO - Processing /home/airflow/.local/lib/python3.12/site-packages/airflow/example_dags/example_time_delta_sensor_async.py took 0.096 seconds
[2025-02-26T01:41:41.131+0000] {processor.py:161} INFO - Started process (PID=2698) to work on /home/airflow/.local/lib/python3.12/site-packages/airflow/example_dags/example_time_delta_sensor_async.py
[2025-02-26T01:41:41.132+0000] {processor.py:830} INFO - Processing file /home/airflow/.local/lib/python3.12/site-packages/airflow/example_dags/example_time_delta_sensor_async.py for tasks to queue
[2025-02-26T01:41:41.134+0000] {logging_mixin.py:188} INFO - [2025-02-26T01:41:41.134+0000] {dagbag.py:540} INFO - Filling up the DagBag from /home/airflow/.local/lib/python3.12/site-packages/airflow/example_dags/example_time_delta_sensor_async.py
[2025-02-26T01:41:41.139+0000] {processor.py:840} INFO - DAG(s) 'example_time_delta_sensor_async' retrieved from /home/airflow/.local/lib/python3.12/site-packages/airflow/example_dags/example_time_delta_sensor_async.py
[2025-02-26T01:41:41.166+0000] {logging_mixin.py:188} INFO - [2025-02-26T01:41:41.166+0000] {dag.py:3096} INFO - Sync 1 DAGs
[2025-02-26T01:41:41.182+0000] {logging_mixin.py:188} INFO - [2025-02-26T01:41:41.182+0000] {dag.py:3954} INFO - Setting next_dagrun for example_time_delta_sensor_async to None, run_after=None
[2025-02-26T01:41:41.211+0000] {processor.py:183} INFO - Processing /home/airflow/.local/lib/python3.12/site-packages/airflow/example_dags/example_time_delta_sensor_async.py took 0.088 seconds
[2025-02-26T01:42:11.274+0000] {processor.py:161} INFO - Started process (PID=2758) to work on /home/airflow/.local/lib/python3.12/site-packages/airflow/example_dags/example_time_delta_sensor_async.py
[2025-02-26T01:42:11.275+0000] {processor.py:830} INFO - Processing file /home/airflow/.local/lib/python3.12/site-packages/airflow/example_dags/example_time_delta_sensor_async.py for tasks to queue
[2025-02-26T01:42:11.278+0000] {logging_mixin.py:188} INFO - [2025-02-26T01:42:11.277+0000] {dagbag.py:540} INFO - Filling up the DagBag from /home/airflow/.local/lib/python3.12/site-packages/airflow/example_dags/example_time_delta_sensor_async.py
[2025-02-26T01:42:11.283+0000] {processor.py:840} INFO - DAG(s) 'example_time_delta_sensor_async' retrieved from /home/airflow/.local/lib/python3.12/site-packages/airflow/example_dags/example_time_delta_sensor_async.py
[2025-02-26T01:42:11.305+0000] {logging_mixin.py:188} INFO - [2025-02-26T01:42:11.305+0000] {dag.py:3096} INFO - Sync 1 DAGs
[2025-02-26T01:42:11.319+0000] {logging_mixin.py:188} INFO - [2025-02-26T01:42:11.319+0000] {dag.py:3954} INFO - Setting next_dagrun for example_time_delta_sensor_async to None, run_after=None
[2025-02-26T01:42:11.340+0000] {processor.py:183} INFO - Processing /home/airflow/.local/lib/python3.12/site-packages/airflow/example_dags/example_time_delta_sensor_async.py took 0.073 seconds
[2025-02-26T01:42:42.720+0000] {processor.py:161} INFO - Started process (PID=2818) to work on /home/airflow/.local/lib/python3.12/site-packages/airflow/example_dags/example_time_delta_sensor_async.py
[2025-02-26T01:42:42.722+0000] {processor.py:830} INFO - Processing file /home/airflow/.local/lib/python3.12/site-packages/airflow/example_dags/example_time_delta_sensor_async.py for tasks to queue
[2025-02-26T01:42:42.726+0000] {logging_mixin.py:188} INFO - [2025-02-26T01:42:42.726+0000] {dagbag.py:540} INFO - Filling up the DagBag from /home/airflow/.local/lib/python3.12/site-packages/airflow/example_dags/example_time_delta_sensor_async.py
[2025-02-26T01:42:42.732+0000] {processor.py:840} INFO - DAG(s) 'example_time_delta_sensor_async' retrieved from /home/airflow/.local/lib/python3.12/site-packages/airflow/example_dags/example_time_delta_sensor_async.py
[2025-02-26T01:42:42.763+0000] {logging_mixin.py:188} INFO - [2025-02-26T01:42:42.763+0000] {dag.py:3096} INFO - Sync 1 DAGs
[2025-02-26T01:42:42.780+0000] {logging_mixin.py:188} INFO - [2025-02-26T01:42:42.780+0000] {dag.py:3954} INFO - Setting next_dagrun for example_time_delta_sensor_async to None, run_after=None
[2025-02-26T01:42:42.807+0000] {processor.py:183} INFO - Processing /home/airflow/.local/lib/python3.12/site-packages/airflow/example_dags/example_time_delta_sensor_async.py took 0.095 seconds
[2025-02-26T01:43:13.259+0000] {processor.py:161} INFO - Started process (PID=2878) to work on /home/airflow/.local/lib/python3.12/site-packages/airflow/example_dags/example_time_delta_sensor_async.py
[2025-02-26T01:43:13.261+0000] {processor.py:830} INFO - Processing file /home/airflow/.local/lib/python3.12/site-packages/airflow/example_dags/example_time_delta_sensor_async.py for tasks to queue
[2025-02-26T01:43:13.263+0000] {logging_mixin.py:188} INFO - [2025-02-26T01:43:13.262+0000] {dagbag.py:540} INFO - Filling up the DagBag from /home/airflow/.local/lib/python3.12/site-packages/airflow/example_dags/example_time_delta_sensor_async.py
[2025-02-26T01:43:13.270+0000] {processor.py:840} INFO - DAG(s) 'example_time_delta_sensor_async' retrieved from /home/airflow/.local/lib/python3.12/site-packages/airflow/example_dags/example_time_delta_sensor_async.py
[2025-02-26T01:43:13.295+0000] {logging_mixin.py:188} INFO - [2025-02-26T01:43:13.295+0000] {dag.py:3096} INFO - Sync 1 DAGs
[2025-02-26T01:43:13.313+0000] {logging_mixin.py:188} INFO - [2025-02-26T01:43:13.313+0000] {dag.py:3954} INFO - Setting next_dagrun for example_time_delta_sensor_async to None, run_after=None
[2025-02-26T01:43:13.346+0000] {processor.py:183} INFO - Processing /home/airflow/.local/lib/python3.12/site-packages/airflow/example_dags/example_time_delta_sensor_async.py took 0.095 seconds
[2025-02-26T01:43:43.691+0000] {processor.py:161} INFO - Started process (PID=2938) to work on /home/airflow/.local/lib/python3.12/site-packages/airflow/example_dags/example_time_delta_sensor_async.py
[2025-02-26T01:43:43.692+0000] {processor.py:830} INFO - Processing file /home/airflow/.local/lib/python3.12/site-packages/airflow/example_dags/example_time_delta_sensor_async.py for tasks to queue
[2025-02-26T01:43:43.695+0000] {logging_mixin.py:188} INFO - [2025-02-26T01:43:43.694+0000] {dagbag.py:540} INFO - Filling up the DagBag from /home/airflow/.local/lib/python3.12/site-packages/airflow/example_dags/example_time_delta_sensor_async.py
[2025-02-26T01:43:43.700+0000] {processor.py:840} INFO - DAG(s) 'example_time_delta_sensor_async' retrieved from /home/airflow/.local/lib/python3.12/site-packages/airflow/example_dags/example_time_delta_sensor_async.py
[2025-02-26T01:43:43.724+0000] {logging_mixin.py:188} INFO - [2025-02-26T01:43:43.724+0000] {dag.py:3096} INFO - Sync 1 DAGs
[2025-02-26T01:43:43.739+0000] {logging_mixin.py:188} INFO - [2025-02-26T01:43:43.739+0000] {dag.py:3954} INFO - Setting next_dagrun for example_time_delta_sensor_async to None, run_after=None
[2025-02-26T01:43:43.760+0000] {processor.py:183} INFO - Processing /home/airflow/.local/lib/python3.12/site-packages/airflow/example_dags/example_time_delta_sensor_async.py took 0.077 seconds
[2025-02-26T01:44:14.035+0000] {processor.py:161} INFO - Started process (PID=2998) to work on /home/airflow/.local/lib/python3.12/site-packages/airflow/example_dags/example_time_delta_sensor_async.py
[2025-02-26T01:44:14.037+0000] {processor.py:830} INFO - Processing file /home/airflow/.local/lib/python3.12/site-packages/airflow/example_dags/example_time_delta_sensor_async.py for tasks to queue
[2025-02-26T01:44:14.039+0000] {logging_mixin.py:188} INFO - [2025-02-26T01:44:14.038+0000] {dagbag.py:540} INFO - Filling up the DagBag from /home/airflow/.local/lib/python3.12/site-packages/airflow/example_dags/example_time_delta_sensor_async.py
[2025-02-26T01:44:14.044+0000] {processor.py:840} INFO - DAG(s) 'example_time_delta_sensor_async' retrieved from /home/airflow/.local/lib/python3.12/site-packages/airflow/example_dags/example_time_delta_sensor_async.py
[2025-02-26T01:44:14.072+0000] {logging_mixin.py:188} INFO - [2025-02-26T01:44:14.072+0000] {dag.py:3096} INFO - Sync 1 DAGs
[2025-02-26T01:44:14.183+0000] {logging_mixin.py:188} INFO - [2025-02-26T01:44:14.183+0000] {dag.py:3954} INFO - Setting next_dagrun for example_time_delta_sensor_async to None, run_after=None
[2025-02-26T01:44:14.277+0000] {processor.py:183} INFO - Processing /home/airflow/.local/lib/python3.12/site-packages/airflow/example_dags/example_time_delta_sensor_async.py took 0.248 seconds
[2025-02-26T01:44:44.457+0000] {processor.py:161} INFO - Started process (PID=3058) to work on /home/airflow/.local/lib/python3.12/site-packages/airflow/example_dags/example_time_delta_sensor_async.py
[2025-02-26T01:44:44.459+0000] {processor.py:830} INFO - Processing file /home/airflow/.local/lib/python3.12/site-packages/airflow/example_dags/example_time_delta_sensor_async.py for tasks to queue
[2025-02-26T01:44:44.461+0000] {logging_mixin.py:188} INFO - [2025-02-26T01:44:44.461+0000] {dagbag.py:540} INFO - Filling up the DagBag from /home/airflow/.local/lib/python3.12/site-packages/airflow/example_dags/example_time_delta_sensor_async.py
[2025-02-26T01:44:44.466+0000] {processor.py:840} INFO - DAG(s) 'example_time_delta_sensor_async' retrieved from /home/airflow/.local/lib/python3.12/site-packages/airflow/example_dags/example_time_delta_sensor_async.py
[2025-02-26T01:44:44.489+0000] {logging_mixin.py:188} INFO - [2025-02-26T01:44:44.489+0000] {dag.py:3096} INFO - Sync 1 DAGs
[2025-02-26T01:44:44.503+0000] {logging_mixin.py:188} INFO - [2025-02-26T01:44:44.503+0000] {dag.py:3954} INFO - Setting next_dagrun for example_time_delta_sensor_async to None, run_after=None
[2025-02-26T01:44:44.523+0000] {processor.py:183} INFO - Processing /home/airflow/.local/lib/python3.12/site-packages/airflow/example_dags/example_time_delta_sensor_async.py took 0.072 seconds
[2025-02-26T01:45:14.893+0000] {processor.py:161} INFO - Started process (PID=3116) to work on /home/airflow/.local/lib/python3.12/site-packages/airflow/example_dags/example_time_delta_sensor_async.py
[2025-02-26T01:45:14.894+0000] {processor.py:830} INFO - Processing file /home/airflow/.local/lib/python3.12/site-packages/airflow/example_dags/example_time_delta_sensor_async.py for tasks to queue
[2025-02-26T01:45:14.896+0000] {logging_mixin.py:188} INFO - [2025-02-26T01:45:14.896+0000] {dagbag.py:540} INFO - Filling up the DagBag from /home/airflow/.local/lib/python3.12/site-packages/airflow/example_dags/example_time_delta_sensor_async.py
[2025-02-26T01:45:14.902+0000] {processor.py:840} INFO - DAG(s) 'example_time_delta_sensor_async' retrieved from /home/airflow/.local/lib/python3.12/site-packages/airflow/example_dags/example_time_delta_sensor_async.py
[2025-02-26T01:45:14.928+0000] {logging_mixin.py:188} INFO - [2025-02-26T01:45:14.928+0000] {dag.py:3096} INFO - Sync 1 DAGs
[2025-02-26T01:45:14.945+0000] {logging_mixin.py:188} INFO - [2025-02-26T01:45:14.944+0000] {dag.py:3954} INFO - Setting next_dagrun for example_time_delta_sensor_async to None, run_after=None
[2025-02-26T01:45:14.968+0000] {processor.py:183} INFO - Processing /home/airflow/.local/lib/python3.12/site-packages/airflow/example_dags/example_time_delta_sensor_async.py took 0.083 seconds
[2025-02-26T01:45:45.238+0000] {processor.py:161} INFO - Started process (PID=3176) to work on /home/airflow/.local/lib/python3.12/site-packages/airflow/example_dags/example_time_delta_sensor_async.py
[2025-02-26T01:45:45.239+0000] {processor.py:830} INFO - Processing file /home/airflow/.local/lib/python3.12/site-packages/airflow/example_dags/example_time_delta_sensor_async.py for tasks to queue
[2025-02-26T01:45:45.241+0000] {logging_mixin.py:188} INFO - [2025-02-26T01:45:45.241+0000] {dagbag.py:540} INFO - Filling up the DagBag from /home/airflow/.local/lib/python3.12/site-packages/airflow/example_dags/example_time_delta_sensor_async.py
[2025-02-26T01:45:45.247+0000] {processor.py:840} INFO - DAG(s) 'example_time_delta_sensor_async' retrieved from /home/airflow/.local/lib/python3.12/site-packages/airflow/example_dags/example_time_delta_sensor_async.py
[2025-02-26T01:45:45.269+0000] {logging_mixin.py:188} INFO - [2025-02-26T01:45:45.269+0000] {dag.py:3096} INFO - Sync 1 DAGs
[2025-02-26T01:45:45.283+0000] {logging_mixin.py:188} INFO - [2025-02-26T01:45:45.283+0000] {dag.py:3954} INFO - Setting next_dagrun for example_time_delta_sensor_async to None, run_after=None
[2025-02-26T01:45:45.304+0000] {processor.py:183} INFO - Processing /home/airflow/.local/lib/python3.12/site-packages/airflow/example_dags/example_time_delta_sensor_async.py took 0.073 seconds
[2025-02-26T01:46:16.487+0000] {processor.py:161} INFO - Started process (PID=3237) to work on /home/airflow/.local/lib/python3.12/site-packages/airflow/example_dags/example_time_delta_sensor_async.py
[2025-02-26T01:46:16.488+0000] {processor.py:830} INFO - Processing file /home/airflow/.local/lib/python3.12/site-packages/airflow/example_dags/example_time_delta_sensor_async.py for tasks to queue
[2025-02-26T01:46:16.490+0000] {logging_mixin.py:188} INFO - [2025-02-26T01:46:16.489+0000] {dagbag.py:540} INFO - Filling up the DagBag from /home/airflow/.local/lib/python3.12/site-packages/airflow/example_dags/example_time_delta_sensor_async.py
[2025-02-26T01:46:16.494+0000] {processor.py:840} INFO - DAG(s) 'example_time_delta_sensor_async' retrieved from /home/airflow/.local/lib/python3.12/site-packages/airflow/example_dags/example_time_delta_sensor_async.py
[2025-02-26T01:46:16.517+0000] {logging_mixin.py:188} INFO - [2025-02-26T01:46:16.516+0000] {dag.py:3096} INFO - Sync 1 DAGs
[2025-02-26T01:46:16.530+0000] {logging_mixin.py:188} INFO - [2025-02-26T01:46:16.530+0000] {dag.py:3954} INFO - Setting next_dagrun for example_time_delta_sensor_async to None, run_after=None
[2025-02-26T01:46:16.551+0000] {processor.py:183} INFO - Processing /home/airflow/.local/lib/python3.12/site-packages/airflow/example_dags/example_time_delta_sensor_async.py took 0.071 seconds
[2025-02-26T01:46:47.667+0000] {processor.py:161} INFO - Started process (PID=3302) to work on /home/airflow/.local/lib/python3.12/site-packages/airflow/example_dags/example_time_delta_sensor_async.py
[2025-02-26T01:46:47.669+0000] {processor.py:830} INFO - Processing file /home/airflow/.local/lib/python3.12/site-packages/airflow/example_dags/example_time_delta_sensor_async.py for tasks to queue
[2025-02-26T01:46:47.671+0000] {logging_mixin.py:188} INFO - [2025-02-26T01:46:47.671+0000] {dagbag.py:540} INFO - Filling up the DagBag from /home/airflow/.local/lib/python3.12/site-packages/airflow/example_dags/example_time_delta_sensor_async.py
[2025-02-26T01:46:47.679+0000] {processor.py:840} INFO - DAG(s) 'example_time_delta_sensor_async' retrieved from /home/airflow/.local/lib/python3.12/site-packages/airflow/example_dags/example_time_delta_sensor_async.py
[2025-02-26T01:46:47.704+0000] {logging_mixin.py:188} INFO - [2025-02-26T01:46:47.703+0000] {dag.py:3096} INFO - Sync 1 DAGs
[2025-02-26T01:46:47.718+0000] {logging_mixin.py:188} INFO - [2025-02-26T01:46:47.717+0000] {dag.py:3954} INFO - Setting next_dagrun for example_time_delta_sensor_async to None, run_after=None
[2025-02-26T01:46:47.741+0000] {processor.py:183} INFO - Processing /home/airflow/.local/lib/python3.12/site-packages/airflow/example_dags/example_time_delta_sensor_async.py took 0.080 seconds
[2025-02-26T01:47:18.167+0000] {processor.py:161} INFO - Started process (PID=3363) to work on /home/airflow/.local/lib/python3.12/site-packages/airflow/example_dags/example_time_delta_sensor_async.py
[2025-02-26T01:47:18.168+0000] {processor.py:830} INFO - Processing file /home/airflow/.local/lib/python3.12/site-packages/airflow/example_dags/example_time_delta_sensor_async.py for tasks to queue
[2025-02-26T01:47:18.170+0000] {logging_mixin.py:188} INFO - [2025-02-26T01:47:18.170+0000] {dagbag.py:540} INFO - Filling up the DagBag from /home/airflow/.local/lib/python3.12/site-packages/airflow/example_dags/example_time_delta_sensor_async.py
[2025-02-26T01:47:18.176+0000] {processor.py:840} INFO - DAG(s) 'example_time_delta_sensor_async' retrieved from /home/airflow/.local/lib/python3.12/site-packages/airflow/example_dags/example_time_delta_sensor_async.py
[2025-02-26T01:47:18.197+0000] {logging_mixin.py:188} INFO - [2025-02-26T01:47:18.197+0000] {dag.py:3096} INFO - Sync 1 DAGs
[2025-02-26T01:47:18.211+0000] {logging_mixin.py:188} INFO - [2025-02-26T01:47:18.210+0000] {dag.py:3954} INFO - Setting next_dagrun for example_time_delta_sensor_async to None, run_after=None
[2025-02-26T01:47:18.240+0000] {processor.py:183} INFO - Processing /home/airflow/.local/lib/python3.12/site-packages/airflow/example_dags/example_time_delta_sensor_async.py took 0.080 seconds
[2025-02-26T01:47:48.772+0000] {processor.py:161} INFO - Started process (PID=3422) to work on /home/airflow/.local/lib/python3.12/site-packages/airflow/example_dags/example_time_delta_sensor_async.py
[2025-02-26T01:47:48.774+0000] {processor.py:830} INFO - Processing file /home/airflow/.local/lib/python3.12/site-packages/airflow/example_dags/example_time_delta_sensor_async.py for tasks to queue
[2025-02-26T01:47:48.780+0000] {logging_mixin.py:188} INFO - [2025-02-26T01:47:48.777+0000] {dagbag.py:540} INFO - Filling up the DagBag from /home/airflow/.local/lib/python3.12/site-packages/airflow/example_dags/example_time_delta_sensor_async.py
[2025-02-26T01:47:48.796+0000] {processor.py:840} INFO - DAG(s) 'example_time_delta_sensor_async' retrieved from /home/airflow/.local/lib/python3.12/site-packages/airflow/example_dags/example_time_delta_sensor_async.py
[2025-02-26T01:47:48.847+0000] {logging_mixin.py:188} INFO - [2025-02-26T01:47:48.847+0000] {dag.py:3096} INFO - Sync 1 DAGs
[2025-02-26T01:47:48.876+0000] {logging_mixin.py:188} INFO - [2025-02-26T01:47:48.876+0000] {dag.py:3954} INFO - Setting next_dagrun for example_time_delta_sensor_async to None, run_after=None
[2025-02-26T01:47:48.909+0000] {processor.py:183} INFO - Processing /home/airflow/.local/lib/python3.12/site-packages/airflow/example_dags/example_time_delta_sensor_async.py took 0.149 seconds
[2025-02-26T01:48:18.987+0000] {processor.py:161} INFO - Started process (PID=3479) to work on /home/airflow/.local/lib/python3.12/site-packages/airflow/example_dags/example_time_delta_sensor_async.py
[2025-02-26T01:48:18.988+0000] {processor.py:830} INFO - Processing file /home/airflow/.local/lib/python3.12/site-packages/airflow/example_dags/example_time_delta_sensor_async.py for tasks to queue
[2025-02-26T01:48:18.990+0000] {logging_mixin.py:188} INFO - [2025-02-26T01:48:18.990+0000] {dagbag.py:540} INFO - Filling up the DagBag from /home/airflow/.local/lib/python3.12/site-packages/airflow/example_dags/example_time_delta_sensor_async.py
[2025-02-26T01:48:18.996+0000] {processor.py:840} INFO - DAG(s) 'example_time_delta_sensor_async' retrieved from /home/airflow/.local/lib/python3.12/site-packages/airflow/example_dags/example_time_delta_sensor_async.py
[2025-02-26T01:48:19.023+0000] {logging_mixin.py:188} INFO - [2025-02-26T01:48:19.022+0000] {dag.py:3096} INFO - Sync 1 DAGs
[2025-02-26T01:48:19.047+0000] {logging_mixin.py:188} INFO - [2025-02-26T01:48:19.047+0000] {dag.py:3954} INFO - Setting next_dagrun for example_time_delta_sensor_async to None, run_after=None
[2025-02-26T01:48:19.086+0000] {processor.py:183} INFO - Processing /home/airflow/.local/lib/python3.12/site-packages/airflow/example_dags/example_time_delta_sensor_async.py took 0.108 seconds
[2025-02-26T01:48:49.275+0000] {processor.py:161} INFO - Started process (PID=3538) to work on /home/airflow/.local/lib/python3.12/site-packages/airflow/example_dags/example_time_delta_sensor_async.py
[2025-02-26T01:48:49.276+0000] {processor.py:830} INFO - Processing file /home/airflow/.local/lib/python3.12/site-packages/airflow/example_dags/example_time_delta_sensor_async.py for tasks to queue
[2025-02-26T01:48:49.279+0000] {logging_mixin.py:188} INFO - [2025-02-26T01:48:49.278+0000] {dagbag.py:540} INFO - Filling up the DagBag from /home/airflow/.local/lib/python3.12/site-packages/airflow/example_dags/example_time_delta_sensor_async.py
[2025-02-26T01:48:49.284+0000] {processor.py:840} INFO - DAG(s) 'example_time_delta_sensor_async' retrieved from /home/airflow/.local/lib/python3.12/site-packages/airflow/example_dags/example_time_delta_sensor_async.py
[2025-02-26T01:48:49.308+0000] {logging_mixin.py:188} INFO - [2025-02-26T01:48:49.307+0000] {dag.py:3096} INFO - Sync 1 DAGs
[2025-02-26T01:48:49.324+0000] {logging_mixin.py:188} INFO - [2025-02-26T01:48:49.323+0000] {dag.py:3954} INFO - Setting next_dagrun for example_time_delta_sensor_async to None, run_after=None
[2025-02-26T01:48:49.347+0000] {processor.py:183} INFO - Processing /home/airflow/.local/lib/python3.12/site-packages/airflow/example_dags/example_time_delta_sensor_async.py took 0.079 seconds
