[2025-02-26T01:14:39.147+0000] {processor.py:161} INFO - Started process (PID=113) to work on /home/airflow/.local/lib/python3.12/site-packages/airflow/example_dags/example_skip_dag.py
[2025-02-26T01:14:39.150+0000] {processor.py:830} INFO - Processing file /home/airflow/.local/lib/python3.12/site-packages/airflow/example_dags/example_skip_dag.py for tasks to queue
[2025-02-26T01:14:39.154+0000] {logging_mixin.py:188} INFO - [2025-02-26T01:14:39.153+0000] {dagbag.py:540} INFO - Filling up the DagBag from /home/airflow/.local/lib/python3.12/site-packages/airflow/example_dags/example_skip_dag.py
[2025-02-26T01:14:39.166+0000] {processor.py:840} INFO - DAG(s) 'example_skip_dag' retrieved from /home/airflow/.local/lib/python3.12/site-packages/airflow/example_dags/example_skip_dag.py
[2025-02-26T01:14:39.216+0000] {logging_mixin.py:188} INFO - [2025-02-26T01:14:39.216+0000] {dag.py:3096} INFO - Sync 1 DAGs
[2025-02-26T01:14:39.240+0000] {logging_mixin.py:188} INFO - [2025-02-26T01:14:39.240+0000] {dag.py:3954} INFO - Setting next_dagrun for example_skip_dag to 2025-02-25 00:00:00+00:00, run_after=2025-02-26 00:00:00+00:00
[2025-02-26T01:14:39.326+0000] {processor.py:183} INFO - Processing /home/airflow/.local/lib/python3.12/site-packages/airflow/example_dags/example_skip_dag.py took 0.192 seconds
[2025-02-26T01:19:14.952+0000] {processor.py:161} INFO - Started process (PID=96) to work on /home/airflow/.local/lib/python3.12/site-packages/airflow/example_dags/example_skip_dag.py
[2025-02-26T01:19:14.955+0000] {processor.py:830} INFO - Processing file /home/airflow/.local/lib/python3.12/site-packages/airflow/example_dags/example_skip_dag.py for tasks to queue
[2025-02-26T01:19:14.957+0000] {logging_mixin.py:188} INFO - [2025-02-26T01:19:14.957+0000] {dagbag.py:540} INFO - Filling up the DagBag from /home/airflow/.local/lib/python3.12/site-packages/airflow/example_dags/example_skip_dag.py
[2025-02-26T01:19:14.967+0000] {processor.py:840} INFO - DAG(s) 'example_skip_dag' retrieved from /home/airflow/.local/lib/python3.12/site-packages/airflow/example_dags/example_skip_dag.py
[2025-02-26T01:19:14.994+0000] {logging_mixin.py:188} INFO - [2025-02-26T01:19:14.994+0000] {dag.py:3096} INFO - Sync 1 DAGs
[2025-02-26T01:19:15.024+0000] {logging_mixin.py:188} INFO - [2025-02-26T01:19:15.023+0000] {dag.py:3954} INFO - Setting next_dagrun for example_skip_dag to 2025-02-25 00:00:00+00:00, run_after=2025-02-26 00:00:00+00:00
[2025-02-26T01:19:15.046+0000] {processor.py:183} INFO - Processing /home/airflow/.local/lib/python3.12/site-packages/airflow/example_dags/example_skip_dag.py took 0.100 seconds
[2025-02-26T01:19:45.094+0000] {processor.py:161} INFO - Started process (PID=156) to work on /home/airflow/.local/lib/python3.12/site-packages/airflow/example_dags/example_skip_dag.py
[2025-02-26T01:19:45.096+0000] {processor.py:830} INFO - Processing file /home/airflow/.local/lib/python3.12/site-packages/airflow/example_dags/example_skip_dag.py for tasks to queue
[2025-02-26T01:19:45.098+0000] {logging_mixin.py:188} INFO - [2025-02-26T01:19:45.098+0000] {dagbag.py:540} INFO - Filling up the DagBag from /home/airflow/.local/lib/python3.12/site-packages/airflow/example_dags/example_skip_dag.py
[2025-02-26T01:19:45.105+0000] {processor.py:840} INFO - DAG(s) 'example_skip_dag' retrieved from /home/airflow/.local/lib/python3.12/site-packages/airflow/example_dags/example_skip_dag.py
[2025-02-26T01:19:45.128+0000] {logging_mixin.py:188} INFO - [2025-02-26T01:19:45.127+0000] {dag.py:3096} INFO - Sync 1 DAGs
[2025-02-26T01:19:45.151+0000] {logging_mixin.py:188} INFO - [2025-02-26T01:19:45.151+0000] {dag.py:3954} INFO - Setting next_dagrun for example_skip_dag to 2025-02-25 00:00:00+00:00, run_after=2025-02-26 00:00:00+00:00
[2025-02-26T01:19:45.172+0000] {processor.py:183} INFO - Processing /home/airflow/.local/lib/python3.12/site-packages/airflow/example_dags/example_skip_dag.py took 0.085 seconds
[2025-02-26T01:20:15.249+0000] {processor.py:161} INFO - Started process (PID=216) to work on /home/airflow/.local/lib/python3.12/site-packages/airflow/example_dags/example_skip_dag.py
[2025-02-26T01:20:15.250+0000] {processor.py:830} INFO - Processing file /home/airflow/.local/lib/python3.12/site-packages/airflow/example_dags/example_skip_dag.py for tasks to queue
[2025-02-26T01:20:15.252+0000] {logging_mixin.py:188} INFO - [2025-02-26T01:20:15.252+0000] {dagbag.py:540} INFO - Filling up the DagBag from /home/airflow/.local/lib/python3.12/site-packages/airflow/example_dags/example_skip_dag.py
[2025-02-26T01:20:15.259+0000] {processor.py:840} INFO - DAG(s) 'example_skip_dag' retrieved from /home/airflow/.local/lib/python3.12/site-packages/airflow/example_dags/example_skip_dag.py
[2025-02-26T01:20:15.282+0000] {logging_mixin.py:188} INFO - [2025-02-26T01:20:15.282+0000] {dag.py:3096} INFO - Sync 1 DAGs
[2025-02-26T01:20:15.311+0000] {logging_mixin.py:188} INFO - [2025-02-26T01:20:15.311+0000] {dag.py:3954} INFO - Setting next_dagrun for example_skip_dag to 2025-02-25 00:00:00+00:00, run_after=2025-02-26 00:00:00+00:00
[2025-02-26T01:20:15.330+0000] {processor.py:183} INFO - Processing /home/airflow/.local/lib/python3.12/site-packages/airflow/example_dags/example_skip_dag.py took 0.087 seconds
[2025-02-26T01:20:48.016+0000] {processor.py:161} INFO - Started process (PID=276) to work on /home/airflow/.local/lib/python3.12/site-packages/airflow/example_dags/example_skip_dag.py
[2025-02-26T01:20:48.018+0000] {processor.py:830} INFO - Processing file /home/airflow/.local/lib/python3.12/site-packages/airflow/example_dags/example_skip_dag.py for tasks to queue
[2025-02-26T01:20:48.024+0000] {logging_mixin.py:188} INFO - [2025-02-26T01:20:48.023+0000] {dagbag.py:540} INFO - Filling up the DagBag from /home/airflow/.local/lib/python3.12/site-packages/airflow/example_dags/example_skip_dag.py
[2025-02-26T01:20:48.044+0000] {processor.py:840} INFO - DAG(s) 'example_skip_dag' retrieved from /home/airflow/.local/lib/python3.12/site-packages/airflow/example_dags/example_skip_dag.py
[2025-02-26T01:20:48.093+0000] {logging_mixin.py:188} INFO - [2025-02-26T01:20:48.092+0000] {dag.py:3096} INFO - Sync 1 DAGs
[2025-02-26T01:20:48.146+0000] {logging_mixin.py:188} INFO - [2025-02-26T01:20:48.146+0000] {dag.py:3954} INFO - Setting next_dagrun for example_skip_dag to 2025-02-25 00:00:00+00:00, run_after=2025-02-26 00:00:00+00:00
[2025-02-26T01:20:48.220+0000] {processor.py:183} INFO - Processing /home/airflow/.local/lib/python3.12/site-packages/airflow/example_dags/example_skip_dag.py took 0.217 seconds
[2025-02-26T01:21:23.726+0000] {processor.py:161} INFO - Started process (PID=336) to work on /home/airflow/.local/lib/python3.12/site-packages/airflow/example_dags/example_skip_dag.py
[2025-02-26T01:21:23.728+0000] {processor.py:830} INFO - Processing file /home/airflow/.local/lib/python3.12/site-packages/airflow/example_dags/example_skip_dag.py for tasks to queue
[2025-02-26T01:21:23.732+0000] {logging_mixin.py:188} INFO - [2025-02-26T01:21:23.732+0000] {dagbag.py:540} INFO - Filling up the DagBag from /home/airflow/.local/lib/python3.12/site-packages/airflow/example_dags/example_skip_dag.py
[2025-02-26T01:21:23.743+0000] {processor.py:840} INFO - DAG(s) 'example_skip_dag' retrieved from /home/airflow/.local/lib/python3.12/site-packages/airflow/example_dags/example_skip_dag.py
[2025-02-26T01:21:23.779+0000] {logging_mixin.py:188} INFO - [2025-02-26T01:21:23.778+0000] {dag.py:3096} INFO - Sync 1 DAGs
[2025-02-26T01:21:23.808+0000] {logging_mixin.py:188} INFO - [2025-02-26T01:21:23.807+0000] {dag.py:3954} INFO - Setting next_dagrun for example_skip_dag to 2025-02-25 00:00:00+00:00, run_after=2025-02-26 00:00:00+00:00
[2025-02-26T01:21:23.846+0000] {processor.py:183} INFO - Processing /home/airflow/.local/lib/python3.12/site-packages/airflow/example_dags/example_skip_dag.py took 0.128 seconds
[2025-02-26T01:21:59.003+0000] {processor.py:161} INFO - Started process (PID=400) to work on /home/airflow/.local/lib/python3.12/site-packages/airflow/example_dags/example_skip_dag.py
[2025-02-26T01:21:59.026+0000] {processor.py:830} INFO - Processing file /home/airflow/.local/lib/python3.12/site-packages/airflow/example_dags/example_skip_dag.py for tasks to queue
[2025-02-26T01:21:59.031+0000] {logging_mixin.py:188} INFO - [2025-02-26T01:21:59.030+0000] {dagbag.py:540} INFO - Filling up the DagBag from /home/airflow/.local/lib/python3.12/site-packages/airflow/example_dags/example_skip_dag.py
[2025-02-26T01:21:59.041+0000] {processor.py:840} INFO - DAG(s) 'example_skip_dag' retrieved from /home/airflow/.local/lib/python3.12/site-packages/airflow/example_dags/example_skip_dag.py
[2025-02-26T01:21:59.076+0000] {logging_mixin.py:188} INFO - [2025-02-26T01:21:59.075+0000] {dag.py:3096} INFO - Sync 1 DAGs
[2025-02-26T01:21:59.120+0000] {logging_mixin.py:188} INFO - [2025-02-26T01:21:59.120+0000] {dag.py:3954} INFO - Setting next_dagrun for example_skip_dag to 2025-02-25 00:00:00+00:00, run_after=2025-02-26 00:00:00+00:00
[2025-02-26T01:21:59.173+0000] {processor.py:183} INFO - Processing /home/airflow/.local/lib/python3.12/site-packages/airflow/example_dags/example_skip_dag.py took 0.180 seconds
[2025-02-26T01:22:29.425+0000] {processor.py:161} INFO - Started process (PID=460) to work on /home/airflow/.local/lib/python3.12/site-packages/airflow/example_dags/example_skip_dag.py
[2025-02-26T01:22:29.426+0000] {processor.py:830} INFO - Processing file /home/airflow/.local/lib/python3.12/site-packages/airflow/example_dags/example_skip_dag.py for tasks to queue
[2025-02-26T01:22:29.429+0000] {logging_mixin.py:188} INFO - [2025-02-26T01:22:29.429+0000] {dagbag.py:540} INFO - Filling up the DagBag from /home/airflow/.local/lib/python3.12/site-packages/airflow/example_dags/example_skip_dag.py
[2025-02-26T01:22:29.437+0000] {processor.py:840} INFO - DAG(s) 'example_skip_dag' retrieved from /home/airflow/.local/lib/python3.12/site-packages/airflow/example_dags/example_skip_dag.py
[2025-02-26T01:22:29.468+0000] {logging_mixin.py:188} INFO - [2025-02-26T01:22:29.467+0000] {dag.py:3096} INFO - Sync 1 DAGs
[2025-02-26T01:22:29.507+0000] {logging_mixin.py:188} INFO - [2025-02-26T01:22:29.506+0000] {dag.py:3954} INFO - Setting next_dagrun for example_skip_dag to 2025-02-25 00:00:00+00:00, run_after=2025-02-26 00:00:00+00:00
[2025-02-26T01:22:29.549+0000] {processor.py:183} INFO - Processing /home/airflow/.local/lib/python3.12/site-packages/airflow/example_dags/example_skip_dag.py took 0.132 seconds
[2025-02-26T01:22:59.821+0000] {processor.py:161} INFO - Started process (PID=520) to work on /home/airflow/.local/lib/python3.12/site-packages/airflow/example_dags/example_skip_dag.py
[2025-02-26T01:22:59.822+0000] {processor.py:830} INFO - Processing file /home/airflow/.local/lib/python3.12/site-packages/airflow/example_dags/example_skip_dag.py for tasks to queue
[2025-02-26T01:22:59.824+0000] {logging_mixin.py:188} INFO - [2025-02-26T01:22:59.824+0000] {dagbag.py:540} INFO - Filling up the DagBag from /home/airflow/.local/lib/python3.12/site-packages/airflow/example_dags/example_skip_dag.py
[2025-02-26T01:22:59.831+0000] {processor.py:840} INFO - DAG(s) 'example_skip_dag' retrieved from /home/airflow/.local/lib/python3.12/site-packages/airflow/example_dags/example_skip_dag.py
[2025-02-26T01:22:59.854+0000] {logging_mixin.py:188} INFO - [2025-02-26T01:22:59.854+0000] {dag.py:3096} INFO - Sync 1 DAGs
[2025-02-26T01:22:59.877+0000] {logging_mixin.py:188} INFO - [2025-02-26T01:22:59.877+0000] {dag.py:3954} INFO - Setting next_dagrun for example_skip_dag to 2025-02-25 00:00:00+00:00, run_after=2025-02-26 00:00:00+00:00
[2025-02-26T01:22:59.900+0000] {processor.py:183} INFO - Processing /home/airflow/.local/lib/python3.12/site-packages/airflow/example_dags/example_skip_dag.py took 0.086 seconds
[2025-02-26T01:23:30.067+0000] {processor.py:161} INFO - Started process (PID=580) to work on /home/airflow/.local/lib/python3.12/site-packages/airflow/example_dags/example_skip_dag.py
[2025-02-26T01:23:30.069+0000] {processor.py:830} INFO - Processing file /home/airflow/.local/lib/python3.12/site-packages/airflow/example_dags/example_skip_dag.py for tasks to queue
[2025-02-26T01:23:30.071+0000] {logging_mixin.py:188} INFO - [2025-02-26T01:23:30.071+0000] {dagbag.py:540} INFO - Filling up the DagBag from /home/airflow/.local/lib/python3.12/site-packages/airflow/example_dags/example_skip_dag.py
[2025-02-26T01:23:30.083+0000] {processor.py:840} INFO - DAG(s) 'example_skip_dag' retrieved from /home/airflow/.local/lib/python3.12/site-packages/airflow/example_dags/example_skip_dag.py
[2025-02-26T01:23:30.109+0000] {logging_mixin.py:188} INFO - [2025-02-26T01:23:30.109+0000] {dag.py:3096} INFO - Sync 1 DAGs
[2025-02-26T01:23:30.132+0000] {logging_mixin.py:188} INFO - [2025-02-26T01:23:30.132+0000] {dag.py:3954} INFO - Setting next_dagrun for example_skip_dag to 2025-02-25 00:00:00+00:00, run_after=2025-02-26 00:00:00+00:00
[2025-02-26T01:23:30.151+0000] {processor.py:183} INFO - Processing /home/airflow/.local/lib/python3.12/site-packages/airflow/example_dags/example_skip_dag.py took 0.092 seconds
[2025-02-26T01:24:00.663+0000] {processor.py:161} INFO - Started process (PID=640) to work on /home/airflow/.local/lib/python3.12/site-packages/airflow/example_dags/example_skip_dag.py
[2025-02-26T01:24:00.664+0000] {processor.py:830} INFO - Processing file /home/airflow/.local/lib/python3.12/site-packages/airflow/example_dags/example_skip_dag.py for tasks to queue
[2025-02-26T01:24:00.667+0000] {logging_mixin.py:188} INFO - [2025-02-26T01:24:00.667+0000] {dagbag.py:540} INFO - Filling up the DagBag from /home/airflow/.local/lib/python3.12/site-packages/airflow/example_dags/example_skip_dag.py
[2025-02-26T01:24:00.675+0000] {processor.py:840} INFO - DAG(s) 'example_skip_dag' retrieved from /home/airflow/.local/lib/python3.12/site-packages/airflow/example_dags/example_skip_dag.py
[2025-02-26T01:24:00.697+0000] {logging_mixin.py:188} INFO - [2025-02-26T01:24:00.697+0000] {dag.py:3096} INFO - Sync 1 DAGs
[2025-02-26T01:24:00.721+0000] {logging_mixin.py:188} INFO - [2025-02-26T01:24:00.721+0000] {dag.py:3954} INFO - Setting next_dagrun for example_skip_dag to 2025-02-25 00:00:00+00:00, run_after=2025-02-26 00:00:00+00:00
[2025-02-26T01:24:00.742+0000] {processor.py:183} INFO - Processing /home/airflow/.local/lib/python3.12/site-packages/airflow/example_dags/example_skip_dag.py took 0.087 seconds
[2025-02-26T01:24:31.250+0000] {processor.py:161} INFO - Started process (PID=700) to work on /home/airflow/.local/lib/python3.12/site-packages/airflow/example_dags/example_skip_dag.py
[2025-02-26T01:24:31.251+0000] {processor.py:830} INFO - Processing file /home/airflow/.local/lib/python3.12/site-packages/airflow/example_dags/example_skip_dag.py for tasks to queue
[2025-02-26T01:24:31.254+0000] {logging_mixin.py:188} INFO - [2025-02-26T01:24:31.254+0000] {dagbag.py:540} INFO - Filling up the DagBag from /home/airflow/.local/lib/python3.12/site-packages/airflow/example_dags/example_skip_dag.py
[2025-02-26T01:24:31.266+0000] {processor.py:840} INFO - DAG(s) 'example_skip_dag' retrieved from /home/airflow/.local/lib/python3.12/site-packages/airflow/example_dags/example_skip_dag.py
[2025-02-26T01:24:31.296+0000] {logging_mixin.py:188} INFO - [2025-02-26T01:24:31.295+0000] {dag.py:3096} INFO - Sync 1 DAGs
[2025-02-26T01:24:31.328+0000] {logging_mixin.py:188} INFO - [2025-02-26T01:24:31.328+0000] {dag.py:3954} INFO - Setting next_dagrun for example_skip_dag to 2025-02-25 00:00:00+00:00, run_after=2025-02-26 00:00:00+00:00
[2025-02-26T01:24:31.357+0000] {processor.py:183} INFO - Processing /home/airflow/.local/lib/python3.12/site-packages/airflow/example_dags/example_skip_dag.py took 0.118 seconds
[2025-02-26T01:25:03.086+0000] {processor.py:161} INFO - Started process (PID=760) to work on /home/airflow/.local/lib/python3.12/site-packages/airflow/example_dags/example_skip_dag.py
[2025-02-26T01:25:03.088+0000] {processor.py:830} INFO - Processing file /home/airflow/.local/lib/python3.12/site-packages/airflow/example_dags/example_skip_dag.py for tasks to queue
[2025-02-26T01:25:03.090+0000] {logging_mixin.py:188} INFO - [2025-02-26T01:25:03.090+0000] {dagbag.py:540} INFO - Filling up the DagBag from /home/airflow/.local/lib/python3.12/site-packages/airflow/example_dags/example_skip_dag.py
[2025-02-26T01:25:03.098+0000] {processor.py:840} INFO - DAG(s) 'example_skip_dag' retrieved from /home/airflow/.local/lib/python3.12/site-packages/airflow/example_dags/example_skip_dag.py
[2025-02-26T01:25:03.125+0000] {logging_mixin.py:188} INFO - [2025-02-26T01:25:03.124+0000] {dag.py:3096} INFO - Sync 1 DAGs
[2025-02-26T01:25:03.158+0000] {logging_mixin.py:188} INFO - [2025-02-26T01:25:03.158+0000] {dag.py:3954} INFO - Setting next_dagrun for example_skip_dag to 2025-02-25 00:00:00+00:00, run_after=2025-02-26 00:00:00+00:00
[2025-02-26T01:25:03.181+0000] {processor.py:183} INFO - Processing /home/airflow/.local/lib/python3.12/site-packages/airflow/example_dags/example_skip_dag.py took 0.103 seconds
[2025-02-26T01:25:33.701+0000] {processor.py:161} INFO - Started process (PID=820) to work on /home/airflow/.local/lib/python3.12/site-packages/airflow/example_dags/example_skip_dag.py
[2025-02-26T01:25:33.702+0000] {processor.py:830} INFO - Processing file /home/airflow/.local/lib/python3.12/site-packages/airflow/example_dags/example_skip_dag.py for tasks to queue
[2025-02-26T01:25:33.704+0000] {logging_mixin.py:188} INFO - [2025-02-26T01:25:33.704+0000] {dagbag.py:540} INFO - Filling up the DagBag from /home/airflow/.local/lib/python3.12/site-packages/airflow/example_dags/example_skip_dag.py
[2025-02-26T01:25:33.712+0000] {processor.py:840} INFO - DAG(s) 'example_skip_dag' retrieved from /home/airflow/.local/lib/python3.12/site-packages/airflow/example_dags/example_skip_dag.py
[2025-02-26T01:25:33.737+0000] {logging_mixin.py:188} INFO - [2025-02-26T01:25:33.737+0000] {dag.py:3096} INFO - Sync 1 DAGs
[2025-02-26T01:25:33.760+0000] {logging_mixin.py:188} INFO - [2025-02-26T01:25:33.760+0000] {dag.py:3954} INFO - Setting next_dagrun for example_skip_dag to 2025-02-25 00:00:00+00:00, run_after=2025-02-26 00:00:00+00:00
[2025-02-26T01:25:33.785+0000] {processor.py:183} INFO - Processing /home/airflow/.local/lib/python3.12/site-packages/airflow/example_dags/example_skip_dag.py took 0.090 seconds
[2025-02-26T01:26:04.475+0000] {processor.py:161} INFO - Started process (PID=880) to work on /home/airflow/.local/lib/python3.12/site-packages/airflow/example_dags/example_skip_dag.py
[2025-02-26T01:26:04.476+0000] {processor.py:830} INFO - Processing file /home/airflow/.local/lib/python3.12/site-packages/airflow/example_dags/example_skip_dag.py for tasks to queue
[2025-02-26T01:26:04.478+0000] {logging_mixin.py:188} INFO - [2025-02-26T01:26:04.478+0000] {dagbag.py:540} INFO - Filling up the DagBag from /home/airflow/.local/lib/python3.12/site-packages/airflow/example_dags/example_skip_dag.py
[2025-02-26T01:26:04.485+0000] {processor.py:840} INFO - DAG(s) 'example_skip_dag' retrieved from /home/airflow/.local/lib/python3.12/site-packages/airflow/example_dags/example_skip_dag.py
[2025-02-26T01:26:04.508+0000] {logging_mixin.py:188} INFO - [2025-02-26T01:26:04.508+0000] {dag.py:3096} INFO - Sync 1 DAGs
[2025-02-26T01:26:04.534+0000] {logging_mixin.py:188} INFO - [2025-02-26T01:26:04.534+0000] {dag.py:3954} INFO - Setting next_dagrun for example_skip_dag to 2025-02-25 00:00:00+00:00, run_after=2025-02-26 00:00:00+00:00
[2025-02-26T01:26:04.557+0000] {processor.py:183} INFO - Processing /home/airflow/.local/lib/python3.12/site-packages/airflow/example_dags/example_skip_dag.py took 0.088 seconds
[2025-02-26T01:26:37.459+0000] {processor.py:161} INFO - Started process (PID=940) to work on /home/airflow/.local/lib/python3.12/site-packages/airflow/example_dags/example_skip_dag.py
[2025-02-26T01:26:37.460+0000] {processor.py:830} INFO - Processing file /home/airflow/.local/lib/python3.12/site-packages/airflow/example_dags/example_skip_dag.py for tasks to queue
[2025-02-26T01:26:37.462+0000] {logging_mixin.py:188} INFO - [2025-02-26T01:26:37.462+0000] {dagbag.py:540} INFO - Filling up the DagBag from /home/airflow/.local/lib/python3.12/site-packages/airflow/example_dags/example_skip_dag.py
[2025-02-26T01:26:37.472+0000] {processor.py:840} INFO - DAG(s) 'example_skip_dag' retrieved from /home/airflow/.local/lib/python3.12/site-packages/airflow/example_dags/example_skip_dag.py
[2025-02-26T01:26:37.509+0000] {logging_mixin.py:188} INFO - [2025-02-26T01:26:37.509+0000] {dag.py:3096} INFO - Sync 1 DAGs
[2025-02-26T01:26:37.544+0000] {logging_mixin.py:188} INFO - [2025-02-26T01:26:37.544+0000] {dag.py:3954} INFO - Setting next_dagrun for example_skip_dag to 2025-02-25 00:00:00+00:00, run_after=2025-02-26 00:00:00+00:00
[2025-02-26T01:26:37.890+0000] {processor.py:183} INFO - Processing /home/airflow/.local/lib/python3.12/site-packages/airflow/example_dags/example_skip_dag.py took 0.439 seconds
[2025-02-26T01:27:08.649+0000] {processor.py:161} INFO - Started process (PID=1000) to work on /home/airflow/.local/lib/python3.12/site-packages/airflow/example_dags/example_skip_dag.py
[2025-02-26T01:27:08.650+0000] {processor.py:830} INFO - Processing file /home/airflow/.local/lib/python3.12/site-packages/airflow/example_dags/example_skip_dag.py for tasks to queue
[2025-02-26T01:27:08.653+0000] {logging_mixin.py:188} INFO - [2025-02-26T01:27:08.652+0000] {dagbag.py:540} INFO - Filling up the DagBag from /home/airflow/.local/lib/python3.12/site-packages/airflow/example_dags/example_skip_dag.py
[2025-02-26T01:27:08.660+0000] {processor.py:840} INFO - DAG(s) 'example_skip_dag' retrieved from /home/airflow/.local/lib/python3.12/site-packages/airflow/example_dags/example_skip_dag.py
[2025-02-26T01:27:08.686+0000] {logging_mixin.py:188} INFO - [2025-02-26T01:27:08.685+0000] {dag.py:3096} INFO - Sync 1 DAGs
[2025-02-26T01:27:08.711+0000] {logging_mixin.py:188} INFO - [2025-02-26T01:27:08.711+0000] {dag.py:3954} INFO - Setting next_dagrun for example_skip_dag to 2025-02-25 00:00:00+00:00, run_after=2025-02-26 00:00:00+00:00
[2025-02-26T01:27:08.784+0000] {processor.py:183} INFO - Processing /home/airflow/.local/lib/python3.12/site-packages/airflow/example_dags/example_skip_dag.py took 0.142 seconds
[2025-02-26T01:27:50.960+0000] {processor.py:161} INFO - Started process (PID=1066) to work on /home/airflow/.local/lib/python3.12/site-packages/airflow/example_dags/example_skip_dag.py
[2025-02-26T01:27:50.962+0000] {processor.py:830} INFO - Processing file /home/airflow/.local/lib/python3.12/site-packages/airflow/example_dags/example_skip_dag.py for tasks to queue
[2025-02-26T01:27:50.969+0000] {logging_mixin.py:188} INFO - [2025-02-26T01:27:50.968+0000] {dagbag.py:540} INFO - Filling up the DagBag from /home/airflow/.local/lib/python3.12/site-packages/airflow/example_dags/example_skip_dag.py
[2025-02-26T01:27:50.986+0000] {processor.py:840} INFO - DAG(s) 'example_skip_dag' retrieved from /home/airflow/.local/lib/python3.12/site-packages/airflow/example_dags/example_skip_dag.py
[2025-02-26T01:27:51.039+0000] {logging_mixin.py:188} INFO - [2025-02-26T01:27:51.039+0000] {dag.py:3096} INFO - Sync 1 DAGs
[2025-02-26T01:27:51.097+0000] {logging_mixin.py:188} INFO - [2025-02-26T01:27:51.096+0000] {dag.py:3954} INFO - Setting next_dagrun for example_skip_dag to 2025-02-25 00:00:00+00:00, run_after=2025-02-26 00:00:00+00:00
[2025-02-26T01:27:51.156+0000] {processor.py:183} INFO - Processing /home/airflow/.local/lib/python3.12/site-packages/airflow/example_dags/example_skip_dag.py took 0.210 seconds
[2025-02-26T01:28:21.775+0000] {processor.py:161} INFO - Started process (PID=1126) to work on /home/airflow/.local/lib/python3.12/site-packages/airflow/example_dags/example_skip_dag.py
[2025-02-26T01:28:21.776+0000] {processor.py:830} INFO - Processing file /home/airflow/.local/lib/python3.12/site-packages/airflow/example_dags/example_skip_dag.py for tasks to queue
[2025-02-26T01:28:21.780+0000] {logging_mixin.py:188} INFO - [2025-02-26T01:28:21.779+0000] {dagbag.py:540} INFO - Filling up the DagBag from /home/airflow/.local/lib/python3.12/site-packages/airflow/example_dags/example_skip_dag.py
[2025-02-26T01:28:21.788+0000] {processor.py:840} INFO - DAG(s) 'example_skip_dag' retrieved from /home/airflow/.local/lib/python3.12/site-packages/airflow/example_dags/example_skip_dag.py
[2025-02-26T01:28:21.814+0000] {logging_mixin.py:188} INFO - [2025-02-26T01:28:21.814+0000] {dag.py:3096} INFO - Sync 1 DAGs
[2025-02-26T01:28:21.842+0000] {logging_mixin.py:188} INFO - [2025-02-26T01:28:21.842+0000] {dag.py:3954} INFO - Setting next_dagrun for example_skip_dag to 2025-02-25 00:00:00+00:00, run_after=2025-02-26 00:00:00+00:00
[2025-02-26T01:28:21.870+0000] {processor.py:183} INFO - Processing /home/airflow/.local/lib/python3.12/site-packages/airflow/example_dags/example_skip_dag.py took 0.102 seconds
[2025-02-26T01:28:52.274+0000] {processor.py:161} INFO - Started process (PID=1186) to work on /home/airflow/.local/lib/python3.12/site-packages/airflow/example_dags/example_skip_dag.py
[2025-02-26T01:28:52.275+0000] {processor.py:830} INFO - Processing file /home/airflow/.local/lib/python3.12/site-packages/airflow/example_dags/example_skip_dag.py for tasks to queue
[2025-02-26T01:28:52.277+0000] {logging_mixin.py:188} INFO - [2025-02-26T01:28:52.277+0000] {dagbag.py:540} INFO - Filling up the DagBag from /home/airflow/.local/lib/python3.12/site-packages/airflow/example_dags/example_skip_dag.py
[2025-02-26T01:28:52.285+0000] {processor.py:840} INFO - DAG(s) 'example_skip_dag' retrieved from /home/airflow/.local/lib/python3.12/site-packages/airflow/example_dags/example_skip_dag.py
[2025-02-26T01:28:52.308+0000] {logging_mixin.py:188} INFO - [2025-02-26T01:28:52.308+0000] {dag.py:3096} INFO - Sync 1 DAGs
[2025-02-26T01:28:52.334+0000] {logging_mixin.py:188} INFO - [2025-02-26T01:28:52.333+0000] {dag.py:3954} INFO - Setting next_dagrun for example_skip_dag to 2025-02-25 00:00:00+00:00, run_after=2025-02-26 00:00:00+00:00
[2025-02-26T01:28:52.356+0000] {processor.py:183} INFO - Processing /home/airflow/.local/lib/python3.12/site-packages/airflow/example_dags/example_skip_dag.py took 0.089 seconds
[2025-02-26T01:29:22.772+0000] {processor.py:161} INFO - Started process (PID=1246) to work on /home/airflow/.local/lib/python3.12/site-packages/airflow/example_dags/example_skip_dag.py
[2025-02-26T01:29:22.774+0000] {processor.py:830} INFO - Processing file /home/airflow/.local/lib/python3.12/site-packages/airflow/example_dags/example_skip_dag.py for tasks to queue
[2025-02-26T01:29:22.779+0000] {logging_mixin.py:188} INFO - [2025-02-26T01:29:22.779+0000] {dagbag.py:540} INFO - Filling up the DagBag from /home/airflow/.local/lib/python3.12/site-packages/airflow/example_dags/example_skip_dag.py
[2025-02-26T01:29:22.789+0000] {processor.py:840} INFO - DAG(s) 'example_skip_dag' retrieved from /home/airflow/.local/lib/python3.12/site-packages/airflow/example_dags/example_skip_dag.py
[2025-02-26T01:29:22.826+0000] {logging_mixin.py:188} INFO - [2025-02-26T01:29:22.825+0000] {dag.py:3096} INFO - Sync 1 DAGs
[2025-02-26T01:29:22.863+0000] {logging_mixin.py:188} INFO - [2025-02-26T01:29:22.862+0000] {dag.py:3954} INFO - Setting next_dagrun for example_skip_dag to 2025-02-25 00:00:00+00:00, run_after=2025-02-26 00:00:00+00:00
[2025-02-26T01:29:22.887+0000] {processor.py:183} INFO - Processing /home/airflow/.local/lib/python3.12/site-packages/airflow/example_dags/example_skip_dag.py took 0.129 seconds
[2025-02-26T01:29:53.098+0000] {processor.py:161} INFO - Started process (PID=1306) to work on /home/airflow/.local/lib/python3.12/site-packages/airflow/example_dags/example_skip_dag.py
[2025-02-26T01:29:53.099+0000] {processor.py:830} INFO - Processing file /home/airflow/.local/lib/python3.12/site-packages/airflow/example_dags/example_skip_dag.py for tasks to queue
[2025-02-26T01:29:53.101+0000] {logging_mixin.py:188} INFO - [2025-02-26T01:29:53.101+0000] {dagbag.py:540} INFO - Filling up the DagBag from /home/airflow/.local/lib/python3.12/site-packages/airflow/example_dags/example_skip_dag.py
[2025-02-26T01:29:53.108+0000] {processor.py:840} INFO - DAG(s) 'example_skip_dag' retrieved from /home/airflow/.local/lib/python3.12/site-packages/airflow/example_dags/example_skip_dag.py
[2025-02-26T01:29:53.133+0000] {logging_mixin.py:188} INFO - [2025-02-26T01:29:53.133+0000] {dag.py:3096} INFO - Sync 1 DAGs
[2025-02-26T01:29:53.159+0000] {logging_mixin.py:188} INFO - [2025-02-26T01:29:53.159+0000] {dag.py:3954} INFO - Setting next_dagrun for example_skip_dag to 2025-02-25 00:00:00+00:00, run_after=2025-02-26 00:00:00+00:00
[2025-02-26T01:29:53.182+0000] {processor.py:183} INFO - Processing /home/airflow/.local/lib/python3.12/site-packages/airflow/example_dags/example_skip_dag.py took 0.091 seconds
[2025-02-26T01:30:24.002+0000] {processor.py:161} INFO - Started process (PID=1371) to work on /home/airflow/.local/lib/python3.12/site-packages/airflow/example_dags/example_skip_dag.py
[2025-02-26T01:30:24.003+0000] {processor.py:830} INFO - Processing file /home/airflow/.local/lib/python3.12/site-packages/airflow/example_dags/example_skip_dag.py for tasks to queue
[2025-02-26T01:30:24.007+0000] {logging_mixin.py:188} INFO - [2025-02-26T01:30:24.006+0000] {dagbag.py:540} INFO - Filling up the DagBag from /home/airflow/.local/lib/python3.12/site-packages/airflow/example_dags/example_skip_dag.py
[2025-02-26T01:30:24.016+0000] {processor.py:840} INFO - DAG(s) 'example_skip_dag' retrieved from /home/airflow/.local/lib/python3.12/site-packages/airflow/example_dags/example_skip_dag.py
[2025-02-26T01:30:24.044+0000] {logging_mixin.py:188} INFO - [2025-02-26T01:30:24.043+0000] {dag.py:3096} INFO - Sync 1 DAGs
[2025-02-26T01:30:24.074+0000] {logging_mixin.py:188} INFO - [2025-02-26T01:30:24.073+0000] {dag.py:3954} INFO - Setting next_dagrun for example_skip_dag to 2025-02-25 00:00:00+00:00, run_after=2025-02-26 00:00:00+00:00
[2025-02-26T01:30:24.097+0000] {processor.py:183} INFO - Processing /home/airflow/.local/lib/python3.12/site-packages/airflow/example_dags/example_skip_dag.py took 0.103 seconds
[2025-02-26T01:30:54.239+0000] {processor.py:161} INFO - Started process (PID=1431) to work on /home/airflow/.local/lib/python3.12/site-packages/airflow/example_dags/example_skip_dag.py
[2025-02-26T01:30:54.240+0000] {processor.py:830} INFO - Processing file /home/airflow/.local/lib/python3.12/site-packages/airflow/example_dags/example_skip_dag.py for tasks to queue
[2025-02-26T01:30:54.243+0000] {logging_mixin.py:188} INFO - [2025-02-26T01:30:54.243+0000] {dagbag.py:540} INFO - Filling up the DagBag from /home/airflow/.local/lib/python3.12/site-packages/airflow/example_dags/example_skip_dag.py
[2025-02-26T01:30:54.250+0000] {processor.py:840} INFO - DAG(s) 'example_skip_dag' retrieved from /home/airflow/.local/lib/python3.12/site-packages/airflow/example_dags/example_skip_dag.py
[2025-02-26T01:30:54.277+0000] {logging_mixin.py:188} INFO - [2025-02-26T01:30:54.276+0000] {dag.py:3096} INFO - Sync 1 DAGs
[2025-02-26T01:30:54.301+0000] {logging_mixin.py:188} INFO - [2025-02-26T01:30:54.301+0000] {dag.py:3954} INFO - Setting next_dagrun for example_skip_dag to 2025-02-25 00:00:00+00:00, run_after=2025-02-26 00:00:00+00:00
[2025-02-26T01:30:54.324+0000] {processor.py:183} INFO - Processing /home/airflow/.local/lib/python3.12/site-packages/airflow/example_dags/example_skip_dag.py took 0.093 seconds
[2025-02-26T01:31:24.557+0000] {processor.py:161} INFO - Started process (PID=1491) to work on /home/airflow/.local/lib/python3.12/site-packages/airflow/example_dags/example_skip_dag.py
[2025-02-26T01:31:24.559+0000] {processor.py:830} INFO - Processing file /home/airflow/.local/lib/python3.12/site-packages/airflow/example_dags/example_skip_dag.py for tasks to queue
[2025-02-26T01:31:24.565+0000] {logging_mixin.py:188} INFO - [2025-02-26T01:31:24.564+0000] {dagbag.py:540} INFO - Filling up the DagBag from /home/airflow/.local/lib/python3.12/site-packages/airflow/example_dags/example_skip_dag.py
[2025-02-26T01:31:24.576+0000] {processor.py:840} INFO - DAG(s) 'example_skip_dag' retrieved from /home/airflow/.local/lib/python3.12/site-packages/airflow/example_dags/example_skip_dag.py
[2025-02-26T01:31:24.605+0000] {logging_mixin.py:188} INFO - [2025-02-26T01:31:24.605+0000] {dag.py:3096} INFO - Sync 1 DAGs
[2025-02-26T01:31:24.634+0000] {logging_mixin.py:188} INFO - [2025-02-26T01:31:24.634+0000] {dag.py:3954} INFO - Setting next_dagrun for example_skip_dag to 2025-02-25 00:00:00+00:00, run_after=2025-02-26 00:00:00+00:00
[2025-02-26T01:31:24.660+0000] {processor.py:183} INFO - Processing /home/airflow/.local/lib/python3.12/site-packages/airflow/example_dags/example_skip_dag.py took 0.120 seconds
[2025-02-26T01:31:55.055+0000] {processor.py:161} INFO - Started process (PID=1551) to work on /home/airflow/.local/lib/python3.12/site-packages/airflow/example_dags/example_skip_dag.py
[2025-02-26T01:31:55.057+0000] {processor.py:830} INFO - Processing file /home/airflow/.local/lib/python3.12/site-packages/airflow/example_dags/example_skip_dag.py for tasks to queue
[2025-02-26T01:31:55.061+0000] {logging_mixin.py:188} INFO - [2025-02-26T01:31:55.060+0000] {dagbag.py:540} INFO - Filling up the DagBag from /home/airflow/.local/lib/python3.12/site-packages/airflow/example_dags/example_skip_dag.py
[2025-02-26T01:31:55.072+0000] {processor.py:840} INFO - DAG(s) 'example_skip_dag' retrieved from /home/airflow/.local/lib/python3.12/site-packages/airflow/example_dags/example_skip_dag.py
[2025-02-26T01:31:55.096+0000] {logging_mixin.py:188} INFO - [2025-02-26T01:31:55.096+0000] {dag.py:3096} INFO - Sync 1 DAGs
[2025-02-26T01:31:55.120+0000] {logging_mixin.py:188} INFO - [2025-02-26T01:31:55.120+0000] {dag.py:3954} INFO - Setting next_dagrun for example_skip_dag to 2025-02-25 00:00:00+00:00, run_after=2025-02-26 00:00:00+00:00
[2025-02-26T01:31:55.141+0000] {processor.py:183} INFO - Processing /home/airflow/.local/lib/python3.12/site-packages/airflow/example_dags/example_skip_dag.py took 0.094 seconds
[2025-02-26T01:32:25.988+0000] {processor.py:161} INFO - Started process (PID=1612) to work on /home/airflow/.local/lib/python3.12/site-packages/airflow/example_dags/example_skip_dag.py
[2025-02-26T01:32:25.990+0000] {processor.py:830} INFO - Processing file /home/airflow/.local/lib/python3.12/site-packages/airflow/example_dags/example_skip_dag.py for tasks to queue
[2025-02-26T01:32:25.994+0000] {logging_mixin.py:188} INFO - [2025-02-26T01:32:25.994+0000] {dagbag.py:540} INFO - Filling up the DagBag from /home/airflow/.local/lib/python3.12/site-packages/airflow/example_dags/example_skip_dag.py
[2025-02-26T01:32:26.002+0000] {processor.py:840} INFO - DAG(s) 'example_skip_dag' retrieved from /home/airflow/.local/lib/python3.12/site-packages/airflow/example_dags/example_skip_dag.py
[2025-02-26T01:32:26.025+0000] {logging_mixin.py:188} INFO - [2025-02-26T01:32:26.025+0000] {dag.py:3096} INFO - Sync 1 DAGs
[2025-02-26T01:32:26.050+0000] {logging_mixin.py:188} INFO - [2025-02-26T01:32:26.050+0000] {dag.py:3954} INFO - Setting next_dagrun for example_skip_dag to 2025-02-25 00:00:00+00:00, run_after=2025-02-26 00:00:00+00:00
[2025-02-26T01:32:26.070+0000] {processor.py:183} INFO - Processing /home/airflow/.local/lib/python3.12/site-packages/airflow/example_dags/example_skip_dag.py took 0.092 seconds
[2025-02-26T01:32:56.938+0000] {processor.py:161} INFO - Started process (PID=1672) to work on /home/airflow/.local/lib/python3.12/site-packages/airflow/example_dags/example_skip_dag.py
[2025-02-26T01:32:56.939+0000] {processor.py:830} INFO - Processing file /home/airflow/.local/lib/python3.12/site-packages/airflow/example_dags/example_skip_dag.py for tasks to queue
[2025-02-26T01:32:56.944+0000] {logging_mixin.py:188} INFO - [2025-02-26T01:32:56.943+0000] {dagbag.py:540} INFO - Filling up the DagBag from /home/airflow/.local/lib/python3.12/site-packages/airflow/example_dags/example_skip_dag.py
[2025-02-26T01:32:56.955+0000] {processor.py:840} INFO - DAG(s) 'example_skip_dag' retrieved from /home/airflow/.local/lib/python3.12/site-packages/airflow/example_dags/example_skip_dag.py
[2025-02-26T01:32:56.998+0000] {logging_mixin.py:188} INFO - [2025-02-26T01:32:56.997+0000] {dag.py:3096} INFO - Sync 1 DAGs
[2025-02-26T01:32:57.049+0000] {logging_mixin.py:188} INFO - [2025-02-26T01:32:57.049+0000] {dag.py:3954} INFO - Setting next_dagrun for example_skip_dag to 2025-02-25 00:00:00+00:00, run_after=2025-02-26 00:00:00+00:00
[2025-02-26T01:32:57.085+0000] {processor.py:183} INFO - Processing /home/airflow/.local/lib/python3.12/site-packages/airflow/example_dags/example_skip_dag.py took 0.157 seconds
[2025-02-26T01:33:27.825+0000] {processor.py:161} INFO - Started process (PID=1732) to work on /home/airflow/.local/lib/python3.12/site-packages/airflow/example_dags/example_skip_dag.py
[2025-02-26T01:33:27.826+0000] {processor.py:830} INFO - Processing file /home/airflow/.local/lib/python3.12/site-packages/airflow/example_dags/example_skip_dag.py for tasks to queue
[2025-02-26T01:33:27.829+0000] {logging_mixin.py:188} INFO - [2025-02-26T01:33:27.829+0000] {dagbag.py:540} INFO - Filling up the DagBag from /home/airflow/.local/lib/python3.12/site-packages/airflow/example_dags/example_skip_dag.py
[2025-02-26T01:33:27.837+0000] {processor.py:840} INFO - DAG(s) 'example_skip_dag' retrieved from /home/airflow/.local/lib/python3.12/site-packages/airflow/example_dags/example_skip_dag.py
[2025-02-26T01:33:27.861+0000] {logging_mixin.py:188} INFO - [2025-02-26T01:33:27.860+0000] {dag.py:3096} INFO - Sync 1 DAGs
[2025-02-26T01:33:27.885+0000] {logging_mixin.py:188} INFO - [2025-02-26T01:33:27.885+0000] {dag.py:3954} INFO - Setting next_dagrun for example_skip_dag to 2025-02-25 00:00:00+00:00, run_after=2025-02-26 00:00:00+00:00
[2025-02-26T01:33:27.909+0000] {processor.py:183} INFO - Processing /home/airflow/.local/lib/python3.12/site-packages/airflow/example_dags/example_skip_dag.py took 0.093 seconds
[2025-02-26T01:33:58.044+0000] {processor.py:161} INFO - Started process (PID=1792) to work on /home/airflow/.local/lib/python3.12/site-packages/airflow/example_dags/example_skip_dag.py
[2025-02-26T01:33:58.045+0000] {processor.py:830} INFO - Processing file /home/airflow/.local/lib/python3.12/site-packages/airflow/example_dags/example_skip_dag.py for tasks to queue
[2025-02-26T01:33:58.048+0000] {logging_mixin.py:188} INFO - [2025-02-26T01:33:58.047+0000] {dagbag.py:540} INFO - Filling up the DagBag from /home/airflow/.local/lib/python3.12/site-packages/airflow/example_dags/example_skip_dag.py
[2025-02-26T01:33:58.055+0000] {processor.py:840} INFO - DAG(s) 'example_skip_dag' retrieved from /home/airflow/.local/lib/python3.12/site-packages/airflow/example_dags/example_skip_dag.py
[2025-02-26T01:33:58.077+0000] {logging_mixin.py:188} INFO - [2025-02-26T01:33:58.077+0000] {dag.py:3096} INFO - Sync 1 DAGs
[2025-02-26T01:33:58.104+0000] {logging_mixin.py:188} INFO - [2025-02-26T01:33:58.103+0000] {dag.py:3954} INFO - Setting next_dagrun for example_skip_dag to 2025-02-25 00:00:00+00:00, run_after=2025-02-26 00:00:00+00:00
[2025-02-26T01:33:58.128+0000] {processor.py:183} INFO - Processing /home/airflow/.local/lib/python3.12/site-packages/airflow/example_dags/example_skip_dag.py took 0.093 seconds
[2025-02-26T01:34:28.932+0000] {processor.py:161} INFO - Started process (PID=1852) to work on /home/airflow/.local/lib/python3.12/site-packages/airflow/example_dags/example_skip_dag.py
[2025-02-26T01:34:28.933+0000] {processor.py:830} INFO - Processing file /home/airflow/.local/lib/python3.12/site-packages/airflow/example_dags/example_skip_dag.py for tasks to queue
[2025-02-26T01:34:28.936+0000] {logging_mixin.py:188} INFO - [2025-02-26T01:34:28.935+0000] {dagbag.py:540} INFO - Filling up the DagBag from /home/airflow/.local/lib/python3.12/site-packages/airflow/example_dags/example_skip_dag.py
[2025-02-26T01:34:28.945+0000] {processor.py:840} INFO - DAG(s) 'example_skip_dag' retrieved from /home/airflow/.local/lib/python3.12/site-packages/airflow/example_dags/example_skip_dag.py
[2025-02-26T01:34:28.981+0000] {logging_mixin.py:188} INFO - [2025-02-26T01:34:28.981+0000] {dag.py:3096} INFO - Sync 1 DAGs
[2025-02-26T01:34:29.020+0000] {logging_mixin.py:188} INFO - [2025-02-26T01:34:29.020+0000] {dag.py:3954} INFO - Setting next_dagrun for example_skip_dag to 2025-02-25 00:00:00+00:00, run_after=2025-02-26 00:00:00+00:00
[2025-02-26T01:34:29.052+0000] {processor.py:183} INFO - Processing /home/airflow/.local/lib/python3.12/site-packages/airflow/example_dags/example_skip_dag.py took 0.129 seconds
[2025-02-26T01:34:59.258+0000] {processor.py:161} INFO - Started process (PID=1912) to work on /home/airflow/.local/lib/python3.12/site-packages/airflow/example_dags/example_skip_dag.py
[2025-02-26T01:34:59.259+0000] {processor.py:830} INFO - Processing file /home/airflow/.local/lib/python3.12/site-packages/airflow/example_dags/example_skip_dag.py for tasks to queue
[2025-02-26T01:34:59.261+0000] {logging_mixin.py:188} INFO - [2025-02-26T01:34:59.261+0000] {dagbag.py:540} INFO - Filling up the DagBag from /home/airflow/.local/lib/python3.12/site-packages/airflow/example_dags/example_skip_dag.py
[2025-02-26T01:34:59.268+0000] {processor.py:840} INFO - DAG(s) 'example_skip_dag' retrieved from /home/airflow/.local/lib/python3.12/site-packages/airflow/example_dags/example_skip_dag.py
[2025-02-26T01:34:59.294+0000] {logging_mixin.py:188} INFO - [2025-02-26T01:34:59.293+0000] {dag.py:3096} INFO - Sync 1 DAGs
[2025-02-26T01:34:59.317+0000] {logging_mixin.py:188} INFO - [2025-02-26T01:34:59.317+0000] {dag.py:3954} INFO - Setting next_dagrun for example_skip_dag to 2025-02-25 00:00:00+00:00, run_after=2025-02-26 00:00:00+00:00
[2025-02-26T01:34:59.336+0000] {processor.py:183} INFO - Processing /home/airflow/.local/lib/python3.12/site-packages/airflow/example_dags/example_skip_dag.py took 0.085 seconds
[2025-02-26T01:35:29.653+0000] {processor.py:161} INFO - Started process (PID=1972) to work on /home/airflow/.local/lib/python3.12/site-packages/airflow/example_dags/example_skip_dag.py
[2025-02-26T01:35:29.655+0000] {processor.py:830} INFO - Processing file /home/airflow/.local/lib/python3.12/site-packages/airflow/example_dags/example_skip_dag.py for tasks to queue
[2025-02-26T01:35:29.657+0000] {logging_mixin.py:188} INFO - [2025-02-26T01:35:29.657+0000] {dagbag.py:540} INFO - Filling up the DagBag from /home/airflow/.local/lib/python3.12/site-packages/airflow/example_dags/example_skip_dag.py
[2025-02-26T01:35:29.666+0000] {processor.py:840} INFO - DAG(s) 'example_skip_dag' retrieved from /home/airflow/.local/lib/python3.12/site-packages/airflow/example_dags/example_skip_dag.py
[2025-02-26T01:35:29.689+0000] {logging_mixin.py:188} INFO - [2025-02-26T01:35:29.689+0000] {dag.py:3096} INFO - Sync 1 DAGs
[2025-02-26T01:35:29.716+0000] {logging_mixin.py:188} INFO - [2025-02-26T01:35:29.715+0000] {dag.py:3954} INFO - Setting next_dagrun for example_skip_dag to 2025-02-25 00:00:00+00:00, run_after=2025-02-26 00:00:00+00:00
[2025-02-26T01:35:29.737+0000] {processor.py:183} INFO - Processing /home/airflow/.local/lib/python3.12/site-packages/airflow/example_dags/example_skip_dag.py took 0.092 seconds
[2025-02-26T01:36:00.074+0000] {processor.py:161} INFO - Started process (PID=2032) to work on /home/airflow/.local/lib/python3.12/site-packages/airflow/example_dags/example_skip_dag.py
[2025-02-26T01:36:00.075+0000] {processor.py:830} INFO - Processing file /home/airflow/.local/lib/python3.12/site-packages/airflow/example_dags/example_skip_dag.py for tasks to queue
[2025-02-26T01:36:00.077+0000] {logging_mixin.py:188} INFO - [2025-02-26T01:36:00.077+0000] {dagbag.py:540} INFO - Filling up the DagBag from /home/airflow/.local/lib/python3.12/site-packages/airflow/example_dags/example_skip_dag.py
[2025-02-26T01:36:00.084+0000] {processor.py:840} INFO - DAG(s) 'example_skip_dag' retrieved from /home/airflow/.local/lib/python3.12/site-packages/airflow/example_dags/example_skip_dag.py
[2025-02-26T01:36:00.106+0000] {logging_mixin.py:188} INFO - [2025-02-26T01:36:00.106+0000] {dag.py:3096} INFO - Sync 1 DAGs
[2025-02-26T01:36:00.130+0000] {logging_mixin.py:188} INFO - [2025-02-26T01:36:00.129+0000] {dag.py:3954} INFO - Setting next_dagrun for example_skip_dag to 2025-02-25 00:00:00+00:00, run_after=2025-02-26 00:00:00+00:00
[2025-02-26T01:36:00.148+0000] {processor.py:183} INFO - Processing /home/airflow/.local/lib/python3.12/site-packages/airflow/example_dags/example_skip_dag.py took 0.081 seconds
[2025-02-26T01:36:30.913+0000] {processor.py:161} INFO - Started process (PID=2092) to work on /home/airflow/.local/lib/python3.12/site-packages/airflow/example_dags/example_skip_dag.py
[2025-02-26T01:36:30.915+0000] {processor.py:830} INFO - Processing file /home/airflow/.local/lib/python3.12/site-packages/airflow/example_dags/example_skip_dag.py for tasks to queue
[2025-02-26T01:36:30.917+0000] {logging_mixin.py:188} INFO - [2025-02-26T01:36:30.917+0000] {dagbag.py:540} INFO - Filling up the DagBag from /home/airflow/.local/lib/python3.12/site-packages/airflow/example_dags/example_skip_dag.py
[2025-02-26T01:36:30.927+0000] {processor.py:840} INFO - DAG(s) 'example_skip_dag' retrieved from /home/airflow/.local/lib/python3.12/site-packages/airflow/example_dags/example_skip_dag.py
[2025-02-26T01:36:30.959+0000] {logging_mixin.py:188} INFO - [2025-02-26T01:36:30.959+0000] {dag.py:3096} INFO - Sync 1 DAGs
[2025-02-26T01:36:30.992+0000] {logging_mixin.py:188} INFO - [2025-02-26T01:36:30.991+0000] {dag.py:3954} INFO - Setting next_dagrun for example_skip_dag to 2025-02-25 00:00:00+00:00, run_after=2025-02-26 00:00:00+00:00
[2025-02-26T01:36:31.015+0000] {processor.py:183} INFO - Processing /home/airflow/.local/lib/python3.12/site-packages/airflow/example_dags/example_skip_dag.py took 0.111 seconds
[2025-02-26T01:37:01.845+0000] {processor.py:161} INFO - Started process (PID=2152) to work on /home/airflow/.local/lib/python3.12/site-packages/airflow/example_dags/example_skip_dag.py
[2025-02-26T01:37:01.847+0000] {processor.py:830} INFO - Processing file /home/airflow/.local/lib/python3.12/site-packages/airflow/example_dags/example_skip_dag.py for tasks to queue
[2025-02-26T01:37:01.849+0000] {logging_mixin.py:188} INFO - [2025-02-26T01:37:01.849+0000] {dagbag.py:540} INFO - Filling up the DagBag from /home/airflow/.local/lib/python3.12/site-packages/airflow/example_dags/example_skip_dag.py
[2025-02-26T01:37:01.858+0000] {processor.py:840} INFO - DAG(s) 'example_skip_dag' retrieved from /home/airflow/.local/lib/python3.12/site-packages/airflow/example_dags/example_skip_dag.py
[2025-02-26T01:37:01.882+0000] {logging_mixin.py:188} INFO - [2025-02-26T01:37:01.882+0000] {dag.py:3096} INFO - Sync 1 DAGs
[2025-02-26T01:37:01.909+0000] {logging_mixin.py:188} INFO - [2025-02-26T01:37:01.909+0000] {dag.py:3954} INFO - Setting next_dagrun for example_skip_dag to 2025-02-25 00:00:00+00:00, run_after=2025-02-26 00:00:00+00:00
[2025-02-26T01:37:01.935+0000] {processor.py:183} INFO - Processing /home/airflow/.local/lib/python3.12/site-packages/airflow/example_dags/example_skip_dag.py took 0.097 seconds
[2025-02-26T01:37:32.231+0000] {processor.py:161} INFO - Started process (PID=2212) to work on /home/airflow/.local/lib/python3.12/site-packages/airflow/example_dags/example_skip_dag.py
[2025-02-26T01:37:32.233+0000] {processor.py:830} INFO - Processing file /home/airflow/.local/lib/python3.12/site-packages/airflow/example_dags/example_skip_dag.py for tasks to queue
[2025-02-26T01:37:32.235+0000] {logging_mixin.py:188} INFO - [2025-02-26T01:37:32.234+0000] {dagbag.py:540} INFO - Filling up the DagBag from /home/airflow/.local/lib/python3.12/site-packages/airflow/example_dags/example_skip_dag.py
[2025-02-26T01:37:32.243+0000] {processor.py:840} INFO - DAG(s) 'example_skip_dag' retrieved from /home/airflow/.local/lib/python3.12/site-packages/airflow/example_dags/example_skip_dag.py
[2025-02-26T01:37:32.266+0000] {logging_mixin.py:188} INFO - [2025-02-26T01:37:32.266+0000] {dag.py:3096} INFO - Sync 1 DAGs
[2025-02-26T01:37:32.294+0000] {logging_mixin.py:188} INFO - [2025-02-26T01:37:32.293+0000] {dag.py:3954} INFO - Setting next_dagrun for example_skip_dag to 2025-02-25 00:00:00+00:00, run_after=2025-02-26 00:00:00+00:00
[2025-02-26T01:37:32.322+0000] {processor.py:183} INFO - Processing /home/airflow/.local/lib/python3.12/site-packages/airflow/example_dags/example_skip_dag.py took 0.097 seconds
[2025-02-26T01:38:02.739+0000] {processor.py:161} INFO - Started process (PID=2272) to work on /home/airflow/.local/lib/python3.12/site-packages/airflow/example_dags/example_skip_dag.py
[2025-02-26T01:38:02.740+0000] {processor.py:830} INFO - Processing file /home/airflow/.local/lib/python3.12/site-packages/airflow/example_dags/example_skip_dag.py for tasks to queue
[2025-02-26T01:38:02.742+0000] {logging_mixin.py:188} INFO - [2025-02-26T01:38:02.742+0000] {dagbag.py:540} INFO - Filling up the DagBag from /home/airflow/.local/lib/python3.12/site-packages/airflow/example_dags/example_skip_dag.py
[2025-02-26T01:38:02.750+0000] {processor.py:840} INFO - DAG(s) 'example_skip_dag' retrieved from /home/airflow/.local/lib/python3.12/site-packages/airflow/example_dags/example_skip_dag.py
[2025-02-26T01:38:02.773+0000] {logging_mixin.py:188} INFO - [2025-02-26T01:38:02.772+0000] {dag.py:3096} INFO - Sync 1 DAGs
[2025-02-26T01:38:02.797+0000] {logging_mixin.py:188} INFO - [2025-02-26T01:38:02.797+0000] {dag.py:3954} INFO - Setting next_dagrun for example_skip_dag to 2025-02-25 00:00:00+00:00, run_after=2025-02-26 00:00:00+00:00
[2025-02-26T01:38:02.817+0000] {processor.py:183} INFO - Processing /home/airflow/.local/lib/python3.12/site-packages/airflow/example_dags/example_skip_dag.py took 0.085 seconds
[2025-02-26T01:38:33.162+0000] {processor.py:161} INFO - Started process (PID=2332) to work on /home/airflow/.local/lib/python3.12/site-packages/airflow/example_dags/example_skip_dag.py
[2025-02-26T01:38:33.163+0000] {processor.py:830} INFO - Processing file /home/airflow/.local/lib/python3.12/site-packages/airflow/example_dags/example_skip_dag.py for tasks to queue
[2025-02-26T01:38:33.165+0000] {logging_mixin.py:188} INFO - [2025-02-26T01:38:33.165+0000] {dagbag.py:540} INFO - Filling up the DagBag from /home/airflow/.local/lib/python3.12/site-packages/airflow/example_dags/example_skip_dag.py
[2025-02-26T01:38:33.173+0000] {processor.py:840} INFO - DAG(s) 'example_skip_dag' retrieved from /home/airflow/.local/lib/python3.12/site-packages/airflow/example_dags/example_skip_dag.py
[2025-02-26T01:38:33.199+0000] {logging_mixin.py:188} INFO - [2025-02-26T01:38:33.199+0000] {dag.py:3096} INFO - Sync 1 DAGs
[2025-02-26T01:38:33.225+0000] {logging_mixin.py:188} INFO - [2025-02-26T01:38:33.225+0000] {dag.py:3954} INFO - Setting next_dagrun for example_skip_dag to 2025-02-25 00:00:00+00:00, run_after=2025-02-26 00:00:00+00:00
[2025-02-26T01:38:33.245+0000] {processor.py:183} INFO - Processing /home/airflow/.local/lib/python3.12/site-packages/airflow/example_dags/example_skip_dag.py took 0.090 seconds
[2025-02-26T01:39:03.508+0000] {processor.py:161} INFO - Started process (PID=2392) to work on /home/airflow/.local/lib/python3.12/site-packages/airflow/example_dags/example_skip_dag.py
[2025-02-26T01:39:03.510+0000] {processor.py:830} INFO - Processing file /home/airflow/.local/lib/python3.12/site-packages/airflow/example_dags/example_skip_dag.py for tasks to queue
[2025-02-26T01:39:03.512+0000] {logging_mixin.py:188} INFO - [2025-02-26T01:39:03.512+0000] {dagbag.py:540} INFO - Filling up the DagBag from /home/airflow/.local/lib/python3.12/site-packages/airflow/example_dags/example_skip_dag.py
[2025-02-26T01:39:03.521+0000] {processor.py:840} INFO - DAG(s) 'example_skip_dag' retrieved from /home/airflow/.local/lib/python3.12/site-packages/airflow/example_dags/example_skip_dag.py
[2025-02-26T01:39:03.545+0000] {logging_mixin.py:188} INFO - [2025-02-26T01:39:03.544+0000] {dag.py:3096} INFO - Sync 1 DAGs
[2025-02-26T01:39:03.572+0000] {logging_mixin.py:188} INFO - [2025-02-26T01:39:03.571+0000] {dag.py:3954} INFO - Setting next_dagrun for example_skip_dag to 2025-02-25 00:00:00+00:00, run_after=2025-02-26 00:00:00+00:00
[2025-02-26T01:39:03.593+0000] {processor.py:183} INFO - Processing /home/airflow/.local/lib/python3.12/site-packages/airflow/example_dags/example_skip_dag.py took 0.093 seconds
[2025-02-26T01:39:34.094+0000] {processor.py:161} INFO - Started process (PID=2452) to work on /home/airflow/.local/lib/python3.12/site-packages/airflow/example_dags/example_skip_dag.py
[2025-02-26T01:39:34.095+0000] {processor.py:830} INFO - Processing file /home/airflow/.local/lib/python3.12/site-packages/airflow/example_dags/example_skip_dag.py for tasks to queue
[2025-02-26T01:39:34.097+0000] {logging_mixin.py:188} INFO - [2025-02-26T01:39:34.097+0000] {dagbag.py:540} INFO - Filling up the DagBag from /home/airflow/.local/lib/python3.12/site-packages/airflow/example_dags/example_skip_dag.py
[2025-02-26T01:39:34.105+0000] {processor.py:840} INFO - DAG(s) 'example_skip_dag' retrieved from /home/airflow/.local/lib/python3.12/site-packages/airflow/example_dags/example_skip_dag.py
[2025-02-26T01:39:34.127+0000] {logging_mixin.py:188} INFO - [2025-02-26T01:39:34.127+0000] {dag.py:3096} INFO - Sync 1 DAGs
[2025-02-26T01:39:34.162+0000] {logging_mixin.py:188} INFO - [2025-02-26T01:39:34.162+0000] {dag.py:3954} INFO - Setting next_dagrun for example_skip_dag to 2025-02-25 00:00:00+00:00, run_after=2025-02-26 00:00:00+00:00
[2025-02-26T01:39:34.183+0000] {processor.py:183} INFO - Processing /home/airflow/.local/lib/python3.12/site-packages/airflow/example_dags/example_skip_dag.py took 0.095 seconds
[2025-02-26T01:40:04.631+0000] {processor.py:161} INFO - Started process (PID=2512) to work on /home/airflow/.local/lib/python3.12/site-packages/airflow/example_dags/example_skip_dag.py
[2025-02-26T01:40:04.633+0000] {processor.py:830} INFO - Processing file /home/airflow/.local/lib/python3.12/site-packages/airflow/example_dags/example_skip_dag.py for tasks to queue
[2025-02-26T01:40:04.636+0000] {logging_mixin.py:188} INFO - [2025-02-26T01:40:04.636+0000] {dagbag.py:540} INFO - Filling up the DagBag from /home/airflow/.local/lib/python3.12/site-packages/airflow/example_dags/example_skip_dag.py
[2025-02-26T01:40:04.645+0000] {processor.py:840} INFO - DAG(s) 'example_skip_dag' retrieved from /home/airflow/.local/lib/python3.12/site-packages/airflow/example_dags/example_skip_dag.py
[2025-02-26T01:40:04.673+0000] {logging_mixin.py:188} INFO - [2025-02-26T01:40:04.673+0000] {dag.py:3096} INFO - Sync 1 DAGs
[2025-02-26T01:40:04.703+0000] {logging_mixin.py:188} INFO - [2025-02-26T01:40:04.703+0000] {dag.py:3954} INFO - Setting next_dagrun for example_skip_dag to 2025-02-25 00:00:00+00:00, run_after=2025-02-26 00:00:00+00:00
[2025-02-26T01:40:04.728+0000] {processor.py:183} INFO - Processing /home/airflow/.local/lib/python3.12/site-packages/airflow/example_dags/example_skip_dag.py took 0.108 seconds
[2025-02-26T01:40:40.453+0000] {processor.py:161} INFO - Started process (PID=2573) to work on /home/airflow/.local/lib/python3.12/site-packages/airflow/example_dags/example_skip_dag.py
[2025-02-26T01:40:40.454+0000] {processor.py:830} INFO - Processing file /home/airflow/.local/lib/python3.12/site-packages/airflow/example_dags/example_skip_dag.py for tasks to queue
[2025-02-26T01:40:40.456+0000] {logging_mixin.py:188} INFO - [2025-02-26T01:40:40.456+0000] {dagbag.py:540} INFO - Filling up the DagBag from /home/airflow/.local/lib/python3.12/site-packages/airflow/example_dags/example_skip_dag.py
[2025-02-26T01:40:40.466+0000] {processor.py:840} INFO - DAG(s) 'example_skip_dag' retrieved from /home/airflow/.local/lib/python3.12/site-packages/airflow/example_dags/example_skip_dag.py
[2025-02-26T01:40:40.498+0000] {logging_mixin.py:188} INFO - [2025-02-26T01:40:40.498+0000] {dag.py:3096} INFO - Sync 1 DAGs
[2025-02-26T01:40:40.526+0000] {logging_mixin.py:188} INFO - [2025-02-26T01:40:40.525+0000] {dag.py:3954} INFO - Setting next_dagrun for example_skip_dag to 2025-02-25 00:00:00+00:00, run_after=2025-02-26 00:00:00+00:00
[2025-02-26T01:40:40.550+0000] {processor.py:183} INFO - Processing /home/airflow/.local/lib/python3.12/site-packages/airflow/example_dags/example_skip_dag.py took 0.104 seconds
[2025-02-26T01:41:10.635+0000] {processor.py:161} INFO - Started process (PID=2639) to work on /home/airflow/.local/lib/python3.12/site-packages/airflow/example_dags/example_skip_dag.py
[2025-02-26T01:41:10.636+0000] {processor.py:830} INFO - Processing file /home/airflow/.local/lib/python3.12/site-packages/airflow/example_dags/example_skip_dag.py for tasks to queue
[2025-02-26T01:41:10.640+0000] {logging_mixin.py:188} INFO - [2025-02-26T01:41:10.640+0000] {dagbag.py:540} INFO - Filling up the DagBag from /home/airflow/.local/lib/python3.12/site-packages/airflow/example_dags/example_skip_dag.py
[2025-02-26T01:41:10.653+0000] {processor.py:840} INFO - DAG(s) 'example_skip_dag' retrieved from /home/airflow/.local/lib/python3.12/site-packages/airflow/example_dags/example_skip_dag.py
[2025-02-26T01:41:10.679+0000] {logging_mixin.py:188} INFO - [2025-02-26T01:41:10.679+0000] {dag.py:3096} INFO - Sync 1 DAGs
[2025-02-26T01:41:10.704+0000] {logging_mixin.py:188} INFO - [2025-02-26T01:41:10.704+0000] {dag.py:3954} INFO - Setting next_dagrun for example_skip_dag to 2025-02-25 00:00:00+00:00, run_after=2025-02-26 00:00:00+00:00
[2025-02-26T01:41:10.725+0000] {processor.py:183} INFO - Processing /home/airflow/.local/lib/python3.12/site-packages/airflow/example_dags/example_skip_dag.py took 0.099 seconds
[2025-02-26T01:41:41.223+0000] {processor.py:161} INFO - Started process (PID=2699) to work on /home/airflow/.local/lib/python3.12/site-packages/airflow/example_dags/example_skip_dag.py
[2025-02-26T01:41:41.224+0000] {processor.py:830} INFO - Processing file /home/airflow/.local/lib/python3.12/site-packages/airflow/example_dags/example_skip_dag.py for tasks to queue
[2025-02-26T01:41:41.229+0000] {logging_mixin.py:188} INFO - [2025-02-26T01:41:41.228+0000] {dagbag.py:540} INFO - Filling up the DagBag from /home/airflow/.local/lib/python3.12/site-packages/airflow/example_dags/example_skip_dag.py
[2025-02-26T01:41:41.240+0000] {processor.py:840} INFO - DAG(s) 'example_skip_dag' retrieved from /home/airflow/.local/lib/python3.12/site-packages/airflow/example_dags/example_skip_dag.py
[2025-02-26T01:41:41.273+0000] {logging_mixin.py:188} INFO - [2025-02-26T01:41:41.272+0000] {dag.py:3096} INFO - Sync 1 DAGs
[2025-02-26T01:41:41.307+0000] {logging_mixin.py:188} INFO - [2025-02-26T01:41:41.307+0000] {dag.py:3954} INFO - Setting next_dagrun for example_skip_dag to 2025-02-25 00:00:00+00:00, run_after=2025-02-26 00:00:00+00:00
[2025-02-26T01:41:41.333+0000] {processor.py:183} INFO - Processing /home/airflow/.local/lib/python3.12/site-packages/airflow/example_dags/example_skip_dag.py took 0.118 seconds
[2025-02-26T01:42:11.377+0000] {processor.py:161} INFO - Started process (PID=2759) to work on /home/airflow/.local/lib/python3.12/site-packages/airflow/example_dags/example_skip_dag.py
[2025-02-26T01:42:11.378+0000] {processor.py:830} INFO - Processing file /home/airflow/.local/lib/python3.12/site-packages/airflow/example_dags/example_skip_dag.py for tasks to queue
[2025-02-26T01:42:11.380+0000] {logging_mixin.py:188} INFO - [2025-02-26T01:42:11.380+0000] {dagbag.py:540} INFO - Filling up the DagBag from /home/airflow/.local/lib/python3.12/site-packages/airflow/example_dags/example_skip_dag.py
[2025-02-26T01:42:11.387+0000] {processor.py:840} INFO - DAG(s) 'example_skip_dag' retrieved from /home/airflow/.local/lib/python3.12/site-packages/airflow/example_dags/example_skip_dag.py
[2025-02-26T01:42:11.410+0000] {logging_mixin.py:188} INFO - [2025-02-26T01:42:11.410+0000] {dag.py:3096} INFO - Sync 1 DAGs
[2025-02-26T01:42:11.433+0000] {logging_mixin.py:188} INFO - [2025-02-26T01:42:11.433+0000] {dag.py:3954} INFO - Setting next_dagrun for example_skip_dag to 2025-02-25 00:00:00+00:00, run_after=2025-02-26 00:00:00+00:00
[2025-02-26T01:42:11.454+0000] {processor.py:183} INFO - Processing /home/airflow/.local/lib/python3.12/site-packages/airflow/example_dags/example_skip_dag.py took 0.083 seconds
[2025-02-26T01:42:42.767+0000] {processor.py:161} INFO - Started process (PID=2819) to work on /home/airflow/.local/lib/python3.12/site-packages/airflow/example_dags/example_skip_dag.py
[2025-02-26T01:42:42.769+0000] {processor.py:830} INFO - Processing file /home/airflow/.local/lib/python3.12/site-packages/airflow/example_dags/example_skip_dag.py for tasks to queue
[2025-02-26T01:42:42.771+0000] {logging_mixin.py:188} INFO - [2025-02-26T01:42:42.771+0000] {dagbag.py:540} INFO - Filling up the DagBag from /home/airflow/.local/lib/python3.12/site-packages/airflow/example_dags/example_skip_dag.py
[2025-02-26T01:42:42.781+0000] {processor.py:840} INFO - DAG(s) 'example_skip_dag' retrieved from /home/airflow/.local/lib/python3.12/site-packages/airflow/example_dags/example_skip_dag.py
[2025-02-26T01:42:42.813+0000] {logging_mixin.py:188} INFO - [2025-02-26T01:42:42.812+0000] {dag.py:3096} INFO - Sync 1 DAGs
[2025-02-26T01:42:42.853+0000] {logging_mixin.py:188} INFO - [2025-02-26T01:42:42.852+0000] {dag.py:3954} INFO - Setting next_dagrun for example_skip_dag to 2025-02-25 00:00:00+00:00, run_after=2025-02-26 00:00:00+00:00
[2025-02-26T01:42:42.877+0000] {processor.py:183} INFO - Processing /home/airflow/.local/lib/python3.12/site-packages/airflow/example_dags/example_skip_dag.py took 0.118 seconds
[2025-02-26T01:43:13.359+0000] {processor.py:161} INFO - Started process (PID=2879) to work on /home/airflow/.local/lib/python3.12/site-packages/airflow/example_dags/example_skip_dag.py
[2025-02-26T01:43:13.361+0000] {processor.py:830} INFO - Processing file /home/airflow/.local/lib/python3.12/site-packages/airflow/example_dags/example_skip_dag.py for tasks to queue
[2025-02-26T01:43:13.363+0000] {logging_mixin.py:188} INFO - [2025-02-26T01:43:13.363+0000] {dagbag.py:540} INFO - Filling up the DagBag from /home/airflow/.local/lib/python3.12/site-packages/airflow/example_dags/example_skip_dag.py
[2025-02-26T01:43:13.375+0000] {processor.py:840} INFO - DAG(s) 'example_skip_dag' retrieved from /home/airflow/.local/lib/python3.12/site-packages/airflow/example_dags/example_skip_dag.py
[2025-02-26T01:43:13.411+0000] {logging_mixin.py:188} INFO - [2025-02-26T01:43:13.411+0000] {dag.py:3096} INFO - Sync 1 DAGs
[2025-02-26T01:43:13.444+0000] {logging_mixin.py:188} INFO - [2025-02-26T01:43:13.443+0000] {dag.py:3954} INFO - Setting next_dagrun for example_skip_dag to 2025-02-25 00:00:00+00:00, run_after=2025-02-26 00:00:00+00:00
[2025-02-26T01:43:13.470+0000] {processor.py:183} INFO - Processing /home/airflow/.local/lib/python3.12/site-packages/airflow/example_dags/example_skip_dag.py took 0.118 seconds
[2025-02-26T01:43:43.725+0000] {processor.py:161} INFO - Started process (PID=2939) to work on /home/airflow/.local/lib/python3.12/site-packages/airflow/example_dags/example_skip_dag.py
[2025-02-26T01:43:43.726+0000] {processor.py:830} INFO - Processing file /home/airflow/.local/lib/python3.12/site-packages/airflow/example_dags/example_skip_dag.py for tasks to queue
[2025-02-26T01:43:43.729+0000] {logging_mixin.py:188} INFO - [2025-02-26T01:43:43.728+0000] {dagbag.py:540} INFO - Filling up the DagBag from /home/airflow/.local/lib/python3.12/site-packages/airflow/example_dags/example_skip_dag.py
[2025-02-26T01:43:43.736+0000] {processor.py:840} INFO - DAG(s) 'example_skip_dag' retrieved from /home/airflow/.local/lib/python3.12/site-packages/airflow/example_dags/example_skip_dag.py
[2025-02-26T01:43:43.761+0000] {logging_mixin.py:188} INFO - [2025-02-26T01:43:43.761+0000] {dag.py:3096} INFO - Sync 1 DAGs
[2025-02-26T01:43:43.788+0000] {logging_mixin.py:188} INFO - [2025-02-26T01:43:43.787+0000] {dag.py:3954} INFO - Setting next_dagrun for example_skip_dag to 2025-02-25 00:00:00+00:00, run_after=2025-02-26 00:00:00+00:00
[2025-02-26T01:43:43.808+0000] {processor.py:183} INFO - Processing /home/airflow/.local/lib/python3.12/site-packages/airflow/example_dags/example_skip_dag.py took 0.090 seconds
[2025-02-26T01:44:14.373+0000] {processor.py:161} INFO - Started process (PID=3000) to work on /home/airflow/.local/lib/python3.12/site-packages/airflow/example_dags/example_skip_dag.py
[2025-02-26T01:44:14.374+0000] {processor.py:830} INFO - Processing file /home/airflow/.local/lib/python3.12/site-packages/airflow/example_dags/example_skip_dag.py for tasks to queue
[2025-02-26T01:44:14.376+0000] {logging_mixin.py:188} INFO - [2025-02-26T01:44:14.376+0000] {dagbag.py:540} INFO - Filling up the DagBag from /home/airflow/.local/lib/python3.12/site-packages/airflow/example_dags/example_skip_dag.py
[2025-02-26T01:44:14.384+0000] {processor.py:840} INFO - DAG(s) 'example_skip_dag' retrieved from /home/airflow/.local/lib/python3.12/site-packages/airflow/example_dags/example_skip_dag.py
[2025-02-26T01:44:14.407+0000] {logging_mixin.py:188} INFO - [2025-02-26T01:44:14.406+0000] {dag.py:3096} INFO - Sync 1 DAGs
[2025-02-26T01:44:14.433+0000] {logging_mixin.py:188} INFO - [2025-02-26T01:44:14.433+0000] {dag.py:3954} INFO - Setting next_dagrun for example_skip_dag to 2025-02-25 00:00:00+00:00, run_after=2025-02-26 00:00:00+00:00
[2025-02-26T01:44:14.453+0000] {processor.py:183} INFO - Processing /home/airflow/.local/lib/python3.12/site-packages/airflow/example_dags/example_skip_dag.py took 0.088 seconds
[2025-02-26T01:44:44.683+0000] {processor.py:161} INFO - Started process (PID=3060) to work on /home/airflow/.local/lib/python3.12/site-packages/airflow/example_dags/example_skip_dag.py
[2025-02-26T01:44:44.684+0000] {processor.py:830} INFO - Processing file /home/airflow/.local/lib/python3.12/site-packages/airflow/example_dags/example_skip_dag.py for tasks to queue
[2025-02-26T01:44:44.686+0000] {logging_mixin.py:188} INFO - [2025-02-26T01:44:44.685+0000] {dagbag.py:540} INFO - Filling up the DagBag from /home/airflow/.local/lib/python3.12/site-packages/airflow/example_dags/example_skip_dag.py
[2025-02-26T01:44:44.693+0000] {processor.py:840} INFO - DAG(s) 'example_skip_dag' retrieved from /home/airflow/.local/lib/python3.12/site-packages/airflow/example_dags/example_skip_dag.py
[2025-02-26T01:44:44.722+0000] {logging_mixin.py:188} INFO - [2025-02-26T01:44:44.722+0000] {dag.py:3096} INFO - Sync 1 DAGs
[2025-02-26T01:44:44.749+0000] {logging_mixin.py:188} INFO - [2025-02-26T01:44:44.749+0000] {dag.py:3954} INFO - Setting next_dagrun for example_skip_dag to 2025-02-25 00:00:00+00:00, run_after=2025-02-26 00:00:00+00:00
[2025-02-26T01:44:44.771+0000] {processor.py:183} INFO - Processing /home/airflow/.local/lib/python3.12/site-packages/airflow/example_dags/example_skip_dag.py took 0.095 seconds
[2025-02-26T01:45:15.140+0000] {processor.py:161} INFO - Started process (PID=3120) to work on /home/airflow/.local/lib/python3.12/site-packages/airflow/example_dags/example_skip_dag.py
[2025-02-26T01:45:15.142+0000] {processor.py:830} INFO - Processing file /home/airflow/.local/lib/python3.12/site-packages/airflow/example_dags/example_skip_dag.py for tasks to queue
[2025-02-26T01:45:15.144+0000] {logging_mixin.py:188} INFO - [2025-02-26T01:45:15.144+0000] {dagbag.py:540} INFO - Filling up the DagBag from /home/airflow/.local/lib/python3.12/site-packages/airflow/example_dags/example_skip_dag.py
[2025-02-26T01:45:15.151+0000] {processor.py:840} INFO - DAG(s) 'example_skip_dag' retrieved from /home/airflow/.local/lib/python3.12/site-packages/airflow/example_dags/example_skip_dag.py
[2025-02-26T01:45:15.177+0000] {logging_mixin.py:188} INFO - [2025-02-26T01:45:15.177+0000] {dag.py:3096} INFO - Sync 1 DAGs
[2025-02-26T01:45:15.200+0000] {logging_mixin.py:188} INFO - [2025-02-26T01:45:15.200+0000] {dag.py:3954} INFO - Setting next_dagrun for example_skip_dag to 2025-02-25 00:00:00+00:00, run_after=2025-02-26 00:00:00+00:00
[2025-02-26T01:45:15.221+0000] {processor.py:183} INFO - Processing /home/airflow/.local/lib/python3.12/site-packages/airflow/example_dags/example_skip_dag.py took 0.088 seconds
[2025-02-26T01:45:45.340+0000] {processor.py:161} INFO - Started process (PID=3178) to work on /home/airflow/.local/lib/python3.12/site-packages/airflow/example_dags/example_skip_dag.py
[2025-02-26T01:45:45.341+0000] {processor.py:830} INFO - Processing file /home/airflow/.local/lib/python3.12/site-packages/airflow/example_dags/example_skip_dag.py for tasks to queue
[2025-02-26T01:45:45.344+0000] {logging_mixin.py:188} INFO - [2025-02-26T01:45:45.343+0000] {dagbag.py:540} INFO - Filling up the DagBag from /home/airflow/.local/lib/python3.12/site-packages/airflow/example_dags/example_skip_dag.py
[2025-02-26T01:45:45.351+0000] {processor.py:840} INFO - DAG(s) 'example_skip_dag' retrieved from /home/airflow/.local/lib/python3.12/site-packages/airflow/example_dags/example_skip_dag.py
[2025-02-26T01:45:45.376+0000] {logging_mixin.py:188} INFO - [2025-02-26T01:45:45.375+0000] {dag.py:3096} INFO - Sync 1 DAGs
[2025-02-26T01:45:45.399+0000] {logging_mixin.py:188} INFO - [2025-02-26T01:45:45.399+0000] {dag.py:3954} INFO - Setting next_dagrun for example_skip_dag to 2025-02-25 00:00:00+00:00, run_after=2025-02-26 00:00:00+00:00
[2025-02-26T01:45:45.421+0000] {processor.py:183} INFO - Processing /home/airflow/.local/lib/python3.12/site-packages/airflow/example_dags/example_skip_dag.py took 0.087 seconds
[2025-02-26T01:46:16.592+0000] {processor.py:161} INFO - Started process (PID=3238) to work on /home/airflow/.local/lib/python3.12/site-packages/airflow/example_dags/example_skip_dag.py
[2025-02-26T01:46:16.593+0000] {processor.py:830} INFO - Processing file /home/airflow/.local/lib/python3.12/site-packages/airflow/example_dags/example_skip_dag.py for tasks to queue
[2025-02-26T01:46:16.596+0000] {logging_mixin.py:188} INFO - [2025-02-26T01:46:16.595+0000] {dagbag.py:540} INFO - Filling up the DagBag from /home/airflow/.local/lib/python3.12/site-packages/airflow/example_dags/example_skip_dag.py
[2025-02-26T01:46:16.603+0000] {processor.py:840} INFO - DAG(s) 'example_skip_dag' retrieved from /home/airflow/.local/lib/python3.12/site-packages/airflow/example_dags/example_skip_dag.py
[2025-02-26T01:46:15.924+0000] {logging_mixin.py:188} INFO - [2025-02-26T01:46:15.924+0000] {dag.py:3096} INFO - Sync 1 DAGs
[2025-02-26T01:46:15.946+0000] {logging_mixin.py:188} INFO - [2025-02-26T01:46:15.946+0000] {dag.py:3954} INFO - Setting next_dagrun for example_skip_dag to 2025-02-25 00:00:00+00:00, run_after=2025-02-26 00:00:00+00:00
[2025-02-26T01:46:15.967+0000] {processor.py:183} INFO - Processing /home/airflow/.local/lib/python3.12/site-packages/airflow/example_dags/example_skip_dag.py took 0.086 seconds
[2025-02-26T01:46:46.793+0000] {processor.py:161} INFO - Started process (PID=3294) to work on /home/airflow/.local/lib/python3.12/site-packages/airflow/example_dags/example_skip_dag.py
[2025-02-26T01:46:46.795+0000] {processor.py:830} INFO - Processing file /home/airflow/.local/lib/python3.12/site-packages/airflow/example_dags/example_skip_dag.py for tasks to queue
[2025-02-26T01:46:46.797+0000] {logging_mixin.py:188} INFO - [2025-02-26T01:46:46.797+0000] {dagbag.py:540} INFO - Filling up the DagBag from /home/airflow/.local/lib/python3.12/site-packages/airflow/example_dags/example_skip_dag.py
[2025-02-26T01:46:46.808+0000] {processor.py:840} INFO - DAG(s) 'example_skip_dag' retrieved from /home/airflow/.local/lib/python3.12/site-packages/airflow/example_dags/example_skip_dag.py
[2025-02-26T01:46:46.837+0000] {logging_mixin.py:188} INFO - [2025-02-26T01:46:46.837+0000] {dag.py:3096} INFO - Sync 1 DAGs
[2025-02-26T01:46:46.865+0000] {logging_mixin.py:188} INFO - [2025-02-26T01:46:46.865+0000] {dag.py:3954} INFO - Setting next_dagrun for example_skip_dag to 2025-02-25 00:00:00+00:00, run_after=2025-02-26 00:00:00+00:00
[2025-02-26T01:46:46.889+0000] {processor.py:183} INFO - Processing /home/airflow/.local/lib/python3.12/site-packages/airflow/example_dags/example_skip_dag.py took 0.107 seconds
[2025-02-26T01:47:17.508+0000] {processor.py:161} INFO - Started process (PID=3354) to work on /home/airflow/.local/lib/python3.12/site-packages/airflow/example_dags/example_skip_dag.py
[2025-02-26T01:47:17.510+0000] {processor.py:830} INFO - Processing file /home/airflow/.local/lib/python3.12/site-packages/airflow/example_dags/example_skip_dag.py for tasks to queue
[2025-02-26T01:47:17.514+0000] {logging_mixin.py:188} INFO - [2025-02-26T01:47:17.513+0000] {dagbag.py:540} INFO - Filling up the DagBag from /home/airflow/.local/lib/python3.12/site-packages/airflow/example_dags/example_skip_dag.py
[2025-02-26T01:47:17.522+0000] {processor.py:840} INFO - DAG(s) 'example_skip_dag' retrieved from /home/airflow/.local/lib/python3.12/site-packages/airflow/example_dags/example_skip_dag.py
[2025-02-26T01:47:17.548+0000] {logging_mixin.py:188} INFO - [2025-02-26T01:47:17.547+0000] {dag.py:3096} INFO - Sync 1 DAGs
[2025-02-26T01:47:17.572+0000] {logging_mixin.py:188} INFO - [2025-02-26T01:47:17.571+0000] {dag.py:3954} INFO - Setting next_dagrun for example_skip_dag to 2025-02-25 00:00:00+00:00, run_after=2025-02-26 00:00:00+00:00
[2025-02-26T01:47:17.592+0000] {processor.py:183} INFO - Processing /home/airflow/.local/lib/python3.12/site-packages/airflow/example_dags/example_skip_dag.py took 0.090 seconds
[2025-02-26T01:47:48.180+0000] {processor.py:161} INFO - Started process (PID=3414) to work on /home/airflow/.local/lib/python3.12/site-packages/airflow/example_dags/example_skip_dag.py
[2025-02-26T01:47:48.182+0000] {processor.py:830} INFO - Processing file /home/airflow/.local/lib/python3.12/site-packages/airflow/example_dags/example_skip_dag.py for tasks to queue
[2025-02-26T01:47:48.184+0000] {logging_mixin.py:188} INFO - [2025-02-26T01:47:48.184+0000] {dagbag.py:540} INFO - Filling up the DagBag from /home/airflow/.local/lib/python3.12/site-packages/airflow/example_dags/example_skip_dag.py
[2025-02-26T01:47:48.193+0000] {processor.py:840} INFO - DAG(s) 'example_skip_dag' retrieved from /home/airflow/.local/lib/python3.12/site-packages/airflow/example_dags/example_skip_dag.py
[2025-02-26T01:47:48.217+0000] {logging_mixin.py:188} INFO - [2025-02-26T01:47:48.217+0000] {dag.py:3096} INFO - Sync 1 DAGs
[2025-02-26T01:47:48.243+0000] {logging_mixin.py:188} INFO - [2025-02-26T01:47:48.243+0000] {dag.py:3954} INFO - Setting next_dagrun for example_skip_dag to 2025-02-25 00:00:00+00:00, run_after=2025-02-26 00:00:00+00:00
[2025-02-26T01:47:48.262+0000] {processor.py:183} INFO - Processing /home/airflow/.local/lib/python3.12/site-packages/airflow/example_dags/example_skip_dag.py took 0.089 seconds
