[2025-02-26T01:14:09.297+0000] {processor.py:161} INFO - Started process (PID=73) to work on /home/airflow/.local/lib/python3.12/site-packages/airflow/example_dags/example_sla_dag.py
[2025-02-26T01:14:09.317+0000] {processor.py:830} INFO - Processing file /home/airflow/.local/lib/python3.12/site-packages/airflow/example_dags/example_sla_dag.py for tasks to queue
[2025-02-26T01:14:09.322+0000] {logging_mixin.py:188} INFO - [2025-02-26T01:14:09.322+0000] {dagbag.py:540} INFO - Filling up the DagBag from /home/airflow/.local/lib/python3.12/site-packages/airflow/example_dags/example_sla_dag.py
[2025-02-26T01:14:09.347+0000] {processor.py:840} INFO - DAG(s) 'example_sla_dag' retrieved from /home/airflow/.local/lib/python3.12/site-packages/airflow/example_dags/example_sla_dag.py
[2025-02-26T01:14:09.405+0000] {logging_mixin.py:188} INFO - [2025-02-26T01:14:09.405+0000] {dag.py:3096} INFO - Sync 1 DAGs
[2025-02-26T01:14:09.445+0000] {logging_mixin.py:188} INFO - [2025-02-26T01:14:09.445+0000] {dag.py:3954} INFO - Setting next_dagrun for example_sla_dag to 2025-02-26 01:12:00+00:00, run_after=2025-02-26 01:14:00+00:00
[2025-02-26T01:14:09.565+0000] {processor.py:183} INFO - Processing /home/airflow/.local/lib/python3.12/site-packages/airflow/example_dags/example_sla_dag.py took 0.283 seconds
[2025-02-26T01:14:41.715+0000] {processor.py:161} INFO - Started process (PID=131) to work on /home/airflow/.local/lib/python3.12/site-packages/airflow/example_dags/example_sla_dag.py
[2025-02-26T01:14:41.717+0000] {processor.py:830} INFO - Processing file /home/airflow/.local/lib/python3.12/site-packages/airflow/example_dags/example_sla_dag.py for tasks to queue
[2025-02-26T01:14:41.720+0000] {logging_mixin.py:188} INFO - [2025-02-26T01:14:41.719+0000] {dagbag.py:540} INFO - Filling up the DagBag from /home/airflow/.local/lib/python3.12/site-packages/airflow/example_dags/example_sla_dag.py
[2025-02-26T01:14:41.731+0000] {processor.py:840} INFO - DAG(s) 'example_sla_dag' retrieved from /home/airflow/.local/lib/python3.12/site-packages/airflow/example_dags/example_sla_dag.py
[2025-02-26T01:14:41.754+0000] {logging_mixin.py:188} INFO - [2025-02-26T01:14:41.754+0000] {dag.py:3096} INFO - Sync 1 DAGs
[2025-02-26T01:14:41.784+0000] {logging_mixin.py:188} INFO - [2025-02-26T01:14:41.784+0000] {dag.py:3954} INFO - Setting next_dagrun for example_sla_dag to 2025-02-26 01:12:00+00:00, run_after=2025-02-26 01:14:00+00:00
[2025-02-26T01:14:41.816+0000] {processor.py:183} INFO - Processing /home/airflow/.local/lib/python3.12/site-packages/airflow/example_dags/example_sla_dag.py took 0.109 seconds
[2025-02-26T01:18:55.727+0000] {processor.py:161} INFO - Started process (PID=56) to work on /home/airflow/.local/lib/python3.12/site-packages/airflow/example_dags/example_sla_dag.py
[2025-02-26T01:18:55.728+0000] {processor.py:830} INFO - Processing file /home/airflow/.local/lib/python3.12/site-packages/airflow/example_dags/example_sla_dag.py for tasks to queue
[2025-02-26T01:18:55.731+0000] {logging_mixin.py:188} INFO - [2025-02-26T01:18:55.731+0000] {dagbag.py:540} INFO - Filling up the DagBag from /home/airflow/.local/lib/python3.12/site-packages/airflow/example_dags/example_sla_dag.py
[2025-02-26T01:18:55.825+0000] {processor.py:840} INFO - DAG(s) 'example_sla_dag' retrieved from /home/airflow/.local/lib/python3.12/site-packages/airflow/example_dags/example_sla_dag.py
[2025-02-26T01:18:55.855+0000] {logging_mixin.py:188} INFO - [2025-02-26T01:18:55.854+0000] {dag.py:3096} INFO - Sync 1 DAGs
[2025-02-26T01:18:55.918+0000] {logging_mixin.py:188} INFO - [2025-02-26T01:18:55.917+0000] {dag.py:3954} INFO - Setting next_dagrun for example_sla_dag to 2025-02-26 01:16:00+00:00, run_after=2025-02-26 01:18:00+00:00
[2025-02-26T01:18:57.368+0000] {processor.py:183} INFO - Processing /home/airflow/.local/lib/python3.12/site-packages/airflow/example_dags/example_sla_dag.py took 1.649 seconds
[2025-02-26T01:19:27.702+0000] {processor.py:161} INFO - Started process (PID=116) to work on /home/airflow/.local/lib/python3.12/site-packages/airflow/example_dags/example_sla_dag.py
[2025-02-26T01:19:27.726+0000] {processor.py:830} INFO - Processing file /home/airflow/.local/lib/python3.12/site-packages/airflow/example_dags/example_sla_dag.py for tasks to queue
[2025-02-26T01:19:27.729+0000] {logging_mixin.py:188} INFO - [2025-02-26T01:19:27.728+0000] {dagbag.py:540} INFO - Filling up the DagBag from /home/airflow/.local/lib/python3.12/site-packages/airflow/example_dags/example_sla_dag.py
[2025-02-26T01:19:27.741+0000] {processor.py:840} INFO - DAG(s) 'example_sla_dag' retrieved from /home/airflow/.local/lib/python3.12/site-packages/airflow/example_dags/example_sla_dag.py
[2025-02-26T01:19:27.781+0000] {logging_mixin.py:188} INFO - [2025-02-26T01:19:27.781+0000] {dag.py:3096} INFO - Sync 1 DAGs
[2025-02-26T01:19:27.816+0000] {logging_mixin.py:188} INFO - [2025-02-26T01:19:27.816+0000] {dag.py:3954} INFO - Setting next_dagrun for example_sla_dag to 2025-02-26 01:16:00+00:00, run_after=2025-02-26 01:18:00+00:00
[2025-02-26T01:19:27.885+0000] {processor.py:183} INFO - Processing /home/airflow/.local/lib/python3.12/site-packages/airflow/example_dags/example_sla_dag.py took 0.190 seconds
[2025-02-26T01:19:58.048+0000] {processor.py:161} INFO - Started process (PID=174) to work on /home/airflow/.local/lib/python3.12/site-packages/airflow/example_dags/example_sla_dag.py
[2025-02-26T01:19:58.049+0000] {processor.py:830} INFO - Processing file /home/airflow/.local/lib/python3.12/site-packages/airflow/example_dags/example_sla_dag.py for tasks to queue
[2025-02-26T01:19:58.052+0000] {logging_mixin.py:188} INFO - [2025-02-26T01:19:58.051+0000] {dagbag.py:540} INFO - Filling up the DagBag from /home/airflow/.local/lib/python3.12/site-packages/airflow/example_dags/example_sla_dag.py
[2025-02-26T01:19:58.062+0000] {processor.py:840} INFO - DAG(s) 'example_sla_dag' retrieved from /home/airflow/.local/lib/python3.12/site-packages/airflow/example_dags/example_sla_dag.py
[2025-02-26T01:19:58.083+0000] {logging_mixin.py:188} INFO - [2025-02-26T01:19:58.082+0000] {dag.py:3096} INFO - Sync 1 DAGs
[2025-02-26T01:19:58.108+0000] {logging_mixin.py:188} INFO - [2025-02-26T01:19:58.107+0000] {dag.py:3954} INFO - Setting next_dagrun for example_sla_dag to 2025-02-26 01:16:00+00:00, run_after=2025-02-26 01:18:00+00:00
[2025-02-26T01:19:58.129+0000] {processor.py:183} INFO - Processing /home/airflow/.local/lib/python3.12/site-packages/airflow/example_dags/example_sla_dag.py took 0.087 seconds
[2025-02-26T01:20:28.750+0000] {processor.py:161} INFO - Started process (PID=234) to work on /home/airflow/.local/lib/python3.12/site-packages/airflow/example_dags/example_sla_dag.py
[2025-02-26T01:20:28.752+0000] {processor.py:830} INFO - Processing file /home/airflow/.local/lib/python3.12/site-packages/airflow/example_dags/example_sla_dag.py for tasks to queue
[2025-02-26T01:20:28.754+0000] {logging_mixin.py:188} INFO - [2025-02-26T01:20:28.753+0000] {dagbag.py:540} INFO - Filling up the DagBag from /home/airflow/.local/lib/python3.12/site-packages/airflow/example_dags/example_sla_dag.py
[2025-02-26T01:20:28.763+0000] {processor.py:840} INFO - DAG(s) 'example_sla_dag' retrieved from /home/airflow/.local/lib/python3.12/site-packages/airflow/example_dags/example_sla_dag.py
[2025-02-26T01:20:28.787+0000] {logging_mixin.py:188} INFO - [2025-02-26T01:20:28.786+0000] {dag.py:3096} INFO - Sync 1 DAGs
[2025-02-26T01:20:28.816+0000] {logging_mixin.py:188} INFO - [2025-02-26T01:20:28.816+0000] {dag.py:3954} INFO - Setting next_dagrun for example_sla_dag to 2025-02-26 01:18:00+00:00, run_after=2025-02-26 01:20:00+00:00
[2025-02-26T01:20:28.841+0000] {processor.py:183} INFO - Processing /home/airflow/.local/lib/python3.12/site-packages/airflow/example_dags/example_sla_dag.py took 0.097 seconds
[2025-02-26T01:20:59.175+0000] {processor.py:161} INFO - Started process (PID=294) to work on /home/airflow/.local/lib/python3.12/site-packages/airflow/example_dags/example_sla_dag.py
[2025-02-26T01:20:59.177+0000] {processor.py:830} INFO - Processing file /home/airflow/.local/lib/python3.12/site-packages/airflow/example_dags/example_sla_dag.py for tasks to queue
[2025-02-26T01:20:59.179+0000] {logging_mixin.py:188} INFO - [2025-02-26T01:20:59.179+0000] {dagbag.py:540} INFO - Filling up the DagBag from /home/airflow/.local/lib/python3.12/site-packages/airflow/example_dags/example_sla_dag.py
[2025-02-26T01:20:59.197+0000] {processor.py:840} INFO - DAG(s) 'example_sla_dag' retrieved from /home/airflow/.local/lib/python3.12/site-packages/airflow/example_dags/example_sla_dag.py
[2025-02-26T01:21:19.516+0000] {logging_mixin.py:188} INFO - [2025-02-26T01:21:19.516+0000] {dag.py:3096} INFO - Sync 1 DAGs
[2025-02-26T01:21:19.795+0000] {logging_mixin.py:188} INFO - [2025-02-26T01:21:19.795+0000] {dag.py:3954} INFO - Setting next_dagrun for example_sla_dag to 2025-02-26 01:18:00+00:00, run_after=2025-02-26 01:20:00+00:00
[2025-02-26T01:21:19.832+0000] {processor.py:183} INFO - Processing /home/airflow/.local/lib/python3.12/site-packages/airflow/example_dags/example_sla_dag.py took 20.674 seconds
[2025-02-26T01:21:50.119+0000] {processor.py:161} INFO - Started process (PID=360) to work on /home/airflow/.local/lib/python3.12/site-packages/airflow/example_dags/example_sla_dag.py
[2025-02-26T01:21:50.178+0000] {processor.py:830} INFO - Processing file /home/airflow/.local/lib/python3.12/site-packages/airflow/example_dags/example_sla_dag.py for tasks to queue
[2025-02-26T01:21:50.181+0000] {logging_mixin.py:188} INFO - [2025-02-26T01:21:50.181+0000] {dagbag.py:540} INFO - Filling up the DagBag from /home/airflow/.local/lib/python3.12/site-packages/airflow/example_dags/example_sla_dag.py
[2025-02-26T01:21:50.194+0000] {processor.py:840} INFO - DAG(s) 'example_sla_dag' retrieved from /home/airflow/.local/lib/python3.12/site-packages/airflow/example_dags/example_sla_dag.py
[2025-02-26T01:21:50.286+0000] {logging_mixin.py:188} INFO - [2025-02-26T01:21:50.286+0000] {dag.py:3096} INFO - Sync 1 DAGs
[2025-02-26T01:21:50.614+0000] {logging_mixin.py:188} INFO - [2025-02-26T01:21:50.613+0000] {dag.py:3954} INFO - Setting next_dagrun for example_sla_dag to 2025-02-26 01:18:00+00:00, run_after=2025-02-26 01:20:00+00:00
[2025-02-26T01:21:50.906+0000] {processor.py:183} INFO - Processing /home/airflow/.local/lib/python3.12/site-packages/airflow/example_dags/example_sla_dag.py took 0.793 seconds
[2025-02-26T01:22:21.023+0000] {processor.py:161} INFO - Started process (PID=414) to work on /home/airflow/.local/lib/python3.12/site-packages/airflow/example_dags/example_sla_dag.py
[2025-02-26T01:22:21.024+0000] {processor.py:830} INFO - Processing file /home/airflow/.local/lib/python3.12/site-packages/airflow/example_dags/example_sla_dag.py for tasks to queue
[2025-02-26T01:22:21.026+0000] {logging_mixin.py:188} INFO - [2025-02-26T01:22:21.026+0000] {dagbag.py:540} INFO - Filling up the DagBag from /home/airflow/.local/lib/python3.12/site-packages/airflow/example_dags/example_sla_dag.py
[2025-02-26T01:22:21.035+0000] {processor.py:840} INFO - DAG(s) 'example_sla_dag' retrieved from /home/airflow/.local/lib/python3.12/site-packages/airflow/example_dags/example_sla_dag.py
[2025-02-26T01:22:21.057+0000] {logging_mixin.py:188} INFO - [2025-02-26T01:22:21.057+0000] {dag.py:3096} INFO - Sync 1 DAGs
[2025-02-26T01:22:21.084+0000] {logging_mixin.py:188} INFO - [2025-02-26T01:22:21.083+0000] {dag.py:3954} INFO - Setting next_dagrun for example_sla_dag to 2025-02-26 01:20:00+00:00, run_after=2025-02-26 01:22:00+00:00
[2025-02-26T01:22:21.107+0000] {processor.py:183} INFO - Processing /home/airflow/.local/lib/python3.12/site-packages/airflow/example_dags/example_sla_dag.py took 0.092 seconds
[2025-02-26T01:22:51.530+0000] {processor.py:161} INFO - Started process (PID=474) to work on /home/airflow/.local/lib/python3.12/site-packages/airflow/example_dags/example_sla_dag.py
[2025-02-26T01:22:51.533+0000] {processor.py:830} INFO - Processing file /home/airflow/.local/lib/python3.12/site-packages/airflow/example_dags/example_sla_dag.py for tasks to queue
[2025-02-26T01:22:51.538+0000] {logging_mixin.py:188} INFO - [2025-02-26T01:22:51.538+0000] {dagbag.py:540} INFO - Filling up the DagBag from /home/airflow/.local/lib/python3.12/site-packages/airflow/example_dags/example_sla_dag.py
[2025-02-26T01:22:51.551+0000] {processor.py:840} INFO - DAG(s) 'example_sla_dag' retrieved from /home/airflow/.local/lib/python3.12/site-packages/airflow/example_dags/example_sla_dag.py
[2025-02-26T01:22:51.572+0000] {logging_mixin.py:188} INFO - [2025-02-26T01:22:51.572+0000] {dag.py:3096} INFO - Sync 1 DAGs
[2025-02-26T01:22:51.599+0000] {logging_mixin.py:188} INFO - [2025-02-26T01:22:51.599+0000] {dag.py:3954} INFO - Setting next_dagrun for example_sla_dag to 2025-02-26 01:20:00+00:00, run_after=2025-02-26 01:22:00+00:00
[2025-02-26T01:22:51.623+0000] {processor.py:183} INFO - Processing /home/airflow/.local/lib/python3.12/site-packages/airflow/example_dags/example_sla_dag.py took 0.100 seconds
[2025-02-26T01:23:22.394+0000] {processor.py:161} INFO - Started process (PID=534) to work on /home/airflow/.local/lib/python3.12/site-packages/airflow/example_dags/example_sla_dag.py
[2025-02-26T01:23:22.395+0000] {processor.py:830} INFO - Processing file /home/airflow/.local/lib/python3.12/site-packages/airflow/example_dags/example_sla_dag.py for tasks to queue
[2025-02-26T01:23:22.398+0000] {logging_mixin.py:188} INFO - [2025-02-26T01:23:22.398+0000] {dagbag.py:540} INFO - Filling up the DagBag from /home/airflow/.local/lib/python3.12/site-packages/airflow/example_dags/example_sla_dag.py
[2025-02-26T01:23:22.408+0000] {processor.py:840} INFO - DAG(s) 'example_sla_dag' retrieved from /home/airflow/.local/lib/python3.12/site-packages/airflow/example_dags/example_sla_dag.py
[2025-02-26T01:23:22.433+0000] {logging_mixin.py:188} INFO - [2025-02-26T01:23:22.432+0000] {dag.py:3096} INFO - Sync 1 DAGs
[2025-02-26T01:23:22.462+0000] {logging_mixin.py:188} INFO - [2025-02-26T01:23:22.462+0000] {dag.py:3954} INFO - Setting next_dagrun for example_sla_dag to 2025-02-26 01:20:00+00:00, run_after=2025-02-26 01:22:00+00:00
[2025-02-26T01:23:23.754+0000] {processor.py:183} INFO - Processing /home/airflow/.local/lib/python3.12/site-packages/airflow/example_dags/example_sla_dag.py took 1.366 seconds
[2025-02-26T01:23:54.427+0000] {processor.py:161} INFO - Started process (PID=600) to work on /home/airflow/.local/lib/python3.12/site-packages/airflow/example_dags/example_sla_dag.py
[2025-02-26T01:23:54.428+0000] {processor.py:830} INFO - Processing file /home/airflow/.local/lib/python3.12/site-packages/airflow/example_dags/example_sla_dag.py for tasks to queue
[2025-02-26T01:23:54.431+0000] {logging_mixin.py:188} INFO - [2025-02-26T01:23:54.430+0000] {dagbag.py:540} INFO - Filling up the DagBag from /home/airflow/.local/lib/python3.12/site-packages/airflow/example_dags/example_sla_dag.py
[2025-02-26T01:23:54.440+0000] {processor.py:840} INFO - DAG(s) 'example_sla_dag' retrieved from /home/airflow/.local/lib/python3.12/site-packages/airflow/example_dags/example_sla_dag.py
[2025-02-26T01:23:54.462+0000] {logging_mixin.py:188} INFO - [2025-02-26T01:23:54.462+0000] {dag.py:3096} INFO - Sync 1 DAGs
[2025-02-26T01:23:54.489+0000] {logging_mixin.py:188} INFO - [2025-02-26T01:23:54.489+0000] {dag.py:3954} INFO - Setting next_dagrun for example_sla_dag to 2025-02-26 01:20:00+00:00, run_after=2025-02-26 01:22:00+00:00
[2025-02-26T01:23:54.510+0000] {processor.py:183} INFO - Processing /home/airflow/.local/lib/python3.12/site-packages/airflow/example_dags/example_sla_dag.py took 0.090 seconds
[2025-02-26T01:24:24.984+0000] {processor.py:161} INFO - Started process (PID=660) to work on /home/airflow/.local/lib/python3.12/site-packages/airflow/example_dags/example_sla_dag.py
[2025-02-26T01:24:24.985+0000] {processor.py:830} INFO - Processing file /home/airflow/.local/lib/python3.12/site-packages/airflow/example_dags/example_sla_dag.py for tasks to queue
[2025-02-26T01:24:24.988+0000] {logging_mixin.py:188} INFO - [2025-02-26T01:24:24.987+0000] {dagbag.py:540} INFO - Filling up the DagBag from /home/airflow/.local/lib/python3.12/site-packages/airflow/example_dags/example_sla_dag.py
[2025-02-26T01:24:24.998+0000] {processor.py:840} INFO - DAG(s) 'example_sla_dag' retrieved from /home/airflow/.local/lib/python3.12/site-packages/airflow/example_dags/example_sla_dag.py
[2025-02-26T01:24:25.023+0000] {logging_mixin.py:188} INFO - [2025-02-26T01:24:25.023+0000] {dag.py:3096} INFO - Sync 1 DAGs
[2025-02-26T01:24:25.048+0000] {logging_mixin.py:188} INFO - [2025-02-26T01:24:25.048+0000] {dag.py:3954} INFO - Setting next_dagrun for example_sla_dag to 2025-02-26 01:22:00+00:00, run_after=2025-02-26 01:24:00+00:00
[2025-02-26T01:24:25.069+0000] {processor.py:183} INFO - Processing /home/airflow/.local/lib/python3.12/site-packages/airflow/example_dags/example_sla_dag.py took 0.092 seconds
[2025-02-26T01:24:55.269+0000] {processor.py:161} INFO - Started process (PID=720) to work on /home/airflow/.local/lib/python3.12/site-packages/airflow/example_dags/example_sla_dag.py
[2025-02-26T01:24:55.270+0000] {processor.py:830} INFO - Processing file /home/airflow/.local/lib/python3.12/site-packages/airflow/example_dags/example_sla_dag.py for tasks to queue
[2025-02-26T01:24:55.272+0000] {logging_mixin.py:188} INFO - [2025-02-26T01:24:55.272+0000] {dagbag.py:540} INFO - Filling up the DagBag from /home/airflow/.local/lib/python3.12/site-packages/airflow/example_dags/example_sla_dag.py
[2025-02-26T01:24:55.288+0000] {processor.py:840} INFO - DAG(s) 'example_sla_dag' retrieved from /home/airflow/.local/lib/python3.12/site-packages/airflow/example_dags/example_sla_dag.py
[2025-02-26T01:24:55.325+0000] {logging_mixin.py:188} INFO - [2025-02-26T01:24:55.324+0000] {dag.py:3096} INFO - Sync 1 DAGs
[2025-02-26T01:24:55.359+0000] {logging_mixin.py:188} INFO - [2025-02-26T01:24:55.358+0000] {dag.py:3954} INFO - Setting next_dagrun for example_sla_dag to 2025-02-26 01:22:00+00:00, run_after=2025-02-26 01:24:00+00:00
[2025-02-26T01:24:55.385+0000] {processor.py:183} INFO - Processing /home/airflow/.local/lib/python3.12/site-packages/airflow/example_dags/example_sla_dag.py took 0.123 seconds
[2025-02-26T01:25:25.530+0000] {processor.py:161} INFO - Started process (PID=780) to work on /home/airflow/.local/lib/python3.12/site-packages/airflow/example_dags/example_sla_dag.py
[2025-02-26T01:25:25.531+0000] {processor.py:830} INFO - Processing file /home/airflow/.local/lib/python3.12/site-packages/airflow/example_dags/example_sla_dag.py for tasks to queue
[2025-02-26T01:25:25.534+0000] {logging_mixin.py:188} INFO - [2025-02-26T01:25:25.533+0000] {dagbag.py:540} INFO - Filling up the DagBag from /home/airflow/.local/lib/python3.12/site-packages/airflow/example_dags/example_sla_dag.py
[2025-02-26T01:25:25.543+0000] {processor.py:840} INFO - DAG(s) 'example_sla_dag' retrieved from /home/airflow/.local/lib/python3.12/site-packages/airflow/example_dags/example_sla_dag.py
[2025-02-26T01:25:25.566+0000] {logging_mixin.py:188} INFO - [2025-02-26T01:25:25.565+0000] {dag.py:3096} INFO - Sync 1 DAGs
[2025-02-26T01:25:25.592+0000] {logging_mixin.py:188} INFO - [2025-02-26T01:25:25.591+0000] {dag.py:3954} INFO - Setting next_dagrun for example_sla_dag to 2025-02-26 01:22:00+00:00, run_after=2025-02-26 01:24:00+00:00
[2025-02-26T01:25:25.620+0000] {processor.py:183} INFO - Processing /home/airflow/.local/lib/python3.12/site-packages/airflow/example_dags/example_sla_dag.py took 0.096 seconds
[2025-02-26T01:25:56.106+0000] {processor.py:161} INFO - Started process (PID=840) to work on /home/airflow/.local/lib/python3.12/site-packages/airflow/example_dags/example_sla_dag.py
[2025-02-26T01:25:56.107+0000] {processor.py:830} INFO - Processing file /home/airflow/.local/lib/python3.12/site-packages/airflow/example_dags/example_sla_dag.py for tasks to queue
[2025-02-26T01:25:56.110+0000] {logging_mixin.py:188} INFO - [2025-02-26T01:25:56.109+0000] {dagbag.py:540} INFO - Filling up the DagBag from /home/airflow/.local/lib/python3.12/site-packages/airflow/example_dags/example_sla_dag.py
[2025-02-26T01:25:56.119+0000] {processor.py:840} INFO - DAG(s) 'example_sla_dag' retrieved from /home/airflow/.local/lib/python3.12/site-packages/airflow/example_dags/example_sla_dag.py
[2025-02-26T01:25:56.140+0000] {logging_mixin.py:188} INFO - [2025-02-26T01:25:56.140+0000] {dag.py:3096} INFO - Sync 1 DAGs
[2025-02-26T01:25:56.164+0000] {logging_mixin.py:188} INFO - [2025-02-26T01:25:56.164+0000] {dag.py:3954} INFO - Setting next_dagrun for example_sla_dag to 2025-02-26 01:22:00+00:00, run_after=2025-02-26 01:24:00+00:00
[2025-02-26T01:25:56.186+0000] {processor.py:183} INFO - Processing /home/airflow/.local/lib/python3.12/site-packages/airflow/example_dags/example_sla_dag.py took 0.086 seconds
[2025-02-26T01:26:26.740+0000] {processor.py:161} INFO - Started process (PID=900) to work on /home/airflow/.local/lib/python3.12/site-packages/airflow/example_dags/example_sla_dag.py
[2025-02-26T01:26:26.742+0000] {processor.py:830} INFO - Processing file /home/airflow/.local/lib/python3.12/site-packages/airflow/example_dags/example_sla_dag.py for tasks to queue
[2025-02-26T01:26:26.744+0000] {logging_mixin.py:188} INFO - [2025-02-26T01:26:26.744+0000] {dagbag.py:540} INFO - Filling up the DagBag from /home/airflow/.local/lib/python3.12/site-packages/airflow/example_dags/example_sla_dag.py
[2025-02-26T01:26:26.756+0000] {processor.py:840} INFO - DAG(s) 'example_sla_dag' retrieved from /home/airflow/.local/lib/python3.12/site-packages/airflow/example_dags/example_sla_dag.py
[2025-02-26T01:26:26.782+0000] {logging_mixin.py:188} INFO - [2025-02-26T01:26:26.781+0000] {dag.py:3096} INFO - Sync 1 DAGs
[2025-02-26T01:26:26.814+0000] {logging_mixin.py:188} INFO - [2025-02-26T01:26:26.814+0000] {dag.py:3954} INFO - Setting next_dagrun for example_sla_dag to 2025-02-26 01:24:00+00:00, run_after=2025-02-26 01:26:00+00:00
[2025-02-26T01:26:27.540+0000] {processor.py:183} INFO - Processing /home/airflow/.local/lib/python3.12/site-packages/airflow/example_dags/example_sla_dag.py took 0.809 seconds
[2025-02-26T01:26:58.059+0000] {processor.py:161} INFO - Started process (PID=960) to work on /home/airflow/.local/lib/python3.12/site-packages/airflow/example_dags/example_sla_dag.py
[2025-02-26T01:26:58.060+0000] {processor.py:830} INFO - Processing file /home/airflow/.local/lib/python3.12/site-packages/airflow/example_dags/example_sla_dag.py for tasks to queue
[2025-02-26T01:26:58.063+0000] {logging_mixin.py:188} INFO - [2025-02-26T01:26:58.062+0000] {dagbag.py:540} INFO - Filling up the DagBag from /home/airflow/.local/lib/python3.12/site-packages/airflow/example_dags/example_sla_dag.py
[2025-02-26T01:26:58.072+0000] {processor.py:840} INFO - DAG(s) 'example_sla_dag' retrieved from /home/airflow/.local/lib/python3.12/site-packages/airflow/example_dags/example_sla_dag.py
[2025-02-26T01:26:58.096+0000] {logging_mixin.py:188} INFO - [2025-02-26T01:26:58.095+0000] {dag.py:3096} INFO - Sync 1 DAGs
[2025-02-26T01:26:58.121+0000] {logging_mixin.py:188} INFO - [2025-02-26T01:26:58.121+0000] {dag.py:3954} INFO - Setting next_dagrun for example_sla_dag to 2025-02-26 01:24:00+00:00, run_after=2025-02-26 01:26:00+00:00
[2025-02-26T01:26:58.145+0000] {processor.py:183} INFO - Processing /home/airflow/.local/lib/python3.12/site-packages/airflow/example_dags/example_sla_dag.py took 0.094 seconds
[2025-02-26T01:27:28.505+0000] {processor.py:161} INFO - Started process (PID=1020) to work on /home/airflow/.local/lib/python3.12/site-packages/airflow/example_dags/example_sla_dag.py
[2025-02-26T01:27:28.507+0000] {processor.py:830} INFO - Processing file /home/airflow/.local/lib/python3.12/site-packages/airflow/example_dags/example_sla_dag.py for tasks to queue
[2025-02-26T01:27:28.509+0000] {logging_mixin.py:188} INFO - [2025-02-26T01:27:28.509+0000] {dagbag.py:540} INFO - Filling up the DagBag from /home/airflow/.local/lib/python3.12/site-packages/airflow/example_dags/example_sla_dag.py
[2025-02-26T01:27:28.521+0000] {processor.py:840} INFO - DAG(s) 'example_sla_dag' retrieved from /home/airflow/.local/lib/python3.12/site-packages/airflow/example_dags/example_sla_dag.py
[2025-02-26T01:27:28.553+0000] {logging_mixin.py:188} INFO - [2025-02-26T01:27:28.553+0000] {dag.py:3096} INFO - Sync 1 DAGs
[2025-02-26T01:27:28.596+0000] {logging_mixin.py:188} INFO - [2025-02-26T01:27:28.595+0000] {dag.py:3954} INFO - Setting next_dagrun for example_sla_dag to 2025-02-26 01:24:00+00:00, run_after=2025-02-26 01:26:00+00:00
[2025-02-26T01:27:28.619+0000] {processor.py:183} INFO - Processing /home/airflow/.local/lib/python3.12/site-packages/airflow/example_dags/example_sla_dag.py took 0.120 seconds
[2025-02-26T01:27:59.391+0000] {processor.py:161} INFO - Started process (PID=1080) to work on /home/airflow/.local/lib/python3.12/site-packages/airflow/example_dags/example_sla_dag.py
[2025-02-26T01:27:59.394+0000] {processor.py:830} INFO - Processing file /home/airflow/.local/lib/python3.12/site-packages/airflow/example_dags/example_sla_dag.py for tasks to queue
[2025-02-26T01:27:59.401+0000] {logging_mixin.py:188} INFO - [2025-02-26T01:27:59.399+0000] {dagbag.py:540} INFO - Filling up the DagBag from /home/airflow/.local/lib/python3.12/site-packages/airflow/example_dags/example_sla_dag.py
[2025-02-26T01:27:59.428+0000] {processor.py:840} INFO - DAG(s) 'example_sla_dag' retrieved from /home/airflow/.local/lib/python3.12/site-packages/airflow/example_dags/example_sla_dag.py
[2025-02-26T01:27:59.499+0000] {logging_mixin.py:188} INFO - [2025-02-26T01:27:59.498+0000] {dag.py:3096} INFO - Sync 1 DAGs
[2025-02-26T01:27:59.584+0000] {logging_mixin.py:188} INFO - [2025-02-26T01:27:59.584+0000] {dag.py:3954} INFO - Setting next_dagrun for example_sla_dag to 2025-02-26 01:24:00+00:00, run_after=2025-02-26 01:26:00+00:00
[2025-02-26T01:27:59.620+0000] {processor.py:183} INFO - Processing /home/airflow/.local/lib/python3.12/site-packages/airflow/example_dags/example_sla_dag.py took 0.245 seconds
[2025-02-26T01:28:29.747+0000] {processor.py:161} INFO - Started process (PID=1140) to work on /home/airflow/.local/lib/python3.12/site-packages/airflow/example_dags/example_sla_dag.py
[2025-02-26T01:28:29.748+0000] {processor.py:830} INFO - Processing file /home/airflow/.local/lib/python3.12/site-packages/airflow/example_dags/example_sla_dag.py for tasks to queue
[2025-02-26T01:28:29.751+0000] {logging_mixin.py:188} INFO - [2025-02-26T01:28:29.750+0000] {dagbag.py:540} INFO - Filling up the DagBag from /home/airflow/.local/lib/python3.12/site-packages/airflow/example_dags/example_sla_dag.py
[2025-02-26T01:28:29.759+0000] {processor.py:840} INFO - DAG(s) 'example_sla_dag' retrieved from /home/airflow/.local/lib/python3.12/site-packages/airflow/example_dags/example_sla_dag.py
[2025-02-26T01:28:29.779+0000] {logging_mixin.py:188} INFO - [2025-02-26T01:28:29.779+0000] {dag.py:3096} INFO - Sync 1 DAGs
[2025-02-26T01:28:29.967+0000] {logging_mixin.py:188} INFO - [2025-02-26T01:28:29.967+0000] {dag.py:3954} INFO - Setting next_dagrun for example_sla_dag to 2025-02-26 01:26:00+00:00, run_after=2025-02-26 01:28:00+00:00
[2025-02-26T01:28:29.990+0000] {processor.py:183} INFO - Processing /home/airflow/.local/lib/python3.12/site-packages/airflow/example_dags/example_sla_dag.py took 0.249 seconds
[2025-02-26T01:29:00.279+0000] {processor.py:161} INFO - Started process (PID=1200) to work on /home/airflow/.local/lib/python3.12/site-packages/airflow/example_dags/example_sla_dag.py
[2025-02-26T01:29:00.280+0000] {processor.py:830} INFO - Processing file /home/airflow/.local/lib/python3.12/site-packages/airflow/example_dags/example_sla_dag.py for tasks to queue
[2025-02-26T01:29:00.283+0000] {logging_mixin.py:188} INFO - [2025-02-26T01:29:00.282+0000] {dagbag.py:540} INFO - Filling up the DagBag from /home/airflow/.local/lib/python3.12/site-packages/airflow/example_dags/example_sla_dag.py
[2025-02-26T01:29:00.296+0000] {processor.py:840} INFO - DAG(s) 'example_sla_dag' retrieved from /home/airflow/.local/lib/python3.12/site-packages/airflow/example_dags/example_sla_dag.py
[2025-02-26T01:29:00.324+0000] {logging_mixin.py:188} INFO - [2025-02-26T01:29:00.324+0000] {dag.py:3096} INFO - Sync 1 DAGs
[2025-02-26T01:29:00.551+0000] {logging_mixin.py:188} INFO - [2025-02-26T01:29:00.551+0000] {dag.py:3954} INFO - Setting next_dagrun for example_sla_dag to 2025-02-26 01:26:00+00:00, run_after=2025-02-26 01:28:00+00:00
[2025-02-26T01:29:00.571+0000] {processor.py:183} INFO - Processing /home/airflow/.local/lib/python3.12/site-packages/airflow/example_dags/example_sla_dag.py took 0.304 seconds
[2025-02-26T01:29:31.070+0000] {processor.py:161} INFO - Started process (PID=1260) to work on /home/airflow/.local/lib/python3.12/site-packages/airflow/example_dags/example_sla_dag.py
[2025-02-26T01:29:31.071+0000] {processor.py:830} INFO - Processing file /home/airflow/.local/lib/python3.12/site-packages/airflow/example_dags/example_sla_dag.py for tasks to queue
[2025-02-26T01:29:31.073+0000] {logging_mixin.py:188} INFO - [2025-02-26T01:29:31.073+0000] {dagbag.py:540} INFO - Filling up the DagBag from /home/airflow/.local/lib/python3.12/site-packages/airflow/example_dags/example_sla_dag.py
[2025-02-26T01:29:31.083+0000] {processor.py:840} INFO - DAG(s) 'example_sla_dag' retrieved from /home/airflow/.local/lib/python3.12/site-packages/airflow/example_dags/example_sla_dag.py
[2025-02-26T01:29:31.105+0000] {logging_mixin.py:188} INFO - [2025-02-26T01:29:31.105+0000] {dag.py:3096} INFO - Sync 1 DAGs
[2025-02-26T01:29:31.138+0000] {logging_mixin.py:188} INFO - [2025-02-26T01:29:31.137+0000] {dag.py:3954} INFO - Setting next_dagrun for example_sla_dag to 2025-02-26 01:26:00+00:00, run_after=2025-02-26 01:28:00+00:00
[2025-02-26T01:29:31.158+0000] {processor.py:183} INFO - Processing /home/airflow/.local/lib/python3.12/site-packages/airflow/example_dags/example_sla_dag.py took 0.095 seconds
[2025-02-26T01:30:01.415+0000] {processor.py:161} INFO - Started process (PID=1320) to work on /home/airflow/.local/lib/python3.12/site-packages/airflow/example_dags/example_sla_dag.py
[2025-02-26T01:30:01.416+0000] {processor.py:830} INFO - Processing file /home/airflow/.local/lib/python3.12/site-packages/airflow/example_dags/example_sla_dag.py for tasks to queue
[2025-02-26T01:30:01.419+0000] {logging_mixin.py:188} INFO - [2025-02-26T01:30:01.419+0000] {dagbag.py:540} INFO - Filling up the DagBag from /home/airflow/.local/lib/python3.12/site-packages/airflow/example_dags/example_sla_dag.py
[2025-02-26T01:30:01.434+0000] {processor.py:840} INFO - DAG(s) 'example_sla_dag' retrieved from /home/airflow/.local/lib/python3.12/site-packages/airflow/example_dags/example_sla_dag.py
[2025-02-26T01:30:01.459+0000] {logging_mixin.py:188} INFO - [2025-02-26T01:30:01.459+0000] {dag.py:3096} INFO - Sync 1 DAGs
[2025-02-26T01:30:01.502+0000] {logging_mixin.py:188} INFO - [2025-02-26T01:30:01.501+0000] {dag.py:3954} INFO - Setting next_dagrun for example_sla_dag to 2025-02-26 01:28:00+00:00, run_after=2025-02-26 01:30:00+00:00
[2025-02-26T01:30:01.538+0000] {processor.py:183} INFO - Processing /home/airflow/.local/lib/python3.12/site-packages/airflow/example_dags/example_sla_dag.py took 0.131 seconds
[2025-02-26T01:30:32.176+0000] {processor.py:161} INFO - Started process (PID=1385) to work on /home/airflow/.local/lib/python3.12/site-packages/airflow/example_dags/example_sla_dag.py
[2025-02-26T01:30:32.177+0000] {processor.py:830} INFO - Processing file /home/airflow/.local/lib/python3.12/site-packages/airflow/example_dags/example_sla_dag.py for tasks to queue
[2025-02-26T01:30:32.179+0000] {logging_mixin.py:188} INFO - [2025-02-26T01:30:32.179+0000] {dagbag.py:540} INFO - Filling up the DagBag from /home/airflow/.local/lib/python3.12/site-packages/airflow/example_dags/example_sla_dag.py
[2025-02-26T01:30:32.190+0000] {processor.py:840} INFO - DAG(s) 'example_sla_dag' retrieved from /home/airflow/.local/lib/python3.12/site-packages/airflow/example_dags/example_sla_dag.py
[2025-02-26T01:30:32.218+0000] {logging_mixin.py:188} INFO - [2025-02-26T01:30:32.217+0000] {dag.py:3096} INFO - Sync 1 DAGs
[2025-02-26T01:30:32.250+0000] {logging_mixin.py:188} INFO - [2025-02-26T01:30:32.250+0000] {dag.py:3954} INFO - Setting next_dagrun for example_sla_dag to 2025-02-26 01:28:00+00:00, run_after=2025-02-26 01:30:00+00:00
[2025-02-26T01:30:32.272+0000] {processor.py:183} INFO - Processing /home/airflow/.local/lib/python3.12/site-packages/airflow/example_dags/example_sla_dag.py took 0.103 seconds
[2025-02-26T01:31:02.905+0000] {processor.py:161} INFO - Started process (PID=1445) to work on /home/airflow/.local/lib/python3.12/site-packages/airflow/example_dags/example_sla_dag.py
[2025-02-26T01:31:02.907+0000] {processor.py:830} INFO - Processing file /home/airflow/.local/lib/python3.12/site-packages/airflow/example_dags/example_sla_dag.py for tasks to queue
[2025-02-26T01:31:02.911+0000] {logging_mixin.py:188} INFO - [2025-02-26T01:31:02.911+0000] {dagbag.py:540} INFO - Filling up the DagBag from /home/airflow/.local/lib/python3.12/site-packages/airflow/example_dags/example_sla_dag.py
[2025-02-26T01:31:02.922+0000] {processor.py:840} INFO - DAG(s) 'example_sla_dag' retrieved from /home/airflow/.local/lib/python3.12/site-packages/airflow/example_dags/example_sla_dag.py
[2025-02-26T01:31:02.951+0000] {logging_mixin.py:188} INFO - [2025-02-26T01:31:02.951+0000] {dag.py:3096} INFO - Sync 1 DAGs
[2025-02-26T01:31:02.994+0000] {logging_mixin.py:188} INFO - [2025-02-26T01:31:02.993+0000] {dag.py:3954} INFO - Setting next_dagrun for example_sla_dag to 2025-02-26 01:28:00+00:00, run_after=2025-02-26 01:30:00+00:00
[2025-02-26T01:31:03.033+0000] {processor.py:183} INFO - Processing /home/airflow/.local/lib/python3.12/site-packages/airflow/example_dags/example_sla_dag.py took 0.136 seconds
[2025-02-26T01:31:33.095+0000] {processor.py:161} INFO - Started process (PID=1505) to work on /home/airflow/.local/lib/python3.12/site-packages/airflow/example_dags/example_sla_dag.py
[2025-02-26T01:31:33.115+0000] {processor.py:830} INFO - Processing file /home/airflow/.local/lib/python3.12/site-packages/airflow/example_dags/example_sla_dag.py for tasks to queue
[2025-02-26T01:31:33.117+0000] {logging_mixin.py:188} INFO - [2025-02-26T01:31:33.117+0000] {dagbag.py:540} INFO - Filling up the DagBag from /home/airflow/.local/lib/python3.12/site-packages/airflow/example_dags/example_sla_dag.py
[2025-02-26T01:31:33.127+0000] {processor.py:840} INFO - DAG(s) 'example_sla_dag' retrieved from /home/airflow/.local/lib/python3.12/site-packages/airflow/example_dags/example_sla_dag.py
[2025-02-26T01:31:33.149+0000] {logging_mixin.py:188} INFO - [2025-02-26T01:31:33.149+0000] {dag.py:3096} INFO - Sync 1 DAGs
[2025-02-26T01:31:33.180+0000] {logging_mixin.py:188} INFO - [2025-02-26T01:31:33.180+0000] {dag.py:3954} INFO - Setting next_dagrun for example_sla_dag to 2025-02-26 01:28:00+00:00, run_after=2025-02-26 01:30:00+00:00
[2025-02-26T01:31:33.263+0000] {processor.py:183} INFO - Processing /home/airflow/.local/lib/python3.12/site-packages/airflow/example_dags/example_sla_dag.py took 0.175 seconds
[2025-02-26T01:32:03.521+0000] {processor.py:161} INFO - Started process (PID=1565) to work on /home/airflow/.local/lib/python3.12/site-packages/airflow/example_dags/example_sla_dag.py
[2025-02-26T01:32:03.523+0000] {processor.py:830} INFO - Processing file /home/airflow/.local/lib/python3.12/site-packages/airflow/example_dags/example_sla_dag.py for tasks to queue
[2025-02-26T01:32:03.525+0000] {logging_mixin.py:188} INFO - [2025-02-26T01:32:03.525+0000] {dagbag.py:540} INFO - Filling up the DagBag from /home/airflow/.local/lib/python3.12/site-packages/airflow/example_dags/example_sla_dag.py
[2025-02-26T01:32:03.535+0000] {processor.py:840} INFO - DAG(s) 'example_sla_dag' retrieved from /home/airflow/.local/lib/python3.12/site-packages/airflow/example_dags/example_sla_dag.py
[2025-02-26T01:32:03.560+0000] {logging_mixin.py:188} INFO - [2025-02-26T01:32:03.559+0000] {dag.py:3096} INFO - Sync 1 DAGs
[2025-02-26T01:32:03.591+0000] {logging_mixin.py:188} INFO - [2025-02-26T01:32:03.591+0000] {dag.py:3954} INFO - Setting next_dagrun for example_sla_dag to 2025-02-26 01:30:00+00:00, run_after=2025-02-26 01:32:00+00:00
[2025-02-26T01:32:03.625+0000] {processor.py:183} INFO - Processing /home/airflow/.local/lib/python3.12/site-packages/airflow/example_dags/example_sla_dag.py took 0.112 seconds
[2025-02-26T01:32:33.886+0000] {processor.py:161} INFO - Started process (PID=1626) to work on /home/airflow/.local/lib/python3.12/site-packages/airflow/example_dags/example_sla_dag.py
[2025-02-26T01:32:33.888+0000] {processor.py:830} INFO - Processing file /home/airflow/.local/lib/python3.12/site-packages/airflow/example_dags/example_sla_dag.py for tasks to queue
[2025-02-26T01:32:33.891+0000] {logging_mixin.py:188} INFO - [2025-02-26T01:32:33.890+0000] {dagbag.py:540} INFO - Filling up the DagBag from /home/airflow/.local/lib/python3.12/site-packages/airflow/example_dags/example_sla_dag.py
[2025-02-26T01:32:33.902+0000] {processor.py:840} INFO - DAG(s) 'example_sla_dag' retrieved from /home/airflow/.local/lib/python3.12/site-packages/airflow/example_dags/example_sla_dag.py
[2025-02-26T01:32:33.929+0000] {logging_mixin.py:188} INFO - [2025-02-26T01:32:33.928+0000] {dag.py:3096} INFO - Sync 1 DAGs
[2025-02-26T01:32:33.966+0000] {logging_mixin.py:188} INFO - [2025-02-26T01:32:33.965+0000] {dag.py:3954} INFO - Setting next_dagrun for example_sla_dag to 2025-02-26 01:30:00+00:00, run_after=2025-02-26 01:32:00+00:00
[2025-02-26T01:32:33.990+0000] {processor.py:183} INFO - Processing /home/airflow/.local/lib/python3.12/site-packages/airflow/example_dags/example_sla_dag.py took 0.112 seconds
[2025-02-26T01:33:04.093+0000] {processor.py:161} INFO - Started process (PID=1686) to work on /home/airflow/.local/lib/python3.12/site-packages/airflow/example_dags/example_sla_dag.py
[2025-02-26T01:33:04.094+0000] {processor.py:830} INFO - Processing file /home/airflow/.local/lib/python3.12/site-packages/airflow/example_dags/example_sla_dag.py for tasks to queue
[2025-02-26T01:33:04.097+0000] {logging_mixin.py:188} INFO - [2025-02-26T01:33:04.097+0000] {dagbag.py:540} INFO - Filling up the DagBag from /home/airflow/.local/lib/python3.12/site-packages/airflow/example_dags/example_sla_dag.py
[2025-02-26T01:33:04.107+0000] {processor.py:840} INFO - DAG(s) 'example_sla_dag' retrieved from /home/airflow/.local/lib/python3.12/site-packages/airflow/example_dags/example_sla_dag.py
[2025-02-26T01:33:04.138+0000] {logging_mixin.py:188} INFO - [2025-02-26T01:33:04.137+0000] {dag.py:3096} INFO - Sync 1 DAGs
[2025-02-26T01:33:04.183+0000] {logging_mixin.py:188} INFO - [2025-02-26T01:33:04.182+0000] {dag.py:3954} INFO - Setting next_dagrun for example_sla_dag to 2025-02-26 01:30:00+00:00, run_after=2025-02-26 01:32:00+00:00
[2025-02-26T01:33:04.273+0000] {processor.py:183} INFO - Processing /home/airflow/.local/lib/python3.12/site-packages/airflow/example_dags/example_sla_dag.py took 0.188 seconds
[2025-02-26T01:33:34.796+0000] {processor.py:161} INFO - Started process (PID=1746) to work on /home/airflow/.local/lib/python3.12/site-packages/airflow/example_dags/example_sla_dag.py
[2025-02-26T01:33:34.798+0000] {processor.py:830} INFO - Processing file /home/airflow/.local/lib/python3.12/site-packages/airflow/example_dags/example_sla_dag.py for tasks to queue
[2025-02-26T01:33:34.800+0000] {logging_mixin.py:188} INFO - [2025-02-26T01:33:34.800+0000] {dagbag.py:540} INFO - Filling up the DagBag from /home/airflow/.local/lib/python3.12/site-packages/airflow/example_dags/example_sla_dag.py
[2025-02-26T01:33:34.809+0000] {processor.py:840} INFO - DAG(s) 'example_sla_dag' retrieved from /home/airflow/.local/lib/python3.12/site-packages/airflow/example_dags/example_sla_dag.py
[2025-02-26T01:33:34.831+0000] {logging_mixin.py:188} INFO - [2025-02-26T01:33:34.830+0000] {dag.py:3096} INFO - Sync 1 DAGs
[2025-02-26T01:33:34.855+0000] {logging_mixin.py:188} INFO - [2025-02-26T01:33:34.855+0000] {dag.py:3954} INFO - Setting next_dagrun for example_sla_dag to 2025-02-26 01:30:00+00:00, run_after=2025-02-26 01:32:00+00:00
[2025-02-26T01:33:34.876+0000] {processor.py:183} INFO - Processing /home/airflow/.local/lib/python3.12/site-packages/airflow/example_dags/example_sla_dag.py took 0.087 seconds
[2025-02-26T01:34:04.946+0000] {processor.py:161} INFO - Started process (PID=1804) to work on /home/airflow/.local/lib/python3.12/site-packages/airflow/example_dags/example_sla_dag.py
[2025-02-26T01:34:04.948+0000] {processor.py:830} INFO - Processing file /home/airflow/.local/lib/python3.12/site-packages/airflow/example_dags/example_sla_dag.py for tasks to queue
[2025-02-26T01:34:04.950+0000] {logging_mixin.py:188} INFO - [2025-02-26T01:34:04.950+0000] {dagbag.py:540} INFO - Filling up the DagBag from /home/airflow/.local/lib/python3.12/site-packages/airflow/example_dags/example_sla_dag.py
[2025-02-26T01:34:04.959+0000] {processor.py:840} INFO - DAG(s) 'example_sla_dag' retrieved from /home/airflow/.local/lib/python3.12/site-packages/airflow/example_dags/example_sla_dag.py
[2025-02-26T01:34:04.980+0000] {logging_mixin.py:188} INFO - [2025-02-26T01:34:04.980+0000] {dag.py:3096} INFO - Sync 1 DAGs
[2025-02-26T01:34:05.005+0000] {logging_mixin.py:188} INFO - [2025-02-26T01:34:05.005+0000] {dag.py:3954} INFO - Setting next_dagrun for example_sla_dag to 2025-02-26 01:32:00+00:00, run_after=2025-02-26 01:34:00+00:00
[2025-02-26T01:34:05.026+0000] {processor.py:183} INFO - Processing /home/airflow/.local/lib/python3.12/site-packages/airflow/example_dags/example_sla_dag.py took 0.087 seconds
[2025-02-26T01:34:35.238+0000] {processor.py:161} INFO - Started process (PID=1864) to work on /home/airflow/.local/lib/python3.12/site-packages/airflow/example_dags/example_sla_dag.py
[2025-02-26T01:34:35.239+0000] {processor.py:830} INFO - Processing file /home/airflow/.local/lib/python3.12/site-packages/airflow/example_dags/example_sla_dag.py for tasks to queue
[2025-02-26T01:34:35.242+0000] {logging_mixin.py:188} INFO - [2025-02-26T01:34:35.242+0000] {dagbag.py:540} INFO - Filling up the DagBag from /home/airflow/.local/lib/python3.12/site-packages/airflow/example_dags/example_sla_dag.py
[2025-02-26T01:34:35.256+0000] {processor.py:840} INFO - DAG(s) 'example_sla_dag' retrieved from /home/airflow/.local/lib/python3.12/site-packages/airflow/example_dags/example_sla_dag.py
[2025-02-26T01:34:35.291+0000] {logging_mixin.py:188} INFO - [2025-02-26T01:34:35.291+0000] {dag.py:3096} INFO - Sync 1 DAGs
[2025-02-26T01:34:35.330+0000] {logging_mixin.py:188} INFO - [2025-02-26T01:34:35.330+0000] {dag.py:3954} INFO - Setting next_dagrun for example_sla_dag to 2025-02-26 01:32:00+00:00, run_after=2025-02-26 01:34:00+00:00
[2025-02-26T01:34:35.361+0000] {processor.py:183} INFO - Processing /home/airflow/.local/lib/python3.12/site-packages/airflow/example_dags/example_sla_dag.py took 0.133 seconds
[2025-02-26T01:35:05.985+0000] {processor.py:161} INFO - Started process (PID=1924) to work on /home/airflow/.local/lib/python3.12/site-packages/airflow/example_dags/example_sla_dag.py
[2025-02-26T01:35:05.986+0000] {processor.py:830} INFO - Processing file /home/airflow/.local/lib/python3.12/site-packages/airflow/example_dags/example_sla_dag.py for tasks to queue
[2025-02-26T01:35:05.989+0000] {logging_mixin.py:188} INFO - [2025-02-26T01:35:05.988+0000] {dagbag.py:540} INFO - Filling up the DagBag from /home/airflow/.local/lib/python3.12/site-packages/airflow/example_dags/example_sla_dag.py
[2025-02-26T01:35:05.999+0000] {processor.py:840} INFO - DAG(s) 'example_sla_dag' retrieved from /home/airflow/.local/lib/python3.12/site-packages/airflow/example_dags/example_sla_dag.py
[2025-02-26T01:35:06.025+0000] {logging_mixin.py:188} INFO - [2025-02-26T01:35:06.025+0000] {dag.py:3096} INFO - Sync 1 DAGs
[2025-02-26T01:35:06.059+0000] {logging_mixin.py:188} INFO - [2025-02-26T01:35:06.058+0000] {dag.py:3954} INFO - Setting next_dagrun for example_sla_dag to 2025-02-26 01:32:00+00:00, run_after=2025-02-26 01:34:00+00:00
[2025-02-26T01:35:06.086+0000] {processor.py:183} INFO - Processing /home/airflow/.local/lib/python3.12/site-packages/airflow/example_dags/example_sla_dag.py took 0.109 seconds
[2025-02-26T01:35:36.390+0000] {processor.py:161} INFO - Started process (PID=1984) to work on /home/airflow/.local/lib/python3.12/site-packages/airflow/example_dags/example_sla_dag.py
[2025-02-26T01:35:36.392+0000] {processor.py:830} INFO - Processing file /home/airflow/.local/lib/python3.12/site-packages/airflow/example_dags/example_sla_dag.py for tasks to queue
[2025-02-26T01:35:36.394+0000] {logging_mixin.py:188} INFO - [2025-02-26T01:35:36.394+0000] {dagbag.py:540} INFO - Filling up the DagBag from /home/airflow/.local/lib/python3.12/site-packages/airflow/example_dags/example_sla_dag.py
[2025-02-26T01:35:36.405+0000] {processor.py:840} INFO - DAG(s) 'example_sla_dag' retrieved from /home/airflow/.local/lib/python3.12/site-packages/airflow/example_dags/example_sla_dag.py
[2025-02-26T01:35:36.428+0000] {logging_mixin.py:188} INFO - [2025-02-26T01:35:36.428+0000] {dag.py:3096} INFO - Sync 1 DAGs
[2025-02-26T01:35:36.466+0000] {logging_mixin.py:188} INFO - [2025-02-26T01:35:36.466+0000] {dag.py:3954} INFO - Setting next_dagrun for example_sla_dag to 2025-02-26 01:32:00+00:00, run_after=2025-02-26 01:34:00+00:00
[2025-02-26T01:35:36.493+0000] {processor.py:183} INFO - Processing /home/airflow/.local/lib/python3.12/site-packages/airflow/example_dags/example_sla_dag.py took 0.110 seconds
[2025-02-26T01:36:06.896+0000] {processor.py:161} INFO - Started process (PID=2044) to work on /home/airflow/.local/lib/python3.12/site-packages/airflow/example_dags/example_sla_dag.py
[2025-02-26T01:36:06.897+0000] {processor.py:830} INFO - Processing file /home/airflow/.local/lib/python3.12/site-packages/airflow/example_dags/example_sla_dag.py for tasks to queue
[2025-02-26T01:36:06.900+0000] {logging_mixin.py:188} INFO - [2025-02-26T01:36:06.899+0000] {dagbag.py:540} INFO - Filling up the DagBag from /home/airflow/.local/lib/python3.12/site-packages/airflow/example_dags/example_sla_dag.py
[2025-02-26T01:36:06.910+0000] {processor.py:840} INFO - DAG(s) 'example_sla_dag' retrieved from /home/airflow/.local/lib/python3.12/site-packages/airflow/example_dags/example_sla_dag.py
[2025-02-26T01:36:06.933+0000] {logging_mixin.py:188} INFO - [2025-02-26T01:36:06.933+0000] {dag.py:3096} INFO - Sync 1 DAGs
[2025-02-26T01:36:06.977+0000] {logging_mixin.py:188} INFO - [2025-02-26T01:36:06.976+0000] {dag.py:3954} INFO - Setting next_dagrun for example_sla_dag to 2025-02-26 01:34:00+00:00, run_after=2025-02-26 01:36:00+00:00
[2025-02-26T01:36:07.003+0000] {processor.py:183} INFO - Processing /home/airflow/.local/lib/python3.12/site-packages/airflow/example_dags/example_sla_dag.py took 0.114 seconds
[2025-02-26T01:36:37.615+0000] {processor.py:161} INFO - Started process (PID=2104) to work on /home/airflow/.local/lib/python3.12/site-packages/airflow/example_dags/example_sla_dag.py
[2025-02-26T01:36:37.616+0000] {processor.py:830} INFO - Processing file /home/airflow/.local/lib/python3.12/site-packages/airflow/example_dags/example_sla_dag.py for tasks to queue
[2025-02-26T01:36:37.619+0000] {logging_mixin.py:188} INFO - [2025-02-26T01:36:37.618+0000] {dagbag.py:540} INFO - Filling up the DagBag from /home/airflow/.local/lib/python3.12/site-packages/airflow/example_dags/example_sla_dag.py
[2025-02-26T01:36:37.634+0000] {processor.py:840} INFO - DAG(s) 'example_sla_dag' retrieved from /home/airflow/.local/lib/python3.12/site-packages/airflow/example_dags/example_sla_dag.py
[2025-02-26T01:36:37.673+0000] {logging_mixin.py:188} INFO - [2025-02-26T01:36:37.672+0000] {dag.py:3096} INFO - Sync 1 DAGs
[2025-02-26T01:36:37.721+0000] {logging_mixin.py:188} INFO - [2025-02-26T01:36:37.721+0000] {dag.py:3954} INFO - Setting next_dagrun for example_sla_dag to 2025-02-26 01:34:00+00:00, run_after=2025-02-26 01:36:00+00:00
[2025-02-26T01:36:37.745+0000] {processor.py:183} INFO - Processing /home/airflow/.local/lib/python3.12/site-packages/airflow/example_dags/example_sla_dag.py took 0.141 seconds
[2025-02-26T01:37:08.604+0000] {processor.py:161} INFO - Started process (PID=2164) to work on /home/airflow/.local/lib/python3.12/site-packages/airflow/example_dags/example_sla_dag.py
[2025-02-26T01:37:08.605+0000] {processor.py:830} INFO - Processing file /home/airflow/.local/lib/python3.12/site-packages/airflow/example_dags/example_sla_dag.py for tasks to queue
[2025-02-26T01:37:08.607+0000] {logging_mixin.py:188} INFO - [2025-02-26T01:37:08.607+0000] {dagbag.py:540} INFO - Filling up the DagBag from /home/airflow/.local/lib/python3.12/site-packages/airflow/example_dags/example_sla_dag.py
[2025-02-26T01:37:08.621+0000] {processor.py:840} INFO - DAG(s) 'example_sla_dag' retrieved from /home/airflow/.local/lib/python3.12/site-packages/airflow/example_dags/example_sla_dag.py
[2025-02-26T01:37:08.645+0000] {logging_mixin.py:188} INFO - [2025-02-26T01:37:08.644+0000] {dag.py:3096} INFO - Sync 1 DAGs
[2025-02-26T01:37:08.673+0000] {logging_mixin.py:188} INFO - [2025-02-26T01:37:08.672+0000] {dag.py:3954} INFO - Setting next_dagrun for example_sla_dag to 2025-02-26 01:34:00+00:00, run_after=2025-02-26 01:36:00+00:00
[2025-02-26T01:37:08.695+0000] {processor.py:183} INFO - Processing /home/airflow/.local/lib/python3.12/site-packages/airflow/example_dags/example_sla_dag.py took 0.099 seconds
[2025-02-26T01:37:39.022+0000] {processor.py:161} INFO - Started process (PID=2224) to work on /home/airflow/.local/lib/python3.12/site-packages/airflow/example_dags/example_sla_dag.py
[2025-02-26T01:37:39.024+0000] {processor.py:830} INFO - Processing file /home/airflow/.local/lib/python3.12/site-packages/airflow/example_dags/example_sla_dag.py for tasks to queue
[2025-02-26T01:37:39.026+0000] {logging_mixin.py:188} INFO - [2025-02-26T01:37:39.026+0000] {dagbag.py:540} INFO - Filling up the DagBag from /home/airflow/.local/lib/python3.12/site-packages/airflow/example_dags/example_sla_dag.py
[2025-02-26T01:37:39.036+0000] {processor.py:840} INFO - DAG(s) 'example_sla_dag' retrieved from /home/airflow/.local/lib/python3.12/site-packages/airflow/example_dags/example_sla_dag.py
[2025-02-26T01:37:39.060+0000] {logging_mixin.py:188} INFO - [2025-02-26T01:37:39.059+0000] {dag.py:3096} INFO - Sync 1 DAGs
[2025-02-26T01:37:39.090+0000] {logging_mixin.py:188} INFO - [2025-02-26T01:37:39.089+0000] {dag.py:3954} INFO - Setting next_dagrun for example_sla_dag to 2025-02-26 01:34:00+00:00, run_after=2025-02-26 01:36:00+00:00
[2025-02-26T01:37:39.139+0000] {processor.py:183} INFO - Processing /home/airflow/.local/lib/python3.12/site-packages/airflow/example_dags/example_sla_dag.py took 0.124 seconds
[2025-02-26T01:38:09.444+0000] {processor.py:161} INFO - Started process (PID=2284) to work on /home/airflow/.local/lib/python3.12/site-packages/airflow/example_dags/example_sla_dag.py
[2025-02-26T01:38:09.445+0000] {processor.py:830} INFO - Processing file /home/airflow/.local/lib/python3.12/site-packages/airflow/example_dags/example_sla_dag.py for tasks to queue
[2025-02-26T01:38:09.447+0000] {logging_mixin.py:188} INFO - [2025-02-26T01:38:09.447+0000] {dagbag.py:540} INFO - Filling up the DagBag from /home/airflow/.local/lib/python3.12/site-packages/airflow/example_dags/example_sla_dag.py
[2025-02-26T01:38:09.457+0000] {processor.py:840} INFO - DAG(s) 'example_sla_dag' retrieved from /home/airflow/.local/lib/python3.12/site-packages/airflow/example_dags/example_sla_dag.py
[2025-02-26T01:38:09.478+0000] {logging_mixin.py:188} INFO - [2025-02-26T01:38:09.478+0000] {dag.py:3096} INFO - Sync 1 DAGs
[2025-02-26T01:38:09.505+0000] {logging_mixin.py:188} INFO - [2025-02-26T01:38:09.504+0000] {dag.py:3954} INFO - Setting next_dagrun for example_sla_dag to 2025-02-26 01:36:00+00:00, run_after=2025-02-26 01:38:00+00:00
[2025-02-26T01:38:09.526+0000] {processor.py:183} INFO - Processing /home/airflow/.local/lib/python3.12/site-packages/airflow/example_dags/example_sla_dag.py took 0.089 seconds
[2025-02-26T01:38:39.990+0000] {processor.py:161} INFO - Started process (PID=2344) to work on /home/airflow/.local/lib/python3.12/site-packages/airflow/example_dags/example_sla_dag.py
[2025-02-26T01:38:39.991+0000] {processor.py:830} INFO - Processing file /home/airflow/.local/lib/python3.12/site-packages/airflow/example_dags/example_sla_dag.py for tasks to queue
[2025-02-26T01:38:39.994+0000] {logging_mixin.py:188} INFO - [2025-02-26T01:38:39.994+0000] {dagbag.py:540} INFO - Filling up the DagBag from /home/airflow/.local/lib/python3.12/site-packages/airflow/example_dags/example_sla_dag.py
[2025-02-26T01:38:40.005+0000] {processor.py:840} INFO - DAG(s) 'example_sla_dag' retrieved from /home/airflow/.local/lib/python3.12/site-packages/airflow/example_dags/example_sla_dag.py
[2025-02-26T01:38:40.027+0000] {logging_mixin.py:188} INFO - [2025-02-26T01:38:40.026+0000] {dag.py:3096} INFO - Sync 1 DAGs
[2025-02-26T01:38:40.054+0000] {logging_mixin.py:188} INFO - [2025-02-26T01:38:40.054+0000] {dag.py:3954} INFO - Setting next_dagrun for example_sla_dag to 2025-02-26 01:36:00+00:00, run_after=2025-02-26 01:38:00+00:00
[2025-02-26T01:38:40.078+0000] {processor.py:183} INFO - Processing /home/airflow/.local/lib/python3.12/site-packages/airflow/example_dags/example_sla_dag.py took 0.097 seconds
[2025-02-26T01:39:10.203+0000] {processor.py:161} INFO - Started process (PID=2404) to work on /home/airflow/.local/lib/python3.12/site-packages/airflow/example_dags/example_sla_dag.py
[2025-02-26T01:39:10.204+0000] {processor.py:830} INFO - Processing file /home/airflow/.local/lib/python3.12/site-packages/airflow/example_dags/example_sla_dag.py for tasks to queue
[2025-02-26T01:39:10.207+0000] {logging_mixin.py:188} INFO - [2025-02-26T01:39:10.206+0000] {dagbag.py:540} INFO - Filling up the DagBag from /home/airflow/.local/lib/python3.12/site-packages/airflow/example_dags/example_sla_dag.py
[2025-02-26T01:39:10.217+0000] {processor.py:840} INFO - DAG(s) 'example_sla_dag' retrieved from /home/airflow/.local/lib/python3.12/site-packages/airflow/example_dags/example_sla_dag.py
[2025-02-26T01:39:10.240+0000] {logging_mixin.py:188} INFO - [2025-02-26T01:39:10.240+0000] {dag.py:3096} INFO - Sync 1 DAGs
[2025-02-26T01:39:10.266+0000] {logging_mixin.py:188} INFO - [2025-02-26T01:39:10.266+0000] {dag.py:3954} INFO - Setting next_dagrun for example_sla_dag to 2025-02-26 01:36:00+00:00, run_after=2025-02-26 01:38:00+00:00
[2025-02-26T01:39:10.288+0000] {processor.py:183} INFO - Processing /home/airflow/.local/lib/python3.12/site-packages/airflow/example_dags/example_sla_dag.py took 0.092 seconds
[2025-02-26T01:39:40.881+0000] {processor.py:161} INFO - Started process (PID=2464) to work on /home/airflow/.local/lib/python3.12/site-packages/airflow/example_dags/example_sla_dag.py
[2025-02-26T01:39:40.882+0000] {processor.py:830} INFO - Processing file /home/airflow/.local/lib/python3.12/site-packages/airflow/example_dags/example_sla_dag.py for tasks to queue
[2025-02-26T01:39:40.884+0000] {logging_mixin.py:188} INFO - [2025-02-26T01:39:40.884+0000] {dagbag.py:540} INFO - Filling up the DagBag from /home/airflow/.local/lib/python3.12/site-packages/airflow/example_dags/example_sla_dag.py
[2025-02-26T01:39:40.894+0000] {processor.py:840} INFO - DAG(s) 'example_sla_dag' retrieved from /home/airflow/.local/lib/python3.12/site-packages/airflow/example_dags/example_sla_dag.py
[2025-02-26T01:39:40.916+0000] {logging_mixin.py:188} INFO - [2025-02-26T01:39:40.916+0000] {dag.py:3096} INFO - Sync 1 DAGs
[2025-02-26T01:39:40.942+0000] {logging_mixin.py:188} INFO - [2025-02-26T01:39:40.942+0000] {dag.py:3954} INFO - Setting next_dagrun for example_sla_dag to 2025-02-26 01:36:00+00:00, run_after=2025-02-26 01:38:00+00:00
[2025-02-26T01:39:40.964+0000] {processor.py:183} INFO - Processing /home/airflow/.local/lib/python3.12/site-packages/airflow/example_dags/example_sla_dag.py took 0.090 seconds
[2025-02-26T01:40:11.423+0000] {processor.py:161} INFO - Started process (PID=2530) to work on /home/airflow/.local/lib/python3.12/site-packages/airflow/example_dags/example_sla_dag.py
[2025-02-26T01:40:11.424+0000] {processor.py:830} INFO - Processing file /home/airflow/.local/lib/python3.12/site-packages/airflow/example_dags/example_sla_dag.py for tasks to queue
[2025-02-26T01:40:11.427+0000] {logging_mixin.py:188} INFO - [2025-02-26T01:40:11.426+0000] {dagbag.py:540} INFO - Filling up the DagBag from /home/airflow/.local/lib/python3.12/site-packages/airflow/example_dags/example_sla_dag.py
[2025-02-26T01:40:11.437+0000] {processor.py:840} INFO - DAG(s) 'example_sla_dag' retrieved from /home/airflow/.local/lib/python3.12/site-packages/airflow/example_dags/example_sla_dag.py
[2025-02-26T01:40:11.461+0000] {logging_mixin.py:188} INFO - [2025-02-26T01:40:11.461+0000] {dag.py:3096} INFO - Sync 1 DAGs
[2025-02-26T01:40:11.504+0000] {logging_mixin.py:188} INFO - [2025-02-26T01:40:11.503+0000] {dag.py:3954} INFO - Setting next_dagrun for example_sla_dag to 2025-02-26 01:38:00+00:00, run_after=2025-02-26 01:40:00+00:00
[2025-02-26T01:40:11.528+0000] {processor.py:183} INFO - Processing /home/airflow/.local/lib/python3.12/site-packages/airflow/example_dags/example_sla_dag.py took 0.113 seconds
[2025-02-26T01:40:42.225+0000] {processor.py:161} INFO - Started process (PID=2590) to work on /home/airflow/.local/lib/python3.12/site-packages/airflow/example_dags/example_sla_dag.py
[2025-02-26T01:40:42.226+0000] {processor.py:830} INFO - Processing file /home/airflow/.local/lib/python3.12/site-packages/airflow/example_dags/example_sla_dag.py for tasks to queue
[2025-02-26T01:40:42.229+0000] {logging_mixin.py:188} INFO - [2025-02-26T01:40:42.228+0000] {dagbag.py:540} INFO - Filling up the DagBag from /home/airflow/.local/lib/python3.12/site-packages/airflow/example_dags/example_sla_dag.py
[2025-02-26T01:40:42.238+0000] {processor.py:840} INFO - DAG(s) 'example_sla_dag' retrieved from /home/airflow/.local/lib/python3.12/site-packages/airflow/example_dags/example_sla_dag.py
[2025-02-26T01:40:42.259+0000] {logging_mixin.py:188} INFO - [2025-02-26T01:40:42.258+0000] {dag.py:3096} INFO - Sync 1 DAGs
[2025-02-26T01:40:42.283+0000] {logging_mixin.py:188} INFO - [2025-02-26T01:40:42.283+0000] {dag.py:3954} INFO - Setting next_dagrun for example_sla_dag to 2025-02-26 01:38:00+00:00, run_after=2025-02-26 01:40:00+00:00
[2025-02-26T01:40:42.305+0000] {processor.py:183} INFO - Processing /home/airflow/.local/lib/python3.12/site-packages/airflow/example_dags/example_sla_dag.py took 0.087 seconds
[2025-02-26T01:41:12.485+0000] {processor.py:161} INFO - Started process (PID=2650) to work on /home/airflow/.local/lib/python3.12/site-packages/airflow/example_dags/example_sla_dag.py
[2025-02-26T01:41:12.488+0000] {processor.py:830} INFO - Processing file /home/airflow/.local/lib/python3.12/site-packages/airflow/example_dags/example_sla_dag.py for tasks to queue
[2025-02-26T01:41:12.492+0000] {logging_mixin.py:188} INFO - [2025-02-26T01:41:12.491+0000] {dagbag.py:540} INFO - Filling up the DagBag from /home/airflow/.local/lib/python3.12/site-packages/airflow/example_dags/example_sla_dag.py
[2025-02-26T01:41:12.505+0000] {processor.py:840} INFO - DAG(s) 'example_sla_dag' retrieved from /home/airflow/.local/lib/python3.12/site-packages/airflow/example_dags/example_sla_dag.py
[2025-02-26T01:41:12.535+0000] {logging_mixin.py:188} INFO - [2025-02-26T01:41:12.534+0000] {dag.py:3096} INFO - Sync 1 DAGs
[2025-02-26T01:41:12.576+0000] {logging_mixin.py:188} INFO - [2025-02-26T01:41:12.575+0000] {dag.py:3954} INFO - Setting next_dagrun for example_sla_dag to 2025-02-26 01:38:00+00:00, run_after=2025-02-26 01:40:00+00:00
[2025-02-26T01:41:12.607+0000] {processor.py:183} INFO - Processing /home/airflow/.local/lib/python3.12/site-packages/airflow/example_dags/example_sla_dag.py took 0.132 seconds
[2025-02-26T01:41:42.890+0000] {processor.py:161} INFO - Started process (PID=2710) to work on /home/airflow/.local/lib/python3.12/site-packages/airflow/example_dags/example_sla_dag.py
[2025-02-26T01:41:42.891+0000] {processor.py:830} INFO - Processing file /home/airflow/.local/lib/python3.12/site-packages/airflow/example_dags/example_sla_dag.py for tasks to queue
[2025-02-26T01:41:42.893+0000] {logging_mixin.py:188} INFO - [2025-02-26T01:41:42.893+0000] {dagbag.py:540} INFO - Filling up the DagBag from /home/airflow/.local/lib/python3.12/site-packages/airflow/example_dags/example_sla_dag.py
[2025-02-26T01:41:42.904+0000] {processor.py:840} INFO - DAG(s) 'example_sla_dag' retrieved from /home/airflow/.local/lib/python3.12/site-packages/airflow/example_dags/example_sla_dag.py
[2025-02-26T01:41:42.926+0000] {logging_mixin.py:188} INFO - [2025-02-26T01:41:42.926+0000] {dag.py:3096} INFO - Sync 1 DAGs
[2025-02-26T01:41:42.953+0000] {logging_mixin.py:188} INFO - [2025-02-26T01:41:42.952+0000] {dag.py:3954} INFO - Setting next_dagrun for example_sla_dag to 2025-02-26 01:38:00+00:00, run_after=2025-02-26 01:40:00+00:00
[2025-02-26T01:41:42.975+0000] {processor.py:183} INFO - Processing /home/airflow/.local/lib/python3.12/site-packages/airflow/example_dags/example_sla_dag.py took 0.092 seconds
[2025-02-26T01:42:13.263+0000] {processor.py:161} INFO - Started process (PID=2770) to work on /home/airflow/.local/lib/python3.12/site-packages/airflow/example_dags/example_sla_dag.py
[2025-02-26T01:42:13.264+0000] {processor.py:830} INFO - Processing file /home/airflow/.local/lib/python3.12/site-packages/airflow/example_dags/example_sla_dag.py for tasks to queue
[2025-02-26T01:42:13.267+0000] {logging_mixin.py:188} INFO - [2025-02-26T01:42:13.266+0000] {dagbag.py:540} INFO - Filling up the DagBag from /home/airflow/.local/lib/python3.12/site-packages/airflow/example_dags/example_sla_dag.py
[2025-02-26T01:42:13.276+0000] {processor.py:840} INFO - DAG(s) 'example_sla_dag' retrieved from /home/airflow/.local/lib/python3.12/site-packages/airflow/example_dags/example_sla_dag.py
[2025-02-26T01:42:13.296+0000] {logging_mixin.py:188} INFO - [2025-02-26T01:42:13.296+0000] {dag.py:3096} INFO - Sync 1 DAGs
[2025-02-26T01:42:13.323+0000] {logging_mixin.py:188} INFO - [2025-02-26T01:42:13.323+0000] {dag.py:3954} INFO - Setting next_dagrun for example_sla_dag to 2025-02-26 01:40:00+00:00, run_after=2025-02-26 01:42:00+00:00
[2025-02-26T01:42:13.344+0000] {processor.py:183} INFO - Processing /home/airflow/.local/lib/python3.12/site-packages/airflow/example_dags/example_sla_dag.py took 0.088 seconds
[2025-02-26T01:42:43.487+0000] {processor.py:161} INFO - Started process (PID=2830) to work on /home/airflow/.local/lib/python3.12/site-packages/airflow/example_dags/example_sla_dag.py
[2025-02-26T01:42:43.489+0000] {processor.py:830} INFO - Processing file /home/airflow/.local/lib/python3.12/site-packages/airflow/example_dags/example_sla_dag.py for tasks to queue
[2025-02-26T01:42:43.492+0000] {logging_mixin.py:188} INFO - [2025-02-26T01:42:43.491+0000] {dagbag.py:540} INFO - Filling up the DagBag from /home/airflow/.local/lib/python3.12/site-packages/airflow/example_dags/example_sla_dag.py
[2025-02-26T01:42:43.501+0000] {processor.py:840} INFO - DAG(s) 'example_sla_dag' retrieved from /home/airflow/.local/lib/python3.12/site-packages/airflow/example_dags/example_sla_dag.py
[2025-02-26T01:42:43.526+0000] {logging_mixin.py:188} INFO - [2025-02-26T01:42:43.526+0000] {dag.py:3096} INFO - Sync 1 DAGs
[2025-02-26T01:42:43.554+0000] {logging_mixin.py:188} INFO - [2025-02-26T01:42:43.554+0000] {dag.py:3954} INFO - Setting next_dagrun for example_sla_dag to 2025-02-26 01:40:00+00:00, run_after=2025-02-26 01:42:00+00:00
[2025-02-26T01:42:43.578+0000] {processor.py:183} INFO - Processing /home/airflow/.local/lib/python3.12/site-packages/airflow/example_dags/example_sla_dag.py took 0.098 seconds
[2025-02-26T01:43:13.676+0000] {processor.py:161} INFO - Started process (PID=2884) to work on /home/airflow/.local/lib/python3.12/site-packages/airflow/example_dags/example_sla_dag.py
[2025-02-26T01:43:13.678+0000] {processor.py:830} INFO - Processing file /home/airflow/.local/lib/python3.12/site-packages/airflow/example_dags/example_sla_dag.py for tasks to queue
[2025-02-26T01:43:13.681+0000] {logging_mixin.py:188} INFO - [2025-02-26T01:43:13.679+0000] {dagbag.py:540} INFO - Filling up the DagBag from /home/airflow/.local/lib/python3.12/site-packages/airflow/example_dags/example_sla_dag.py
[2025-02-26T01:43:13.693+0000] {processor.py:840} INFO - DAG(s) 'example_sla_dag' retrieved from /home/airflow/.local/lib/python3.12/site-packages/airflow/example_dags/example_sla_dag.py
[2025-02-26T01:43:13.716+0000] {logging_mixin.py:188} INFO - [2025-02-26T01:43:13.716+0000] {dag.py:3096} INFO - Sync 1 DAGs
[2025-02-26T01:43:13.749+0000] {logging_mixin.py:188} INFO - [2025-02-26T01:43:13.749+0000] {dag.py:3954} INFO - Setting next_dagrun for example_sla_dag to 2025-02-26 01:40:00+00:00, run_after=2025-02-26 01:42:00+00:00
[2025-02-26T01:43:13.775+0000] {processor.py:183} INFO - Processing /home/airflow/.local/lib/python3.12/site-packages/airflow/example_dags/example_sla_dag.py took 0.107 seconds
[2025-02-26T01:43:43.986+0000] {processor.py:161} INFO - Started process (PID=2943) to work on /home/airflow/.local/lib/python3.12/site-packages/airflow/example_dags/example_sla_dag.py
[2025-02-26T01:43:43.987+0000] {processor.py:830} INFO - Processing file /home/airflow/.local/lib/python3.12/site-packages/airflow/example_dags/example_sla_dag.py for tasks to queue
[2025-02-26T01:43:43.990+0000] {logging_mixin.py:188} INFO - [2025-02-26T01:43:43.989+0000] {dagbag.py:540} INFO - Filling up the DagBag from /home/airflow/.local/lib/python3.12/site-packages/airflow/example_dags/example_sla_dag.py
[2025-02-26T01:43:44.000+0000] {processor.py:840} INFO - DAG(s) 'example_sla_dag' retrieved from /home/airflow/.local/lib/python3.12/site-packages/airflow/example_dags/example_sla_dag.py
[2025-02-26T01:43:44.020+0000] {logging_mixin.py:188} INFO - [2025-02-26T01:43:44.020+0000] {dag.py:3096} INFO - Sync 1 DAGs
[2025-02-26T01:43:44.050+0000] {logging_mixin.py:188} INFO - [2025-02-26T01:43:44.050+0000] {dag.py:3954} INFO - Setting next_dagrun for example_sla_dag to 2025-02-26 01:40:00+00:00, run_after=2025-02-26 01:42:00+00:00
[2025-02-26T01:43:44.074+0000] {processor.py:183} INFO - Processing /home/airflow/.local/lib/python3.12/site-packages/airflow/example_dags/example_sla_dag.py took 0.095 seconds
[2025-02-26T01:44:14.325+0000] {processor.py:161} INFO - Started process (PID=2999) to work on /home/airflow/.local/lib/python3.12/site-packages/airflow/example_dags/example_sla_dag.py
[2025-02-26T01:44:14.326+0000] {processor.py:830} INFO - Processing file /home/airflow/.local/lib/python3.12/site-packages/airflow/example_dags/example_sla_dag.py for tasks to queue
[2025-02-26T01:44:14.328+0000] {logging_mixin.py:188} INFO - [2025-02-26T01:44:14.328+0000] {dagbag.py:540} INFO - Filling up the DagBag from /home/airflow/.local/lib/python3.12/site-packages/airflow/example_dags/example_sla_dag.py
[2025-02-26T01:44:14.338+0000] {processor.py:840} INFO - DAG(s) 'example_sla_dag' retrieved from /home/airflow/.local/lib/python3.12/site-packages/airflow/example_dags/example_sla_dag.py
[2025-02-26T01:44:14.363+0000] {logging_mixin.py:188} INFO - [2025-02-26T01:44:14.363+0000] {dag.py:3096} INFO - Sync 1 DAGs
[2025-02-26T01:44:14.390+0000] {logging_mixin.py:188} INFO - [2025-02-26T01:44:14.390+0000] {dag.py:3954} INFO - Setting next_dagrun for example_sla_dag to 2025-02-26 01:42:00+00:00, run_after=2025-02-26 01:44:00+00:00
[2025-02-26T01:44:14.409+0000] {processor.py:183} INFO - Processing /home/airflow/.local/lib/python3.12/site-packages/airflow/example_dags/example_sla_dag.py took 0.092 seconds
[2025-02-26T01:44:44.562+0000] {processor.py:161} INFO - Started process (PID=3059) to work on /home/airflow/.local/lib/python3.12/site-packages/airflow/example_dags/example_sla_dag.py
[2025-02-26T01:44:44.564+0000] {processor.py:830} INFO - Processing file /home/airflow/.local/lib/python3.12/site-packages/airflow/example_dags/example_sla_dag.py for tasks to queue
[2025-02-26T01:44:44.566+0000] {logging_mixin.py:188} INFO - [2025-02-26T01:44:44.565+0000] {dagbag.py:540} INFO - Filling up the DagBag from /home/airflow/.local/lib/python3.12/site-packages/airflow/example_dags/example_sla_dag.py
[2025-02-26T01:44:44.575+0000] {processor.py:840} INFO - DAG(s) 'example_sla_dag' retrieved from /home/airflow/.local/lib/python3.12/site-packages/airflow/example_dags/example_sla_dag.py
[2025-02-26T01:44:44.596+0000] {logging_mixin.py:188} INFO - [2025-02-26T01:44:44.596+0000] {dag.py:3096} INFO - Sync 1 DAGs
[2025-02-26T01:44:44.622+0000] {logging_mixin.py:188} INFO - [2025-02-26T01:44:44.622+0000] {dag.py:3954} INFO - Setting next_dagrun for example_sla_dag to 2025-02-26 01:42:00+00:00, run_after=2025-02-26 01:44:00+00:00
[2025-02-26T01:44:44.642+0000] {processor.py:183} INFO - Processing /home/airflow/.local/lib/python3.12/site-packages/airflow/example_dags/example_sla_dag.py took 0.086 seconds
[2025-02-26T01:45:15.011+0000] {processor.py:161} INFO - Started process (PID=3118) to work on /home/airflow/.local/lib/python3.12/site-packages/airflow/example_dags/example_sla_dag.py
[2025-02-26T01:45:15.013+0000] {processor.py:830} INFO - Processing file /home/airflow/.local/lib/python3.12/site-packages/airflow/example_dags/example_sla_dag.py for tasks to queue
[2025-02-26T01:45:15.015+0000] {logging_mixin.py:188} INFO - [2025-02-26T01:45:15.015+0000] {dagbag.py:540} INFO - Filling up the DagBag from /home/airflow/.local/lib/python3.12/site-packages/airflow/example_dags/example_sla_dag.py
[2025-02-26T01:45:15.025+0000] {processor.py:840} INFO - DAG(s) 'example_sla_dag' retrieved from /home/airflow/.local/lib/python3.12/site-packages/airflow/example_dags/example_sla_dag.py
[2025-02-26T01:45:15.048+0000] {logging_mixin.py:188} INFO - [2025-02-26T01:45:15.048+0000] {dag.py:3096} INFO - Sync 1 DAGs
[2025-02-26T01:45:15.074+0000] {logging_mixin.py:188} INFO - [2025-02-26T01:45:15.074+0000] {dag.py:3954} INFO - Setting next_dagrun for example_sla_dag to 2025-02-26 01:42:00+00:00, run_after=2025-02-26 01:44:00+00:00
[2025-02-26T01:45:15.097+0000] {processor.py:183} INFO - Processing /home/airflow/.local/lib/python3.12/site-packages/airflow/example_dags/example_sla_dag.py took 0.093 seconds
[2025-02-26T01:45:45.276+0000] {processor.py:161} INFO - Started process (PID=3177) to work on /home/airflow/.local/lib/python3.12/site-packages/airflow/example_dags/example_sla_dag.py
[2025-02-26T01:45:45.277+0000] {processor.py:830} INFO - Processing file /home/airflow/.local/lib/python3.12/site-packages/airflow/example_dags/example_sla_dag.py for tasks to queue
[2025-02-26T01:45:45.279+0000] {logging_mixin.py:188} INFO - [2025-02-26T01:45:45.279+0000] {dagbag.py:540} INFO - Filling up the DagBag from /home/airflow/.local/lib/python3.12/site-packages/airflow/example_dags/example_sla_dag.py
[2025-02-26T01:45:45.288+0000] {processor.py:840} INFO - DAG(s) 'example_sla_dag' retrieved from /home/airflow/.local/lib/python3.12/site-packages/airflow/example_dags/example_sla_dag.py
[2025-02-26T01:45:45.309+0000] {logging_mixin.py:188} INFO - [2025-02-26T01:45:45.309+0000] {dag.py:3096} INFO - Sync 1 DAGs
[2025-02-26T01:45:45.342+0000] {logging_mixin.py:188} INFO - [2025-02-26T01:45:45.341+0000] {dag.py:3954} INFO - Setting next_dagrun for example_sla_dag to 2025-02-26 01:42:00+00:00, run_after=2025-02-26 01:44:00+00:00
[2025-02-26T01:45:45.362+0000] {processor.py:183} INFO - Processing /home/airflow/.local/lib/python3.12/site-packages/airflow/example_dags/example_sla_dag.py took 0.093 seconds
[2025-02-26T01:46:15.725+0000] {processor.py:161} INFO - Started process (PID=3229) to work on /home/airflow/.local/lib/python3.12/site-packages/airflow/example_dags/example_sla_dag.py
[2025-02-26T01:46:15.726+0000] {processor.py:830} INFO - Processing file /home/airflow/.local/lib/python3.12/site-packages/airflow/example_dags/example_sla_dag.py for tasks to queue
[2025-02-26T01:46:15.728+0000] {logging_mixin.py:188} INFO - [2025-02-26T01:46:15.728+0000] {dagbag.py:540} INFO - Filling up the DagBag from /home/airflow/.local/lib/python3.12/site-packages/airflow/example_dags/example_sla_dag.py
[2025-02-26T01:46:15.737+0000] {processor.py:840} INFO - DAG(s) 'example_sla_dag' retrieved from /home/airflow/.local/lib/python3.12/site-packages/airflow/example_dags/example_sla_dag.py
[2025-02-26T01:46:15.759+0000] {logging_mixin.py:188} INFO - [2025-02-26T01:46:15.759+0000] {dag.py:3096} INFO - Sync 1 DAGs
[2025-02-26T01:46:15.784+0000] {logging_mixin.py:188} INFO - [2025-02-26T01:46:15.784+0000] {dag.py:3954} INFO - Setting next_dagrun for example_sla_dag to 2025-02-26 01:44:00+00:00, run_after=2025-02-26 01:46:00+00:00
[2025-02-26T01:46:15.806+0000] {processor.py:183} INFO - Processing /home/airflow/.local/lib/python3.12/site-packages/airflow/example_dags/example_sla_dag.py took 0.088 seconds
[2025-02-26T01:46:46.273+0000] {processor.py:161} INFO - Started process (PID=3289) to work on /home/airflow/.local/lib/python3.12/site-packages/airflow/example_dags/example_sla_dag.py
[2025-02-26T01:46:46.274+0000] {processor.py:830} INFO - Processing file /home/airflow/.local/lib/python3.12/site-packages/airflow/example_dags/example_sla_dag.py for tasks to queue
[2025-02-26T01:46:46.276+0000] {logging_mixin.py:188} INFO - [2025-02-26T01:46:46.276+0000] {dagbag.py:540} INFO - Filling up the DagBag from /home/airflow/.local/lib/python3.12/site-packages/airflow/example_dags/example_sla_dag.py
[2025-02-26T01:46:46.285+0000] {processor.py:840} INFO - DAG(s) 'example_sla_dag' retrieved from /home/airflow/.local/lib/python3.12/site-packages/airflow/example_dags/example_sla_dag.py
[2025-02-26T01:46:46.307+0000] {logging_mixin.py:188} INFO - [2025-02-26T01:46:46.307+0000] {dag.py:3096} INFO - Sync 1 DAGs
[2025-02-26T01:46:46.332+0000] {logging_mixin.py:188} INFO - [2025-02-26T01:46:46.331+0000] {dag.py:3954} INFO - Setting next_dagrun for example_sla_dag to 2025-02-26 01:44:00+00:00, run_after=2025-02-26 01:46:00+00:00
[2025-02-26T01:46:46.352+0000] {processor.py:183} INFO - Processing /home/airflow/.local/lib/python3.12/site-packages/airflow/example_dags/example_sla_dag.py took 0.086 seconds
[2025-02-26T01:47:16.957+0000] {processor.py:161} INFO - Started process (PID=3349) to work on /home/airflow/.local/lib/python3.12/site-packages/airflow/example_dags/example_sla_dag.py
[2025-02-26T01:47:16.958+0000] {processor.py:830} INFO - Processing file /home/airflow/.local/lib/python3.12/site-packages/airflow/example_dags/example_sla_dag.py for tasks to queue
[2025-02-26T01:47:16.960+0000] {logging_mixin.py:188} INFO - [2025-02-26T01:47:16.960+0000] {dagbag.py:540} INFO - Filling up the DagBag from /home/airflow/.local/lib/python3.12/site-packages/airflow/example_dags/example_sla_dag.py
[2025-02-26T01:47:16.975+0000] {processor.py:840} INFO - DAG(s) 'example_sla_dag' retrieved from /home/airflow/.local/lib/python3.12/site-packages/airflow/example_dags/example_sla_dag.py
[2025-02-26T01:47:17.008+0000] {logging_mixin.py:188} INFO - [2025-02-26T01:47:17.008+0000] {dag.py:3096} INFO - Sync 1 DAGs
[2025-02-26T01:47:17.054+0000] {logging_mixin.py:188} INFO - [2025-02-26T01:47:17.054+0000] {dag.py:3954} INFO - Setting next_dagrun for example_sla_dag to 2025-02-26 01:44:00+00:00, run_after=2025-02-26 01:46:00+00:00
[2025-02-26T01:47:17.092+0000] {processor.py:183} INFO - Processing /home/airflow/.local/lib/python3.12/site-packages/airflow/example_dags/example_sla_dag.py took 0.142 seconds
[2025-02-26T01:47:47.679+0000] {processor.py:161} INFO - Started process (PID=3409) to work on /home/airflow/.local/lib/python3.12/site-packages/airflow/example_dags/example_sla_dag.py
[2025-02-26T01:47:47.680+0000] {processor.py:830} INFO - Processing file /home/airflow/.local/lib/python3.12/site-packages/airflow/example_dags/example_sla_dag.py for tasks to queue
[2025-02-26T01:47:47.682+0000] {logging_mixin.py:188} INFO - [2025-02-26T01:47:47.682+0000] {dagbag.py:540} INFO - Filling up the DagBag from /home/airflow/.local/lib/python3.12/site-packages/airflow/example_dags/example_sla_dag.py
[2025-02-26T01:47:47.691+0000] {processor.py:840} INFO - DAG(s) 'example_sla_dag' retrieved from /home/airflow/.local/lib/python3.12/site-packages/airflow/example_dags/example_sla_dag.py
[2025-02-26T01:47:47.716+0000] {logging_mixin.py:188} INFO - [2025-02-26T01:47:47.715+0000] {dag.py:3096} INFO - Sync 1 DAGs
[2025-02-26T01:47:47.745+0000] {logging_mixin.py:188} INFO - [2025-02-26T01:47:47.744+0000] {dag.py:3954} INFO - Setting next_dagrun for example_sla_dag to 2025-02-26 01:44:00+00:00, run_after=2025-02-26 01:46:00+00:00
[2025-02-26T01:47:47.768+0000] {processor.py:183} INFO - Processing /home/airflow/.local/lib/python3.12/site-packages/airflow/example_dags/example_sla_dag.py took 0.096 seconds
