[2025-02-26T01:14:28.762+0000] {processor.py:161} INFO - Started process (PID=87) to work on /home/airflow/.local/lib/python3.12/site-packages/airflow/example_dags/example_dag_decorator.py
[2025-02-26T01:14:28.770+0000] {processor.py:830} INFO - Processing file /home/airflow/.local/lib/python3.12/site-packages/airflow/example_dags/example_dag_decorator.py for tasks to queue
[2025-02-26T01:14:28.780+0000] {logging_mixin.py:188} INFO - [2025-02-26T01:14:28.779+0000] {dagbag.py:540} INFO - Filling up the DagBag from /home/airflow/.local/lib/python3.12/site-packages/airflow/example_dags/example_dag_decorator.py
[2025-02-26T01:14:29.588+0000] {processor.py:840} INFO - DAG(s) 'example_dag_decorator' retrieved from /home/airflow/.local/lib/python3.12/site-packages/airflow/example_dags/example_dag_decorator.py
[2025-02-26T01:14:30.124+0000] {logging_mixin.py:188} INFO - [2025-02-26T01:14:30.123+0000] {dag.py:3096} INFO - Sync 1 DAGs
[2025-02-26T01:14:30.162+0000] {logging_mixin.py:188} INFO - [2025-02-26T01:14:30.162+0000] {dag.py:3954} INFO - Setting next_dagrun for example_dag_decorator to None, run_after=None
[2025-02-26T01:14:30.202+0000] {processor.py:183} INFO - Processing /home/airflow/.local/lib/python3.12/site-packages/airflow/example_dags/example_dag_decorator.py took 1.486 seconds
[2025-02-26T01:19:11.678+0000] {processor.py:161} INFO - Started process (PID=76) to work on /home/airflow/.local/lib/python3.12/site-packages/airflow/example_dags/example_dag_decorator.py
[2025-02-26T01:19:11.688+0000] {processor.py:830} INFO - Processing file /home/airflow/.local/lib/python3.12/site-packages/airflow/example_dags/example_dag_decorator.py for tasks to queue
[2025-02-26T01:19:11.691+0000] {logging_mixin.py:188} INFO - [2025-02-26T01:19:11.691+0000] {dagbag.py:540} INFO - Filling up the DagBag from /home/airflow/.local/lib/python3.12/site-packages/airflow/example_dags/example_dag_decorator.py
[2025-02-26T01:19:12.933+0000] {processor.py:840} INFO - DAG(s) 'example_dag_decorator' retrieved from /home/airflow/.local/lib/python3.12/site-packages/airflow/example_dags/example_dag_decorator.py
[2025-02-26T01:19:13.092+0000] {logging_mixin.py:188} INFO - [2025-02-26T01:19:13.091+0000] {dag.py:3096} INFO - Sync 1 DAGs
[2025-02-26T01:19:13.106+0000] {logging_mixin.py:188} INFO - [2025-02-26T01:19:13.106+0000] {dag.py:3954} INFO - Setting next_dagrun for example_dag_decorator to None, run_after=None
[2025-02-26T01:19:13.132+0000] {processor.py:183} INFO - Processing /home/airflow/.local/lib/python3.12/site-packages/airflow/example_dags/example_dag_decorator.py took 1.461 seconds
[2025-02-26T01:19:43.496+0000] {processor.py:161} INFO - Started process (PID=131) to work on /home/airflow/.local/lib/python3.12/site-packages/airflow/example_dags/example_dag_decorator.py
[2025-02-26T01:19:43.497+0000] {processor.py:830} INFO - Processing file /home/airflow/.local/lib/python3.12/site-packages/airflow/example_dags/example_dag_decorator.py for tasks to queue
[2025-02-26T01:19:43.500+0000] {logging_mixin.py:188} INFO - [2025-02-26T01:19:43.499+0000] {dagbag.py:540} INFO - Filling up the DagBag from /home/airflow/.local/lib/python3.12/site-packages/airflow/example_dags/example_dag_decorator.py
[2025-02-26T01:19:43.606+0000] {processor.py:840} INFO - DAG(s) 'example_dag_decorator' retrieved from /home/airflow/.local/lib/python3.12/site-packages/airflow/example_dags/example_dag_decorator.py
[2025-02-26T01:19:43.741+0000] {logging_mixin.py:188} INFO - [2025-02-26T01:19:43.740+0000] {dag.py:3096} INFO - Sync 1 DAGs
[2025-02-26T01:19:43.757+0000] {logging_mixin.py:188} INFO - [2025-02-26T01:19:43.757+0000] {dag.py:3954} INFO - Setting next_dagrun for example_dag_decorator to None, run_after=None
[2025-02-26T01:19:43.779+0000] {processor.py:183} INFO - Processing /home/airflow/.local/lib/python3.12/site-packages/airflow/example_dags/example_dag_decorator.py took 0.289 seconds
[2025-02-26T01:20:13.841+0000] {processor.py:161} INFO - Started process (PID=197) to work on /home/airflow/.local/lib/python3.12/site-packages/airflow/example_dags/example_dag_decorator.py
[2025-02-26T01:20:13.843+0000] {processor.py:830} INFO - Processing file /home/airflow/.local/lib/python3.12/site-packages/airflow/example_dags/example_dag_decorator.py for tasks to queue
[2025-02-26T01:20:13.845+0000] {logging_mixin.py:188} INFO - [2025-02-26T01:20:13.845+0000] {dagbag.py:540} INFO - Filling up the DagBag from /home/airflow/.local/lib/python3.12/site-packages/airflow/example_dags/example_dag_decorator.py
[2025-02-26T01:20:13.945+0000] {processor.py:840} INFO - DAG(s) 'example_dag_decorator' retrieved from /home/airflow/.local/lib/python3.12/site-packages/airflow/example_dags/example_dag_decorator.py
[2025-02-26T01:20:14.224+0000] {logging_mixin.py:188} INFO - [2025-02-26T01:20:14.224+0000] {dag.py:3096} INFO - Sync 1 DAGs
[2025-02-26T01:20:14.237+0000] {logging_mixin.py:188} INFO - [2025-02-26T01:20:14.236+0000] {dag.py:3954} INFO - Setting next_dagrun for example_dag_decorator to None, run_after=None
[2025-02-26T01:20:14.256+0000] {processor.py:183} INFO - Processing /home/airflow/.local/lib/python3.12/site-packages/airflow/example_dags/example_dag_decorator.py took 0.421 seconds
[2025-02-26T01:20:44.493+0000] {processor.py:161} INFO - Started process (PID=257) to work on /home/airflow/.local/lib/python3.12/site-packages/airflow/example_dags/example_dag_decorator.py
[2025-02-26T01:20:44.494+0000] {processor.py:830} INFO - Processing file /home/airflow/.local/lib/python3.12/site-packages/airflow/example_dags/example_dag_decorator.py for tasks to queue
[2025-02-26T01:20:44.500+0000] {logging_mixin.py:188} INFO - [2025-02-26T01:20:44.499+0000] {dagbag.py:540} INFO - Filling up the DagBag from /home/airflow/.local/lib/python3.12/site-packages/airflow/example_dags/example_dag_decorator.py
[2025-02-26T01:20:44.801+0000] {processor.py:840} INFO - DAG(s) 'example_dag_decorator' retrieved from /home/airflow/.local/lib/python3.12/site-packages/airflow/example_dags/example_dag_decorator.py
[2025-02-26T01:20:45.469+0000] {logging_mixin.py:188} INFO - [2025-02-26T01:20:45.468+0000] {dag.py:3096} INFO - Sync 1 DAGs
[2025-02-26T01:20:45.500+0000] {logging_mixin.py:188} INFO - [2025-02-26T01:20:45.500+0000] {dag.py:3954} INFO - Setting next_dagrun for example_dag_decorator to None, run_after=None
[2025-02-26T01:20:45.542+0000] {processor.py:183} INFO - Processing /home/airflow/.local/lib/python3.12/site-packages/airflow/example_dags/example_dag_decorator.py took 1.067 seconds
[2025-02-26T01:21:21.915+0000] {processor.py:161} INFO - Started process (PID=316) to work on /home/airflow/.local/lib/python3.12/site-packages/airflow/example_dags/example_dag_decorator.py
[2025-02-26T01:21:21.917+0000] {processor.py:830} INFO - Processing file /home/airflow/.local/lib/python3.12/site-packages/airflow/example_dags/example_dag_decorator.py for tasks to queue
[2025-02-26T01:21:21.919+0000] {logging_mixin.py:188} INFO - [2025-02-26T01:21:21.919+0000] {dagbag.py:540} INFO - Filling up the DagBag from /home/airflow/.local/lib/python3.12/site-packages/airflow/example_dags/example_dag_decorator.py
[2025-02-26T01:21:22.070+0000] {processor.py:840} INFO - DAG(s) 'example_dag_decorator' retrieved from /home/airflow/.local/lib/python3.12/site-packages/airflow/example_dags/example_dag_decorator.py
[2025-02-26T01:21:22.238+0000] {logging_mixin.py:188} INFO - [2025-02-26T01:21:22.237+0000] {dag.py:3096} INFO - Sync 1 DAGs
[2025-02-26T01:21:22.256+0000] {logging_mixin.py:188} INFO - [2025-02-26T01:21:22.255+0000] {dag.py:3954} INFO - Setting next_dagrun for example_dag_decorator to None, run_after=None
[2025-02-26T01:21:22.491+0000] {processor.py:183} INFO - Processing /home/airflow/.local/lib/python3.12/site-packages/airflow/example_dags/example_dag_decorator.py took 0.583 seconds
[2025-02-26T01:21:55.144+0000] {processor.py:161} INFO - Started process (PID=376) to work on /home/airflow/.local/lib/python3.12/site-packages/airflow/example_dags/example_dag_decorator.py
[2025-02-26T01:21:55.158+0000] {processor.py:830} INFO - Processing file /home/airflow/.local/lib/python3.12/site-packages/airflow/example_dags/example_dag_decorator.py for tasks to queue
[2025-02-26T01:21:55.168+0000] {logging_mixin.py:188} INFO - [2025-02-26T01:21:55.166+0000] {dagbag.py:540} INFO - Filling up the DagBag from /home/airflow/.local/lib/python3.12/site-packages/airflow/example_dags/example_dag_decorator.py
[2025-02-26T01:21:55.461+0000] {processor.py:840} INFO - DAG(s) 'example_dag_decorator' retrieved from /home/airflow/.local/lib/python3.12/site-packages/airflow/example_dags/example_dag_decorator.py
[2025-02-26T01:21:55.884+0000] {logging_mixin.py:188} INFO - [2025-02-26T01:21:55.883+0000] {dag.py:3096} INFO - Sync 1 DAGs
[2025-02-26T01:21:55.893+0000] {logging_mixin.py:188} INFO - [2025-02-26T01:21:55.893+0000] {dag.py:3954} INFO - Setting next_dagrun for example_dag_decorator to None, run_after=None
[2025-02-26T01:21:55.969+0000] {processor.py:183} INFO - Processing /home/airflow/.local/lib/python3.12/site-packages/airflow/example_dags/example_dag_decorator.py took 0.841 seconds
[2025-02-26T01:22:26.295+0000] {processor.py:161} INFO - Started process (PID=436) to work on /home/airflow/.local/lib/python3.12/site-packages/airflow/example_dags/example_dag_decorator.py
[2025-02-26T01:22:26.297+0000] {processor.py:830} INFO - Processing file /home/airflow/.local/lib/python3.12/site-packages/airflow/example_dags/example_dag_decorator.py for tasks to queue
[2025-02-26T01:22:26.300+0000] {logging_mixin.py:188} INFO - [2025-02-26T01:22:26.300+0000] {dagbag.py:540} INFO - Filling up the DagBag from /home/airflow/.local/lib/python3.12/site-packages/airflow/example_dags/example_dag_decorator.py
[2025-02-26T01:22:26.416+0000] {processor.py:840} INFO - DAG(s) 'example_dag_decorator' retrieved from /home/airflow/.local/lib/python3.12/site-packages/airflow/example_dags/example_dag_decorator.py
[2025-02-26T01:22:26.689+0000] {logging_mixin.py:188} INFO - [2025-02-26T01:22:26.689+0000] {dag.py:3096} INFO - Sync 1 DAGs
[2025-02-26T01:22:26.704+0000] {logging_mixin.py:188} INFO - [2025-02-26T01:22:26.703+0000] {dag.py:3954} INFO - Setting next_dagrun for example_dag_decorator to None, run_after=None
[2025-02-26T01:22:26.725+0000] {processor.py:183} INFO - Processing /home/airflow/.local/lib/python3.12/site-packages/airflow/example_dags/example_dag_decorator.py took 0.437 seconds
[2025-02-26T01:22:56.825+0000] {processor.py:161} INFO - Started process (PID=498) to work on /home/airflow/.local/lib/python3.12/site-packages/airflow/example_dags/example_dag_decorator.py
[2025-02-26T01:22:56.826+0000] {processor.py:830} INFO - Processing file /home/airflow/.local/lib/python3.12/site-packages/airflow/example_dags/example_dag_decorator.py for tasks to queue
[2025-02-26T01:22:56.829+0000] {logging_mixin.py:188} INFO - [2025-02-26T01:22:56.828+0000] {dagbag.py:540} INFO - Filling up the DagBag from /home/airflow/.local/lib/python3.12/site-packages/airflow/example_dags/example_dag_decorator.py
[2025-02-26T01:22:56.931+0000] {processor.py:840} INFO - DAG(s) 'example_dag_decorator' retrieved from /home/airflow/.local/lib/python3.12/site-packages/airflow/example_dags/example_dag_decorator.py
[2025-02-26T01:22:57.202+0000] {logging_mixin.py:188} INFO - [2025-02-26T01:22:57.202+0000] {dag.py:3096} INFO - Sync 1 DAGs
[2025-02-26T01:22:57.213+0000] {logging_mixin.py:188} INFO - [2025-02-26T01:22:57.213+0000] {dag.py:3954} INFO - Setting next_dagrun for example_dag_decorator to None, run_after=None
[2025-02-26T01:22:57.236+0000] {processor.py:183} INFO - Processing /home/airflow/.local/lib/python3.12/site-packages/airflow/example_dags/example_dag_decorator.py took 0.418 seconds
[2025-02-26T01:23:27.402+0000] {processor.py:161} INFO - Started process (PID=561) to work on /home/airflow/.local/lib/python3.12/site-packages/airflow/example_dags/example_dag_decorator.py
[2025-02-26T01:23:27.404+0000] {processor.py:830} INFO - Processing file /home/airflow/.local/lib/python3.12/site-packages/airflow/example_dags/example_dag_decorator.py for tasks to queue
[2025-02-26T01:23:27.407+0000] {logging_mixin.py:188} INFO - [2025-02-26T01:23:27.406+0000] {dagbag.py:540} INFO - Filling up the DagBag from /home/airflow/.local/lib/python3.12/site-packages/airflow/example_dags/example_dag_decorator.py
[2025-02-26T01:23:27.575+0000] {processor.py:840} INFO - DAG(s) 'example_dag_decorator' retrieved from /home/airflow/.local/lib/python3.12/site-packages/airflow/example_dags/example_dag_decorator.py
[2025-02-26T01:23:27.929+0000] {logging_mixin.py:188} INFO - [2025-02-26T01:23:27.929+0000] {dag.py:3096} INFO - Sync 1 DAGs
[2025-02-26T01:23:27.942+0000] {logging_mixin.py:188} INFO - [2025-02-26T01:23:27.941+0000] {dag.py:3954} INFO - Setting next_dagrun for example_dag_decorator to None, run_after=None
[2025-02-26T01:23:27.968+0000] {processor.py:183} INFO - Processing /home/airflow/.local/lib/python3.12/site-packages/airflow/example_dags/example_dag_decorator.py took 0.573 seconds
[2025-02-26T01:23:58.458+0000] {processor.py:161} INFO - Started process (PID=624) to work on /home/airflow/.local/lib/python3.12/site-packages/airflow/example_dags/example_dag_decorator.py
[2025-02-26T01:23:58.459+0000] {processor.py:830} INFO - Processing file /home/airflow/.local/lib/python3.12/site-packages/airflow/example_dags/example_dag_decorator.py for tasks to queue
[2025-02-26T01:23:58.461+0000] {logging_mixin.py:188} INFO - [2025-02-26T01:23:58.461+0000] {dagbag.py:540} INFO - Filling up the DagBag from /home/airflow/.local/lib/python3.12/site-packages/airflow/example_dags/example_dag_decorator.py
[2025-02-26T01:23:58.566+0000] {processor.py:840} INFO - DAG(s) 'example_dag_decorator' retrieved from /home/airflow/.local/lib/python3.12/site-packages/airflow/example_dags/example_dag_decorator.py
[2025-02-26T01:23:58.811+0000] {logging_mixin.py:188} INFO - [2025-02-26T01:23:58.810+0000] {dag.py:3096} INFO - Sync 1 DAGs
[2025-02-26T01:23:58.820+0000] {logging_mixin.py:188} INFO - [2025-02-26T01:23:58.820+0000] {dag.py:3954} INFO - Setting next_dagrun for example_dag_decorator to None, run_after=None
[2025-02-26T01:23:58.839+0000] {processor.py:183} INFO - Processing /home/airflow/.local/lib/python3.12/site-packages/airflow/example_dags/example_dag_decorator.py took 0.387 seconds
[2025-02-26T01:24:28.897+0000] {processor.py:161} INFO - Started process (PID=684) to work on /home/airflow/.local/lib/python3.12/site-packages/airflow/example_dags/example_dag_decorator.py
[2025-02-26T01:24:28.898+0000] {processor.py:830} INFO - Processing file /home/airflow/.local/lib/python3.12/site-packages/airflow/example_dags/example_dag_decorator.py for tasks to queue
[2025-02-26T01:24:28.901+0000] {logging_mixin.py:188} INFO - [2025-02-26T01:24:28.900+0000] {dagbag.py:540} INFO - Filling up the DagBag from /home/airflow/.local/lib/python3.12/site-packages/airflow/example_dags/example_dag_decorator.py
[2025-02-26T01:24:29.027+0000] {processor.py:840} INFO - DAG(s) 'example_dag_decorator' retrieved from /home/airflow/.local/lib/python3.12/site-packages/airflow/example_dags/example_dag_decorator.py
[2025-02-26T01:24:29.268+0000] {logging_mixin.py:188} INFO - [2025-02-26T01:24:29.268+0000] {dag.py:3096} INFO - Sync 1 DAGs
[2025-02-26T01:24:29.279+0000] {logging_mixin.py:188} INFO - [2025-02-26T01:24:29.279+0000] {dag.py:3954} INFO - Setting next_dagrun for example_dag_decorator to None, run_after=None
[2025-02-26T01:24:29.298+0000] {processor.py:183} INFO - Processing /home/airflow/.local/lib/python3.12/site-packages/airflow/example_dags/example_dag_decorator.py took 0.408 seconds
[2025-02-26T01:25:01.066+0000] {processor.py:161} INFO - Started process (PID=749) to work on /home/airflow/.local/lib/python3.12/site-packages/airflow/example_dags/example_dag_decorator.py
[2025-02-26T01:25:01.067+0000] {processor.py:830} INFO - Processing file /home/airflow/.local/lib/python3.12/site-packages/airflow/example_dags/example_dag_decorator.py for tasks to queue
[2025-02-26T01:25:01.069+0000] {logging_mixin.py:188} INFO - [2025-02-26T01:25:01.069+0000] {dagbag.py:540} INFO - Filling up the DagBag from /home/airflow/.local/lib/python3.12/site-packages/airflow/example_dags/example_dag_decorator.py
[2025-02-26T01:25:01.185+0000] {processor.py:840} INFO - DAG(s) 'example_dag_decorator' retrieved from /home/airflow/.local/lib/python3.12/site-packages/airflow/example_dags/example_dag_decorator.py
[2025-02-26T01:25:01.695+0000] {logging_mixin.py:188} INFO - [2025-02-26T01:25:01.695+0000] {dag.py:3096} INFO - Sync 1 DAGs
[2025-02-26T01:25:01.723+0000] {logging_mixin.py:188} INFO - [2025-02-26T01:25:01.723+0000] {dag.py:3954} INFO - Setting next_dagrun for example_dag_decorator to None, run_after=None
[2025-02-26T01:25:01.778+0000] {processor.py:183} INFO - Processing /home/airflow/.local/lib/python3.12/site-packages/airflow/example_dags/example_dag_decorator.py took 0.719 seconds
[2025-02-26T01:25:32.232+0000] {processor.py:161} INFO - Started process (PID=809) to work on /home/airflow/.local/lib/python3.12/site-packages/airflow/example_dags/example_dag_decorator.py
[2025-02-26T01:25:32.233+0000] {processor.py:830} INFO - Processing file /home/airflow/.local/lib/python3.12/site-packages/airflow/example_dags/example_dag_decorator.py for tasks to queue
[2025-02-26T01:25:32.237+0000] {logging_mixin.py:188} INFO - [2025-02-26T01:25:32.236+0000] {dagbag.py:540} INFO - Filling up the DagBag from /home/airflow/.local/lib/python3.12/site-packages/airflow/example_dags/example_dag_decorator.py
[2025-02-26T01:25:32.472+0000] {processor.py:840} INFO - DAG(s) 'example_dag_decorator' retrieved from /home/airflow/.local/lib/python3.12/site-packages/airflow/example_dags/example_dag_decorator.py
[2025-02-26T01:25:33.012+0000] {logging_mixin.py:188} INFO - [2025-02-26T01:25:33.012+0000] {dag.py:3096} INFO - Sync 1 DAGs
[2025-02-26T01:25:33.030+0000] {logging_mixin.py:188} INFO - [2025-02-26T01:25:33.029+0000] {dag.py:3954} INFO - Setting next_dagrun for example_dag_decorator to None, run_after=None
[2025-02-26T01:25:33.060+0000] {processor.py:183} INFO - Processing /home/airflow/.local/lib/python3.12/site-packages/airflow/example_dags/example_dag_decorator.py took 0.838 seconds
[2025-02-26T01:26:03.728+0000] {processor.py:161} INFO - Started process (PID=870) to work on /home/airflow/.local/lib/python3.12/site-packages/airflow/example_dags/example_dag_decorator.py
[2025-02-26T01:26:03.729+0000] {processor.py:830} INFO - Processing file /home/airflow/.local/lib/python3.12/site-packages/airflow/example_dags/example_dag_decorator.py for tasks to queue
[2025-02-26T01:26:03.731+0000] {logging_mixin.py:188} INFO - [2025-02-26T01:26:03.731+0000] {dagbag.py:540} INFO - Filling up the DagBag from /home/airflow/.local/lib/python3.12/site-packages/airflow/example_dags/example_dag_decorator.py
[2025-02-26T01:26:03.967+0000] {processor.py:840} INFO - DAG(s) 'example_dag_decorator' retrieved from /home/airflow/.local/lib/python3.12/site-packages/airflow/example_dags/example_dag_decorator.py
[2025-02-26T01:26:04.079+0000] {logging_mixin.py:188} INFO - [2025-02-26T01:26:04.078+0000] {dag.py:3096} INFO - Sync 1 DAGs
[2025-02-26T01:26:04.089+0000] {logging_mixin.py:188} INFO - [2025-02-26T01:26:04.089+0000] {dag.py:3954} INFO - Setting next_dagrun for example_dag_decorator to None, run_after=None
[2025-02-26T01:26:04.111+0000] {processor.py:183} INFO - Processing /home/airflow/.local/lib/python3.12/site-packages/airflow/example_dags/example_dag_decorator.py took 0.389 seconds
[2025-02-26T01:26:35.152+0000] {processor.py:161} INFO - Started process (PID=929) to work on /home/airflow/.local/lib/python3.12/site-packages/airflow/example_dags/example_dag_decorator.py
[2025-02-26T01:26:35.156+0000] {processor.py:830} INFO - Processing file /home/airflow/.local/lib/python3.12/site-packages/airflow/example_dags/example_dag_decorator.py for tasks to queue
[2025-02-26T01:26:35.160+0000] {logging_mixin.py:188} INFO - [2025-02-26T01:26:35.159+0000] {dagbag.py:540} INFO - Filling up the DagBag from /home/airflow/.local/lib/python3.12/site-packages/airflow/example_dags/example_dag_decorator.py
[2025-02-26T01:26:35.586+0000] {processor.py:840} INFO - DAG(s) 'example_dag_decorator' retrieved from /home/airflow/.local/lib/python3.12/site-packages/airflow/example_dags/example_dag_decorator.py
[2025-02-26T01:26:36.269+0000] {logging_mixin.py:188} INFO - [2025-02-26T01:26:36.269+0000] {dag.py:3096} INFO - Sync 1 DAGs
[2025-02-26T01:26:36.279+0000] {logging_mixin.py:188} INFO - [2025-02-26T01:26:36.279+0000] {dag.py:3954} INFO - Setting next_dagrun for example_dag_decorator to None, run_after=None
[2025-02-26T01:26:36.368+0000] {processor.py:183} INFO - Processing /home/airflow/.local/lib/python3.12/site-packages/airflow/example_dags/example_dag_decorator.py took 1.228 seconds
[2025-02-26T01:27:06.538+0000] {processor.py:161} INFO - Started process (PID=992) to work on /home/airflow/.local/lib/python3.12/site-packages/airflow/example_dags/example_dag_decorator.py
[2025-02-26T01:27:06.540+0000] {processor.py:830} INFO - Processing file /home/airflow/.local/lib/python3.12/site-packages/airflow/example_dags/example_dag_decorator.py for tasks to queue
[2025-02-26T01:27:06.542+0000] {logging_mixin.py:188} INFO - [2025-02-26T01:27:06.542+0000] {dagbag.py:540} INFO - Filling up the DagBag from /home/airflow/.local/lib/python3.12/site-packages/airflow/example_dags/example_dag_decorator.py
[2025-02-26T01:27:06.654+0000] {processor.py:840} INFO - DAG(s) 'example_dag_decorator' retrieved from /home/airflow/.local/lib/python3.12/site-packages/airflow/example_dags/example_dag_decorator.py
[2025-02-26T01:27:06.924+0000] {logging_mixin.py:188} INFO - [2025-02-26T01:27:06.924+0000] {dag.py:3096} INFO - Sync 1 DAGs
[2025-02-26T01:27:06.939+0000] {logging_mixin.py:188} INFO - [2025-02-26T01:27:06.938+0000] {dag.py:3954} INFO - Setting next_dagrun for example_dag_decorator to None, run_after=None
[2025-02-26T01:27:06.956+0000] {processor.py:183} INFO - Processing /home/airflow/.local/lib/python3.12/site-packages/airflow/example_dags/example_dag_decorator.py took 0.424 seconds
[2025-02-26T01:27:40.651+0000] {processor.py:161} INFO - Started process (PID=1050) to work on /home/airflow/.local/lib/python3.12/site-packages/airflow/example_dags/example_dag_decorator.py
[2025-02-26T01:27:40.653+0000] {processor.py:830} INFO - Processing file /home/airflow/.local/lib/python3.12/site-packages/airflow/example_dags/example_dag_decorator.py for tasks to queue
[2025-02-26T01:27:40.656+0000] {logging_mixin.py:188} INFO - [2025-02-26T01:27:40.655+0000] {dagbag.py:540} INFO - Filling up the DagBag from /home/airflow/.local/lib/python3.12/site-packages/airflow/example_dags/example_dag_decorator.py
[2025-02-26T01:27:40.812+0000] {processor.py:840} INFO - DAG(s) 'example_dag_decorator' retrieved from /home/airflow/.local/lib/python3.12/site-packages/airflow/example_dags/example_dag_decorator.py
[2025-02-26T01:27:41.162+0000] {logging_mixin.py:188} INFO - [2025-02-26T01:27:41.162+0000] {dag.py:3096} INFO - Sync 1 DAGs
[2025-02-26T01:27:41.173+0000] {logging_mixin.py:188} INFO - [2025-02-26T01:27:41.173+0000] {dag.py:3954} INFO - Setting next_dagrun for example_dag_decorator to None, run_after=None
[2025-02-26T01:27:43.196+0000] {processor.py:183} INFO - Processing /home/airflow/.local/lib/python3.12/site-packages/airflow/example_dags/example_dag_decorator.py took 2.553 seconds
[2025-02-26T01:28:14.048+0000] {processor.py:161} INFO - Started process (PID=1110) to work on /home/airflow/.local/lib/python3.12/site-packages/airflow/example_dags/example_dag_decorator.py
[2025-02-26T01:28:14.050+0000] {processor.py:830} INFO - Processing file /home/airflow/.local/lib/python3.12/site-packages/airflow/example_dags/example_dag_decorator.py for tasks to queue
[2025-02-26T01:28:14.052+0000] {logging_mixin.py:188} INFO - [2025-02-26T01:28:14.051+0000] {dagbag.py:540} INFO - Filling up the DagBag from /home/airflow/.local/lib/python3.12/site-packages/airflow/example_dags/example_dag_decorator.py
[2025-02-26T01:28:14.303+0000] {processor.py:840} INFO - DAG(s) 'example_dag_decorator' retrieved from /home/airflow/.local/lib/python3.12/site-packages/airflow/example_dags/example_dag_decorator.py
[2025-02-26T01:28:14.404+0000] {logging_mixin.py:188} INFO - [2025-02-26T01:28:14.404+0000] {dag.py:3096} INFO - Sync 1 DAGs
[2025-02-26T01:28:14.415+0000] {logging_mixin.py:188} INFO - [2025-02-26T01:28:14.414+0000] {dag.py:3954} INFO - Setting next_dagrun for example_dag_decorator to None, run_after=None
[2025-02-26T01:28:14.435+0000] {processor.py:183} INFO - Processing /home/airflow/.local/lib/python3.12/site-packages/airflow/example_dags/example_dag_decorator.py took 0.393 seconds
[2025-02-26T01:28:44.609+0000] {processor.py:161} INFO - Started process (PID=1170) to work on /home/airflow/.local/lib/python3.12/site-packages/airflow/example_dags/example_dag_decorator.py
[2025-02-26T01:28:44.610+0000] {processor.py:830} INFO - Processing file /home/airflow/.local/lib/python3.12/site-packages/airflow/example_dags/example_dag_decorator.py for tasks to queue
[2025-02-26T01:28:44.612+0000] {logging_mixin.py:188} INFO - [2025-02-26T01:28:44.612+0000] {dagbag.py:540} INFO - Filling up the DagBag from /home/airflow/.local/lib/python3.12/site-packages/airflow/example_dags/example_dag_decorator.py
[2025-02-26T01:28:44.889+0000] {processor.py:840} INFO - DAG(s) 'example_dag_decorator' retrieved from /home/airflow/.local/lib/python3.12/site-packages/airflow/example_dags/example_dag_decorator.py
[2025-02-26T01:28:44.998+0000] {logging_mixin.py:188} INFO - [2025-02-26T01:28:44.998+0000] {dag.py:3096} INFO - Sync 1 DAGs
[2025-02-26T01:28:45.009+0000] {logging_mixin.py:188} INFO - [2025-02-26T01:28:45.009+0000] {dag.py:3954} INFO - Setting next_dagrun for example_dag_decorator to None, run_after=None
[2025-02-26T01:28:45.028+0000] {processor.py:183} INFO - Processing /home/airflow/.local/lib/python3.12/site-packages/airflow/example_dags/example_dag_decorator.py took 0.425 seconds
[2025-02-26T01:29:15.158+0000] {processor.py:161} INFO - Started process (PID=1230) to work on /home/airflow/.local/lib/python3.12/site-packages/airflow/example_dags/example_dag_decorator.py
[2025-02-26T01:29:15.165+0000] {processor.py:830} INFO - Processing file /home/airflow/.local/lib/python3.12/site-packages/airflow/example_dags/example_dag_decorator.py for tasks to queue
[2025-02-26T01:29:15.171+0000] {logging_mixin.py:188} INFO - [2025-02-26T01:29:15.170+0000] {dagbag.py:540} INFO - Filling up the DagBag from /home/airflow/.local/lib/python3.12/site-packages/airflow/example_dags/example_dag_decorator.py
[2025-02-26T01:29:15.323+0000] {processor.py:840} INFO - DAG(s) 'example_dag_decorator' retrieved from /home/airflow/.local/lib/python3.12/site-packages/airflow/example_dags/example_dag_decorator.py
[2025-02-26T01:29:15.459+0000] {logging_mixin.py:188} INFO - [2025-02-26T01:29:15.458+0000] {dag.py:3096} INFO - Sync 1 DAGs
[2025-02-26T01:29:15.473+0000] {logging_mixin.py:188} INFO - [2025-02-26T01:29:15.473+0000] {dag.py:3954} INFO - Setting next_dagrun for example_dag_decorator to None, run_after=None
[2025-02-26T01:29:15.498+0000] {processor.py:183} INFO - Processing /home/airflow/.local/lib/python3.12/site-packages/airflow/example_dags/example_dag_decorator.py took 0.353 seconds
[2025-02-26T01:29:46.332+0000] {processor.py:161} INFO - Started process (PID=1290) to work on /home/airflow/.local/lib/python3.12/site-packages/airflow/example_dags/example_dag_decorator.py
[2025-02-26T01:29:46.334+0000] {processor.py:830} INFO - Processing file /home/airflow/.local/lib/python3.12/site-packages/airflow/example_dags/example_dag_decorator.py for tasks to queue
[2025-02-26T01:29:46.336+0000] {logging_mixin.py:188} INFO - [2025-02-26T01:29:46.336+0000] {dagbag.py:540} INFO - Filling up the DagBag from /home/airflow/.local/lib/python3.12/site-packages/airflow/example_dags/example_dag_decorator.py
[2025-02-26T01:29:46.435+0000] {processor.py:840} INFO - DAG(s) 'example_dag_decorator' retrieved from /home/airflow/.local/lib/python3.12/site-packages/airflow/example_dags/example_dag_decorator.py
[2025-02-26T01:29:46.462+0000] {logging_mixin.py:188} INFO - [2025-02-26T01:29:46.462+0000] {dag.py:3096} INFO - Sync 1 DAGs
[2025-02-26T01:29:46.478+0000] {logging_mixin.py:188} INFO - [2025-02-26T01:29:46.477+0000] {dag.py:3954} INFO - Setting next_dagrun for example_dag_decorator to None, run_after=None
[2025-02-26T01:29:46.499+0000] {processor.py:183} INFO - Processing /home/airflow/.local/lib/python3.12/site-packages/airflow/example_dags/example_dag_decorator.py took 0.174 seconds
[2025-02-26T01:30:16.652+0000] {processor.py:161} INFO - Started process (PID=1354) to work on /home/airflow/.local/lib/python3.12/site-packages/airflow/example_dags/example_dag_decorator.py
[2025-02-26T01:30:16.654+0000] {processor.py:830} INFO - Processing file /home/airflow/.local/lib/python3.12/site-packages/airflow/example_dags/example_dag_decorator.py for tasks to queue
[2025-02-26T01:30:16.657+0000] {logging_mixin.py:188} INFO - [2025-02-26T01:30:16.656+0000] {dagbag.py:540} INFO - Filling up the DagBag from /home/airflow/.local/lib/python3.12/site-packages/airflow/example_dags/example_dag_decorator.py
[2025-02-26T01:30:16.784+0000] {processor.py:840} INFO - DAG(s) 'example_dag_decorator' retrieved from /home/airflow/.local/lib/python3.12/site-packages/airflow/example_dags/example_dag_decorator.py
[2025-02-26T01:30:16.975+0000] {logging_mixin.py:188} INFO - [2025-02-26T01:30:16.975+0000] {dag.py:3096} INFO - Sync 1 DAGs
[2025-02-26T01:30:16.999+0000] {logging_mixin.py:188} INFO - [2025-02-26T01:30:16.998+0000] {dag.py:3954} INFO - Setting next_dagrun for example_dag_decorator to None, run_after=None
[2025-02-26T01:30:17.027+0000] {processor.py:183} INFO - Processing /home/airflow/.local/lib/python3.12/site-packages/airflow/example_dags/example_dag_decorator.py took 0.383 seconds
[2025-02-26T01:30:47.353+0000] {processor.py:161} INFO - Started process (PID=1415) to work on /home/airflow/.local/lib/python3.12/site-packages/airflow/example_dags/example_dag_decorator.py
[2025-02-26T01:30:47.356+0000] {processor.py:830} INFO - Processing file /home/airflow/.local/lib/python3.12/site-packages/airflow/example_dags/example_dag_decorator.py for tasks to queue
[2025-02-26T01:30:47.361+0000] {logging_mixin.py:188} INFO - [2025-02-26T01:30:47.360+0000] {dagbag.py:540} INFO - Filling up the DagBag from /home/airflow/.local/lib/python3.12/site-packages/airflow/example_dags/example_dag_decorator.py
[2025-02-26T01:30:47.485+0000] {processor.py:840} INFO - DAG(s) 'example_dag_decorator' retrieved from /home/airflow/.local/lib/python3.12/site-packages/airflow/example_dags/example_dag_decorator.py
[2025-02-26T01:30:47.511+0000] {logging_mixin.py:188} INFO - [2025-02-26T01:30:47.511+0000] {dag.py:3096} INFO - Sync 1 DAGs
[2025-02-26T01:30:47.525+0000] {logging_mixin.py:188} INFO - [2025-02-26T01:30:47.525+0000] {dag.py:3954} INFO - Setting next_dagrun for example_dag_decorator to None, run_after=None
[2025-02-26T01:30:47.549+0000] {processor.py:183} INFO - Processing /home/airflow/.local/lib/python3.12/site-packages/airflow/example_dags/example_dag_decorator.py took 0.207 seconds
[2025-02-26T01:31:17.848+0000] {processor.py:161} INFO - Started process (PID=1481) to work on /home/airflow/.local/lib/python3.12/site-packages/airflow/example_dags/example_dag_decorator.py
[2025-02-26T01:31:17.849+0000] {processor.py:830} INFO - Processing file /home/airflow/.local/lib/python3.12/site-packages/airflow/example_dags/example_dag_decorator.py for tasks to queue
[2025-02-26T01:31:17.852+0000] {logging_mixin.py:188} INFO - [2025-02-26T01:31:17.852+0000] {dagbag.py:540} INFO - Filling up the DagBag from /home/airflow/.local/lib/python3.12/site-packages/airflow/example_dags/example_dag_decorator.py
[2025-02-26T01:31:17.948+0000] {processor.py:840} INFO - DAG(s) 'example_dag_decorator' retrieved from /home/airflow/.local/lib/python3.12/site-packages/airflow/example_dags/example_dag_decorator.py
[2025-02-26T01:31:18.153+0000] {logging_mixin.py:188} INFO - [2025-02-26T01:31:18.152+0000] {dag.py:3096} INFO - Sync 1 DAGs
[2025-02-26T01:31:18.165+0000] {logging_mixin.py:188} INFO - [2025-02-26T01:31:18.164+0000] {dag.py:3954} INFO - Setting next_dagrun for example_dag_decorator to None, run_after=None
[2025-02-26T01:31:18.187+0000] {processor.py:183} INFO - Processing /home/airflow/.local/lib/python3.12/site-packages/airflow/example_dags/example_dag_decorator.py took 0.347 seconds
[2025-02-26T01:31:48.454+0000] {processor.py:161} INFO - Started process (PID=1541) to work on /home/airflow/.local/lib/python3.12/site-packages/airflow/example_dags/example_dag_decorator.py
[2025-02-26T01:31:48.456+0000] {processor.py:830} INFO - Processing file /home/airflow/.local/lib/python3.12/site-packages/airflow/example_dags/example_dag_decorator.py for tasks to queue
[2025-02-26T01:31:48.459+0000] {logging_mixin.py:188} INFO - [2025-02-26T01:31:48.458+0000] {dagbag.py:540} INFO - Filling up the DagBag from /home/airflow/.local/lib/python3.12/site-packages/airflow/example_dags/example_dag_decorator.py
[2025-02-26T01:31:48.565+0000] {processor.py:840} INFO - DAG(s) 'example_dag_decorator' retrieved from /home/airflow/.local/lib/python3.12/site-packages/airflow/example_dags/example_dag_decorator.py
[2025-02-26T01:31:48.682+0000] {logging_mixin.py:188} INFO - [2025-02-26T01:31:48.682+0000] {dag.py:3096} INFO - Sync 1 DAGs
[2025-02-26T01:31:48.693+0000] {logging_mixin.py:188} INFO - [2025-02-26T01:31:48.693+0000] {dag.py:3954} INFO - Setting next_dagrun for example_dag_decorator to None, run_after=None
[2025-02-26T01:31:48.714+0000] {processor.py:183} INFO - Processing /home/airflow/.local/lib/python3.12/site-packages/airflow/example_dags/example_dag_decorator.py took 0.268 seconds
[2025-02-26T01:32:19.044+0000] {processor.py:161} INFO - Started process (PID=1602) to work on /home/airflow/.local/lib/python3.12/site-packages/airflow/example_dags/example_dag_decorator.py
[2025-02-26T01:32:19.046+0000] {processor.py:830} INFO - Processing file /home/airflow/.local/lib/python3.12/site-packages/airflow/example_dags/example_dag_decorator.py for tasks to queue
[2025-02-26T01:32:19.049+0000] {logging_mixin.py:188} INFO - [2025-02-26T01:32:19.048+0000] {dagbag.py:540} INFO - Filling up the DagBag from /home/airflow/.local/lib/python3.12/site-packages/airflow/example_dags/example_dag_decorator.py
[2025-02-26T01:32:19.155+0000] {processor.py:840} INFO - DAG(s) 'example_dag_decorator' retrieved from /home/airflow/.local/lib/python3.12/site-packages/airflow/example_dags/example_dag_decorator.py
[2025-02-26T01:32:19.266+0000] {logging_mixin.py:188} INFO - [2025-02-26T01:32:19.266+0000] {dag.py:3096} INFO - Sync 1 DAGs
[2025-02-26T01:32:19.279+0000] {logging_mixin.py:188} INFO - [2025-02-26T01:32:19.279+0000] {dag.py:3954} INFO - Setting next_dagrun for example_dag_decorator to None, run_after=None
[2025-02-26T01:32:19.305+0000] {processor.py:183} INFO - Processing /home/airflow/.local/lib/python3.12/site-packages/airflow/example_dags/example_dag_decorator.py took 0.269 seconds
[2025-02-26T01:32:49.581+0000] {processor.py:161} INFO - Started process (PID=1662) to work on /home/airflow/.local/lib/python3.12/site-packages/airflow/example_dags/example_dag_decorator.py
[2025-02-26T01:32:49.583+0000] {processor.py:830} INFO - Processing file /home/airflow/.local/lib/python3.12/site-packages/airflow/example_dags/example_dag_decorator.py for tasks to queue
[2025-02-26T01:32:49.588+0000] {logging_mixin.py:188} INFO - [2025-02-26T01:32:49.587+0000] {dagbag.py:540} INFO - Filling up the DagBag from /home/airflow/.local/lib/python3.12/site-packages/airflow/example_dags/example_dag_decorator.py
[2025-02-26T01:32:49.812+0000] {processor.py:840} INFO - DAG(s) 'example_dag_decorator' retrieved from /home/airflow/.local/lib/python3.12/site-packages/airflow/example_dags/example_dag_decorator.py
[2025-02-26T01:32:50.024+0000] {logging_mixin.py:188} INFO - [2025-02-26T01:32:50.024+0000] {dag.py:3096} INFO - Sync 1 DAGs
[2025-02-26T01:32:50.048+0000] {logging_mixin.py:188} INFO - [2025-02-26T01:32:50.048+0000] {dag.py:3954} INFO - Setting next_dagrun for example_dag_decorator to None, run_after=None
[2025-02-26T01:32:50.089+0000] {processor.py:183} INFO - Processing /home/airflow/.local/lib/python3.12/site-packages/airflow/example_dags/example_dag_decorator.py took 0.519 seconds
[2025-02-26T01:33:20.679+0000] {processor.py:161} INFO - Started process (PID=1722) to work on /home/airflow/.local/lib/python3.12/site-packages/airflow/example_dags/example_dag_decorator.py
[2025-02-26T01:33:20.680+0000] {processor.py:830} INFO - Processing file /home/airflow/.local/lib/python3.12/site-packages/airflow/example_dags/example_dag_decorator.py for tasks to queue
[2025-02-26T01:33:20.684+0000] {logging_mixin.py:188} INFO - [2025-02-26T01:33:20.683+0000] {dagbag.py:540} INFO - Filling up the DagBag from /home/airflow/.local/lib/python3.12/site-packages/airflow/example_dags/example_dag_decorator.py
[2025-02-26T01:33:20.794+0000] {processor.py:840} INFO - DAG(s) 'example_dag_decorator' retrieved from /home/airflow/.local/lib/python3.12/site-packages/airflow/example_dags/example_dag_decorator.py
[2025-02-26T01:33:20.908+0000] {logging_mixin.py:188} INFO - [2025-02-26T01:33:20.908+0000] {dag.py:3096} INFO - Sync 1 DAGs
[2025-02-26T01:33:20.919+0000] {logging_mixin.py:188} INFO - [2025-02-26T01:33:20.919+0000] {dag.py:3954} INFO - Setting next_dagrun for example_dag_decorator to None, run_after=None
[2025-02-26T01:33:25.800+0000] {processor.py:183} INFO - Processing /home/airflow/.local/lib/python3.12/site-packages/airflow/example_dags/example_dag_decorator.py took 4.924 seconds
[2025-02-26T01:33:56.072+0000] {processor.py:161} INFO - Started process (PID=1782) to work on /home/airflow/.local/lib/python3.12/site-packages/airflow/example_dags/example_dag_decorator.py
[2025-02-26T01:33:56.074+0000] {processor.py:830} INFO - Processing file /home/airflow/.local/lib/python3.12/site-packages/airflow/example_dags/example_dag_decorator.py for tasks to queue
[2025-02-26T01:33:56.078+0000] {logging_mixin.py:188} INFO - [2025-02-26T01:33:56.077+0000] {dagbag.py:540} INFO - Filling up the DagBag from /home/airflow/.local/lib/python3.12/site-packages/airflow/example_dags/example_dag_decorator.py
[2025-02-26T01:33:56.188+0000] {processor.py:840} INFO - DAG(s) 'example_dag_decorator' retrieved from /home/airflow/.local/lib/python3.12/site-packages/airflow/example_dags/example_dag_decorator.py
[2025-02-26T01:33:56.328+0000] {logging_mixin.py:188} INFO - [2025-02-26T01:33:56.327+0000] {dag.py:3096} INFO - Sync 1 DAGs
[2025-02-26T01:33:56.343+0000] {logging_mixin.py:188} INFO - [2025-02-26T01:33:56.343+0000] {dag.py:3954} INFO - Setting next_dagrun for example_dag_decorator to None, run_after=None
[2025-02-26T01:33:56.378+0000] {processor.py:183} INFO - Processing /home/airflow/.local/lib/python3.12/site-packages/airflow/example_dags/example_dag_decorator.py took 0.318 seconds
[2025-02-26T01:34:27.075+0000] {processor.py:161} INFO - Started process (PID=1842) to work on /home/airflow/.local/lib/python3.12/site-packages/airflow/example_dags/example_dag_decorator.py
[2025-02-26T01:34:27.078+0000] {processor.py:830} INFO - Processing file /home/airflow/.local/lib/python3.12/site-packages/airflow/example_dags/example_dag_decorator.py for tasks to queue
[2025-02-26T01:34:27.081+0000] {logging_mixin.py:188} INFO - [2025-02-26T01:34:27.081+0000] {dagbag.py:540} INFO - Filling up the DagBag from /home/airflow/.local/lib/python3.12/site-packages/airflow/example_dags/example_dag_decorator.py
[2025-02-26T01:34:27.228+0000] {processor.py:840} INFO - DAG(s) 'example_dag_decorator' retrieved from /home/airflow/.local/lib/python3.12/site-packages/airflow/example_dags/example_dag_decorator.py
[2025-02-26T01:34:27.392+0000] {logging_mixin.py:188} INFO - [2025-02-26T01:34:27.391+0000] {dag.py:3096} INFO - Sync 1 DAGs
[2025-02-26T01:34:27.410+0000] {logging_mixin.py:188} INFO - [2025-02-26T01:34:27.409+0000] {dag.py:3954} INFO - Setting next_dagrun for example_dag_decorator to None, run_after=None
[2025-02-26T01:34:27.442+0000] {processor.py:183} INFO - Processing /home/airflow/.local/lib/python3.12/site-packages/airflow/example_dags/example_dag_decorator.py took 0.388 seconds
[2025-02-26T01:34:57.529+0000] {processor.py:161} INFO - Started process (PID=1902) to work on /home/airflow/.local/lib/python3.12/site-packages/airflow/example_dags/example_dag_decorator.py
[2025-02-26T01:34:57.530+0000] {processor.py:830} INFO - Processing file /home/airflow/.local/lib/python3.12/site-packages/airflow/example_dags/example_dag_decorator.py for tasks to queue
[2025-02-26T01:34:57.532+0000] {logging_mixin.py:188} INFO - [2025-02-26T01:34:57.532+0000] {dagbag.py:540} INFO - Filling up the DagBag from /home/airflow/.local/lib/python3.12/site-packages/airflow/example_dags/example_dag_decorator.py
[2025-02-26T01:34:57.661+0000] {processor.py:840} INFO - DAG(s) 'example_dag_decorator' retrieved from /home/airflow/.local/lib/python3.12/site-packages/airflow/example_dags/example_dag_decorator.py
[2025-02-26T01:34:57.823+0000] {logging_mixin.py:188} INFO - [2025-02-26T01:34:57.822+0000] {dag.py:3096} INFO - Sync 1 DAGs
[2025-02-26T01:34:57.837+0000] {logging_mixin.py:188} INFO - [2025-02-26T01:34:57.836+0000] {dag.py:3954} INFO - Setting next_dagrun for example_dag_decorator to None, run_after=None
[2025-02-26T01:34:57.862+0000] {processor.py:183} INFO - Processing /home/airflow/.local/lib/python3.12/site-packages/airflow/example_dags/example_dag_decorator.py took 0.340 seconds
[2025-02-26T01:35:27.935+0000] {processor.py:161} INFO - Started process (PID=1962) to work on /home/airflow/.local/lib/python3.12/site-packages/airflow/example_dags/example_dag_decorator.py
[2025-02-26T01:35:27.936+0000] {processor.py:830} INFO - Processing file /home/airflow/.local/lib/python3.12/site-packages/airflow/example_dags/example_dag_decorator.py for tasks to queue
[2025-02-26T01:35:27.939+0000] {logging_mixin.py:188} INFO - [2025-02-26T01:35:27.938+0000] {dagbag.py:540} INFO - Filling up the DagBag from /home/airflow/.local/lib/python3.12/site-packages/airflow/example_dags/example_dag_decorator.py
[2025-02-26T01:35:28.050+0000] {processor.py:840} INFO - DAG(s) 'example_dag_decorator' retrieved from /home/airflow/.local/lib/python3.12/site-packages/airflow/example_dags/example_dag_decorator.py
[2025-02-26T01:35:28.177+0000] {logging_mixin.py:188} INFO - [2025-02-26T01:35:28.176+0000] {dag.py:3096} INFO - Sync 1 DAGs
[2025-02-26T01:35:28.188+0000] {logging_mixin.py:188} INFO - [2025-02-26T01:35:28.188+0000] {dag.py:3954} INFO - Setting next_dagrun for example_dag_decorator to None, run_after=None
[2025-02-26T01:35:28.212+0000] {processor.py:183} INFO - Processing /home/airflow/.local/lib/python3.12/site-packages/airflow/example_dags/example_dag_decorator.py took 0.285 seconds
[2025-02-26T01:35:58.402+0000] {processor.py:161} INFO - Started process (PID=2022) to work on /home/airflow/.local/lib/python3.12/site-packages/airflow/example_dags/example_dag_decorator.py
[2025-02-26T01:35:58.404+0000] {processor.py:830} INFO - Processing file /home/airflow/.local/lib/python3.12/site-packages/airflow/example_dags/example_dag_decorator.py for tasks to queue
[2025-02-26T01:35:58.406+0000] {logging_mixin.py:188} INFO - [2025-02-26T01:35:58.405+0000] {dagbag.py:540} INFO - Filling up the DagBag from /home/airflow/.local/lib/python3.12/site-packages/airflow/example_dags/example_dag_decorator.py
[2025-02-26T01:35:58.508+0000] {processor.py:840} INFO - DAG(s) 'example_dag_decorator' retrieved from /home/airflow/.local/lib/python3.12/site-packages/airflow/example_dags/example_dag_decorator.py
[2025-02-26T01:35:58.619+0000] {logging_mixin.py:188} INFO - [2025-02-26T01:35:58.619+0000] {dag.py:3096} INFO - Sync 1 DAGs
[2025-02-26T01:35:58.633+0000] {logging_mixin.py:188} INFO - [2025-02-26T01:35:58.633+0000] {dag.py:3954} INFO - Setting next_dagrun for example_dag_decorator to None, run_after=None
[2025-02-26T01:35:58.656+0000] {processor.py:183} INFO - Processing /home/airflow/.local/lib/python3.12/site-packages/airflow/example_dags/example_dag_decorator.py took 0.260 seconds
[2025-02-26T01:36:29.125+0000] {processor.py:161} INFO - Started process (PID=2082) to work on /home/airflow/.local/lib/python3.12/site-packages/airflow/example_dags/example_dag_decorator.py
[2025-02-26T01:36:29.127+0000] {processor.py:830} INFO - Processing file /home/airflow/.local/lib/python3.12/site-packages/airflow/example_dags/example_dag_decorator.py for tasks to queue
[2025-02-26T01:36:29.129+0000] {logging_mixin.py:188} INFO - [2025-02-26T01:36:29.129+0000] {dagbag.py:540} INFO - Filling up the DagBag from /home/airflow/.local/lib/python3.12/site-packages/airflow/example_dags/example_dag_decorator.py
[2025-02-26T01:36:29.229+0000] {processor.py:840} INFO - DAG(s) 'example_dag_decorator' retrieved from /home/airflow/.local/lib/python3.12/site-packages/airflow/example_dags/example_dag_decorator.py
[2025-02-26T01:36:29.408+0000] {logging_mixin.py:188} INFO - [2025-02-26T01:36:29.407+0000] {dag.py:3096} INFO - Sync 1 DAGs
[2025-02-26T01:36:29.432+0000] {logging_mixin.py:188} INFO - [2025-02-26T01:36:29.432+0000] {dag.py:3954} INFO - Setting next_dagrun for example_dag_decorator to None, run_after=None
[2025-02-26T01:36:29.476+0000] {processor.py:183} INFO - Processing /home/airflow/.local/lib/python3.12/site-packages/airflow/example_dags/example_dag_decorator.py took 0.358 seconds
[2025-02-26T01:36:59.960+0000] {processor.py:161} INFO - Started process (PID=2142) to work on /home/airflow/.local/lib/python3.12/site-packages/airflow/example_dags/example_dag_decorator.py
[2025-02-26T01:36:59.961+0000] {processor.py:830} INFO - Processing file /home/airflow/.local/lib/python3.12/site-packages/airflow/example_dags/example_dag_decorator.py for tasks to queue
[2025-02-26T01:36:59.964+0000] {logging_mixin.py:188} INFO - [2025-02-26T01:36:59.963+0000] {dagbag.py:540} INFO - Filling up the DagBag from /home/airflow/.local/lib/python3.12/site-packages/airflow/example_dags/example_dag_decorator.py
[2025-02-26T01:37:00.071+0000] {processor.py:840} INFO - DAG(s) 'example_dag_decorator' retrieved from /home/airflow/.local/lib/python3.12/site-packages/airflow/example_dags/example_dag_decorator.py
[2025-02-26T01:37:00.238+0000] {logging_mixin.py:188} INFO - [2025-02-26T01:37:00.237+0000] {dag.py:3096} INFO - Sync 1 DAGs
[2025-02-26T01:37:00.258+0000] {logging_mixin.py:188} INFO - [2025-02-26T01:37:00.258+0000] {dag.py:3954} INFO - Setting next_dagrun for example_dag_decorator to None, run_after=None
[2025-02-26T01:37:00.306+0000] {processor.py:183} INFO - Processing /home/airflow/.local/lib/python3.12/site-packages/airflow/example_dags/example_dag_decorator.py took 0.353 seconds
[2025-02-26T01:37:30.584+0000] {processor.py:161} INFO - Started process (PID=2202) to work on /home/airflow/.local/lib/python3.12/site-packages/airflow/example_dags/example_dag_decorator.py
[2025-02-26T01:37:30.585+0000] {processor.py:830} INFO - Processing file /home/airflow/.local/lib/python3.12/site-packages/airflow/example_dags/example_dag_decorator.py for tasks to queue
[2025-02-26T01:37:30.588+0000] {logging_mixin.py:188} INFO - [2025-02-26T01:37:30.587+0000] {dagbag.py:540} INFO - Filling up the DagBag from /home/airflow/.local/lib/python3.12/site-packages/airflow/example_dags/example_dag_decorator.py
[2025-02-26T01:37:30.688+0000] {processor.py:840} INFO - DAG(s) 'example_dag_decorator' retrieved from /home/airflow/.local/lib/python3.12/site-packages/airflow/example_dags/example_dag_decorator.py
[2025-02-26T01:37:30.814+0000] {logging_mixin.py:188} INFO - [2025-02-26T01:37:30.814+0000] {dag.py:3096} INFO - Sync 1 DAGs
[2025-02-26T01:37:30.826+0000] {logging_mixin.py:188} INFO - [2025-02-26T01:37:30.826+0000] {dag.py:3954} INFO - Setting next_dagrun for example_dag_decorator to None, run_after=None
[2025-02-26T01:37:30.849+0000] {processor.py:183} INFO - Processing /home/airflow/.local/lib/python3.12/site-packages/airflow/example_dags/example_dag_decorator.py took 0.272 seconds
[2025-02-26T01:38:01.017+0000] {processor.py:161} INFO - Started process (PID=2262) to work on /home/airflow/.local/lib/python3.12/site-packages/airflow/example_dags/example_dag_decorator.py
[2025-02-26T01:38:01.019+0000] {processor.py:830} INFO - Processing file /home/airflow/.local/lib/python3.12/site-packages/airflow/example_dags/example_dag_decorator.py for tasks to queue
[2025-02-26T01:38:01.021+0000] {logging_mixin.py:188} INFO - [2025-02-26T01:38:01.021+0000] {dagbag.py:540} INFO - Filling up the DagBag from /home/airflow/.local/lib/python3.12/site-packages/airflow/example_dags/example_dag_decorator.py
[2025-02-26T01:38:01.121+0000] {processor.py:840} INFO - DAG(s) 'example_dag_decorator' retrieved from /home/airflow/.local/lib/python3.12/site-packages/airflow/example_dags/example_dag_decorator.py
[2025-02-26T01:38:01.240+0000] {logging_mixin.py:188} INFO - [2025-02-26T01:38:01.240+0000] {dag.py:3096} INFO - Sync 1 DAGs
[2025-02-26T01:38:01.252+0000] {logging_mixin.py:188} INFO - [2025-02-26T01:38:01.251+0000] {dag.py:3954} INFO - Setting next_dagrun for example_dag_decorator to None, run_after=None
[2025-02-26T01:38:01.275+0000] {processor.py:183} INFO - Processing /home/airflow/.local/lib/python3.12/site-packages/airflow/example_dags/example_dag_decorator.py took 0.264 seconds
[2025-02-26T01:38:31.327+0000] {processor.py:161} INFO - Started process (PID=2322) to work on /home/airflow/.local/lib/python3.12/site-packages/airflow/example_dags/example_dag_decorator.py
[2025-02-26T01:38:31.328+0000] {processor.py:830} INFO - Processing file /home/airflow/.local/lib/python3.12/site-packages/airflow/example_dags/example_dag_decorator.py for tasks to queue
[2025-02-26T01:38:31.330+0000] {logging_mixin.py:188} INFO - [2025-02-26T01:38:31.330+0000] {dagbag.py:540} INFO - Filling up the DagBag from /home/airflow/.local/lib/python3.12/site-packages/airflow/example_dags/example_dag_decorator.py
[2025-02-26T01:38:31.435+0000] {processor.py:840} INFO - DAG(s) 'example_dag_decorator' retrieved from /home/airflow/.local/lib/python3.12/site-packages/airflow/example_dags/example_dag_decorator.py
[2025-02-26T01:38:31.580+0000] {logging_mixin.py:188} INFO - [2025-02-26T01:38:31.580+0000] {dag.py:3096} INFO - Sync 1 DAGs
[2025-02-26T01:38:31.592+0000] {logging_mixin.py:188} INFO - [2025-02-26T01:38:31.592+0000] {dag.py:3954} INFO - Setting next_dagrun for example_dag_decorator to None, run_after=None
[2025-02-26T01:38:31.617+0000] {processor.py:183} INFO - Processing /home/airflow/.local/lib/python3.12/site-packages/airflow/example_dags/example_dag_decorator.py took 0.298 seconds
[2025-02-26T01:39:01.830+0000] {processor.py:161} INFO - Started process (PID=2384) to work on /home/airflow/.local/lib/python3.12/site-packages/airflow/example_dags/example_dag_decorator.py
[2025-02-26T01:39:01.831+0000] {processor.py:830} INFO - Processing file /home/airflow/.local/lib/python3.12/site-packages/airflow/example_dags/example_dag_decorator.py for tasks to queue
[2025-02-26T01:39:01.834+0000] {logging_mixin.py:188} INFO - [2025-02-26T01:39:01.833+0000] {dagbag.py:540} INFO - Filling up the DagBag from /home/airflow/.local/lib/python3.12/site-packages/airflow/example_dags/example_dag_decorator.py
[2025-02-26T01:39:01.946+0000] {processor.py:840} INFO - DAG(s) 'example_dag_decorator' retrieved from /home/airflow/.local/lib/python3.12/site-packages/airflow/example_dags/example_dag_decorator.py
[2025-02-26T01:39:02.080+0000] {logging_mixin.py:188} INFO - [2025-02-26T01:39:02.080+0000] {dag.py:3096} INFO - Sync 1 DAGs
[2025-02-26T01:39:02.092+0000] {logging_mixin.py:188} INFO - [2025-02-26T01:39:02.092+0000] {dag.py:3954} INFO - Setting next_dagrun for example_dag_decorator to None, run_after=None
[2025-02-26T01:39:02.118+0000] {processor.py:183} INFO - Processing /home/airflow/.local/lib/python3.12/site-packages/airflow/example_dags/example_dag_decorator.py took 0.297 seconds
[2025-02-26T01:39:32.537+0000] {processor.py:161} INFO - Started process (PID=2444) to work on /home/airflow/.local/lib/python3.12/site-packages/airflow/example_dags/example_dag_decorator.py
[2025-02-26T01:39:32.539+0000] {processor.py:830} INFO - Processing file /home/airflow/.local/lib/python3.12/site-packages/airflow/example_dags/example_dag_decorator.py for tasks to queue
[2025-02-26T01:39:32.541+0000] {logging_mixin.py:188} INFO - [2025-02-26T01:39:32.541+0000] {dagbag.py:540} INFO - Filling up the DagBag from /home/airflow/.local/lib/python3.12/site-packages/airflow/example_dags/example_dag_decorator.py
[2025-02-26T01:39:32.652+0000] {processor.py:840} INFO - DAG(s) 'example_dag_decorator' retrieved from /home/airflow/.local/lib/python3.12/site-packages/airflow/example_dags/example_dag_decorator.py
[2025-02-26T01:39:32.771+0000] {logging_mixin.py:188} INFO - [2025-02-26T01:39:32.771+0000] {dag.py:3096} INFO - Sync 1 DAGs
[2025-02-26T01:39:32.784+0000] {logging_mixin.py:188} INFO - [2025-02-26T01:39:32.783+0000] {dag.py:3954} INFO - Setting next_dagrun for example_dag_decorator to None, run_after=None
[2025-02-26T01:39:32.804+0000] {processor.py:183} INFO - Processing /home/airflow/.local/lib/python3.12/site-packages/airflow/example_dags/example_dag_decorator.py took 0.274 seconds
[2025-02-26T01:40:03.359+0000] {processor.py:161} INFO - Started process (PID=2504) to work on /home/airflow/.local/lib/python3.12/site-packages/airflow/example_dags/example_dag_decorator.py
[2025-02-26T01:40:03.360+0000] {processor.py:830} INFO - Processing file /home/airflow/.local/lib/python3.12/site-packages/airflow/example_dags/example_dag_decorator.py for tasks to queue
[2025-02-26T01:40:03.363+0000] {logging_mixin.py:188} INFO - [2025-02-26T01:40:03.362+0000] {dagbag.py:540} INFO - Filling up the DagBag from /home/airflow/.local/lib/python3.12/site-packages/airflow/example_dags/example_dag_decorator.py
[2025-02-26T01:40:03.683+0000] {processor.py:840} INFO - DAG(s) 'example_dag_decorator' retrieved from /home/airflow/.local/lib/python3.12/site-packages/airflow/example_dags/example_dag_decorator.py
[2025-02-26T01:40:03.867+0000] {logging_mixin.py:188} INFO - [2025-02-26T01:40:03.866+0000] {dag.py:3096} INFO - Sync 1 DAGs
[2025-02-26T01:40:03.881+0000] {logging_mixin.py:188} INFO - [2025-02-26T01:40:03.880+0000] {dag.py:3954} INFO - Setting next_dagrun for example_dag_decorator to None, run_after=None
[2025-02-26T01:40:03.912+0000] {processor.py:183} INFO - Processing /home/airflow/.local/lib/python3.12/site-packages/airflow/example_dags/example_dag_decorator.py took 0.560 seconds
[2025-02-26T01:40:35.166+0000] {processor.py:161} INFO - Started process (PID=2563) to work on /home/airflow/.local/lib/python3.12/site-packages/airflow/example_dags/example_dag_decorator.py
[2025-02-26T01:40:35.168+0000] {processor.py:830} INFO - Processing file /home/airflow/.local/lib/python3.12/site-packages/airflow/example_dags/example_dag_decorator.py for tasks to queue
[2025-02-26T01:40:35.170+0000] {logging_mixin.py:188} INFO - [2025-02-26T01:40:35.170+0000] {dagbag.py:540} INFO - Filling up the DagBag from /home/airflow/.local/lib/python3.12/site-packages/airflow/example_dags/example_dag_decorator.py
[2025-02-26T01:40:35.275+0000] {processor.py:840} INFO - DAG(s) 'example_dag_decorator' retrieved from /home/airflow/.local/lib/python3.12/site-packages/airflow/example_dags/example_dag_decorator.py
[2025-02-26T01:40:35.396+0000] {logging_mixin.py:188} INFO - [2025-02-26T01:40:35.396+0000] {dag.py:3096} INFO - Sync 1 DAGs
[2025-02-26T01:40:35.407+0000] {logging_mixin.py:188} INFO - [2025-02-26T01:40:35.407+0000] {dag.py:3954} INFO - Setting next_dagrun for example_dag_decorator to None, run_after=None
[2025-02-26T01:40:38.384+0000] {processor.py:183} INFO - Processing /home/airflow/.local/lib/python3.12/site-packages/airflow/example_dags/example_dag_decorator.py took 3.225 seconds
[2025-02-26T01:41:08.540+0000] {processor.py:161} INFO - Started process (PID=2623) to work on /home/airflow/.local/lib/python3.12/site-packages/airflow/example_dags/example_dag_decorator.py
[2025-02-26T01:41:08.542+0000] {processor.py:830} INFO - Processing file /home/airflow/.local/lib/python3.12/site-packages/airflow/example_dags/example_dag_decorator.py for tasks to queue
[2025-02-26T01:41:08.544+0000] {logging_mixin.py:188} INFO - [2025-02-26T01:41:08.544+0000] {dagbag.py:540} INFO - Filling up the DagBag from /home/airflow/.local/lib/python3.12/site-packages/airflow/example_dags/example_dag_decorator.py
[2025-02-26T01:41:08.660+0000] {processor.py:840} INFO - DAG(s) 'example_dag_decorator' retrieved from /home/airflow/.local/lib/python3.12/site-packages/airflow/example_dags/example_dag_decorator.py
[2025-02-26T01:41:08.819+0000] {logging_mixin.py:188} INFO - [2025-02-26T01:41:08.819+0000] {dag.py:3096} INFO - Sync 1 DAGs
[2025-02-26T01:41:08.840+0000] {logging_mixin.py:188} INFO - [2025-02-26T01:41:08.840+0000] {dag.py:3954} INFO - Setting next_dagrun for example_dag_decorator to None, run_after=None
[2025-02-26T01:41:08.869+0000] {processor.py:183} INFO - Processing /home/airflow/.local/lib/python3.12/site-packages/airflow/example_dags/example_dag_decorator.py took 0.338 seconds
[2025-02-26T01:41:39.076+0000] {processor.py:161} INFO - Started process (PID=2682) to work on /home/airflow/.local/lib/python3.12/site-packages/airflow/example_dags/example_dag_decorator.py
[2025-02-26T01:41:39.077+0000] {processor.py:830} INFO - Processing file /home/airflow/.local/lib/python3.12/site-packages/airflow/example_dags/example_dag_decorator.py for tasks to queue
[2025-02-26T01:41:39.080+0000] {logging_mixin.py:188} INFO - [2025-02-26T01:41:39.079+0000] {dagbag.py:540} INFO - Filling up the DagBag from /home/airflow/.local/lib/python3.12/site-packages/airflow/example_dags/example_dag_decorator.py
[2025-02-26T01:41:39.213+0000] {processor.py:840} INFO - DAG(s) 'example_dag_decorator' retrieved from /home/airflow/.local/lib/python3.12/site-packages/airflow/example_dags/example_dag_decorator.py
[2025-02-26T01:41:39.370+0000] {logging_mixin.py:188} INFO - [2025-02-26T01:41:39.370+0000] {dag.py:3096} INFO - Sync 1 DAGs
[2025-02-26T01:41:39.381+0000] {logging_mixin.py:188} INFO - [2025-02-26T01:41:39.381+0000] {dag.py:3954} INFO - Setting next_dagrun for example_dag_decorator to None, run_after=None
[2025-02-26T01:41:39.400+0000] {processor.py:183} INFO - Processing /home/airflow/.local/lib/python3.12/site-packages/airflow/example_dags/example_dag_decorator.py took 0.330 seconds
[2025-02-26T01:42:10.444+0000] {processor.py:161} INFO - Started process (PID=2749) to work on /home/airflow/.local/lib/python3.12/site-packages/airflow/example_dags/example_dag_decorator.py
[2025-02-26T01:42:10.445+0000] {processor.py:830} INFO - Processing file /home/airflow/.local/lib/python3.12/site-packages/airflow/example_dags/example_dag_decorator.py for tasks to queue
[2025-02-26T01:42:10.448+0000] {logging_mixin.py:188} INFO - [2025-02-26T01:42:10.447+0000] {dagbag.py:540} INFO - Filling up the DagBag from /home/airflow/.local/lib/python3.12/site-packages/airflow/example_dags/example_dag_decorator.py
[2025-02-26T01:42:10.555+0000] {processor.py:840} INFO - DAG(s) 'example_dag_decorator' retrieved from /home/airflow/.local/lib/python3.12/site-packages/airflow/example_dags/example_dag_decorator.py
[2025-02-26T01:42:10.670+0000] {logging_mixin.py:188} INFO - [2025-02-26T01:42:10.670+0000] {dag.py:3096} INFO - Sync 1 DAGs
[2025-02-26T01:42:10.681+0000] {logging_mixin.py:188} INFO - [2025-02-26T01:42:10.681+0000] {dag.py:3954} INFO - Setting next_dagrun for example_dag_decorator to None, run_after=None
[2025-02-26T01:42:10.701+0000] {processor.py:183} INFO - Processing /home/airflow/.local/lib/python3.12/site-packages/airflow/example_dags/example_dag_decorator.py took 0.263 seconds
[2025-02-26T01:42:41.896+0000] {processor.py:161} INFO - Started process (PID=2811) to work on /home/airflow/.local/lib/python3.12/site-packages/airflow/example_dags/example_dag_decorator.py
[2025-02-26T01:42:41.897+0000] {processor.py:830} INFO - Processing file /home/airflow/.local/lib/python3.12/site-packages/airflow/example_dags/example_dag_decorator.py for tasks to queue
[2025-02-26T01:42:41.900+0000] {logging_mixin.py:188} INFO - [2025-02-26T01:42:41.899+0000] {dagbag.py:540} INFO - Filling up the DagBag from /home/airflow/.local/lib/python3.12/site-packages/airflow/example_dags/example_dag_decorator.py
[2025-02-26T01:42:42.023+0000] {processor.py:840} INFO - DAG(s) 'example_dag_decorator' retrieved from /home/airflow/.local/lib/python3.12/site-packages/airflow/example_dags/example_dag_decorator.py
[2025-02-26T01:42:42.176+0000] {logging_mixin.py:188} INFO - [2025-02-26T01:42:42.175+0000] {dag.py:3096} INFO - Sync 1 DAGs
[2025-02-26T01:42:42.196+0000] {logging_mixin.py:188} INFO - [2025-02-26T01:42:42.195+0000] {dag.py:3954} INFO - Setting next_dagrun for example_dag_decorator to None, run_after=None
[2025-02-26T01:42:42.233+0000] {processor.py:183} INFO - Processing /home/airflow/.local/lib/python3.12/site-packages/airflow/example_dags/example_dag_decorator.py took 0.347 seconds
[2025-02-26T01:43:12.401+0000] {processor.py:161} INFO - Started process (PID=2870) to work on /home/airflow/.local/lib/python3.12/site-packages/airflow/example_dags/example_dag_decorator.py
[2025-02-26T01:43:12.402+0000] {processor.py:830} INFO - Processing file /home/airflow/.local/lib/python3.12/site-packages/airflow/example_dags/example_dag_decorator.py for tasks to queue
[2025-02-26T01:43:12.405+0000] {logging_mixin.py:188} INFO - [2025-02-26T01:43:12.405+0000] {dagbag.py:540} INFO - Filling up the DagBag from /home/airflow/.local/lib/python3.12/site-packages/airflow/example_dags/example_dag_decorator.py
[2025-02-26T01:43:12.527+0000] {processor.py:840} INFO - DAG(s) 'example_dag_decorator' retrieved from /home/airflow/.local/lib/python3.12/site-packages/airflow/example_dags/example_dag_decorator.py
[2025-02-26T01:43:12.710+0000] {logging_mixin.py:188} INFO - [2025-02-26T01:43:12.709+0000] {dag.py:3096} INFO - Sync 1 DAGs
[2025-02-26T01:43:12.726+0000] {logging_mixin.py:188} INFO - [2025-02-26T01:43:12.726+0000] {dag.py:3954} INFO - Setting next_dagrun for example_dag_decorator to None, run_after=None
[2025-02-26T01:43:12.751+0000] {processor.py:183} INFO - Processing /home/airflow/.local/lib/python3.12/site-packages/airflow/example_dags/example_dag_decorator.py took 0.361 seconds
[2025-02-26T01:43:42.820+0000] {processor.py:161} INFO - Started process (PID=2929) to work on /home/airflow/.local/lib/python3.12/site-packages/airflow/example_dags/example_dag_decorator.py
[2025-02-26T01:43:42.821+0000] {processor.py:830} INFO - Processing file /home/airflow/.local/lib/python3.12/site-packages/airflow/example_dags/example_dag_decorator.py for tasks to queue
[2025-02-26T01:43:42.823+0000] {logging_mixin.py:188} INFO - [2025-02-26T01:43:42.823+0000] {dagbag.py:540} INFO - Filling up the DagBag from /home/airflow/.local/lib/python3.12/site-packages/airflow/example_dags/example_dag_decorator.py
[2025-02-26T01:43:42.926+0000] {processor.py:840} INFO - DAG(s) 'example_dag_decorator' retrieved from /home/airflow/.local/lib/python3.12/site-packages/airflow/example_dags/example_dag_decorator.py
[2025-02-26T01:43:43.036+0000] {logging_mixin.py:188} INFO - [2025-02-26T01:43:43.035+0000] {dag.py:3096} INFO - Sync 1 DAGs
[2025-02-26T01:43:43.047+0000] {logging_mixin.py:188} INFO - [2025-02-26T01:43:43.047+0000] {dag.py:3954} INFO - Setting next_dagrun for example_dag_decorator to None, run_after=None
[2025-02-26T01:43:43.068+0000] {processor.py:183} INFO - Processing /home/airflow/.local/lib/python3.12/site-packages/airflow/example_dags/example_dag_decorator.py took 0.256 seconds
[2025-02-26T01:44:13.124+0000] {processor.py:161} INFO - Started process (PID=2989) to work on /home/airflow/.local/lib/python3.12/site-packages/airflow/example_dags/example_dag_decorator.py
[2025-02-26T01:44:13.125+0000] {processor.py:830} INFO - Processing file /home/airflow/.local/lib/python3.12/site-packages/airflow/example_dags/example_dag_decorator.py for tasks to queue
[2025-02-26T01:44:13.127+0000] {logging_mixin.py:188} INFO - [2025-02-26T01:44:13.127+0000] {dagbag.py:540} INFO - Filling up the DagBag from /home/airflow/.local/lib/python3.12/site-packages/airflow/example_dags/example_dag_decorator.py
[2025-02-26T01:44:13.238+0000] {processor.py:840} INFO - DAG(s) 'example_dag_decorator' retrieved from /home/airflow/.local/lib/python3.12/site-packages/airflow/example_dags/example_dag_decorator.py
[2025-02-26T01:44:13.348+0000] {logging_mixin.py:188} INFO - [2025-02-26T01:44:13.348+0000] {dag.py:3096} INFO - Sync 1 DAGs
[2025-02-26T01:44:13.360+0000] {logging_mixin.py:188} INFO - [2025-02-26T01:44:13.360+0000] {dag.py:3954} INFO - Setting next_dagrun for example_dag_decorator to None, run_after=None
[2025-02-26T01:44:13.380+0000] {processor.py:183} INFO - Processing /home/airflow/.local/lib/python3.12/site-packages/airflow/example_dags/example_dag_decorator.py took 0.262 seconds
[2025-02-26T01:44:43.825+0000] {processor.py:161} INFO - Started process (PID=3049) to work on /home/airflow/.local/lib/python3.12/site-packages/airflow/example_dags/example_dag_decorator.py
[2025-02-26T01:44:43.826+0000] {processor.py:830} INFO - Processing file /home/airflow/.local/lib/python3.12/site-packages/airflow/example_dags/example_dag_decorator.py for tasks to queue
[2025-02-26T01:44:43.830+0000] {logging_mixin.py:188} INFO - [2025-02-26T01:44:43.829+0000] {dagbag.py:540} INFO - Filling up the DagBag from /home/airflow/.local/lib/python3.12/site-packages/airflow/example_dags/example_dag_decorator.py
[2025-02-26T01:44:43.988+0000] {processor.py:840} INFO - DAG(s) 'example_dag_decorator' retrieved from /home/airflow/.local/lib/python3.12/site-packages/airflow/example_dags/example_dag_decorator.py
[2025-02-26T01:44:44.016+0000] {logging_mixin.py:188} INFO - [2025-02-26T01:44:44.016+0000] {dag.py:3096} INFO - Sync 1 DAGs
[2025-02-26T01:44:44.029+0000] {logging_mixin.py:188} INFO - [2025-02-26T01:44:44.029+0000] {dag.py:3954} INFO - Setting next_dagrun for example_dag_decorator to None, run_after=None
[2025-02-26T01:44:44.052+0000] {processor.py:183} INFO - Processing /home/airflow/.local/lib/python3.12/site-packages/airflow/example_dags/example_dag_decorator.py took 0.237 seconds
[2025-02-26T01:45:14.285+0000] {processor.py:161} INFO - Started process (PID=3109) to work on /home/airflow/.local/lib/python3.12/site-packages/airflow/example_dags/example_dag_decorator.py
[2025-02-26T01:45:14.289+0000] {processor.py:830} INFO - Processing file /home/airflow/.local/lib/python3.12/site-packages/airflow/example_dags/example_dag_decorator.py for tasks to queue
[2025-02-26T01:45:14.291+0000] {logging_mixin.py:188} INFO - [2025-02-26T01:45:14.291+0000] {dagbag.py:540} INFO - Filling up the DagBag from /home/airflow/.local/lib/python3.12/site-packages/airflow/example_dags/example_dag_decorator.py
[2025-02-26T01:45:14.407+0000] {processor.py:840} INFO - DAG(s) 'example_dag_decorator' retrieved from /home/airflow/.local/lib/python3.12/site-packages/airflow/example_dags/example_dag_decorator.py
[2025-02-26T01:45:14.534+0000] {logging_mixin.py:188} INFO - [2025-02-26T01:45:14.534+0000] {dag.py:3096} INFO - Sync 1 DAGs
[2025-02-26T01:45:14.548+0000] {logging_mixin.py:188} INFO - [2025-02-26T01:45:14.548+0000] {dag.py:3954} INFO - Setting next_dagrun for example_dag_decorator to None, run_after=None
[2025-02-26T01:45:14.572+0000] {processor.py:183} INFO - Processing /home/airflow/.local/lib/python3.12/site-packages/airflow/example_dags/example_dag_decorator.py took 0.293 seconds
[2025-02-26T01:45:44.707+0000] {processor.py:161} INFO - Started process (PID=3169) to work on /home/airflow/.local/lib/python3.12/site-packages/airflow/example_dags/example_dag_decorator.py
[2025-02-26T01:45:44.708+0000] {processor.py:830} INFO - Processing file /home/airflow/.local/lib/python3.12/site-packages/airflow/example_dags/example_dag_decorator.py for tasks to queue
[2025-02-26T01:45:44.710+0000] {logging_mixin.py:188} INFO - [2025-02-26T01:45:44.710+0000] {dagbag.py:540} INFO - Filling up the DagBag from /home/airflow/.local/lib/python3.12/site-packages/airflow/example_dags/example_dag_decorator.py
[2025-02-26T01:45:44.816+0000] {processor.py:840} INFO - DAG(s) 'example_dag_decorator' retrieved from /home/airflow/.local/lib/python3.12/site-packages/airflow/example_dags/example_dag_decorator.py
[2025-02-26T01:45:44.931+0000] {logging_mixin.py:188} INFO - [2025-02-26T01:45:44.931+0000] {dag.py:3096} INFO - Sync 1 DAGs
[2025-02-26T01:45:44.942+0000] {logging_mixin.py:188} INFO - [2025-02-26T01:45:44.942+0000] {dag.py:3954} INFO - Setting next_dagrun for example_dag_decorator to None, run_after=None
[2025-02-26T01:45:44.965+0000] {processor.py:183} INFO - Processing /home/airflow/.local/lib/python3.12/site-packages/airflow/example_dags/example_dag_decorator.py took 0.265 seconds
[2025-02-26T01:46:15.851+0000] {processor.py:161} INFO - Started process (PID=3230) to work on /home/airflow/.local/lib/python3.12/site-packages/airflow/example_dags/example_dag_decorator.py
[2025-02-26T01:46:15.853+0000] {processor.py:830} INFO - Processing file /home/airflow/.local/lib/python3.12/site-packages/airflow/example_dags/example_dag_decorator.py for tasks to queue
[2025-02-26T01:46:15.855+0000] {logging_mixin.py:188} INFO - [2025-02-26T01:46:15.854+0000] {dagbag.py:540} INFO - Filling up the DagBag from /home/airflow/.local/lib/python3.12/site-packages/airflow/example_dags/example_dag_decorator.py
[2025-02-26T01:46:15.949+0000] {processor.py:840} INFO - DAG(s) 'example_dag_decorator' retrieved from /home/airflow/.local/lib/python3.12/site-packages/airflow/example_dags/example_dag_decorator.py
[2025-02-26T01:46:16.055+0000] {logging_mixin.py:188} INFO - [2025-02-26T01:46:16.054+0000] {dag.py:3096} INFO - Sync 1 DAGs
[2025-02-26T01:46:16.065+0000] {logging_mixin.py:188} INFO - [2025-02-26T01:46:16.065+0000] {dag.py:3954} INFO - Setting next_dagrun for example_dag_decorator to None, run_after=None
[2025-02-26T01:46:16.085+0000] {processor.py:183} INFO - Processing /home/airflow/.local/lib/python3.12/site-packages/airflow/example_dags/example_dag_decorator.py took 0.241 seconds
[2025-02-26T01:46:46.538+0000] {processor.py:161} INFO - Started process (PID=3291) to work on /home/airflow/.local/lib/python3.12/site-packages/airflow/example_dags/example_dag_decorator.py
[2025-02-26T01:46:46.539+0000] {processor.py:830} INFO - Processing file /home/airflow/.local/lib/python3.12/site-packages/airflow/example_dags/example_dag_decorator.py for tasks to queue
[2025-02-26T01:46:46.542+0000] {logging_mixin.py:188} INFO - [2025-02-26T01:46:46.541+0000] {dagbag.py:540} INFO - Filling up the DagBag from /home/airflow/.local/lib/python3.12/site-packages/airflow/example_dags/example_dag_decorator.py
[2025-02-26T01:46:46.652+0000] {processor.py:840} INFO - DAG(s) 'example_dag_decorator' retrieved from /home/airflow/.local/lib/python3.12/site-packages/airflow/example_dags/example_dag_decorator.py
[2025-02-26T01:46:46.825+0000] {logging_mixin.py:188} INFO - [2025-02-26T01:46:46.825+0000] {dag.py:3096} INFO - Sync 1 DAGs
[2025-02-26T01:46:46.841+0000] {logging_mixin.py:188} INFO - [2025-02-26T01:46:46.840+0000] {dag.py:3954} INFO - Setting next_dagrun for example_dag_decorator to None, run_after=None
[2025-02-26T01:46:46.867+0000] {processor.py:183} INFO - Processing /home/airflow/.local/lib/python3.12/site-packages/airflow/example_dags/example_dag_decorator.py took 0.339 seconds
[2025-02-26T01:47:17.161+0000] {processor.py:161} INFO - Started process (PID=3351) to work on /home/airflow/.local/lib/python3.12/site-packages/airflow/example_dags/example_dag_decorator.py
[2025-02-26T01:47:17.162+0000] {processor.py:830} INFO - Processing file /home/airflow/.local/lib/python3.12/site-packages/airflow/example_dags/example_dag_decorator.py for tasks to queue
[2025-02-26T01:47:17.168+0000] {logging_mixin.py:188} INFO - [2025-02-26T01:47:17.166+0000] {dagbag.py:540} INFO - Filling up the DagBag from /home/airflow/.local/lib/python3.12/site-packages/airflow/example_dags/example_dag_decorator.py
[2025-02-26T01:47:17.274+0000] {processor.py:840} INFO - DAG(s) 'example_dag_decorator' retrieved from /home/airflow/.local/lib/python3.12/site-packages/airflow/example_dags/example_dag_decorator.py
[2025-02-26T01:47:17.296+0000] {logging_mixin.py:188} INFO - [2025-02-26T01:47:17.296+0000] {dag.py:3096} INFO - Sync 1 DAGs
[2025-02-26T01:47:17.311+0000] {logging_mixin.py:188} INFO - [2025-02-26T01:47:17.310+0000] {dag.py:3954} INFO - Setting next_dagrun for example_dag_decorator to None, run_after=None
[2025-02-26T01:47:17.330+0000] {processor.py:183} INFO - Processing /home/airflow/.local/lib/python3.12/site-packages/airflow/example_dags/example_dag_decorator.py took 0.183 seconds
[2025-02-26T01:47:47.946+0000] {processor.py:161} INFO - Started process (PID=3411) to work on /home/airflow/.local/lib/python3.12/site-packages/airflow/example_dags/example_dag_decorator.py
[2025-02-26T01:47:47.947+0000] {processor.py:830} INFO - Processing file /home/airflow/.local/lib/python3.12/site-packages/airflow/example_dags/example_dag_decorator.py for tasks to queue
[2025-02-26T01:47:47.949+0000] {logging_mixin.py:188} INFO - [2025-02-26T01:47:47.949+0000] {dagbag.py:540} INFO - Filling up the DagBag from /home/airflow/.local/lib/python3.12/site-packages/airflow/example_dags/example_dag_decorator.py
[2025-02-26T01:47:48.059+0000] {processor.py:840} INFO - DAG(s) 'example_dag_decorator' retrieved from /home/airflow/.local/lib/python3.12/site-packages/airflow/example_dags/example_dag_decorator.py
[2025-02-26T01:47:48.188+0000] {logging_mixin.py:188} INFO - [2025-02-26T01:47:48.188+0000] {dag.py:3096} INFO - Sync 1 DAGs
[2025-02-26T01:47:48.200+0000] {logging_mixin.py:188} INFO - [2025-02-26T01:47:48.200+0000] {dag.py:3954} INFO - Setting next_dagrun for example_dag_decorator to None, run_after=None
[2025-02-26T01:47:48.221+0000] {processor.py:183} INFO - Processing /home/airflow/.local/lib/python3.12/site-packages/airflow/example_dags/example_dag_decorator.py took 0.282 seconds
