[2025-02-26T01:14:27.798+0000] {processor.py:161} INFO - Started process (PID=84) to work on /home/airflow/.local/lib/python3.12/site-packages/airflow/example_dags/example_short_circuit_operator.py
[2025-02-26T01:14:27.802+0000] {processor.py:830} INFO - Processing file /home/airflow/.local/lib/python3.12/site-packages/airflow/example_dags/example_short_circuit_operator.py for tasks to queue
[2025-02-26T01:14:27.809+0000] {logging_mixin.py:188} INFO - [2025-02-26T01:14:27.808+0000] {dagbag.py:540} INFO - Filling up the DagBag from /home/airflow/.local/lib/python3.12/site-packages/airflow/example_dags/example_short_circuit_operator.py
[2025-02-26T01:14:27.845+0000] {processor.py:840} INFO - DAG(s) 'example_short_circuit_operator' retrieved from /home/airflow/.local/lib/python3.12/site-packages/airflow/example_dags/example_short_circuit_operator.py
[2025-02-26T01:14:27.905+0000] {logging_mixin.py:188} INFO - [2025-02-26T01:14:27.904+0000] {dag.py:3096} INFO - Sync 1 DAGs
[2025-02-26T01:14:28.018+0000] {logging_mixin.py:188} INFO - [2025-02-26T01:14:28.018+0000] {dag.py:3954} INFO - Setting next_dagrun for example_short_circuit_operator to 2025-02-25 00:00:00+00:00, run_after=2025-02-26 00:00:00+00:00
[2025-02-26T01:14:28.290+0000] {processor.py:183} INFO - Processing /home/airflow/.local/lib/python3.12/site-packages/airflow/example_dags/example_short_circuit_operator.py took 0.506 seconds
[2025-02-26T01:19:10.295+0000] {processor.py:161} INFO - Started process (PID=73) to work on /home/airflow/.local/lib/python3.12/site-packages/airflow/example_dags/example_short_circuit_operator.py
[2025-02-26T01:19:10.319+0000] {processor.py:830} INFO - Processing file /home/airflow/.local/lib/python3.12/site-packages/airflow/example_dags/example_short_circuit_operator.py for tasks to queue
[2025-02-26T01:19:10.321+0000] {logging_mixin.py:188} INFO - [2025-02-26T01:19:10.321+0000] {dagbag.py:540} INFO - Filling up the DagBag from /home/airflow/.local/lib/python3.12/site-packages/airflow/example_dags/example_short_circuit_operator.py
[2025-02-26T01:19:10.366+0000] {processor.py:840} INFO - DAG(s) 'example_short_circuit_operator' retrieved from /home/airflow/.local/lib/python3.12/site-packages/airflow/example_dags/example_short_circuit_operator.py
[2025-02-26T01:19:10.531+0000] {logging_mixin.py:188} INFO - [2025-02-26T01:19:10.531+0000] {dag.py:3096} INFO - Sync 1 DAGs
[2025-02-26T01:19:10.554+0000] {logging_mixin.py:188} INFO - [2025-02-26T01:19:10.554+0000] {dag.py:3954} INFO - Setting next_dagrun for example_short_circuit_operator to 2025-02-25 00:00:00+00:00, run_after=2025-02-26 00:00:00+00:00
[2025-02-26T01:19:11.368+0000] {processor.py:183} INFO - Processing /home/airflow/.local/lib/python3.12/site-packages/airflow/example_dags/example_short_circuit_operator.py took 1.079 seconds
[2025-02-26T01:19:42.051+0000] {processor.py:161} INFO - Started process (PID=127) to work on /home/airflow/.local/lib/python3.12/site-packages/airflow/example_dags/example_short_circuit_operator.py
[2025-02-26T01:19:42.052+0000] {processor.py:830} INFO - Processing file /home/airflow/.local/lib/python3.12/site-packages/airflow/example_dags/example_short_circuit_operator.py for tasks to queue
[2025-02-26T01:19:42.054+0000] {logging_mixin.py:188} INFO - [2025-02-26T01:19:42.054+0000] {dagbag.py:540} INFO - Filling up the DagBag from /home/airflow/.local/lib/python3.12/site-packages/airflow/example_dags/example_short_circuit_operator.py
[2025-02-26T01:19:42.062+0000] {processor.py:840} INFO - DAG(s) 'example_short_circuit_operator' retrieved from /home/airflow/.local/lib/python3.12/site-packages/airflow/example_dags/example_short_circuit_operator.py
[2025-02-26T01:19:42.090+0000] {logging_mixin.py:188} INFO - [2025-02-26T01:19:42.089+0000] {dag.py:3096} INFO - Sync 1 DAGs
[2025-02-26T01:19:42.116+0000] {logging_mixin.py:188} INFO - [2025-02-26T01:19:42.115+0000] {dag.py:3954} INFO - Setting next_dagrun for example_short_circuit_operator to 2025-02-25 00:00:00+00:00, run_after=2025-02-26 00:00:00+00:00
[2025-02-26T01:19:42.138+0000] {processor.py:183} INFO - Processing /home/airflow/.local/lib/python3.12/site-packages/airflow/example_dags/example_short_circuit_operator.py took 0.093 seconds
[2025-02-26T01:20:12.359+0000] {processor.py:161} INFO - Started process (PID=187) to work on /home/airflow/.local/lib/python3.12/site-packages/airflow/example_dags/example_short_circuit_operator.py
[2025-02-26T01:20:12.361+0000] {processor.py:830} INFO - Processing file /home/airflow/.local/lib/python3.12/site-packages/airflow/example_dags/example_short_circuit_operator.py for tasks to queue
[2025-02-26T01:20:12.363+0000] {logging_mixin.py:188} INFO - [2025-02-26T01:20:12.362+0000] {dagbag.py:540} INFO - Filling up the DagBag from /home/airflow/.local/lib/python3.12/site-packages/airflow/example_dags/example_short_circuit_operator.py
[2025-02-26T01:20:12.371+0000] {processor.py:840} INFO - DAG(s) 'example_short_circuit_operator' retrieved from /home/airflow/.local/lib/python3.12/site-packages/airflow/example_dags/example_short_circuit_operator.py
[2025-02-26T01:20:12.397+0000] {logging_mixin.py:188} INFO - [2025-02-26T01:20:12.396+0000] {dag.py:3096} INFO - Sync 1 DAGs
[2025-02-26T01:20:12.419+0000] {logging_mixin.py:188} INFO - [2025-02-26T01:20:12.419+0000] {dag.py:3954} INFO - Setting next_dagrun for example_short_circuit_operator to 2025-02-25 00:00:00+00:00, run_after=2025-02-26 00:00:00+00:00
[2025-02-26T01:20:12.441+0000] {processor.py:183} INFO - Processing /home/airflow/.local/lib/python3.12/site-packages/airflow/example_dags/example_short_circuit_operator.py took 0.088 seconds
[2025-02-26T01:20:42.523+0000] {processor.py:161} INFO - Started process (PID=246) to work on /home/airflow/.local/lib/python3.12/site-packages/airflow/example_dags/example_short_circuit_operator.py
[2025-02-26T01:20:42.528+0000] {processor.py:830} INFO - Processing file /home/airflow/.local/lib/python3.12/site-packages/airflow/example_dags/example_short_circuit_operator.py for tasks to queue
[2025-02-26T01:20:42.533+0000] {logging_mixin.py:188} INFO - [2025-02-26T01:20:42.532+0000] {dagbag.py:540} INFO - Filling up the DagBag from /home/airflow/.local/lib/python3.12/site-packages/airflow/example_dags/example_short_circuit_operator.py
[2025-02-26T01:20:42.568+0000] {processor.py:840} INFO - DAG(s) 'example_short_circuit_operator' retrieved from /home/airflow/.local/lib/python3.12/site-packages/airflow/example_dags/example_short_circuit_operator.py
[2025-02-26T01:20:42.683+0000] {logging_mixin.py:188} INFO - [2025-02-26T01:20:42.682+0000] {dag.py:3096} INFO - Sync 1 DAGs
[2025-02-26T01:20:42.750+0000] {logging_mixin.py:188} INFO - [2025-02-26T01:20:42.749+0000] {dag.py:3954} INFO - Setting next_dagrun for example_short_circuit_operator to 2025-02-25 00:00:00+00:00, run_after=2025-02-26 00:00:00+00:00
[2025-02-26T01:20:42.799+0000] {processor.py:183} INFO - Processing /home/airflow/.local/lib/python3.12/site-packages/airflow/example_dags/example_short_circuit_operator.py took 0.295 seconds
[2025-02-26T01:21:21.671+0000] {processor.py:161} INFO - Started process (PID=313) to work on /home/airflow/.local/lib/python3.12/site-packages/airflow/example_dags/example_short_circuit_operator.py
[2025-02-26T01:21:21.672+0000] {processor.py:830} INFO - Processing file /home/airflow/.local/lib/python3.12/site-packages/airflow/example_dags/example_short_circuit_operator.py for tasks to queue
[2025-02-26T01:21:21.675+0000] {logging_mixin.py:188} INFO - [2025-02-26T01:21:21.675+0000] {dagbag.py:540} INFO - Filling up the DagBag from /home/airflow/.local/lib/python3.12/site-packages/airflow/example_dags/example_short_circuit_operator.py
[2025-02-26T01:21:21.685+0000] {processor.py:840} INFO - DAG(s) 'example_short_circuit_operator' retrieved from /home/airflow/.local/lib/python3.12/site-packages/airflow/example_dags/example_short_circuit_operator.py
[2025-02-26T01:21:21.722+0000] {logging_mixin.py:188} INFO - [2025-02-26T01:21:21.722+0000] {dag.py:3096} INFO - Sync 1 DAGs
[2025-02-26T01:21:21.749+0000] {logging_mixin.py:188} INFO - [2025-02-26T01:21:21.749+0000] {dag.py:3954} INFO - Setting next_dagrun for example_short_circuit_operator to 2025-02-25 00:00:00+00:00, run_after=2025-02-26 00:00:00+00:00
[2025-02-26T01:21:21.774+0000] {processor.py:183} INFO - Processing /home/airflow/.local/lib/python3.12/site-packages/airflow/example_dags/example_short_circuit_operator.py took 0.111 seconds
[2025-02-26T01:21:54.493+0000] {processor.py:161} INFO - Started process (PID=373) to work on /home/airflow/.local/lib/python3.12/site-packages/airflow/example_dags/example_short_circuit_operator.py
[2025-02-26T01:21:54.524+0000] {processor.py:830} INFO - Processing file /home/airflow/.local/lib/python3.12/site-packages/airflow/example_dags/example_short_circuit_operator.py for tasks to queue
[2025-02-26T01:21:54.528+0000] {logging_mixin.py:188} INFO - [2025-02-26T01:21:54.527+0000] {dagbag.py:540} INFO - Filling up the DagBag from /home/airflow/.local/lib/python3.12/site-packages/airflow/example_dags/example_short_circuit_operator.py
[2025-02-26T01:21:54.543+0000] {processor.py:840} INFO - DAG(s) 'example_short_circuit_operator' retrieved from /home/airflow/.local/lib/python3.12/site-packages/airflow/example_dags/example_short_circuit_operator.py
[2025-02-26T01:21:54.575+0000] {logging_mixin.py:188} INFO - [2025-02-26T01:21:54.575+0000] {dag.py:3096} INFO - Sync 1 DAGs
[2025-02-26T01:21:54.656+0000] {logging_mixin.py:188} INFO - [2025-02-26T01:21:54.655+0000] {dag.py:3954} INFO - Setting next_dagrun for example_short_circuit_operator to 2025-02-25 00:00:00+00:00, run_after=2025-02-26 00:00:00+00:00
[2025-02-26T01:21:54.810+0000] {processor.py:183} INFO - Processing /home/airflow/.local/lib/python3.12/site-packages/airflow/example_dags/example_short_circuit_operator.py took 0.326 seconds
[2025-02-26T01:22:24.981+0000] {processor.py:161} INFO - Started process (PID=433) to work on /home/airflow/.local/lib/python3.12/site-packages/airflow/example_dags/example_short_circuit_operator.py
[2025-02-26T01:22:24.982+0000] {processor.py:830} INFO - Processing file /home/airflow/.local/lib/python3.12/site-packages/airflow/example_dags/example_short_circuit_operator.py for tasks to queue
[2025-02-26T01:22:24.984+0000] {logging_mixin.py:188} INFO - [2025-02-26T01:22:24.984+0000] {dagbag.py:540} INFO - Filling up the DagBag from /home/airflow/.local/lib/python3.12/site-packages/airflow/example_dags/example_short_circuit_operator.py
[2025-02-26T01:22:24.993+0000] {processor.py:840} INFO - DAG(s) 'example_short_circuit_operator' retrieved from /home/airflow/.local/lib/python3.12/site-packages/airflow/example_dags/example_short_circuit_operator.py
[2025-02-26T01:22:25.028+0000] {logging_mixin.py:188} INFO - [2025-02-26T01:22:25.027+0000] {dag.py:3096} INFO - Sync 1 DAGs
[2025-02-26T01:22:25.057+0000] {logging_mixin.py:188} INFO - [2025-02-26T01:22:25.057+0000] {dag.py:3954} INFO - Setting next_dagrun for example_short_circuit_operator to 2025-02-25 00:00:00+00:00, run_after=2025-02-26 00:00:00+00:00
[2025-02-26T01:22:25.082+0000] {processor.py:183} INFO - Processing /home/airflow/.local/lib/python3.12/site-packages/airflow/example_dags/example_short_circuit_operator.py took 0.109 seconds
[2025-02-26T01:22:55.215+0000] {processor.py:161} INFO - Started process (PID=493) to work on /home/airflow/.local/lib/python3.12/site-packages/airflow/example_dags/example_short_circuit_operator.py
[2025-02-26T01:22:55.216+0000] {processor.py:830} INFO - Processing file /home/airflow/.local/lib/python3.12/site-packages/airflow/example_dags/example_short_circuit_operator.py for tasks to queue
[2025-02-26T01:22:55.219+0000] {logging_mixin.py:188} INFO - [2025-02-26T01:22:55.218+0000] {dagbag.py:540} INFO - Filling up the DagBag from /home/airflow/.local/lib/python3.12/site-packages/airflow/example_dags/example_short_circuit_operator.py
[2025-02-26T01:22:55.229+0000] {processor.py:840} INFO - DAG(s) 'example_short_circuit_operator' retrieved from /home/airflow/.local/lib/python3.12/site-packages/airflow/example_dags/example_short_circuit_operator.py
[2025-02-26T01:22:55.263+0000] {logging_mixin.py:188} INFO - [2025-02-26T01:22:55.263+0000] {dag.py:3096} INFO - Sync 1 DAGs
[2025-02-26T01:22:55.298+0000] {logging_mixin.py:188} INFO - [2025-02-26T01:22:55.298+0000] {dag.py:3954} INFO - Setting next_dagrun for example_short_circuit_operator to 2025-02-25 00:00:00+00:00, run_after=2025-02-26 00:00:00+00:00
[2025-02-26T01:22:55.319+0000] {processor.py:183} INFO - Processing /home/airflow/.local/lib/python3.12/site-packages/airflow/example_dags/example_short_circuit_operator.py took 0.113 seconds
[2025-02-26T01:23:26.433+0000] {processor.py:161} INFO - Started process (PID=553) to work on /home/airflow/.local/lib/python3.12/site-packages/airflow/example_dags/example_short_circuit_operator.py
[2025-02-26T01:23:26.434+0000] {processor.py:830} INFO - Processing file /home/airflow/.local/lib/python3.12/site-packages/airflow/example_dags/example_short_circuit_operator.py for tasks to queue
[2025-02-26T01:23:26.436+0000] {logging_mixin.py:188} INFO - [2025-02-26T01:23:26.436+0000] {dagbag.py:540} INFO - Filling up the DagBag from /home/airflow/.local/lib/python3.12/site-packages/airflow/example_dags/example_short_circuit_operator.py
[2025-02-26T01:23:26.444+0000] {processor.py:840} INFO - DAG(s) 'example_short_circuit_operator' retrieved from /home/airflow/.local/lib/python3.12/site-packages/airflow/example_dags/example_short_circuit_operator.py
[2025-02-26T01:23:26.468+0000] {logging_mixin.py:188} INFO - [2025-02-26T01:23:26.468+0000] {dag.py:3096} INFO - Sync 1 DAGs
[2025-02-26T01:23:26.495+0000] {logging_mixin.py:188} INFO - [2025-02-26T01:23:26.495+0000] {dag.py:3954} INFO - Setting next_dagrun for example_short_circuit_operator to 2025-02-25 00:00:00+00:00, run_after=2025-02-26 00:00:00+00:00
[2025-02-26T01:23:26.522+0000] {processor.py:183} INFO - Processing /home/airflow/.local/lib/python3.12/site-packages/airflow/example_dags/example_short_circuit_operator.py took 0.095 seconds
[2025-02-26T01:23:57.780+0000] {processor.py:161} INFO - Started process (PID=613) to work on /home/airflow/.local/lib/python3.12/site-packages/airflow/example_dags/example_short_circuit_operator.py
[2025-02-26T01:23:57.781+0000] {processor.py:830} INFO - Processing file /home/airflow/.local/lib/python3.12/site-packages/airflow/example_dags/example_short_circuit_operator.py for tasks to queue
[2025-02-26T01:23:57.783+0000] {logging_mixin.py:188} INFO - [2025-02-26T01:23:57.783+0000] {dagbag.py:540} INFO - Filling up the DagBag from /home/airflow/.local/lib/python3.12/site-packages/airflow/example_dags/example_short_circuit_operator.py
[2025-02-26T01:23:57.793+0000] {processor.py:840} INFO - DAG(s) 'example_short_circuit_operator' retrieved from /home/airflow/.local/lib/python3.12/site-packages/airflow/example_dags/example_short_circuit_operator.py
[2025-02-26T01:23:57.822+0000] {logging_mixin.py:188} INFO - [2025-02-26T01:23:57.821+0000] {dag.py:3096} INFO - Sync 1 DAGs
[2025-02-26T01:23:57.846+0000] {logging_mixin.py:188} INFO - [2025-02-26T01:23:57.846+0000] {dag.py:3954} INFO - Setting next_dagrun for example_short_circuit_operator to 2025-02-25 00:00:00+00:00, run_after=2025-02-26 00:00:00+00:00
[2025-02-26T01:23:57.872+0000] {processor.py:183} INFO - Processing /home/airflow/.local/lib/python3.12/site-packages/airflow/example_dags/example_short_circuit_operator.py took 0.098 seconds
[2025-02-26T01:24:27.976+0000] {processor.py:161} INFO - Started process (PID=673) to work on /home/airflow/.local/lib/python3.12/site-packages/airflow/example_dags/example_short_circuit_operator.py
[2025-02-26T01:24:27.978+0000] {processor.py:830} INFO - Processing file /home/airflow/.local/lib/python3.12/site-packages/airflow/example_dags/example_short_circuit_operator.py for tasks to queue
[2025-02-26T01:24:27.980+0000] {logging_mixin.py:188} INFO - [2025-02-26T01:24:27.980+0000] {dagbag.py:540} INFO - Filling up the DagBag from /home/airflow/.local/lib/python3.12/site-packages/airflow/example_dags/example_short_circuit_operator.py
[2025-02-26T01:24:27.988+0000] {processor.py:840} INFO - DAG(s) 'example_short_circuit_operator' retrieved from /home/airflow/.local/lib/python3.12/site-packages/airflow/example_dags/example_short_circuit_operator.py
[2025-02-26T01:24:28.015+0000] {logging_mixin.py:188} INFO - [2025-02-26T01:24:28.014+0000] {dag.py:3096} INFO - Sync 1 DAGs
[2025-02-26T01:24:28.045+0000] {logging_mixin.py:188} INFO - [2025-02-26T01:24:28.044+0000] {dag.py:3954} INFO - Setting next_dagrun for example_short_circuit_operator to 2025-02-25 00:00:00+00:00, run_after=2025-02-26 00:00:00+00:00
[2025-02-26T01:24:28.075+0000] {processor.py:183} INFO - Processing /home/airflow/.local/lib/python3.12/site-packages/airflow/example_dags/example_short_circuit_operator.py took 0.105 seconds
[2025-02-26T01:24:58.137+0000] {processor.py:161} INFO - Started process (PID=731) to work on /home/airflow/.local/lib/python3.12/site-packages/airflow/example_dags/example_short_circuit_operator.py
[2025-02-26T01:24:58.139+0000] {processor.py:830} INFO - Processing file /home/airflow/.local/lib/python3.12/site-packages/airflow/example_dags/example_short_circuit_operator.py for tasks to queue
[2025-02-26T01:24:58.141+0000] {logging_mixin.py:188} INFO - [2025-02-26T01:24:58.141+0000] {dagbag.py:540} INFO - Filling up the DagBag from /home/airflow/.local/lib/python3.12/site-packages/airflow/example_dags/example_short_circuit_operator.py
[2025-02-26T01:24:58.149+0000] {processor.py:840} INFO - DAG(s) 'example_short_circuit_operator' retrieved from /home/airflow/.local/lib/python3.12/site-packages/airflow/example_dags/example_short_circuit_operator.py
[2025-02-26T01:24:58.175+0000] {logging_mixin.py:188} INFO - [2025-02-26T01:24:58.175+0000] {dag.py:3096} INFO - Sync 1 DAGs
[2025-02-26T01:24:58.199+0000] {logging_mixin.py:188} INFO - [2025-02-26T01:24:58.199+0000] {dag.py:3954} INFO - Setting next_dagrun for example_short_circuit_operator to 2025-02-25 00:00:00+00:00, run_after=2025-02-26 00:00:00+00:00
[2025-02-26T01:24:58.220+0000] {processor.py:183} INFO - Processing /home/airflow/.local/lib/python3.12/site-packages/airflow/example_dags/example_short_circuit_operator.py took 0.090 seconds
[2025-02-26T01:25:28.803+0000] {processor.py:161} INFO - Started process (PID=791) to work on /home/airflow/.local/lib/python3.12/site-packages/airflow/example_dags/example_short_circuit_operator.py
[2025-02-26T01:25:28.804+0000] {processor.py:830} INFO - Processing file /home/airflow/.local/lib/python3.12/site-packages/airflow/example_dags/example_short_circuit_operator.py for tasks to queue
[2025-02-26T01:25:28.806+0000] {logging_mixin.py:188} INFO - [2025-02-26T01:25:28.806+0000] {dagbag.py:540} INFO - Filling up the DagBag from /home/airflow/.local/lib/python3.12/site-packages/airflow/example_dags/example_short_circuit_operator.py
[2025-02-26T01:25:28.814+0000] {processor.py:840} INFO - DAG(s) 'example_short_circuit_operator' retrieved from /home/airflow/.local/lib/python3.12/site-packages/airflow/example_dags/example_short_circuit_operator.py
[2025-02-26T01:25:28.839+0000] {logging_mixin.py:188} INFO - [2025-02-26T01:25:28.839+0000] {dag.py:3096} INFO - Sync 1 DAGs
[2025-02-26T01:25:28.862+0000] {logging_mixin.py:188} INFO - [2025-02-26T01:25:28.862+0000] {dag.py:3954} INFO - Setting next_dagrun for example_short_circuit_operator to 2025-02-25 00:00:00+00:00, run_after=2025-02-26 00:00:00+00:00
[2025-02-26T01:25:28.899+0000] {processor.py:183} INFO - Processing /home/airflow/.local/lib/python3.12/site-packages/airflow/example_dags/example_short_circuit_operator.py took 0.102 seconds
[2025-02-26T01:25:58.956+0000] {processor.py:161} INFO - Started process (PID=851) to work on /home/airflow/.local/lib/python3.12/site-packages/airflow/example_dags/example_short_circuit_operator.py
[2025-02-26T01:25:58.957+0000] {processor.py:830} INFO - Processing file /home/airflow/.local/lib/python3.12/site-packages/airflow/example_dags/example_short_circuit_operator.py for tasks to queue
[2025-02-26T01:25:58.960+0000] {logging_mixin.py:188} INFO - [2025-02-26T01:25:58.959+0000] {dagbag.py:540} INFO - Filling up the DagBag from /home/airflow/.local/lib/python3.12/site-packages/airflow/example_dags/example_short_circuit_operator.py
[2025-02-26T01:25:58.969+0000] {processor.py:840} INFO - DAG(s) 'example_short_circuit_operator' retrieved from /home/airflow/.local/lib/python3.12/site-packages/airflow/example_dags/example_short_circuit_operator.py
[2025-02-26T01:25:58.995+0000] {logging_mixin.py:188} INFO - [2025-02-26T01:25:58.995+0000] {dag.py:3096} INFO - Sync 1 DAGs
[2025-02-26T01:25:59.031+0000] {logging_mixin.py:188} INFO - [2025-02-26T01:25:59.030+0000] {dag.py:3954} INFO - Setting next_dagrun for example_short_circuit_operator to 2025-02-25 00:00:00+00:00, run_after=2025-02-26 00:00:00+00:00
[2025-02-26T01:25:59.051+0000] {processor.py:183} INFO - Processing /home/airflow/.local/lib/python3.12/site-packages/airflow/example_dags/example_short_circuit_operator.py took 0.101 seconds
[2025-02-26T01:26:29.508+0000] {processor.py:161} INFO - Started process (PID=911) to work on /home/airflow/.local/lib/python3.12/site-packages/airflow/example_dags/example_short_circuit_operator.py
[2025-02-26T01:26:29.510+0000] {processor.py:830} INFO - Processing file /home/airflow/.local/lib/python3.12/site-packages/airflow/example_dags/example_short_circuit_operator.py for tasks to queue
[2025-02-26T01:26:29.512+0000] {logging_mixin.py:188} INFO - [2025-02-26T01:26:29.511+0000] {dagbag.py:540} INFO - Filling up the DagBag from /home/airflow/.local/lib/python3.12/site-packages/airflow/example_dags/example_short_circuit_operator.py
[2025-02-26T01:26:29.520+0000] {processor.py:840} INFO - DAG(s) 'example_short_circuit_operator' retrieved from /home/airflow/.local/lib/python3.12/site-packages/airflow/example_dags/example_short_circuit_operator.py
[2025-02-26T01:26:29.565+0000] {logging_mixin.py:188} INFO - [2025-02-26T01:26:29.564+0000] {dag.py:3096} INFO - Sync 1 DAGs
[2025-02-26T01:26:29.595+0000] {logging_mixin.py:188} INFO - [2025-02-26T01:26:29.595+0000] {dag.py:3954} INFO - Setting next_dagrun for example_short_circuit_operator to 2025-02-25 00:00:00+00:00, run_after=2025-02-26 00:00:00+00:00
[2025-02-26T01:26:29.616+0000] {processor.py:183} INFO - Processing /home/airflow/.local/lib/python3.12/site-packages/airflow/example_dags/example_short_circuit_operator.py took 0.115 seconds
[2025-02-26T01:27:00.030+0000] {processor.py:161} INFO - Started process (PID=971) to work on /home/airflow/.local/lib/python3.12/site-packages/airflow/example_dags/example_short_circuit_operator.py
[2025-02-26T01:27:00.032+0000] {processor.py:830} INFO - Processing file /home/airflow/.local/lib/python3.12/site-packages/airflow/example_dags/example_short_circuit_operator.py for tasks to queue
[2025-02-26T01:27:00.035+0000] {logging_mixin.py:188} INFO - [2025-02-26T01:27:00.034+0000] {dagbag.py:540} INFO - Filling up the DagBag from /home/airflow/.local/lib/python3.12/site-packages/airflow/example_dags/example_short_circuit_operator.py
[2025-02-26T01:27:00.052+0000] {processor.py:840} INFO - DAG(s) 'example_short_circuit_operator' retrieved from /home/airflow/.local/lib/python3.12/site-packages/airflow/example_dags/example_short_circuit_operator.py
[2025-02-26T01:27:00.086+0000] {logging_mixin.py:188} INFO - [2025-02-26T01:27:00.085+0000] {dag.py:3096} INFO - Sync 1 DAGs
[2025-02-26T01:27:00.110+0000] {logging_mixin.py:188} INFO - [2025-02-26T01:27:00.110+0000] {dag.py:3954} INFO - Setting next_dagrun for example_short_circuit_operator to 2025-02-25 00:00:00+00:00, run_after=2025-02-26 00:00:00+00:00
[2025-02-26T01:27:00.132+0000] {processor.py:183} INFO - Processing /home/airflow/.local/lib/python3.12/site-packages/airflow/example_dags/example_short_circuit_operator.py took 0.116 seconds
[2025-02-26T01:27:30.385+0000] {processor.py:161} INFO - Started process (PID=1031) to work on /home/airflow/.local/lib/python3.12/site-packages/airflow/example_dags/example_short_circuit_operator.py
[2025-02-26T01:27:30.387+0000] {processor.py:830} INFO - Processing file /home/airflow/.local/lib/python3.12/site-packages/airflow/example_dags/example_short_circuit_operator.py for tasks to queue
[2025-02-26T01:27:30.389+0000] {logging_mixin.py:188} INFO - [2025-02-26T01:27:30.388+0000] {dagbag.py:540} INFO - Filling up the DagBag from /home/airflow/.local/lib/python3.12/site-packages/airflow/example_dags/example_short_circuit_operator.py
[2025-02-26T01:27:30.400+0000] {processor.py:840} INFO - DAG(s) 'example_short_circuit_operator' retrieved from /home/airflow/.local/lib/python3.12/site-packages/airflow/example_dags/example_short_circuit_operator.py
[2025-02-26T01:27:30.427+0000] {logging_mixin.py:188} INFO - [2025-02-26T01:27:30.427+0000] {dag.py:3096} INFO - Sync 1 DAGs
[2025-02-26T01:27:30.457+0000] {logging_mixin.py:188} INFO - [2025-02-26T01:27:30.457+0000] {dag.py:3954} INFO - Setting next_dagrun for example_short_circuit_operator to 2025-02-25 00:00:00+00:00, run_after=2025-02-26 00:00:00+00:00
[2025-02-26T01:27:30.477+0000] {processor.py:183} INFO - Processing /home/airflow/.local/lib/python3.12/site-packages/airflow/example_dags/example_short_circuit_operator.py took 0.098 seconds
[2025-02-26T01:28:01.232+0000] {processor.py:161} INFO - Started process (PID=1091) to work on /home/airflow/.local/lib/python3.12/site-packages/airflow/example_dags/example_short_circuit_operator.py
[2025-02-26T01:28:01.234+0000] {processor.py:830} INFO - Processing file /home/airflow/.local/lib/python3.12/site-packages/airflow/example_dags/example_short_circuit_operator.py for tasks to queue
[2025-02-26T01:28:01.237+0000] {logging_mixin.py:188} INFO - [2025-02-26T01:28:01.236+0000] {dagbag.py:540} INFO - Filling up the DagBag from /home/airflow/.local/lib/python3.12/site-packages/airflow/example_dags/example_short_circuit_operator.py
[2025-02-26T01:28:01.250+0000] {processor.py:840} INFO - DAG(s) 'example_short_circuit_operator' retrieved from /home/airflow/.local/lib/python3.12/site-packages/airflow/example_dags/example_short_circuit_operator.py
[2025-02-26T01:28:01.287+0000] {logging_mixin.py:188} INFO - [2025-02-26T01:28:01.287+0000] {dag.py:3096} INFO - Sync 1 DAGs
[2025-02-26T01:28:01.327+0000] {logging_mixin.py:188} INFO - [2025-02-26T01:28:01.327+0000] {dag.py:3954} INFO - Setting next_dagrun for example_short_circuit_operator to 2025-02-25 00:00:00+00:00, run_after=2025-02-26 00:00:00+00:00
[2025-02-26T01:28:01.358+0000] {processor.py:183} INFO - Processing /home/airflow/.local/lib/python3.12/site-packages/airflow/example_dags/example_short_circuit_operator.py took 0.135 seconds
[2025-02-26T01:28:32.200+0000] {processor.py:161} INFO - Started process (PID=1151) to work on /home/airflow/.local/lib/python3.12/site-packages/airflow/example_dags/example_short_circuit_operator.py
[2025-02-26T01:28:32.201+0000] {processor.py:830} INFO - Processing file /home/airflow/.local/lib/python3.12/site-packages/airflow/example_dags/example_short_circuit_operator.py for tasks to queue
[2025-02-26T01:28:32.204+0000] {logging_mixin.py:188} INFO - [2025-02-26T01:28:32.203+0000] {dagbag.py:540} INFO - Filling up the DagBag from /home/airflow/.local/lib/python3.12/site-packages/airflow/example_dags/example_short_circuit_operator.py
[2025-02-26T01:28:32.212+0000] {processor.py:840} INFO - DAG(s) 'example_short_circuit_operator' retrieved from /home/airflow/.local/lib/python3.12/site-packages/airflow/example_dags/example_short_circuit_operator.py
[2025-02-26T01:28:32.238+0000] {logging_mixin.py:188} INFO - [2025-02-26T01:28:32.238+0000] {dag.py:3096} INFO - Sync 1 DAGs
[2025-02-26T01:28:32.268+0000] {logging_mixin.py:188} INFO - [2025-02-26T01:28:32.267+0000] {dag.py:3954} INFO - Setting next_dagrun for example_short_circuit_operator to 2025-02-25 00:00:00+00:00, run_after=2025-02-26 00:00:00+00:00
[2025-02-26T01:28:32.295+0000] {processor.py:183} INFO - Processing /home/airflow/.local/lib/python3.12/site-packages/airflow/example_dags/example_short_circuit_operator.py took 0.102 seconds
[2025-02-26T01:29:03.128+0000] {processor.py:161} INFO - Started process (PID=1211) to work on /home/airflow/.local/lib/python3.12/site-packages/airflow/example_dags/example_short_circuit_operator.py
[2025-02-26T01:29:03.130+0000] {processor.py:830} INFO - Processing file /home/airflow/.local/lib/python3.12/site-packages/airflow/example_dags/example_short_circuit_operator.py for tasks to queue
[2025-02-26T01:29:03.133+0000] {logging_mixin.py:188} INFO - [2025-02-26T01:29:03.132+0000] {dagbag.py:540} INFO - Filling up the DagBag from /home/airflow/.local/lib/python3.12/site-packages/airflow/example_dags/example_short_circuit_operator.py
[2025-02-26T01:29:03.142+0000] {processor.py:840} INFO - DAG(s) 'example_short_circuit_operator' retrieved from /home/airflow/.local/lib/python3.12/site-packages/airflow/example_dags/example_short_circuit_operator.py
[2025-02-26T01:29:03.351+0000] {logging_mixin.py:188} INFO - [2025-02-26T01:29:03.350+0000] {dag.py:3096} INFO - Sync 1 DAGs
[2025-02-26T01:29:03.383+0000] {logging_mixin.py:188} INFO - [2025-02-26T01:29:03.383+0000] {dag.py:3954} INFO - Setting next_dagrun for example_short_circuit_operator to 2025-02-25 00:00:00+00:00, run_after=2025-02-26 00:00:00+00:00
[2025-02-26T01:29:03.402+0000] {processor.py:183} INFO - Processing /home/airflow/.local/lib/python3.12/site-packages/airflow/example_dags/example_short_circuit_operator.py took 0.284 seconds
[2025-02-26T01:29:33.876+0000] {processor.py:161} INFO - Started process (PID=1271) to work on /home/airflow/.local/lib/python3.12/site-packages/airflow/example_dags/example_short_circuit_operator.py
[2025-02-26T01:29:33.877+0000] {processor.py:830} INFO - Processing file /home/airflow/.local/lib/python3.12/site-packages/airflow/example_dags/example_short_circuit_operator.py for tasks to queue
[2025-02-26T01:29:33.880+0000] {logging_mixin.py:188} INFO - [2025-02-26T01:29:33.879+0000] {dagbag.py:540} INFO - Filling up the DagBag from /home/airflow/.local/lib/python3.12/site-packages/airflow/example_dags/example_short_circuit_operator.py
[2025-02-26T01:29:33.889+0000] {processor.py:840} INFO - DAG(s) 'example_short_circuit_operator' retrieved from /home/airflow/.local/lib/python3.12/site-packages/airflow/example_dags/example_short_circuit_operator.py
[2025-02-26T01:29:33.918+0000] {logging_mixin.py:188} INFO - [2025-02-26T01:29:33.917+0000] {dag.py:3096} INFO - Sync 1 DAGs
[2025-02-26T01:29:33.956+0000] {logging_mixin.py:188} INFO - [2025-02-26T01:29:33.956+0000] {dag.py:3954} INFO - Setting next_dagrun for example_short_circuit_operator to 2025-02-25 00:00:00+00:00, run_after=2025-02-26 00:00:00+00:00
[2025-02-26T01:29:33.976+0000] {processor.py:183} INFO - Processing /home/airflow/.local/lib/python3.12/site-packages/airflow/example_dags/example_short_circuit_operator.py took 0.108 seconds
[2025-02-26T01:30:04.229+0000] {processor.py:161} INFO - Started process (PID=1331) to work on /home/airflow/.local/lib/python3.12/site-packages/airflow/example_dags/example_short_circuit_operator.py
[2025-02-26T01:30:04.231+0000] {processor.py:830} INFO - Processing file /home/airflow/.local/lib/python3.12/site-packages/airflow/example_dags/example_short_circuit_operator.py for tasks to queue
[2025-02-26T01:30:04.233+0000] {logging_mixin.py:188} INFO - [2025-02-26T01:30:04.233+0000] {dagbag.py:540} INFO - Filling up the DagBag from /home/airflow/.local/lib/python3.12/site-packages/airflow/example_dags/example_short_circuit_operator.py
[2025-02-26T01:30:04.241+0000] {processor.py:840} INFO - DAG(s) 'example_short_circuit_operator' retrieved from /home/airflow/.local/lib/python3.12/site-packages/airflow/example_dags/example_short_circuit_operator.py
[2025-02-26T01:30:04.266+0000] {logging_mixin.py:188} INFO - [2025-02-26T01:30:04.266+0000] {dag.py:3096} INFO - Sync 1 DAGs
[2025-02-26T01:30:04.290+0000] {logging_mixin.py:188} INFO - [2025-02-26T01:30:04.290+0000] {dag.py:3954} INFO - Setting next_dagrun for example_short_circuit_operator to 2025-02-25 00:00:00+00:00, run_after=2025-02-26 00:00:00+00:00
[2025-02-26T01:30:04.309+0000] {processor.py:183} INFO - Processing /home/airflow/.local/lib/python3.12/site-packages/airflow/example_dags/example_short_circuit_operator.py took 0.087 seconds
[2025-02-26T01:30:35.023+0000] {processor.py:161} INFO - Started process (PID=1396) to work on /home/airflow/.local/lib/python3.12/site-packages/airflow/example_dags/example_short_circuit_operator.py
[2025-02-26T01:30:35.024+0000] {processor.py:830} INFO - Processing file /home/airflow/.local/lib/python3.12/site-packages/airflow/example_dags/example_short_circuit_operator.py for tasks to queue
[2025-02-26T01:30:35.029+0000] {logging_mixin.py:188} INFO - [2025-02-26T01:30:35.029+0000] {dagbag.py:540} INFO - Filling up the DagBag from /home/airflow/.local/lib/python3.12/site-packages/airflow/example_dags/example_short_circuit_operator.py
[2025-02-26T01:30:35.048+0000] {processor.py:840} INFO - DAG(s) 'example_short_circuit_operator' retrieved from /home/airflow/.local/lib/python3.12/site-packages/airflow/example_dags/example_short_circuit_operator.py
[2025-02-26T01:30:35.084+0000] {logging_mixin.py:188} INFO - [2025-02-26T01:30:35.083+0000] {dag.py:3096} INFO - Sync 1 DAGs
[2025-02-26T01:30:35.137+0000] {logging_mixin.py:188} INFO - [2025-02-26T01:30:35.136+0000] {dag.py:3954} INFO - Setting next_dagrun for example_short_circuit_operator to 2025-02-25 00:00:00+00:00, run_after=2025-02-26 00:00:00+00:00
[2025-02-26T01:30:35.173+0000] {processor.py:183} INFO - Processing /home/airflow/.local/lib/python3.12/site-packages/airflow/example_dags/example_short_circuit_operator.py took 0.163 seconds
[2025-02-26T01:31:05.515+0000] {processor.py:161} INFO - Started process (PID=1456) to work on /home/airflow/.local/lib/python3.12/site-packages/airflow/example_dags/example_short_circuit_operator.py
[2025-02-26T01:31:05.517+0000] {processor.py:830} INFO - Processing file /home/airflow/.local/lib/python3.12/site-packages/airflow/example_dags/example_short_circuit_operator.py for tasks to queue
[2025-02-26T01:31:05.519+0000] {logging_mixin.py:188} INFO - [2025-02-26T01:31:05.519+0000] {dagbag.py:540} INFO - Filling up the DagBag from /home/airflow/.local/lib/python3.12/site-packages/airflow/example_dags/example_short_circuit_operator.py
[2025-02-26T01:31:05.530+0000] {processor.py:840} INFO - DAG(s) 'example_short_circuit_operator' retrieved from /home/airflow/.local/lib/python3.12/site-packages/airflow/example_dags/example_short_circuit_operator.py
[2025-02-26T01:31:05.558+0000] {logging_mixin.py:188} INFO - [2025-02-26T01:31:05.558+0000] {dag.py:3096} INFO - Sync 1 DAGs
[2025-02-26T01:31:05.582+0000] {logging_mixin.py:188} INFO - [2025-02-26T01:31:05.582+0000] {dag.py:3954} INFO - Setting next_dagrun for example_short_circuit_operator to 2025-02-25 00:00:00+00:00, run_after=2025-02-26 00:00:00+00:00
[2025-02-26T01:31:05.659+0000] {processor.py:183} INFO - Processing /home/airflow/.local/lib/python3.12/site-packages/airflow/example_dags/example_short_circuit_operator.py took 0.153 seconds
[2025-02-26T01:31:36.691+0000] {processor.py:161} INFO - Started process (PID=1516) to work on /home/airflow/.local/lib/python3.12/site-packages/airflow/example_dags/example_short_circuit_operator.py
[2025-02-26T01:31:36.693+0000] {processor.py:830} INFO - Processing file /home/airflow/.local/lib/python3.12/site-packages/airflow/example_dags/example_short_circuit_operator.py for tasks to queue
[2025-02-26T01:31:36.695+0000] {logging_mixin.py:188} INFO - [2025-02-26T01:31:36.695+0000] {dagbag.py:540} INFO - Filling up the DagBag from /home/airflow/.local/lib/python3.12/site-packages/airflow/example_dags/example_short_circuit_operator.py
[2025-02-26T01:31:36.703+0000] {processor.py:840} INFO - DAG(s) 'example_short_circuit_operator' retrieved from /home/airflow/.local/lib/python3.12/site-packages/airflow/example_dags/example_short_circuit_operator.py
[2025-02-26T01:31:36.733+0000] {logging_mixin.py:188} INFO - [2025-02-26T01:31:36.732+0000] {dag.py:3096} INFO - Sync 1 DAGs
[2025-02-26T01:31:36.788+0000] {logging_mixin.py:188} INFO - [2025-02-26T01:31:36.788+0000] {dag.py:3954} INFO - Setting next_dagrun for example_short_circuit_operator to 2025-02-25 00:00:00+00:00, run_after=2025-02-26 00:00:00+00:00
[2025-02-26T01:31:36.828+0000] {processor.py:183} INFO - Processing /home/airflow/.local/lib/python3.12/site-packages/airflow/example_dags/example_short_circuit_operator.py took 0.144 seconds
[2025-02-26T01:32:07.395+0000] {processor.py:161} INFO - Started process (PID=1576) to work on /home/airflow/.local/lib/python3.12/site-packages/airflow/example_dags/example_short_circuit_operator.py
[2025-02-26T01:32:07.396+0000] {processor.py:830} INFO - Processing file /home/airflow/.local/lib/python3.12/site-packages/airflow/example_dags/example_short_circuit_operator.py for tasks to queue
[2025-02-26T01:32:07.398+0000] {logging_mixin.py:188} INFO - [2025-02-26T01:32:07.398+0000] {dagbag.py:540} INFO - Filling up the DagBag from /home/airflow/.local/lib/python3.12/site-packages/airflow/example_dags/example_short_circuit_operator.py
[2025-02-26T01:32:07.408+0000] {processor.py:840} INFO - DAG(s) 'example_short_circuit_operator' retrieved from /home/airflow/.local/lib/python3.12/site-packages/airflow/example_dags/example_short_circuit_operator.py
[2025-02-26T01:32:07.438+0000] {logging_mixin.py:188} INFO - [2025-02-26T01:32:07.437+0000] {dag.py:3096} INFO - Sync 1 DAGs
[2025-02-26T01:32:07.462+0000] {logging_mixin.py:188} INFO - [2025-02-26T01:32:07.462+0000] {dag.py:3954} INFO - Setting next_dagrun for example_short_circuit_operator to 2025-02-25 00:00:00+00:00, run_after=2025-02-26 00:00:00+00:00
[2025-02-26T01:32:07.484+0000] {processor.py:183} INFO - Processing /home/airflow/.local/lib/python3.12/site-packages/airflow/example_dags/example_short_circuit_operator.py took 0.096 seconds
[2025-02-26T01:32:38.238+0000] {processor.py:161} INFO - Started process (PID=1637) to work on /home/airflow/.local/lib/python3.12/site-packages/airflow/example_dags/example_short_circuit_operator.py
[2025-02-26T01:32:38.240+0000] {processor.py:830} INFO - Processing file /home/airflow/.local/lib/python3.12/site-packages/airflow/example_dags/example_short_circuit_operator.py for tasks to queue
[2025-02-26T01:32:38.243+0000] {logging_mixin.py:188} INFO - [2025-02-26T01:32:38.243+0000] {dagbag.py:540} INFO - Filling up the DagBag from /home/airflow/.local/lib/python3.12/site-packages/airflow/example_dags/example_short_circuit_operator.py
[2025-02-26T01:32:38.260+0000] {processor.py:840} INFO - DAG(s) 'example_short_circuit_operator' retrieved from /home/airflow/.local/lib/python3.12/site-packages/airflow/example_dags/example_short_circuit_operator.py
[2025-02-26T01:32:38.314+0000] {logging_mixin.py:188} INFO - [2025-02-26T01:32:38.314+0000] {dag.py:3096} INFO - Sync 1 DAGs
[2025-02-26T01:32:38.377+0000] {logging_mixin.py:188} INFO - [2025-02-26T01:32:38.376+0000] {dag.py:3954} INFO - Setting next_dagrun for example_short_circuit_operator to 2025-02-25 00:00:00+00:00, run_after=2025-02-26 00:00:00+00:00
[2025-02-26T01:32:38.430+0000] {processor.py:183} INFO - Processing /home/airflow/.local/lib/python3.12/site-packages/airflow/example_dags/example_short_circuit_operator.py took 0.206 seconds
[2025-02-26T01:33:09.366+0000] {processor.py:161} INFO - Started process (PID=1697) to work on /home/airflow/.local/lib/python3.12/site-packages/airflow/example_dags/example_short_circuit_operator.py
[2025-02-26T01:33:09.367+0000] {processor.py:830} INFO - Processing file /home/airflow/.local/lib/python3.12/site-packages/airflow/example_dags/example_short_circuit_operator.py for tasks to queue
[2025-02-26T01:33:09.369+0000] {logging_mixin.py:188} INFO - [2025-02-26T01:33:09.369+0000] {dagbag.py:540} INFO - Filling up the DagBag from /home/airflow/.local/lib/python3.12/site-packages/airflow/example_dags/example_short_circuit_operator.py
[2025-02-26T01:33:09.378+0000] {processor.py:840} INFO - DAG(s) 'example_short_circuit_operator' retrieved from /home/airflow/.local/lib/python3.12/site-packages/airflow/example_dags/example_short_circuit_operator.py
[2025-02-26T01:33:09.403+0000] {logging_mixin.py:188} INFO - [2025-02-26T01:33:09.403+0000] {dag.py:3096} INFO - Sync 1 DAGs
[2025-02-26T01:33:09.428+0000] {logging_mixin.py:188} INFO - [2025-02-26T01:33:09.428+0000] {dag.py:3954} INFO - Setting next_dagrun for example_short_circuit_operator to 2025-02-25 00:00:00+00:00, run_after=2025-02-26 00:00:00+00:00
[2025-02-26T01:33:09.449+0000] {processor.py:183} INFO - Processing /home/airflow/.local/lib/python3.12/site-packages/airflow/example_dags/example_short_circuit_operator.py took 0.089 seconds
[2025-02-26T01:33:39.929+0000] {processor.py:161} INFO - Started process (PID=1757) to work on /home/airflow/.local/lib/python3.12/site-packages/airflow/example_dags/example_short_circuit_operator.py
[2025-02-26T01:33:39.931+0000] {processor.py:830} INFO - Processing file /home/airflow/.local/lib/python3.12/site-packages/airflow/example_dags/example_short_circuit_operator.py for tasks to queue
[2025-02-26T01:33:39.934+0000] {logging_mixin.py:188} INFO - [2025-02-26T01:33:39.933+0000] {dagbag.py:540} INFO - Filling up the DagBag from /home/airflow/.local/lib/python3.12/site-packages/airflow/example_dags/example_short_circuit_operator.py
[2025-02-26T01:33:39.942+0000] {processor.py:840} INFO - DAG(s) 'example_short_circuit_operator' retrieved from /home/airflow/.local/lib/python3.12/site-packages/airflow/example_dags/example_short_circuit_operator.py
[2025-02-26T01:33:39.967+0000] {logging_mixin.py:188} INFO - [2025-02-26T01:33:39.966+0000] {dag.py:3096} INFO - Sync 1 DAGs
[2025-02-26T01:33:39.990+0000] {logging_mixin.py:188} INFO - [2025-02-26T01:33:39.990+0000] {dag.py:3954} INFO - Setting next_dagrun for example_short_circuit_operator to 2025-02-25 00:00:00+00:00, run_after=2025-02-26 00:00:00+00:00
[2025-02-26T01:33:40.013+0000] {processor.py:183} INFO - Processing /home/airflow/.local/lib/python3.12/site-packages/airflow/example_dags/example_short_circuit_operator.py took 0.092 seconds
[2025-02-26T01:34:10.199+0000] {processor.py:161} INFO - Started process (PID=1817) to work on /home/airflow/.local/lib/python3.12/site-packages/airflow/example_dags/example_short_circuit_operator.py
[2025-02-26T01:34:10.200+0000] {processor.py:830} INFO - Processing file /home/airflow/.local/lib/python3.12/site-packages/airflow/example_dags/example_short_circuit_operator.py for tasks to queue
[2025-02-26T01:34:10.203+0000] {logging_mixin.py:188} INFO - [2025-02-26T01:34:10.202+0000] {dagbag.py:540} INFO - Filling up the DagBag from /home/airflow/.local/lib/python3.12/site-packages/airflow/example_dags/example_short_circuit_operator.py
[2025-02-26T01:34:10.211+0000] {processor.py:840} INFO - DAG(s) 'example_short_circuit_operator' retrieved from /home/airflow/.local/lib/python3.12/site-packages/airflow/example_dags/example_short_circuit_operator.py
[2025-02-26T01:34:10.240+0000] {logging_mixin.py:188} INFO - [2025-02-26T01:34:10.239+0000] {dag.py:3096} INFO - Sync 1 DAGs
[2025-02-26T01:34:10.272+0000] {logging_mixin.py:188} INFO - [2025-02-26T01:34:10.272+0000] {dag.py:3954} INFO - Setting next_dagrun for example_short_circuit_operator to 2025-02-25 00:00:00+00:00, run_after=2025-02-26 00:00:00+00:00
[2025-02-26T01:34:10.298+0000] {processor.py:183} INFO - Processing /home/airflow/.local/lib/python3.12/site-packages/airflow/example_dags/example_short_circuit_operator.py took 0.108 seconds
[2025-02-26T01:34:41.221+0000] {processor.py:161} INFO - Started process (PID=1877) to work on /home/airflow/.local/lib/python3.12/site-packages/airflow/example_dags/example_short_circuit_operator.py
[2025-02-26T01:34:41.222+0000] {processor.py:830} INFO - Processing file /home/airflow/.local/lib/python3.12/site-packages/airflow/example_dags/example_short_circuit_operator.py for tasks to queue
[2025-02-26T01:34:41.224+0000] {logging_mixin.py:188} INFO - [2025-02-26T01:34:41.224+0000] {dagbag.py:540} INFO - Filling up the DagBag from /home/airflow/.local/lib/python3.12/site-packages/airflow/example_dags/example_short_circuit_operator.py
[2025-02-26T01:34:41.232+0000] {processor.py:840} INFO - DAG(s) 'example_short_circuit_operator' retrieved from /home/airflow/.local/lib/python3.12/site-packages/airflow/example_dags/example_short_circuit_operator.py
[2025-02-26T01:34:41.259+0000] {logging_mixin.py:188} INFO - [2025-02-26T01:34:41.259+0000] {dag.py:3096} INFO - Sync 1 DAGs
[2025-02-26T01:34:41.288+0000] {logging_mixin.py:188} INFO - [2025-02-26T01:34:41.288+0000] {dag.py:3954} INFO - Setting next_dagrun for example_short_circuit_operator to 2025-02-25 00:00:00+00:00, run_after=2025-02-26 00:00:00+00:00
[2025-02-26T01:34:41.311+0000] {processor.py:183} INFO - Processing /home/airflow/.local/lib/python3.12/site-packages/airflow/example_dags/example_short_circuit_operator.py took 0.098 seconds
[2025-02-26T01:35:11.881+0000] {processor.py:161} INFO - Started process (PID=1937) to work on /home/airflow/.local/lib/python3.12/site-packages/airflow/example_dags/example_short_circuit_operator.py
[2025-02-26T01:35:11.882+0000] {processor.py:830} INFO - Processing file /home/airflow/.local/lib/python3.12/site-packages/airflow/example_dags/example_short_circuit_operator.py for tasks to queue
[2025-02-26T01:35:11.884+0000] {logging_mixin.py:188} INFO - [2025-02-26T01:35:11.884+0000] {dagbag.py:540} INFO - Filling up the DagBag from /home/airflow/.local/lib/python3.12/site-packages/airflow/example_dags/example_short_circuit_operator.py
[2025-02-26T01:35:11.892+0000] {processor.py:840} INFO - DAG(s) 'example_short_circuit_operator' retrieved from /home/airflow/.local/lib/python3.12/site-packages/airflow/example_dags/example_short_circuit_operator.py
[2025-02-26T01:35:11.918+0000] {logging_mixin.py:188} INFO - [2025-02-26T01:35:11.918+0000] {dag.py:3096} INFO - Sync 1 DAGs
[2025-02-26T01:35:11.945+0000] {logging_mixin.py:188} INFO - [2025-02-26T01:35:11.945+0000] {dag.py:3954} INFO - Setting next_dagrun for example_short_circuit_operator to 2025-02-25 00:00:00+00:00, run_after=2025-02-26 00:00:00+00:00
[2025-02-26T01:35:11.967+0000] {processor.py:183} INFO - Processing /home/airflow/.local/lib/python3.12/site-packages/airflow/example_dags/example_short_circuit_operator.py took 0.092 seconds
[2025-02-26T01:35:42.136+0000] {processor.py:161} INFO - Started process (PID=1997) to work on /home/airflow/.local/lib/python3.12/site-packages/airflow/example_dags/example_short_circuit_operator.py
[2025-02-26T01:35:42.137+0000] {processor.py:830} INFO - Processing file /home/airflow/.local/lib/python3.12/site-packages/airflow/example_dags/example_short_circuit_operator.py for tasks to queue
[2025-02-26T01:35:42.140+0000] {logging_mixin.py:188} INFO - [2025-02-26T01:35:42.139+0000] {dagbag.py:540} INFO - Filling up the DagBag from /home/airflow/.local/lib/python3.12/site-packages/airflow/example_dags/example_short_circuit_operator.py
[2025-02-26T01:35:42.154+0000] {processor.py:840} INFO - DAG(s) 'example_short_circuit_operator' retrieved from /home/airflow/.local/lib/python3.12/site-packages/airflow/example_dags/example_short_circuit_operator.py
[2025-02-26T01:35:42.188+0000] {logging_mixin.py:188} INFO - [2025-02-26T01:35:42.187+0000] {dag.py:3096} INFO - Sync 1 DAGs
[2025-02-26T01:35:42.218+0000] {logging_mixin.py:188} INFO - [2025-02-26T01:35:42.217+0000] {dag.py:3954} INFO - Setting next_dagrun for example_short_circuit_operator to 2025-02-25 00:00:00+00:00, run_after=2025-02-26 00:00:00+00:00
[2025-02-26T01:35:42.242+0000] {processor.py:183} INFO - Processing /home/airflow/.local/lib/python3.12/site-packages/airflow/example_dags/example_short_circuit_operator.py took 0.113 seconds
[2025-02-26T01:36:12.883+0000] {processor.py:161} INFO - Started process (PID=2058) to work on /home/airflow/.local/lib/python3.12/site-packages/airflow/example_dags/example_short_circuit_operator.py
[2025-02-26T01:36:12.884+0000] {processor.py:830} INFO - Processing file /home/airflow/.local/lib/python3.12/site-packages/airflow/example_dags/example_short_circuit_operator.py for tasks to queue
[2025-02-26T01:36:12.886+0000] {logging_mixin.py:188} INFO - [2025-02-26T01:36:12.886+0000] {dagbag.py:540} INFO - Filling up the DagBag from /home/airflow/.local/lib/python3.12/site-packages/airflow/example_dags/example_short_circuit_operator.py
[2025-02-26T01:36:12.901+0000] {processor.py:840} INFO - DAG(s) 'example_short_circuit_operator' retrieved from /home/airflow/.local/lib/python3.12/site-packages/airflow/example_dags/example_short_circuit_operator.py
[2025-02-26T01:36:12.936+0000] {logging_mixin.py:188} INFO - [2025-02-26T01:36:12.936+0000] {dag.py:3096} INFO - Sync 1 DAGs
[2025-02-26T01:36:12.965+0000] {logging_mixin.py:188} INFO - [2025-02-26T01:36:12.965+0000] {dag.py:3954} INFO - Setting next_dagrun for example_short_circuit_operator to 2025-02-25 00:00:00+00:00, run_after=2025-02-26 00:00:00+00:00
[2025-02-26T01:36:13.000+0000] {processor.py:183} INFO - Processing /home/airflow/.local/lib/python3.12/site-packages/airflow/example_dags/example_short_circuit_operator.py took 0.125 seconds
[2025-02-26T01:36:43.238+0000] {processor.py:161} INFO - Started process (PID=2118) to work on /home/airflow/.local/lib/python3.12/site-packages/airflow/example_dags/example_short_circuit_operator.py
[2025-02-26T01:36:43.239+0000] {processor.py:830} INFO - Processing file /home/airflow/.local/lib/python3.12/site-packages/airflow/example_dags/example_short_circuit_operator.py for tasks to queue
[2025-02-26T01:36:43.242+0000] {logging_mixin.py:188} INFO - [2025-02-26T01:36:43.241+0000] {dagbag.py:540} INFO - Filling up the DagBag from /home/airflow/.local/lib/python3.12/site-packages/airflow/example_dags/example_short_circuit_operator.py
[2025-02-26T01:36:43.250+0000] {processor.py:840} INFO - DAG(s) 'example_short_circuit_operator' retrieved from /home/airflow/.local/lib/python3.12/site-packages/airflow/example_dags/example_short_circuit_operator.py
[2025-02-26T01:36:43.278+0000] {logging_mixin.py:188} INFO - [2025-02-26T01:36:43.277+0000] {dag.py:3096} INFO - Sync 1 DAGs
[2025-02-26T01:36:43.306+0000] {logging_mixin.py:188} INFO - [2025-02-26T01:36:43.306+0000] {dag.py:3954} INFO - Setting next_dagrun for example_short_circuit_operator to 2025-02-25 00:00:00+00:00, run_after=2025-02-26 00:00:00+00:00
[2025-02-26T01:36:43.328+0000] {processor.py:183} INFO - Processing /home/airflow/.local/lib/python3.12/site-packages/airflow/example_dags/example_short_circuit_operator.py took 0.097 seconds
[2025-02-26T01:37:13.457+0000] {processor.py:161} INFO - Started process (PID=2178) to work on /home/airflow/.local/lib/python3.12/site-packages/airflow/example_dags/example_short_circuit_operator.py
[2025-02-26T01:37:13.459+0000] {processor.py:830} INFO - Processing file /home/airflow/.local/lib/python3.12/site-packages/airflow/example_dags/example_short_circuit_operator.py for tasks to queue
[2025-02-26T01:37:13.461+0000] {logging_mixin.py:188} INFO - [2025-02-26T01:37:13.460+0000] {dagbag.py:540} INFO - Filling up the DagBag from /home/airflow/.local/lib/python3.12/site-packages/airflow/example_dags/example_short_circuit_operator.py
[2025-02-26T01:37:13.470+0000] {processor.py:840} INFO - DAG(s) 'example_short_circuit_operator' retrieved from /home/airflow/.local/lib/python3.12/site-packages/airflow/example_dags/example_short_circuit_operator.py
[2025-02-26T01:37:13.500+0000] {logging_mixin.py:188} INFO - [2025-02-26T01:37:13.500+0000] {dag.py:3096} INFO - Sync 1 DAGs
[2025-02-26T01:37:13.525+0000] {logging_mixin.py:188} INFO - [2025-02-26T01:37:13.525+0000] {dag.py:3954} INFO - Setting next_dagrun for example_short_circuit_operator to 2025-02-25 00:00:00+00:00, run_after=2025-02-26 00:00:00+00:00
[2025-02-26T01:37:13.545+0000] {processor.py:183} INFO - Processing /home/airflow/.local/lib/python3.12/site-packages/airflow/example_dags/example_short_circuit_operator.py took 0.095 seconds
[2025-02-26T01:37:43.850+0000] {processor.py:161} INFO - Started process (PID=2238) to work on /home/airflow/.local/lib/python3.12/site-packages/airflow/example_dags/example_short_circuit_operator.py
[2025-02-26T01:37:43.851+0000] {processor.py:830} INFO - Processing file /home/airflow/.local/lib/python3.12/site-packages/airflow/example_dags/example_short_circuit_operator.py for tasks to queue
[2025-02-26T01:37:43.854+0000] {logging_mixin.py:188} INFO - [2025-02-26T01:37:43.853+0000] {dagbag.py:540} INFO - Filling up the DagBag from /home/airflow/.local/lib/python3.12/site-packages/airflow/example_dags/example_short_circuit_operator.py
[2025-02-26T01:37:43.862+0000] {processor.py:840} INFO - DAG(s) 'example_short_circuit_operator' retrieved from /home/airflow/.local/lib/python3.12/site-packages/airflow/example_dags/example_short_circuit_operator.py
[2025-02-26T01:37:43.888+0000] {logging_mixin.py:188} INFO - [2025-02-26T01:37:43.887+0000] {dag.py:3096} INFO - Sync 1 DAGs
[2025-02-26T01:37:43.912+0000] {logging_mixin.py:188} INFO - [2025-02-26T01:37:43.912+0000] {dag.py:3954} INFO - Setting next_dagrun for example_short_circuit_operator to 2025-02-25 00:00:00+00:00, run_after=2025-02-26 00:00:00+00:00
[2025-02-26T01:37:43.930+0000] {processor.py:183} INFO - Processing /home/airflow/.local/lib/python3.12/site-packages/airflow/example_dags/example_short_circuit_operator.py took 0.089 seconds
[2025-02-26T01:38:14.269+0000] {processor.py:161} INFO - Started process (PID=2304) to work on /home/airflow/.local/lib/python3.12/site-packages/airflow/example_dags/example_short_circuit_operator.py
[2025-02-26T01:38:14.270+0000] {processor.py:830} INFO - Processing file /home/airflow/.local/lib/python3.12/site-packages/airflow/example_dags/example_short_circuit_operator.py for tasks to queue
[2025-02-26T01:38:14.273+0000] {logging_mixin.py:188} INFO - [2025-02-26T01:38:14.272+0000] {dagbag.py:540} INFO - Filling up the DagBag from /home/airflow/.local/lib/python3.12/site-packages/airflow/example_dags/example_short_circuit_operator.py
[2025-02-26T01:38:14.281+0000] {processor.py:840} INFO - DAG(s) 'example_short_circuit_operator' retrieved from /home/airflow/.local/lib/python3.12/site-packages/airflow/example_dags/example_short_circuit_operator.py
[2025-02-26T01:38:14.310+0000] {logging_mixin.py:188} INFO - [2025-02-26T01:38:14.310+0000] {dag.py:3096} INFO - Sync 1 DAGs
[2025-02-26T01:38:14.333+0000] {logging_mixin.py:188} INFO - [2025-02-26T01:38:14.332+0000] {dag.py:3954} INFO - Setting next_dagrun for example_short_circuit_operator to 2025-02-25 00:00:00+00:00, run_after=2025-02-26 00:00:00+00:00
[2025-02-26T01:38:14.353+0000] {processor.py:183} INFO - Processing /home/airflow/.local/lib/python3.12/site-packages/airflow/example_dags/example_short_circuit_operator.py took 0.090 seconds
[2025-02-26T01:38:44.842+0000] {processor.py:161} INFO - Started process (PID=2364) to work on /home/airflow/.local/lib/python3.12/site-packages/airflow/example_dags/example_short_circuit_operator.py
[2025-02-26T01:38:44.844+0000] {processor.py:830} INFO - Processing file /home/airflow/.local/lib/python3.12/site-packages/airflow/example_dags/example_short_circuit_operator.py for tasks to queue
[2025-02-26T01:38:44.846+0000] {logging_mixin.py:188} INFO - [2025-02-26T01:38:44.846+0000] {dagbag.py:540} INFO - Filling up the DagBag from /home/airflow/.local/lib/python3.12/site-packages/airflow/example_dags/example_short_circuit_operator.py
[2025-02-26T01:38:44.855+0000] {processor.py:840} INFO - DAG(s) 'example_short_circuit_operator' retrieved from /home/airflow/.local/lib/python3.12/site-packages/airflow/example_dags/example_short_circuit_operator.py
[2025-02-26T01:38:44.882+0000] {logging_mixin.py:188} INFO - [2025-02-26T01:38:44.881+0000] {dag.py:3096} INFO - Sync 1 DAGs
[2025-02-26T01:38:44.906+0000] {logging_mixin.py:188} INFO - [2025-02-26T01:38:44.906+0000] {dag.py:3954} INFO - Setting next_dagrun for example_short_circuit_operator to 2025-02-25 00:00:00+00:00, run_after=2025-02-26 00:00:00+00:00
[2025-02-26T01:38:44.928+0000] {processor.py:183} INFO - Processing /home/airflow/.local/lib/python3.12/site-packages/airflow/example_dags/example_short_circuit_operator.py took 0.092 seconds
[2025-02-26T01:39:15.396+0000] {processor.py:161} INFO - Started process (PID=2424) to work on /home/airflow/.local/lib/python3.12/site-packages/airflow/example_dags/example_short_circuit_operator.py
[2025-02-26T01:39:15.397+0000] {processor.py:830} INFO - Processing file /home/airflow/.local/lib/python3.12/site-packages/airflow/example_dags/example_short_circuit_operator.py for tasks to queue
[2025-02-26T01:39:15.400+0000] {logging_mixin.py:188} INFO - [2025-02-26T01:39:15.399+0000] {dagbag.py:540} INFO - Filling up the DagBag from /home/airflow/.local/lib/python3.12/site-packages/airflow/example_dags/example_short_circuit_operator.py
[2025-02-26T01:39:15.408+0000] {processor.py:840} INFO - DAG(s) 'example_short_circuit_operator' retrieved from /home/airflow/.local/lib/python3.12/site-packages/airflow/example_dags/example_short_circuit_operator.py
[2025-02-26T01:39:15.434+0000] {logging_mixin.py:188} INFO - [2025-02-26T01:39:15.434+0000] {dag.py:3096} INFO - Sync 1 DAGs
[2025-02-26T01:39:15.457+0000] {logging_mixin.py:188} INFO - [2025-02-26T01:39:15.456+0000] {dag.py:3954} INFO - Setting next_dagrun for example_short_circuit_operator to 2025-02-25 00:00:00+00:00, run_after=2025-02-26 00:00:00+00:00
[2025-02-26T01:39:15.480+0000] {processor.py:183} INFO - Processing /home/airflow/.local/lib/python3.12/site-packages/airflow/example_dags/example_short_circuit_operator.py took 0.091 seconds
[2025-02-26T01:39:45.796+0000] {processor.py:161} INFO - Started process (PID=2482) to work on /home/airflow/.local/lib/python3.12/site-packages/airflow/example_dags/example_short_circuit_operator.py
[2025-02-26T01:39:45.797+0000] {processor.py:830} INFO - Processing file /home/airflow/.local/lib/python3.12/site-packages/airflow/example_dags/example_short_circuit_operator.py for tasks to queue
[2025-02-26T01:39:45.800+0000] {logging_mixin.py:188} INFO - [2025-02-26T01:39:45.799+0000] {dagbag.py:540} INFO - Filling up the DagBag from /home/airflow/.local/lib/python3.12/site-packages/airflow/example_dags/example_short_circuit_operator.py
[2025-02-26T01:39:45.808+0000] {processor.py:840} INFO - DAG(s) 'example_short_circuit_operator' retrieved from /home/airflow/.local/lib/python3.12/site-packages/airflow/example_dags/example_short_circuit_operator.py
[2025-02-26T01:39:45.833+0000] {logging_mixin.py:188} INFO - [2025-02-26T01:39:45.832+0000] {dag.py:3096} INFO - Sync 1 DAGs
[2025-02-26T01:39:45.854+0000] {logging_mixin.py:188} INFO - [2025-02-26T01:39:45.854+0000] {dag.py:3954} INFO - Setting next_dagrun for example_short_circuit_operator to 2025-02-25 00:00:00+00:00, run_after=2025-02-26 00:00:00+00:00
[2025-02-26T01:39:45.875+0000] {processor.py:183} INFO - Processing /home/airflow/.local/lib/python3.12/site-packages/airflow/example_dags/example_short_circuit_operator.py took 0.086 seconds
[2025-02-26T01:40:16.314+0000] {processor.py:161} INFO - Started process (PID=2542) to work on /home/airflow/.local/lib/python3.12/site-packages/airflow/example_dags/example_short_circuit_operator.py
[2025-02-26T01:40:16.315+0000] {processor.py:830} INFO - Processing file /home/airflow/.local/lib/python3.12/site-packages/airflow/example_dags/example_short_circuit_operator.py for tasks to queue
[2025-02-26T01:40:16.318+0000] {logging_mixin.py:188} INFO - [2025-02-26T01:40:16.317+0000] {dagbag.py:540} INFO - Filling up the DagBag from /home/airflow/.local/lib/python3.12/site-packages/airflow/example_dags/example_short_circuit_operator.py
[2025-02-26T01:40:16.329+0000] {processor.py:840} INFO - DAG(s) 'example_short_circuit_operator' retrieved from /home/airflow/.local/lib/python3.12/site-packages/airflow/example_dags/example_short_circuit_operator.py
[2025-02-26T01:40:16.361+0000] {logging_mixin.py:188} INFO - [2025-02-26T01:40:16.361+0000] {dag.py:3096} INFO - Sync 1 DAGs
[2025-02-26T01:40:16.387+0000] {logging_mixin.py:188} INFO - [2025-02-26T01:40:16.386+0000] {dag.py:3954} INFO - Setting next_dagrun for example_short_circuit_operator to 2025-02-25 00:00:00+00:00, run_after=2025-02-26 00:00:00+00:00
[2025-02-26T01:40:16.406+0000] {processor.py:183} INFO - Processing /home/airflow/.local/lib/python3.12/site-packages/airflow/example_dags/example_short_circuit_operator.py took 0.102 seconds
[2025-02-26T01:40:47.034+0000] {processor.py:161} INFO - Started process (PID=2602) to work on /home/airflow/.local/lib/python3.12/site-packages/airflow/example_dags/example_short_circuit_operator.py
[2025-02-26T01:40:47.035+0000] {processor.py:830} INFO - Processing file /home/airflow/.local/lib/python3.12/site-packages/airflow/example_dags/example_short_circuit_operator.py for tasks to queue
[2025-02-26T01:40:47.039+0000] {logging_mixin.py:188} INFO - [2025-02-26T01:40:47.038+0000] {dagbag.py:540} INFO - Filling up the DagBag from /home/airflow/.local/lib/python3.12/site-packages/airflow/example_dags/example_short_circuit_operator.py
[2025-02-26T01:40:47.047+0000] {processor.py:840} INFO - DAG(s) 'example_short_circuit_operator' retrieved from /home/airflow/.local/lib/python3.12/site-packages/airflow/example_dags/example_short_circuit_operator.py
[2025-02-26T01:40:47.079+0000] {logging_mixin.py:188} INFO - [2025-02-26T01:40:47.079+0000] {dag.py:3096} INFO - Sync 1 DAGs
[2025-02-26T01:40:47.110+0000] {logging_mixin.py:188} INFO - [2025-02-26T01:40:47.110+0000] {dag.py:3954} INFO - Setting next_dagrun for example_short_circuit_operator to 2025-02-25 00:00:00+00:00, run_after=2025-02-26 00:00:00+00:00
[2025-02-26T01:40:47.145+0000] {processor.py:183} INFO - Processing /home/airflow/.local/lib/python3.12/site-packages/airflow/example_dags/example_short_circuit_operator.py took 0.118 seconds
[2025-02-26T01:41:17.245+0000] {processor.py:161} INFO - Started process (PID=2662) to work on /home/airflow/.local/lib/python3.12/site-packages/airflow/example_dags/example_short_circuit_operator.py
[2025-02-26T01:41:17.247+0000] {processor.py:830} INFO - Processing file /home/airflow/.local/lib/python3.12/site-packages/airflow/example_dags/example_short_circuit_operator.py for tasks to queue
[2025-02-26T01:41:17.249+0000] {logging_mixin.py:188} INFO - [2025-02-26T01:41:17.249+0000] {dagbag.py:540} INFO - Filling up the DagBag from /home/airflow/.local/lib/python3.12/site-packages/airflow/example_dags/example_short_circuit_operator.py
[2025-02-26T01:41:17.261+0000] {processor.py:840} INFO - DAG(s) 'example_short_circuit_operator' retrieved from /home/airflow/.local/lib/python3.12/site-packages/airflow/example_dags/example_short_circuit_operator.py
[2025-02-26T01:41:17.294+0000] {logging_mixin.py:188} INFO - [2025-02-26T01:41:17.294+0000] {dag.py:3096} INFO - Sync 1 DAGs
[2025-02-26T01:41:17.338+0000] {logging_mixin.py:188} INFO - [2025-02-26T01:41:17.338+0000] {dag.py:3954} INFO - Setting next_dagrun for example_short_circuit_operator to 2025-02-25 00:00:00+00:00, run_after=2025-02-26 00:00:00+00:00
[2025-02-26T01:41:17.375+0000] {processor.py:183} INFO - Processing /home/airflow/.local/lib/python3.12/site-packages/airflow/example_dags/example_short_circuit_operator.py took 0.136 seconds
[2025-02-26T01:41:47.498+0000] {processor.py:161} INFO - Started process (PID=2722) to work on /home/airflow/.local/lib/python3.12/site-packages/airflow/example_dags/example_short_circuit_operator.py
[2025-02-26T01:41:47.499+0000] {processor.py:830} INFO - Processing file /home/airflow/.local/lib/python3.12/site-packages/airflow/example_dags/example_short_circuit_operator.py for tasks to queue
[2025-02-26T01:41:47.502+0000] {logging_mixin.py:188} INFO - [2025-02-26T01:41:47.501+0000] {dagbag.py:540} INFO - Filling up the DagBag from /home/airflow/.local/lib/python3.12/site-packages/airflow/example_dags/example_short_circuit_operator.py
[2025-02-26T01:41:47.510+0000] {processor.py:840} INFO - DAG(s) 'example_short_circuit_operator' retrieved from /home/airflow/.local/lib/python3.12/site-packages/airflow/example_dags/example_short_circuit_operator.py
[2025-02-26T01:41:47.534+0000] {logging_mixin.py:188} INFO - [2025-02-26T01:41:47.534+0000] {dag.py:3096} INFO - Sync 1 DAGs
[2025-02-26T01:41:47.556+0000] {logging_mixin.py:188} INFO - [2025-02-26T01:41:47.556+0000] {dag.py:3954} INFO - Setting next_dagrun for example_short_circuit_operator to 2025-02-25 00:00:00+00:00, run_after=2025-02-26 00:00:00+00:00
[2025-02-26T01:41:47.576+0000] {processor.py:183} INFO - Processing /home/airflow/.local/lib/python3.12/site-packages/airflow/example_dags/example_short_circuit_operator.py took 0.085 seconds
[2025-02-26T01:42:17.971+0000] {processor.py:161} INFO - Started process (PID=2782) to work on /home/airflow/.local/lib/python3.12/site-packages/airflow/example_dags/example_short_circuit_operator.py
[2025-02-26T01:42:17.973+0000] {processor.py:830} INFO - Processing file /home/airflow/.local/lib/python3.12/site-packages/airflow/example_dags/example_short_circuit_operator.py for tasks to queue
[2025-02-26T01:42:17.975+0000] {logging_mixin.py:188} INFO - [2025-02-26T01:42:17.975+0000] {dagbag.py:540} INFO - Filling up the DagBag from /home/airflow/.local/lib/python3.12/site-packages/airflow/example_dags/example_short_circuit_operator.py
[2025-02-26T01:42:17.983+0000] {processor.py:840} INFO - DAG(s) 'example_short_circuit_operator' retrieved from /home/airflow/.local/lib/python3.12/site-packages/airflow/example_dags/example_short_circuit_operator.py
[2025-02-26T01:42:18.008+0000] {logging_mixin.py:188} INFO - [2025-02-26T01:42:18.008+0000] {dag.py:3096} INFO - Sync 1 DAGs
[2025-02-26T01:42:18.032+0000] {logging_mixin.py:188} INFO - [2025-02-26T01:42:18.031+0000] {dag.py:3954} INFO - Setting next_dagrun for example_short_circuit_operator to 2025-02-25 00:00:00+00:00, run_after=2025-02-26 00:00:00+00:00
[2025-02-26T01:42:18.052+0000] {processor.py:183} INFO - Processing /home/airflow/.local/lib/python3.12/site-packages/airflow/example_dags/example_short_circuit_operator.py took 0.087 seconds
[2025-02-26T01:42:48.290+0000] {processor.py:161} INFO - Started process (PID=2842) to work on /home/airflow/.local/lib/python3.12/site-packages/airflow/example_dags/example_short_circuit_operator.py
[2025-02-26T01:42:48.291+0000] {processor.py:830} INFO - Processing file /home/airflow/.local/lib/python3.12/site-packages/airflow/example_dags/example_short_circuit_operator.py for tasks to queue
[2025-02-26T01:42:48.294+0000] {logging_mixin.py:188} INFO - [2025-02-26T01:42:48.293+0000] {dagbag.py:540} INFO - Filling up the DagBag from /home/airflow/.local/lib/python3.12/site-packages/airflow/example_dags/example_short_circuit_operator.py
[2025-02-26T01:42:48.302+0000] {processor.py:840} INFO - DAG(s) 'example_short_circuit_operator' retrieved from /home/airflow/.local/lib/python3.12/site-packages/airflow/example_dags/example_short_circuit_operator.py
[2025-02-26T01:42:48.327+0000] {logging_mixin.py:188} INFO - [2025-02-26T01:42:48.327+0000] {dag.py:3096} INFO - Sync 1 DAGs
[2025-02-26T01:42:48.351+0000] {logging_mixin.py:188} INFO - [2025-02-26T01:42:48.351+0000] {dag.py:3954} INFO - Setting next_dagrun for example_short_circuit_operator to 2025-02-25 00:00:00+00:00, run_after=2025-02-26 00:00:00+00:00
[2025-02-26T01:42:48.371+0000] {processor.py:183} INFO - Processing /home/airflow/.local/lib/python3.12/site-packages/airflow/example_dags/example_short_circuit_operator.py took 0.087 seconds
[2025-02-26T01:43:18.789+0000] {processor.py:161} INFO - Started process (PID=2902) to work on /home/airflow/.local/lib/python3.12/site-packages/airflow/example_dags/example_short_circuit_operator.py
[2025-02-26T01:43:18.791+0000] {processor.py:830} INFO - Processing file /home/airflow/.local/lib/python3.12/site-packages/airflow/example_dags/example_short_circuit_operator.py for tasks to queue
[2025-02-26T01:43:18.794+0000] {logging_mixin.py:188} INFO - [2025-02-26T01:43:18.793+0000] {dagbag.py:540} INFO - Filling up the DagBag from /home/airflow/.local/lib/python3.12/site-packages/airflow/example_dags/example_short_circuit_operator.py
[2025-02-26T01:43:18.805+0000] {processor.py:840} INFO - DAG(s) 'example_short_circuit_operator' retrieved from /home/airflow/.local/lib/python3.12/site-packages/airflow/example_dags/example_short_circuit_operator.py
[2025-02-26T01:43:18.837+0000] {logging_mixin.py:188} INFO - [2025-02-26T01:43:18.837+0000] {dag.py:3096} INFO - Sync 1 DAGs
[2025-02-26T01:43:18.883+0000] {logging_mixin.py:188} INFO - [2025-02-26T01:43:18.883+0000] {dag.py:3954} INFO - Setting next_dagrun for example_short_circuit_operator to 2025-02-25 00:00:00+00:00, run_after=2025-02-26 00:00:00+00:00
[2025-02-26T01:43:18.919+0000] {processor.py:183} INFO - Processing /home/airflow/.local/lib/python3.12/site-packages/airflow/example_dags/example_short_circuit_operator.py took 0.139 seconds
[2025-02-26T01:43:49.254+0000] {processor.py:161} INFO - Started process (PID=2962) to work on /home/airflow/.local/lib/python3.12/site-packages/airflow/example_dags/example_short_circuit_operator.py
[2025-02-26T01:43:49.255+0000] {processor.py:830} INFO - Processing file /home/airflow/.local/lib/python3.12/site-packages/airflow/example_dags/example_short_circuit_operator.py for tasks to queue
[2025-02-26T01:43:49.258+0000] {logging_mixin.py:188} INFO - [2025-02-26T01:43:49.258+0000] {dagbag.py:540} INFO - Filling up the DagBag from /home/airflow/.local/lib/python3.12/site-packages/airflow/example_dags/example_short_circuit_operator.py
[2025-02-26T01:43:49.268+0000] {processor.py:840} INFO - DAG(s) 'example_short_circuit_operator' retrieved from /home/airflow/.local/lib/python3.12/site-packages/airflow/example_dags/example_short_circuit_operator.py
[2025-02-26T01:43:49.293+0000] {logging_mixin.py:188} INFO - [2025-02-26T01:43:49.293+0000] {dag.py:3096} INFO - Sync 1 DAGs
[2025-02-26T01:43:49.320+0000] {logging_mixin.py:188} INFO - [2025-02-26T01:43:49.320+0000] {dag.py:3954} INFO - Setting next_dagrun for example_short_circuit_operator to 2025-02-25 00:00:00+00:00, run_after=2025-02-26 00:00:00+00:00
[2025-02-26T01:43:49.341+0000] {processor.py:183} INFO - Processing /home/airflow/.local/lib/python3.12/site-packages/airflow/example_dags/example_short_circuit_operator.py took 0.095 seconds
[2025-02-26T01:44:19.956+0000] {processor.py:161} INFO - Started process (PID=3022) to work on /home/airflow/.local/lib/python3.12/site-packages/airflow/example_dags/example_short_circuit_operator.py
[2025-02-26T01:44:19.957+0000] {processor.py:830} INFO - Processing file /home/airflow/.local/lib/python3.12/site-packages/airflow/example_dags/example_short_circuit_operator.py for tasks to queue
[2025-02-26T01:44:19.960+0000] {logging_mixin.py:188} INFO - [2025-02-26T01:44:19.959+0000] {dagbag.py:540} INFO - Filling up the DagBag from /home/airflow/.local/lib/python3.12/site-packages/airflow/example_dags/example_short_circuit_operator.py
[2025-02-26T01:44:19.968+0000] {processor.py:840} INFO - DAG(s) 'example_short_circuit_operator' retrieved from /home/airflow/.local/lib/python3.12/site-packages/airflow/example_dags/example_short_circuit_operator.py
[2025-02-26T01:44:19.993+0000] {logging_mixin.py:188} INFO - [2025-02-26T01:44:19.993+0000] {dag.py:3096} INFO - Sync 1 DAGs
[2025-02-26T01:44:20.015+0000] {logging_mixin.py:188} INFO - [2025-02-26T01:44:20.014+0000] {dag.py:3954} INFO - Setting next_dagrun for example_short_circuit_operator to 2025-02-25 00:00:00+00:00, run_after=2025-02-26 00:00:00+00:00
[2025-02-26T01:44:20.036+0000] {processor.py:183} INFO - Processing /home/airflow/.local/lib/python3.12/site-packages/airflow/example_dags/example_short_circuit_operator.py took 0.087 seconds
[2025-02-26T01:44:50.193+0000] {processor.py:161} INFO - Started process (PID=3082) to work on /home/airflow/.local/lib/python3.12/site-packages/airflow/example_dags/example_short_circuit_operator.py
[2025-02-26T01:44:50.194+0000] {processor.py:830} INFO - Processing file /home/airflow/.local/lib/python3.12/site-packages/airflow/example_dags/example_short_circuit_operator.py for tasks to queue
[2025-02-26T01:44:50.196+0000] {logging_mixin.py:188} INFO - [2025-02-26T01:44:50.196+0000] {dagbag.py:540} INFO - Filling up the DagBag from /home/airflow/.local/lib/python3.12/site-packages/airflow/example_dags/example_short_circuit_operator.py
[2025-02-26T01:44:50.209+0000] {processor.py:840} INFO - DAG(s) 'example_short_circuit_operator' retrieved from /home/airflow/.local/lib/python3.12/site-packages/airflow/example_dags/example_short_circuit_operator.py
[2025-02-26T01:44:50.246+0000] {logging_mixin.py:188} INFO - [2025-02-26T01:44:50.246+0000] {dag.py:3096} INFO - Sync 1 DAGs
[2025-02-26T01:44:50.279+0000] {logging_mixin.py:188} INFO - [2025-02-26T01:44:50.278+0000] {dag.py:3954} INFO - Setting next_dagrun for example_short_circuit_operator to 2025-02-25 00:00:00+00:00, run_after=2025-02-26 00:00:00+00:00
[2025-02-26T01:44:50.310+0000] {processor.py:183} INFO - Processing /home/airflow/.local/lib/python3.12/site-packages/airflow/example_dags/example_short_circuit_operator.py took 0.124 seconds
[2025-02-26T01:45:20.807+0000] {processor.py:161} INFO - Started process (PID=3142) to work on /home/airflow/.local/lib/python3.12/site-packages/airflow/example_dags/example_short_circuit_operator.py
[2025-02-26T01:45:20.808+0000] {processor.py:830} INFO - Processing file /home/airflow/.local/lib/python3.12/site-packages/airflow/example_dags/example_short_circuit_operator.py for tasks to queue
[2025-02-26T01:45:20.810+0000] {logging_mixin.py:188} INFO - [2025-02-26T01:45:20.810+0000] {dagbag.py:540} INFO - Filling up the DagBag from /home/airflow/.local/lib/python3.12/site-packages/airflow/example_dags/example_short_circuit_operator.py
[2025-02-26T01:45:20.819+0000] {processor.py:840} INFO - DAG(s) 'example_short_circuit_operator' retrieved from /home/airflow/.local/lib/python3.12/site-packages/airflow/example_dags/example_short_circuit_operator.py
[2025-02-26T01:45:20.846+0000] {logging_mixin.py:188} INFO - [2025-02-26T01:45:20.845+0000] {dag.py:3096} INFO - Sync 1 DAGs
[2025-02-26T01:45:20.869+0000] {logging_mixin.py:188} INFO - [2025-02-26T01:45:20.869+0000] {dag.py:3954} INFO - Setting next_dagrun for example_short_circuit_operator to 2025-02-25 00:00:00+00:00, run_after=2025-02-26 00:00:00+00:00
[2025-02-26T01:45:20.889+0000] {processor.py:183} INFO - Processing /home/airflow/.local/lib/python3.12/site-packages/airflow/example_dags/example_short_circuit_operator.py took 0.088 seconds
[2025-02-26T01:45:51.205+0000] {processor.py:161} INFO - Started process (PID=3202) to work on /home/airflow/.local/lib/python3.12/site-packages/airflow/example_dags/example_short_circuit_operator.py
[2025-02-26T01:45:51.207+0000] {processor.py:830} INFO - Processing file /home/airflow/.local/lib/python3.12/site-packages/airflow/example_dags/example_short_circuit_operator.py for tasks to queue
[2025-02-26T01:45:51.209+0000] {logging_mixin.py:188} INFO - [2025-02-26T01:45:51.209+0000] {dagbag.py:540} INFO - Filling up the DagBag from /home/airflow/.local/lib/python3.12/site-packages/airflow/example_dags/example_short_circuit_operator.py
[2025-02-26T01:45:51.219+0000] {processor.py:840} INFO - DAG(s) 'example_short_circuit_operator' retrieved from /home/airflow/.local/lib/python3.12/site-packages/airflow/example_dags/example_short_circuit_operator.py
[2025-02-26T01:45:51.246+0000] {logging_mixin.py:188} INFO - [2025-02-26T01:45:51.246+0000] {dag.py:3096} INFO - Sync 1 DAGs
[2025-02-26T01:45:51.271+0000] {logging_mixin.py:188} INFO - [2025-02-26T01:45:51.271+0000] {dag.py:3954} INFO - Setting next_dagrun for example_short_circuit_operator to 2025-02-25 00:00:00+00:00, run_after=2025-02-26 00:00:00+00:00
[2025-02-26T01:45:51.294+0000] {processor.py:183} INFO - Processing /home/airflow/.local/lib/python3.12/site-packages/airflow/example_dags/example_short_circuit_operator.py took 0.096 seconds
[2025-02-26T01:46:21.781+0000] {processor.py:161} INFO - Started process (PID=3262) to work on /home/airflow/.local/lib/python3.12/site-packages/airflow/example_dags/example_short_circuit_operator.py
[2025-02-26T01:46:21.782+0000] {processor.py:830} INFO - Processing file /home/airflow/.local/lib/python3.12/site-packages/airflow/example_dags/example_short_circuit_operator.py for tasks to queue
[2025-02-26T01:46:21.784+0000] {logging_mixin.py:188} INFO - [2025-02-26T01:46:21.783+0000] {dagbag.py:540} INFO - Filling up the DagBag from /home/airflow/.local/lib/python3.12/site-packages/airflow/example_dags/example_short_circuit_operator.py
[2025-02-26T01:46:21.794+0000] {processor.py:840} INFO - DAG(s) 'example_short_circuit_operator' retrieved from /home/airflow/.local/lib/python3.12/site-packages/airflow/example_dags/example_short_circuit_operator.py
[2025-02-26T01:46:21.819+0000] {logging_mixin.py:188} INFO - [2025-02-26T01:46:21.819+0000] {dag.py:3096} INFO - Sync 1 DAGs
[2025-02-26T01:46:21.841+0000] {logging_mixin.py:188} INFO - [2025-02-26T01:46:21.841+0000] {dag.py:3954} INFO - Setting next_dagrun for example_short_circuit_operator to 2025-02-25 00:00:00+00:00, run_after=2025-02-26 00:00:00+00:00
[2025-02-26T01:46:21.862+0000] {processor.py:183} INFO - Processing /home/airflow/.local/lib/python3.12/site-packages/airflow/example_dags/example_short_circuit_operator.py took 0.088 seconds
[2025-02-26T01:46:52.400+0000] {processor.py:161} INFO - Started process (PID=3322) to work on /home/airflow/.local/lib/python3.12/site-packages/airflow/example_dags/example_short_circuit_operator.py
[2025-02-26T01:46:52.402+0000] {processor.py:830} INFO - Processing file /home/airflow/.local/lib/python3.12/site-packages/airflow/example_dags/example_short_circuit_operator.py for tasks to queue
[2025-02-26T01:46:52.404+0000] {logging_mixin.py:188} INFO - [2025-02-26T01:46:52.404+0000] {dagbag.py:540} INFO - Filling up the DagBag from /home/airflow/.local/lib/python3.12/site-packages/airflow/example_dags/example_short_circuit_operator.py
[2025-02-26T01:46:52.412+0000] {processor.py:840} INFO - DAG(s) 'example_short_circuit_operator' retrieved from /home/airflow/.local/lib/python3.12/site-packages/airflow/example_dags/example_short_circuit_operator.py
[2025-02-26T01:46:52.436+0000] {logging_mixin.py:188} INFO - [2025-02-26T01:46:52.436+0000] {dag.py:3096} INFO - Sync 1 DAGs
[2025-02-26T01:46:52.459+0000] {logging_mixin.py:188} INFO - [2025-02-26T01:46:52.458+0000] {dag.py:3954} INFO - Setting next_dagrun for example_short_circuit_operator to 2025-02-25 00:00:00+00:00, run_after=2025-02-26 00:00:00+00:00
[2025-02-26T01:46:52.479+0000] {processor.py:183} INFO - Processing /home/airflow/.local/lib/python3.12/site-packages/airflow/example_dags/example_short_circuit_operator.py took 0.085 seconds
[2025-02-26T01:47:23.103+0000] {processor.py:161} INFO - Started process (PID=3382) to work on /home/airflow/.local/lib/python3.12/site-packages/airflow/example_dags/example_short_circuit_operator.py
[2025-02-26T01:47:23.104+0000] {processor.py:830} INFO - Processing file /home/airflow/.local/lib/python3.12/site-packages/airflow/example_dags/example_short_circuit_operator.py for tasks to queue
[2025-02-26T01:47:23.106+0000] {logging_mixin.py:188} INFO - [2025-02-26T01:47:23.106+0000] {dagbag.py:540} INFO - Filling up the DagBag from /home/airflow/.local/lib/python3.12/site-packages/airflow/example_dags/example_short_circuit_operator.py
[2025-02-26T01:47:23.115+0000] {processor.py:840} INFO - DAG(s) 'example_short_circuit_operator' retrieved from /home/airflow/.local/lib/python3.12/site-packages/airflow/example_dags/example_short_circuit_operator.py
[2025-02-26T01:47:23.141+0000] {logging_mixin.py:188} INFO - [2025-02-26T01:47:23.141+0000] {dag.py:3096} INFO - Sync 1 DAGs
[2025-02-26T01:47:23.164+0000] {logging_mixin.py:188} INFO - [2025-02-26T01:47:23.164+0000] {dag.py:3954} INFO - Setting next_dagrun for example_short_circuit_operator to 2025-02-25 00:00:00+00:00, run_after=2025-02-26 00:00:00+00:00
[2025-02-26T01:47:23.185+0000] {processor.py:183} INFO - Processing /home/airflow/.local/lib/python3.12/site-packages/airflow/example_dags/example_short_circuit_operator.py took 0.089 seconds
[2025-02-26T01:47:53.780+0000] {processor.py:161} INFO - Started process (PID=3442) to work on /home/airflow/.local/lib/python3.12/site-packages/airflow/example_dags/example_short_circuit_operator.py
[2025-02-26T01:47:53.781+0000] {processor.py:830} INFO - Processing file /home/airflow/.local/lib/python3.12/site-packages/airflow/example_dags/example_short_circuit_operator.py for tasks to queue
[2025-02-26T01:47:53.783+0000] {logging_mixin.py:188} INFO - [2025-02-26T01:47:53.783+0000] {dagbag.py:540} INFO - Filling up the DagBag from /home/airflow/.local/lib/python3.12/site-packages/airflow/example_dags/example_short_circuit_operator.py
[2025-02-26T01:47:53.792+0000] {processor.py:840} INFO - DAG(s) 'example_short_circuit_operator' retrieved from /home/airflow/.local/lib/python3.12/site-packages/airflow/example_dags/example_short_circuit_operator.py
[2025-02-26T01:47:53.818+0000] {logging_mixin.py:188} INFO - [2025-02-26T01:47:53.818+0000] {dag.py:3096} INFO - Sync 1 DAGs
[2025-02-26T01:47:53.842+0000] {logging_mixin.py:188} INFO - [2025-02-26T01:47:53.841+0000] {dag.py:3954} INFO - Setting next_dagrun for example_short_circuit_operator to 2025-02-25 00:00:00+00:00, run_after=2025-02-26 00:00:00+00:00
[2025-02-26T01:47:53.863+0000] {processor.py:183} INFO - Processing /home/airflow/.local/lib/python3.12/site-packages/airflow/example_dags/example_short_circuit_operator.py took 0.091 seconds
